2025-06-14 02:16:38 INFO Starting training with configuration: {'model': {'name': 'unet', 'alias': 'unet_resnet18', 'encoder_name': 'resnet18', 'encoder_weights': 'None', 'in_channels': 1, 'classes': 1, 'activation': 'sigmoid', 'dropout': 0.0}, 'dataset': {'root': '/home/smadper/TFM/datasets/laticifers', 'image_size': [512, 512], 'patch_size': [512, 512], 'stride': [256, 256], 'num_patches': 20, 'dataset_csv': 'laticifer_dataset_index.csv', 'num_workers': 8, 'dist_transform': True}, 'train': {'batch_size': 1, 'num_epochs': 150, 'learning_rate': 0.001, 'accumulation_steps': 1, 'save_dir': '/home/smadper/TFM/checkpoints', 'log_interval': 1, 'patience': 15, 'experiment_name': 'unet_patched_overlapped_combined_topoloss', 'timestamp': '20250614_021638'}, 'test': {'batch_size': 1, 'save_dir': '/home/smadper/TFM/results'}}
2025-06-14 02:16:38 INFO Loading model unet with settings {'name': 'unet', 'alias': 'unet_resnet18', 'encoder_name': 'resnet18', 'encoder_weights': 'None', 'in_channels': 1, 'classes': 1, 'activation': 'sigmoid', 'dropout': 0.0}
2025-06-14 02:17:18 INFO Epoch 001 | Train Loss: 1.9013 | Val Loss: 2.1766 | Dice: 0.1722 | IoU: 0.1455 | LR: 0.001000
2025-06-14 02:17:58 INFO Epoch 002 | Train Loss: 1.8869 | Val Loss: 1.8940 | Dice: 0.3644 | IoU: 0.2905 | LR: 0.001000
2025-06-14 02:18:38 INFO Epoch 003 | Train Loss: 1.8277 | Val Loss: 2.0344 | Dice: 0.2746 | IoU: 0.2512 | LR: 0.001000
2025-06-14 02:19:18 INFO Epoch 004 | Train Loss: 1.7820 | Val Loss: 1.7129 | Dice: 0.4553 | IoU: 0.3726 | LR: 0.001000
2025-06-14 02:19:58 INFO Epoch 005 | Train Loss: 1.7908 | Val Loss: 1.7770 | Dice: 0.4486 | IoU: 0.3656 | LR: 0.001000
2025-06-14 02:20:38 INFO Epoch 006 | Train Loss: 1.7649 | Val Loss: 1.7385 | Dice: 0.3955 | IoU: 0.3107 | LR: 0.001000
2025-06-14 02:21:19 INFO Epoch 007 | Train Loss: 1.7561 | Val Loss: 1.6719 | Dice: 0.4625 | IoU: 0.3795 | LR: 0.001000
2025-06-14 02:21:59 INFO Epoch 008 | Train Loss: 1.7264 | Val Loss: 1.6499 | Dice: 0.4823 | IoU: 0.3912 | LR: 0.001000
2025-06-14 02:22:39 INFO Epoch 009 | Train Loss: 1.6977 | Val Loss: 1.7153 | Dice: 0.4808 | IoU: 0.3883 | LR: 0.001000
2025-06-14 02:23:19 INFO Epoch 010 | Train Loss: 1.7210 | Val Loss: 1.9377 | Dice: 0.4124 | IoU: 0.3285 | LR: 0.001000
2025-06-14 02:23:59 INFO Epoch 011 | Train Loss: 1.7049 | Val Loss: 1.6461 | Dice: 0.4829 | IoU: 0.3917 | LR: 0.001000
2025-06-14 02:24:39 INFO Epoch 012 | Train Loss: 1.6852 | Val Loss: 1.6090 | Dice: 0.4903 | IoU: 0.3985 | LR: 0.001000
2025-06-14 02:25:19 INFO Epoch 013 | Train Loss: 1.6648 | Val Loss: 1.6219 | Dice: 0.5079 | IoU: 0.4099 | LR: 0.001000
2025-06-14 02:25:59 INFO Epoch 014 | Train Loss: 1.6435 | Val Loss: 1.6416 | Dice: 0.4551 | IoU: 0.3712 | LR: 0.001000
2025-06-14 02:26:39 INFO Epoch 015 | Train Loss: 1.6479 | Val Loss: 1.6040 | Dice: 0.4663 | IoU: 0.3822 | LR: 0.001000
2025-06-14 02:27:19 INFO Epoch 016 | Train Loss: 1.6337 | Val Loss: 1.5738 | Dice: 0.4968 | IoU: 0.4062 | LR: 0.001000
2025-06-14 02:27:59 INFO Epoch 017 | Train Loss: 1.6464 | Val Loss: 1.6016 | Dice: 0.4854 | IoU: 0.3973 | LR: 0.001000
2025-06-14 02:28:39 INFO Epoch 018 | Train Loss: 1.6408 | Val Loss: 1.6102 | Dice: 0.4875 | IoU: 0.3985 | LR: 0.001000
2025-06-14 02:29:19 INFO Epoch 019 | Train Loss: 1.6119 | Val Loss: 1.5968 | Dice: 0.4853 | IoU: 0.3966 | LR: 0.001000
2025-06-14 02:29:59 INFO Epoch 020 | Train Loss: 1.6112 | Val Loss: 1.5868 | Dice: 0.5194 | IoU: 0.4208 | LR: 0.001000
2025-06-14 02:30:39 INFO Epoch 021 | Train Loss: 1.6247 | Val Loss: 1.5511 | Dice: 0.5036 | IoU: 0.4082 | LR: 0.001000
2025-06-14 02:31:19 INFO Epoch 022 | Train Loss: 1.6295 | Val Loss: 1.5478 | Dice: 0.4989 | IoU: 0.4065 | LR: 0.001000
2025-06-14 02:31:59 INFO Epoch 023 | Train Loss: 1.5882 | Val Loss: 1.5128 | Dice: 0.5112 | IoU: 0.4078 | LR: 0.001000
2025-06-14 02:32:40 INFO Epoch 024 | Train Loss: 1.5861 | Val Loss: 1.5257 | Dice: 0.5420 | IoU: 0.4378 | LR: 0.001000
2025-06-14 02:33:20 INFO Epoch 025 | Train Loss: 1.5808 | Val Loss: 1.5282 | Dice: 0.5230 | IoU: 0.4243 | LR: 0.001000
2025-06-14 02:34:00 INFO Epoch 026 | Train Loss: 1.5781 | Val Loss: 1.5832 | Dice: 0.4750 | IoU: 0.3913 | LR: 0.001000
2025-06-14 02:34:40 INFO Epoch 027 | Train Loss: 1.6063 | Val Loss: 1.5633 | Dice: 0.4892 | IoU: 0.4012 | LR: 0.001000
2025-06-14 02:35:20 INFO Epoch 028 | Train Loss: 1.5842 | Val Loss: 1.5255 | Dice: 0.5354 | IoU: 0.4341 | LR: 0.001000
2025-06-14 02:36:00 INFO Epoch 029 | Train Loss: 1.5799 | Val Loss: 1.5402 | Dice: 0.5144 | IoU: 0.4185 | LR: 0.001000
2025-06-14 02:36:40 INFO Epoch 030 | Train Loss: 1.5909 | Val Loss: 1.5683 | Dice: 0.4830 | IoU: 0.3965 | LR: 0.001000
2025-06-14 02:37:20 INFO Epoch 031 | Train Loss: 1.5640 | Val Loss: 1.5505 | Dice: 0.5164 | IoU: 0.4151 | LR: 0.001000
2025-06-14 02:38:00 INFO Epoch 032 | Train Loss: 1.5480 | Val Loss: 1.5310 | Dice: 0.5367 | IoU: 0.4345 | LR: 0.001000
2025-06-14 02:38:40 INFO Epoch 033 | Train Loss: 1.5782 | Val Loss: 1.6242 | Dice: 0.4979 | IoU: 0.4018 | LR: 0.001000
2025-06-14 02:39:20 INFO Epoch 034 | Train Loss: 1.5557 | Val Loss: 1.5682 | Dice: 0.4819 | IoU: 0.3907 | LR: 0.000500
2025-06-14 02:40:00 INFO Epoch 035 | Train Loss: 1.5343 | Val Loss: 1.4983 | Dice: 0.5252 | IoU: 0.4206 | LR: 0.000500
2025-06-14 02:40:40 INFO Epoch 036 | Train Loss: 1.5463 | Val Loss: 1.5008 | Dice: 0.4829 | IoU: 0.3802 | LR: 0.000500
2025-06-14 02:41:20 INFO Epoch 037 | Train Loss: 1.5460 | Val Loss: 1.5333 | Dice: 0.5247 | IoU: 0.4224 | LR: 0.000500
2025-06-14 02:42:00 INFO Epoch 038 | Train Loss: 1.5289 | Val Loss: 1.5003 | Dice: 0.5295 | IoU: 0.4248 | LR: 0.000500
2025-06-14 02:42:40 INFO Epoch 039 | Train Loss: 1.5119 | Val Loss: 1.5068 | Dice: 0.5143 | IoU: 0.4159 | LR: 0.000500
2025-06-14 02:43:20 INFO Epoch 040 | Train Loss: 1.5428 | Val Loss: 1.5082 | Dice: 0.5394 | IoU: 0.4354 | LR: 0.000500
2025-06-14 02:44:00 INFO Epoch 041 | Train Loss: 1.5075 | Val Loss: 1.5301 | Dice: 0.5242 | IoU: 0.4259 | LR: 0.000500
2025-06-14 02:44:40 INFO Epoch 042 | Train Loss: 1.5114 | Val Loss: 1.5333 | Dice: 0.5294 | IoU: 0.4278 | LR: 0.000500
2025-06-14 02:45:20 INFO Epoch 043 | Train Loss: 1.5190 | Val Loss: 1.5263 | Dice: 0.5289 | IoU: 0.4300 | LR: 0.000500
2025-06-14 02:46:00 INFO Epoch 044 | Train Loss: 1.4696 | Val Loss: 1.5392 | Dice: 0.5200 | IoU: 0.4200 | LR: 0.000500
2025-06-14 02:46:40 INFO Epoch 045 | Train Loss: 1.4863 | Val Loss: 1.5051 | Dice: 0.5294 | IoU: 0.4306 | LR: 0.000500
2025-06-14 02:47:20 INFO Epoch 046 | Train Loss: 1.5092 | Val Loss: 1.5099 | Dice: 0.5350 | IoU: 0.4338 | LR: 0.000250
2025-06-14 02:48:01 INFO Epoch 047 | Train Loss: 1.4804 | Val Loss: 1.5058 | Dice: 0.5331 | IoU: 0.4310 | LR: 0.000250
2025-06-14 02:48:41 INFO Epoch 048 | Train Loss: 1.4706 | Val Loss: 1.5181 | Dice: 0.5273 | IoU: 0.4292 | LR: 0.000250
2025-06-14 02:49:22 INFO Epoch 049 | Train Loss: 1.4588 | Val Loss: 1.5136 | Dice: 0.5259 | IoU: 0.4273 | LR: 0.000250
2025-06-14 02:50:02 INFO Epoch 050 | Train Loss: 1.4665 | Val Loss: 1.4974 | Dice: 0.5359 | IoU: 0.4350 | LR: 0.000250
2025-06-14 02:50:42 INFO Epoch 051 | Train Loss: 1.4435 | Val Loss: 1.5293 | Dice: 0.5261 | IoU: 0.4278 | LR: 0.000250
2025-06-14 02:51:22 INFO Epoch 052 | Train Loss: 1.4690 | Val Loss: 1.5550 | Dice: 0.5058 | IoU: 0.4128 | LR: 0.000250
2025-06-14 02:52:02 INFO Epoch 053 | Train Loss: 1.4906 | Val Loss: 1.5100 | Dice: 0.5257 | IoU: 0.4284 | LR: 0.000250
2025-06-14 02:52:42 INFO Epoch 054 | Train Loss: 1.4433 | Val Loss: 1.5208 | Dice: 0.5269 | IoU: 0.4260 | LR: 0.000250
2025-06-14 02:53:22 INFO Epoch 055 | Train Loss: 1.4624 | Val Loss: 1.5378 | Dice: 0.5183 | IoU: 0.4223 | LR: 0.000250
2025-06-14 02:54:02 INFO Epoch 056 | Train Loss: 1.4565 | Val Loss: 1.5338 | Dice: 0.5163 | IoU: 0.4212 | LR: 0.000250
2025-06-14 02:54:42 INFO Epoch 057 | Train Loss: 1.4229 | Val Loss: 1.5207 | Dice: 0.5181 | IoU: 0.4180 | LR: 0.000250
2025-06-14 02:55:22 INFO Epoch 058 | Train Loss: 1.4342 | Val Loss: 1.5264 | Dice: 0.5263 | IoU: 0.4279 | LR: 0.000250
2025-06-14 02:56:02 INFO Epoch 059 | Train Loss: 1.4429 | Val Loss: 1.5293 | Dice: 0.5234 | IoU: 0.4259 | LR: 0.000250
2025-06-14 02:56:42 INFO Epoch 060 | Train Loss: 1.4505 | Val Loss: 1.5213 | Dice: 0.5080 | IoU: 0.4084 | LR: 0.000250
2025-06-14 02:57:22 INFO Epoch 061 | Train Loss: 1.4283 | Val Loss: 1.5113 | Dice: 0.5276 | IoU: 0.4297 | LR: 0.000125
2025-06-14 02:58:02 INFO Epoch 062 | Train Loss: 1.4223 | Val Loss: 1.5243 | Dice: 0.5236 | IoU: 0.4241 | LR: 0.000125
2025-06-14 02:58:42 INFO Epoch 063 | Train Loss: 1.4275 | Val Loss: 1.5560 | Dice: 0.5077 | IoU: 0.4146 | LR: 0.000125
2025-06-14 02:59:22 INFO Epoch 064 | Train Loss: 1.4062 | Val Loss: 1.5253 | Dice: 0.5231 | IoU: 0.4240 | LR: 0.000125
2025-06-14 03:00:02 INFO Early stopping at epoch 65 | Best Dice: 0.5420 at epoch 24
2025-06-14 03:00:32 INFO Test Loss: 1.4974 | Dice: 0.5359 | IoU: 0.4350
