2025-06-11 22:27:24 INFO Starting training with configuration: {'model': {'name': 'unet', 'alias': 'unet_resnet18', 'encoder_name': 'resnet18', 'encoder_weights': 'None', 'in_channels': 1, 'classes': 1, 'activation': 'sigmoid', 'dropout': 0.2}, 'dataset': {'root': '/home/smadper/TFM/datasets/laticifers', 'image_size': [512, 512], 'patch_size': [512, 512], 'stride': [512, 512], 'num_patches': 20, 'dataset_csv': 'laticifer_dataset_index.csv', 'num_workers': 8}, 'train': {'batch_size': 16, 'num_epochs': 150, 'learning_rate': 0.001, 'accumulation_steps': 1, 'save_dir': '/home/smadper/TFM/checkpoints', 'log_interval': 1, 'patience': 15, 'experiment_name': 'unet_resnet18_patched_overlapped', 'timestamp': '20250611_222724'}, 'test': {'batch_size': 1, 'save_dir': '/home/smadper/TFM/results'}}
2025-06-11 22:27:24 INFO Loading model unet with settings {'name': 'unet', 'alias': 'unet_resnet18', 'encoder_name': 'resnet18', 'encoder_weights': 'None', 'in_channels': 1, 'classes': 1, 'activation': 'sigmoid', 'dropout': 0.2}
2025-06-11 22:27:53 INFO Epoch 001 | Train Loss: 0.8662 | Val Loss: 0.8673 | Dice: 0.2859 | IoU: 0.2318 | LR: 0.001000
2025-06-11 22:28:21 INFO Epoch 002 | Train Loss: 0.7966 | Val Loss: 0.7857 | Dice: 0.3987 | IoU: 0.3167 | LR: 0.001000
2025-06-11 22:28:50 INFO Epoch 003 | Train Loss: 0.7576 | Val Loss: 0.7389 | Dice: 0.4461 | IoU: 0.3606 | LR: 0.001000
2025-06-11 22:29:18 INFO Epoch 004 | Train Loss: 0.7337 | Val Loss: 0.7624 | Dice: 0.4293 | IoU: 0.3405 | LR: 0.001000
2025-06-11 22:29:47 INFO Epoch 005 | Train Loss: 0.7182 | Val Loss: 0.7407 | Dice: 0.4777 | IoU: 0.3827 | LR: 0.001000
2025-06-11 22:30:16 INFO Epoch 006 | Train Loss: 0.7080 | Val Loss: 0.7356 | Dice: 0.4204 | IoU: 0.3498 | LR: 0.001000
2025-06-11 22:30:45 INFO Epoch 007 | Train Loss: 0.6992 | Val Loss: 0.6990 | Dice: 0.4837 | IoU: 0.3953 | LR: 0.001000
2025-06-11 22:31:14 INFO Epoch 008 | Train Loss: 0.6892 | Val Loss: 0.7056 | Dice: 0.4817 | IoU: 0.3912 | LR: 0.001000
2025-06-11 22:31:43 INFO Epoch 009 | Train Loss: 0.6904 | Val Loss: 0.6888 | Dice: 0.5015 | IoU: 0.4067 | LR: 0.001000
2025-06-11 22:32:12 INFO Epoch 010 | Train Loss: 0.6799 | Val Loss: 0.7101 | Dice: 0.4593 | IoU: 0.3751 | LR: 0.001000
2025-06-11 22:32:41 INFO Epoch 011 | Train Loss: 0.6761 | Val Loss: 0.6920 | Dice: 0.4978 | IoU: 0.4013 | LR: 0.001000
2025-06-11 22:33:10 INFO Epoch 012 | Train Loss: 0.6744 | Val Loss: 0.6846 | Dice: 0.5148 | IoU: 0.4166 | LR: 0.001000
2025-06-11 22:33:39 INFO Epoch 013 | Train Loss: 0.6741 | Val Loss: 0.6877 | Dice: 0.4860 | IoU: 0.3967 | LR: 0.001000
2025-06-11 22:34:08 INFO Epoch 014 | Train Loss: 0.6654 | Val Loss: 0.6736 | Dice: 0.5153 | IoU: 0.4125 | LR: 0.001000
2025-06-11 22:34:37 INFO Epoch 015 | Train Loss: 0.6664 | Val Loss: 0.6755 | Dice: 0.5315 | IoU: 0.4299 | LR: 0.001000
2025-06-11 22:35:06 INFO Epoch 016 | Train Loss: 0.6628 | Val Loss: 0.6850 | Dice: 0.5228 | IoU: 0.4213 | LR: 0.001000
2025-06-11 22:35:35 INFO Epoch 017 | Train Loss: 0.6594 | Val Loss: 0.6739 | Dice: 0.5191 | IoU: 0.4223 | LR: 0.001000
2025-06-11 22:36:04 INFO Epoch 018 | Train Loss: 0.6532 | Val Loss: 0.6856 | Dice: 0.5017 | IoU: 0.4091 | LR: 0.001000
2025-06-11 22:36:32 INFO Epoch 019 | Train Loss: 0.6573 | Val Loss: 0.6811 | Dice: 0.5163 | IoU: 0.4149 | LR: 0.001000
2025-06-11 22:37:01 INFO Epoch 020 | Train Loss: 0.6532 | Val Loss: 0.6690 | Dice: 0.5288 | IoU: 0.4300 | LR: 0.001000
2025-06-11 22:37:30 INFO Epoch 021 | Train Loss: 0.6521 | Val Loss: 0.6621 | Dice: 0.5335 | IoU: 0.4322 | LR: 0.001000
2025-06-11 22:37:59 INFO Epoch 022 | Train Loss: 0.6540 | Val Loss: 0.6616 | Dice: 0.5419 | IoU: 0.4398 | LR: 0.001000
2025-06-11 22:38:28 INFO Epoch 023 | Train Loss: 0.6486 | Val Loss: 0.6724 | Dice: 0.4870 | IoU: 0.3856 | LR: 0.001000
2025-06-11 22:38:56 INFO Epoch 024 | Train Loss: 0.6544 | Val Loss: 0.6742 | Dice: 0.5376 | IoU: 0.4319 | LR: 0.001000
2025-06-11 22:39:25 INFO Epoch 025 | Train Loss: 0.6471 | Val Loss: 0.6670 | Dice: 0.5266 | IoU: 0.4230 | LR: 0.001000
2025-06-11 22:39:54 INFO Epoch 026 | Train Loss: 0.6431 | Val Loss: 0.6687 | Dice: 0.5198 | IoU: 0.4236 | LR: 0.001000
2025-06-11 22:40:23 INFO Epoch 027 | Train Loss: 0.6398 | Val Loss: 0.6549 | Dice: 0.5416 | IoU: 0.4404 | LR: 0.001000
2025-06-11 22:40:52 INFO Epoch 028 | Train Loss: 0.6420 | Val Loss: 0.6586 | Dice: 0.5366 | IoU: 0.4310 | LR: 0.001000
2025-06-11 22:41:21 INFO Epoch 029 | Train Loss: 0.6399 | Val Loss: 0.6637 | Dice: 0.5425 | IoU: 0.4402 | LR: 0.001000
2025-06-11 22:41:50 INFO Epoch 030 | Train Loss: 0.6382 | Val Loss: 0.6618 | Dice: 0.5188 | IoU: 0.4184 | LR: 0.001000
2025-06-11 22:42:19 INFO Epoch 031 | Train Loss: 0.6373 | Val Loss: 0.6525 | Dice: 0.5501 | IoU: 0.4457 | LR: 0.001000
2025-06-11 22:42:48 INFO Epoch 032 | Train Loss: 0.6286 | Val Loss: 0.6536 | Dice: 0.5402 | IoU: 0.4389 | LR: 0.001000
2025-06-11 22:43:16 INFO Epoch 033 | Train Loss: 0.6365 | Val Loss: 0.6733 | Dice: 0.5265 | IoU: 0.4218 | LR: 0.001000
2025-06-11 22:43:45 INFO Epoch 034 | Train Loss: 0.6366 | Val Loss: 0.6529 | Dice: 0.5478 | IoU: 0.4448 | LR: 0.001000
2025-06-11 22:44:13 INFO Epoch 035 | Train Loss: 0.6286 | Val Loss: 0.6547 | Dice: 0.5607 | IoU: 0.4549 | LR: 0.001000
2025-06-11 22:44:43 INFO Epoch 036 | Train Loss: 0.6292 | Val Loss: 0.6631 | Dice: 0.5346 | IoU: 0.4297 | LR: 0.001000
2025-06-11 22:45:11 INFO Epoch 037 | Train Loss: 0.6257 | Val Loss: 0.6617 | Dice: 0.4982 | IoU: 0.3906 | LR: 0.001000
2025-06-11 22:45:40 INFO Epoch 038 | Train Loss: 0.6267 | Val Loss: 0.6800 | Dice: 0.4972 | IoU: 0.4073 | LR: 0.001000
2025-06-11 22:46:09 INFO Epoch 039 | Train Loss: 0.6227 | Val Loss: 0.6744 | Dice: 0.4988 | IoU: 0.4078 | LR: 0.001000
2025-06-11 22:46:38 INFO Epoch 040 | Train Loss: 0.6276 | Val Loss: 0.6561 | Dice: 0.5199 | IoU: 0.4152 | LR: 0.001000
2025-06-11 22:47:07 INFO Epoch 041 | Train Loss: 0.6194 | Val Loss: 0.6547 | Dice: 0.5227 | IoU: 0.4196 | LR: 0.001000
2025-06-11 22:47:36 INFO Epoch 042 | Train Loss: 0.6198 | Val Loss: 0.6774 | Dice: 0.5039 | IoU: 0.4061 | LR: 0.000500
2025-06-11 22:48:04 INFO Epoch 043 | Train Loss: 0.6164 | Val Loss: 0.6586 | Dice: 0.5376 | IoU: 0.4354 | LR: 0.000500
2025-06-11 22:48:33 INFO Epoch 044 | Train Loss: 0.6113 | Val Loss: 0.6787 | Dice: 0.5156 | IoU: 0.4186 | LR: 0.000500
2025-06-11 22:49:02 INFO Epoch 045 | Train Loss: 0.6084 | Val Loss: 0.6523 | Dice: 0.5428 | IoU: 0.4408 | LR: 0.000500
2025-06-11 22:49:31 INFO Epoch 046 | Train Loss: 0.5975 | Val Loss: 0.6542 | Dice: 0.5342 | IoU: 0.4321 | LR: 0.000500
2025-06-11 22:49:59 INFO Epoch 047 | Train Loss: 0.5983 | Val Loss: 0.6601 | Dice: 0.5085 | IoU: 0.4049 | LR: 0.000500
2025-06-11 22:50:29 INFO Epoch 048 | Train Loss: 0.5996 | Val Loss: 0.6671 | Dice: 0.5066 | IoU: 0.4032 | LR: 0.000500
2025-06-11 22:50:57 INFO Epoch 049 | Train Loss: 0.6013 | Val Loss: 0.6764 | Dice: 0.5223 | IoU: 0.4247 | LR: 0.000500
2025-06-11 22:51:26 INFO Epoch 050 | Train Loss: 0.5946 | Val Loss: 0.6604 | Dice: 0.5396 | IoU: 0.4367 | LR: 0.000500
2025-06-11 22:51:55 INFO Epoch 051 | Train Loss: 0.5892 | Val Loss: 0.6540 | Dice: 0.5451 | IoU: 0.4422 | LR: 0.000500
2025-06-11 22:52:23 INFO Epoch 052 | Train Loss: 0.5894 | Val Loss: 0.6651 | Dice: 0.5275 | IoU: 0.4288 | LR: 0.000500
2025-06-11 22:52:52 INFO Epoch 053 | Train Loss: 0.5840 | Val Loss: 0.6601 | Dice: 0.5332 | IoU: 0.4331 | LR: 0.000500
2025-06-11 22:53:21 INFO Epoch 054 | Train Loss: 0.5750 | Val Loss: 0.6733 | Dice: 0.5059 | IoU: 0.4123 | LR: 0.000500
2025-06-11 22:53:49 INFO Epoch 055 | Train Loss: 0.5692 | Val Loss: 0.6568 | Dice: 0.5465 | IoU: 0.4430 | LR: 0.000500
2025-06-11 22:54:18 INFO Epoch 056 | Train Loss: 0.5746 | Val Loss: 0.6546 | Dice: 0.5427 | IoU: 0.4409 | LR: 0.000250
2025-06-11 22:54:47 INFO Epoch 057 | Train Loss: 0.5631 | Val Loss: 0.6750 | Dice: 0.5168 | IoU: 0.4197 | LR: 0.000250
2025-06-11 22:55:15 INFO Epoch 058 | Train Loss: 0.5563 | Val Loss: 0.6768 | Dice: 0.5142 | IoU: 0.4178 | LR: 0.000250
2025-06-11 22:55:44 INFO Epoch 059 | Train Loss: 0.5511 | Val Loss: 0.6626 | Dice: 0.5323 | IoU: 0.4324 | LR: 0.000250
2025-06-11 22:56:12 INFO Early stopping at epoch 60 | Best Dice: 0.5607 at epoch 35
2025-06-11 22:56:38 INFO Test Loss: 0.6523 | Dice: 0.5428 | IoU: 0.4408
