2025-06-12 02:30:46 INFO Starting training with configuration: {'model': {'name': 'pspnet', 'alias': 'pspnet_vgg16_bn', 'encoder_name': 'vgg16_bn', 'encoder_weights': 'None', 'in_channels': 1, 'classes': 1, 'activation': 'sigmoid', 'dropout': 0.0}, 'dataset': {'root': '/home/smadper/TFM/datasets/laticifers', 'image_size': [512, 512], 'dataset_csv': 'laticifer_dataset_index.csv'}, 'train': {'batch_size': 4, 'num_epochs': 150, 'learning_rate': 0.001, 'accumulation_steps': 1, 'save_dir': '/home/smadper/TFM/checkpoints', 'log_interval': 1, 'patience': 20, 'experiment_name': 'pspnet_vgg16_bn_baseline', 'timestamp': '20250612_023046'}, 'test': {'batch_size': 4, 'save_dir': '/home/smadper/TFM/results'}}
2025-06-12 02:30:46 INFO Loading model pspnet with settings {'name': 'pspnet', 'alias': 'pspnet_vgg16_bn', 'encoder_name': 'vgg16_bn', 'encoder_weights': 'None', 'in_channels': 1, 'classes': 1, 'activation': 'sigmoid', 'dropout': 0.0}
2025-06-12 02:30:54 INFO Epoch 001 | Train Loss: 0.9282 | Val Loss: 0.9037 | Dice: 0.1045 | IoU: 0.0560 | LR: 0.001000
2025-06-12 02:30:57 INFO Epoch 002 | Train Loss: 0.8774 | Val Loss: 0.8893 | Dice: 0.1227 | IoU: 0.0663 | LR: 0.001000
2025-06-12 02:31:01 INFO Epoch 003 | Train Loss: 0.8636 | Val Loss: 0.8715 | Dice: 0.1589 | IoU: 0.0864 | LR: 0.001000
2025-06-12 02:31:05 INFO Epoch 004 | Train Loss: 0.8527 | Val Loss: 0.8707 | Dice: 0.2039 | IoU: 0.1136 | LR: 0.001000
2025-06-12 02:31:08 INFO Epoch 005 | Train Loss: 0.8458 | Val Loss: 0.8835 | Dice: 0.1531 | IoU: 0.0830 | LR: 0.001000
2025-06-12 02:31:12 INFO Epoch 006 | Train Loss: 0.8539 | Val Loss: 0.8520 | Dice: 0.2035 | IoU: 0.1138 | LR: 0.001000
2025-06-12 02:31:16 INFO Epoch 007 | Train Loss: 0.8405 | Val Loss: 0.8326 | Dice: 0.2298 | IoU: 0.1304 | LR: 0.001000
2025-06-12 02:31:19 INFO Epoch 008 | Train Loss: 0.8306 | Val Loss: 0.8441 | Dice: 0.2228 | IoU: 0.1256 | LR: 0.001000
2025-06-12 02:31:23 INFO Epoch 009 | Train Loss: 0.8326 | Val Loss: 0.8519 | Dice: 0.1916 | IoU: 0.1063 | LR: 0.001000
2025-06-12 02:31:26 INFO Epoch 010 | Train Loss: 0.8359 | Val Loss: 0.8359 | Dice: 0.1952 | IoU: 0.1093 | LR: 0.001000
2025-06-12 02:31:30 INFO Epoch 011 | Train Loss: 0.8208 | Val Loss: 0.8254 | Dice: 0.2328 | IoU: 0.1319 | LR: 0.001000
2025-06-12 02:31:34 INFO Epoch 012 | Train Loss: 0.8162 | Val Loss: 0.8568 | Dice: 0.1587 | IoU: 0.0875 | LR: 0.001000
2025-06-12 02:31:37 INFO Epoch 013 | Train Loss: 0.8169 | Val Loss: 0.8194 | Dice: 0.2595 | IoU: 0.1493 | LR: 0.001000
2025-06-12 02:31:41 INFO Epoch 014 | Train Loss: 0.8137 | Val Loss: 0.8315 | Dice: 0.2364 | IoU: 0.1347 | LR: 0.001000
2025-06-12 02:31:44 INFO Epoch 015 | Train Loss: 0.8131 | Val Loss: 0.8240 | Dice: 0.2596 | IoU: 0.1492 | LR: 0.001000
2025-06-12 02:31:48 INFO Epoch 016 | Train Loss: 0.8096 | Val Loss: 0.8433 | Dice: 0.1732 | IoU: 0.0964 | LR: 0.001000
2025-06-12 02:31:52 INFO Epoch 017 | Train Loss: 0.8078 | Val Loss: 0.8256 | Dice: 0.2325 | IoU: 0.1318 | LR: 0.001000
2025-06-12 02:31:55 INFO Epoch 018 | Train Loss: 0.8070 | Val Loss: 0.8193 | Dice: 0.2542 | IoU: 0.1462 | LR: 0.001000
2025-06-12 02:31:59 INFO Epoch 019 | Train Loss: 0.8014 | Val Loss: 0.8228 | Dice: 0.2029 | IoU: 0.1155 | LR: 0.001000
2025-06-12 02:32:02 INFO Epoch 020 | Train Loss: 0.7991 | Val Loss: 0.8281 | Dice: 0.2059 | IoU: 0.1163 | LR: 0.001000
2025-06-12 02:32:06 INFO Epoch 021 | Train Loss: 0.7950 | Val Loss: 0.8332 | Dice: 0.2162 | IoU: 0.1221 | LR: 0.001000
2025-06-12 02:32:09 INFO Epoch 022 | Train Loss: 0.7954 | Val Loss: 0.8266 | Dice: 0.2458 | IoU: 0.1403 | LR: 0.001000
2025-06-12 02:32:13 INFO Epoch 023 | Train Loss: 0.7989 | Val Loss: 0.8725 | Dice: 0.1623 | IoU: 0.0891 | LR: 0.001000
2025-06-12 02:32:17 INFO Epoch 024 | Train Loss: 0.7982 | Val Loss: 0.8616 | Dice: 0.1423 | IoU: 0.0781 | LR: 0.001000
2025-06-12 02:32:20 INFO Epoch 025 | Train Loss: 0.7943 | Val Loss: 0.8370 | Dice: 0.2259 | IoU: 0.1276 | LR: 0.001000
2025-06-12 02:32:24 INFO Epoch 026 | Train Loss: 0.7889 | Val Loss: 0.8285 | Dice: 0.2239 | IoU: 0.1269 | LR: 0.001000
2025-06-12 02:32:28 INFO Epoch 027 | Train Loss: 0.7849 | Val Loss: 0.8193 | Dice: 0.2512 | IoU: 0.1438 | LR: 0.001000
2025-06-12 02:32:31 INFO Epoch 028 | Train Loss: 0.7817 | Val Loss: 0.8061 | Dice: 0.2785 | IoU: 0.1620 | LR: 0.001000
2025-06-12 02:32:35 INFO Epoch 029 | Train Loss: 0.7816 | Val Loss: 0.8001 | Dice: 0.2557 | IoU: 0.1472 | LR: 0.001000
2025-06-12 02:32:39 INFO Epoch 030 | Train Loss: 0.7809 | Val Loss: 0.8132 | Dice: 0.2346 | IoU: 0.1330 | LR: 0.001000
2025-06-12 02:32:42 INFO Epoch 031 | Train Loss: 0.7792 | Val Loss: 0.8287 | Dice: 0.2209 | IoU: 0.1249 | LR: 0.001000
2025-06-12 02:32:46 INFO Epoch 032 | Train Loss: 0.7735 | Val Loss: 0.8113 | Dice: 0.2323 | IoU: 0.1321 | LR: 0.001000
2025-06-12 02:32:49 INFO Epoch 033 | Train Loss: 0.7722 | Val Loss: 0.8172 | Dice: 0.2061 | IoU: 0.1154 | LR: 0.001000
2025-06-12 02:32:53 INFO Epoch 034 | Train Loss: 0.7736 | Val Loss: 0.8138 | Dice: 0.2189 | IoU: 0.1241 | LR: 0.001000
2025-06-12 02:32:57 INFO Epoch 035 | Train Loss: 0.7695 | Val Loss: 0.8033 | Dice: 0.2607 | IoU: 0.1505 | LR: 0.001000
2025-06-12 02:33:00 INFO Epoch 036 | Train Loss: 0.7674 | Val Loss: 0.8015 | Dice: 0.2458 | IoU: 0.1404 | LR: 0.001000
2025-06-12 02:33:04 INFO Epoch 037 | Train Loss: 0.7670 | Val Loss: 0.8059 | Dice: 0.2472 | IoU: 0.1420 | LR: 0.001000
2025-06-12 02:33:08 INFO Epoch 038 | Train Loss: 0.7747 | Val Loss: 0.8107 | Dice: 0.2376 | IoU: 0.1354 | LR: 0.001000
2025-06-12 02:33:11 INFO Epoch 039 | Train Loss: 0.7768 | Val Loss: 0.8236 | Dice: 0.2323 | IoU: 0.1316 | LR: 0.001000
2025-06-12 02:33:15 INFO Epoch 040 | Train Loss: 0.7804 | Val Loss: 0.8455 | Dice: 0.1949 | IoU: 0.1091 | LR: 0.000500
2025-06-12 02:33:19 INFO Epoch 041 | Train Loss: 0.7822 | Val Loss: 0.7906 | Dice: 0.3021 | IoU: 0.1780 | LR: 0.000500
2025-06-12 02:33:22 INFO Epoch 042 | Train Loss: 0.7631 | Val Loss: 0.8180 | Dice: 0.2041 | IoU: 0.1146 | LR: 0.000500
2025-06-12 02:33:26 INFO Epoch 043 | Train Loss: 0.7606 | Val Loss: 0.8125 | Dice: 0.2284 | IoU: 0.1294 | LR: 0.000500
2025-06-12 02:33:29 INFO Epoch 044 | Train Loss: 0.7591 | Val Loss: 0.8134 | Dice: 0.2256 | IoU: 0.1280 | LR: 0.000500
2025-06-12 02:33:33 INFO Epoch 045 | Train Loss: 0.7557 | Val Loss: 0.7895 | Dice: 0.2743 | IoU: 0.1592 | LR: 0.000500
2025-06-12 02:33:37 INFO Epoch 046 | Train Loss: 0.7511 | Val Loss: 0.8109 | Dice: 0.2292 | IoU: 0.1303 | LR: 0.000500
2025-06-12 02:33:40 INFO Epoch 047 | Train Loss: 0.7499 | Val Loss: 0.7972 | Dice: 0.2630 | IoU: 0.1517 | LR: 0.000500
2025-06-12 02:33:44 INFO Epoch 048 | Train Loss: 0.7459 | Val Loss: 0.8147 | Dice: 0.2163 | IoU: 0.1215 | LR: 0.000500
2025-06-12 02:33:48 INFO Epoch 049 | Train Loss: 0.7461 | Val Loss: 0.7990 | Dice: 0.2543 | IoU: 0.1460 | LR: 0.000500
2025-06-12 02:33:51 INFO Epoch 050 | Train Loss: 0.7446 | Val Loss: 0.8094 | Dice: 0.2372 | IoU: 0.1348 | LR: 0.000500
2025-06-12 02:33:55 INFO Epoch 051 | Train Loss: 0.7453 | Val Loss: 0.7926 | Dice: 0.2869 | IoU: 0.1675 | LR: 0.000500
2025-06-12 02:33:58 INFO Epoch 052 | Train Loss: 0.7460 | Val Loss: 0.8106 | Dice: 0.2352 | IoU: 0.1336 | LR: 0.000500
2025-06-12 02:34:02 INFO Epoch 053 | Train Loss: 0.7452 | Val Loss: 0.8004 | Dice: 0.2511 | IoU: 0.1440 | LR: 0.000500
2025-06-12 02:34:06 INFO Epoch 054 | Train Loss: 0.7457 | Val Loss: 0.7993 | Dice: 0.2703 | IoU: 0.1564 | LR: 0.000500
2025-06-12 02:34:09 INFO Epoch 055 | Train Loss: 0.7450 | Val Loss: 0.8034 | Dice: 0.2593 | IoU: 0.1493 | LR: 0.000500
2025-06-12 02:34:13 INFO Epoch 056 | Train Loss: 0.7441 | Val Loss: 0.8152 | Dice: 0.2256 | IoU: 0.1277 | LR: 0.000250
2025-06-12 02:34:17 INFO Epoch 057 | Train Loss: 0.7393 | Val Loss: 0.7847 | Dice: 0.2888 | IoU: 0.1688 | LR: 0.000250
2025-06-12 02:34:20 INFO Epoch 058 | Train Loss: 0.7307 | Val Loss: 0.8089 | Dice: 0.2240 | IoU: 0.1267 | LR: 0.000250
2025-06-12 02:34:24 INFO Epoch 059 | Train Loss: 0.7292 | Val Loss: 0.7949 | Dice: 0.2584 | IoU: 0.1487 | LR: 0.000250
2025-06-12 02:34:27 INFO Epoch 060 | Train Loss: 0.7275 | Val Loss: 0.8063 | Dice: 0.2287 | IoU: 0.1295 | LR: 0.000250
2025-06-12 02:34:31 INFO Epoch 061 | Train Loss: 0.7215 | Val Loss: 0.8045 | Dice: 0.2332 | IoU: 0.1323 | LR: 0.000250
2025-06-12 02:34:35 INFO Epoch 062 | Train Loss: 0.7216 | Val Loss: 0.7975 | Dice: 0.2494 | IoU: 0.1427 | LR: 0.000250
2025-06-12 02:34:38 INFO Epoch 063 | Train Loss: 0.7198 | Val Loss: 0.8031 | Dice: 0.2390 | IoU: 0.1361 | LR: 0.000250
2025-06-12 02:34:42 INFO Epoch 064 | Train Loss: 0.7157 | Val Loss: 0.7997 | Dice: 0.2507 | IoU: 0.1434 | LR: 0.000250
2025-06-12 02:34:46 INFO Epoch 065 | Train Loss: 0.7190 | Val Loss: 0.8211 | Dice: 0.2086 | IoU: 0.1168 | LR: 0.000250
2025-06-12 02:34:49 INFO Epoch 066 | Train Loss: 0.7162 | Val Loss: 0.7963 | Dice: 0.2624 | IoU: 0.1511 | LR: 0.000250
2025-06-12 02:34:53 INFO Epoch 067 | Train Loss: 0.7152 | Val Loss: 0.8077 | Dice: 0.2413 | IoU: 0.1378 | LR: 0.000250
2025-06-12 02:34:56 INFO Epoch 068 | Train Loss: 0.7167 | Val Loss: 0.8055 | Dice: 0.2354 | IoU: 0.1336 | LR: 0.000125
2025-06-12 02:35:00 INFO Epoch 069 | Train Loss: 0.7129 | Val Loss: 0.7933 | Dice: 0.2643 | IoU: 0.1523 | LR: 0.000125
2025-06-12 02:35:04 INFO Epoch 070 | Train Loss: 0.7065 | Val Loss: 0.8027 | Dice: 0.2390 | IoU: 0.1359 | LR: 0.000125
2025-06-12 02:35:07 INFO Epoch 071 | Train Loss: 0.7059 | Val Loss: 0.7985 | Dice: 0.2541 | IoU: 0.1457 | LR: 0.000125
2025-06-12 02:35:11 INFO Epoch 072 | Train Loss: 0.7075 | Val Loss: 0.8030 | Dice: 0.2399 | IoU: 0.1365 | LR: 0.000125
2025-06-12 02:35:15 INFO Epoch 073 | Train Loss: 0.7058 | Val Loss: 0.7950 | Dice: 0.2579 | IoU: 0.1481 | LR: 0.000125
2025-06-12 02:35:18 INFO Epoch 074 | Train Loss: 0.7044 | Val Loss: 0.7938 | Dice: 0.2637 | IoU: 0.1520 | LR: 0.000125
2025-06-12 02:35:22 INFO Epoch 075 | Train Loss: 0.7025 | Val Loss: 0.8041 | Dice: 0.2391 | IoU: 0.1359 | LR: 0.000125
2025-06-12 02:35:25 INFO Epoch 076 | Train Loss: 0.7019 | Val Loss: 0.8021 | Dice: 0.2448 | IoU: 0.1397 | LR: 0.000125
2025-06-12 02:35:29 INFO Early stopping at epoch 77 | Best Dice: 0.3021 at epoch 41
2025-06-12 02:35:32 INFO Test Loss: 0.7847 | Dice: 0.2888 | IoU: 0.1688
