2025-06-16 21:57:24 INFO Starting training with configuration: {'model': {'name': 'unet++', 'alias': 'unet_resnet34', 'encoder_name': 'resnet34', 'encoder_weights': 'None', 'in_channels': 1, 'classes': 1, 'activation': 'sigmoid', 'dropout': 0.0}, 'dataset': {'root': '/home/smadper/TFM/datasets/laticifers', 'image_size': [512, 512], 'patch_size': [512, 512], 'stride': [256, 256], 'num_patches': 20, 'dataset_csv': 'laticifer_dataset_index.csv', 'num_workers': 8, 'dist_transform': True}, 'train': {'batch_size': 1, 'num_epochs': 100, 'learning_rate': 0.001, 'accumulation_steps': 1, 'save_dir': '/home/smadper/TFM/checkpoints', 'log_interval': 1, 'patience': 15, 'experiment_name': 'unet++_patched_overlapped_topoloss_bce', 'timestamp': '20250616_215724'}, 'test': {'batch_size': 1, 'save_dir': '/home/smadper/TFM/results'}}
2025-06-16 21:57:24 INFO Loading model unet++ with settings {'name': 'unet++', 'alias': 'unet_resnet34', 'encoder_name': 'resnet34', 'encoder_weights': 'None', 'in_channels': 1, 'classes': 1, 'activation': 'sigmoid', 'dropout': 0.0}
2025-06-16 21:58:32 INFO Epoch 001 | Train Loss: 1.8909 | Val Loss: 2.0880 | Dice: 0.2876 | IoU: 0.2098 | LR: 0.001000
2025-06-16 21:59:39 INFO Epoch 002 | Train Loss: 1.8616 | Val Loss: 2.2169 | Dice: 0.2358 | IoU: 0.1887 | LR: 0.001000
2025-06-16 22:00:46 INFO Epoch 003 | Train Loss: 1.8119 | Val Loss: 1.7926 | Dice: 0.3700 | IoU: 0.3057 | LR: 0.001000
2025-06-16 22:01:53 INFO Epoch 004 | Train Loss: 1.7852 | Val Loss: 1.8358 | Dice: 0.3460 | IoU: 0.2729 | LR: 0.001000
2025-06-16 22:03:00 INFO Epoch 005 | Train Loss: 1.7705 | Val Loss: 1.9330 | Dice: 0.4019 | IoU: 0.3219 | LR: 0.001000
2025-06-16 22:04:08 INFO Epoch 006 | Train Loss: 1.7399 | Val Loss: 1.7762 | Dice: 0.4398 | IoU: 0.3564 | LR: 0.001000
2025-06-16 22:05:15 INFO Epoch 007 | Train Loss: 1.7150 | Val Loss: 1.7221 | Dice: 0.4533 | IoU: 0.3622 | LR: 0.001000
2025-06-16 22:06:23 INFO Epoch 008 | Train Loss: 1.7036 | Val Loss: 1.6757 | Dice: 0.4737 | IoU: 0.3815 | LR: 0.001000
2025-06-16 22:07:30 INFO Epoch 009 | Train Loss: 1.7039 | Val Loss: 1.6413 | Dice: 0.4823 | IoU: 0.3877 | LR: 0.001000
2025-06-16 22:08:38 INFO Epoch 010 | Train Loss: 1.6723 | Val Loss: 1.7293 | Dice: 0.4442 | IoU: 0.3633 | LR: 0.001000
2025-06-16 22:09:46 INFO Epoch 011 | Train Loss: 1.6989 | Val Loss: 1.6366 | Dice: 0.4918 | IoU: 0.3949 | LR: 0.001000
2025-06-16 22:10:53 INFO Epoch 012 | Train Loss: 1.6505 | Val Loss: 1.6689 | Dice: 0.4987 | IoU: 0.3999 | LR: 0.001000
2025-06-16 22:12:01 INFO Epoch 013 | Train Loss: 1.6490 | Val Loss: 1.6641 | Dice: 0.4965 | IoU: 0.3975 | LR: 0.001000
2025-06-16 22:13:08 INFO Epoch 014 | Train Loss: 1.6215 | Val Loss: 1.6892 | Dice: 0.4808 | IoU: 0.3894 | LR: 0.001000
2025-06-16 22:14:16 INFO Epoch 015 | Train Loss: 1.6760 | Val Loss: 1.6362 | Dice: 0.4880 | IoU: 0.3892 | LR: 0.001000
2025-06-16 22:15:24 INFO Epoch 016 | Train Loss: 1.6543 | Val Loss: 1.5602 | Dice: 0.4522 | IoU: 0.3518 | LR: 0.001000
2025-06-16 22:16:31 INFO Epoch 017 | Train Loss: 1.6244 | Val Loss: 1.6274 | Dice: 0.4736 | IoU: 0.3861 | LR: 0.001000
2025-06-16 22:17:39 INFO Epoch 018 | Train Loss: 1.6375 | Val Loss: 1.6208 | Dice: 0.4812 | IoU: 0.3915 | LR: 0.001000
2025-06-16 22:18:47 INFO Epoch 019 | Train Loss: 1.6309 | Val Loss: 1.5367 | Dice: 0.5155 | IoU: 0.4150 | LR: 0.001000
2025-06-16 22:19:55 INFO Epoch 020 | Train Loss: 1.5876 | Val Loss: 1.5574 | Dice: 0.5117 | IoU: 0.4116 | LR: 0.001000
2025-06-16 22:21:03 INFO Epoch 021 | Train Loss: 1.6040 | Val Loss: 1.5445 | Dice: 0.5175 | IoU: 0.4183 | LR: 0.001000
2025-06-16 22:22:11 INFO Epoch 022 | Train Loss: 1.6117 | Val Loss: 1.5425 | Dice: 0.5195 | IoU: 0.4180 | LR: 0.001000
2025-06-16 22:23:19 INFO Epoch 023 | Train Loss: 1.6026 | Val Loss: 1.6031 | Dice: 0.4812 | IoU: 0.3857 | LR: 0.001000
2025-06-16 22:24:26 INFO Epoch 024 | Train Loss: 1.6105 | Val Loss: 1.5705 | Dice: 0.5026 | IoU: 0.4024 | LR: 0.001000
2025-06-16 22:25:34 INFO Epoch 025 | Train Loss: 1.5963 | Val Loss: 1.6536 | Dice: 0.4711 | IoU: 0.3777 | LR: 0.001000
2025-06-16 22:26:42 INFO Epoch 026 | Train Loss: 1.6003 | Val Loss: 1.5048 | Dice: 0.5482 | IoU: 0.4444 | LR: 0.001000
2025-06-16 22:27:50 INFO Epoch 027 | Train Loss: 1.5763 | Val Loss: 1.5547 | Dice: 0.5261 | IoU: 0.4230 | LR: 0.001000
2025-06-16 22:28:58 INFO Epoch 028 | Train Loss: 1.5946 | Val Loss: 1.5944 | Dice: 0.4804 | IoU: 0.3856 | LR: 0.001000
2025-06-16 22:30:05 INFO Epoch 029 | Train Loss: 1.5745 | Val Loss: 1.5117 | Dice: 0.5406 | IoU: 0.4349 | LR: 0.001000
2025-06-16 22:31:13 INFO Epoch 030 | Train Loss: 1.5788 | Val Loss: 1.5169 | Dice: 0.5227 | IoU: 0.4227 | LR: 0.001000
2025-06-16 22:32:21 INFO Epoch 031 | Train Loss: 1.5443 | Val Loss: 1.5233 | Dice: 0.5264 | IoU: 0.4234 | LR: 0.001000
2025-06-16 22:33:29 INFO Epoch 032 | Train Loss: 1.5733 | Val Loss: 1.5779 | Dice: 0.5383 | IoU: 0.4346 | LR: 0.001000
2025-06-16 22:34:37 INFO Epoch 033 | Train Loss: 1.5619 | Val Loss: 1.5209 | Dice: 0.5276 | IoU: 0.4301 | LR: 0.001000
2025-06-16 22:35:45 INFO Epoch 034 | Train Loss: 1.5835 | Val Loss: 1.4977 | Dice: 0.5369 | IoU: 0.4366 | LR: 0.001000
2025-06-16 22:36:53 INFO Epoch 035 | Train Loss: 1.5428 | Val Loss: 1.5172 | Dice: 0.5480 | IoU: 0.4430 | LR: 0.001000
2025-06-16 22:38:01 INFO Epoch 036 | Train Loss: 1.5490 | Val Loss: 1.4986 | Dice: 0.5491 | IoU: 0.4444 | LR: 0.001000
2025-06-16 22:39:09 INFO Epoch 037 | Train Loss: 1.5546 | Val Loss: 1.6063 | Dice: 0.5236 | IoU: 0.4170 | LR: 0.001000
2025-06-16 22:40:17 INFO Epoch 038 | Train Loss: 1.5575 | Val Loss: 1.5414 | Dice: 0.5339 | IoU: 0.4320 | LR: 0.001000
2025-06-16 22:41:25 INFO Epoch 039 | Train Loss: 1.5360 | Val Loss: 1.5137 | Dice: 0.5414 | IoU: 0.4389 | LR: 0.001000
2025-06-16 22:42:32 INFO Epoch 040 | Train Loss: 1.5593 | Val Loss: 1.5081 | Dice: 0.5475 | IoU: 0.4422 | LR: 0.001000
2025-06-16 22:43:40 INFO Epoch 041 | Train Loss: 1.5584 | Val Loss: 1.5338 | Dice: 0.5325 | IoU: 0.4334 | LR: 0.001000
2025-06-16 22:44:49 INFO Epoch 042 | Train Loss: 1.5409 | Val Loss: 1.5298 | Dice: 0.5092 | IoU: 0.4147 | LR: 0.001000
2025-06-16 22:45:57 INFO Epoch 043 | Train Loss: 1.5106 | Val Loss: 1.5161 | Dice: 0.5410 | IoU: 0.4382 | LR: 0.001000
2025-06-16 22:47:05 INFO Epoch 044 | Train Loss: 1.5220 | Val Loss: 1.5078 | Dice: 0.5392 | IoU: 0.4376 | LR: 0.001000
2025-06-16 22:48:13 INFO Epoch 045 | Train Loss: 1.5423 | Val Loss: 1.5173 | Dice: 0.5420 | IoU: 0.4397 | LR: 0.000500
2025-06-16 22:49:21 INFO Epoch 046 | Train Loss: 1.5338 | Val Loss: 1.4880 | Dice: 0.5510 | IoU: 0.4465 | LR: 0.000500
2025-06-16 22:50:29 INFO Epoch 047 | Train Loss: 1.5140 | Val Loss: 1.5288 | Dice: 0.5177 | IoU: 0.4217 | LR: 0.000500
2025-06-16 22:51:37 INFO Epoch 048 | Train Loss: 1.5129 | Val Loss: 1.4774 | Dice: 0.5577 | IoU: 0.4522 | LR: 0.000500
2025-06-16 22:52:45 INFO Epoch 049 | Train Loss: 1.5384 | Val Loss: 1.5403 | Dice: 0.5261 | IoU: 0.4276 | LR: 0.000500
2025-06-16 22:53:52 INFO Epoch 050 | Train Loss: 1.5045 | Val Loss: 1.4906 | Dice: 0.5474 | IoU: 0.4435 | LR: 0.000500
2025-06-16 22:55:00 INFO Epoch 051 | Train Loss: 1.4977 | Val Loss: 1.4945 | Dice: 0.5426 | IoU: 0.4408 | LR: 0.000500
2025-06-16 22:56:08 INFO Epoch 052 | Train Loss: 1.5059 | Val Loss: 1.4973 | Dice: 0.5413 | IoU: 0.4397 | LR: 0.000500
2025-06-16 22:57:16 INFO Epoch 053 | Train Loss: 1.4810 | Val Loss: 1.4832 | Dice: 0.5540 | IoU: 0.4494 | LR: 0.000500
2025-06-16 22:58:24 INFO Epoch 054 | Train Loss: 1.4872 | Val Loss: 1.5042 | Dice: 0.5353 | IoU: 0.4355 | LR: 0.000500
2025-06-16 22:59:31 INFO Epoch 055 | Train Loss: 1.4635 | Val Loss: 1.5009 | Dice: 0.5337 | IoU: 0.4335 | LR: 0.000500
2025-06-16 23:00:39 INFO Epoch 056 | Train Loss: 1.4949 | Val Loss: 1.4926 | Dice: 0.5391 | IoU: 0.4386 | LR: 0.000500
2025-06-16 23:01:47 INFO Epoch 057 | Train Loss: 1.4896 | Val Loss: 1.4957 | Dice: 0.5372 | IoU: 0.4364 | LR: 0.000500
2025-06-16 23:02:55 INFO Epoch 058 | Train Loss: 1.4742 | Val Loss: 1.5056 | Dice: 0.5313 | IoU: 0.4307 | LR: 0.000500
2025-06-16 23:04:03 INFO Epoch 059 | Train Loss: 1.5128 | Val Loss: 1.5143 | Dice: 0.5271 | IoU: 0.4295 | LR: 0.000250
2025-06-16 23:05:11 INFO Epoch 060 | Train Loss: 1.4691 | Val Loss: 1.4982 | Dice: 0.5404 | IoU: 0.4388 | LR: 0.000250
2025-06-16 23:06:19 INFO Epoch 061 | Train Loss: 1.4414 | Val Loss: 1.5137 | Dice: 0.5274 | IoU: 0.4274 | LR: 0.000250
2025-06-16 23:07:27 INFO Epoch 062 | Train Loss: 1.4462 | Val Loss: 1.4956 | Dice: 0.5357 | IoU: 0.4335 | LR: 0.000250
2025-06-16 23:08:34 INFO Early stopping at epoch 63 | Best Dice: 0.5577 at epoch 48
2025-06-16 23:09:12 INFO Test Loss: 1.4774 | Dice: 0.5577 | IoU: 0.4522
