2025-07-27 18:36:54 INFO Starting training with configuration: {'model': {'name': 'unet', 'alias': 'unet_densenet121', 'encoder_name': 'densenet121', 'encoder_weights': 'imagenet', 'in_channels': 1, 'classes': 1, 'activation': 'sigmoid', 'dropout': 0.2}, 'dataset': {'root': '/data/smadper@alumno.upv.es/TFM/datasets/laticifers', 'patch_size': [512, 512], 'stride': [256, 256], 'num_patches': 20, 'dataset_csv': 'laticifer_dataset_index.csv', 'num_workers': 4, 'positive_ratio': 0.8, 'fg_threshold': 0.04, 'dist_transform': True, 'feature_dirs': {'enhanced': '/data/smadper@alumno.upv.es/TFM/datasets/laticifers/enhanced_images', 'mask': '/data/smadper@alumno.upv.es/TFM/datasets/laticifers/masks', 'distance': '/data/smadper@alumno.upv.es/TFM/datasets/laticifers/distance_maps_pt'}}, 'train': {'batch_size': 16, 'num_epochs': 70, 'learning_rate': 0.001, 'accumulation_steps': 1, 'save_dir': '/data/smadper@alumno.upv.es/TFM/checkpoints2/unet/20250727_183654_bce_dice_20patches', 'log_interval': 1, 'patience': 10, 'mixed_precision': True, 'experiment_name': 'bce_dice_20patches', 'timestamp': '20250727_183654'}, 'test': {'batch_size': 1}, 'loss': {'name': 'bce', 'cldice_alpha': 0.3, 'use_topographic': False, 'combine_with': 'dice', 'weights': {'main': 0.5, 'combined': 0.5}, 'topo': {'alpha': 2.0, 'beta': 1.0}}}
2025-07-27 18:36:54 INFO Experiment name: bce_dice_20patches
2025-07-27 18:36:54 INFO Loading model unet with settings {'name': 'unet', 'alias': 'unet_densenet121', 'encoder_name': 'densenet121', 'encoder_weights': 'imagenet', 'in_channels': 1, 'classes': 1, 'activation': 'sigmoid', 'dropout': 0.2}
len preds: 2
Traceback (most recent call last):
  File "/data/smadper@alumno.upv.es/TFM/src/train.py", line 214, in <module>
    main(conf)
  File "/data/smadper@alumno.upv.es/TFM/src/train.py", line 181, in main
    best_model_path, best_dice, best_cldice, best_val_loss, best_epoch = train_model(model, train_loader, test_loader, conf)
                                                                         ^^^^^^^^^^^^^^^^^^^^^^^^^^^^^^^^^^^^^^^^^^^^^^^^^^^
  File "/data/smadper@alumno.upv.es/TFM/src/train.py", line 129, in train_model
    loss = loss_fn(model(images), masks) / accumulation_steps
           ^^^^^^^^^^^^^^^^^^^^^^^^^^^^^
  File "/data/smadper@alumno.upv.es/TFM/src/utils.py", line 118, in fn
    main = loss_map[name](preds, targets)
           ^^^^^^^^^^^^^^^^^^^^^^^^^^^^^^
  File "/data/smadper@alumno.upv.es/TFM/src/utils.py", line 110, in <lambda>
    'bce': lambda p,t: F.binary_cross_entropy(p,t),
                       ^^^^^^^^^^^^^^^^^^^^^^^^^^^
  File "/data/smadper@alumno.upv.es/miniconda3/envs/tfm/lib/python3.12/site-packages/torch/nn/functional.py", line 3559, in binary_cross_entropy
    if target.size() != input.size():
                        ^^^^^^^^^^
AttributeError: 'tuple' object has no attribute 'size'
