2025-08-13 17:54:50 INFO Starting training with configuration: {'model': {'name': 'unet', 'encoder_name': 'resnet50', 'encoder_weights': 'imagenet', 'classes': 1, 'activation': None, 'dropout': 0.2}, 'dataset': {'root': '/data/smadper@alumno.upv.es/TFM/datasets/laticifers', 'patch_size': [512, 512], 'stride': [256, 256], 'num_patches': 40, 'num_workers': 4, 'positive_ratio': 0.8, 'fg_threshold': 0.04, 'feature_dirs': {'image': '/data/smadper@alumno.upv.es/TFM/datasets/laticifers/enhanced_images', 'mask': '/data/smadper@alumno.upv.es/TFM/datasets/laticifers/masks', 'distance': '/data/smadper@alumno.upv.es/TFM/datasets/laticifers/distance_maps_pt'}}, 'train': {'batch_size': 32, 'num_epochs': 50, 'learning_rate': 0.001, 'accumulation_steps': 1, 'save_dir': '/data/smadper@alumno.upv.es/TFM/checkpoints_cv/unet/20250813_175450_unet_resnet50_bce_dice', 'log_interval': 1, 'patience': 10, 'mixed_precision': True, 'experiment_name': 'unet_resnet50_bce_dice', 'timestamp': '20250813_175450'}, 'test': {'batch_size': 1}, 'loss': {'name': 'bce', 'cldice_alpha': 0.2, 'use_topographic': False, 'combine_with': 'dice', 'weights': {'main': 0.5, 'combined': 0.5}, 'topo': {'alpha': 2.0, 'beta': 1.0}}}
2025-08-13 17:54:50 INFO Experiment name: unet_resnet50_bce_dice
2025-08-13 17:54:50 INFO ===== Fold 1 / 5 =====
2025-08-13 17:54:50 INFO Loading model unet with settings {'name': 'unet', 'encoder_name': 'resnet50', 'encoder_weights': 'imagenet', 'classes': 1, 'activation': None, 'dropout': 0.2}
2025-08-13 17:56:46 INFO Epoch 001 | Train Loss: 0.5724 | Val Loss: 0.6082 | Dice: 0.2758 | clDice: 0.3218 | IoU: 0.1625 | Tversky: 0.2758 | Hausdorff: 728.1292 | HD95: 147.4502 | LR: 0.001000
2025-08-13 17:58:33 INFO Epoch 002 | Train Loss: 0.4335 | Val Loss: 0.5637 | Dice: 0.3886 | clDice: 0.4153 | IoU: 0.2415 | Tversky: 0.3886 | Hausdorff: 321.5077 | HD95: 86.5623 | LR: 0.001000
2025-08-13 18:00:19 INFO Epoch 003 | Train Loss: 0.4067 | Val Loss: 0.5954 | Dice: 0.3821 | clDice: 0.3869 | IoU: 0.2365 | Tversky: 0.3821 | Hausdorff: 788.2403 | HD95: 93.9945 | LR: 0.001000
2025-08-13 18:02:04 INFO Epoch 004 | Train Loss: 0.3961 | Val Loss: 0.5648 | Dice: 0.4304 | clDice: 0.4723 | IoU: 0.2746 | Tversky: 0.4304 | Hausdorff: 261.8268 | HD95: 64.1226 | LR: 0.001000
2025-08-13 18:03:52 INFO Epoch 005 | Train Loss: 0.3943 | Val Loss: 0.5618 | Dice: 0.4446 | clDice: 0.4879 | IoU: 0.2862 | Tversky: 0.4446 | Hausdorff: 229.5535 | HD95: 59.3610 | LR: 0.001000
2025-08-13 18:05:37 INFO Epoch 006 | Train Loss: 0.3871 | Val Loss: 0.5606 | Dice: 0.4635 | clDice: 0.5083 | IoU: 0.3022 | Tversky: 0.4635 | Hausdorff: 276.4046 | HD95: 49.6975 | LR: 0.001000
2025-08-13 18:07:25 INFO Epoch 007 | Train Loss: 0.3843 | Val Loss: 0.5622 | Dice: 0.4650 | clDice: 0.5153 | IoU: 0.3034 | Tversky: 0.4650 | Hausdorff: 223.6131 | HD95: 46.1192 | LR: 0.001000
2025-08-13 18:09:10 INFO Epoch 008 | Train Loss: 0.3832 | Val Loss: 0.5589 | Dice: 0.4671 | clDice: 0.5165 | IoU: 0.3051 | Tversky: 0.4671 | Hausdorff: 246.7181 | HD95: 49.0146 | LR: 0.001000
2025-08-13 18:10:55 INFO Epoch 009 | Train Loss: 0.3799 | Val Loss: 0.5643 | Dice: 0.4513 | clDice: 0.4962 | IoU: 0.2918 | Tversky: 0.4513 | Hausdorff: 286.8401 | HD95: 70.1253 | LR: 0.001000
2025-08-13 18:12:40 INFO Epoch 010 | Train Loss: 0.3800 | Val Loss: 0.5594 | Dice: 0.4569 | clDice: 0.5013 | IoU: 0.2965 | Tversky: 0.4569 | Hausdorff: 228.6518 | HD95: 52.1025 | LR: 0.001000
2025-08-13 18:14:24 INFO Epoch 011 | Train Loss: 0.3784 | Val Loss: 0.5620 | Dice: 0.4506 | clDice: 0.4954 | IoU: 0.2911 | Tversky: 0.4506 | Hausdorff: 246.2068 | HD95: 62.7975 | LR: 0.001000
2025-08-13 18:16:10 INFO Epoch 012 | Train Loss: 0.3795 | Val Loss: 0.5585 | Dice: 0.4587 | clDice: 0.4990 | IoU: 0.2980 | Tversky: 0.4587 | Hausdorff: 227.4083 | HD95: 45.5012 | LR: 0.001000
2025-08-13 18:17:53 INFO Epoch 013 | Train Loss: 0.3785 | Val Loss: 0.5599 | Dice: 0.4459 | clDice: 0.4846 | IoU: 0.2875 | Tversky: 0.4459 | Hausdorff: 251.0746 | HD95: 68.8430 | LR: 0.001000
2025-08-13 18:19:39 INFO Epoch 014 | Train Loss: 0.3769 | Val Loss: 0.5633 | Dice: 0.4718 | clDice: 0.5225 | IoU: 0.3091 | Tversky: 0.4718 | Hausdorff: 249.5860 | HD95: 42.5821 | LR: 0.001000
2025-08-13 18:21:26 INFO Epoch 015 | Train Loss: 0.3737 | Val Loss: 0.5603 | Dice: 0.4616 | clDice: 0.5025 | IoU: 0.3005 | Tversky: 0.4616 | Hausdorff: 224.8934 | HD95: 39.4088 | LR: 0.001000
2025-08-13 18:23:10 INFO Epoch 016 | Train Loss: 0.3732 | Val Loss: 0.5600 | Dice: 0.4601 | clDice: 0.5048 | IoU: 0.2993 | Tversky: 0.4601 | Hausdorff: 221.0775 | HD95: 48.2633 | LR: 0.001000
2025-08-13 18:24:55 INFO Epoch 017 | Train Loss: 0.3741 | Val Loss: 0.5605 | Dice: 0.4637 | clDice: 0.5054 | IoU: 0.3022 | Tversky: 0.4637 | Hausdorff: 253.7558 | HD95: 42.4418 | LR: 0.001000
2025-08-13 18:26:39 INFO Epoch 018 | Train Loss: 0.3748 | Val Loss: 0.5644 | Dice: 0.4561 | clDice: 0.4987 | IoU: 0.2959 | Tversky: 0.4561 | Hausdorff: 250.9890 | HD95: 44.0747 | LR: 0.000500
2025-08-13 18:28:25 INFO Epoch 019 | Train Loss: 0.3666 | Val Loss: 0.5601 | Dice: 0.4656 | clDice: 0.5073 | IoU: 0.3039 | Tversky: 0.4656 | Hausdorff: 225.3694 | HD95: 37.3372 | LR: 0.000500
2025-08-13 18:30:11 INFO Epoch 020 | Train Loss: 0.3648 | Val Loss: 0.5609 | Dice: 0.4799 | clDice: 0.5295 | IoU: 0.3162 | Tversky: 0.4799 | Hausdorff: 235.2594 | HD95: 35.5517 | LR: 0.000500
2025-08-13 18:31:57 INFO Epoch 021 | Train Loss: 0.3645 | Val Loss: 0.5623 | Dice: 0.4706 | clDice: 0.5167 | IoU: 0.3082 | Tversky: 0.4706 | Hausdorff: 435.3803 | HD95: 34.0376 | LR: 0.000500
2025-08-13 18:33:43 INFO Early stopping at epoch 22 | Best Dice: 0.4799 at epoch 12
2025-08-13 18:34:06 INFO Fold 1 results: Dice: 0.4587 | clDice: 0.4990 | IoU: 0.2980 | Tversky: 0.4587 | Hausdorff: 227.4083 | HD95: 45.5012
2025-08-13 18:34:06 INFO ===== Fold 2 / 5 =====
2025-08-13 18:34:06 INFO Loading model unet with settings {'name': 'unet', 'encoder_name': 'resnet50', 'encoder_weights': 'imagenet', 'classes': 1, 'activation': None, 'dropout': 0.2}
2025-08-13 18:35:52 INFO Epoch 001 | Train Loss: 0.5224 | Val Loss: 0.5754 | Dice: 0.3735 | clDice: 0.4026 | IoU: 0.2304 | Tversky: 0.3735 | Hausdorff: 316.6585 | HD95: 83.9422 | LR: 0.001000
2025-08-13 18:37:37 INFO Epoch 002 | Train Loss: 0.4186 | Val Loss: 0.5765 | Dice: 0.4198 | clDice: 0.4559 | IoU: 0.2665 | Tversky: 0.4198 | Hausdorff: 428.7821 | HD95: 72.5606 | LR: 0.001000
2025-08-13 18:39:27 INFO Epoch 003 | Train Loss: 0.4020 | Val Loss: 0.5756 | Dice: 0.4515 | clDice: 0.4997 | IoU: 0.2919 | Tversky: 0.4515 | Hausdorff: 314.7283 | HD95: 49.3678 | LR: 0.001000
2025-08-13 18:41:11 INFO Epoch 004 | Train Loss: 0.3943 | Val Loss: 0.5776 | Dice: 0.4232 | clDice: 0.4585 | IoU: 0.2686 | Tversky: 0.4232 | Hausdorff: 329.3263 | HD95: 65.9743 | LR: 0.001000
2025-08-13 18:42:57 INFO Epoch 005 | Train Loss: 0.3890 | Val Loss: 0.5701 | Dice: 0.4424 | clDice: 0.4790 | IoU: 0.2844 | Tversky: 0.4424 | Hausdorff: 293.0803 | HD95: 48.1917 | LR: 0.001000
2025-08-13 18:44:43 INFO Epoch 006 | Train Loss: 0.3883 | Val Loss: 0.5727 | Dice: 0.4497 | clDice: 0.4934 | IoU: 0.2909 | Tversky: 0.4497 | Hausdorff: 323.1845 | HD95: 58.1181 | LR: 0.001000
2025-08-13 18:46:29 INFO Epoch 007 | Train Loss: 0.3852 | Val Loss: 0.5692 | Dice: 0.4552 | clDice: 0.5003 | IoU: 0.2957 | Tversky: 0.4552 | Hausdorff: 349.0845 | HD95: 59.7845 | LR: 0.001000
2025-08-13 18:48:16 INFO Epoch 008 | Train Loss: 0.3803 | Val Loss: 0.5707 | Dice: 0.4402 | clDice: 0.4818 | IoU: 0.2830 | Tversky: 0.4402 | Hausdorff: 319.0716 | HD95: 64.2000 | LR: 0.001000
2025-08-13 18:50:02 INFO Epoch 009 | Train Loss: 0.3793 | Val Loss: 0.5702 | Dice: 0.4668 | clDice: 0.5149 | IoU: 0.3048 | Tversky: 0.4668 | Hausdorff: 287.4266 | HD95: 39.5284 | LR: 0.001000
2025-08-13 18:51:48 INFO Epoch 010 | Train Loss: 0.3785 | Val Loss: 0.5730 | Dice: 0.4728 | clDice: 0.5238 | IoU: 0.3099 | Tversky: 0.4728 | Hausdorff: 287.5664 | HD95: 44.2982 | LR: 0.001000
2025-08-13 18:53:34 INFO Epoch 011 | Train Loss: 0.3755 | Val Loss: 0.5678 | Dice: 0.4658 | clDice: 0.5123 | IoU: 0.3043 | Tversky: 0.4658 | Hausdorff: 291.0169 | HD95: 52.6988 | LR: 0.001000
2025-08-13 18:55:19 INFO Epoch 012 | Train Loss: 0.3793 | Val Loss: 0.5682 | Dice: 0.4782 | clDice: 0.5293 | IoU: 0.3149 | Tversky: 0.4782 | Hausdorff: 297.3953 | HD95: 40.6340 | LR: 0.001000
2025-08-13 18:57:04 INFO Epoch 013 | Train Loss: 0.3790 | Val Loss: 0.5704 | Dice: 0.4740 | clDice: 0.5214 | IoU: 0.3111 | Tversky: 0.4740 | Hausdorff: 346.1557 | HD95: 37.4767 | LR: 0.001000
2025-08-13 18:58:49 INFO Epoch 014 | Train Loss: 0.3759 | Val Loss: 0.5700 | Dice: 0.4650 | clDice: 0.5084 | IoU: 0.3036 | Tversky: 0.4650 | Hausdorff: 314.4658 | HD95: 46.8542 | LR: 0.001000
2025-08-13 19:00:34 INFO Epoch 015 | Train Loss: 0.3744 | Val Loss: 0.5687 | Dice: 0.4568 | clDice: 0.4972 | IoU: 0.2967 | Tversky: 0.4568 | Hausdorff: 299.6192 | HD95: 51.8511 | LR: 0.001000
2025-08-13 19:02:19 INFO Epoch 016 | Train Loss: 0.3770 | Val Loss: 0.5697 | Dice: 0.4721 | clDice: 0.5156 | IoU: 0.3095 | Tversky: 0.4721 | Hausdorff: 259.3486 | HD95: 37.1219 | LR: 0.001000
2025-08-13 19:04:05 INFO Epoch 017 | Train Loss: 0.3744 | Val Loss: 0.5720 | Dice: 0.4753 | clDice: 0.5254 | IoU: 0.3124 | Tversky: 0.4753 | Hausdorff: 389.7969 | HD95: 41.5091 | LR: 0.000500
2025-08-13 19:05:50 INFO Epoch 018 | Train Loss: 0.3702 | Val Loss: 0.5659 | Dice: 0.4749 | clDice: 0.5181 | IoU: 0.3122 | Tversky: 0.4749 | Hausdorff: 298.1801 | HD95: 42.8758 | LR: 0.000500
2025-08-13 19:07:36 INFO Epoch 019 | Train Loss: 0.3699 | Val Loss: 0.5672 | Dice: 0.4692 | clDice: 0.5125 | IoU: 0.3072 | Tversky: 0.4692 | Hausdorff: 296.8897 | HD95: 40.2415 | LR: 0.000500
2025-08-13 19:09:21 INFO Epoch 020 | Train Loss: 0.3655 | Val Loss: 0.5673 | Dice: 0.4826 | clDice: 0.5276 | IoU: 0.3187 | Tversky: 0.4826 | Hausdorff: 317.1699 | HD95: 37.1048 | LR: 0.000500
2025-08-13 19:11:08 INFO Epoch 021 | Train Loss: 0.3699 | Val Loss: 0.5642 | Dice: 0.4825 | clDice: 0.5277 | IoU: 0.3185 | Tversky: 0.4825 | Hausdorff: 285.5196 | HD95: 33.9810 | LR: 0.000500
2025-08-13 19:12:53 INFO Epoch 022 | Train Loss: 0.3658 | Val Loss: 0.5658 | Dice: 0.4696 | clDice: 0.5116 | IoU: 0.3075 | Tversky: 0.4696 | Hausdorff: 283.2932 | HD95: 43.0272 | LR: 0.000500
2025-08-13 19:14:38 INFO Epoch 023 | Train Loss: 0.3660 | Val Loss: 0.5687 | Dice: 0.4815 | clDice: 0.5255 | IoU: 0.3175 | Tversky: 0.4815 | Hausdorff: 297.1552 | HD95: 33.9130 | LR: 0.000500
2025-08-13 19:16:25 INFO Epoch 024 | Train Loss: 0.3656 | Val Loss: 0.5665 | Dice: 0.4736 | clDice: 0.5154 | IoU: 0.3109 | Tversky: 0.4736 | Hausdorff: 275.4203 | HD95: 41.2881 | LR: 0.000500
2025-08-13 19:18:09 INFO Epoch 025 | Train Loss: 0.3614 | Val Loss: 0.5685 | Dice: 0.4804 | clDice: 0.5257 | IoU: 0.3167 | Tversky: 0.4804 | Hausdorff: 309.4689 | HD95: 33.3922 | LR: 0.000500
2025-08-13 19:19:57 INFO Epoch 026 | Train Loss: 0.3664 | Val Loss: 0.5696 | Dice: 0.4839 | clDice: 0.5285 | IoU: 0.3196 | Tversky: 0.4839 | Hausdorff: 326.0214 | HD95: 32.5304 | LR: 0.000500
2025-08-13 19:21:44 INFO Epoch 027 | Train Loss: 0.3653 | Val Loss: 0.5669 | Dice: 0.4768 | clDice: 0.5192 | IoU: 0.3135 | Tversky: 0.4768 | Hausdorff: 303.4565 | HD95: 35.7803 | LR: 0.000250
2025-08-13 19:23:29 INFO Epoch 028 | Train Loss: 0.3614 | Val Loss: 0.5677 | Dice: 0.4820 | clDice: 0.5270 | IoU: 0.3181 | Tversky: 0.4820 | Hausdorff: 259.5495 | HD95: 35.1189 | LR: 0.000250
2025-08-13 19:25:13 INFO Epoch 029 | Train Loss: 0.3613 | Val Loss: 0.5667 | Dice: 0.4852 | clDice: 0.5320 | IoU: 0.3208 | Tversky: 0.4852 | Hausdorff: 300.0837 | HD95: 35.8133 | LR: 0.000250
2025-08-13 19:26:58 INFO Epoch 030 | Train Loss: 0.3608 | Val Loss: 0.5662 | Dice: 0.4781 | clDice: 0.5188 | IoU: 0.3146 | Tversky: 0.4781 | Hausdorff: 302.0506 | HD95: 39.1425 | LR: 0.000250
2025-08-13 19:28:44 INFO Early stopping at epoch 31 | Best Dice: 0.4852 at epoch 21
2025-08-13 19:29:09 INFO Fold 2 results: Dice: 0.4825 | clDice: 0.5277 | IoU: 0.3185 | Tversky: 0.4825 | Hausdorff: 285.5196 | HD95: 33.9810
2025-08-13 19:29:09 INFO ===== Fold 3 / 5 =====
2025-08-13 19:29:09 INFO Loading model unet with settings {'name': 'unet', 'encoder_name': 'resnet50', 'encoder_weights': 'imagenet', 'classes': 1, 'activation': None, 'dropout': 0.2}
2025-08-13 19:30:53 INFO Epoch 001 | Train Loss: 0.5335 | Val Loss: 0.5805 | Dice: 0.3360 | clDice: 0.3639 | IoU: 0.2028 | Tversky: 0.3360 | Hausdorff: 306.8296 | HD95: 83.8993 | LR: 0.001000
2025-08-13 19:32:39 INFO Epoch 002 | Train Loss: 0.4246 | Val Loss: 0.5822 | Dice: 0.4267 | clDice: 0.4862 | IoU: 0.2718 | Tversky: 0.4267 | Hausdorff: 419.9743 | HD95: 71.9440 | LR: 0.001000
2025-08-13 19:34:24 INFO Epoch 003 | Train Loss: 0.4036 | Val Loss: 0.5705 | Dice: 0.4427 | clDice: 0.4917 | IoU: 0.2856 | Tversky: 0.4427 | Hausdorff: 213.2069 | HD95: 58.6808 | LR: 0.001000
2025-08-13 19:36:11 INFO Epoch 004 | Train Loss: 0.3973 | Val Loss: 0.5755 | Dice: 0.4515 | clDice: 0.5057 | IoU: 0.2925 | Tversky: 0.4515 | Hausdorff: 314.7472 | HD95: 52.6702 | LR: 0.001000
2025-08-13 19:37:59 INFO Epoch 005 | Train Loss: 0.3871 | Val Loss: 0.5701 | Dice: 0.4698 | clDice: 0.5265 | IoU: 0.3081 | Tversky: 0.4698 | Hausdorff: 322.3061 | HD95: 52.2612 | LR: 0.001000
2025-08-13 19:39:44 INFO Epoch 006 | Train Loss: 0.3855 | Val Loss: 0.5749 | Dice: 0.4623 | clDice: 0.5206 | IoU: 0.3015 | Tversky: 0.4623 | Hausdorff: 227.6361 | HD95: 52.2470 | LR: 0.001000
2025-08-13 19:41:29 INFO Epoch 007 | Train Loss: 0.3842 | Val Loss: 0.5702 | Dice: 0.4602 | clDice: 0.5126 | IoU: 0.3004 | Tversky: 0.4602 | Hausdorff: 238.3126 | HD95: 59.5686 | LR: 0.001000
2025-08-13 19:43:16 INFO Epoch 008 | Train Loss: 0.3858 | Val Loss: 0.5780 | Dice: 0.4532 | clDice: 0.5016 | IoU: 0.2941 | Tversky: 0.4532 | Hausdorff: 346.1227 | HD95: 58.8570 | LR: 0.001000
2025-08-13 19:45:00 INFO Epoch 009 | Train Loss: 0.3829 | Val Loss: 0.5681 | Dice: 0.4594 | clDice: 0.5091 | IoU: 0.2995 | Tversky: 0.4594 | Hausdorff: 292.5038 | HD95: 56.7601 | LR: 0.001000
2025-08-13 19:46:46 INFO Epoch 010 | Train Loss: 0.3749 | Val Loss: 0.5666 | Dice: 0.4767 | clDice: 0.5292 | IoU: 0.3140 | Tversky: 0.4767 | Hausdorff: 257.2799 | HD95: 46.9170 | LR: 0.001000
2025-08-13 19:48:30 INFO Epoch 011 | Train Loss: 0.3728 | Val Loss: 0.5671 | Dice: 0.4703 | clDice: 0.5193 | IoU: 0.3087 | Tversky: 0.4703 | Hausdorff: 257.9006 | HD95: 50.4359 | LR: 0.001000
2025-08-13 19:50:16 INFO Epoch 012 | Train Loss: 0.3747 | Val Loss: 0.5664 | Dice: 0.4736 | clDice: 0.5210 | IoU: 0.3113 | Tversky: 0.4736 | Hausdorff: 228.7633 | HD95: 44.0468 | LR: 0.001000
2025-08-13 19:52:00 INFO Epoch 013 | Train Loss: 0.3721 | Val Loss: 0.5678 | Dice: 0.4786 | clDice: 0.5328 | IoU: 0.3158 | Tversky: 0.4786 | Hausdorff: 242.4524 | HD95: 48.5815 | LR: 0.001000
2025-08-13 19:53:46 INFO Epoch 014 | Train Loss: 0.3765 | Val Loss: 0.5672 | Dice: 0.4581 | clDice: 0.5052 | IoU: 0.2988 | Tversky: 0.4581 | Hausdorff: 225.7703 | HD95: 63.8135 | LR: 0.001000
2025-08-13 19:55:31 INFO Epoch 015 | Train Loss: 0.3753 | Val Loss: 0.5676 | Dice: 0.4757 | clDice: 0.5291 | IoU: 0.3134 | Tversky: 0.4757 | Hausdorff: 228.9891 | HD95: 44.2056 | LR: 0.001000
2025-08-13 19:57:17 INFO Epoch 016 | Train Loss: 0.3729 | Val Loss: 0.5665 | Dice: 0.4639 | clDice: 0.5103 | IoU: 0.3036 | Tversky: 0.4639 | Hausdorff: 238.1612 | HD95: 60.1432 | LR: 0.001000
2025-08-13 19:59:03 INFO Epoch 017 | Train Loss: 0.3738 | Val Loss: 0.5729 | Dice: 0.4454 | clDice: 0.4839 | IoU: 0.2877 | Tversky: 0.4454 | Hausdorff: 242.0950 | HD95: 58.2386 | LR: 0.001000
2025-08-13 20:00:48 INFO Epoch 018 | Train Loss: 0.3773 | Val Loss: 0.5668 | Dice: 0.4577 | clDice: 0.5064 | IoU: 0.2982 | Tversky: 0.4577 | Hausdorff: 244.9992 | HD95: 57.0479 | LR: 0.000500
2025-08-13 20:02:34 INFO Epoch 019 | Train Loss: 0.3699 | Val Loss: 0.5656 | Dice: 0.4880 | clDice: 0.5462 | IoU: 0.3241 | Tversky: 0.4880 | Hausdorff: 213.1131 | HD95: 43.5170 | LR: 0.000500
2025-08-13 20:04:19 INFO Epoch 020 | Train Loss: 0.3663 | Val Loss: 0.5674 | Dice: 0.4887 | clDice: 0.5466 | IoU: 0.3245 | Tversky: 0.4887 | Hausdorff: 223.9386 | HD95: 34.5246 | LR: 0.000500
2025-08-13 20:06:04 INFO Epoch 021 | Train Loss: 0.3650 | Val Loss: 0.5656 | Dice: 0.4864 | clDice: 0.5404 | IoU: 0.3227 | Tversky: 0.4864 | Hausdorff: 282.2057 | HD95: 39.4015 | LR: 0.000500
2025-08-13 20:07:48 INFO Epoch 022 | Train Loss: 0.3651 | Val Loss: 0.5668 | Dice: 0.4872 | clDice: 0.5428 | IoU: 0.3234 | Tversky: 0.4872 | Hausdorff: 241.8154 | HD95: 37.8562 | LR: 0.000500
2025-08-13 20:09:32 INFO Epoch 023 | Train Loss: 0.3656 | Val Loss: 0.5670 | Dice: 0.4778 | clDice: 0.5311 | IoU: 0.3152 | Tversky: 0.4778 | Hausdorff: 222.3657 | HD95: 43.6804 | LR: 0.000500
2025-08-13 20:11:17 INFO Epoch 024 | Train Loss: 0.3671 | Val Loss: 0.5701 | Dice: 0.4864 | clDice: 0.5434 | IoU: 0.3225 | Tversky: 0.4864 | Hausdorff: 285.7634 | HD95: 35.1007 | LR: 0.000500
2025-08-13 20:13:05 INFO Epoch 025 | Train Loss: 0.3651 | Val Loss: 0.5645 | Dice: 0.4855 | clDice: 0.5434 | IoU: 0.3218 | Tversky: 0.4855 | Hausdorff: 222.5410 | HD95: 47.3468 | LR: 0.000500
2025-08-13 20:14:51 INFO Epoch 026 | Train Loss: 0.3628 | Val Loss: 0.5684 | Dice: 0.4795 | clDice: 0.5320 | IoU: 0.3168 | Tversky: 0.4795 | Hausdorff: 268.1780 | HD95: 41.4636 | LR: 0.000500
2025-08-13 20:16:36 INFO Epoch 027 | Train Loss: 0.3623 | Val Loss: 0.5686 | Dice: 0.4837 | clDice: 0.5385 | IoU: 0.3203 | Tversky: 0.4837 | Hausdorff: 270.6645 | HD95: 38.7891 | LR: 0.000500
2025-08-13 20:18:22 INFO Epoch 028 | Train Loss: 0.3617 | Val Loss: 0.5682 | Dice: 0.4842 | clDice: 0.5402 | IoU: 0.3205 | Tversky: 0.4842 | Hausdorff: 222.6749 | HD95: 36.7797 | LR: 0.000500
2025-08-13 20:20:08 INFO Epoch 029 | Train Loss: 0.3633 | Val Loss: 0.5658 | Dice: 0.4893 | clDice: 0.5426 | IoU: 0.3251 | Tversky: 0.4893 | Hausdorff: 221.0424 | HD95: 38.5737 | LR: 0.000500
2025-08-13 20:21:53 INFO Epoch 030 | Train Loss: 0.3645 | Val Loss: 0.5676 | Dice: 0.4938 | clDice: 0.5516 | IoU: 0.3288 | Tversky: 0.4938 | Hausdorff: 243.7685 | HD95: 33.1224 | LR: 0.000500
2025-08-13 20:23:39 INFO Epoch 031 | Train Loss: 0.3621 | Val Loss: 0.5703 | Dice: 0.4718 | clDice: 0.5222 | IoU: 0.3099 | Tversky: 0.4718 | Hausdorff: 248.2545 | HD95: 41.6938 | LR: 0.000250
2025-08-13 20:25:24 INFO Epoch 032 | Train Loss: 0.3572 | Val Loss: 0.5670 | Dice: 0.4797 | clDice: 0.5285 | IoU: 0.3170 | Tversky: 0.4797 | Hausdorff: 239.7281 | HD95: 42.9418 | LR: 0.000250
2025-08-13 20:27:08 INFO Epoch 033 | Train Loss: 0.3580 | Val Loss: 0.5667 | Dice: 0.4868 | clDice: 0.5372 | IoU: 0.3229 | Tversky: 0.4868 | Hausdorff: 228.2832 | HD95: 40.5786 | LR: 0.000250
2025-08-13 20:28:55 INFO Epoch 034 | Train Loss: 0.3571 | Val Loss: 0.5672 | Dice: 0.4902 | clDice: 0.5474 | IoU: 0.3260 | Tversky: 0.4902 | Hausdorff: 243.8427 | HD95: 40.4928 | LR: 0.000250
2025-08-13 20:30:40 INFO Early stopping at epoch 35 | Best Dice: 0.4938 at epoch 25
2025-08-13 20:31:05 INFO Fold 3 results: Dice: 0.4855 | clDice: 0.5434 | IoU: 0.3218 | Tversky: 0.4855 | Hausdorff: 222.5410 | HD95: 47.3468
2025-08-13 20:31:05 INFO ===== Fold 4 / 5 =====
2025-08-13 20:31:05 INFO Loading model unet with settings {'name': 'unet', 'encoder_name': 'resnet50', 'encoder_weights': 'imagenet', 'classes': 1, 'activation': None, 'dropout': 0.2}
2025-08-13 20:32:52 INFO Epoch 001 | Train Loss: 0.5381 | Val Loss: 0.6023 | Dice: 0.3298 | clDice: 0.3595 | IoU: 0.1980 | Tversky: 0.3298 | Hausdorff: 369.4562 | HD95: 96.4987 | LR: 0.001000
2025-08-13 20:34:38 INFO Epoch 002 | Train Loss: 0.4256 | Val Loss: 0.5786 | Dice: 0.4256 | clDice: 0.4697 | IoU: 0.2705 | Tversky: 0.4256 | Hausdorff: 317.1263 | HD95: 60.2434 | LR: 0.001000
2025-08-13 20:36:23 INFO Epoch 003 | Train Loss: 0.4034 | Val Loss: 0.5749 | Dice: 0.4329 | clDice: 0.4764 | IoU: 0.2763 | Tversky: 0.4329 | Hausdorff: 248.5920 | HD95: 55.5022 | LR: 0.001000
2025-08-13 20:38:10 INFO Epoch 004 | Train Loss: 0.3910 | Val Loss: 0.5723 | Dice: 0.4447 | clDice: 0.4819 | IoU: 0.2861 | Tversky: 0.4447 | Hausdorff: 246.0804 | HD95: 55.0450 | LR: 0.001000
2025-08-13 20:39:56 INFO Epoch 005 | Train Loss: 0.3870 | Val Loss: 0.5765 | Dice: 0.4487 | clDice: 0.4942 | IoU: 0.2894 | Tversky: 0.4487 | Hausdorff: 297.2398 | HD95: 46.1105 | LR: 0.001000
2025-08-13 20:41:44 INFO Epoch 006 | Train Loss: 0.3854 | Val Loss: 0.5775 | Dice: 0.4488 | clDice: 0.4970 | IoU: 0.2894 | Tversky: 0.4488 | Hausdorff: 229.2772 | HD95: 50.9009 | LR: 0.001000
2025-08-13 20:43:28 INFO Epoch 007 | Train Loss: 0.3839 | Val Loss: 0.5764 | Dice: 0.4314 | clDice: 0.4732 | IoU: 0.2752 | Tversky: 0.4314 | Hausdorff: 271.3577 | HD95: 89.6253 | LR: 0.001000
2025-08-13 20:45:15 INFO Epoch 008 | Train Loss: 0.3820 | Val Loss: 0.5726 | Dice: 0.4621 | clDice: 0.5062 | IoU: 0.3006 | Tversky: 0.4621 | Hausdorff: 221.4988 | HD95: 42.8665 | LR: 0.001000
2025-08-13 20:47:02 INFO Epoch 009 | Train Loss: 0.3788 | Val Loss: 0.5700 | Dice: 0.4744 | clDice: 0.5236 | IoU: 0.3112 | Tversky: 0.4744 | Hausdorff: 221.1729 | HD95: 40.8412 | LR: 0.001000
2025-08-13 20:48:48 INFO Epoch 010 | Train Loss: 0.3748 | Val Loss: 0.5737 | Dice: 0.4491 | clDice: 0.4896 | IoU: 0.2897 | Tversky: 0.4491 | Hausdorff: 213.4954 | HD95: 45.4047 | LR: 0.001000
2025-08-13 20:50:33 INFO Epoch 011 | Train Loss: 0.3770 | Val Loss: 0.5726 | Dice: 0.4572 | clDice: 0.4991 | IoU: 0.2966 | Tversky: 0.4572 | Hausdorff: 230.4721 | HD95: 41.4290 | LR: 0.001000
2025-08-13 20:52:17 INFO Epoch 012 | Train Loss: 0.3740 | Val Loss: 0.5711 | Dice: 0.4741 | clDice: 0.5213 | IoU: 0.3111 | Tversky: 0.4741 | Hausdorff: 229.8134 | HD95: 36.4414 | LR: 0.001000
2025-08-13 20:54:03 INFO Epoch 013 | Train Loss: 0.3728 | Val Loss: 0.5737 | Dice: 0.4733 | clDice: 0.5227 | IoU: 0.3103 | Tversky: 0.4733 | Hausdorff: 218.0627 | HD95: 37.8747 | LR: 0.001000
2025-08-13 20:55:50 INFO Epoch 014 | Train Loss: 0.3700 | Val Loss: 0.5725 | Dice: 0.4368 | clDice: 0.4716 | IoU: 0.2797 | Tversky: 0.4368 | Hausdorff: 232.9438 | HD95: 49.6713 | LR: 0.001000
2025-08-13 20:57:36 INFO Epoch 015 | Train Loss: 0.3754 | Val Loss: 0.5706 | Dice: 0.4737 | clDice: 0.5179 | IoU: 0.3106 | Tversky: 0.4737 | Hausdorff: 230.5960 | HD95: 34.9647 | LR: 0.000500
2025-08-13 20:59:24 INFO Epoch 016 | Train Loss: 0.3676 | Val Loss: 0.5692 | Dice: 0.4734 | clDice: 0.5184 | IoU: 0.3103 | Tversky: 0.4734 | Hausdorff: 206.9738 | HD95: 36.6831 | LR: 0.000500
2025-08-13 21:01:11 INFO Epoch 017 | Train Loss: 0.3661 | Val Loss: 0.5707 | Dice: 0.4812 | clDice: 0.5322 | IoU: 0.3172 | Tversky: 0.4812 | Hausdorff: 243.1142 | HD95: 36.5610 | LR: 0.000500
2025-08-13 21:02:57 INFO Epoch 018 | Train Loss: 0.3671 | Val Loss: 0.5688 | Dice: 0.4829 | clDice: 0.5358 | IoU: 0.3187 | Tversky: 0.4829 | Hausdorff: 219.4509 | HD95: 42.0236 | LR: 0.000500
2025-08-13 21:04:43 INFO Epoch 019 | Train Loss: 0.3663 | Val Loss: 0.5690 | Dice: 0.4736 | clDice: 0.5206 | IoU: 0.3106 | Tversky: 0.4736 | Hausdorff: 214.7389 | HD95: 36.9735 | LR: 0.000500
2025-08-13 21:06:28 INFO Epoch 020 | Train Loss: 0.3647 | Val Loss: 0.5678 | Dice: 0.4878 | clDice: 0.5398 | IoU: 0.3229 | Tversky: 0.4878 | Hausdorff: 209.1256 | HD95: 34.5482 | LR: 0.000500
2025-08-13 21:08:13 INFO Epoch 021 | Train Loss: 0.3653 | Val Loss: 0.5683 | Dice: 0.4762 | clDice: 0.5242 | IoU: 0.3127 | Tversky: 0.4762 | Hausdorff: 214.9543 | HD95: 41.7404 | LR: 0.000500
2025-08-13 21:10:00 INFO Epoch 022 | Train Loss: 0.3642 | Val Loss: 0.5693 | Dice: 0.4828 | clDice: 0.5339 | IoU: 0.3185 | Tversky: 0.4828 | Hausdorff: 228.7756 | HD95: 41.3026 | LR: 0.000500
2025-08-13 21:11:45 INFO Epoch 023 | Train Loss: 0.3653 | Val Loss: 0.5714 | Dice: 0.4812 | clDice: 0.5290 | IoU: 0.3171 | Tversky: 0.4812 | Hausdorff: 325.3548 | HD95: 33.4515 | LR: 0.000500
2025-08-13 21:13:34 INFO Epoch 024 | Train Loss: 0.3620 | Val Loss: 0.5700 | Dice: 0.4734 | clDice: 0.5189 | IoU: 0.3103 | Tversky: 0.4734 | Hausdorff: 217.1594 | HD95: 40.4770 | LR: 0.000500
2025-08-13 21:15:19 INFO Epoch 025 | Train Loss: 0.3627 | Val Loss: 0.5696 | Dice: 0.4840 | clDice: 0.5298 | IoU: 0.3196 | Tversky: 0.4840 | Hausdorff: 220.3470 | HD95: 33.0767 | LR: 0.000500
2025-08-13 21:17:06 INFO Epoch 026 | Train Loss: 0.3639 | Val Loss: 0.5710 | Dice: 0.4702 | clDice: 0.5181 | IoU: 0.3077 | Tversky: 0.4702 | Hausdorff: 212.8736 | HD95: 41.2143 | LR: 0.000250
2025-08-13 21:18:51 INFO Epoch 027 | Train Loss: 0.3598 | Val Loss: 0.5707 | Dice: 0.4761 | clDice: 0.5205 | IoU: 0.3127 | Tversky: 0.4761 | Hausdorff: 210.5057 | HD95: 33.1645 | LR: 0.000250
2025-08-13 21:20:36 INFO Epoch 028 | Train Loss: 0.3583 | Val Loss: 0.5691 | Dice: 0.4853 | clDice: 0.5354 | IoU: 0.3207 | Tversky: 0.4853 | Hausdorff: 181.7041 | HD95: 35.9026 | LR: 0.000250
2025-08-13 21:22:27 INFO Epoch 029 | Train Loss: 0.3586 | Val Loss: 0.5712 | Dice: 0.4731 | clDice: 0.5164 | IoU: 0.3100 | Tversky: 0.4731 | Hausdorff: 208.0101 | HD95: 34.9383 | LR: 0.000250
2025-08-13 21:24:14 INFO Early stopping at epoch 30 | Best Dice: 0.4878 at epoch 20
2025-08-13 21:24:39 INFO Fold 4 results: Dice: 0.4878 | clDice: 0.5398 | IoU: 0.3229 | Tversky: 0.4878 | Hausdorff: 209.1256 | HD95: 34.5482
2025-08-13 21:24:39 INFO ===== Fold 5 / 5 =====
2025-08-13 21:24:39 INFO Loading model unet with settings {'name': 'unet', 'encoder_name': 'resnet50', 'encoder_weights': 'imagenet', 'classes': 1, 'activation': None, 'dropout': 0.2}
2025-08-13 21:26:23 INFO Epoch 001 | Train Loss: 0.5025 | Val Loss: 0.5733 | Dice: 0.3613 | clDice: 0.3962 | IoU: 0.2209 | Tversky: 0.3613 | Hausdorff: 292.1108 | HD95: 113.9394 | LR: 0.001000
2025-08-13 21:28:08 INFO Epoch 002 | Train Loss: 0.4149 | Val Loss: 0.5713 | Dice: 0.4317 | clDice: 0.4760 | IoU: 0.2755 | Tversky: 0.4317 | Hausdorff: 444.4752 | HD95: 74.0932 | LR: 0.001000
2025-08-13 21:29:53 INFO Epoch 003 | Train Loss: 0.3978 | Val Loss: 0.5659 | Dice: 0.4435 | clDice: 0.4866 | IoU: 0.2852 | Tversky: 0.4435 | Hausdorff: 363.4255 | HD95: 58.9083 | LR: 0.001000
2025-08-13 21:31:43 INFO Epoch 004 | Train Loss: 0.3899 | Val Loss: 0.5679 | Dice: 0.4528 | clDice: 0.5055 | IoU: 0.2928 | Tversky: 0.4528 | Hausdorff: 219.8773 | HD95: 53.5421 | LR: 0.001000
2025-08-13 21:33:28 INFO Epoch 005 | Train Loss: 0.3892 | Val Loss: 0.5667 | Dice: 0.4303 | clDice: 0.4736 | IoU: 0.2746 | Tversky: 0.4303 | Hausdorff: 234.0168 | HD95: 76.8881 | LR: 0.001000
2025-08-13 21:35:13 INFO Epoch 006 | Train Loss: 0.3865 | Val Loss: 0.5637 | Dice: 0.4645 | clDice: 0.5192 | IoU: 0.3028 | Tversky: 0.4645 | Hausdorff: 278.8810 | HD95: 51.7439 | LR: 0.001000
2025-08-13 21:36:58 INFO Epoch 007 | Train Loss: 0.3823 | Val Loss: 0.5666 | Dice: 0.4675 | clDice: 0.5294 | IoU: 0.3052 | Tversky: 0.4675 | Hausdorff: 224.7318 | HD95: 48.0715 | LR: 0.001000
2025-08-13 21:38:43 INFO Epoch 008 | Train Loss: 0.3796 | Val Loss: 0.5634 | Dice: 0.4591 | clDice: 0.5035 | IoU: 0.2982 | Tversky: 0.4591 | Hausdorff: 249.0224 | HD95: 44.7542 | LR: 0.001000
2025-08-13 21:40:27 INFO Epoch 009 | Train Loss: 0.3793 | Val Loss: 0.5619 | Dice: 0.4622 | clDice: 0.5070 | IoU: 0.3009 | Tversky: 0.4622 | Hausdorff: 235.6077 | HD95: 54.9124 | LR: 0.001000
2025-08-13 21:42:14 INFO Epoch 010 | Train Loss: 0.3805 | Val Loss: 0.5668 | Dice: 0.4594 | clDice: 0.5103 | IoU: 0.2985 | Tversky: 0.4594 | Hausdorff: 253.7387 | HD95: 45.5383 | LR: 0.001000
2025-08-13 21:43:57 INFO Epoch 011 | Train Loss: 0.3794 | Val Loss: 0.5641 | Dice: 0.4677 | clDice: 0.5183 | IoU: 0.3056 | Tversky: 0.4677 | Hausdorff: 221.9894 | HD95: 44.4546 | LR: 0.001000
2025-08-13 21:45:41 INFO Epoch 012 | Train Loss: 0.3762 | Val Loss: 0.5629 | Dice: 0.4725 | clDice: 0.5255 | IoU: 0.3097 | Tversky: 0.4725 | Hausdorff: 233.1159 | HD95: 41.7025 | LR: 0.001000
2025-08-13 21:47:26 INFO Epoch 013 | Train Loss: 0.3749 | Val Loss: 0.5658 | Dice: 0.4777 | clDice: 0.5314 | IoU: 0.3141 | Tversky: 0.4777 | Hausdorff: 203.8316 | HD95: 40.6956 | LR: 0.001000
2025-08-13 21:49:12 INFO Epoch 014 | Train Loss: 0.3767 | Val Loss: 0.5618 | Dice: 0.4563 | clDice: 0.5024 | IoU: 0.2959 | Tversky: 0.4563 | Hausdorff: 266.6634 | HD95: 63.7735 | LR: 0.001000
2025-08-13 21:50:56 INFO Epoch 015 | Train Loss: 0.3730 | Val Loss: 0.5620 | Dice: 0.4639 | clDice: 0.5129 | IoU: 0.3024 | Tversky: 0.4639 | Hausdorff: 220.3747 | HD95: 53.8145 | LR: 0.000500
2025-08-13 21:52:40 INFO Epoch 016 | Train Loss: 0.3710 | Val Loss: 0.5637 | Dice: 0.4732 | clDice: 0.5254 | IoU: 0.3102 | Tversky: 0.4732 | Hausdorff: 253.4321 | HD95: 39.6428 | LR: 0.000500
2025-08-13 21:54:26 INFO Epoch 017 | Train Loss: 0.3688 | Val Loss: 0.5624 | Dice: 0.4798 | clDice: 0.5332 | IoU: 0.3160 | Tversky: 0.4798 | Hausdorff: 215.0386 | HD95: 36.1347 | LR: 0.000500
2025-08-13 21:56:11 INFO Epoch 018 | Train Loss: 0.3689 | Val Loss: 0.5618 | Dice: 0.4749 | clDice: 0.5237 | IoU: 0.3119 | Tversky: 0.4749 | Hausdorff: 214.3257 | HD95: 37.7318 | LR: 0.000500
2025-08-13 21:57:57 INFO Epoch 019 | Train Loss: 0.3683 | Val Loss: 0.5629 | Dice: 0.4796 | clDice: 0.5339 | IoU: 0.3157 | Tversky: 0.4796 | Hausdorff: 210.4745 | HD95: 35.8931 | LR: 0.000500
2025-08-13 21:59:41 INFO Epoch 020 | Train Loss: 0.3668 | Val Loss: 0.5632 | Dice: 0.4779 | clDice: 0.5320 | IoU: 0.3143 | Tversky: 0.4779 | Hausdorff: 201.8100 | HD95: 37.9070 | LR: 0.000500
2025-08-13 22:01:26 INFO Epoch 021 | Train Loss: 0.3664 | Val Loss: 0.5616 | Dice: 0.4806 | clDice: 0.5348 | IoU: 0.3167 | Tversky: 0.4806 | Hausdorff: 211.9105 | HD95: 35.9196 | LR: 0.000500
2025-08-13 22:03:12 INFO Epoch 022 | Train Loss: 0.3661 | Val Loss: 0.5617 | Dice: 0.4806 | clDice: 0.5325 | IoU: 0.3167 | Tversky: 0.4806 | Hausdorff: 209.1674 | HD95: 35.0940 | LR: 0.000500
2025-08-13 22:04:58 INFO Epoch 023 | Train Loss: 0.3642 | Val Loss: 0.5626 | Dice: 0.4827 | clDice: 0.5366 | IoU: 0.3185 | Tversky: 0.4827 | Hausdorff: 214.0679 | HD95: 35.3333 | LR: 0.000500
2025-08-13 22:06:46 INFO Epoch 024 | Train Loss: 0.3638 | Val Loss: 0.5623 | Dice: 0.4754 | clDice: 0.5242 | IoU: 0.3122 | Tversky: 0.4754 | Hausdorff: 217.4388 | HD95: 44.1024 | LR: 0.000500
2025-08-13 22:08:31 INFO Epoch 025 | Train Loss: 0.3652 | Val Loss: 0.5632 | Dice: 0.4717 | clDice: 0.5227 | IoU: 0.3090 | Tversky: 0.4717 | Hausdorff: 218.8182 | HD95: 37.4979 | LR: 0.000500
2025-08-13 22:10:16 INFO Epoch 026 | Train Loss: 0.3630 | Val Loss: 0.5623 | Dice: 0.4841 | clDice: 0.5376 | IoU: 0.3196 | Tversky: 0.4841 | Hausdorff: 225.0579 | HD95: 37.6595 | LR: 0.000500
2025-08-13 22:12:01 INFO Epoch 027 | Train Loss: 0.3656 | Val Loss: 0.5633 | Dice: 0.4701 | clDice: 0.5187 | IoU: 0.3076 | Tversky: 0.4701 | Hausdorff: 224.9341 | HD95: 41.0183 | LR: 0.000250
2025-08-13 22:13:47 INFO Epoch 028 | Train Loss: 0.3624 | Val Loss: 0.5623 | Dice: 0.4863 | clDice: 0.5404 | IoU: 0.3216 | Tversky: 0.4863 | Hausdorff: 204.6697 | HD95: 34.4091 | LR: 0.000250
2025-08-13 22:15:31 INFO Epoch 029 | Train Loss: 0.3616 | Val Loss: 0.5621 | Dice: 0.4891 | clDice: 0.5462 | IoU: 0.3241 | Tversky: 0.4891 | Hausdorff: 376.8300 | HD95: 34.2074 | LR: 0.000250
2025-08-13 22:17:16 INFO Epoch 030 | Train Loss: 0.3595 | Val Loss: 0.5627 | Dice: 0.4864 | clDice: 0.5425 | IoU: 0.3216 | Tversky: 0.4864 | Hausdorff: 282.0088 | HD95: 34.5707 | LR: 0.000250
2025-08-13 22:19:01 INFO Early stopping at epoch 31 | Best Dice: 0.4891 at epoch 21
2025-08-13 22:19:25 INFO Fold 5 results: Dice: 0.4806 | clDice: 0.5348 | IoU: 0.3167 | Tversky: 0.4806 | Hausdorff: 211.9105 | HD95: 35.9196
2025-08-13 22:19:25 INFO ===== Cross-validation results =====
2025-08-13 22:19:25 INFO Dice: 0.4790 | clDice: 0.5289 | IoU: 0.3156 | Tversky: 0.4790 | Hausdorff: 231.3010 | HD95: 39.4594
