2025-08-15 00:47:19 INFO Starting training with configuration: {'model': {'name': 'unet', 'encoder_name': 'resnet50', 'encoder_weights': 'imagenet', 'classes': 1, 'activation': None, 'dropout': 0.2}, 'dataset': {'root': '/data/smadper@alumno.upv.es/TFM/datasets/laticifers', 'patch_size': [512, 512], 'stride': [256, 256], 'num_patches': 40, 'num_workers': 4, 'positive_ratio': 0.8, 'fg_threshold': 0.04, 'feature_dirs': {'image': '/data/smadper@alumno.upv.es/TFM/datasets/laticifers/enhanced_images', 'mask': '/data/smadper@alumno.upv.es/TFM/datasets/laticifers/masks', 'distance': '/data/smadper@alumno.upv.es/TFM/datasets/laticifers/distance_maps_pt'}}, 'train': {'batch_size': 32, 'num_epochs': 50, 'learning_rate': 0.001, 'accumulation_steps': 1, 'save_dir': '/data/smadper@alumno.upv.es/TFM/checkpoints_cv/unet/20250815_004719_unet_resnet50_bce1_dice0.5', 'log_interval': 1, 'patience': 10, 'mixed_precision': True, 'experiment_name': 'unet_resnet50_bce1_dice0.5', 'timestamp': '20250815_004719'}, 'test': {'batch_size': 1}, 'loss': {'name': 'bce', 'cldice_alpha': 0.2, 'use_topographic': False, 'combine_with': 'dice', 'weights': {'main': 1.0, 'combined': 0.5}, 'topo': {'alpha': 2.0, 'beta': 1.0}}}
2025-08-15 00:47:19 INFO Experiment name: unet_resnet50_bce1_dice0.5
2025-08-15 00:47:19 INFO ===== Fold 1 / 5 =====
2025-08-15 00:47:19 INFO Loading model unet with settings {'name': 'unet', 'encoder_name': 'resnet50', 'encoder_weights': 'imagenet', 'classes': 1, 'activation': None, 'dropout': 0.2}
2025-08-15 00:50:55 INFO Epoch 001 | Train Loss: 0.7518 | Val Loss: 0.9425 | Dice: 0.0922 | clDice: 0.0826 | IoU: 0.0485 | Tversky: 0.0922 | Hausdorff: 687.3952 | HD95: 329.2733 | LR: 0.001000
2025-08-15 00:54:32 INFO Epoch 002 | Train Loss: 0.5511 | Val Loss: 0.6238 | Dice: 0.3798 | clDice: 0.4062 | IoU: 0.2346 | Tversky: 0.3798 | Hausdorff: 403.9531 | HD95: 77.2025 | LR: 0.001000
2025-08-15 00:58:06 INFO Epoch 003 | Train Loss: 0.5036 | Val Loss: 0.6322 | Dice: 0.4039 | clDice: 0.4327 | IoU: 0.2535 | Tversky: 0.4039 | Hausdorff: 554.8229 | HD95: 83.4839 | LR: 0.001000
2025-08-15 01:01:44 INFO Epoch 004 | Train Loss: 0.4895 | Val Loss: 0.6159 | Dice: 0.4279 | clDice: 0.4574 | IoU: 0.2726 | Tversky: 0.4279 | Hausdorff: 385.0614 | HD95: 61.9274 | LR: 0.001000
2025-08-15 01:05:20 INFO Epoch 005 | Train Loss: 0.4821 | Val Loss: 0.6184 | Dice: 0.4530 | clDice: 0.4973 | IoU: 0.2931 | Tversky: 0.4530 | Hausdorff: 253.5497 | HD95: 55.1241 | LR: 0.001000
2025-08-15 01:08:54 INFO Epoch 006 | Train Loss: 0.4762 | Val Loss: 0.6178 | Dice: 0.4343 | clDice: 0.4695 | IoU: 0.2776 | Tversky: 0.4343 | Hausdorff: 265.6791 | HD95: 58.5686 | LR: 0.001000
2025-08-15 01:12:31 INFO Epoch 007 | Train Loss: 0.4757 | Val Loss: 0.6124 | Dice: 0.4470 | clDice: 0.4874 | IoU: 0.2886 | Tversky: 0.4470 | Hausdorff: 256.2287 | HD95: 53.8260 | LR: 0.001000
2025-08-15 01:16:02 INFO Epoch 008 | Train Loss: 0.4717 | Val Loss: 0.6057 | Dice: 0.4571 | clDice: 0.4965 | IoU: 0.2966 | Tversky: 0.4571 | Hausdorff: 230.3647 | HD95: 47.4932 | LR: 0.001000
2025-08-15 01:19:34 INFO Epoch 009 | Train Loss: 0.4629 | Val Loss: 0.6153 | Dice: 0.4465 | clDice: 0.4836 | IoU: 0.2879 | Tversky: 0.4465 | Hausdorff: 278.9297 | HD95: 66.4997 | LR: 0.001000
2025-08-15 01:23:08 INFO Epoch 010 | Train Loss: 0.4659 | Val Loss: 0.6063 | Dice: 0.4288 | clDice: 0.4597 | IoU: 0.2735 | Tversky: 0.4288 | Hausdorff: 236.8594 | HD95: 64.0721 | LR: 0.001000
2025-08-15 01:26:36 INFO Epoch 011 | Train Loss: 0.4609 | Val Loss: 0.6089 | Dice: 0.4371 | clDice: 0.4678 | IoU: 0.2801 | Tversky: 0.4371 | Hausdorff: 269.6569 | HD95: 54.7349 | LR: 0.001000
2025-08-15 01:30:05 INFO Epoch 012 | Train Loss: 0.4666 | Val Loss: 0.6063 | Dice: 0.4625 | clDice: 0.5028 | IoU: 0.3013 | Tversky: 0.4625 | Hausdorff: 230.6920 | HD95: 41.7858 | LR: 0.001000
2025-08-15 01:33:36 INFO Epoch 013 | Train Loss: 0.4631 | Val Loss: 0.6115 | Dice: 0.4659 | clDice: 0.5063 | IoU: 0.3043 | Tversky: 0.4659 | Hausdorff: 257.4595 | HD95: 42.7786 | LR: 0.001000
2025-08-15 01:37:08 INFO Epoch 014 | Train Loss: 0.4604 | Val Loss: 0.6090 | Dice: 0.4680 | clDice: 0.5072 | IoU: 0.3059 | Tversky: 0.4680 | Hausdorff: 240.2202 | HD95: 43.3191 | LR: 0.000500
2025-08-15 01:40:41 INFO Epoch 015 | Train Loss: 0.4535 | Val Loss: 0.6051 | Dice: 0.4650 | clDice: 0.5050 | IoU: 0.3034 | Tversky: 0.4650 | Hausdorff: 229.9052 | HD95: 38.0425 | LR: 0.000500
2025-08-15 01:44:09 INFO Epoch 016 | Train Loss: 0.4531 | Val Loss: 0.6066 | Dice: 0.4766 | clDice: 0.5209 | IoU: 0.3133 | Tversky: 0.4766 | Hausdorff: 225.2720 | HD95: 37.9428 | LR: 0.000500
2025-08-15 01:47:39 INFO Epoch 017 | Train Loss: 0.4530 | Val Loss: 0.6059 | Dice: 0.4664 | clDice: 0.5047 | IoU: 0.3047 | Tversky: 0.4664 | Hausdorff: 234.5793 | HD95: 35.7425 | LR: 0.000500
2025-08-15 01:51:09 INFO Epoch 018 | Train Loss: 0.4538 | Val Loss: 0.6052 | Dice: 0.4583 | clDice: 0.4934 | IoU: 0.2978 | Tversky: 0.4583 | Hausdorff: 229.8349 | HD95: 40.5344 | LR: 0.000500
2025-08-15 01:54:38 INFO Epoch 019 | Train Loss: 0.4477 | Val Loss: 0.6080 | Dice: 0.4586 | clDice: 0.4954 | IoU: 0.2981 | Tversky: 0.4586 | Hausdorff: 232.2349 | HD95: 38.0823 | LR: 0.000500
2025-08-15 01:58:09 INFO Epoch 020 | Train Loss: 0.4509 | Val Loss: 0.6076 | Dice: 0.4692 | clDice: 0.5126 | IoU: 0.3071 | Tversky: 0.4692 | Hausdorff: 229.2202 | HD95: 40.3256 | LR: 0.000500
2025-08-15 02:01:36 INFO Epoch 021 | Train Loss: 0.4472 | Val Loss: 0.6039 | Dice: 0.4736 | clDice: 0.5136 | IoU: 0.3108 | Tversky: 0.4736 | Hausdorff: 236.9214 | HD95: 33.9283 | LR: 0.000500
2025-08-15 02:05:05 INFO Epoch 022 | Train Loss: 0.4486 | Val Loss: 0.6061 | Dice: 0.4571 | clDice: 0.4942 | IoU: 0.2969 | Tversky: 0.4571 | Hausdorff: 230.4460 | HD95: 45.3563 | LR: 0.000500
2025-08-15 02:08:36 INFO Epoch 023 | Train Loss: 0.4499 | Val Loss: 0.6069 | Dice: 0.4644 | clDice: 0.5045 | IoU: 0.3029 | Tversky: 0.4644 | Hausdorff: 225.5936 | HD95: 41.1790 | LR: 0.000500
2025-08-15 02:12:03 INFO Epoch 024 | Train Loss: 0.4458 | Val Loss: 0.6081 | Dice: 0.4512 | clDice: 0.4874 | IoU: 0.2918 | Tversky: 0.4512 | Hausdorff: 232.5774 | HD95: 40.1510 | LR: 0.000500
2025-08-15 02:15:33 INFO Epoch 025 | Train Loss: 0.4491 | Val Loss: 0.6081 | Dice: 0.4480 | clDice: 0.4827 | IoU: 0.2893 | Tversky: 0.4480 | Hausdorff: 228.8353 | HD95: 37.4059 | LR: 0.000500
2025-08-15 02:19:02 INFO Epoch 026 | Train Loss: 0.4479 | Val Loss: 0.6068 | Dice: 0.4714 | clDice: 0.5133 | IoU: 0.3089 | Tversky: 0.4714 | Hausdorff: 419.5136 | HD95: 36.8040 | LR: 0.000500
2025-08-15 02:22:33 INFO Epoch 027 | Train Loss: 0.4456 | Val Loss: 0.6088 | Dice: 0.4648 | clDice: 0.5041 | IoU: 0.3032 | Tversky: 0.4648 | Hausdorff: 227.4288 | HD95: 33.7053 | LR: 0.000250
2025-08-15 02:26:05 INFO Epoch 028 | Train Loss: 0.4442 | Val Loss: 0.6048 | Dice: 0.4726 | clDice: 0.5148 | IoU: 0.3101 | Tversky: 0.4726 | Hausdorff: 241.0086 | HD95: 39.3899 | LR: 0.000250
2025-08-15 02:29:32 INFO Epoch 029 | Train Loss: 0.4431 | Val Loss: 0.6054 | Dice: 0.4700 | clDice: 0.5105 | IoU: 0.3078 | Tversky: 0.4700 | Hausdorff: 316.7281 | HD95: 38.8964 | LR: 0.000250
2025-08-15 02:33:01 INFO Epoch 030 | Train Loss: 0.4415 | Val Loss: 0.6078 | Dice: 0.4719 | clDice: 0.5113 | IoU: 0.3093 | Tversky: 0.4719 | Hausdorff: 355.1579 | HD95: 35.5773 | LR: 0.000250
2025-08-15 02:36:29 INFO Early stopping at epoch 31 | Best Dice: 0.4766 at epoch 21
2025-08-15 02:37:16 INFO Fold 1 results: Dice: 0.4736 | clDice: 0.5136 | IoU: 0.3108 | Tversky: 0.4736 | Hausdorff: 236.9214 | HD95: 33.9283
2025-08-15 02:37:16 INFO ===== Fold 2 / 5 =====
2025-08-15 02:37:16 INFO Loading model unet with settings {'name': 'unet', 'encoder_name': 'resnet50', 'encoder_weights': 'imagenet', 'classes': 1, 'activation': None, 'dropout': 0.2}
2025-08-15 02:40:44 INFO Epoch 001 | Train Loss: 0.6822 | Val Loss: 0.6560 | Dice: 0.2240 | clDice: 0.2341 | IoU: 0.1289 | Tversky: 0.2240 | Hausdorff: 426.3524 | HD95: 171.1966 | LR: 0.001000
2025-08-15 02:44:15 INFO Epoch 002 | Train Loss: 0.5183 | Val Loss: 0.6311 | Dice: 0.4192 | clDice: 0.4530 | IoU: 0.2658 | Tversky: 0.4192 | Hausdorff: 354.9085 | HD95: 57.1764 | LR: 0.001000
2025-08-15 02:47:48 INFO Epoch 003 | Train Loss: 0.4937 | Val Loss: 0.6287 | Dice: 0.4348 | clDice: 0.4690 | IoU: 0.2785 | Tversky: 0.4348 | Hausdorff: 325.6830 | HD95: 55.1636 | LR: 0.001000
2025-08-15 02:51:23 INFO Epoch 004 | Train Loss: 0.4829 | Val Loss: 0.6291 | Dice: 0.4309 | clDice: 0.4660 | IoU: 0.2754 | Tversky: 0.4309 | Hausdorff: 325.2119 | HD95: 64.2732 | LR: 0.001000
2025-08-15 02:54:56 INFO Epoch 005 | Train Loss: 0.4750 | Val Loss: 0.6280 | Dice: 0.4406 | clDice: 0.4738 | IoU: 0.2834 | Tversky: 0.4406 | Hausdorff: 356.3446 | HD95: 56.5689 | LR: 0.001000
2025-08-15 02:58:31 INFO Epoch 006 | Train Loss: 0.4736 | Val Loss: 0.6351 | Dice: 0.4444 | clDice: 0.4865 | IoU: 0.2862 | Tversky: 0.4444 | Hausdorff: 283.6616 | HD95: 47.8456 | LR: 0.001000
2025-08-15 03:02:01 INFO Epoch 007 | Train Loss: 0.4709 | Val Loss: 0.6237 | Dice: 0.4507 | clDice: 0.4867 | IoU: 0.2916 | Tversky: 0.4507 | Hausdorff: 277.8250 | HD95: 39.8999 | LR: 0.001000
2025-08-15 03:05:33 INFO Epoch 008 | Train Loss: 0.4643 | Val Loss: 0.6226 | Dice: 0.4477 | clDice: 0.4824 | IoU: 0.2893 | Tversky: 0.4477 | Hausdorff: 300.6194 | HD95: 51.4652 | LR: 0.001000
2025-08-15 03:09:06 INFO Epoch 009 | Train Loss: 0.4661 | Val Loss: 0.6223 | Dice: 0.4317 | clDice: 0.4628 | IoU: 0.2759 | Tversky: 0.4317 | Hausdorff: 283.3087 | HD95: 50.0658 | LR: 0.001000
2025-08-15 03:12:38 INFO Epoch 010 | Train Loss: 0.4637 | Val Loss: 0.6235 | Dice: 0.4547 | clDice: 0.4905 | IoU: 0.2947 | Tversky: 0.4547 | Hausdorff: 253.4615 | HD95: 37.8321 | LR: 0.001000
2025-08-15 03:16:13 INFO Epoch 011 | Train Loss: 0.4591 | Val Loss: 0.6242 | Dice: 0.4581 | clDice: 0.4948 | IoU: 0.2981 | Tversky: 0.4581 | Hausdorff: 302.2655 | HD95: 45.1497 | LR: 0.001000
2025-08-15 03:19:43 INFO Epoch 012 | Train Loss: 0.4628 | Val Loss: 0.6236 | Dice: 0.4524 | clDice: 0.4899 | IoU: 0.2931 | Tversky: 0.4524 | Hausdorff: 345.6450 | HD95: 47.7965 | LR: 0.001000
2025-08-15 03:23:17 INFO Epoch 013 | Train Loss: 0.4572 | Val Loss: 0.6222 | Dice: 0.4702 | clDice: 0.5095 | IoU: 0.3080 | Tversky: 0.4702 | Hausdorff: 284.8171 | HD95: 36.8024 | LR: 0.001000
2025-08-15 03:26:53 INFO Epoch 014 | Train Loss: 0.4602 | Val Loss: 0.6289 | Dice: 0.4613 | clDice: 0.5016 | IoU: 0.3003 | Tversky: 0.4613 | Hausdorff: 324.4709 | HD95: 39.6419 | LR: 0.001000
2025-08-15 03:30:23 INFO Epoch 015 | Train Loss: 0.4580 | Val Loss: 0.6255 | Dice: 0.4551 | clDice: 0.4927 | IoU: 0.2953 | Tversky: 0.4551 | Hausdorff: 251.4656 | HD95: 43.2428 | LR: 0.001000
2025-08-15 03:33:59 INFO Epoch 016 | Train Loss: 0.4512 | Val Loss: 0.6249 | Dice: 0.4663 | clDice: 0.5047 | IoU: 0.3048 | Tversky: 0.4663 | Hausdorff: 301.7673 | HD95: 34.5658 | LR: 0.001000
2025-08-15 03:37:29 INFO Epoch 017 | Train Loss: 0.4563 | Val Loss: 0.6224 | Dice: 0.4732 | clDice: 0.5124 | IoU: 0.3105 | Tversky: 0.4732 | Hausdorff: 258.7348 | HD95: 38.3499 | LR: 0.001000
2025-08-15 03:41:01 INFO Epoch 018 | Train Loss: 0.4543 | Val Loss: 0.6214 | Dice: 0.4685 | clDice: 0.5066 | IoU: 0.3065 | Tversky: 0.4685 | Hausdorff: 329.7144 | HD95: 34.4024 | LR: 0.001000
2025-08-15 03:44:39 INFO Epoch 019 | Train Loss: 0.4555 | Val Loss: 0.6275 | Dice: 0.4692 | clDice: 0.5071 | IoU: 0.3069 | Tversky: 0.4692 | Hausdorff: 292.5478 | HD95: 35.9657 | LR: 0.001000
2025-08-15 03:48:13 INFO Epoch 020 | Train Loss: 0.4554 | Val Loss: 0.6186 | Dice: 0.4691 | clDice: 0.5082 | IoU: 0.3071 | Tversky: 0.4691 | Hausdorff: 278.4879 | HD95: 42.0495 | LR: 0.001000
2025-08-15 03:51:46 INFO Epoch 021 | Train Loss: 0.4518 | Val Loss: 0.6209 | Dice: 0.4743 | clDice: 0.5159 | IoU: 0.3114 | Tversky: 0.4743 | Hausdorff: 317.3778 | HD95: 34.5090 | LR: 0.001000
2025-08-15 03:55:16 INFO Epoch 022 | Train Loss: 0.4520 | Val Loss: 0.6174 | Dice: 0.4636 | clDice: 0.5020 | IoU: 0.3023 | Tversky: 0.4636 | Hausdorff: 355.8266 | HD95: 43.8750 | LR: 0.001000
2025-08-15 03:58:49 INFO Epoch 023 | Train Loss: 0.4500 | Val Loss: 0.6233 | Dice: 0.4631 | clDice: 0.5000 | IoU: 0.3019 | Tversky: 0.4631 | Hausdorff: 285.9141 | HD95: 35.7566 | LR: 0.001000
2025-08-15 04:02:25 INFO Epoch 024 | Train Loss: 0.4472 | Val Loss: 0.6208 | Dice: 0.4644 | clDice: 0.5032 | IoU: 0.3033 | Tversky: 0.4644 | Hausdorff: 311.9912 | HD95: 46.2715 | LR: 0.001000
2025-08-15 04:05:56 INFO Epoch 025 | Train Loss: 0.4495 | Val Loss: 0.6220 | Dice: 0.4729 | clDice: 0.5137 | IoU: 0.3104 | Tversky: 0.4729 | Hausdorff: 288.0451 | HD95: 38.0291 | LR: 0.001000
2025-08-15 04:09:29 INFO Epoch 026 | Train Loss: 0.4489 | Val Loss: 0.6202 | Dice: 0.4693 | clDice: 0.5091 | IoU: 0.3072 | Tversky: 0.4693 | Hausdorff: 331.2214 | HD95: 42.5507 | LR: 0.001000
2025-08-15 04:12:58 INFO Epoch 027 | Train Loss: 0.4488 | Val Loss: 0.6254 | Dice: 0.4440 | clDice: 0.4803 | IoU: 0.2858 | Tversky: 0.4440 | Hausdorff: 440.1801 | HD95: 62.1341 | LR: 0.001000
2025-08-15 04:16:31 INFO Epoch 028 | Train Loss: 0.4462 | Val Loss: 0.6230 | Dice: 0.4637 | clDice: 0.5019 | IoU: 0.3028 | Tversky: 0.4637 | Hausdorff: 332.2803 | HD95: 47.7230 | LR: 0.000500
2025-08-15 04:20:03 INFO Epoch 029 | Train Loss: 0.4458 | Val Loss: 0.6210 | Dice: 0.4617 | clDice: 0.5006 | IoU: 0.3009 | Tversky: 0.4617 | Hausdorff: 301.2957 | HD95: 41.1318 | LR: 0.000500
2025-08-15 04:23:34 INFO Epoch 030 | Train Loss: 0.4430 | Val Loss: 0.6194 | Dice: 0.4680 | clDice: 0.5056 | IoU: 0.3063 | Tversky: 0.4680 | Hausdorff: 317.0865 | HD95: 38.4429 | LR: 0.000500
2025-08-15 04:27:06 INFO Epoch 031 | Train Loss: 0.4415 | Val Loss: 0.6216 | Dice: 0.4666 | clDice: 0.5052 | IoU: 0.3049 | Tversky: 0.4666 | Hausdorff: 386.4821 | HD95: 37.2138 | LR: 0.000500
2025-08-15 04:30:42 INFO Early stopping at epoch 32 | Best Dice: 0.4743 at epoch 22
2025-08-15 04:31:30 INFO Fold 2 results: Dice: 0.4636 | clDice: 0.5020 | IoU: 0.3023 | Tversky: 0.4636 | Hausdorff: 355.8266 | HD95: 43.8750
2025-08-15 04:31:30 INFO ===== Fold 3 / 5 =====
2025-08-15 04:31:30 INFO Loading model unet with settings {'name': 'unet', 'encoder_name': 'resnet50', 'encoder_weights': 'imagenet', 'classes': 1, 'activation': None, 'dropout': 0.2}
2025-08-15 04:34:59 INFO Epoch 001 | Train Loss: 0.8284 | Val Loss: 0.6970 | Dice: 0.1931 | clDice: 0.2019 | IoU: 0.1084 | Tversky: 0.1931 | Hausdorff: 532.3594 | HD95: 157.8334 | LR: 0.001000
2025-08-15 04:38:28 INFO Epoch 002 | Train Loss: 0.5637 | Val Loss: 0.6381 | Dice: 0.3000 | clDice: 0.3148 | IoU: 0.1778 | Tversky: 0.3000 | Hausdorff: 443.9677 | HD95: 108.5073 | LR: 0.001000
2025-08-15 04:42:03 INFO Epoch 003 | Train Loss: 0.5046 | Val Loss: 0.6532 | Dice: 0.4437 | clDice: 0.4947 | IoU: 0.2856 | Tversky: 0.4437 | Hausdorff: 391.9577 | HD95: 65.2047 | LR: 0.001000
2025-08-15 04:45:36 INFO Epoch 004 | Train Loss: 0.4879 | Val Loss: 0.6299 | Dice: 0.4333 | clDice: 0.4643 | IoU: 0.2776 | Tversky: 0.4333 | Hausdorff: 364.3986 | HD95: 49.8490 | LR: 0.001000
2025-08-15 04:49:05 INFO Epoch 005 | Train Loss: 0.4790 | Val Loss: 0.6244 | Dice: 0.4262 | clDice: 0.4590 | IoU: 0.2722 | Tversky: 0.4262 | Hausdorff: 254.9031 | HD95: 57.0331 | LR: 0.001000
2025-08-15 04:52:35 INFO Epoch 006 | Train Loss: 0.4719 | Val Loss: 0.6192 | Dice: 0.4274 | clDice: 0.4613 | IoU: 0.2733 | Tversky: 0.4274 | Hausdorff: 240.0295 | HD95: 57.0338 | LR: 0.001000
2025-08-15 04:56:06 INFO Epoch 007 | Train Loss: 0.4708 | Val Loss: 0.6229 | Dice: 0.4387 | clDice: 0.4798 | IoU: 0.2824 | Tversky: 0.4387 | Hausdorff: 252.9818 | HD95: 53.7689 | LR: 0.001000
2025-08-15 04:59:38 INFO Epoch 008 | Train Loss: 0.4696 | Val Loss: 0.6284 | Dice: 0.4542 | clDice: 0.5006 | IoU: 0.2951 | Tversky: 0.4542 | Hausdorff: 278.0140 | HD95: 45.6919 | LR: 0.001000
2025-08-15 05:03:12 INFO Epoch 009 | Train Loss: 0.4674 | Val Loss: 0.6205 | Dice: 0.4687 | clDice: 0.5152 | IoU: 0.3073 | Tversky: 0.4687 | Hausdorff: 245.6049 | HD95: 41.1504 | LR: 0.001000
2025-08-15 05:06:40 INFO Epoch 010 | Train Loss: 0.4641 | Val Loss: 0.6221 | Dice: 0.4596 | clDice: 0.5039 | IoU: 0.2997 | Tversky: 0.4596 | Hausdorff: 226.1415 | HD95: 48.0998 | LR: 0.001000
2025-08-15 05:10:17 INFO Epoch 011 | Train Loss: 0.4609 | Val Loss: 0.6328 | Dice: 0.4585 | clDice: 0.5029 | IoU: 0.2984 | Tversky: 0.4585 | Hausdorff: 251.9145 | HD95: 54.5285 | LR: 0.001000
2025-08-15 05:13:51 INFO Epoch 012 | Train Loss: 0.4615 | Val Loss: 0.6273 | Dice: 0.4662 | clDice: 0.5172 | IoU: 0.3052 | Tversky: 0.4662 | Hausdorff: 336.6182 | HD95: 42.8141 | LR: 0.000500
2025-08-15 05:17:23 INFO Epoch 013 | Train Loss: 0.4526 | Val Loss: 0.6158 | Dice: 0.4775 | clDice: 0.5259 | IoU: 0.3149 | Tversky: 0.4775 | Hausdorff: 272.8329 | HD95: 45.4689 | LR: 0.000500
2025-08-15 05:20:57 INFO Epoch 014 | Train Loss: 0.4567 | Val Loss: 0.6183 | Dice: 0.4780 | clDice: 0.5255 | IoU: 0.3154 | Tversky: 0.4780 | Hausdorff: 247.8870 | HD95: 37.6527 | LR: 0.000500
2025-08-15 05:24:27 INFO Epoch 015 | Train Loss: 0.4536 | Val Loss: 0.6150 | Dice: 0.4797 | clDice: 0.5282 | IoU: 0.3168 | Tversky: 0.4797 | Hausdorff: 250.1453 | HD95: 39.5061 | LR: 0.000500
2025-08-15 05:27:57 INFO Epoch 016 | Train Loss: 0.4498 | Val Loss: 0.6214 | Dice: 0.4748 | clDice: 0.5244 | IoU: 0.3127 | Tversky: 0.4748 | Hausdorff: 276.3584 | HD95: 39.8213 | LR: 0.000500
2025-08-15 05:31:28 INFO Epoch 017 | Train Loss: 0.4488 | Val Loss: 0.6181 | Dice: 0.4836 | clDice: 0.5332 | IoU: 0.3202 | Tversky: 0.4836 | Hausdorff: 240.8486 | HD95: 39.2804 | LR: 0.000500
2025-08-15 05:35:00 INFO Epoch 018 | Train Loss: 0.4479 | Val Loss: 0.6183 | Dice: 0.4773 | clDice: 0.5231 | IoU: 0.3149 | Tversky: 0.4773 | Hausdorff: 239.9416 | HD95: 35.6731 | LR: 0.000500
2025-08-15 05:38:34 INFO Epoch 019 | Train Loss: 0.4515 | Val Loss: 0.6191 | Dice: 0.4745 | clDice: 0.5211 | IoU: 0.3126 | Tversky: 0.4745 | Hausdorff: 254.1711 | HD95: 44.1210 | LR: 0.000500
2025-08-15 05:42:06 INFO Epoch 020 | Train Loss: 0.4512 | Val Loss: 0.6207 | Dice: 0.4891 | clDice: 0.5433 | IoU: 0.3248 | Tversky: 0.4891 | Hausdorff: 281.5198 | HD95: 33.3290 | LR: 0.000500
2025-08-15 05:45:41 INFO Epoch 021 | Train Loss: 0.4476 | Val Loss: 0.6154 | Dice: 0.4846 | clDice: 0.5332 | IoU: 0.3210 | Tversky: 0.4846 | Hausdorff: 254.1734 | HD95: 34.8717 | LR: 0.000250
2025-08-15 05:49:16 INFO Epoch 022 | Train Loss: 0.4415 | Val Loss: 0.6210 | Dice: 0.4591 | clDice: 0.4997 | IoU: 0.2997 | Tversky: 0.4591 | Hausdorff: 277.9860 | HD95: 45.8238 | LR: 0.000250
2025-08-15 05:52:47 INFO Epoch 023 | Train Loss: 0.4453 | Val Loss: 0.6206 | Dice: 0.4669 | clDice: 0.5086 | IoU: 0.3060 | Tversky: 0.4669 | Hausdorff: 248.1993 | HD95: 41.5435 | LR: 0.000250
2025-08-15 05:56:22 INFO Epoch 024 | Train Loss: 0.4411 | Val Loss: 0.6182 | Dice: 0.4778 | clDice: 0.5245 | IoU: 0.3154 | Tversky: 0.4778 | Hausdorff: 248.7757 | HD95: 39.8196 | LR: 0.000250
2025-08-15 05:59:52 INFO Early stopping at epoch 25 | Best Dice: 0.4891 at epoch 15
2025-08-15 06:00:43 INFO Fold 3 results: Dice: 0.4797 | clDice: 0.5282 | IoU: 0.3168 | Tversky: 0.4797 | Hausdorff: 250.1453 | HD95: 39.5061
2025-08-15 06:00:43 INFO ===== Fold 4 / 5 =====
2025-08-15 06:00:43 INFO Loading model unet with settings {'name': 'unet', 'encoder_name': 'resnet50', 'encoder_weights': 'imagenet', 'classes': 1, 'activation': None, 'dropout': 0.2}
2025-08-15 06:04:17 INFO Epoch 001 | Train Loss: 0.6884 | Val Loss: 0.6710 | Dice: 0.3748 | clDice: 0.3951 | IoU: 0.2310 | Tversky: 0.3748 | Hausdorff: 364.8765 | HD95: 79.1472 | LR: 0.001000
2025-08-15 06:07:53 INFO Epoch 002 | Train Loss: 0.5312 | Val Loss: 0.6654 | Dice: 0.3997 | clDice: 0.4352 | IoU: 0.2500 | Tversky: 0.3997 | Hausdorff: 371.7378 | HD95: 87.0497 | LR: 0.001000
2025-08-15 06:11:25 INFO Epoch 003 | Train Loss: 0.4945 | Val Loss: 0.6313 | Dice: 0.3964 | clDice: 0.4245 | IoU: 0.2473 | Tversky: 0.3964 | Hausdorff: 281.4677 | HD95: 80.8544 | LR: 0.001000
2025-08-15 06:14:56 INFO Epoch 004 | Train Loss: 0.4801 | Val Loss: 0.6326 | Dice: 0.4374 | clDice: 0.4727 | IoU: 0.2801 | Tversky: 0.4374 | Hausdorff: 275.7875 | HD95: 60.7312 | LR: 0.001000
2025-08-15 06:18:31 INFO Epoch 005 | Train Loss: 0.4733 | Val Loss: 0.6289 | Dice: 0.4686 | clDice: 0.5125 | IoU: 0.3061 | Tversky: 0.4686 | Hausdorff: 220.2221 | HD95: 37.4064 | LR: 0.001000
2025-08-15 06:22:06 INFO Epoch 006 | Train Loss: 0.4701 | Val Loss: 0.6236 | Dice: 0.4650 | clDice: 0.5060 | IoU: 0.3031 | Tversky: 0.4650 | Hausdorff: 273.3559 | HD95: 38.1524 | LR: 0.001000
2025-08-15 06:25:38 INFO Epoch 007 | Train Loss: 0.4658 | Val Loss: 0.6391 | Dice: 0.4493 | clDice: 0.4894 | IoU: 0.2900 | Tversky: 0.4493 | Hausdorff: 214.0816 | HD95: 52.1330 | LR: 0.001000
2025-08-15 06:29:10 INFO Epoch 008 | Train Loss: 0.4690 | Val Loss: 0.6235 | Dice: 0.4388 | clDice: 0.4706 | IoU: 0.2815 | Tversky: 0.4388 | Hausdorff: 241.1120 | HD95: 54.8546 | LR: 0.001000
2025-08-15 06:32:47 INFO Epoch 009 | Train Loss: 0.4640 | Val Loss: 0.6251 | Dice: 0.4725 | clDice: 0.5128 | IoU: 0.3096 | Tversky: 0.4725 | Hausdorff: 234.0609 | HD95: 35.6039 | LR: 0.001000
2025-08-15 06:36:20 INFO Epoch 010 | Train Loss: 0.4576 | Val Loss: 0.6231 | Dice: 0.4686 | clDice: 0.5094 | IoU: 0.3062 | Tversky: 0.4686 | Hausdorff: 249.1860 | HD95: 42.6993 | LR: 0.001000
2025-08-15 06:39:54 INFO Epoch 011 | Train Loss: 0.4579 | Val Loss: 0.6247 | Dice: 0.4550 | clDice: 0.4916 | IoU: 0.2948 | Tversky: 0.4550 | Hausdorff: 229.3461 | HD95: 51.4568 | LR: 0.001000
2025-08-15 06:43:26 INFO Epoch 012 | Train Loss: 0.4550 | Val Loss: 0.6240 | Dice: 0.4643 | clDice: 0.5056 | IoU: 0.3026 | Tversky: 0.4643 | Hausdorff: 219.3750 | HD95: 43.3846 | LR: 0.001000
2025-08-15 06:47:00 INFO Epoch 013 | Train Loss: 0.4541 | Val Loss: 0.6286 | Dice: 0.4661 | clDice: 0.5062 | IoU: 0.3041 | Tversky: 0.4661 | Hausdorff: 245.8362 | HD95: 39.7816 | LR: 0.001000
2025-08-15 06:50:36 INFO Epoch 014 | Train Loss: 0.4521 | Val Loss: 0.6268 | Dice: 0.4776 | clDice: 0.5216 | IoU: 0.3140 | Tversky: 0.4776 | Hausdorff: 306.1816 | HD95: 34.2819 | LR: 0.001000
2025-08-15 06:54:10 INFO Epoch 015 | Train Loss: 0.4596 | Val Loss: 0.6221 | Dice: 0.4752 | clDice: 0.5174 | IoU: 0.3120 | Tversky: 0.4752 | Hausdorff: 201.1229 | HD95: 36.1177 | LR: 0.001000
2025-08-15 06:57:45 INFO Epoch 016 | Train Loss: 0.4518 | Val Loss: 0.6264 | Dice: 0.4746 | clDice: 0.5149 | IoU: 0.3114 | Tversky: 0.4746 | Hausdorff: 238.9042 | HD95: 36.7347 | LR: 0.001000
2025-08-15 07:01:18 INFO Epoch 017 | Train Loss: 0.4517 | Val Loss: 0.6244 | Dice: 0.4757 | clDice: 0.5193 | IoU: 0.3123 | Tversky: 0.4757 | Hausdorff: 231.2277 | HD95: 38.4470 | LR: 0.001000
2025-08-15 07:04:51 INFO Epoch 018 | Train Loss: 0.4503 | Val Loss: 0.6282 | Dice: 0.4593 | clDice: 0.4977 | IoU: 0.2984 | Tversky: 0.4593 | Hausdorff: 238.0561 | HD95: 41.8938 | LR: 0.001000
2025-08-15 07:08:22 INFO Epoch 019 | Train Loss: 0.4527 | Val Loss: 0.6237 | Dice: 0.4577 | clDice: 0.4946 | IoU: 0.2970 | Tversky: 0.4577 | Hausdorff: 227.9174 | HD95: 52.4255 | LR: 0.001000
2025-08-15 07:11:55 INFO Epoch 020 | Train Loss: 0.4496 | Val Loss: 0.6281 | Dice: 0.4599 | clDice: 0.4953 | IoU: 0.2989 | Tversky: 0.4599 | Hausdorff: 227.3313 | HD95: 38.1816 | LR: 0.001000
2025-08-15 07:15:29 INFO Epoch 021 | Train Loss: 0.4495 | Val Loss: 0.6264 | Dice: 0.4641 | clDice: 0.4985 | IoU: 0.3024 | Tversky: 0.4641 | Hausdorff: 225.6316 | HD95: 33.4123 | LR: 0.000500
2025-08-15 07:19:06 INFO Epoch 022 | Train Loss: 0.4467 | Val Loss: 0.6214 | Dice: 0.4771 | clDice: 0.5195 | IoU: 0.3137 | Tversky: 0.4771 | Hausdorff: 221.6320 | HD95: 32.8423 | LR: 0.000500
2025-08-15 07:22:38 INFO Epoch 023 | Train Loss: 0.4450 | Val Loss: 0.6237 | Dice: 0.4841 | clDice: 0.5292 | IoU: 0.3196 | Tversky: 0.4841 | Hausdorff: 253.1777 | HD95: 31.8144 | LR: 0.000500
2025-08-15 07:26:12 INFO Epoch 024 | Train Loss: 0.4396 | Val Loss: 0.6247 | Dice: 0.4631 | clDice: 0.4990 | IoU: 0.3015 | Tversky: 0.4631 | Hausdorff: 267.5436 | HD95: 37.6604 | LR: 0.000500
2025-08-15 07:29:44 INFO Epoch 025 | Train Loss: 0.4407 | Val Loss: 0.6261 | Dice: 0.4778 | clDice: 0.5207 | IoU: 0.3142 | Tversky: 0.4778 | Hausdorff: 235.9921 | HD95: 33.0085 | LR: 0.000500
2025-08-15 07:33:17 INFO Epoch 026 | Train Loss: 0.4413 | Val Loss: 0.6214 | Dice: 0.4643 | clDice: 0.5035 | IoU: 0.3027 | Tversky: 0.4643 | Hausdorff: 252.1576 | HD95: 44.3640 | LR: 0.000500
2025-08-15 07:36:53 INFO Epoch 027 | Train Loss: 0.4384 | Val Loss: 0.6232 | Dice: 0.4619 | clDice: 0.5016 | IoU: 0.3006 | Tversky: 0.4619 | Hausdorff: 232.7272 | HD95: 45.1655 | LR: 0.000500
2025-08-15 07:40:24 INFO Epoch 028 | Train Loss: 0.4389 | Val Loss: 0.6217 | Dice: 0.4768 | clDice: 0.5174 | IoU: 0.3133 | Tversky: 0.4768 | Hausdorff: 229.9942 | HD95: 35.6781 | LR: 0.000250
2025-08-15 07:43:58 INFO Epoch 029 | Train Loss: 0.4391 | Val Loss: 0.6225 | Dice: 0.4744 | clDice: 0.5155 | IoU: 0.3112 | Tversky: 0.4744 | Hausdorff: 233.9897 | HD95: 35.1946 | LR: 0.000250
2025-08-15 07:47:29 INFO Epoch 030 | Train Loss: 0.4362 | Val Loss: 0.6230 | Dice: 0.4825 | clDice: 0.5289 | IoU: 0.3183 | Tversky: 0.4825 | Hausdorff: 238.2608 | HD95: 35.1427 | LR: 0.000250
2025-08-15 07:51:02 INFO Epoch 031 | Train Loss: 0.4333 | Val Loss: 0.6240 | Dice: 0.4674 | clDice: 0.5074 | IoU: 0.3053 | Tversky: 0.4674 | Hausdorff: 229.1876 | HD95: 37.1503 | LR: 0.000250
2025-08-15 07:54:36 INFO Early stopping at epoch 32 | Best Dice: 0.4841 at epoch 22
2025-08-15 07:55:27 INFO Fold 4 results: Dice: 0.4771 | clDice: 0.5195 | IoU: 0.3137 | Tversky: 0.4771 | Hausdorff: 221.6320 | HD95: 32.8423
2025-08-15 07:55:27 INFO ===== Fold 5 / 5 =====
2025-08-15 07:55:27 INFO Loading model unet with settings {'name': 'unet', 'encoder_name': 'resnet50', 'encoder_weights': 'imagenet', 'classes': 1, 'activation': None, 'dropout': 0.2}
2025-08-15 07:58:56 INFO Epoch 001 | Train Loss: 0.6387 | Val Loss: 0.6472 | Dice: 0.3796 | clDice: 0.4114 | IoU: 0.2346 | Tversky: 0.3796 | Hausdorff: 235.8448 | HD95: 79.8189 | LR: 0.001000
2025-08-15 08:02:26 INFO Epoch 002 | Train Loss: 0.5087 | Val Loss: 0.6232 | Dice: 0.4012 | clDice: 0.4313 | IoU: 0.2511 | Tversky: 0.4012 | Hausdorff: 274.2619 | HD95: 60.1866 | LR: 0.001000
2025-08-15 08:05:55 INFO Epoch 003 | Train Loss: 0.4865 | Val Loss: 0.6288 | Dice: 0.4071 | clDice: 0.4376 | IoU: 0.2561 | Tversky: 0.4071 | Hausdorff: 366.8849 | HD95: 71.2133 | LR: 0.001000
2025-08-15 08:09:29 INFO Epoch 004 | Train Loss: 0.4818 | Val Loss: 0.6211 | Dice: 0.4473 | clDice: 0.4905 | IoU: 0.2883 | Tversky: 0.4473 | Hausdorff: 220.7838 | HD95: 53.6546 | LR: 0.001000
2025-08-15 08:13:04 INFO Epoch 005 | Train Loss: 0.4744 | Val Loss: 0.6158 | Dice: 0.4622 | clDice: 0.5087 | IoU: 0.3008 | Tversky: 0.4622 | Hausdorff: 218.5564 | HD95: 45.2297 | LR: 0.001000
2025-08-15 08:16:37 INFO Epoch 006 | Train Loss: 0.4699 | Val Loss: 0.6260 | Dice: 0.4557 | clDice: 0.5009 | IoU: 0.2955 | Tversky: 0.4557 | Hausdorff: 310.2385 | HD95: 45.8417 | LR: 0.001000
2025-08-15 08:20:09 INFO Epoch 007 | Train Loss: 0.4674 | Val Loss: 0.6151 | Dice: 0.4106 | clDice: 0.4447 | IoU: 0.2591 | Tversky: 0.4106 | Hausdorff: 264.6059 | HD95: 79.4697 | LR: 0.001000
2025-08-15 08:23:37 INFO Epoch 008 | Train Loss: 0.4668 | Val Loss: 0.6188 | Dice: 0.4512 | clDice: 0.4960 | IoU: 0.2915 | Tversky: 0.4512 | Hausdorff: 238.9260 | HD95: 68.3969 | LR: 0.001000
2025-08-15 08:27:09 INFO Epoch 009 | Train Loss: 0.4662 | Val Loss: 0.6117 | Dice: 0.4614 | clDice: 0.5035 | IoU: 0.3002 | Tversky: 0.4614 | Hausdorff: 212.0726 | HD95: 44.4250 | LR: 0.001000
2025-08-15 08:30:39 INFO Epoch 010 | Train Loss: 0.4601 | Val Loss: 0.6124 | Dice: 0.4539 | clDice: 0.4957 | IoU: 0.2940 | Tversky: 0.4539 | Hausdorff: 228.1449 | HD95: 47.5111 | LR: 0.001000
2025-08-15 08:34:09 INFO Epoch 011 | Train Loss: 0.4606 | Val Loss: 0.6122 | Dice: 0.4429 | clDice: 0.4784 | IoU: 0.2848 | Tversky: 0.4429 | Hausdorff: 221.9764 | HD95: 41.8007 | LR: 0.001000
2025-08-15 08:37:45 INFO Epoch 012 | Train Loss: 0.4595 | Val Loss: 0.6135 | Dice: 0.4549 | clDice: 0.4946 | IoU: 0.2948 | Tversky: 0.4549 | Hausdorff: 220.2183 | HD95: 55.0116 | LR: 0.001000
2025-08-15 08:41:15 INFO Epoch 013 | Train Loss: 0.4566 | Val Loss: 0.6106 | Dice: 0.4565 | clDice: 0.4953 | IoU: 0.2961 | Tversky: 0.4565 | Hausdorff: 217.3585 | HD95: 43.0309 | LR: 0.001000
2025-08-15 08:44:51 INFO Epoch 014 | Train Loss: 0.4574 | Val Loss: 0.6196 | Dice: 0.4689 | clDice: 0.5166 | IoU: 0.3065 | Tversky: 0.4689 | Hausdorff: 204.4135 | HD95: 36.4595 | LR: 0.001000
2025-08-15 08:48:23 INFO Epoch 015 | Train Loss: 0.4582 | Val Loss: 0.6069 | Dice: 0.4503 | clDice: 0.4893 | IoU: 0.2912 | Tversky: 0.4503 | Hausdorff: 222.8677 | HD95: 49.0808 | LR: 0.001000
2025-08-15 08:51:54 INFO Epoch 016 | Train Loss: 0.4547 | Val Loss: 0.6128 | Dice: 0.4613 | clDice: 0.5040 | IoU: 0.3004 | Tversky: 0.4613 | Hausdorff: 196.8609 | HD95: 43.1992 | LR: 0.001000
2025-08-15 08:55:29 INFO Epoch 017 | Train Loss: 0.4560 | Val Loss: 0.6177 | Dice: 0.4611 | clDice: 0.5069 | IoU: 0.3000 | Tversky: 0.4611 | Hausdorff: 227.0919 | HD95: 42.5228 | LR: 0.001000
2025-08-15 08:58:59 INFO Epoch 018 | Train Loss: 0.4528 | Val Loss: 0.6148 | Dice: 0.4501 | clDice: 0.4885 | IoU: 0.2909 | Tversky: 0.4501 | Hausdorff: 213.5313 | HD95: 38.6867 | LR: 0.001000
2025-08-15 09:02:30 INFO Epoch 019 | Train Loss: 0.4539 | Val Loss: 0.6142 | Dice: 0.4279 | clDice: 0.4622 | IoU: 0.2725 | Tversky: 0.4279 | Hausdorff: 236.3230 | HD95: 68.2749 | LR: 0.001000
2025-08-15 09:06:02 INFO Epoch 020 | Train Loss: 0.4537 | Val Loss: 0.6119 | Dice: 0.4602 | clDice: 0.4998 | IoU: 0.2993 | Tversky: 0.4602 | Hausdorff: 214.9482 | HD95: 42.7009 | LR: 0.001000
2025-08-15 09:09:33 INFO Epoch 021 | Train Loss: 0.4511 | Val Loss: 0.6104 | Dice: 0.4585 | clDice: 0.5018 | IoU: 0.2979 | Tversky: 0.4585 | Hausdorff: 217.6377 | HD95: 50.9848 | LR: 0.000500
2025-08-15 09:13:10 INFO Epoch 022 | Train Loss: 0.4466 | Val Loss: 0.6110 | Dice: 0.4651 | clDice: 0.5084 | IoU: 0.3034 | Tversky: 0.4651 | Hausdorff: 202.4227 | HD95: 36.8561 | LR: 0.000500
2025-08-15 09:16:40 INFO Epoch 023 | Train Loss: 0.4442 | Val Loss: 0.6118 | Dice: 0.4653 | clDice: 0.5097 | IoU: 0.3037 | Tversky: 0.4653 | Hausdorff: 213.0553 | HD95: 38.7777 | LR: 0.000500
2025-08-15 09:20:10 INFO Epoch 024 | Train Loss: 0.4435 | Val Loss: 0.6110 | Dice: 0.4659 | clDice: 0.5094 | IoU: 0.3041 | Tversky: 0.4659 | Hausdorff: 200.8876 | HD95: 37.3623 | LR: 0.000500
2025-08-15 09:23:44 INFO Early stopping at epoch 25 | Best Dice: 0.4689 at epoch 15
2025-08-15 09:24:31 INFO Fold 5 results: Dice: 0.4503 | clDice: 0.4893 | IoU: 0.2912 | Tversky: 0.4503 | Hausdorff: 222.8677 | HD95: 49.0808
2025-08-15 09:24:31 INFO ===== Cross-validation results =====
2025-08-15 09:24:31 INFO Dice: 0.4688 | clDice: 0.5105 | IoU: 0.3069 | Tversky: 0.4688 | Hausdorff: 257.4786 | HD95: 39.8465
