2025-08-15 00:30:35 INFO Starting training with configuration: {'model': {'name': 'unet', 'encoder_name': 'resnet50', 'encoder_weights': 'imagenet', 'classes': 1, 'activation': None, 'dropout': 0.2}, 'dataset': {'root': '/data/smadper@alumno.upv.es/TFM/datasets/laticifers', 'patch_size': [512, 512], 'stride': [256, 256], 'num_patches': 40, 'num_workers': 4, 'positive_ratio': 0.8, 'fg_threshold': 0.04, 'feature_dirs': {'image': '/data/smadper@alumno.upv.es/TFM/datasets/laticifers/enhanced_images', 'mask': '/data/smadper@alumno.upv.es/TFM/datasets/laticifers/masks', 'distance': '/data/smadper@alumno.upv.es/TFM/datasets/laticifers/distance_maps_pt'}}, 'train': {'batch_size': 32, 'num_epochs': 50, 'learning_rate': 0.001, 'accumulation_steps': 1, 'save_dir': '/data/smadper@alumno.upv.es/TFM/checkpoints_cv/unet/20250815_003035_unet_resnet50_bce0.5_dice1', 'log_interval': 1, 'patience': 10, 'mixed_precision': True, 'experiment_name': 'unet_resnet50_bce0.5_dice1', 'timestamp': '20250815_003035'}, 'test': {'batch_size': 1}, 'loss': {'name': 'bce', 'cldice_alpha': 0.2, 'use_topographic': False, 'combine_with': 'dice', 'weights': {'main': 0.5, 'combined': 1.0}, 'topo': {'alpha': 2.0, 'beta': 1.0}}}
2025-08-15 00:30:35 INFO Experiment name: unet_resnet50_bce0.5_dice1
2025-08-15 00:30:35 INFO ===== Fold 1 / 5 =====
2025-08-15 00:30:35 INFO Loading model unet with settings {'name': 'unet', 'encoder_name': 'resnet50', 'encoder_weights': 'imagenet', 'classes': 1, 'activation': None, 'dropout': 0.2}
2025-08-15 00:32:23 INFO Epoch 001 | Train Loss: 0.9511 | Val Loss: 1.3237 | Dice: 0.2762 | clDice: 0.2530 | IoU: 0.1606 | Tversky: 0.2762 | Hausdorff: 701.6392 | HD95: 298.6406 | LR: 0.001000
2025-08-15 00:34:09 INFO Epoch 002 | Train Loss: 0.7433 | Val Loss: 1.0707 | Dice: 0.4339 | clDice: 0.4746 | IoU: 0.2772 | Tversky: 0.4339 | Hausdorff: 350.7374 | HD95: 71.7269 | LR: 0.001000
2025-08-15 00:35:55 INFO Epoch 003 | Train Loss: 0.6966 | Val Loss: 1.0786 | Dice: 0.4220 | clDice: 0.4602 | IoU: 0.2679 | Tversky: 0.4220 | Hausdorff: 429.3632 | HD95: 80.0569 | LR: 0.001000
2025-08-15 00:37:43 INFO Epoch 004 | Train Loss: 0.6825 | Val Loss: 1.0681 | Dice: 0.4517 | clDice: 0.4981 | IoU: 0.2921 | Tversky: 0.4517 | Hausdorff: 245.5201 | HD95: 63.0676 | LR: 0.001000
2025-08-15 00:39:31 INFO Epoch 005 | Train Loss: 0.6763 | Val Loss: 1.0721 | Dice: 0.4408 | clDice: 0.4869 | IoU: 0.2831 | Tversky: 0.4408 | Hausdorff: 419.6551 | HD95: 76.9656 | LR: 0.001000
2025-08-15 00:41:17 INFO Epoch 006 | Train Loss: 0.6725 | Val Loss: 1.0696 | Dice: 0.4593 | clDice: 0.5023 | IoU: 0.2985 | Tversky: 0.4593 | Hausdorff: 249.3348 | HD95: 51.8692 | LR: 0.001000
2025-08-15 00:43:05 INFO Epoch 007 | Train Loss: 0.6715 | Val Loss: 1.0725 | Dice: 0.4642 | clDice: 0.5209 | IoU: 0.3027 | Tversky: 0.4642 | Hausdorff: 261.4587 | HD95: 53.9064 | LR: 0.001000
2025-08-15 00:44:48 INFO Epoch 008 | Train Loss: 0.6666 | Val Loss: 1.0687 | Dice: 0.4460 | clDice: 0.4893 | IoU: 0.2873 | Tversky: 0.4460 | Hausdorff: 240.0740 | HD95: 67.4980 | LR: 0.001000
2025-08-15 00:46:32 INFO Epoch 009 | Train Loss: 0.6619 | Val Loss: 1.0708 | Dice: 0.4527 | clDice: 0.4949 | IoU: 0.2931 | Tversky: 0.4527 | Hausdorff: 329.6426 | HD95: 73.1967 | LR: 0.001000
2025-08-15 00:48:17 INFO Epoch 010 | Train Loss: 0.6630 | Val Loss: 1.0675 | Dice: 0.4594 | clDice: 0.5007 | IoU: 0.2985 | Tversky: 0.4594 | Hausdorff: 381.1356 | HD95: 55.1704 | LR: 0.001000
2025-08-15 00:50:00 INFO Epoch 011 | Train Loss: 0.6594 | Val Loss: 1.0745 | Dice: 0.4560 | clDice: 0.5024 | IoU: 0.2958 | Tversky: 0.4560 | Hausdorff: 237.0879 | HD95: 52.1129 | LR: 0.001000
2025-08-15 00:51:43 INFO Epoch 012 | Train Loss: 0.6589 | Val Loss: 1.0735 | Dice: 0.4548 | clDice: 0.5006 | IoU: 0.2947 | Tversky: 0.4548 | Hausdorff: 242.7062 | HD95: 54.3517 | LR: 0.001000
2025-08-15 00:53:25 INFO Epoch 013 | Train Loss: 0.6565 | Val Loss: 1.0692 | Dice: 0.4640 | clDice: 0.5107 | IoU: 0.3025 | Tversky: 0.4640 | Hausdorff: 249.0139 | HD95: 56.3895 | LR: 0.001000
2025-08-15 00:55:10 INFO Epoch 014 | Train Loss: 0.6538 | Val Loss: 1.0841 | Dice: 0.4616 | clDice: 0.5170 | IoU: 0.3003 | Tversky: 0.4616 | Hausdorff: 249.1137 | HD95: 54.8129 | LR: 0.001000
2025-08-15 00:56:56 INFO Epoch 015 | Train Loss: 0.6528 | Val Loss: 1.0688 | Dice: 0.4722 | clDice: 0.5219 | IoU: 0.3095 | Tversky: 0.4722 | Hausdorff: 252.0986 | HD95: 43.6846 | LR: 0.001000
2025-08-15 00:58:41 INFO Epoch 016 | Train Loss: 0.6501 | Val Loss: 1.0680 | Dice: 0.4571 | clDice: 0.5032 | IoU: 0.2968 | Tversky: 0.4571 | Hausdorff: 250.9844 | HD95: 62.3434 | LR: 0.000500
2025-08-15 01:00:24 INFO Epoch 017 | Train Loss: 0.6451 | Val Loss: 1.0701 | Dice: 0.4818 | clDice: 0.5339 | IoU: 0.3178 | Tversky: 0.4818 | Hausdorff: 239.6228 | HD95: 40.5502 | LR: 0.000500
2025-08-15 01:02:06 INFO Epoch 018 | Train Loss: 0.6439 | Val Loss: 1.0698 | Dice: 0.4827 | clDice: 0.5359 | IoU: 0.3186 | Tversky: 0.4827 | Hausdorff: 239.3403 | HD95: 36.4045 | LR: 0.000500
2025-08-15 01:03:49 INFO Epoch 019 | Train Loss: 0.6360 | Val Loss: 1.0734 | Dice: 0.4691 | clDice: 0.5176 | IoU: 0.3069 | Tversky: 0.4691 | Hausdorff: 234.7345 | HD95: 41.2639 | LR: 0.000500
2025-08-15 01:05:33 INFO Early stopping at epoch 20 | Best Dice: 0.4827 at epoch 10
2025-08-15 01:05:56 INFO Fold 1 results: Dice: 0.4594 | clDice: 0.5007 | IoU: 0.2985 | Tversky: 0.4594 | Hausdorff: 381.1356 | HD95: 55.1704
2025-08-15 01:05:56 INFO ===== Fold 2 / 5 =====
2025-08-15 01:05:56 INFO Loading model unet with settings {'name': 'unet', 'encoder_name': 'resnet50', 'encoder_weights': 'imagenet', 'classes': 1, 'activation': None, 'dropout': 0.2}
2025-08-15 01:07:41 INFO Epoch 001 | Train Loss: 0.9368 | Val Loss: 1.1157 | Dice: 0.3613 | clDice: 0.3954 | IoU: 0.2211 | Tversky: 0.3613 | Hausdorff: 337.9736 | HD95: 92.5442 | LR: 0.001000
2025-08-15 01:09:27 INFO Epoch 002 | Train Loss: 0.7423 | Val Loss: 1.0860 | Dice: 0.4260 | clDice: 0.4741 | IoU: 0.2710 | Tversky: 0.4260 | Hausdorff: 337.9483 | HD95: 66.3298 | LR: 0.001000
2025-08-15 01:11:11 INFO Epoch 003 | Train Loss: 0.7052 | Val Loss: 1.0975 | Dice: 0.3969 | clDice: 0.4311 | IoU: 0.2481 | Tversky: 0.3969 | Hausdorff: 344.5526 | HD95: 82.1293 | LR: 0.001000
2025-08-15 01:12:55 INFO Epoch 004 | Train Loss: 0.6902 | Val Loss: 1.1195 | Dice: 0.4123 | clDice: 0.4539 | IoU: 0.2608 | Tversky: 0.4123 | Hausdorff: 548.3345 | HD95: 212.6081 | LR: 0.001000
2025-08-15 01:14:44 INFO Epoch 005 | Train Loss: 0.6866 | Val Loss: 1.0911 | Dice: 0.4593 | clDice: 0.5167 | IoU: 0.2984 | Tversky: 0.4593 | Hausdorff: 316.8003 | HD95: 44.6350 | LR: 0.001000
2025-08-15 01:16:29 INFO Epoch 006 | Train Loss: 0.6789 | Val Loss: 1.0808 | Dice: 0.4611 | clDice: 0.5124 | IoU: 0.3002 | Tversky: 0.4611 | Hausdorff: 276.4384 | HD95: 41.0524 | LR: 0.001000
2025-08-15 01:18:14 INFO Epoch 007 | Train Loss: 0.6745 | Val Loss: 1.0788 | Dice: 0.4639 | clDice: 0.5049 | IoU: 0.3027 | Tversky: 0.4639 | Hausdorff: 333.9847 | HD95: 41.8793 | LR: 0.001000
2025-08-15 01:20:01 INFO Epoch 008 | Train Loss: 0.6702 | Val Loss: 1.0769 | Dice: 0.4672 | clDice: 0.5160 | IoU: 0.3055 | Tversky: 0.4672 | Hausdorff: 281.5640 | HD95: 48.2274 | LR: 0.001000
2025-08-15 01:21:46 INFO Epoch 009 | Train Loss: 0.6638 | Val Loss: 1.0808 | Dice: 0.4683 | clDice: 0.5147 | IoU: 0.3063 | Tversky: 0.4683 | Hausdorff: 270.5019 | HD95: 42.1434 | LR: 0.001000
2025-08-15 01:23:31 INFO Epoch 010 | Train Loss: 0.6621 | Val Loss: 1.0819 | Dice: 0.4688 | clDice: 0.5195 | IoU: 0.3067 | Tversky: 0.4688 | Hausdorff: 300.8266 | HD95: 50.9335 | LR: 0.001000
2025-08-15 01:25:15 INFO Epoch 011 | Train Loss: 0.6595 | Val Loss: 1.0859 | Dice: 0.4513 | clDice: 0.4952 | IoU: 0.2920 | Tversky: 0.4513 | Hausdorff: 297.8903 | HD95: 53.0349 | LR: 0.001000
2025-08-15 01:26:59 INFO Epoch 012 | Train Loss: 0.6588 | Val Loss: 1.0824 | Dice: 0.4741 | clDice: 0.5218 | IoU: 0.3111 | Tversky: 0.4741 | Hausdorff: 287.5950 | HD95: 37.5788 | LR: 0.001000
2025-08-15 01:28:46 INFO Epoch 013 | Train Loss: 0.6542 | Val Loss: 1.0836 | Dice: 0.4705 | clDice: 0.5154 | IoU: 0.3079 | Tversky: 0.4705 | Hausdorff: 262.7089 | HD95: 43.0681 | LR: 0.001000
2025-08-15 01:30:31 INFO Epoch 014 | Train Loss: 0.6603 | Val Loss: 1.0798 | Dice: 0.4665 | clDice: 0.5128 | IoU: 0.3050 | Tversky: 0.4665 | Hausdorff: 307.1970 | HD95: 46.1421 | LR: 0.000500
2025-08-15 01:32:19 INFO Epoch 015 | Train Loss: 0.6516 | Val Loss: 1.0794 | Dice: 0.4847 | clDice: 0.5381 | IoU: 0.3203 | Tversky: 0.4847 | Hausdorff: 313.9374 | HD95: 35.3766 | LR: 0.000500
2025-08-15 01:34:03 INFO Epoch 016 | Train Loss: 0.6440 | Val Loss: 1.0811 | Dice: 0.4837 | clDice: 0.5372 | IoU: 0.3195 | Tversky: 0.4837 | Hausdorff: 320.6215 | HD95: 39.0328 | LR: 0.000500
2025-08-15 01:35:49 INFO Epoch 017 | Train Loss: 0.6445 | Val Loss: 1.0770 | Dice: 0.4812 | clDice: 0.5308 | IoU: 0.3173 | Tversky: 0.4812 | Hausdorff: 282.7064 | HD95: 33.9894 | LR: 0.000500
2025-08-15 01:37:36 INFO Early stopping at epoch 18 | Best Dice: 0.4847 at epoch 8
2025-08-15 01:38:00 INFO Fold 2 results: Dice: 0.4672 | clDice: 0.5160 | IoU: 0.3055 | Tversky: 0.4672 | Hausdorff: 281.5640 | HD95: 48.2274
2025-08-15 01:38:00 INFO ===== Fold 3 / 5 =====
2025-08-15 01:38:00 INFO Loading model unet with settings {'name': 'unet', 'encoder_name': 'resnet50', 'encoder_weights': 'imagenet', 'classes': 1, 'activation': None, 'dropout': 0.2}
2025-08-15 01:39:45 INFO Epoch 001 | Train Loss: 0.9138 | Val Loss: 1.0854 | Dice: 0.3835 | clDice: 0.4173 | IoU: 0.2381 | Tversky: 0.3835 | Hausdorff: 262.8332 | HD95: 74.4968 | LR: 0.001000
2025-08-15 01:41:32 INFO Epoch 002 | Train Loss: 0.7304 | Val Loss: 1.0999 | Dice: 0.4081 | clDice: 0.4660 | IoU: 0.2569 | Tversky: 0.4081 | Hausdorff: 379.3982 | HD95: 91.5780 | LR: 0.001000
2025-08-15 01:43:16 INFO Epoch 003 | Train Loss: 0.7031 | Val Loss: 1.0821 | Dice: 0.4561 | clDice: 0.5149 | IoU: 0.2963 | Tversky: 0.4561 | Hausdorff: 334.4873 | HD95: 59.1861 | LR: 0.001000
2025-08-15 01:45:04 INFO Epoch 004 | Train Loss: 0.6878 | Val Loss: 1.0830 | Dice: 0.4604 | clDice: 0.5150 | IoU: 0.3001 | Tversky: 0.4604 | Hausdorff: 272.1770 | HD95: 50.8796 | LR: 0.001000
2025-08-15 01:46:50 INFO Epoch 005 | Train Loss: 0.6693 | Val Loss: 1.0831 | Dice: 0.4713 | clDice: 0.5327 | IoU: 0.3091 | Tversky: 0.4713 | Hausdorff: 224.8550 | HD95: 42.9995 | LR: 0.001000
2025-08-15 01:48:36 INFO Epoch 006 | Train Loss: 0.6695 | Val Loss: 1.0835 | Dice: 0.4611 | clDice: 0.5218 | IoU: 0.3010 | Tversky: 0.4611 | Hausdorff: 268.6665 | HD95: 48.7178 | LR: 0.001000
2025-08-15 01:50:21 INFO Epoch 007 | Train Loss: 0.6696 | Val Loss: 1.0816 | Dice: 0.4669 | clDice: 0.5218 | IoU: 0.3057 | Tversky: 0.4669 | Hausdorff: 248.5220 | HD95: 48.2510 | LR: 0.001000
2025-08-15 01:52:05 INFO Epoch 008 | Train Loss: 0.6669 | Val Loss: 1.0809 | Dice: 0.4506 | clDice: 0.5020 | IoU: 0.2921 | Tversky: 0.4506 | Hausdorff: 250.1348 | HD95: 47.9141 | LR: 0.001000
2025-08-15 01:53:52 INFO Epoch 009 | Train Loss: 0.6673 | Val Loss: 1.0864 | Dice: 0.4584 | clDice: 0.5132 | IoU: 0.2983 | Tversky: 0.4584 | Hausdorff: 314.3813 | HD95: 44.1086 | LR: 0.001000
2025-08-15 01:55:38 INFO Epoch 010 | Train Loss: 0.6597 | Val Loss: 1.0820 | Dice: 0.4451 | clDice: 0.4918 | IoU: 0.2877 | Tversky: 0.4451 | Hausdorff: 249.6392 | HD95: 58.5709 | LR: 0.001000
2025-08-15 01:57:23 INFO Epoch 011 | Train Loss: 0.6619 | Val Loss: 1.0754 | Dice: 0.4633 | clDice: 0.5135 | IoU: 0.3028 | Tversky: 0.4633 | Hausdorff: 229.1090 | HD95: 59.8157 | LR: 0.001000
2025-08-15 01:59:10 INFO Epoch 012 | Train Loss: 0.6565 | Val Loss: 1.0791 | Dice: 0.4820 | clDice: 0.5431 | IoU: 0.3185 | Tversky: 0.4820 | Hausdorff: 265.6024 | HD95: 35.3970 | LR: 0.001000
2025-08-15 02:00:54 INFO Epoch 013 | Train Loss: 0.6563 | Val Loss: 1.0796 | Dice: 0.4726 | clDice: 0.5295 | IoU: 0.3108 | Tversky: 0.4726 | Hausdorff: 253.7655 | HD95: 44.8562 | LR: 0.001000
2025-08-15 02:02:39 INFO Epoch 014 | Train Loss: 0.6524 | Val Loss: 1.0834 | Dice: 0.4704 | clDice: 0.5206 | IoU: 0.3089 | Tversky: 0.4704 | Hausdorff: 230.2311 | HD95: 48.6147 | LR: 0.001000
2025-08-15 02:04:24 INFO Epoch 015 | Train Loss: 0.6519 | Val Loss: 1.0820 | Dice: 0.4734 | clDice: 0.5284 | IoU: 0.3113 | Tversky: 0.4734 | Hausdorff: 326.8781 | HD95: 43.6977 | LR: 0.001000
2025-08-15 02:06:09 INFO Epoch 016 | Train Loss: 0.6523 | Val Loss: 1.0798 | Dice: 0.4766 | clDice: 0.5260 | IoU: 0.3139 | Tversky: 0.4766 | Hausdorff: 258.2454 | HD95: 37.3882 | LR: 0.001000
2025-08-15 02:07:56 INFO Epoch 017 | Train Loss: 0.6479 | Val Loss: 1.0852 | Dice: 0.4791 | clDice: 0.5347 | IoU: 0.3161 | Tversky: 0.4791 | Hausdorff: 270.3854 | HD95: 35.8369 | LR: 0.000500
2025-08-15 02:09:42 INFO Epoch 018 | Train Loss: 0.6419 | Val Loss: 1.0778 | Dice: 0.4863 | clDice: 0.5441 | IoU: 0.3226 | Tversky: 0.4863 | Hausdorff: 254.3977 | HD95: 43.8594 | LR: 0.000500
2025-08-15 02:11:27 INFO Epoch 019 | Train Loss: 0.6423 | Val Loss: 1.0791 | Dice: 0.4919 | clDice: 0.5534 | IoU: 0.3273 | Tversky: 0.4919 | Hausdorff: 262.6673 | HD95: 39.3497 | LR: 0.000500
2025-08-15 02:13:13 INFO Epoch 020 | Train Loss: 0.6343 | Val Loss: 1.0779 | Dice: 0.4903 | clDice: 0.5504 | IoU: 0.3259 | Tversky: 0.4903 | Hausdorff: 239.9816 | HD95: 36.7161 | LR: 0.000500
2025-08-15 02:14:57 INFO Early stopping at epoch 21 | Best Dice: 0.4924 at epoch 11
2025-08-15 02:15:21 INFO Fold 3 results: Dice: 0.4633 | clDice: 0.5135 | IoU: 0.3028 | Tversky: 0.4633 | Hausdorff: 229.1090 | HD95: 59.8157
2025-08-15 02:15:21 INFO ===== Fold 4 / 5 =====
2025-08-15 02:15:21 INFO Loading model unet with settings {'name': 'unet', 'encoder_name': 'resnet50', 'encoder_weights': 'imagenet', 'classes': 1, 'activation': None, 'dropout': 0.2}
2025-08-15 02:17:07 INFO Epoch 001 | Train Loss: 0.9506 | Val Loss: 1.1155 | Dice: 0.2827 | clDice: 0.2770 | IoU: 0.1655 | Tversky: 0.2827 | Hausdorff: 379.8177 | HD95: 184.7719 | LR: 0.001000
2025-08-15 02:18:50 INFO Epoch 002 | Train Loss: 0.7528 | Val Loss: 1.0841 | Dice: 0.3877 | clDice: 0.4191 | IoU: 0.2406 | Tversky: 0.3877 | Hausdorff: 245.7179 | HD95: 86.2617 | LR: 0.001000
2025-08-15 02:20:36 INFO Epoch 003 | Train Loss: 0.7104 | Val Loss: 1.1005 | Dice: 0.4184 | clDice: 0.4584 | IoU: 0.2649 | Tversky: 0.4184 | Hausdorff: 216.7702 | HD95: 75.5387 | LR: 0.001000
2025-08-15 02:22:23 INFO Epoch 004 | Train Loss: 0.6912 | Val Loss: 1.0834 | Dice: 0.4619 | clDice: 0.5112 | IoU: 0.3005 | Tversky: 0.4619 | Hausdorff: 291.6655 | HD95: 54.2797 | LR: 0.001000
2025-08-15 02:24:09 INFO Epoch 005 | Train Loss: 0.6762 | Val Loss: 1.0854 | Dice: 0.4390 | clDice: 0.4806 | IoU: 0.2814 | Tversky: 0.4390 | Hausdorff: 291.5731 | HD95: 54.0051 | LR: 0.001000
2025-08-15 02:25:55 INFO Epoch 006 | Train Loss: 0.6742 | Val Loss: 1.1017 | Dice: 0.4458 | clDice: 0.4985 | IoU: 0.2876 | Tversky: 0.4458 | Hausdorff: 268.2001 | HD95: 67.1340 | LR: 0.001000
2025-08-15 02:27:42 INFO Epoch 007 | Train Loss: 0.6689 | Val Loss: 1.0793 | Dice: 0.4673 | clDice: 0.5172 | IoU: 0.3051 | Tversky: 0.4673 | Hausdorff: 206.8027 | HD95: 51.6844 | LR: 0.001000
2025-08-15 02:29:30 INFO Epoch 008 | Train Loss: 0.6648 | Val Loss: 1.0851 | Dice: 0.4686 | clDice: 0.5218 | IoU: 0.3063 | Tversky: 0.4686 | Hausdorff: 228.3696 | HD95: 45.9484 | LR: 0.001000
2025-08-15 02:31:16 INFO Epoch 009 | Train Loss: 0.6576 | Val Loss: 1.0858 | Dice: 0.4582 | clDice: 0.5050 | IoU: 0.2973 | Tversky: 0.4582 | Hausdorff: 422.1123 | HD95: 47.4991 | LR: 0.001000
2025-08-15 02:33:02 INFO Epoch 010 | Train Loss: 0.6589 | Val Loss: 1.0866 | Dice: 0.4776 | clDice: 0.5349 | IoU: 0.3139 | Tversky: 0.4776 | Hausdorff: 231.0843 | HD95: 41.6414 | LR: 0.001000
2025-08-15 02:34:48 INFO Epoch 011 | Train Loss: 0.6575 | Val Loss: 1.0836 | Dice: 0.4609 | clDice: 0.5122 | IoU: 0.2996 | Tversky: 0.4609 | Hausdorff: 240.4585 | HD95: 47.7136 | LR: 0.001000
2025-08-15 02:36:34 INFO Epoch 012 | Train Loss: 0.6578 | Val Loss: 1.0797 | Dice: 0.4797 | clDice: 0.5284 | IoU: 0.3158 | Tversky: 0.4797 | Hausdorff: 216.1627 | HD95: 38.9881 | LR: 0.001000
2025-08-15 02:38:20 INFO Epoch 013 | Train Loss: 0.6603 | Val Loss: 1.1043 | Dice: 0.4219 | clDice: 0.4515 | IoU: 0.2677 | Tversky: 0.4219 | Hausdorff: 351.5980 | HD95: 74.2900 | LR: 0.000500
2025-08-15 02:40:07 INFO Epoch 014 | Train Loss: 0.6510 | Val Loss: 1.0810 | Dice: 0.4815 | clDice: 0.5337 | IoU: 0.3173 | Tversky: 0.4815 | Hausdorff: 229.1766 | HD95: 38.6732 | LR: 0.000500
2025-08-15 02:41:52 INFO Epoch 015 | Train Loss: 0.6438 | Val Loss: 1.0797 | Dice: 0.4790 | clDice: 0.5281 | IoU: 0.3152 | Tversky: 0.4790 | Hausdorff: 240.6535 | HD95: 37.4844 | LR: 0.000500
2025-08-15 02:43:40 INFO Epoch 016 | Train Loss: 0.6450 | Val Loss: 1.0809 | Dice: 0.4810 | clDice: 0.5319 | IoU: 0.3168 | Tversky: 0.4810 | Hausdorff: 218.1523 | HD95: 38.3887 | LR: 0.000500
2025-08-15 02:45:25 INFO Early stopping at epoch 17 | Best Dice: 0.4865 at epoch 7
2025-08-15 02:45:50 INFO Fold 4 results: Dice: 0.4673 | clDice: 0.5172 | IoU: 0.3051 | Tversky: 0.4673 | Hausdorff: 206.8027 | HD95: 51.6844
2025-08-15 02:45:50 INFO ===== Fold 5 / 5 =====
2025-08-15 02:45:50 INFO Loading model unet with settings {'name': 'unet', 'encoder_name': 'resnet50', 'encoder_weights': 'imagenet', 'classes': 1, 'activation': None, 'dropout': 0.2}
2025-08-15 02:47:33 INFO Epoch 001 | Train Loss: 1.0108 | Val Loss: 1.0920 | Dice: 0.3110 | clDice: 0.3354 | IoU: 0.1852 | Tversky: 0.3110 | Hausdorff: 316.7752 | HD95: 124.3008 | LR: 0.001000
2025-08-15 02:49:18 INFO Epoch 002 | Train Loss: 0.7989 | Val Loss: 1.0719 | Dice: 0.4113 | clDice: 0.4475 | IoU: 0.2591 | Tversky: 0.4113 | Hausdorff: 306.3350 | HD95: 66.4852 | LR: 0.001000
2025-08-15 02:51:02 INFO Epoch 003 | Train Loss: 0.7294 | Val Loss: 1.0880 | Dice: 0.4257 | clDice: 0.4765 | IoU: 0.2707 | Tversky: 0.4257 | Hausdorff: 432.7385 | HD95: 69.5977 | LR: 0.001000
2025-08-15 02:52:48 INFO Epoch 004 | Train Loss: 0.6976 | Val Loss: 1.0768 | Dice: 0.4491 | clDice: 0.5058 | IoU: 0.2897 | Tversky: 0.4491 | Hausdorff: 296.8870 | HD95: 56.0538 | LR: 0.001000
2025-08-15 02:54:33 INFO Epoch 005 | Train Loss: 0.6866 | Val Loss: 1.0810 | Dice: 0.4427 | clDice: 0.4896 | IoU: 0.2846 | Tversky: 0.4427 | Hausdorff: 700.9148 | HD95: 64.1020 | LR: 0.001000
2025-08-15 02:56:18 INFO Epoch 006 | Train Loss: 0.6854 | Val Loss: 1.0715 | Dice: 0.4511 | clDice: 0.5013 | IoU: 0.2916 | Tversky: 0.4511 | Hausdorff: 233.8466 | HD95: 55.6607 | LR: 0.001000
2025-08-15 02:58:03 INFO Epoch 007 | Train Loss: 0.6746 | Val Loss: 1.0749 | Dice: 0.4564 | clDice: 0.5099 | IoU: 0.2960 | Tversky: 0.4564 | Hausdorff: 221.7787 | HD95: 48.8053 | LR: 0.001000
2025-08-15 02:59:50 INFO Epoch 008 | Train Loss: 0.6707 | Val Loss: 1.0813 | Dice: 0.4483 | clDice: 0.5019 | IoU: 0.2894 | Tversky: 0.4483 | Hausdorff: 340.9668 | HD95: 59.6270 | LR: 0.001000
2025-08-15 03:01:36 INFO Epoch 009 | Train Loss: 0.6659 | Val Loss: 1.0860 | Dice: 0.4596 | clDice: 0.5134 | IoU: 0.2987 | Tversky: 0.4596 | Hausdorff: 278.2233 | HD95: 63.1449 | LR: 0.001000
2025-08-15 03:03:21 INFO Epoch 010 | Train Loss: 0.6616 | Val Loss: 1.0774 | Dice: 0.4453 | clDice: 0.4948 | IoU: 0.2866 | Tversky: 0.4453 | Hausdorff: 224.4206 | HD95: 61.9447 | LR: 0.001000
2025-08-15 03:05:06 INFO Epoch 011 | Train Loss: 0.6652 | Val Loss: 1.0709 | Dice: 0.4650 | clDice: 0.5203 | IoU: 0.3031 | Tversky: 0.4650 | Hausdorff: 234.3842 | HD95: 47.1718 | LR: 0.001000
2025-08-15 03:06:49 INFO Epoch 012 | Train Loss: 0.6580 | Val Loss: 1.0743 | Dice: 0.4603 | clDice: 0.5083 | IoU: 0.2994 | Tversky: 0.4603 | Hausdorff: 224.0938 | HD95: 47.4302 | LR: 0.001000
2025-08-15 03:08:38 INFO Epoch 013 | Train Loss: 0.6574 | Val Loss: 1.0719 | Dice: 0.4632 | clDice: 0.5154 | IoU: 0.3018 | Tversky: 0.4632 | Hausdorff: 231.5357 | HD95: 50.4813 | LR: 0.001000
2025-08-15 03:10:24 INFO Epoch 014 | Train Loss: 0.6544 | Val Loss: 1.0764 | Dice: 0.4737 | clDice: 0.5326 | IoU: 0.3106 | Tversky: 0.4737 | Hausdorff: 242.9527 | HD95: 47.4007 | LR: 0.001000
2025-08-15 03:12:09 INFO Epoch 015 | Train Loss: 0.6493 | Val Loss: 1.0732 | Dice: 0.4642 | clDice: 0.5166 | IoU: 0.3026 | Tversky: 0.4642 | Hausdorff: 231.5674 | HD95: 60.6755 | LR: 0.001000
2025-08-15 03:13:54 INFO Epoch 016 | Train Loss: 0.6517 | Val Loss: 1.0765 | Dice: 0.4707 | clDice: 0.5287 | IoU: 0.3081 | Tversky: 0.4707 | Hausdorff: 225.0215 | HD95: 46.5283 | LR: 0.001000
2025-08-15 03:15:39 INFO Epoch 017 | Train Loss: 0.6532 | Val Loss: 1.0740 | Dice: 0.4716 | clDice: 0.5263 | IoU: 0.3090 | Tversky: 0.4716 | Hausdorff: 207.3102 | HD95: 41.5165 | LR: 0.000500
2025-08-15 03:17:26 INFO Epoch 018 | Train Loss: 0.6448 | Val Loss: 1.0749 | Dice: 0.4816 | clDice: 0.5421 | IoU: 0.3176 | Tversky: 0.4816 | Hausdorff: 223.4915 | HD95: 40.5131 | LR: 0.000500
2025-08-15 03:19:11 INFO Epoch 019 | Train Loss: 0.6423 | Val Loss: 1.0727 | Dice: 0.4837 | clDice: 0.5431 | IoU: 0.3194 | Tversky: 0.4837 | Hausdorff: 215.8084 | HD95: 37.1888 | LR: 0.000500
2025-08-15 03:20:55 INFO Epoch 020 | Train Loss: 0.6405 | Val Loss: 1.0719 | Dice: 0.4857 | clDice: 0.5465 | IoU: 0.3211 | Tversky: 0.4857 | Hausdorff: 215.3682 | HD95: 41.0251 | LR: 0.000500
2025-08-15 03:22:41 INFO Early stopping at epoch 21 | Best Dice: 0.4857 at epoch 11
2025-08-15 03:23:05 INFO Fold 5 results: Dice: 0.4650 | clDice: 0.5203 | IoU: 0.3031 | Tversky: 0.4650 | Hausdorff: 234.3842 | HD95: 47.1718
2025-08-15 03:23:05 INFO ===== Cross-validation results =====
2025-08-15 03:23:05 INFO Dice: 0.4644 | clDice: 0.5135 | IoU: 0.3030 | Tversky: 0.4644 | Hausdorff: 266.5991 | HD95: 52.4140
