2025-08-15 08:54:49 INFO Starting training with configuration: {'model': {'name': 'unet', 'encoder_name': 'resnet50', 'encoder_weights': 'imagenet', 'classes': 1, 'activation': None, 'dropout': 0.2}, 'dataset': {'root': '/data/smadper@alumno.upv.es/TFM/datasets/laticifers', 'patch_size': [512, 512], 'stride': [256, 256], 'num_patches': 40, 'num_workers': 4, 'positive_ratio': 0.8, 'fg_threshold': 0.04, 'feature_dirs': {'image': '/data/smadper@alumno.upv.es/TFM/datasets/laticifers/enhanced_images', 'mask': '/data/smadper@alumno.upv.es/TFM/datasets/laticifers/masks', 'distance': '/data/smadper@alumno.upv.es/TFM/datasets/laticifers/distance_maps_pt'}}, 'train': {'batch_size': 32, 'num_epochs': 50, 'learning_rate': 0.001, 'accumulation_steps': 1, 'save_dir': '/data/smadper@alumno.upv.es/TFM/checkpoints_cv/unet/20250815_085449_unet_resnet50_dice_cldice0.5', 'log_interval': 1, 'patience': 10, 'mixed_precision': True, 'experiment_name': 'unet_resnet50_dice_cldice0.5', 'timestamp': '20250815_085449'}, 'test': {'batch_size': 1}, 'loss': {'name': 'bce', 'cldice_alpha': 0.3, 'use_topographic': False, 'combine_with': 'tversky', 'weights': {'main': 0.5, 'combined': 0.5}, 'topo': {'alpha': 2.0, 'beta': 1.0}}}
2025-08-15 08:54:49 INFO Experiment name: unet_resnet50_dice_cldice0.5
2025-08-15 08:54:49 INFO ===== Fold 1 / 5 =====
2025-08-15 08:54:49 INFO Loading model unet with settings {'name': 'unet', 'encoder_name': 'resnet50', 'encoder_weights': 'imagenet', 'classes': 1, 'activation': None, 'dropout': 0.2}
2025-08-15 08:56:34 INFO Epoch 001 | Train Loss: 0.5645 | Val Loss: 0.4805 | Dice: 0.2030 | clDice: 0.2114 | IoU: 0.1135 | Tversky: 0.2030 | Hausdorff: 503.4751 | HD95: 128.8072 | LR: 0.001000
2025-08-15 08:58:22 INFO Epoch 002 | Train Loss: 0.4261 | Val Loss: 0.4062 | Dice: 0.4094 | clDice: 0.4466 | IoU: 0.2577 | Tversky: 0.4094 | Hausdorff: 474.7406 | HD95: 76.6507 | LR: 0.001000
2025-08-15 09:00:06 INFO Epoch 003 | Train Loss: 0.4032 | Val Loss: 0.4115 | Dice: 0.4081 | clDice: 0.4389 | IoU: 0.2569 | Tversky: 0.4081 | Hausdorff: 698.3652 | HD95: 81.6138 | LR: 0.001000
2025-08-15 09:01:52 INFO Epoch 004 | Train Loss: 0.3959 | Val Loss: 0.3867 | Dice: 0.4086 | clDice: 0.4464 | IoU: 0.2569 | Tversky: 0.4086 | Hausdorff: 261.7762 | HD95: 92.1002 | LR: 0.001000
2025-08-15 09:03:40 INFO Epoch 005 | Train Loss: 0.3911 | Val Loss: 0.3647 | Dice: 0.4524 | clDice: 0.4957 | IoU: 0.2927 | Tversky: 0.4524 | Hausdorff: 247.4477 | HD95: 54.5135 | LR: 0.001000
2025-08-15 09:05:26 INFO Epoch 006 | Train Loss: 0.3873 | Val Loss: 0.3578 | Dice: 0.4632 | clDice: 0.5059 | IoU: 0.3018 | Tversky: 0.4632 | Hausdorff: 241.1332 | HD95: 55.7324 | LR: 0.001000
2025-08-15 09:07:12 INFO Epoch 007 | Train Loss: 0.3860 | Val Loss: 0.3598 | Dice: 0.4673 | clDice: 0.5205 | IoU: 0.3052 | Tversky: 0.4673 | Hausdorff: 244.5440 | HD95: 51.4613 | LR: 0.001000
2025-08-15 09:08:55 INFO Epoch 008 | Train Loss: 0.3842 | Val Loss: 0.3567 | Dice: 0.4598 | clDice: 0.5059 | IoU: 0.2990 | Tversky: 0.4598 | Hausdorff: 240.8419 | HD95: 52.9562 | LR: 0.001000
2025-08-15 09:10:42 INFO Epoch 009 | Train Loss: 0.3802 | Val Loss: 0.3701 | Dice: 0.4305 | clDice: 0.4677 | IoU: 0.2745 | Tversky: 0.4305 | Hausdorff: 276.8793 | HD95: 77.9827 | LR: 0.001000
2025-08-15 09:12:29 INFO Epoch 010 | Train Loss: 0.3802 | Val Loss: 0.3532 | Dice: 0.4655 | clDice: 0.5078 | IoU: 0.3038 | Tversky: 0.4655 | Hausdorff: 241.0618 | HD95: 54.6002 | LR: 0.001000
2025-08-15 09:14:13 INFO Epoch 011 | Train Loss: 0.3784 | Val Loss: 0.3520 | Dice: 0.4713 | clDice: 0.5178 | IoU: 0.3086 | Tversky: 0.4713 | Hausdorff: 251.4225 | HD95: 47.4939 | LR: 0.001000
2025-08-15 09:16:00 INFO Epoch 012 | Train Loss: 0.3790 | Val Loss: 0.3554 | Dice: 0.4616 | clDice: 0.5054 | IoU: 0.3004 | Tversky: 0.4616 | Hausdorff: 249.8353 | HD95: 45.1268 | LR: 0.001000
2025-08-15 09:17:49 INFO Epoch 013 | Train Loss: 0.3767 | Val Loss: 0.3499 | Dice: 0.4749 | clDice: 0.5190 | IoU: 0.3119 | Tversky: 0.4749 | Hausdorff: 228.8482 | HD95: 43.9733 | LR: 0.001000
2025-08-15 09:19:33 INFO Epoch 014 | Train Loss: 0.3775 | Val Loss: 0.3473 | Dice: 0.4797 | clDice: 0.5307 | IoU: 0.3160 | Tversky: 0.4797 | Hausdorff: 255.1377 | HD95: 45.7485 | LR: 0.001000
2025-08-15 09:21:23 INFO Epoch 015 | Train Loss: 0.3741 | Val Loss: 0.3501 | Dice: 0.4722 | clDice: 0.5219 | IoU: 0.3095 | Tversky: 0.4722 | Hausdorff: 228.4633 | HD95: 41.6617 | LR: 0.001000
2025-08-15 09:23:07 INFO Epoch 016 | Train Loss: 0.3746 | Val Loss: 0.3484 | Dice: 0.4764 | clDice: 0.5286 | IoU: 0.3130 | Tversky: 0.4764 | Hausdorff: 230.1704 | HD95: 41.3055 | LR: 0.001000
2025-08-15 09:24:53 INFO Epoch 017 | Train Loss: 0.3747 | Val Loss: 0.3494 | Dice: 0.4656 | clDice: 0.5051 | IoU: 0.3041 | Tversky: 0.4656 | Hausdorff: 243.7601 | HD95: 45.9090 | LR: 0.001000
2025-08-15 09:26:37 INFO Epoch 018 | Train Loss: 0.3736 | Val Loss: 0.3571 | Dice: 0.4676 | clDice: 0.5126 | IoU: 0.3056 | Tversky: 0.4676 | Hausdorff: 224.3689 | HD95: 41.7370 | LR: 0.001000
2025-08-15 09:28:19 INFO Epoch 019 | Train Loss: 0.3692 | Val Loss: 0.3477 | Dice: 0.4723 | clDice: 0.5166 | IoU: 0.3095 | Tversky: 0.4723 | Hausdorff: 242.1062 | HD95: 47.2424 | LR: 0.001000
2025-08-15 09:30:12 INFO Epoch 020 | Train Loss: 0.3700 | Val Loss: 0.3452 | Dice: 0.4805 | clDice: 0.5323 | IoU: 0.3167 | Tversky: 0.4805 | Hausdorff: 229.2989 | HD95: 39.4994 | LR: 0.001000
2025-08-15 09:31:53 INFO Epoch 021 | Train Loss: 0.3695 | Val Loss: 0.3459 | Dice: 0.4753 | clDice: 0.5199 | IoU: 0.3122 | Tversky: 0.4753 | Hausdorff: 228.9807 | HD95: 37.8081 | LR: 0.001000
2025-08-15 09:33:37 INFO Epoch 022 | Train Loss: 0.3706 | Val Loss: 0.3470 | Dice: 0.4739 | clDice: 0.5184 | IoU: 0.3110 | Tversky: 0.4739 | Hausdorff: 245.8715 | HD95: 37.7338 | LR: 0.001000
2025-08-15 09:35:23 INFO Epoch 023 | Train Loss: 0.3710 | Val Loss: 0.3474 | Dice: 0.4726 | clDice: 0.5187 | IoU: 0.3099 | Tversky: 0.4726 | Hausdorff: 231.0698 | HD95: 49.5491 | LR: 0.001000
2025-08-15 09:37:05 INFO Epoch 024 | Train Loss: 0.3676 | Val Loss: 0.3531 | Dice: 0.4550 | clDice: 0.4929 | IoU: 0.2948 | Tversky: 0.4550 | Hausdorff: 228.1527 | HD95: 52.1133 | LR: 0.001000
2025-08-15 09:38:49 INFO Epoch 025 | Train Loss: 0.3711 | Val Loss: 0.3505 | Dice: 0.4633 | clDice: 0.5063 | IoU: 0.3020 | Tversky: 0.4633 | Hausdorff: 245.6436 | HD95: 47.1614 | LR: 0.001000
2025-08-15 09:40:33 INFO Epoch 026 | Train Loss: 0.3686 | Val Loss: 0.3469 | Dice: 0.4802 | clDice: 0.5304 | IoU: 0.3164 | Tversky: 0.4802 | Hausdorff: 233.3040 | HD95: 36.6399 | LR: 0.000500
2025-08-15 09:42:18 INFO Epoch 027 | Train Loss: 0.3652 | Val Loss: 0.3438 | Dice: 0.4812 | clDice: 0.5295 | IoU: 0.3172 | Tversky: 0.4812 | Hausdorff: 233.2955 | HD95: 31.9458 | LR: 0.000500
2025-08-15 09:44:02 INFO Epoch 028 | Train Loss: 0.3630 | Val Loss: 0.3396 | Dice: 0.4841 | clDice: 0.5330 | IoU: 0.3199 | Tversky: 0.4841 | Hausdorff: 236.3360 | HD95: 38.5651 | LR: 0.000500
2025-08-15 09:45:45 INFO Epoch 029 | Train Loss: 0.3645 | Val Loss: 0.3415 | Dice: 0.4815 | clDice: 0.5272 | IoU: 0.3174 | Tversky: 0.4815 | Hausdorff: 226.6014 | HD95: 33.8786 | LR: 0.000500
2025-08-15 09:47:31 INFO Epoch 030 | Train Loss: 0.3627 | Val Loss: 0.3405 | Dice: 0.4812 | clDice: 0.5268 | IoU: 0.3172 | Tversky: 0.4812 | Hausdorff: 232.0585 | HD95: 38.2180 | LR: 0.000500
2025-08-15 09:49:18 INFO Epoch 031 | Train Loss: 0.3632 | Val Loss: 0.3416 | Dice: 0.4827 | clDice: 0.5284 | IoU: 0.3184 | Tversky: 0.4827 | Hausdorff: 241.4478 | HD95: 35.3944 | LR: 0.000500
2025-08-15 09:51:02 INFO Epoch 032 | Train Loss: 0.3606 | Val Loss: 0.3479 | Dice: 0.4687 | clDice: 0.5124 | IoU: 0.3065 | Tversky: 0.4687 | Hausdorff: 235.6795 | HD95: 41.3683 | LR: 0.000500
2025-08-15 09:52:50 INFO Epoch 033 | Train Loss: 0.3624 | Val Loss: 0.3414 | Dice: 0.4810 | clDice: 0.5272 | IoU: 0.3171 | Tversky: 0.4810 | Hausdorff: 241.8982 | HD95: 36.6189 | LR: 0.000500
2025-08-15 09:54:34 INFO Epoch 034 | Train Loss: 0.3604 | Val Loss: 0.3433 | Dice: 0.4744 | clDice: 0.5165 | IoU: 0.3114 | Tversky: 0.4744 | Hausdorff: 418.2303 | HD95: 37.9268 | LR: 0.000250
2025-08-15 09:56:20 INFO Epoch 035 | Train Loss: 0.3583 | Val Loss: 0.3414 | Dice: 0.4822 | clDice: 0.5283 | IoU: 0.3181 | Tversky: 0.4822 | Hausdorff: 342.5525 | HD95: 33.5378 | LR: 0.000250
2025-08-15 09:58:06 INFO Epoch 036 | Train Loss: 0.3567 | Val Loss: 0.3397 | Dice: 0.4851 | clDice: 0.5326 | IoU: 0.3206 | Tversky: 0.4851 | Hausdorff: 382.9675 | HD95: 33.5076 | LR: 0.000250
2025-08-15 09:59:50 INFO Epoch 037 | Train Loss: 0.3565 | Val Loss: 0.3420 | Dice: 0.4779 | clDice: 0.5222 | IoU: 0.3144 | Tversky: 0.4779 | Hausdorff: 233.5680 | HD95: 33.9537 | LR: 0.000250
2025-08-15 10:01:36 INFO Early stopping at epoch 38 | Best Dice: 0.4851 at epoch 28
2025-08-15 10:01:59 INFO Fold 1 results: Dice: 0.4841 | clDice: 0.5330 | IoU: 0.3199 | Tversky: 0.4841 | Hausdorff: 236.3360 | HD95: 38.5651
2025-08-15 10:01:59 INFO ===== Fold 2 / 5 =====
2025-08-15 10:01:59 INFO Loading model unet with settings {'name': 'unet', 'encoder_name': 'resnet50', 'encoder_weights': 'imagenet', 'classes': 1, 'activation': None, 'dropout': 0.2}
2025-08-15 10:03:45 INFO Epoch 001 | Train Loss: 0.5288 | Val Loss: 0.4322 | Dice: 0.4034 | clDice: 0.4523 | IoU: 0.2529 | Tversky: 0.4034 | Hausdorff: 336.9709 | HD95: 73.1142 | LR: 0.001000
2025-08-15 10:05:36 INFO Epoch 002 | Train Loss: 0.4220 | Val Loss: 0.3860 | Dice: 0.4435 | clDice: 0.4852 | IoU: 0.2853 | Tversky: 0.4435 | Hausdorff: 310.2266 | HD95: 49.7678 | LR: 0.001000
2025-08-15 10:07:22 INFO Epoch 003 | Train Loss: 0.4030 | Val Loss: 0.3848 | Dice: 0.4415 | clDice: 0.4787 | IoU: 0.2837 | Tversky: 0.4415 | Hausdorff: 338.9760 | HD95: 53.8226 | LR: 0.001000
2025-08-15 10:09:09 INFO Epoch 004 | Train Loss: 0.3902 | Val Loss: 0.3707 | Dice: 0.4558 | clDice: 0.4951 | IoU: 0.2957 | Tversky: 0.4558 | Hausdorff: 298.8587 | HD95: 45.9350 | LR: 0.001000
2025-08-15 10:10:51 INFO Epoch 005 | Train Loss: 0.3909 | Val Loss: 0.3766 | Dice: 0.4340 | clDice: 0.4711 | IoU: 0.2779 | Tversky: 0.4340 | Hausdorff: 347.3859 | HD95: 58.6442 | LR: 0.001000
2025-08-15 10:12:36 INFO Epoch 006 | Train Loss: 0.3856 | Val Loss: 0.3649 | Dice: 0.4519 | clDice: 0.4924 | IoU: 0.2929 | Tversky: 0.4519 | Hausdorff: 302.8760 | HD95: 52.4880 | LR: 0.001000
2025-08-15 10:14:23 INFO Epoch 007 | Train Loss: 0.3852 | Val Loss: 0.3588 | Dice: 0.4679 | clDice: 0.5144 | IoU: 0.3061 | Tversky: 0.4679 | Hausdorff: 333.5838 | HD95: 48.1064 | LR: 0.001000
2025-08-15 10:16:09 INFO Epoch 008 | Train Loss: 0.3808 | Val Loss: 0.3600 | Dice: 0.4675 | clDice: 0.5191 | IoU: 0.3057 | Tversky: 0.4675 | Hausdorff: 250.1616 | HD95: 49.4709 | LR: 0.001000
2025-08-15 10:17:57 INFO Epoch 009 | Train Loss: 0.3781 | Val Loss: 0.3577 | Dice: 0.4724 | clDice: 0.5197 | IoU: 0.3098 | Tversky: 0.4724 | Hausdorff: 320.8611 | HD95: 43.9503 | LR: 0.001000
2025-08-15 10:19:45 INFO Epoch 010 | Train Loss: 0.3833 | Val Loss: 0.3601 | Dice: 0.4638 | clDice: 0.5068 | IoU: 0.3026 | Tversky: 0.4638 | Hausdorff: 296.7660 | HD95: 43.5869 | LR: 0.001000
2025-08-15 10:21:30 INFO Epoch 011 | Train Loss: 0.3780 | Val Loss: 0.3558 | Dice: 0.4717 | clDice: 0.5159 | IoU: 0.3092 | Tversky: 0.4717 | Hausdorff: 314.2082 | HD95: 42.6398 | LR: 0.001000
2025-08-15 10:23:18 INFO Epoch 012 | Train Loss: 0.3761 | Val Loss: 0.3553 | Dice: 0.4814 | clDice: 0.5315 | IoU: 0.3173 | Tversky: 0.4814 | Hausdorff: 265.4561 | HD95: 36.0915 | LR: 0.001000
2025-08-15 10:25:06 INFO Epoch 013 | Train Loss: 0.3765 | Val Loss: 0.3616 | Dice: 0.4624 | clDice: 0.5066 | IoU: 0.3016 | Tversky: 0.4624 | Hausdorff: 285.3380 | HD95: 52.6285 | LR: 0.001000
2025-08-15 10:26:53 INFO Epoch 014 | Train Loss: 0.3737 | Val Loss: 0.3552 | Dice: 0.4751 | clDice: 0.5221 | IoU: 0.3120 | Tversky: 0.4751 | Hausdorff: 294.7736 | HD95: 37.6433 | LR: 0.001000
2025-08-15 10:28:40 INFO Epoch 015 | Train Loss: 0.3739 | Val Loss: 0.3591 | Dice: 0.4696 | clDice: 0.5132 | IoU: 0.3076 | Tversky: 0.4696 | Hausdorff: 278.5157 | HD95: 45.7772 | LR: 0.001000
2025-08-15 10:30:25 INFO Epoch 016 | Train Loss: 0.3752 | Val Loss: 0.3567 | Dice: 0.4720 | clDice: 0.5180 | IoU: 0.3094 | Tversky: 0.4720 | Hausdorff: 329.5567 | HD95: 39.1816 | LR: 0.001000
2025-08-15 10:32:11 INFO Epoch 017 | Train Loss: 0.3690 | Val Loss: 0.3535 | Dice: 0.4676 | clDice: 0.5107 | IoU: 0.3058 | Tversky: 0.4676 | Hausdorff: 309.8703 | HD95: 49.2143 | LR: 0.001000
2025-08-15 10:33:56 INFO Epoch 018 | Train Loss: 0.3727 | Val Loss: 0.3514 | Dice: 0.4799 | clDice: 0.5270 | IoU: 0.3163 | Tversky: 0.4799 | Hausdorff: 279.3496 | HD95: 37.4670 | LR: 0.001000
2025-08-15 10:35:40 INFO Epoch 019 | Train Loss: 0.3707 | Val Loss: 0.3560 | Dice: 0.4643 | clDice: 0.5066 | IoU: 0.3031 | Tversky: 0.4643 | Hausdorff: 312.5426 | HD95: 45.8036 | LR: 0.001000
2025-08-15 10:37:26 INFO Epoch 020 | Train Loss: 0.3718 | Val Loss: 0.3546 | Dice: 0.4719 | clDice: 0.5189 | IoU: 0.3094 | Tversky: 0.4719 | Hausdorff: 287.9107 | HD95: 42.1195 | LR: 0.001000
2025-08-15 10:39:11 INFO Epoch 021 | Train Loss: 0.3692 | Val Loss: 0.3517 | Dice: 0.4806 | clDice: 0.5304 | IoU: 0.3169 | Tversky: 0.4806 | Hausdorff: 283.1586 | HD95: 39.4656 | LR: 0.001000
2025-08-15 10:40:56 INFO Epoch 022 | Train Loss: 0.3705 | Val Loss: 0.3495 | Dice: 0.4792 | clDice: 0.5257 | IoU: 0.3157 | Tversky: 0.4792 | Hausdorff: 265.8699 | HD95: 40.6009 | LR: 0.001000
2025-08-15 10:42:42 INFO Epoch 023 | Train Loss: 0.3711 | Val Loss: 0.3501 | Dice: 0.4804 | clDice: 0.5224 | IoU: 0.3167 | Tversky: 0.4804 | Hausdorff: 335.7810 | HD95: 34.2847 | LR: 0.001000
2025-08-15 10:44:27 INFO Epoch 024 | Train Loss: 0.3696 | Val Loss: 0.3541 | Dice: 0.4717 | clDice: 0.5125 | IoU: 0.3093 | Tversky: 0.4717 | Hausdorff: 313.4480 | HD95: 40.1324 | LR: 0.001000
2025-08-15 10:46:17 INFO Epoch 025 | Train Loss: 0.3690 | Val Loss: 0.3500 | Dice: 0.4806 | clDice: 0.5282 | IoU: 0.3168 | Tversky: 0.4806 | Hausdorff: 282.3088 | HD95: 35.7543 | LR: 0.001000
2025-08-15 10:48:01 INFO Epoch 026 | Train Loss: 0.3685 | Val Loss: 0.3528 | Dice: 0.4735 | clDice: 0.5185 | IoU: 0.3107 | Tversky: 0.4735 | Hausdorff: 535.6648 | HD95: 37.5618 | LR: 0.001000
2025-08-15 10:49:48 INFO Epoch 027 | Train Loss: 0.3659 | Val Loss: 0.3538 | Dice: 0.4771 | clDice: 0.5211 | IoU: 0.3138 | Tversky: 0.4771 | Hausdorff: 263.3918 | HD95: 37.4743 | LR: 0.001000
2025-08-15 10:51:32 INFO Epoch 028 | Train Loss: 0.3721 | Val Loss: 0.3497 | Dice: 0.4803 | clDice: 0.5247 | IoU: 0.3165 | Tversky: 0.4803 | Hausdorff: 279.4903 | HD95: 32.3989 | LR: 0.000500
2025-08-15 10:53:17 INFO Epoch 029 | Train Loss: 0.3617 | Val Loss: 0.3482 | Dice: 0.4798 | clDice: 0.5250 | IoU: 0.3161 | Tversky: 0.4798 | Hausdorff: 247.7731 | HD95: 36.0486 | LR: 0.000500
2025-08-15 10:55:02 INFO Epoch 030 | Train Loss: 0.3646 | Val Loss: 0.3486 | Dice: 0.4772 | clDice: 0.5196 | IoU: 0.3139 | Tversky: 0.4772 | Hausdorff: 304.0486 | HD95: 41.3414 | LR: 0.000500
2025-08-15 10:56:46 INFO Epoch 031 | Train Loss: 0.3614 | Val Loss: 0.3526 | Dice: 0.4711 | clDice: 0.5114 | IoU: 0.3086 | Tversky: 0.4711 | Hausdorff: 284.7124 | HD95: 35.6603 | LR: 0.000500
2025-08-15 10:58:32 INFO Epoch 032 | Train Loss: 0.3593 | Val Loss: 0.3498 | Dice: 0.4769 | clDice: 0.5203 | IoU: 0.3136 | Tversky: 0.4769 | Hausdorff: 289.4426 | HD95: 37.6274 | LR: 0.000500
2025-08-15 11:00:16 INFO Epoch 033 | Train Loss: 0.3597 | Val Loss: 0.3473 | Dice: 0.4798 | clDice: 0.5229 | IoU: 0.3162 | Tversky: 0.4798 | Hausdorff: 400.8682 | HD95: 40.3489 | LR: 0.000500
2025-08-15 11:02:00 INFO Epoch 034 | Train Loss: 0.3609 | Val Loss: 0.3492 | Dice: 0.4807 | clDice: 0.5277 | IoU: 0.3168 | Tversky: 0.4807 | Hausdorff: 319.5302 | HD95: 36.1669 | LR: 0.000500
2025-08-15 11:03:47 INFO Epoch 035 | Train Loss: 0.3577 | Val Loss: 0.3483 | Dice: 0.4807 | clDice: 0.5248 | IoU: 0.3168 | Tversky: 0.4807 | Hausdorff: 286.2088 | HD95: 34.7970 | LR: 0.000500
2025-08-15 11:05:32 INFO Epoch 036 | Train Loss: 0.3585 | Val Loss: 0.3495 | Dice: 0.4793 | clDice: 0.5231 | IoU: 0.3156 | Tversky: 0.4793 | Hausdorff: 384.6912 | HD95: 36.9469 | LR: 0.000500
2025-08-15 11:07:17 INFO Epoch 037 | Train Loss: 0.3565 | Val Loss: 0.3491 | Dice: 0.4735 | clDice: 0.5138 | IoU: 0.3108 | Tversky: 0.4735 | Hausdorff: 385.0103 | HD95: 42.5900 | LR: 0.000500
2025-08-15 11:09:00 INFO Epoch 038 | Train Loss: 0.3588 | Val Loss: 0.3562 | Dice: 0.4651 | clDice: 0.5044 | IoU: 0.3037 | Tversky: 0.4651 | Hausdorff: 622.3325 | HD95: 51.4780 | LR: 0.000500
2025-08-15 11:10:43 INFO Epoch 039 | Train Loss: 0.3574 | Val Loss: 0.3531 | Dice: 0.4700 | clDice: 0.5116 | IoU: 0.3077 | Tversky: 0.4700 | Hausdorff: 611.7956 | HD95: 45.1591 | LR: 0.000250
2025-08-15 11:12:29 INFO Epoch 040 | Train Loss: 0.3555 | Val Loss: 0.3500 | Dice: 0.4749 | clDice: 0.5179 | IoU: 0.3119 | Tversky: 0.4749 | Hausdorff: 314.5367 | HD95: 39.9140 | LR: 0.000250
2025-08-15 11:14:13 INFO Epoch 041 | Train Loss: 0.3533 | Val Loss: 0.3501 | Dice: 0.4781 | clDice: 0.5191 | IoU: 0.3147 | Tversky: 0.4781 | Hausdorff: 347.8282 | HD95: 34.6044 | LR: 0.000250
2025-08-15 11:15:59 INFO Epoch 042 | Train Loss: 0.3508 | Val Loss: 0.3498 | Dice: 0.4782 | clDice: 0.5216 | IoU: 0.3146 | Tversky: 0.4782 | Hausdorff: 378.6881 | HD95: 31.4519 | LR: 0.000250
2025-08-15 11:17:49 INFO Early stopping at epoch 43 | Best Dice: 0.4814 at epoch 33
2025-08-15 11:18:13 INFO Fold 2 results: Dice: 0.4798 | clDice: 0.5229 | IoU: 0.3162 | Tversky: 0.4798 | Hausdorff: 400.8682 | HD95: 40.3489
2025-08-15 11:18:13 INFO ===== Fold 3 / 5 =====
2025-08-15 11:18:13 INFO Loading model unet with settings {'name': 'unet', 'encoder_name': 'resnet50', 'encoder_weights': 'imagenet', 'classes': 1, 'activation': None, 'dropout': 0.2}
2025-08-15 11:20:03 INFO Epoch 001 | Train Loss: 0.5875 | Val Loss: 3.4851 | Dice: 0.1147 | clDice: 0.1055 | IoU: 0.0616 | Tversky: 0.1147 | Hausdorff: 859.5987 | HD95: 479.9150 | LR: 0.001000
2025-08-15 11:21:50 INFO Epoch 002 | Train Loss: 0.4525 | Val Loss: 0.4206 | Dice: 0.4167 | clDice: 0.4580 | IoU: 0.2642 | Tversky: 0.4167 | Hausdorff: 409.8387 | HD95: 63.6649 | LR: 0.001000
2025-08-15 11:23:38 INFO Epoch 003 | Train Loss: 0.4148 | Val Loss: 0.4153 | Dice: 0.4070 | clDice: 0.4461 | IoU: 0.2571 | Tversky: 0.4070 | Hausdorff: 332.1168 | HD95: 75.0387 | LR: 0.001000
2025-08-15 11:25:23 INFO Epoch 004 | Train Loss: 0.3982 | Val Loss: 0.3814 | Dice: 0.4395 | clDice: 0.4869 | IoU: 0.2830 | Tversky: 0.4395 | Hausdorff: 242.4890 | HD95: 58.5473 | LR: 0.001000
2025-08-15 11:27:13 INFO Epoch 005 | Train Loss: 0.3920 | Val Loss: 0.3768 | Dice: 0.4401 | clDice: 0.4791 | IoU: 0.2834 | Tversky: 0.4401 | Hausdorff: 272.4596 | HD95: 53.1824 | LR: 0.001000
2025-08-15 11:28:56 INFO Epoch 006 | Train Loss: 0.3876 | Val Loss: 0.3784 | Dice: 0.4251 | clDice: 0.4622 | IoU: 0.2719 | Tversky: 0.4251 | Hausdorff: 300.8387 | HD95: 63.0104 | LR: 0.001000
2025-08-15 11:30:44 INFO Epoch 007 | Train Loss: 0.3824 | Val Loss: 0.3725 | Dice: 0.4496 | clDice: 0.4964 | IoU: 0.2912 | Tversky: 0.4496 | Hausdorff: 242.1266 | HD95: 52.1659 | LR: 0.001000
2025-08-15 11:32:31 INFO Epoch 008 | Train Loss: 0.3824 | Val Loss: 0.3595 | Dice: 0.4753 | clDice: 0.5221 | IoU: 0.3127 | Tversky: 0.4753 | Hausdorff: 234.5988 | HD95: 40.8158 | LR: 0.001000
2025-08-15 11:34:16 INFO Epoch 009 | Train Loss: 0.3801 | Val Loss: 0.3685 | Dice: 0.4469 | clDice: 0.4872 | IoU: 0.2891 | Tversky: 0.4469 | Hausdorff: 265.1950 | HD95: 53.5950 | LR: 0.001000
2025-08-15 11:36:03 INFO Epoch 010 | Train Loss: 0.3775 | Val Loss: 0.3554 | Dice: 0.4767 | clDice: 0.5252 | IoU: 0.3141 | Tversky: 0.4767 | Hausdorff: 260.3257 | HD95: 43.5284 | LR: 0.001000
2025-08-15 11:37:48 INFO Epoch 011 | Train Loss: 0.3763 | Val Loss: 0.3657 | Dice: 0.4587 | clDice: 0.5038 | IoU: 0.2993 | Tversky: 0.4587 | Hausdorff: 257.1726 | HD95: 44.5282 | LR: 0.001000
2025-08-15 11:39:34 INFO Epoch 012 | Train Loss: 0.3755 | Val Loss: 0.3572 | Dice: 0.4737 | clDice: 0.5283 | IoU: 0.3116 | Tversky: 0.4737 | Hausdorff: 237.1965 | HD95: 48.7665 | LR: 0.001000
2025-08-15 11:41:18 INFO Epoch 013 | Train Loss: 0.3758 | Val Loss: 0.3598 | Dice: 0.4752 | clDice: 0.5245 | IoU: 0.3127 | Tversky: 0.4752 | Hausdorff: 223.6123 | HD95: 36.7737 | LR: 0.001000
2025-08-15 11:43:03 INFO Epoch 014 | Train Loss: 0.3769 | Val Loss: 0.3647 | Dice: 0.4595 | clDice: 0.5034 | IoU: 0.2997 | Tversky: 0.4595 | Hausdorff: 295.0572 | HD95: 45.6080 | LR: 0.001000
2025-08-15 11:44:49 INFO Epoch 015 | Train Loss: 0.3740 | Val Loss: 0.3595 | Dice: 0.4660 | clDice: 0.5166 | IoU: 0.3053 | Tversky: 0.4660 | Hausdorff: 322.4634 | HD95: 48.2339 | LR: 0.001000
2025-08-15 11:46:35 INFO Epoch 016 | Train Loss: 0.3745 | Val Loss: 0.3577 | Dice: 0.4717 | clDice: 0.5204 | IoU: 0.3099 | Tversky: 0.4717 | Hausdorff: 255.8585 | HD95: 42.9139 | LR: 0.000500
2025-08-15 11:48:20 INFO Epoch 017 | Train Loss: 0.3718 | Val Loss: 0.3535 | Dice: 0.4744 | clDice: 0.5230 | IoU: 0.3123 | Tversky: 0.4744 | Hausdorff: 307.9417 | HD95: 45.3663 | LR: 0.000500
2025-08-15 11:50:10 INFO Epoch 018 | Train Loss: 0.3679 | Val Loss: 0.3518 | Dice: 0.4780 | clDice: 0.5283 | IoU: 0.3155 | Tversky: 0.4780 | Hausdorff: 258.2370 | HD95: 42.2965 | LR: 0.000500
2025-08-15 11:51:55 INFO Epoch 019 | Train Loss: 0.3678 | Val Loss: 0.3483 | Dice: 0.4813 | clDice: 0.5330 | IoU: 0.3182 | Tversky: 0.4813 | Hausdorff: 230.0977 | HD95: 44.0898 | LR: 0.000500
2025-08-15 11:53:43 INFO Epoch 020 | Train Loss: 0.3672 | Val Loss: 0.3487 | Dice: 0.4840 | clDice: 0.5366 | IoU: 0.3206 | Tversky: 0.4840 | Hausdorff: 253.7475 | HD95: 37.7982 | LR: 0.000500
2025-08-15 11:55:27 INFO Epoch 021 | Train Loss: 0.3654 | Val Loss: 0.3520 | Dice: 0.4785 | clDice: 0.5285 | IoU: 0.3158 | Tversky: 0.4785 | Hausdorff: 241.6367 | HD95: 38.6201 | LR: 0.000500
2025-08-15 11:57:12 INFO Epoch 022 | Train Loss: 0.3677 | Val Loss: 0.3467 | Dice: 0.4900 | clDice: 0.5502 | IoU: 0.3257 | Tversky: 0.4900 | Hausdorff: 243.8910 | HD95: 37.6284 | LR: 0.000500
2025-08-15 11:59:00 INFO Epoch 023 | Train Loss: 0.3637 | Val Loss: 0.3543 | Dice: 0.4762 | clDice: 0.5305 | IoU: 0.3138 | Tversky: 0.4762 | Hausdorff: 258.2205 | HD95: 38.2501 | LR: 0.000500
2025-08-15 12:00:46 INFO Epoch 024 | Train Loss: 0.3635 | Val Loss: 0.3537 | Dice: 0.4753 | clDice: 0.5285 | IoU: 0.3130 | Tversky: 0.4753 | Hausdorff: 210.5018 | HD95: 37.9567 | LR: 0.000500
2025-08-15 12:02:32 INFO Epoch 025 | Train Loss: 0.3636 | Val Loss: 0.3494 | Dice: 0.4817 | clDice: 0.5360 | IoU: 0.3187 | Tversky: 0.4817 | Hausdorff: 245.9919 | HD95: 38.2183 | LR: 0.000500
2025-08-15 12:04:17 INFO Epoch 026 | Train Loss: 0.3640 | Val Loss: 0.3476 | Dice: 0.4811 | clDice: 0.5334 | IoU: 0.3180 | Tversky: 0.4811 | Hausdorff: 248.4821 | HD95: 42.2023 | LR: 0.000500
2025-08-15 12:06:02 INFO Epoch 027 | Train Loss: 0.3629 | Val Loss: 0.3537 | Dice: 0.4724 | clDice: 0.5199 | IoU: 0.3106 | Tversky: 0.4724 | Hausdorff: 202.2786 | HD95: 41.3331 | LR: 0.000500
2025-08-15 12:07:49 INFO Epoch 028 | Train Loss: 0.3609 | Val Loss: 0.3530 | Dice: 0.4749 | clDice: 0.5247 | IoU: 0.3127 | Tversky: 0.4749 | Hausdorff: 244.4244 | HD95: 39.3890 | LR: 0.000250
2025-08-15 12:09:33 INFO Epoch 029 | Train Loss: 0.3601 | Val Loss: 0.3487 | Dice: 0.4795 | clDice: 0.5315 | IoU: 0.3167 | Tversky: 0.4795 | Hausdorff: 235.7973 | HD95: 45.9717 | LR: 0.000250
2025-08-15 12:11:18 INFO Epoch 030 | Train Loss: 0.3588 | Val Loss: 0.3441 | Dice: 0.4925 | clDice: 0.5476 | IoU: 0.3278 | Tversky: 0.4925 | Hausdorff: 241.0008 | HD95: 35.2245 | LR: 0.000250
2025-08-15 12:13:03 INFO Epoch 031 | Train Loss: 0.3584 | Val Loss: 0.3460 | Dice: 0.4879 | clDice: 0.5419 | IoU: 0.3239 | Tversky: 0.4879 | Hausdorff: 236.0982 | HD95: 35.1116 | LR: 0.000250
2025-08-15 12:14:47 INFO Epoch 032 | Train Loss: 0.3595 | Val Loss: 0.3500 | Dice: 0.4791 | clDice: 0.5280 | IoU: 0.3164 | Tversky: 0.4791 | Hausdorff: 428.1625 | HD95: 41.1823 | LR: 0.000250
2025-08-15 12:16:34 INFO Epoch 033 | Train Loss: 0.3569 | Val Loss: 0.3500 | Dice: 0.4811 | clDice: 0.5332 | IoU: 0.3179 | Tversky: 0.4811 | Hausdorff: 353.0208 | HD95: 36.7959 | LR: 0.000250
2025-08-15 12:18:19 INFO Epoch 034 | Train Loss: 0.3577 | Val Loss: 0.3451 | Dice: 0.4918 | clDice: 0.5429 | IoU: 0.3271 | Tversky: 0.4918 | Hausdorff: 280.0127 | HD95: 32.5994 | LR: 0.000250
2025-08-15 12:20:03 INFO Epoch 035 | Train Loss: 0.3558 | Val Loss: 0.3473 | Dice: 0.4813 | clDice: 0.5335 | IoU: 0.3183 | Tversky: 0.4813 | Hausdorff: 243.8406 | HD95: 39.1011 | LR: 0.000250
2025-08-15 12:21:46 INFO Epoch 036 | Train Loss: 0.3579 | Val Loss: 0.3484 | Dice: 0.4794 | clDice: 0.5267 | IoU: 0.3164 | Tversky: 0.4794 | Hausdorff: 240.9456 | HD95: 40.8098 | LR: 0.000125
2025-08-15 12:23:30 INFO Epoch 037 | Train Loss: 0.3530 | Val Loss: 0.3479 | Dice: 0.4851 | clDice: 0.5399 | IoU: 0.3213 | Tversky: 0.4851 | Hausdorff: 346.5247 | HD95: 33.3454 | LR: 0.000125
2025-08-15 12:25:17 INFO Epoch 038 | Train Loss: 0.3526 | Val Loss: 0.3493 | Dice: 0.4814 | clDice: 0.5337 | IoU: 0.3182 | Tversky: 0.4814 | Hausdorff: 244.0428 | HD95: 36.1364 | LR: 0.000125
2025-08-15 12:27:01 INFO Epoch 039 | Train Loss: 0.3531 | Val Loss: 0.3468 | Dice: 0.4828 | clDice: 0.5340 | IoU: 0.3196 | Tversky: 0.4828 | Hausdorff: 282.0908 | HD95: 38.7311 | LR: 0.000125
2025-08-15 12:28:46 INFO Early stopping at epoch 40 | Best Dice: 0.4925 at epoch 30
2025-08-15 12:29:10 INFO Fold 3 results: Dice: 0.4925 | clDice: 0.5476 | IoU: 0.3278 | Tversky: 0.4925 | Hausdorff: 241.0008 | HD95: 35.2245
2025-08-15 12:29:10 INFO ===== Fold 4 / 5 =====
2025-08-15 12:29:10 INFO Loading model unet with settings {'name': 'unet', 'encoder_name': 'resnet50', 'encoder_weights': 'imagenet', 'classes': 1, 'activation': None, 'dropout': 0.2}
2025-08-15 12:30:54 INFO Epoch 001 | Train Loss: 0.5713 | Val Loss: 0.4753 | Dice: 0.3745 | clDice: 0.4075 | IoU: 0.2305 | Tversky: 0.3745 | Hausdorff: 361.4164 | HD95: 97.4214 | LR: 0.001000
2025-08-15 12:32:38 INFO Epoch 002 | Train Loss: 0.4356 | Val Loss: 0.4045 | Dice: 0.4274 | clDice: 0.4660 | IoU: 0.2720 | Tversky: 0.4274 | Hausdorff: 326.3175 | HD95: 65.4234 | LR: 0.001000
2025-08-15 12:34:24 INFO Epoch 003 | Train Loss: 0.4058 | Val Loss: 0.3834 | Dice: 0.4381 | clDice: 0.4730 | IoU: 0.2809 | Tversky: 0.4381 | Hausdorff: 275.7382 | HD95: 55.0874 | LR: 0.001000
2025-08-15 12:36:10 INFO Epoch 004 | Train Loss: 0.3923 | Val Loss: 0.3783 | Dice: 0.4419 | clDice: 0.4809 | IoU: 0.2837 | Tversky: 0.4419 | Hausdorff: 332.6898 | HD95: 66.9686 | LR: 0.001000
2025-08-15 12:37:56 INFO Epoch 005 | Train Loss: 0.3879 | Val Loss: 0.3650 | Dice: 0.4666 | clDice: 0.5100 | IoU: 0.3045 | Tversky: 0.4666 | Hausdorff: 233.6981 | HD95: 55.6032 | LR: 0.001000
2025-08-15 12:39:41 INFO Epoch 006 | Train Loss: 0.3855 | Val Loss: 0.3688 | Dice: 0.4764 | clDice: 0.5295 | IoU: 0.3130 | Tversky: 0.4764 | Hausdorff: 225.4721 | HD95: 40.4667 | LR: 0.001000
2025-08-15 12:41:27 INFO Epoch 007 | Train Loss: 0.3812 | Val Loss: 0.3636 | Dice: 0.4693 | clDice: 0.5195 | IoU: 0.3069 | Tversky: 0.4693 | Hausdorff: 232.9790 | HD95: 53.4791 | LR: 0.001000
2025-08-15 12:43:14 INFO Epoch 008 | Train Loss: 0.3813 | Val Loss: 0.3596 | Dice: 0.4735 | clDice: 0.5205 | IoU: 0.3104 | Tversky: 0.4735 | Hausdorff: 231.5416 | HD95: 45.9841 | LR: 0.001000
2025-08-15 12:44:59 INFO Epoch 009 | Train Loss: 0.3796 | Val Loss: 0.3687 | Dice: 0.4508 | clDice: 0.4926 | IoU: 0.2912 | Tversky: 0.4508 | Hausdorff: 279.8608 | HD95: 58.3293 | LR: 0.001000
2025-08-15 12:46:45 INFO Epoch 010 | Train Loss: 0.3742 | Val Loss: 0.3588 | Dice: 0.4776 | clDice: 0.5249 | IoU: 0.3140 | Tversky: 0.4776 | Hausdorff: 308.9122 | HD95: 35.8676 | LR: 0.001000
2025-08-15 12:48:30 INFO Epoch 011 | Train Loss: 0.3740 | Val Loss: 0.3610 | Dice: 0.4755 | clDice: 0.5264 | IoU: 0.3122 | Tversky: 0.4755 | Hausdorff: 226.3443 | HD95: 42.2652 | LR: 0.001000
2025-08-15 12:50:15 INFO Epoch 012 | Train Loss: 0.3765 | Val Loss: 0.3586 | Dice: 0.4701 | clDice: 0.5140 | IoU: 0.3074 | Tversky: 0.4701 | Hausdorff: 264.8265 | HD95: 46.5962 | LR: 0.001000
2025-08-15 12:52:02 INFO Epoch 013 | Train Loss: 0.3754 | Val Loss: 0.3591 | Dice: 0.4738 | clDice: 0.5237 | IoU: 0.3108 | Tversky: 0.4738 | Hausdorff: 232.9857 | HD95: 44.1055 | LR: 0.001000
2025-08-15 12:53:47 INFO Epoch 014 | Train Loss: 0.3732 | Val Loss: 0.3590 | Dice: 0.4764 | clDice: 0.5276 | IoU: 0.3129 | Tversky: 0.4764 | Hausdorff: 231.3202 | HD95: 43.4265 | LR: 0.001000
2025-08-15 12:55:33 INFO Epoch 015 | Train Loss: 0.3717 | Val Loss: 0.3701 | Dice: 0.4670 | clDice: 0.5204 | IoU: 0.3049 | Tversky: 0.4670 | Hausdorff: 295.6041 | HD95: 41.6817 | LR: 0.001000
2025-08-15 12:57:19 INFO Epoch 016 | Train Loss: 0.3711 | Val Loss: 0.3590 | Dice: 0.4780 | clDice: 0.5307 | IoU: 0.3143 | Tversky: 0.4780 | Hausdorff: 223.6685 | HD95: 32.1333 | LR: 0.001000
2025-08-15 12:59:03 INFO Epoch 017 | Train Loss: 0.3718 | Val Loss: 0.3557 | Dice: 0.4755 | clDice: 0.5208 | IoU: 0.3122 | Tversky: 0.4755 | Hausdorff: 218.4964 | HD95: 41.8458 | LR: 0.001000
2025-08-15 13:00:49 INFO Epoch 018 | Train Loss: 0.3710 | Val Loss: 0.3544 | Dice: 0.4831 | clDice: 0.5306 | IoU: 0.3187 | Tversky: 0.4831 | Hausdorff: 215.1656 | HD95: 39.0792 | LR: 0.001000
2025-08-15 13:02:34 INFO Epoch 019 | Train Loss: 0.3722 | Val Loss: 0.3587 | Dice: 0.4754 | clDice: 0.5205 | IoU: 0.3120 | Tversky: 0.4754 | Hausdorff: 257.0019 | HD95: 43.4262 | LR: 0.001000
2025-08-15 13:04:18 INFO Epoch 020 | Train Loss: 0.3701 | Val Loss: 0.3557 | Dice: 0.4781 | clDice: 0.5264 | IoU: 0.3144 | Tversky: 0.4781 | Hausdorff: 231.1837 | HD95: 35.1134 | LR: 0.001000
2025-08-15 13:06:05 INFO Epoch 021 | Train Loss: 0.3695 | Val Loss: 0.3566 | Dice: 0.4706 | clDice: 0.5125 | IoU: 0.3080 | Tversky: 0.4706 | Hausdorff: 223.6311 | HD95: 43.8544 | LR: 0.001000
2025-08-15 13:07:51 INFO Epoch 022 | Train Loss: 0.3668 | Val Loss: 0.3547 | Dice: 0.4846 | clDice: 0.5332 | IoU: 0.3201 | Tversky: 0.4846 | Hausdorff: 259.8706 | HD95: 35.6314 | LR: 0.001000
2025-08-15 13:09:38 INFO Epoch 023 | Train Loss: 0.3694 | Val Loss: 0.3568 | Dice: 0.4703 | clDice: 0.5106 | IoU: 0.3078 | Tversky: 0.4703 | Hausdorff: 219.7122 | HD95: 37.7507 | LR: 0.001000
2025-08-15 13:11:24 INFO Epoch 024 | Train Loss: 0.3666 | Val Loss: 0.3504 | Dice: 0.4933 | clDice: 0.5488 | IoU: 0.3277 | Tversky: 0.4933 | Hausdorff: 220.7848 | HD95: 30.5858 | LR: 0.001000
2025-08-15 13:13:10 INFO Epoch 025 | Train Loss: 0.3672 | Val Loss: 0.3566 | Dice: 0.4711 | clDice: 0.5166 | IoU: 0.3084 | Tversky: 0.4711 | Hausdorff: 201.9261 | HD95: 40.9216 | LR: 0.001000
2025-08-15 13:14:57 INFO Epoch 026 | Train Loss: 0.3655 | Val Loss: 0.3609 | Dice: 0.4799 | clDice: 0.5238 | IoU: 0.3159 | Tversky: 0.4799 | Hausdorff: 219.7504 | HD95: 37.3949 | LR: 0.001000
2025-08-15 13:16:41 INFO Epoch 027 | Train Loss: 0.3687 | Val Loss: 0.3614 | Dice: 0.4573 | clDice: 0.4967 | IoU: 0.2969 | Tversky: 0.4573 | Hausdorff: 232.0800 | HD95: 65.3442 | LR: 0.001000
2025-08-15 13:18:27 INFO Epoch 028 | Train Loss: 0.3661 | Val Loss: 0.3517 | Dice: 0.4806 | clDice: 0.5259 | IoU: 0.3165 | Tversky: 0.4806 | Hausdorff: 211.6471 | HD95: 35.0647 | LR: 0.001000
2025-08-15 13:20:12 INFO Epoch 029 | Train Loss: 0.3662 | Val Loss: 0.3595 | Dice: 0.4693 | clDice: 0.5158 | IoU: 0.3068 | Tversky: 0.4693 | Hausdorff: 251.3804 | HD95: 44.2419 | LR: 0.001000
2025-08-15 13:21:57 INFO Epoch 030 | Train Loss: 0.3652 | Val Loss: 0.3524 | Dice: 0.4797 | clDice: 0.5281 | IoU: 0.3158 | Tversky: 0.4797 | Hausdorff: 212.6482 | HD95: 35.3849 | LR: 0.000500
2025-08-15 13:23:43 INFO Epoch 031 | Train Loss: 0.3647 | Val Loss: 0.3506 | Dice: 0.4846 | clDice: 0.5329 | IoU: 0.3201 | Tversky: 0.4846 | Hausdorff: 354.4028 | HD95: 31.6046 | LR: 0.000500
2025-08-15 13:25:28 INFO Epoch 032 | Train Loss: 0.3620 | Val Loss: 0.3505 | Dice: 0.4817 | clDice: 0.5281 | IoU: 0.3175 | Tversky: 0.4817 | Hausdorff: 229.1589 | HD95: 33.5388 | LR: 0.000500
2025-08-15 13:27:15 INFO Epoch 033 | Train Loss: 0.3632 | Val Loss: 0.3498 | Dice: 0.4831 | clDice: 0.5313 | IoU: 0.3188 | Tversky: 0.4831 | Hausdorff: 208.0305 | HD95: 32.6956 | LR: 0.000500
2025-08-15 13:29:00 INFO Epoch 034 | Train Loss: 0.3608 | Val Loss: 0.3513 | Dice: 0.4867 | clDice: 0.5387 | IoU: 0.3219 | Tversky: 0.4867 | Hausdorff: 238.2069 | HD95: 31.4598 | LR: 0.000500
2025-08-15 13:30:44 INFO Epoch 035 | Train Loss: 0.3612 | Val Loss: 0.3498 | Dice: 0.4860 | clDice: 0.5345 | IoU: 0.3212 | Tversky: 0.4860 | Hausdorff: 236.0787 | HD95: 32.0822 | LR: 0.000500
2025-08-15 13:32:31 INFO Epoch 036 | Train Loss: 0.3567 | Val Loss: 0.3463 | Dice: 0.4904 | clDice: 0.5429 | IoU: 0.3251 | Tversky: 0.4904 | Hausdorff: 218.5427 | HD95: 29.7725 | LR: 0.000500
2025-08-15 13:34:16 INFO Epoch 037 | Train Loss: 0.3576 | Val Loss: 0.3497 | Dice: 0.4835 | clDice: 0.5306 | IoU: 0.3191 | Tversky: 0.4835 | Hausdorff: 240.9798 | HD95: 31.8913 | LR: 0.000500
2025-08-15 13:36:05 INFO Epoch 038 | Train Loss: 0.3588 | Val Loss: 0.3507 | Dice: 0.4852 | clDice: 0.5372 | IoU: 0.3205 | Tversky: 0.4852 | Hausdorff: 203.1142 | HD95: 31.0205 | LR: 0.000500
2025-08-15 13:37:49 INFO Epoch 039 | Train Loss: 0.3559 | Val Loss: 0.3507 | Dice: 0.4764 | clDice: 0.5209 | IoU: 0.3130 | Tversky: 0.4764 | Hausdorff: 217.1948 | HD95: 37.8011 | LR: 0.000500
2025-08-15 13:39:34 INFO Epoch 040 | Train Loss: 0.3574 | Val Loss: 0.3490 | Dice: 0.4867 | clDice: 0.5396 | IoU: 0.3218 | Tversky: 0.4867 | Hausdorff: 221.1954 | HD95: 31.9128 | LR: 0.000500
2025-08-15 13:41:21 INFO Epoch 041 | Train Loss: 0.3578 | Val Loss: 0.3504 | Dice: 0.4870 | clDice: 0.5394 | IoU: 0.3222 | Tversky: 0.4870 | Hausdorff: 204.6761 | HD95: 29.0688 | LR: 0.000500
2025-08-15 13:43:07 INFO Epoch 042 | Train Loss: 0.3569 | Val Loss: 0.3487 | Dice: 0.4859 | clDice: 0.5356 | IoU: 0.3211 | Tversky: 0.4859 | Hausdorff: 240.0113 | HD95: 34.9424 | LR: 0.000250
2025-08-15 13:44:52 INFO Epoch 043 | Train Loss: 0.3546 | Val Loss: 0.3518 | Dice: 0.4785 | clDice: 0.5251 | IoU: 0.3148 | Tversky: 0.4785 | Hausdorff: 202.7399 | HD95: 30.5446 | LR: 0.000250
2025-08-15 13:46:36 INFO Epoch 044 | Train Loss: 0.3520 | Val Loss: 0.3512 | Dice: 0.4821 | clDice: 0.5331 | IoU: 0.3179 | Tversky: 0.4821 | Hausdorff: 220.3791 | HD95: 30.7336 | LR: 0.000250
2025-08-15 13:48:21 INFO Epoch 045 | Train Loss: 0.3551 | Val Loss: 0.3482 | Dice: 0.4868 | clDice: 0.5365 | IoU: 0.3220 | Tversky: 0.4868 | Hausdorff: 223.2156 | HD95: 30.7754 | LR: 0.000250
2025-08-15 13:50:08 INFO Early stopping at epoch 46 | Best Dice: 0.4933 at epoch 36
2025-08-15 13:50:33 INFO Fold 4 results: Dice: 0.4904 | clDice: 0.5429 | IoU: 0.3251 | Tversky: 0.4904 | Hausdorff: 218.5427 | HD95: 29.7725
2025-08-15 13:50:33 INFO ===== Fold 5 / 5 =====
2025-08-15 13:50:33 INFO Loading model unet with settings {'name': 'unet', 'encoder_name': 'resnet50', 'encoder_weights': 'imagenet', 'classes': 1, 'activation': None, 'dropout': 0.2}
2025-08-15 13:52:17 INFO Epoch 001 | Train Loss: 0.5332 | Val Loss: 0.4373 | Dice: 0.3935 | clDice: 0.4305 | IoU: 0.2451 | Tversky: 0.3935 | Hausdorff: 225.3330 | HD95: 69.8521 | LR: 0.001000
2025-08-15 13:54:01 INFO Epoch 002 | Train Loss: 0.4165 | Val Loss: 0.4011 | Dice: 0.4231 | clDice: 0.4643 | IoU: 0.2688 | Tversky: 0.4231 | Hausdorff: 381.5323 | HD95: 70.2275 | LR: 0.001000
2025-08-15 13:55:46 INFO Epoch 003 | Train Loss: 0.3998 | Val Loss: 0.3808 | Dice: 0.4275 | clDice: 0.4677 | IoU: 0.2721 | Tversky: 0.4275 | Hausdorff: 216.9644 | HD95: 62.0819 | LR: 0.001000
2025-08-15 13:57:32 INFO Epoch 004 | Train Loss: 0.3932 | Val Loss: 0.3715 | Dice: 0.4405 | clDice: 0.4870 | IoU: 0.2827 | Tversky: 0.4405 | Hausdorff: 317.5499 | HD95: 67.3426 | LR: 0.001000
2025-08-15 13:59:19 INFO Epoch 005 | Train Loss: 0.3899 | Val Loss: 0.3610 | Dice: 0.4532 | clDice: 0.4931 | IoU: 0.2935 | Tversky: 0.4532 | Hausdorff: 234.4689 | HD95: 45.3681 | LR: 0.001000
2025-08-15 14:01:03 INFO Epoch 006 | Train Loss: 0.3853 | Val Loss: 0.3644 | Dice: 0.4454 | clDice: 0.4879 | IoU: 0.2869 | Tversky: 0.4454 | Hausdorff: 236.7033 | HD95: 53.9926 | LR: 0.001000
2025-08-15 14:02:48 INFO Epoch 007 | Train Loss: 0.3857 | Val Loss: 0.3648 | Dice: 0.4473 | clDice: 0.4899 | IoU: 0.2883 | Tversky: 0.4473 | Hausdorff: 223.7074 | HD95: 50.3977 | LR: 0.001000
2025-08-15 14:04:32 INFO Epoch 008 | Train Loss: 0.3817 | Val Loss: 0.3633 | Dice: 0.4440 | clDice: 0.4861 | IoU: 0.2856 | Tversky: 0.4440 | Hausdorff: 223.9023 | HD95: 62.3011 | LR: 0.001000
2025-08-15 14:06:15 INFO Epoch 009 | Train Loss: 0.3821 | Val Loss: 0.3639 | Dice: 0.4445 | clDice: 0.4852 | IoU: 0.2861 | Tversky: 0.4445 | Hausdorff: 242.6498 | HD95: 58.6963 | LR: 0.001000
2025-08-15 14:08:02 INFO Epoch 010 | Train Loss: 0.3791 | Val Loss: 0.3569 | Dice: 0.4585 | clDice: 0.5048 | IoU: 0.2977 | Tversky: 0.4585 | Hausdorff: 226.0096 | HD95: 46.8248 | LR: 0.001000
2025-08-15 14:09:46 INFO Epoch 011 | Train Loss: 0.3787 | Val Loss: 0.3551 | Dice: 0.4608 | clDice: 0.5067 | IoU: 0.2996 | Tversky: 0.4608 | Hausdorff: 222.7701 | HD95: 50.5894 | LR: 0.001000
2025-08-15 14:11:31 INFO Epoch 012 | Train Loss: 0.3774 | Val Loss: 0.3559 | Dice: 0.4622 | clDice: 0.5099 | IoU: 0.3008 | Tversky: 0.4622 | Hausdorff: 225.5317 | HD95: 47.1476 | LR: 0.001000
2025-08-15 14:13:16 INFO Epoch 013 | Train Loss: 0.3754 | Val Loss: 0.3626 | Dice: 0.4462 | clDice: 0.4852 | IoU: 0.2874 | Tversky: 0.4462 | Hausdorff: 227.0909 | HD95: 40.8843 | LR: 0.001000
2025-08-15 14:15:00 INFO Epoch 014 | Train Loss: 0.3758 | Val Loss: 0.3524 | Dice: 0.4646 | clDice: 0.5104 | IoU: 0.3029 | Tversky: 0.4646 | Hausdorff: 206.5169 | HD95: 38.9669 | LR: 0.001000
2025-08-15 14:16:46 INFO Epoch 015 | Train Loss: 0.3759 | Val Loss: 0.3574 | Dice: 0.4552 | clDice: 0.5003 | IoU: 0.2950 | Tversky: 0.4552 | Hausdorff: 208.4700 | HD95: 40.3973 | LR: 0.001000
2025-08-15 14:18:29 INFO Epoch 016 | Train Loss: 0.3750 | Val Loss: 0.3564 | Dice: 0.4624 | clDice: 0.5082 | IoU: 0.3011 | Tversky: 0.4624 | Hausdorff: 213.2166 | HD95: 38.8200 | LR: 0.001000
2025-08-15 14:20:13 INFO Epoch 017 | Train Loss: 0.3755 | Val Loss: 0.3543 | Dice: 0.4626 | clDice: 0.5085 | IoU: 0.3012 | Tversky: 0.4626 | Hausdorff: 208.9100 | HD95: 49.8666 | LR: 0.001000
2025-08-15 14:21:59 INFO Epoch 018 | Train Loss: 0.3713 | Val Loss: 0.3543 | Dice: 0.4638 | clDice: 0.5085 | IoU: 0.3023 | Tversky: 0.4638 | Hausdorff: 216.5425 | HD95: 36.0992 | LR: 0.001000
2025-08-15 14:23:43 INFO Epoch 019 | Train Loss: 0.3728 | Val Loss: 0.3553 | Dice: 0.4631 | clDice: 0.5118 | IoU: 0.3016 | Tversky: 0.4631 | Hausdorff: 231.3130 | HD95: 41.6873 | LR: 0.001000
2025-08-15 14:25:28 INFO Epoch 020 | Train Loss: 0.3729 | Val Loss: 0.3570 | Dice: 0.4578 | clDice: 0.4992 | IoU: 0.2971 | Tversky: 0.4578 | Hausdorff: 205.8979 | HD95: 46.8058 | LR: 0.000500
2025-08-15 14:27:12 INFO Epoch 021 | Train Loss: 0.3688 | Val Loss: 0.3468 | Dice: 0.4737 | clDice: 0.5229 | IoU: 0.3109 | Tversky: 0.4737 | Hausdorff: 217.2769 | HD95: 41.4774 | LR: 0.000500
2025-08-15 14:28:56 INFO Epoch 022 | Train Loss: 0.3647 | Val Loss: 0.3475 | Dice: 0.4721 | clDice: 0.5210 | IoU: 0.3094 | Tversky: 0.4721 | Hausdorff: 211.8577 | HD95: 39.5946 | LR: 0.000500
2025-08-15 14:30:42 INFO Epoch 023 | Train Loss: 0.3644 | Val Loss: 0.3444 | Dice: 0.4811 | clDice: 0.5384 | IoU: 0.3172 | Tversky: 0.4811 | Hausdorff: 217.0155 | HD95: 38.3735 | LR: 0.000500
2025-08-15 14:32:25 INFO Epoch 024 | Train Loss: 0.3654 | Val Loss: 0.3486 | Dice: 0.4703 | clDice: 0.5190 | IoU: 0.3078 | Tversky: 0.4703 | Hausdorff: 212.1664 | HD95: 39.6965 | LR: 0.000500
2025-08-15 14:34:09 INFO Epoch 025 | Train Loss: 0.3649 | Val Loss: 0.3474 | Dice: 0.4743 | clDice: 0.5251 | IoU: 0.3113 | Tversky: 0.4743 | Hausdorff: 212.7029 | HD95: 37.1937 | LR: 0.000500
2025-08-15 14:35:53 INFO Epoch 026 | Train Loss: 0.3638 | Val Loss: 0.3461 | Dice: 0.4769 | clDice: 0.5274 | IoU: 0.3135 | Tversky: 0.4769 | Hausdorff: 210.7135 | HD95: 37.5741 | LR: 0.000500
2025-08-15 14:37:36 INFO Epoch 027 | Train Loss: 0.3658 | Val Loss: 0.3481 | Dice: 0.4697 | clDice: 0.5175 | IoU: 0.3073 | Tversky: 0.4697 | Hausdorff: 217.2586 | HD95: 42.8541 | LR: 0.000500
2025-08-15 14:39:21 INFO Epoch 028 | Train Loss: 0.3644 | Val Loss: 0.3448 | Dice: 0.4780 | clDice: 0.5271 | IoU: 0.3144 | Tversky: 0.4780 | Hausdorff: 207.1125 | HD95: 40.7722 | LR: 0.000500
2025-08-15 14:41:05 INFO Epoch 029 | Train Loss: 0.3623 | Val Loss: 0.3440 | Dice: 0.4824 | clDice: 0.5344 | IoU: 0.3183 | Tversky: 0.4824 | Hausdorff: 198.7929 | HD95: 34.1332 | LR: 0.000500
2025-08-15 14:42:48 INFO Epoch 030 | Train Loss: 0.3619 | Val Loss: 0.3511 | Dice: 0.4693 | clDice: 0.5175 | IoU: 0.3070 | Tversky: 0.4693 | Hausdorff: 274.6561 | HD95: 36.7651 | LR: 0.000500
2025-08-15 14:44:33 INFO Epoch 031 | Train Loss: 0.3618 | Val Loss: 0.3441 | Dice: 0.4783 | clDice: 0.5289 | IoU: 0.3147 | Tversky: 0.4783 | Hausdorff: 227.7486 | HD95: 41.8568 | LR: 0.000500
2025-08-15 14:46:18 INFO Epoch 032 | Train Loss: 0.3611 | Val Loss: 0.3437 | Dice: 0.4808 | clDice: 0.5345 | IoU: 0.3169 | Tversky: 0.4808 | Hausdorff: 207.8681 | HD95: 38.1824 | LR: 0.000500
2025-08-15 14:48:03 INFO Epoch 033 | Train Loss: 0.3606 | Val Loss: 0.3497 | Dice: 0.4680 | clDice: 0.5160 | IoU: 0.3059 | Tversky: 0.4680 | Hausdorff: 218.3624 | HD95: 39.2181 | LR: 0.000500
2025-08-15 14:49:47 INFO Epoch 034 | Train Loss: 0.3625 | Val Loss: 0.3478 | Dice: 0.4748 | clDice: 0.5229 | IoU: 0.3116 | Tversky: 0.4748 | Hausdorff: 202.9671 | HD95: 36.6228 | LR: 0.000500
2025-08-15 14:51:32 INFO Epoch 035 | Train Loss: 0.3618 | Val Loss: 0.3475 | Dice: 0.4751 | clDice: 0.5233 | IoU: 0.3120 | Tversky: 0.4751 | Hausdorff: 293.2961 | HD95: 38.8254 | LR: 0.000500
2025-08-15 14:53:17 INFO Epoch 036 | Train Loss: 0.3623 | Val Loss: 0.3483 | Dice: 0.4722 | clDice: 0.5201 | IoU: 0.3095 | Tversky: 0.4722 | Hausdorff: 214.8417 | HD95: 36.9019 | LR: 0.000500
2025-08-15 14:55:02 INFO Epoch 037 | Train Loss: 0.3614 | Val Loss: 0.3491 | Dice: 0.4723 | clDice: 0.5206 | IoU: 0.3095 | Tversky: 0.4723 | Hausdorff: 202.9307 | HD95: 33.6280 | LR: 0.000500
2025-08-15 14:56:48 INFO Epoch 038 | Train Loss: 0.3613 | Val Loss: 0.3485 | Dice: 0.4645 | clDice: 0.5083 | IoU: 0.3029 | Tversky: 0.4645 | Hausdorff: 222.2025 | HD95: 50.9327 | LR: 0.000250
2025-08-15 14:58:33 INFO Epoch 039 | Train Loss: 0.3561 | Val Loss: 0.3445 | Dice: 0.4779 | clDice: 0.5272 | IoU: 0.3144 | Tversky: 0.4779 | Hausdorff: 210.0765 | HD95: 35.6348 | LR: 0.000250
2025-08-15 15:00:17 INFO Epoch 040 | Train Loss: 0.3519 | Val Loss: 0.3450 | Dice: 0.4771 | clDice: 0.5254 | IoU: 0.3136 | Tversky: 0.4771 | Hausdorff: 215.2651 | HD95: 35.7122 | LR: 0.000250
2025-08-15 15:02:03 INFO Epoch 041 | Train Loss: 0.3536 | Val Loss: 0.3414 | Dice: 0.4834 | clDice: 0.5342 | IoU: 0.3192 | Tversky: 0.4834 | Hausdorff: 210.1551 | HD95: 33.8521 | LR: 0.000250
2025-08-15 15:03:46 INFO Epoch 042 | Train Loss: 0.3562 | Val Loss: 0.3449 | Dice: 0.4754 | clDice: 0.5231 | IoU: 0.3123 | Tversky: 0.4754 | Hausdorff: 213.5725 | HD95: 38.9882 | LR: 0.000250
2025-08-15 15:05:31 INFO Epoch 043 | Train Loss: 0.3555 | Val Loss: 0.3429 | Dice: 0.4809 | clDice: 0.5301 | IoU: 0.3170 | Tversky: 0.4809 | Hausdorff: 206.2857 | HD95: 33.9869 | LR: 0.000250
2025-08-15 15:07:14 INFO Epoch 044 | Train Loss: 0.3559 | Val Loss: 0.3448 | Dice: 0.4775 | clDice: 0.5277 | IoU: 0.3140 | Tversky: 0.4775 | Hausdorff: 204.8090 | HD95: 37.8288 | LR: 0.000250
2025-08-15 15:08:59 INFO Epoch 045 | Train Loss: 0.3527 | Val Loss: 0.3449 | Dice: 0.4771 | clDice: 0.5260 | IoU: 0.3137 | Tversky: 0.4771 | Hausdorff: 208.5169 | HD95: 35.6407 | LR: 0.000250
2025-08-15 15:10:45 INFO Epoch 046 | Train Loss: 0.3529 | Val Loss: 0.3422 | Dice: 0.4852 | clDice: 0.5377 | IoU: 0.3206 | Tversky: 0.4852 | Hausdorff: 206.8263 | HD95: 34.3665 | LR: 0.000250
2025-08-15 15:12:29 INFO Epoch 047 | Train Loss: 0.3507 | Val Loss: 0.3482 | Dice: 0.4709 | clDice: 0.5165 | IoU: 0.3083 | Tversky: 0.4709 | Hausdorff: 206.6802 | HD95: 36.7722 | LR: 0.000125
2025-08-15 15:14:12 INFO Epoch 048 | Train Loss: 0.3533 | Val Loss: 0.3436 | Dice: 0.4778 | clDice: 0.5275 | IoU: 0.3143 | Tversky: 0.4778 | Hausdorff: 214.7019 | HD95: 37.8139 | LR: 0.000125
2025-08-15 15:15:58 INFO Epoch 049 | Train Loss: 0.3496 | Val Loss: 0.3431 | Dice: 0.4823 | clDice: 0.5334 | IoU: 0.3182 | Tversky: 0.4823 | Hausdorff: 207.6641 | HD95: 33.8326 | LR: 0.000125
2025-08-15 15:17:43 INFO Epoch 050 | Train Loss: 0.3506 | Val Loss: 0.3417 | Dice: 0.4847 | clDice: 0.5360 | IoU: 0.3203 | Tversky: 0.4847 | Hausdorff: 263.0482 | HD95: 33.0000 | LR: 0.000125
2025-08-15 15:17:43 INFO Training completed.
2025-08-15 15:18:07 INFO Fold 5 results: Dice: 0.4834 | clDice: 0.5342 | IoU: 0.3192 | Tversky: 0.4834 | Hausdorff: 210.1551 | HD95: 33.8521
2025-08-15 15:18:07 INFO ===== Cross-validation results =====
2025-08-15 15:18:07 INFO Dice: 0.4860 | clDice: 0.5361 | IoU: 0.3216 | Tversky: 0.4860 | Hausdorff: 261.3806 | HD95: 35.5526
