2025-08-15 01:17:41 INFO Starting training with configuration: {'model': {'name': 'unet', 'encoder_name': 'resnet50', 'encoder_weights': 'imagenet', 'classes': 1, 'activation': None, 'dropout': 0.2}, 'dataset': {'root': '/data/smadper@alumno.upv.es/TFM/datasets/laticifers', 'patch_size': [512, 512], 'stride': [256, 256], 'num_patches': 40, 'num_workers': 4, 'positive_ratio': 0.8, 'fg_threshold': 0.04, 'feature_dirs': {'image': '/data/smadper@alumno.upv.es/TFM/datasets/laticifers/enhanced_images', 'mask': '/data/smadper@alumno.upv.es/TFM/datasets/laticifers/masks', 'distance': '/data/smadper@alumno.upv.es/TFM/datasets/laticifers/distance_maps_pt'}}, 'train': {'batch_size': 32, 'num_epochs': 50, 'learning_rate': 0.001, 'accumulation_steps': 1, 'save_dir': '/data/smadper@alumno.upv.es/TFM/checkpoints_cv/unet/20250815_011741_unet_resnet50_bce0.5_tversky0.5', 'log_interval': 1, 'patience': 10, 'mixed_precision': True, 'experiment_name': 'unet_resnet50_bce0.5_tversky0.5', 'timestamp': '20250815_011741'}, 'test': {'batch_size': 1}, 'loss': {'name': 'bce', 'cldice_alpha': 0.3, 'use_topographic': False, 'combine_with': 'tversky', 'weights': {'main': 0.5, 'combined': 0.5}, 'topo': {'alpha': 2.0, 'beta': 1.0}}}
2025-08-15 01:17:41 INFO Experiment name: unet_resnet50_bce0.5_tversky0.5
2025-08-15 01:17:41 INFO ===== Fold 1 / 5 =====
2025-08-15 01:17:41 INFO Loading model unet with settings {'name': 'unet', 'encoder_name': 'resnet50', 'encoder_weights': 'imagenet', 'classes': 1, 'activation': None, 'dropout': 0.2}
2025-08-15 01:21:47 INFO Epoch 001 | Train Loss: 0.5764 | Val Loss: 0.4715 | Dice: 0.3432 | clDice: 0.3729 | IoU: 0.2076 | Tversky: 0.3432 | Hausdorff: 668.9465 | HD95: 91.1962 | LR: 0.001000
2025-08-15 01:25:44 INFO Epoch 002 | Train Loss: 0.4369 | Val Loss: 0.4328 | Dice: 0.3300 | clDice: 0.3541 | IoU: 0.1982 | Tversky: 0.3300 | Hausdorff: 394.3347 | HD95: 118.5103 | LR: 0.001000
2025-08-15 01:29:30 INFO Epoch 003 | Train Loss: 0.4098 | Val Loss: 0.3900 | Dice: 0.4246 | clDice: 0.4651 | IoU: 0.2699 | Tversky: 0.4246 | Hausdorff: 560.3425 | HD95: 80.3068 | LR: 0.001000
2025-08-15 01:33:21 INFO Epoch 004 | Train Loss: 0.3965 | Val Loss: 0.3860 | Dice: 0.4368 | clDice: 0.4737 | IoU: 0.2796 | Tversky: 0.4368 | Hausdorff: 277.5892 | HD95: 76.1517 | LR: 0.001000
2025-08-15 01:37:02 INFO Epoch 005 | Train Loss: 0.3915 | Val Loss: 0.3608 | Dice: 0.4595 | clDice: 0.5107 | IoU: 0.2987 | Tversky: 0.4595 | Hausdorff: 228.6365 | HD95: 54.8345 | LR: 0.001000
2025-08-15 01:40:42 INFO Epoch 006 | Train Loss: 0.3880 | Val Loss: 0.3726 | Dice: 0.4485 | clDice: 0.4909 | IoU: 0.2894 | Tversky: 0.4485 | Hausdorff: 242.0386 | HD95: 62.4386 | LR: 0.001000
2025-08-15 01:44:27 INFO Epoch 007 | Train Loss: 0.3864 | Val Loss: 0.3593 | Dice: 0.4646 | clDice: 0.5182 | IoU: 0.3030 | Tversky: 0.4646 | Hausdorff: 253.4059 | HD95: 51.1112 | LR: 0.001000
2025-08-15 01:48:11 INFO Epoch 008 | Train Loss: 0.3827 | Val Loss: 0.3526 | Dice: 0.4692 | clDice: 0.5170 | IoU: 0.3069 | Tversky: 0.4692 | Hausdorff: 226.2104 | HD95: 47.1196 | LR: 0.001000
2025-08-15 01:51:48 INFO Epoch 009 | Train Loss: 0.3802 | Val Loss: 0.3581 | Dice: 0.4621 | clDice: 0.5095 | IoU: 0.3007 | Tversky: 0.4621 | Hausdorff: 508.8246 | HD95: 57.9454 | LR: 0.001000
2025-08-15 01:55:40 INFO Epoch 010 | Train Loss: 0.3816 | Val Loss: 0.3526 | Dice: 0.4692 | clDice: 0.5161 | IoU: 0.3069 | Tversky: 0.4692 | Hausdorff: 227.0074 | HD95: 46.5925 | LR: 0.001000
2025-08-15 01:59:30 INFO Epoch 011 | Train Loss: 0.3786 | Val Loss: 0.3610 | Dice: 0.4609 | clDice: 0.5091 | IoU: 0.2998 | Tversky: 0.4609 | Hausdorff: 246.8144 | HD95: 54.7629 | LR: 0.001000
2025-08-15 02:03:28 INFO Epoch 012 | Train Loss: 0.3797 | Val Loss: 0.3604 | Dice: 0.4537 | clDice: 0.4914 | IoU: 0.2937 | Tversky: 0.4537 | Hausdorff: 240.8616 | HD95: 48.0000 | LR: 0.001000
2025-08-15 02:07:18 INFO Epoch 013 | Train Loss: 0.3792 | Val Loss: 0.3502 | Dice: 0.4710 | clDice: 0.5171 | IoU: 0.3084 | Tversky: 0.4710 | Hausdorff: 271.8922 | HD95: 45.7966 | LR: 0.001000
2025-08-15 02:11:15 INFO Epoch 014 | Train Loss: 0.3783 | Val Loss: 0.3756 | Dice: 0.4440 | clDice: 0.4838 | IoU: 0.2856 | Tversky: 0.4440 | Hausdorff: 276.9016 | HD95: 62.4770 | LR: 0.001000
2025-08-15 02:15:10 INFO Epoch 015 | Train Loss: 0.3736 | Val Loss: 0.3573 | Dice: 0.4676 | clDice: 0.5161 | IoU: 0.3056 | Tversky: 0.4676 | Hausdorff: 253.4242 | HD95: 44.7643 | LR: 0.001000
2025-08-15 02:18:53 INFO Epoch 016 | Train Loss: 0.3724 | Val Loss: 0.3585 | Dice: 0.4621 | clDice: 0.5133 | IoU: 0.3009 | Tversky: 0.4621 | Hausdorff: 226.6896 | HD95: 43.7004 | LR: 0.001000
2025-08-15 02:22:34 INFO Epoch 017 | Train Loss: 0.3735 | Val Loss: 0.3550 | Dice: 0.4656 | clDice: 0.5101 | IoU: 0.3037 | Tversky: 0.4656 | Hausdorff: 252.0609 | HD95: 37.1932 | LR: 0.001000
2025-08-15 02:26:06 INFO Epoch 018 | Train Loss: 0.3749 | Val Loss: 0.3506 | Dice: 0.4705 | clDice: 0.5141 | IoU: 0.3081 | Tversky: 0.4705 | Hausdorff: 225.1742 | HD95: 39.5958 | LR: 0.001000
2025-08-15 02:29:47 INFO Epoch 019 | Train Loss: 0.3712 | Val Loss: 0.3634 | Dice: 0.4540 | clDice: 0.4987 | IoU: 0.2940 | Tversky: 0.4540 | Hausdorff: 248.0791 | HD95: 56.2161 | LR: 0.000500
2025-08-15 02:33:26 INFO Epoch 020 | Train Loss: 0.3665 | Val Loss: 0.3476 | Dice: 0.4792 | clDice: 0.5352 | IoU: 0.3154 | Tversky: 0.4792 | Hausdorff: 228.8138 | HD95: 38.1744 | LR: 0.000500
2025-08-15 02:37:11 INFO Epoch 021 | Train Loss: 0.3661 | Val Loss: 0.3423 | Dice: 0.4808 | clDice: 0.5313 | IoU: 0.3169 | Tversky: 0.4808 | Hausdorff: 233.9580 | HD95: 42.1857 | LR: 0.000500
2025-08-15 02:40:51 INFO Epoch 022 | Train Loss: 0.3667 | Val Loss: 0.3492 | Dice: 0.4729 | clDice: 0.5200 | IoU: 0.3102 | Tversky: 0.4729 | Hausdorff: 234.6323 | HD95: 33.8577 | LR: 0.000500
2025-08-15 02:44:26 INFO Epoch 023 | Train Loss: 0.3667 | Val Loss: 0.3444 | Dice: 0.4756 | clDice: 0.5216 | IoU: 0.3124 | Tversky: 0.4756 | Hausdorff: 229.0078 | HD95: 43.4582 | LR: 0.000500
2025-08-15 02:48:02 INFO Epoch 024 | Train Loss: 0.3645 | Val Loss: 0.3440 | Dice: 0.4742 | clDice: 0.5194 | IoU: 0.3115 | Tversky: 0.4742 | Hausdorff: 226.5422 | HD95: 42.2423 | LR: 0.000500
2025-08-15 02:51:43 INFO Epoch 025 | Train Loss: 0.3654 | Val Loss: 0.3459 | Dice: 0.4786 | clDice: 0.5290 | IoU: 0.3151 | Tversky: 0.4786 | Hausdorff: 225.4874 | HD95: 37.0313 | LR: 0.000500
2025-08-15 02:55:22 INFO Epoch 026 | Train Loss: 0.3642 | Val Loss: 0.3445 | Dice: 0.4797 | clDice: 0.5283 | IoU: 0.3161 | Tversky: 0.4797 | Hausdorff: 410.4245 | HD95: 37.2128 | LR: 0.000500
2025-08-15 02:59:06 INFO Epoch 027 | Train Loss: 0.3646 | Val Loss: 0.3479 | Dice: 0.4803 | clDice: 0.5308 | IoU: 0.3165 | Tversky: 0.4803 | Hausdorff: 384.1611 | HD95: 36.2369 | LR: 0.000250
2025-08-15 03:02:46 INFO Epoch 028 | Train Loss: 0.3623 | Val Loss: 0.3409 | Dice: 0.4840 | clDice: 0.5321 | IoU: 0.3197 | Tversky: 0.4840 | Hausdorff: 349.5783 | HD95: 36.1340 | LR: 0.000250
2025-08-15 03:06:40 INFO Epoch 029 | Train Loss: 0.3622 | Val Loss: 0.3427 | Dice: 0.4793 | clDice: 0.5260 | IoU: 0.3157 | Tversky: 0.4793 | Hausdorff: 512.5823 | HD95: 36.4116 | LR: 0.000250
2025-08-15 03:10:31 INFO Epoch 030 | Train Loss: 0.3606 | Val Loss: 0.3430 | Dice: 0.4768 | clDice: 0.5197 | IoU: 0.3136 | Tversky: 0.4768 | Hausdorff: 547.1684 | HD95: 37.2320 | LR: 0.000250
2025-08-15 03:14:25 INFO Epoch 031 | Train Loss: 0.3620 | Val Loss: 0.3434 | Dice: 0.4822 | clDice: 0.5312 | IoU: 0.3182 | Tversky: 0.4822 | Hausdorff: 350.5738 | HD95: 34.0027 | LR: 0.000250
2025-08-15 03:18:21 INFO Epoch 032 | Train Loss: 0.3604 | Val Loss: 0.3407 | Dice: 0.4822 | clDice: 0.5274 | IoU: 0.3182 | Tversky: 0.4822 | Hausdorff: 426.3068 | HD95: 36.4559 | LR: 0.000250
2025-08-15 03:22:19 INFO Epoch 033 | Train Loss: 0.3603 | Val Loss: 0.3426 | Dice: 0.4802 | clDice: 0.5241 | IoU: 0.3165 | Tversky: 0.4802 | Hausdorff: 406.9090 | HD95: 34.4424 | LR: 0.000250
2025-08-15 03:26:13 INFO Epoch 034 | Train Loss: 0.3590 | Val Loss: 0.3432 | Dice: 0.4769 | clDice: 0.5214 | IoU: 0.3136 | Tversky: 0.4769 | Hausdorff: 447.5993 | HD95: 38.7456 | LR: 0.000250
2025-08-15 03:29:53 INFO Epoch 035 | Train Loss: 0.3590 | Val Loss: 0.3434 | Dice: 0.4777 | clDice: 0.5249 | IoU: 0.3144 | Tversky: 0.4777 | Hausdorff: 228.8386 | HD95: 37.4250 | LR: 0.000250
2025-08-15 03:33:35 INFO Epoch 036 | Train Loss: 0.3575 | Val Loss: 0.3438 | Dice: 0.4787 | clDice: 0.5257 | IoU: 0.3151 | Tversky: 0.4787 | Hausdorff: 420.2722 | HD95: 34.1416 | LR: 0.000250
2025-08-15 03:37:20 INFO Epoch 037 | Train Loss: 0.3580 | Val Loss: 0.3440 | Dice: 0.4755 | clDice: 0.5183 | IoU: 0.3124 | Tversky: 0.4755 | Hausdorff: 409.4250 | HD95: 35.1595 | LR: 0.000250
2025-08-15 03:41:00 INFO Epoch 038 | Train Loss: 0.3606 | Val Loss: 0.3426 | Dice: 0.4748 | clDice: 0.5175 | IoU: 0.3118 | Tversky: 0.4748 | Hausdorff: 443.6208 | HD95: 40.9171 | LR: 0.000125
2025-08-15 03:44:35 INFO Epoch 039 | Train Loss: 0.3568 | Val Loss: 0.3429 | Dice: 0.4803 | clDice: 0.5276 | IoU: 0.3166 | Tversky: 0.4803 | Hausdorff: 448.9897 | HD95: 35.6836 | LR: 0.000125
2025-08-15 03:48:14 INFO Epoch 040 | Train Loss: 0.3562 | Val Loss: 0.3413 | Dice: 0.4804 | clDice: 0.5250 | IoU: 0.3167 | Tversky: 0.4804 | Hausdorff: 535.7377 | HD95: 35.7813 | LR: 0.000125
2025-08-15 03:51:47 INFO Epoch 041 | Train Loss: 0.3545 | Val Loss: 0.3421 | Dice: 0.4808 | clDice: 0.5268 | IoU: 0.3170 | Tversky: 0.4808 | Hausdorff: 436.9689 | HD95: 34.5783 | LR: 0.000125
2025-08-15 03:55:24 INFO Early stopping at epoch 42 | Best Dice: 0.4840 at epoch 32
2025-08-15 03:56:13 INFO Fold 1 results: Dice: 0.4822 | clDice: 0.5274 | IoU: 0.3182 | Tversky: 0.4822 | Hausdorff: 426.3068 | HD95: 36.4559
2025-08-15 03:56:13 INFO ===== Fold 2 / 5 =====
2025-08-15 03:56:13 INFO Loading model unet with settings {'name': 'unet', 'encoder_name': 'resnet50', 'encoder_weights': 'imagenet', 'classes': 1, 'activation': None, 'dropout': 0.2}
2025-08-15 04:00:03 INFO Epoch 001 | Train Loss: 0.5419 | Val Loss: 0.4659 | Dice: 0.3058 | clDice: 0.3229 | IoU: 0.1825 | Tversky: 0.3058 | Hausdorff: 364.5377 | HD95: 104.4335 | LR: 0.001000
2025-08-15 04:04:06 INFO Epoch 002 | Train Loss: 0.4274 | Val Loss: 0.4088 | Dice: 0.4058 | clDice: 0.4315 | IoU: 0.2551 | Tversky: 0.4058 | Hausdorff: 283.2708 | HD95: 75.4559 | LR: 0.001000
2025-08-15 04:08:14 INFO Epoch 003 | Train Loss: 0.4047 | Val Loss: 0.3916 | Dice: 0.4266 | clDice: 0.4611 | IoU: 0.2722 | Tversky: 0.4266 | Hausdorff: 318.3797 | HD95: 58.1815 | LR: 0.001000
2025-08-15 04:12:09 INFO Epoch 004 | Train Loss: 0.3932 | Val Loss: 0.3745 | Dice: 0.4446 | clDice: 0.4830 | IoU: 0.2865 | Tversky: 0.4446 | Hausdorff: 302.7928 | HD95: 61.0145 | LR: 0.001000
2025-08-15 04:16:01 INFO Epoch 005 | Train Loss: 0.3855 | Val Loss: 0.3647 | Dice: 0.4632 | clDice: 0.5156 | IoU: 0.3019 | Tversky: 0.4632 | Hausdorff: 318.9731 | HD95: 51.2624 | LR: 0.001000
2025-08-15 04:19:42 INFO Epoch 006 | Train Loss: 0.3869 | Val Loss: 0.3718 | Dice: 0.4446 | clDice: 0.4832 | IoU: 0.2867 | Tversky: 0.4446 | Hausdorff: 298.3648 | HD95: 57.0363 | LR: 0.001000
2025-08-15 04:23:33 INFO Epoch 007 | Train Loss: 0.3846 | Val Loss: 0.3624 | Dice: 0.4625 | clDice: 0.5032 | IoU: 0.3014 | Tversky: 0.4625 | Hausdorff: 295.6487 | HD95: 41.9317 | LR: 0.001000
2025-08-15 04:27:14 INFO Epoch 008 | Train Loss: 0.3814 | Val Loss: 0.3671 | Dice: 0.4634 | clDice: 0.5083 | IoU: 0.3021 | Tversky: 0.4634 | Hausdorff: 296.5818 | HD95: 49.3656 | LR: 0.001000
2025-08-15 04:30:55 INFO Epoch 009 | Train Loss: 0.3813 | Val Loss: 0.3583 | Dice: 0.4713 | clDice: 0.5183 | IoU: 0.3088 | Tversky: 0.4713 | Hausdorff: 300.6020 | HD95: 42.3469 | LR: 0.001000
2025-08-15 04:34:45 INFO Epoch 010 | Train Loss: 0.3798 | Val Loss: 0.3693 | Dice: 0.4535 | clDice: 0.4935 | IoU: 0.2937 | Tversky: 0.4535 | Hausdorff: 312.3080 | HD95: 45.1083 | LR: 0.001000
2025-08-15 04:38:20 INFO Epoch 011 | Train Loss: 0.3781 | Val Loss: 0.3584 | Dice: 0.4738 | clDice: 0.5186 | IoU: 0.3108 | Tversky: 0.4738 | Hausdorff: 297.5904 | HD95: 38.9712 | LR: 0.001000
2025-08-15 04:42:03 INFO Epoch 012 | Train Loss: 0.3756 | Val Loss: 0.3675 | Dice: 0.4473 | clDice: 0.4858 | IoU: 0.2888 | Tversky: 0.4473 | Hausdorff: 300.7773 | HD95: 48.4083 | LR: 0.001000
2025-08-15 04:45:40 INFO Epoch 013 | Train Loss: 0.3740 | Val Loss: 0.3559 | Dice: 0.4731 | clDice: 0.5183 | IoU: 0.3103 | Tversky: 0.4731 | Hausdorff: 281.3777 | HD95: 35.3019 | LR: 0.001000
2025-08-15 04:49:21 INFO Epoch 014 | Train Loss: 0.3748 | Val Loss: 0.3628 | Dice: 0.4650 | clDice: 0.5061 | IoU: 0.3035 | Tversky: 0.4650 | Hausdorff: 302.9115 | HD95: 42.4154 | LR: 0.001000
2025-08-15 04:53:12 INFO Epoch 015 | Train Loss: 0.3730 | Val Loss: 0.3560 | Dice: 0.4691 | clDice: 0.5115 | IoU: 0.3070 | Tversky: 0.4691 | Hausdorff: 294.5724 | HD95: 38.0489 | LR: 0.001000
2025-08-15 04:56:59 INFO Epoch 016 | Train Loss: 0.3743 | Val Loss: 0.3558 | Dice: 0.4734 | clDice: 0.5209 | IoU: 0.3106 | Tversky: 0.4734 | Hausdorff: 276.3845 | HD95: 38.1746 | LR: 0.001000
2025-08-15 05:00:48 INFO Epoch 017 | Train Loss: 0.3715 | Val Loss: 0.3548 | Dice: 0.4716 | clDice: 0.5163 | IoU: 0.3091 | Tversky: 0.4716 | Hausdorff: 296.3780 | HD95: 41.4863 | LR: 0.001000
2025-08-15 05:04:49 INFO Epoch 018 | Train Loss: 0.3726 | Val Loss: 0.3591 | Dice: 0.4609 | clDice: 0.5043 | IoU: 0.3003 | Tversky: 0.4609 | Hausdorff: 271.4057 | HD95: 55.3678 | LR: 0.001000
2025-08-15 05:08:50 INFO Epoch 019 | Train Loss: 0.3723 | Val Loss: 0.3590 | Dice: 0.4702 | clDice: 0.5118 | IoU: 0.3078 | Tversky: 0.4702 | Hausdorff: 305.4480 | HD95: 34.7782 | LR: 0.001000
2025-08-15 05:12:51 INFO Epoch 020 | Train Loss: 0.3721 | Val Loss: 0.3549 | Dice: 0.4718 | clDice: 0.5185 | IoU: 0.3093 | Tversky: 0.4718 | Hausdorff: 286.7211 | HD95: 38.8448 | LR: 0.001000
2025-08-15 05:16:35 INFO Epoch 021 | Train Loss: 0.3702 | Val Loss: 0.3518 | Dice: 0.4794 | clDice: 0.5274 | IoU: 0.3158 | Tversky: 0.4794 | Hausdorff: 301.2351 | HD95: 35.0007 | LR: 0.001000
2025-08-15 05:20:28 INFO Epoch 022 | Train Loss: 0.3696 | Val Loss: 0.3530 | Dice: 0.4717 | clDice: 0.5175 | IoU: 0.3093 | Tversky: 0.4717 | Hausdorff: 248.2904 | HD95: 44.3660 | LR: 0.001000
2025-08-15 05:24:19 INFO Epoch 023 | Train Loss: 0.3677 | Val Loss: 0.3545 | Dice: 0.4747 | clDice: 0.5179 | IoU: 0.3118 | Tversky: 0.4747 | Hausdorff: 288.1419 | HD95: 38.3201 | LR: 0.001000
2025-08-15 05:27:56 INFO Epoch 024 | Train Loss: 0.3729 | Val Loss: 0.3610 | Dice: 0.4577 | clDice: 0.4995 | IoU: 0.2972 | Tversky: 0.4577 | Hausdorff: 319.0692 | HD95: 39.2162 | LR: 0.001000
2025-08-15 05:31:43 INFO Epoch 025 | Train Loss: 0.3665 | Val Loss: 0.3588 | Dice: 0.4677 | clDice: 0.5123 | IoU: 0.3059 | Tversky: 0.4677 | Hausdorff: 289.3928 | HD95: 51.9888 | LR: 0.001000
2025-08-15 05:35:25 INFO Epoch 026 | Train Loss: 0.3711 | Val Loss: 0.3615 | Dice: 0.4550 | clDice: 0.4951 | IoU: 0.2951 | Tversky: 0.4550 | Hausdorff: 309.6302 | HD95: 50.2048 | LR: 0.001000
2025-08-15 05:39:07 INFO Epoch 027 | Train Loss: 0.3686 | Val Loss: 0.3555 | Dice: 0.4663 | clDice: 0.5052 | IoU: 0.3046 | Tversky: 0.4663 | Hausdorff: 275.8912 | HD95: 35.2778 | LR: 0.000500
2025-08-15 05:42:53 INFO Epoch 028 | Train Loss: 0.3639 | Val Loss: 0.3487 | Dice: 0.4784 | clDice: 0.5210 | IoU: 0.3149 | Tversky: 0.4784 | Hausdorff: 413.4115 | HD95: 37.6177 | LR: 0.000500
2025-08-15 05:46:45 INFO Epoch 029 | Train Loss: 0.3630 | Val Loss: 0.3526 | Dice: 0.4758 | clDice: 0.5231 | IoU: 0.3126 | Tversky: 0.4758 | Hausdorff: 371.3514 | HD95: 34.4596 | LR: 0.000500
2025-08-15 05:50:45 INFO Epoch 030 | Train Loss: 0.3633 | Val Loss: 0.3478 | Dice: 0.4852 | clDice: 0.5353 | IoU: 0.3208 | Tversky: 0.4852 | Hausdorff: 276.5506 | HD95: 32.6320 | LR: 0.000500
2025-08-15 05:54:42 INFO Epoch 031 | Train Loss: 0.3603 | Val Loss: 0.3485 | Dice: 0.4825 | clDice: 0.5321 | IoU: 0.3183 | Tversky: 0.4825 | Hausdorff: 284.3445 | HD95: 31.9635 | LR: 0.000500
2025-08-15 05:58:38 INFO Epoch 032 | Train Loss: 0.3610 | Val Loss: 0.3493 | Dice: 0.4812 | clDice: 0.5261 | IoU: 0.3172 | Tversky: 0.4812 | Hausdorff: 332.2112 | HD95: 31.6017 | LR: 0.000500
2025-08-15 06:02:51 INFO Epoch 033 | Train Loss: 0.3601 | Val Loss: 0.3512 | Dice: 0.4752 | clDice: 0.5161 | IoU: 0.3121 | Tversky: 0.4752 | Hausdorff: 522.0696 | HD95: 36.6268 | LR: 0.000500
2025-08-15 06:06:50 INFO Epoch 034 | Train Loss: 0.3616 | Val Loss: 0.3527 | Dice: 0.4710 | clDice: 0.5117 | IoU: 0.3087 | Tversky: 0.4710 | Hausdorff: 316.2184 | HD95: 42.1841 | LR: 0.000500
2025-08-15 06:10:46 INFO Epoch 035 | Train Loss: 0.3602 | Val Loss: 0.3502 | Dice: 0.4731 | clDice: 0.5156 | IoU: 0.3106 | Tversky: 0.4731 | Hausdorff: 338.2121 | HD95: 39.3964 | LR: 0.000500
2025-08-15 06:14:34 INFO Epoch 036 | Train Loss: 0.3607 | Val Loss: 0.3500 | Dice: 0.4786 | clDice: 0.5254 | IoU: 0.3151 | Tversky: 0.4786 | Hausdorff: 318.1844 | HD95: 32.1724 | LR: 0.000250
2025-08-15 06:18:22 INFO Epoch 037 | Train Loss: 0.3568 | Val Loss: 0.3491 | Dice: 0.4805 | clDice: 0.5263 | IoU: 0.3166 | Tversky: 0.4805 | Hausdorff: 409.2159 | HD95: 34.9996 | LR: 0.000250
2025-08-15 06:22:01 INFO Epoch 038 | Train Loss: 0.3535 | Val Loss: 0.3488 | Dice: 0.4815 | clDice: 0.5273 | IoU: 0.3175 | Tversky: 0.4815 | Hausdorff: 327.7377 | HD95: 33.8408 | LR: 0.000250
2025-08-15 06:25:42 INFO Epoch 039 | Train Loss: 0.3563 | Val Loss: 0.3502 | Dice: 0.4783 | clDice: 0.5243 | IoU: 0.3148 | Tversky: 0.4783 | Hausdorff: 323.3220 | HD95: 32.4843 | LR: 0.000250
2025-08-15 06:29:36 INFO Early stopping at epoch 40 | Best Dice: 0.4852 at epoch 30
2025-08-15 06:30:27 INFO Fold 2 results: Dice: 0.4852 | clDice: 0.5353 | IoU: 0.3208 | Tversky: 0.4852 | Hausdorff: 276.5506 | HD95: 32.6320
2025-08-15 06:30:27 INFO ===== Fold 3 / 5 =====
2025-08-15 06:30:28 INFO Loading model unet with settings {'name': 'unet', 'encoder_name': 'resnet50', 'encoder_weights': 'imagenet', 'classes': 1, 'activation': None, 'dropout': 0.2}
2025-08-15 06:34:25 INFO Epoch 001 | Train Loss: 0.6184 | Val Loss: 0.6461 | Dice: 0.0878 | clDice: 0.0860 | IoU: 0.0467 | Tversky: 0.0878 | Hausdorff: 813.2581 | HD95: 302.4235 | LR: 0.001000
2025-08-15 06:38:19 INFO Epoch 002 | Train Loss: 0.4666 | Val Loss: 0.4365 | Dice: 0.3463 | clDice: 0.3709 | IoU: 0.2109 | Tversky: 0.3463 | Hausdorff: 272.5590 | HD95: 85.9909 | LR: 0.001000
2025-08-15 06:42:17 INFO Epoch 003 | Train Loss: 0.4150 | Val Loss: 0.4023 | Dice: 0.4017 | clDice: 0.4341 | IoU: 0.2529 | Tversky: 0.4017 | Hausdorff: 317.0604 | HD95: 62.9771 | LR: 0.001000
2025-08-15 06:46:09 INFO Epoch 004 | Train Loss: 0.3985 | Val Loss: 0.3830 | Dice: 0.4288 | clDice: 0.4677 | IoU: 0.2741 | Tversky: 0.4288 | Hausdorff: 234.8945 | HD95: 68.7035 | LR: 0.001000
2025-08-15 06:50:11 INFO Epoch 005 | Train Loss: 0.3914 | Val Loss: 0.3861 | Dice: 0.4260 | clDice: 0.4608 | IoU: 0.2720 | Tversky: 0.4260 | Hausdorff: 298.7561 | HD95: 59.0957 | LR: 0.001000
2025-08-15 06:53:52 INFO Epoch 006 | Train Loss: 0.3912 | Val Loss: 0.3723 | Dice: 0.4521 | clDice: 0.4912 | IoU: 0.2934 | Tversky: 0.4521 | Hausdorff: 308.3300 | HD95: 49.4841 | LR: 0.001000
2025-08-15 06:57:36 INFO Epoch 007 | Train Loss: 0.3849 | Val Loss: 0.3681 | Dice: 0.4501 | clDice: 0.4906 | IoU: 0.2916 | Tversky: 0.4501 | Hausdorff: 252.2865 | HD95: 52.7017 | LR: 0.001000
2025-08-15 07:01:18 INFO Epoch 008 | Train Loss: 0.3810 | Val Loss: 0.3555 | Dice: 0.4807 | clDice: 0.5349 | IoU: 0.3174 | Tversky: 0.4807 | Hausdorff: 234.2127 | HD95: 42.6276 | LR: 0.001000
2025-08-15 07:04:57 INFO Epoch 009 | Train Loss: 0.3792 | Val Loss: 0.3924 | Dice: 0.4168 | clDice: 0.4486 | IoU: 0.2646 | Tversky: 0.4168 | Hausdorff: 238.4756 | HD95: 56.5453 | LR: 0.001000
2025-08-15 07:08:50 INFO Epoch 010 | Train Loss: 0.3780 | Val Loss: 0.3616 | Dice: 0.4591 | clDice: 0.5069 | IoU: 0.2994 | Tversky: 0.4591 | Hausdorff: 214.9723 | HD95: 53.2390 | LR: 0.001000
2025-08-15 07:12:38 INFO Epoch 011 | Train Loss: 0.3762 | Val Loss: 0.3646 | Dice: 0.4529 | clDice: 0.4951 | IoU: 0.2940 | Tversky: 0.4529 | Hausdorff: 293.9142 | HD95: 48.8117 | LR: 0.001000
2025-08-15 07:16:25 INFO Epoch 012 | Train Loss: 0.3759 | Val Loss: 0.3618 | Dice: 0.4588 | clDice: 0.5029 | IoU: 0.2991 | Tversky: 0.4588 | Hausdorff: 297.9374 | HD95: 52.2599 | LR: 0.001000
2025-08-15 07:20:12 INFO Epoch 013 | Train Loss: 0.3784 | Val Loss: 0.3539 | Dice: 0.4806 | clDice: 0.5332 | IoU: 0.3172 | Tversky: 0.4806 | Hausdorff: 284.1376 | HD95: 40.4056 | LR: 0.001000
2025-08-15 07:24:02 INFO Epoch 014 | Train Loss: 0.3757 | Val Loss: 0.3550 | Dice: 0.4733 | clDice: 0.5270 | IoU: 0.3113 | Tversky: 0.4733 | Hausdorff: 227.5914 | HD95: 46.4620 | LR: 0.001000
2025-08-15 07:27:52 INFO Epoch 015 | Train Loss: 0.3746 | Val Loss: 0.3553 | Dice: 0.4755 | clDice: 0.5253 | IoU: 0.3131 | Tversky: 0.4755 | Hausdorff: 209.0437 | HD95: 43.7902 | LR: 0.001000
2025-08-15 07:31:48 INFO Epoch 016 | Train Loss: 0.3739 | Val Loss: 0.3627 | Dice: 0.4573 | clDice: 0.5048 | IoU: 0.2979 | Tversky: 0.4573 | Hausdorff: 256.1911 | HD95: 51.2353 | LR: 0.001000
2025-08-15 07:35:52 INFO Epoch 017 | Train Loss: 0.3715 | Val Loss: 0.3550 | Dice: 0.4729 | clDice: 0.5239 | IoU: 0.3111 | Tversky: 0.4729 | Hausdorff: 240.7347 | HD95: 45.6572 | LR: 0.001000
2025-08-15 07:39:40 INFO Epoch 018 | Train Loss: 0.3714 | Val Loss: 0.3607 | Dice: 0.4583 | clDice: 0.5037 | IoU: 0.2990 | Tversky: 0.4583 | Hausdorff: 247.2825 | HD95: 55.2454 | LR: 0.001000
2025-08-15 07:43:25 INFO Epoch 019 | Train Loss: 0.3711 | Val Loss: 0.3564 | Dice: 0.4787 | clDice: 0.5329 | IoU: 0.3157 | Tversky: 0.4787 | Hausdorff: 241.9421 | HD95: 37.9267 | LR: 0.000500
2025-08-15 07:47:15 INFO Epoch 020 | Train Loss: 0.3673 | Val Loss: 0.3494 | Dice: 0.4809 | clDice: 0.5332 | IoU: 0.3177 | Tversky: 0.4809 | Hausdorff: 245.0211 | HD95: 37.1430 | LR: 0.000500
2025-08-15 07:50:56 INFO Epoch 021 | Train Loss: 0.3669 | Val Loss: 0.3521 | Dice: 0.4787 | clDice: 0.5325 | IoU: 0.3159 | Tversky: 0.4787 | Hausdorff: 212.4788 | HD95: 39.7856 | LR: 0.000500
2025-08-15 07:54:38 INFO Epoch 022 | Train Loss: 0.3631 | Val Loss: 0.3515 | Dice: 0.4823 | clDice: 0.5367 | IoU: 0.3189 | Tversky: 0.4823 | Hausdorff: 238.1404 | HD95: 36.9441 | LR: 0.000500
2025-08-15 07:58:26 INFO Epoch 023 | Train Loss: 0.3624 | Val Loss: 0.3491 | Dice: 0.4787 | clDice: 0.5322 | IoU: 0.3161 | Tversky: 0.4787 | Hausdorff: 225.3675 | HD95: 44.6339 | LR: 0.000500
2025-08-15 08:02:13 INFO Epoch 024 | Train Loss: 0.3638 | Val Loss: 0.3465 | Dice: 0.4891 | clDice: 0.5436 | IoU: 0.3248 | Tversky: 0.4891 | Hausdorff: 245.8242 | HD95: 34.5641 | LR: 0.000500
2025-08-15 08:05:52 INFO Epoch 025 | Train Loss: 0.3623 | Val Loss: 0.3446 | Dice: 0.4922 | clDice: 0.5489 | IoU: 0.3275 | Tversky: 0.4922 | Hausdorff: 234.2963 | HD95: 35.6872 | LR: 0.000500
2025-08-15 08:09:28 INFO Epoch 026 | Train Loss: 0.3624 | Val Loss: 0.3490 | Dice: 0.4844 | clDice: 0.5450 | IoU: 0.3208 | Tversky: 0.4844 | Hausdorff: 214.2081 | HD95: 45.3913 | LR: 0.000500
2025-08-15 08:13:08 INFO Epoch 027 | Train Loss: 0.3610 | Val Loss: 0.3493 | Dice: 0.4797 | clDice: 0.5284 | IoU: 0.3170 | Tversky: 0.4797 | Hausdorff: 233.2805 | HD95: 40.5568 | LR: 0.000500
2025-08-15 08:16:45 INFO Epoch 028 | Train Loss: 0.3626 | Val Loss: 0.3504 | Dice: 0.4801 | clDice: 0.5326 | IoU: 0.3171 | Tversky: 0.4801 | Hausdorff: 238.0214 | HD95: 44.3192 | LR: 0.000500
2025-08-15 08:20:20 INFO Epoch 029 | Train Loss: 0.3619 | Val Loss: 0.3528 | Dice: 0.4766 | clDice: 0.5259 | IoU: 0.3142 | Tversky: 0.4766 | Hausdorff: 315.5876 | HD95: 39.0614 | LR: 0.000500
2025-08-15 08:24:07 INFO Epoch 030 | Train Loss: 0.3620 | Val Loss: 0.3512 | Dice: 0.4838 | clDice: 0.5360 | IoU: 0.3201 | Tversky: 0.4838 | Hausdorff: 267.1561 | HD95: 33.1816 | LR: 0.000500
2025-08-15 08:27:58 INFO Epoch 031 | Train Loss: 0.3634 | Val Loss: 0.3495 | Dice: 0.4890 | clDice: 0.5448 | IoU: 0.3245 | Tversky: 0.4890 | Hausdorff: 303.4194 | HD95: 33.6632 | LR: 0.000250
2025-08-15 08:31:45 INFO Epoch 032 | Train Loss: 0.3590 | Val Loss: 0.3459 | Dice: 0.4863 | clDice: 0.5406 | IoU: 0.3225 | Tversky: 0.4863 | Hausdorff: 237.0332 | HD95: 37.4629 | LR: 0.000250
2025-08-15 08:35:34 INFO Epoch 033 | Train Loss: 0.3591 | Val Loss: 0.3498 | Dice: 0.4803 | clDice: 0.5309 | IoU: 0.3172 | Tversky: 0.4803 | Hausdorff: 394.8039 | HD95: 36.2003 | LR: 0.000250
2025-08-15 08:39:37 INFO Epoch 034 | Train Loss: 0.3554 | Val Loss: 0.3456 | Dice: 0.4866 | clDice: 0.5394 | IoU: 0.3228 | Tversky: 0.4866 | Hausdorff: 269.5336 | HD95: 37.4777 | LR: 0.000250
2025-08-15 08:43:31 INFO Early stopping at epoch 35 | Best Dice: 0.4922 at epoch 25
2025-08-15 08:44:22 INFO Fold 3 results: Dice: 0.4922 | clDice: 0.5489 | IoU: 0.3275 | Tversky: 0.4922 | Hausdorff: 234.2963 | HD95: 35.6872
2025-08-15 08:44:22 INFO ===== Fold 4 / 5 =====
2025-08-15 08:44:22 INFO Loading model unet with settings {'name': 'unet', 'encoder_name': 'resnet50', 'encoder_weights': 'imagenet', 'classes': 1, 'activation': None, 'dropout': 0.2}
2025-08-15 08:48:06 INFO Epoch 001 | Train Loss: 0.5849 | Val Loss: 0.5512 | Dice: 0.3014 | clDice: 0.3169 | IoU: 0.1796 | Tversky: 0.3014 | Hausdorff: 337.7424 | HD95: 95.5620 | LR: 0.001000
2025-08-15 08:51:51 INFO Epoch 002 | Train Loss: 0.4465 | Val Loss: 0.4092 | Dice: 0.4407 | clDice: 0.4895 | IoU: 0.2830 | Tversky: 0.4407 | Hausdorff: 391.0989 | HD95: 61.9059 | LR: 0.001000
2025-08-15 08:55:37 INFO Epoch 003 | Train Loss: 0.4067 | Val Loss: 0.3895 | Dice: 0.4268 | clDice: 0.4646 | IoU: 0.2716 | Tversky: 0.4268 | Hausdorff: 270.7145 | HD95: 67.0606 | LR: 0.001000
2025-08-15 08:59:18 INFO Epoch 004 | Train Loss: 0.3961 | Val Loss: 0.3938 | Dice: 0.4390 | clDice: 0.4809 | IoU: 0.2813 | Tversky: 0.4390 | Hausdorff: 282.3010 | HD95: 78.8718 | LR: 0.001000
2025-08-15 09:03:07 INFO Epoch 005 | Train Loss: 0.3884 | Val Loss: 0.3725 | Dice: 0.4593 | clDice: 0.5052 | IoU: 0.2983 | Tversky: 0.4593 | Hausdorff: 213.9035 | HD95: 48.6392 | LR: 0.001000
2025-08-15 09:06:45 INFO Epoch 006 | Train Loss: 0.3832 | Val Loss: 0.3723 | Dice: 0.4610 | clDice: 0.5056 | IoU: 0.2998 | Tversky: 0.4610 | Hausdorff: 299.6703 | HD95: 50.7093 | LR: 0.001000
2025-08-15 09:10:55 INFO Epoch 007 | Train Loss: 0.3876 | Val Loss: 0.3776 | Dice: 0.4606 | clDice: 0.5007 | IoU: 0.2996 | Tversky: 0.4606 | Hausdorff: 290.9410 | HD95: 52.3621 | LR: 0.001000
2025-08-15 09:14:55 INFO Epoch 008 | Train Loss: 0.3824 | Val Loss: 0.3854 | Dice: 0.4211 | clDice: 0.4527 | IoU: 0.2669 | Tversky: 0.4211 | Hausdorff: 263.2818 | HD95: 61.1453 | LR: 0.001000
2025-08-15 09:18:56 INFO Epoch 009 | Train Loss: 0.3799 | Val Loss: 0.3857 | Dice: 0.4475 | clDice: 0.4871 | IoU: 0.2885 | Tversky: 0.4475 | Hausdorff: 264.9536 | HD95: 74.8535 | LR: 0.001000
2025-08-15 09:22:57 INFO Epoch 010 | Train Loss: 0.3785 | Val Loss: 0.3743 | Dice: 0.4413 | clDice: 0.4770 | IoU: 0.2833 | Tversky: 0.4413 | Hausdorff: 277.1297 | HD95: 59.5659 | LR: 0.001000
2025-08-15 09:27:06 INFO Epoch 011 | Train Loss: 0.3756 | Val Loss: 0.3671 | Dice: 0.4638 | clDice: 0.5142 | IoU: 0.3021 | Tversky: 0.4638 | Hausdorff: 256.6712 | HD95: 46.8246 | LR: 0.001000
2025-08-15 09:31:15 INFO Epoch 012 | Train Loss: 0.3770 | Val Loss: 0.3655 | Dice: 0.4660 | clDice: 0.5134 | IoU: 0.3039 | Tversky: 0.4660 | Hausdorff: 276.4760 | HD95: 49.3888 | LR: 0.001000
2025-08-15 09:35:03 INFO Epoch 013 | Train Loss: 0.3746 | Val Loss: 0.3682 | Dice: 0.4647 | clDice: 0.5091 | IoU: 0.3029 | Tversky: 0.4647 | Hausdorff: 331.7510 | HD95: 44.0693 | LR: 0.001000
2025-08-15 09:38:44 INFO Epoch 014 | Train Loss: 0.3730 | Val Loss: 0.3627 | Dice: 0.4703 | clDice: 0.5157 | IoU: 0.3076 | Tversky: 0.4703 | Hausdorff: 267.4392 | HD95: 47.9521 | LR: 0.001000
2025-08-15 09:42:33 INFO Epoch 015 | Train Loss: 0.3730 | Val Loss: 0.3677 | Dice: 0.4644 | clDice: 0.5118 | IoU: 0.3026 | Tversky: 0.4644 | Hausdorff: 223.5309 | HD95: 57.1883 | LR: 0.001000
2025-08-15 09:46:20 INFO Epoch 016 | Train Loss: 0.3723 | Val Loss: 0.3586 | Dice: 0.4706 | clDice: 0.5151 | IoU: 0.3080 | Tversky: 0.4706 | Hausdorff: 233.0172 | HD95: 39.7322 | LR: 0.001000
2025-08-15 09:49:58 INFO Epoch 017 | Train Loss: 0.3728 | Val Loss: 0.3658 | Dice: 0.4622 | clDice: 0.5031 | IoU: 0.3008 | Tversky: 0.4622 | Hausdorff: 211.4795 | HD95: 46.0419 | LR: 0.001000
2025-08-15 09:53:45 INFO Epoch 018 | Train Loss: 0.3725 | Val Loss: 0.3536 | Dice: 0.4851 | clDice: 0.5397 | IoU: 0.3205 | Tversky: 0.4851 | Hausdorff: 231.2536 | HD95: 37.2090 | LR: 0.001000
2025-08-15 09:57:38 INFO Epoch 019 | Train Loss: 0.3692 | Val Loss: 0.3623 | Dice: 0.4658 | clDice: 0.5113 | IoU: 0.3039 | Tversky: 0.4658 | Hausdorff: 230.6108 | HD95: 45.5415 | LR: 0.001000
2025-08-15 10:01:31 INFO Epoch 020 | Train Loss: 0.3688 | Val Loss: 0.3525 | Dice: 0.4837 | clDice: 0.5334 | IoU: 0.3193 | Tversky: 0.4837 | Hausdorff: 229.8833 | HD95: 30.2944 | LR: 0.001000
2025-08-15 10:05:22 INFO Epoch 021 | Train Loss: 0.3708 | Val Loss: 0.3578 | Dice: 0.4671 | clDice: 0.5104 | IoU: 0.3050 | Tversky: 0.4671 | Hausdorff: 229.2185 | HD95: 47.4794 | LR: 0.001000
2025-08-15 10:09:18 INFO Epoch 022 | Train Loss: 0.3703 | Val Loss: 0.3605 | Dice: 0.4710 | clDice: 0.5165 | IoU: 0.3083 | Tversky: 0.4710 | Hausdorff: 211.8085 | HD95: 38.8704 | LR: 0.001000
2025-08-15 10:13:33 INFO Epoch 023 | Train Loss: 0.3700 | Val Loss: 0.3523 | Dice: 0.4785 | clDice: 0.5259 | IoU: 0.3148 | Tversky: 0.4785 | Hausdorff: 231.6926 | HD95: 43.1213 | LR: 0.001000
2025-08-15 10:17:38 INFO Epoch 024 | Train Loss: 0.3688 | Val Loss: 0.3548 | Dice: 0.4815 | clDice: 0.5312 | IoU: 0.3174 | Tversky: 0.4815 | Hausdorff: 240.4124 | HD95: 37.9686 | LR: 0.001000
2025-08-15 10:21:33 INFO Epoch 025 | Train Loss: 0.3678 | Val Loss: 0.3648 | Dice: 0.4662 | clDice: 0.5100 | IoU: 0.3041 | Tversky: 0.4662 | Hausdorff: 275.1736 | HD95: 37.3850 | LR: 0.001000
2025-08-15 10:25:20 INFO Epoch 026 | Train Loss: 0.3667 | Val Loss: 0.3576 | Dice: 0.4664 | clDice: 0.5085 | IoU: 0.3044 | Tversky: 0.4664 | Hausdorff: 240.5229 | HD95: 44.3500 | LR: 0.001000
2025-08-15 10:29:05 INFO Epoch 027 | Train Loss: 0.3678 | Val Loss: 0.3581 | Dice: 0.4696 | clDice: 0.5139 | IoU: 0.3071 | Tversky: 0.4696 | Hausdorff: 225.6959 | HD95: 39.0244 | LR: 0.001000
2025-08-15 10:32:51 INFO Epoch 028 | Train Loss: 0.3666 | Val Loss: 0.3615 | Dice: 0.4728 | clDice: 0.5185 | IoU: 0.3099 | Tversky: 0.4728 | Hausdorff: 225.3895 | HD95: 42.6470 | LR: 0.001000
2025-08-15 10:36:34 INFO Epoch 029 | Train Loss: 0.3641 | Val Loss: 0.3558 | Dice: 0.4754 | clDice: 0.5223 | IoU: 0.3121 | Tversky: 0.4754 | Hausdorff: 220.4849 | HD95: 36.4523 | LR: 0.000500
2025-08-15 10:40:29 INFO Epoch 030 | Train Loss: 0.3598 | Val Loss: 0.3489 | Dice: 0.4854 | clDice: 0.5307 | IoU: 0.3208 | Tversky: 0.4854 | Hausdorff: 221.6883 | HD95: 31.1383 | LR: 0.000500
2025-08-15 10:44:17 INFO Epoch 031 | Train Loss: 0.3608 | Val Loss: 0.3537 | Dice: 0.4807 | clDice: 0.5320 | IoU: 0.3167 | Tversky: 0.4807 | Hausdorff: 207.1283 | HD95: 29.7272 | LR: 0.000500
2025-08-15 10:48:15 INFO Epoch 032 | Train Loss: 0.3598 | Val Loss: 0.3547 | Dice: 0.4723 | clDice: 0.5136 | IoU: 0.3094 | Tversky: 0.4723 | Hausdorff: 218.8369 | HD95: 35.0839 | LR: 0.000500
2025-08-15 10:52:13 INFO Epoch 033 | Train Loss: 0.3596 | Val Loss: 0.3490 | Dice: 0.4875 | clDice: 0.5391 | IoU: 0.3227 | Tversky: 0.4875 | Hausdorff: 225.8794 | HD95: 30.4872 | LR: 0.000500
2025-08-15 10:56:14 INFO Epoch 034 | Train Loss: 0.3582 | Val Loss: 0.3496 | Dice: 0.4826 | clDice: 0.5308 | IoU: 0.3184 | Tversky: 0.4826 | Hausdorff: 217.8440 | HD95: 31.7986 | LR: 0.000500
2025-08-15 11:00:14 INFO Epoch 035 | Train Loss: 0.3621 | Val Loss: 0.3553 | Dice: 0.4760 | clDice: 0.5250 | IoU: 0.3126 | Tversky: 0.4760 | Hausdorff: 202.5180 | HD95: 31.6452 | LR: 0.000500
2025-08-15 11:04:04 INFO Epoch 036 | Train Loss: 0.3594 | Val Loss: 0.3497 | Dice: 0.4827 | clDice: 0.5287 | IoU: 0.3184 | Tversky: 0.4827 | Hausdorff: 213.3845 | HD95: 33.7831 | LR: 0.000250
2025-08-15 11:07:49 INFO Epoch 037 | Train Loss: 0.3582 | Val Loss: 0.3498 | Dice: 0.4815 | clDice: 0.5283 | IoU: 0.3174 | Tversky: 0.4815 | Hausdorff: 220.9920 | HD95: 34.0554 | LR: 0.000250
2025-08-15 11:11:34 INFO Epoch 038 | Train Loss: 0.3555 | Val Loss: 0.3493 | Dice: 0.4851 | clDice: 0.5335 | IoU: 0.3205 | Tversky: 0.4851 | Hausdorff: 226.7210 | HD95: 30.6575 | LR: 0.000250
2025-08-15 11:15:16 INFO Epoch 039 | Train Loss: 0.3552 | Val Loss: 0.3519 | Dice: 0.4812 | clDice: 0.5259 | IoU: 0.3171 | Tversky: 0.4812 | Hausdorff: 223.6094 | HD95: 29.9322 | LR: 0.000250
2025-08-15 11:18:55 INFO Early stopping at epoch 40 | Best Dice: 0.4875 at epoch 30
2025-08-15 11:19:45 INFO Fold 4 results: Dice: 0.4854 | clDice: 0.5307 | IoU: 0.3208 | Tversky: 0.4854 | Hausdorff: 221.6883 | HD95: 31.1383
2025-08-15 11:19:45 INFO ===== Fold 5 / 5 =====
2025-08-15 11:19:45 INFO Loading model unet with settings {'name': 'unet', 'encoder_name': 'resnet50', 'encoder_weights': 'imagenet', 'classes': 1, 'activation': None, 'dropout': 0.2}
2025-08-15 11:23:38 INFO Epoch 001 | Train Loss: 0.5221 | Val Loss: 0.4414 | Dice: 0.3721 | clDice: 0.4208 | IoU: 0.2292 | Tversky: 0.3721 | Hausdorff: 262.7068 | HD95: 98.0806 | LR: 0.001000
2025-08-15 11:27:38 INFO Epoch 002 | Train Loss: 0.4188 | Val Loss: 0.3889 | Dice: 0.4243 | clDice: 0.4606 | IoU: 0.2694 | Tversky: 0.4243 | Hausdorff: 217.9373 | HD95: 63.5486 | LR: 0.001000
2025-08-15 11:31:40 INFO Epoch 003 | Train Loss: 0.4026 | Val Loss: 0.3684 | Dice: 0.4468 | clDice: 0.4911 | IoU: 0.2879 | Tversky: 0.4468 | Hausdorff: 225.7195 | HD95: 59.2925 | LR: 0.001000
2025-08-15 11:35:26 INFO Epoch 004 | Train Loss: 0.3892 | Val Loss: 0.3616 | Dice: 0.4584 | clDice: 0.5046 | IoU: 0.2976 | Tversky: 0.4584 | Hausdorff: 229.0948 | HD95: 52.0051 | LR: 0.001000
2025-08-15 11:39:12 INFO Epoch 005 | Train Loss: 0.3895 | Val Loss: 0.3705 | Dice: 0.4415 | clDice: 0.4885 | IoU: 0.2837 | Tversky: 0.4415 | Hausdorff: 237.2376 | HD95: 54.5657 | LR: 0.001000
2025-08-15 11:42:58 INFO Epoch 006 | Train Loss: 0.3852 | Val Loss: 0.3595 | Dice: 0.4605 | clDice: 0.5131 | IoU: 0.2995 | Tversky: 0.4605 | Hausdorff: 222.9586 | HD95: 50.7973 | LR: 0.001000
2025-08-15 11:46:50 INFO Epoch 007 | Train Loss: 0.3865 | Val Loss: 0.3583 | Dice: 0.4564 | clDice: 0.5068 | IoU: 0.2959 | Tversky: 0.4564 | Hausdorff: 208.3384 | HD95: 61.0610 | LR: 0.001000
2025-08-15 11:50:31 INFO Epoch 008 | Train Loss: 0.3836 | Val Loss: 0.3587 | Dice: 0.4700 | clDice: 0.5208 | IoU: 0.3076 | Tversky: 0.4700 | Hausdorff: 220.6749 | HD95: 48.3833 | LR: 0.001000
2025-08-15 11:54:22 INFO Epoch 009 | Train Loss: 0.3817 | Val Loss: 0.3572 | Dice: 0.4573 | clDice: 0.5007 | IoU: 0.2968 | Tversky: 0.4573 | Hausdorff: 224.5313 | HD95: 55.4919 | LR: 0.001000
2025-08-15 11:58:05 INFO Epoch 010 | Train Loss: 0.3817 | Val Loss: 0.3512 | Dice: 0.4703 | clDice: 0.5241 | IoU: 0.3077 | Tversky: 0.4703 | Hausdorff: 212.4064 | HD95: 49.2398 | LR: 0.001000
2025-08-15 12:01:42 INFO Epoch 011 | Train Loss: 0.3746 | Val Loss: 0.3555 | Dice: 0.4603 | clDice: 0.5048 | IoU: 0.2993 | Tversky: 0.4603 | Hausdorff: 219.4811 | HD95: 44.1174 | LR: 0.001000
2025-08-15 12:05:25 INFO Epoch 012 | Train Loss: 0.3751 | Val Loss: 0.3600 | Dice: 0.4573 | clDice: 0.5040 | IoU: 0.2967 | Tversky: 0.4573 | Hausdorff: 271.2675 | HD95: 43.5060 | LR: 0.001000
2025-08-15 12:09:06 INFO Epoch 013 | Train Loss: 0.3756 | Val Loss: 0.3562 | Dice: 0.4522 | clDice: 0.4915 | IoU: 0.2926 | Tversky: 0.4522 | Hausdorff: 237.7740 | HD95: 50.4234 | LR: 0.001000
2025-08-15 12:12:43 INFO Epoch 014 | Train Loss: 0.3727 | Val Loss: 0.3654 | Dice: 0.4404 | clDice: 0.4817 | IoU: 0.2827 | Tversky: 0.4404 | Hausdorff: 227.4050 | HD95: 59.5491 | LR: 0.001000
2025-08-15 12:16:31 INFO Epoch 015 | Train Loss: 0.3762 | Val Loss: 0.3476 | Dice: 0.4795 | clDice: 0.5335 | IoU: 0.3158 | Tversky: 0.4795 | Hausdorff: 214.2856 | HD95: 38.8381 | LR: 0.001000
2025-08-15 12:20:19 INFO Epoch 016 | Train Loss: 0.3720 | Val Loss: 0.3470 | Dice: 0.4767 | clDice: 0.5327 | IoU: 0.3134 | Tversky: 0.4767 | Hausdorff: 221.9151 | HD95: 43.1412 | LR: 0.001000
2025-08-15 12:24:17 INFO Epoch 017 | Train Loss: 0.3747 | Val Loss: 0.3524 | Dice: 0.4657 | clDice: 0.5161 | IoU: 0.3041 | Tversky: 0.4657 | Hausdorff: 223.0841 | HD95: 53.1388 | LR: 0.001000
2025-08-15 12:28:08 INFO Epoch 018 | Train Loss: 0.3710 | Val Loss: 0.3449 | Dice: 0.4778 | clDice: 0.5295 | IoU: 0.3143 | Tversky: 0.4778 | Hausdorff: 205.8099 | HD95: 38.3849 | LR: 0.001000
2025-08-15 12:32:11 INFO Epoch 019 | Train Loss: 0.3704 | Val Loss: 0.3472 | Dice: 0.4713 | clDice: 0.5201 | IoU: 0.3087 | Tversky: 0.4713 | Hausdorff: 238.7441 | HD95: 45.3296 | LR: 0.001000
2025-08-15 12:36:12 INFO Epoch 020 | Train Loss: 0.3690 | Val Loss: 0.3435 | Dice: 0.4849 | clDice: 0.5432 | IoU: 0.3205 | Tversky: 0.4849 | Hausdorff: 218.2128 | HD95: 40.1416 | LR: 0.001000
2025-08-15 12:40:18 INFO Epoch 021 | Train Loss: 0.3711 | Val Loss: 0.3496 | Dice: 0.4824 | clDice: 0.5413 | IoU: 0.3184 | Tversky: 0.4824 | Hausdorff: 205.7815 | HD95: 41.4333 | LR: 0.001000
2025-08-15 12:44:10 INFO Epoch 022 | Train Loss: 0.3695 | Val Loss: 0.3467 | Dice: 0.4745 | clDice: 0.5272 | IoU: 0.3115 | Tversky: 0.4745 | Hausdorff: 217.7824 | HD95: 54.5538 | LR: 0.001000
2025-08-15 12:47:55 INFO Epoch 023 | Train Loss: 0.3688 | Val Loss: 0.3491 | Dice: 0.4750 | clDice: 0.5267 | IoU: 0.3119 | Tversky: 0.4750 | Hausdorff: 207.8101 | HD95: 39.5615 | LR: 0.001000
2025-08-15 12:51:38 INFO Epoch 024 | Train Loss: 0.3717 | Val Loss: 0.3473 | Dice: 0.4778 | clDice: 0.5344 | IoU: 0.3143 | Tversky: 0.4778 | Hausdorff: 220.3707 | HD95: 36.0968 | LR: 0.001000
2025-08-15 12:55:33 INFO Epoch 025 | Train Loss: 0.3691 | Val Loss: 0.3435 | Dice: 0.4816 | clDice: 0.5359 | IoU: 0.3175 | Tversky: 0.4816 | Hausdorff: 218.8719 | HD95: 37.3853 | LR: 0.001000
2025-08-15 12:59:13 INFO Epoch 026 | Train Loss: 0.3686 | Val Loss: 0.3526 | Dice: 0.4675 | clDice: 0.5174 | IoU: 0.3055 | Tversky: 0.4675 | Hausdorff: 210.9765 | HD95: 38.5624 | LR: 0.000500
2025-08-15 13:02:52 INFO Epoch 027 | Train Loss: 0.3668 | Val Loss: 0.3409 | Dice: 0.4887 | clDice: 0.5473 | IoU: 0.3237 | Tversky: 0.4887 | Hausdorff: 207.5516 | HD95: 35.1393 | LR: 0.000500
2025-08-15 13:06:36 INFO Epoch 028 | Train Loss: 0.3619 | Val Loss: 0.3399 | Dice: 0.4911 | clDice: 0.5505 | IoU: 0.3258 | Tversky: 0.4911 | Hausdorff: 199.1931 | HD95: 34.9285 | LR: 0.000500
2025-08-15 13:10:27 INFO Epoch 029 | Train Loss: 0.3622 | Val Loss: 0.3418 | Dice: 0.4837 | clDice: 0.5392 | IoU: 0.3194 | Tversky: 0.4837 | Hausdorff: 217.6993 | HD95: 37.1528 | LR: 0.000500
2025-08-15 13:14:16 INFO Epoch 030 | Train Loss: 0.3613 | Val Loss: 0.3432 | Dice: 0.4828 | clDice: 0.5385 | IoU: 0.3186 | Tversky: 0.4828 | Hausdorff: 209.9019 | HD95: 38.5765 | LR: 0.000500
2025-08-15 13:18:16 INFO Epoch 031 | Train Loss: 0.3624 | Val Loss: 0.3411 | Dice: 0.4842 | clDice: 0.5361 | IoU: 0.3198 | Tversky: 0.4842 | Hausdorff: 197.5623 | HD95: 33.2517 | LR: 0.000500
2025-08-15 13:22:18 INFO Epoch 032 | Train Loss: 0.3597 | Val Loss: 0.3409 | Dice: 0.4886 | clDice: 0.5484 | IoU: 0.3237 | Tversky: 0.4886 | Hausdorff: 205.0486 | HD95: 33.5708 | LR: 0.000500
2025-08-15 13:26:18 INFO Epoch 033 | Train Loss: 0.3589 | Val Loss: 0.3419 | Dice: 0.4895 | clDice: 0.5481 | IoU: 0.3245 | Tversky: 0.4895 | Hausdorff: 203.4906 | HD95: 34.0637 | LR: 0.000500
2025-08-15 13:30:13 INFO Epoch 034 | Train Loss: 0.3594 | Val Loss: 0.3414 | Dice: 0.4858 | clDice: 0.5424 | IoU: 0.3213 | Tversky: 0.4858 | Hausdorff: 209.3814 | HD95: 35.0960 | LR: 0.000250
2025-08-15 13:34:09 INFO Epoch 035 | Train Loss: 0.3599 | Val Loss: 0.3416 | Dice: 0.4827 | clDice: 0.5352 | IoU: 0.3185 | Tversky: 0.4827 | Hausdorff: 211.9436 | HD95: 36.9879 | LR: 0.000250
2025-08-15 13:37:52 INFO Epoch 036 | Train Loss: 0.3573 | Val Loss: 0.3407 | Dice: 0.4865 | clDice: 0.5409 | IoU: 0.3218 | Tversky: 0.4865 | Hausdorff: 209.9815 | HD95: 33.1369 | LR: 0.000250
2025-08-15 13:41:34 INFO Epoch 037 | Train Loss: 0.3585 | Val Loss: 0.3398 | Dice: 0.4860 | clDice: 0.5398 | IoU: 0.3214 | Tversky: 0.4860 | Hausdorff: 209.4394 | HD95: 35.1131 | LR: 0.000250
2025-08-15 13:45:14 INFO Epoch 038 | Train Loss: 0.3570 | Val Loss: 0.3440 | Dice: 0.4792 | clDice: 0.5300 | IoU: 0.3155 | Tversky: 0.4792 | Hausdorff: 209.3109 | HD95: 37.6105 | LR: 0.000250
2025-08-15 13:49:04 INFO Epoch 039 | Train Loss: 0.3543 | Val Loss: 0.3432 | Dice: 0.4794 | clDice: 0.5285 | IoU: 0.3157 | Tversky: 0.4794 | Hausdorff: 208.3725 | HD95: 34.1221 | LR: 0.000250
2025-08-15 13:52:51 INFO Epoch 040 | Train Loss: 0.3544 | Val Loss: 0.3449 | Dice: 0.4750 | clDice: 0.5259 | IoU: 0.3120 | Tversky: 0.4750 | Hausdorff: 211.4400 | HD95: 41.8653 | LR: 0.000250
2025-08-15 13:56:37 INFO Epoch 041 | Train Loss: 0.3544 | Val Loss: 0.3418 | Dice: 0.4852 | clDice: 0.5417 | IoU: 0.3207 | Tversky: 0.4852 | Hausdorff: 208.7271 | HD95: 33.1514 | LR: 0.000250
2025-08-15 14:00:22 INFO Epoch 042 | Train Loss: 0.3531 | Val Loss: 0.3409 | Dice: 0.4881 | clDice: 0.5458 | IoU: 0.3232 | Tversky: 0.4881 | Hausdorff: 205.8662 | HD95: 32.5167 | LR: 0.000250
2025-08-15 14:04:15 INFO Epoch 043 | Train Loss: 0.3540 | Val Loss: 0.3419 | Dice: 0.4844 | clDice: 0.5357 | IoU: 0.3201 | Tversky: 0.4844 | Hausdorff: 267.2512 | HD95: 31.2104 | LR: 0.000125
2025-08-15 14:08:07 INFO Epoch 044 | Train Loss: 0.3527 | Val Loss: 0.3426 | Dice: 0.4791 | clDice: 0.5280 | IoU: 0.3155 | Tversky: 0.4791 | Hausdorff: 216.4437 | HD95: 35.6977 | LR: 0.000125
2025-08-15 14:12:09 INFO Epoch 045 | Train Loss: 0.3520 | Val Loss: 0.3459 | Dice: 0.4721 | clDice: 0.5194 | IoU: 0.3094 | Tversky: 0.4721 | Hausdorff: 211.9471 | HD95: 36.7736 | LR: 0.000125
2025-08-15 14:15:57 INFO Epoch 046 | Train Loss: 0.3530 | Val Loss: 0.3417 | Dice: 0.4816 | clDice: 0.5324 | IoU: 0.3177 | Tversky: 0.4816 | Hausdorff: 207.5517 | HD95: 33.8356 | LR: 0.000125
2025-08-15 14:20:02 INFO Early stopping at epoch 47 | Best Dice: 0.4911 at epoch 37
2025-08-15 14:20:53 INFO Fold 5 results: Dice: 0.4860 | clDice: 0.5398 | IoU: 0.3214 | Tversky: 0.4860 | Hausdorff: 209.4394 | HD95: 35.1131
2025-08-15 14:20:53 INFO ===== Cross-validation results =====
2025-08-15 14:20:53 INFO Dice: 0.4862 | clDice: 0.5364 | IoU: 0.3217 | Tversky: 0.4862 | Hausdorff: 273.6563 | HD95: 34.2053
