2025-08-16 16:30:34 INFO Starting training with configuration: {'model': {'name': 'unet', 'encoder_name': 'resnet34', 'encoder_weights': 'imagenet', 'classes': 1, 'activation': None, 'dropout': 0.2}, 'dataset': {'root': '/data/smadper@alumno.upv.es/TFM/datasets/laticifers', 'patch_size': [512, 512], 'stride': [256, 256], 'num_patches': 50, 'num_workers': 8, 'positive_ratio': 0.8, 'fg_threshold': 0.04, 'feature_dirs': {'image': '/data/smadper@alumno.upv.es/TFM/datasets/laticifers/enhanced_images', 'mask': '/data/smadper@alumno.upv.es/TFM/datasets/laticifers/masks', 'distance': '/data/smadper@alumno.upv.es/TFM/datasets/laticifers/distance_maps_pt'}}, 'train': {'batch_size': 32, 'num_epochs': 50, 'learning_rate': 0.001, 'accumulation_steps': 1, 'save_dir': '/data/smadper@alumno.upv.es/TFM/checkpoints_cv2/unet/20250816_163034_unet_resnet18_bce0.5_dice0.5', 'log_interval': 1, 'patience': 100, 'mixed_precision': True, 'experiment_name': 'unet_resnet18_bce0.5_dice0.5', 'timestamp': '20250816_163034'}, 'test': {'batch_size': 1}, 'loss': {'name': 'bce', 'cldice_alpha': 0.5, 'use_topographic': False, 'combine_with': 'dice', 'weights': {'main': 0.5, 'combined': 0.5}, 'topo': {'alpha': 2.0, 'beta': 1.0}}}
2025-08-16 16:30:34 INFO Experiment name: unet_resnet18_bce0.5_dice0.5
2025-08-16 16:30:34 INFO ===== Fold 1 / 5 =====
2025-08-16 16:30:34 INFO Loading model unet with settings {'name': 'unet', 'encoder_name': 'resnet34', 'encoder_weights': 'imagenet', 'classes': 1, 'activation': None, 'dropout': 0.2}
2025-08-16 16:33:34 INFO Epoch 001 | Train Loss: 0.6115 | Val Loss: 0.6170 | Dice: 0.3456 | softDice: 0.1866 | clDice: 0.3803 | softclDice: 0.8459 | IoU: 0.2092 | Tversky: 0.3456 | Hausdorff: 669.3612 | HD95: 128.5810 | LR: 0.001000
2025-08-16 16:36:23 INFO Epoch 002 | Train Loss: 0.4439 | Val Loss: 0.5723 | Dice: 0.4219 | softDice: 0.3231 | clDice: 0.4657 | softclDice: 0.6407 | IoU: 0.2675 | Tversky: 0.4219 | Hausdorff: 631.7448 | HD95: 96.0323 | LR: 0.001000
2025-08-16 16:39:12 INFO Epoch 003 | Train Loss: 0.4047 | Val Loss: 0.5667 | Dice: 0.4343 | softDice: 0.3652 | clDice: 0.4820 | softclDice: 0.5821 | IoU: 0.2775 | Tversky: 0.4343 | Hausdorff: 255.1668 | HD95: 64.1999 | LR: 0.001000
2025-08-16 16:42:01 INFO Epoch 004 | Train Loss: 0.3931 | Val Loss: 0.5605 | Dice: 0.4249 | softDice: 0.3608 | clDice: 0.4554 | softclDice: 0.5940 | IoU: 0.2701 | Tversky: 0.4249 | Hausdorff: 476.7146 | HD95: 59.4123 | LR: 0.001000
2025-08-16 16:44:51 INFO Epoch 005 | Train Loss: 0.3882 | Val Loss: 0.5597 | Dice: 0.4502 | softDice: 0.3903 | clDice: 0.4936 | softclDice: 0.5590 | IoU: 0.2909 | Tversky: 0.4502 | Hausdorff: 261.9418 | HD95: 65.1134 | LR: 0.001000
2025-08-16 16:47:40 INFO Epoch 006 | Train Loss: 0.3819 | Val Loss: 0.5590 | Dice: 0.4664 | softDice: 0.4114 | clDice: 0.5134 | softclDice: 0.5292 | IoU: 0.3045 | Tversky: 0.4664 | Hausdorff: 230.7724 | HD95: 51.3675 | LR: 0.001000
2025-08-16 16:50:26 INFO Epoch 007 | Train Loss: 0.3831 | Val Loss: 0.5631 | Dice: 0.4703 | softDice: 0.4145 | clDice: 0.5205 | softclDice: 0.5268 | IoU: 0.3078 | Tversky: 0.4703 | Hausdorff: 239.2909 | HD95: 44.9401 | LR: 0.001000
2025-08-16 16:53:15 INFO Epoch 008 | Train Loss: 0.3793 | Val Loss: 0.5596 | Dice: 0.4479 | softDice: 0.3939 | clDice: 0.4864 | softclDice: 0.5535 | IoU: 0.2889 | Tversky: 0.4479 | Hausdorff: 242.8436 | HD95: 49.6723 | LR: 0.001000
2025-08-16 16:56:05 INFO Epoch 009 | Train Loss: 0.3771 | Val Loss: 0.5613 | Dice: 0.4560 | softDice: 0.4007 | clDice: 0.4989 | softclDice: 0.5436 | IoU: 0.2958 | Tversky: 0.4560 | Hausdorff: 247.0518 | HD95: 44.4861 | LR: 0.001000
2025-08-16 16:58:54 INFO Epoch 010 | Train Loss: 0.3766 | Val Loss: 0.5618 | Dice: 0.4800 | softDice: 0.4252 | clDice: 0.5351 | softclDice: 0.5081 | IoU: 0.3162 | Tversky: 0.4800 | Hausdorff: 244.6782 | HD95: 42.7097 | LR: 0.001000
2025-08-16 17:01:41 INFO Epoch 011 | Train Loss: 0.3735 | Val Loss: 0.5603 | Dice: 0.4682 | softDice: 0.4150 | clDice: 0.5136 | softclDice: 0.5262 | IoU: 0.3060 | Tversky: 0.4682 | Hausdorff: 228.9661 | HD95: 43.0047 | LR: 0.001000
2025-08-16 17:04:28 INFO Epoch 012 | Train Loss: 0.3734 | Val Loss: 0.5617 | Dice: 0.4713 | softDice: 0.4179 | clDice: 0.5178 | softclDice: 0.5222 | IoU: 0.3086 | Tversky: 0.4713 | Hausdorff: 245.9738 | HD95: 40.0987 | LR: 0.000500
2025-08-16 17:07:12 INFO Epoch 013 | Train Loss: 0.3726 | Val Loss: 0.5595 | Dice: 0.4676 | softDice: 0.4194 | clDice: 0.5102 | softclDice: 0.5242 | IoU: 0.3057 | Tversky: 0.4676 | Hausdorff: 255.2727 | HD95: 45.1690 | LR: 0.000500
2025-08-16 17:10:01 INFO Epoch 014 | Train Loss: 0.3673 | Val Loss: 0.5592 | Dice: 0.4728 | softDice: 0.4248 | clDice: 0.5162 | softclDice: 0.5176 | IoU: 0.3101 | Tversky: 0.4728 | Hausdorff: 241.9552 | HD95: 40.1107 | LR: 0.000500
2025-08-16 17:12:49 INFO Epoch 015 | Train Loss: 0.3694 | Val Loss: 0.5587 | Dice: 0.4811 | softDice: 0.4293 | clDice: 0.5296 | softclDice: 0.5088 | IoU: 0.3172 | Tversky: 0.4811 | Hausdorff: 233.1517 | HD95: 41.2811 | LR: 0.000500
2025-08-16 17:15:33 INFO Epoch 016 | Train Loss: 0.3677 | Val Loss: 0.5576 | Dice: 0.4723 | softDice: 0.4224 | clDice: 0.5160 | softclDice: 0.5184 | IoU: 0.3096 | Tversky: 0.4723 | Hausdorff: 239.6198 | HD95: 46.5054 | LR: 0.000500
2025-08-16 17:18:21 INFO Epoch 017 | Train Loss: 0.3656 | Val Loss: 0.5602 | Dice: 0.4711 | softDice: 0.4254 | clDice: 0.5142 | softclDice: 0.5184 | IoU: 0.3086 | Tversky: 0.4711 | Hausdorff: 421.4460 | HD95: 39.9507 | LR: 0.000500
2025-08-16 17:21:06 INFO Epoch 018 | Train Loss: 0.3666 | Val Loss: 0.5587 | Dice: 0.4742 | softDice: 0.4219 | clDice: 0.5183 | softclDice: 0.5174 | IoU: 0.3112 | Tversky: 0.4742 | Hausdorff: 240.6284 | HD95: 37.6200 | LR: 0.000500
2025-08-16 17:23:51 INFO Epoch 019 | Train Loss: 0.3662 | Val Loss: 0.5609 | Dice: 0.4623 | softDice: 0.4143 | clDice: 0.5039 | softclDice: 0.5336 | IoU: 0.3011 | Tversky: 0.4623 | Hausdorff: 395.2508 | HD95: 34.9454 | LR: 0.000500
2025-08-16 17:26:37 INFO Epoch 020 | Train Loss: 0.3635 | Val Loss: 0.5606 | Dice: 0.4793 | softDice: 0.4322 | clDice: 0.5260 | softclDice: 0.5095 | IoU: 0.3156 | Tversky: 0.4793 | Hausdorff: 239.4653 | HD95: 35.9345 | LR: 0.000500
2025-08-16 17:29:20 INFO Epoch 021 | Train Loss: 0.3642 | Val Loss: 0.5590 | Dice: 0.4654 | softDice: 0.4169 | clDice: 0.5069 | softclDice: 0.5287 | IoU: 0.3037 | Tversky: 0.4654 | Hausdorff: 238.7272 | HD95: 42.7998 | LR: 0.000500
2025-08-16 17:32:06 INFO Epoch 022 | Train Loss: 0.3631 | Val Loss: 0.5613 | Dice: 0.4625 | softDice: 0.4184 | clDice: 0.5042 | softclDice: 0.5274 | IoU: 0.3013 | Tversky: 0.4625 | Hausdorff: 240.6294 | HD95: 45.3383 | LR: 0.000250
2025-08-16 17:34:48 INFO Epoch 023 | Train Loss: 0.3636 | Val Loss: 0.5606 | Dice: 0.4803 | softDice: 0.4299 | clDice: 0.5300 | softclDice: 0.5079 | IoU: 0.3165 | Tversky: 0.4803 | Hausdorff: 235.0460 | HD95: 33.5272 | LR: 0.000250
2025-08-16 17:37:32 INFO Epoch 024 | Train Loss: 0.3590 | Val Loss: 0.5614 | Dice: 0.4781 | softDice: 0.4312 | clDice: 0.5274 | softclDice: 0.5059 | IoU: 0.3146 | Tversky: 0.4781 | Hausdorff: 239.1599 | HD95: 36.6470 | LR: 0.000250
2025-08-16 17:40:19 INFO Epoch 025 | Train Loss: 0.3599 | Val Loss: 0.5605 | Dice: 0.4806 | softDice: 0.4340 | clDice: 0.5282 | softclDice: 0.5061 | IoU: 0.3168 | Tversky: 0.4806 | Hausdorff: 234.7606 | HD95: 33.8573 | LR: 0.000250
2025-08-16 17:43:03 INFO Epoch 026 | Train Loss: 0.3605 | Val Loss: 0.5609 | Dice: 0.4744 | softDice: 0.4303 | clDice: 0.5198 | softclDice: 0.5131 | IoU: 0.3114 | Tversky: 0.4744 | Hausdorff: 427.5428 | HD95: 35.8498 | LR: 0.000250
2025-08-16 17:45:49 INFO Epoch 027 | Train Loss: 0.3564 | Val Loss: 0.5623 | Dice: 0.4792 | softDice: 0.4372 | clDice: 0.5257 | softclDice: 0.5052 | IoU: 0.3156 | Tversky: 0.4792 | Hausdorff: 560.5538 | HD95: 37.0902 | LR: 0.000250
2025-08-16 17:48:33 INFO Epoch 028 | Train Loss: 0.3572 | Val Loss: 0.5605 | Dice: 0.4743 | softDice: 0.4312 | clDice: 0.5173 | softclDice: 0.5123 | IoU: 0.3113 | Tversky: 0.4743 | Hausdorff: 380.4331 | HD95: 36.9797 | LR: 0.000125
2025-08-16 17:51:19 INFO Epoch 029 | Train Loss: 0.3569 | Val Loss: 0.5611 | Dice: 0.4777 | softDice: 0.4313 | clDice: 0.5265 | softclDice: 0.5082 | IoU: 0.3143 | Tversky: 0.4777 | Hausdorff: 447.2138 | HD95: 34.7891 | LR: 0.000125
2025-08-16 17:54:06 INFO Epoch 030 | Train Loss: 0.3560 | Val Loss: 0.5623 | Dice: 0.4773 | softDice: 0.4327 | clDice: 0.5237 | softclDice: 0.5091 | IoU: 0.3139 | Tversky: 0.4773 | Hausdorff: 447.2388 | HD95: 34.6223 | LR: 0.000125
2025-08-16 17:56:50 INFO Epoch 031 | Train Loss: 0.3551 | Val Loss: 0.5613 | Dice: 0.4753 | softDice: 0.4291 | clDice: 0.5205 | softclDice: 0.5134 | IoU: 0.3122 | Tversky: 0.4753 | Hausdorff: 450.5983 | HD95: 35.0305 | LR: 0.000125
2025-08-16 17:59:34 INFO Epoch 032 | Train Loss: 0.3538 | Val Loss: 0.5626 | Dice: 0.4757 | softDice: 0.4316 | clDice: 0.5211 | softclDice: 0.5110 | IoU: 0.3125 | Tversky: 0.4757 | Hausdorff: 445.7393 | HD95: 34.6317 | LR: 0.000125
2025-08-16 18:02:15 INFO Epoch 033 | Train Loss: 0.3529 | Val Loss: 0.5615 | Dice: 0.4815 | softDice: 0.4335 | clDice: 0.5288 | softclDice: 0.5070 | IoU: 0.3174 | Tversky: 0.4815 | Hausdorff: 441.7866 | HD95: 34.5535 | LR: 0.000125
2025-08-16 18:05:00 INFO Epoch 034 | Train Loss: 0.3503 | Val Loss: 0.5621 | Dice: 0.4769 | softDice: 0.4350 | clDice: 0.5227 | softclDice: 0.5080 | IoU: 0.3135 | Tversky: 0.4769 | Hausdorff: 460.6371 | HD95: 35.3083 | LR: 0.000063
2025-08-16 18:07:46 INFO Epoch 035 | Train Loss: 0.3524 | Val Loss: 0.5611 | Dice: 0.4746 | softDice: 0.4309 | clDice: 0.5197 | softclDice: 0.5117 | IoU: 0.3116 | Tversky: 0.4746 | Hausdorff: 504.3832 | HD95: 36.9908 | LR: 0.000063
2025-08-16 18:10:31 INFO Epoch 036 | Train Loss: 0.3511 | Val Loss: 0.5623 | Dice: 0.4752 | softDice: 0.4317 | clDice: 0.5215 | softclDice: 0.5109 | IoU: 0.3121 | Tversky: 0.4752 | Hausdorff: 498.2590 | HD95: 35.7089 | LR: 0.000063
2025-08-16 18:13:17 INFO Epoch 037 | Train Loss: 0.3487 | Val Loss: 0.5621 | Dice: 0.4743 | softDice: 0.4318 | clDice: 0.5191 | softclDice: 0.5114 | IoU: 0.3112 | Tversky: 0.4743 | Hausdorff: 471.3685 | HD95: 36.6391 | LR: 0.000063
2025-08-16 18:16:01 INFO Epoch 038 | Train Loss: 0.3497 | Val Loss: 0.5618 | Dice: 0.4743 | softDice: 0.4304 | clDice: 0.5192 | softclDice: 0.5129 | IoU: 0.3112 | Tversky: 0.4743 | Hausdorff: 471.3287 | HD95: 35.8922 | LR: 0.000063
2025-08-16 18:18:45 INFO Epoch 039 | Train Loss: 0.3513 | Val Loss: 0.5616 | Dice: 0.4734 | softDice: 0.4296 | clDice: 0.5179 | softclDice: 0.5137 | IoU: 0.3105 | Tversky: 0.4734 | Hausdorff: 472.0967 | HD95: 36.0459 | LR: 0.000063
2025-08-16 18:21:29 INFO Epoch 040 | Train Loss: 0.3485 | Val Loss: 0.5628 | Dice: 0.4724 | softDice: 0.4304 | clDice: 0.5168 | softclDice: 0.5144 | IoU: 0.3096 | Tversky: 0.4724 | Hausdorff: 556.0431 | HD95: 36.5823 | LR: 0.000031
2025-08-16 18:24:14 INFO Epoch 041 | Train Loss: 0.3482 | Val Loss: 0.5618 | Dice: 0.4741 | softDice: 0.4312 | clDice: 0.5188 | softclDice: 0.5131 | IoU: 0.3111 | Tversky: 0.4741 | Hausdorff: 513.3779 | HD95: 36.2756 | LR: 0.000031
2025-08-16 18:26:59 INFO Epoch 042 | Train Loss: 0.3486 | Val Loss: 0.5620 | Dice: 0.4735 | softDice: 0.4316 | clDice: 0.5172 | softclDice: 0.5139 | IoU: 0.3106 | Tversky: 0.4735 | Hausdorff: 507.6622 | HD95: 37.6276 | LR: 0.000031
2025-08-16 18:29:40 INFO Epoch 043 | Train Loss: 0.3461 | Val Loss: 0.5620 | Dice: 0.4734 | softDice: 0.4313 | clDice: 0.5167 | softclDice: 0.5137 | IoU: 0.3104 | Tversky: 0.4734 | Hausdorff: 471.8614 | HD95: 35.6418 | LR: 0.000031
2025-08-16 18:32:23 INFO Epoch 044 | Train Loss: 0.3461 | Val Loss: 0.5622 | Dice: 0.4730 | softDice: 0.4312 | clDice: 0.5165 | softclDice: 0.5145 | IoU: 0.3101 | Tversky: 0.4730 | Hausdorff: 471.3807 | HD95: 37.0646 | LR: 0.000031
2025-08-16 18:35:08 INFO Epoch 045 | Train Loss: 0.3467 | Val Loss: 0.5627 | Dice: 0.4733 | softDice: 0.4300 | clDice: 0.5169 | softclDice: 0.5152 | IoU: 0.3104 | Tversky: 0.4733 | Hausdorff: 555.2639 | HD95: 36.3370 | LR: 0.000031
2025-08-16 18:37:51 INFO Epoch 046 | Train Loss: 0.3455 | Val Loss: 0.5627 | Dice: 0.4758 | softDice: 0.4331 | clDice: 0.5204 | softclDice: 0.5108 | IoU: 0.3125 | Tversky: 0.4758 | Hausdorff: 493.1983 | HD95: 35.5971 | LR: 0.000016
2025-08-16 18:40:38 INFO Epoch 047 | Train Loss: 0.3453 | Val Loss: 0.5622 | Dice: 0.4738 | softDice: 0.4319 | clDice: 0.5170 | softclDice: 0.5135 | IoU: 0.3108 | Tversky: 0.4738 | Hausdorff: 470.4499 | HD95: 36.3916 | LR: 0.000016
2025-08-16 18:43:25 INFO Epoch 048 | Train Loss: 0.3450 | Val Loss: 0.5625 | Dice: 0.4746 | softDice: 0.4329 | clDice: 0.5180 | softclDice: 0.5126 | IoU: 0.3115 | Tversky: 0.4746 | Hausdorff: 470.3355 | HD95: 36.1633 | LR: 0.000016
2025-08-16 18:46:13 INFO Epoch 049 | Train Loss: 0.3444 | Val Loss: 0.5626 | Dice: 0.4753 | softDice: 0.4323 | clDice: 0.5198 | softclDice: 0.5116 | IoU: 0.3121 | Tversky: 0.4753 | Hausdorff: 469.7051 | HD95: 35.5604 | LR: 0.000016
2025-08-16 18:48:57 INFO Epoch 050 | Train Loss: 0.3437 | Val Loss: 0.5625 | Dice: 0.4717 | softDice: 0.4306 | clDice: 0.5142 | softclDice: 0.5158 | IoU: 0.3090 | Tversky: 0.4717 | Hausdorff: 471.1873 | HD95: 37.0538 | LR: 0.000016
2025-08-16 18:48:57 INFO Training completed.
2025-08-16 18:49:39 INFO Fold 1 results: Dice: 0.4723 | softDice: 0.4224 | clDice: 0.5160 | softclDice: 0.5184 | IoU: 0.3096 | Tversky: 0.4723 | Hausdorff: 239.6198 | HD95: 46.5054
2025-08-16 18:49:39 INFO ===== Fold 2 / 5 =====
2025-08-16 18:49:39 INFO Loading model unet with settings {'name': 'unet', 'encoder_name': 'resnet34', 'encoder_weights': 'imagenet', 'classes': 1, 'activation': None, 'dropout': 0.2}
2025-08-16 18:52:37 INFO Epoch 001 | Train Loss: 0.6040 | Val Loss: 0.6263 | Dice: 0.3553 | softDice: 0.2186 | clDice: 0.3896 | softclDice: 0.7690 | IoU: 0.2181 | Tversky: 0.3553 | Hausdorff: 675.6851 | HD95: 148.8466 | LR: 0.001000
2025-08-16 18:55:23 INFO Epoch 002 | Train Loss: 0.4382 | Val Loss: 0.5720 | Dice: 0.3722 | softDice: 0.3034 | clDice: 0.3993 | softclDice: 0.6720 | IoU: 0.2292 | Tversky: 0.3722 | Hausdorff: 400.8329 | HD95: 111.0488 | LR: 0.001000
2025-08-16 18:58:09 INFO Epoch 003 | Train Loss: 0.3998 | Val Loss: 0.5820 | Dice: 0.4107 | softDice: 0.3433 | clDice: 0.4386 | softclDice: 0.6334 | IoU: 0.2587 | Tversky: 0.4107 | Hausdorff: 327.7389 | HD95: 74.5961 | LR: 0.001000
2025-08-16 19:00:58 INFO Epoch 004 | Train Loss: 0.3898 | Val Loss: 0.5666 | Dice: 0.4556 | softDice: 0.3977 | clDice: 0.5010 | softclDice: 0.5487 | IoU: 0.2957 | Tversky: 0.4556 | Hausdorff: 314.8658 | HD95: 53.1274 | LR: 0.001000
2025-08-16 19:03:45 INFO Epoch 005 | Train Loss: 0.3853 | Val Loss: 0.5700 | Dice: 0.4489 | softDice: 0.3950 | clDice: 0.4921 | softclDice: 0.5557 | IoU: 0.2897 | Tversky: 0.4489 | Hausdorff: 301.1531 | HD95: 55.0370 | LR: 0.001000
2025-08-16 19:06:31 INFO Epoch 006 | Train Loss: 0.3797 | Val Loss: 0.5704 | Dice: 0.4503 | softDice: 0.3987 | clDice: 0.4905 | softclDice: 0.5524 | IoU: 0.2910 | Tversky: 0.4503 | Hausdorff: 285.9881 | HD95: 46.0983 | LR: 0.001000
2025-08-16 19:09:19 INFO Epoch 007 | Train Loss: 0.3776 | Val Loss: 0.5654 | Dice: 0.4571 | softDice: 0.4034 | clDice: 0.4975 | softclDice: 0.5431 | IoU: 0.2972 | Tversky: 0.4571 | Hausdorff: 319.7128 | HD95: 49.0930 | LR: 0.001000
2025-08-16 19:12:06 INFO Epoch 008 | Train Loss: 0.3778 | Val Loss: 0.5690 | Dice: 0.4681 | softDice: 0.4195 | clDice: 0.5138 | softclDice: 0.5227 | IoU: 0.3061 | Tversky: 0.4681 | Hausdorff: 299.4211 | HD95: 42.4192 | LR: 0.001000
2025-08-16 19:14:54 INFO Epoch 009 | Train Loss: 0.3743 | Val Loss: 0.5681 | Dice: 0.4540 | softDice: 0.3992 | clDice: 0.4946 | softclDice: 0.5467 | IoU: 0.2941 | Tversky: 0.4540 | Hausdorff: 305.1816 | HD95: 44.8800 | LR: 0.001000
2025-08-16 19:17:39 INFO Epoch 010 | Train Loss: 0.3715 | Val Loss: 0.5662 | Dice: 0.4680 | softDice: 0.4177 | clDice: 0.5116 | softclDice: 0.5255 | IoU: 0.3063 | Tversky: 0.4680 | Hausdorff: 319.9545 | HD95: 48.8780 | LR: 0.001000
2025-08-16 19:20:24 INFO Epoch 011 | Train Loss: 0.3754 | Val Loss: 0.5682 | Dice: 0.4595 | softDice: 0.4147 | clDice: 0.5009 | softclDice: 0.5330 | IoU: 0.2990 | Tversky: 0.4595 | Hausdorff: 338.2303 | HD95: 59.4498 | LR: 0.001000
2025-08-16 19:23:13 INFO Epoch 012 | Train Loss: 0.3732 | Val Loss: 0.5663 | Dice: 0.4648 | softDice: 0.4150 | clDice: 0.5058 | softclDice: 0.5327 | IoU: 0.3032 | Tversky: 0.4648 | Hausdorff: 289.1909 | HD95: 33.2083 | LR: 0.001000
2025-08-16 19:25:59 INFO Epoch 013 | Train Loss: 0.3734 | Val Loss: 0.5663 | Dice: 0.4650 | softDice: 0.4163 | clDice: 0.5077 | softclDice: 0.5261 | IoU: 0.3036 | Tversky: 0.4650 | Hausdorff: 297.7158 | HD95: 47.9342 | LR: 0.000500
2025-08-16 19:28:48 INFO Epoch 014 | Train Loss: 0.3671 | Val Loss: 0.5673 | Dice: 0.4765 | softDice: 0.4314 | clDice: 0.5200 | softclDice: 0.5118 | IoU: 0.3133 | Tversky: 0.4765 | Hausdorff: 263.9152 | HD95: 37.3094 | LR: 0.000500
2025-08-16 19:31:33 INFO Epoch 015 | Train Loss: 0.3645 | Val Loss: 0.5679 | Dice: 0.4835 | softDice: 0.4333 | clDice: 0.5286 | softclDice: 0.5046 | IoU: 0.3192 | Tversky: 0.4835 | Hausdorff: 312.5249 | HD95: 33.9739 | LR: 0.000500
2025-08-16 19:34:24 INFO Epoch 016 | Train Loss: 0.3622 | Val Loss: 0.5666 | Dice: 0.4788 | softDice: 0.4314 | clDice: 0.5224 | softclDice: 0.5108 | IoU: 0.3153 | Tversky: 0.4788 | Hausdorff: 283.5139 | HD95: 36.0175 | LR: 0.000500
2025-08-16 19:37:14 INFO Epoch 017 | Train Loss: 0.3630 | Val Loss: 0.5681 | Dice: 0.4793 | softDice: 0.4331 | clDice: 0.5263 | softclDice: 0.5063 | IoU: 0.3156 | Tversky: 0.4793 | Hausdorff: 267.1045 | HD95: 32.7510 | LR: 0.000500
2025-08-16 19:39:59 INFO Epoch 018 | Train Loss: 0.3596 | Val Loss: 0.5677 | Dice: 0.4801 | softDice: 0.4340 | clDice: 0.5266 | softclDice: 0.5073 | IoU: 0.3164 | Tversky: 0.4801 | Hausdorff: 288.9976 | HD95: 35.8645 | LR: 0.000500
2025-08-16 19:42:47 INFO Epoch 019 | Train Loss: 0.3601 | Val Loss: 0.5676 | Dice: 0.4683 | softDice: 0.4270 | clDice: 0.5086 | softclDice: 0.5200 | IoU: 0.3063 | Tversky: 0.4683 | Hausdorff: 281.0270 | HD95: 44.1863 | LR: 0.000250
2025-08-16 19:45:33 INFO Epoch 020 | Train Loss: 0.3574 | Val Loss: 0.5671 | Dice: 0.4869 | softDice: 0.4391 | clDice: 0.5348 | softclDice: 0.4994 | IoU: 0.3222 | Tversky: 0.4869 | Hausdorff: 285.7687 | HD95: 30.2651 | LR: 0.000250
2025-08-16 19:48:20 INFO Epoch 021 | Train Loss: 0.3574 | Val Loss: 0.5674 | Dice: 0.4878 | softDice: 0.4408 | clDice: 0.5366 | softclDice: 0.4971 | IoU: 0.3230 | Tversky: 0.4878 | Hausdorff: 267.4904 | HD95: 30.9492 | LR: 0.000250
2025-08-16 19:51:07 INFO Epoch 022 | Train Loss: 0.3555 | Val Loss: 0.5677 | Dice: 0.4830 | softDice: 0.4396 | clDice: 0.5289 | softclDice: 0.5025 | IoU: 0.3188 | Tversky: 0.4830 | Hausdorff: 264.0300 | HD95: 31.6318 | LR: 0.000250
2025-08-16 19:53:58 INFO Epoch 023 | Train Loss: 0.3570 | Val Loss: 0.5676 | Dice: 0.4778 | softDice: 0.4355 | clDice: 0.5202 | softclDice: 0.5095 | IoU: 0.3143 | Tversky: 0.4778 | Hausdorff: 288.6775 | HD95: 32.0875 | LR: 0.000250
2025-08-16 19:56:45 INFO Epoch 024 | Train Loss: 0.3549 | Val Loss: 0.5697 | Dice: 0.4797 | softDice: 0.4363 | clDice: 0.5257 | softclDice: 0.5058 | IoU: 0.3159 | Tversky: 0.4797 | Hausdorff: 292.4249 | HD95: 31.0321 | LR: 0.000250
2025-08-16 19:59:33 INFO Epoch 025 | Train Loss: 0.3560 | Val Loss: 0.5689 | Dice: 0.4816 | softDice: 0.4386 | clDice: 0.5260 | softclDice: 0.5052 | IoU: 0.3176 | Tversky: 0.4816 | Hausdorff: 267.4345 | HD95: 30.3134 | LR: 0.000125
2025-08-16 20:02:20 INFO Epoch 026 | Train Loss: 0.3518 | Val Loss: 0.5698 | Dice: 0.4796 | softDice: 0.4366 | clDice: 0.5246 | softclDice: 0.5075 | IoU: 0.3158 | Tversky: 0.4796 | Hausdorff: 289.1288 | HD95: 30.0485 | LR: 0.000125
2025-08-16 20:05:08 INFO Epoch 027 | Train Loss: 0.3490 | Val Loss: 0.5697 | Dice: 0.4760 | softDice: 0.4353 | clDice: 0.5200 | softclDice: 0.5098 | IoU: 0.3127 | Tversky: 0.4760 | Hausdorff: 290.3923 | HD95: 33.8865 | LR: 0.000125
2025-08-16 20:07:53 INFO Epoch 028 | Train Loss: 0.3479 | Val Loss: 0.5709 | Dice: 0.4777 | softDice: 0.4376 | clDice: 0.5234 | softclDice: 0.5061 | IoU: 0.3142 | Tversky: 0.4777 | Hausdorff: 305.1179 | HD95: 32.7220 | LR: 0.000125
2025-08-16 20:10:40 INFO Epoch 029 | Train Loss: 0.3466 | Val Loss: 0.5709 | Dice: 0.4763 | softDice: 0.4358 | clDice: 0.5201 | softclDice: 0.5089 | IoU: 0.3129 | Tversky: 0.4763 | Hausdorff: 331.8776 | HD95: 29.9363 | LR: 0.000125
2025-08-16 20:13:29 INFO Epoch 030 | Train Loss: 0.3485 | Val Loss: 0.5703 | Dice: 0.4790 | softDice: 0.4382 | clDice: 0.5238 | softclDice: 0.5070 | IoU: 0.3153 | Tversky: 0.4790 | Hausdorff: 302.4542 | HD95: 32.3954 | LR: 0.000125
2025-08-16 20:16:23 INFO Epoch 031 | Train Loss: 0.3449 | Val Loss: 0.5704 | Dice: 0.4798 | softDice: 0.4386 | clDice: 0.5253 | softclDice: 0.5051 | IoU: 0.3160 | Tversky: 0.4798 | Hausdorff: 324.5822 | HD95: 32.0560 | LR: 0.000063
2025-08-16 20:19:09 INFO Epoch 032 | Train Loss: 0.3425 | Val Loss: 0.5707 | Dice: 0.4750 | softDice: 0.4355 | clDice: 0.5179 | softclDice: 0.5109 | IoU: 0.3119 | Tversky: 0.4750 | Hausdorff: 332.4093 | HD95: 32.3883 | LR: 0.000063
2025-08-16 20:21:53 INFO Epoch 033 | Train Loss: 0.3414 | Val Loss: 0.5719 | Dice: 0.4761 | softDice: 0.4363 | clDice: 0.5207 | softclDice: 0.5095 | IoU: 0.3127 | Tversky: 0.4761 | Hausdorff: 336.9996 | HD95: 30.7773 | LR: 0.000063
2025-08-16 20:24:40 INFO Epoch 034 | Train Loss: 0.3406 | Val Loss: 0.5722 | Dice: 0.4703 | softDice: 0.4337 | clDice: 0.5087 | softclDice: 0.5176 | IoU: 0.3078 | Tversky: 0.4703 | Hausdorff: 341.1689 | HD95: 33.0567 | LR: 0.000063
2025-08-16 20:27:26 INFO Epoch 035 | Train Loss: 0.3410 | Val Loss: 0.5730 | Dice: 0.4695 | softDice: 0.4323 | clDice: 0.5106 | softclDice: 0.5162 | IoU: 0.3071 | Tversky: 0.4695 | Hausdorff: 331.9804 | HD95: 31.3573 | LR: 0.000063
2025-08-16 20:30:11 INFO Epoch 036 | Train Loss: 0.3374 | Val Loss: 0.5732 | Dice: 0.4718 | softDice: 0.4344 | clDice: 0.5123 | softclDice: 0.5144 | IoU: 0.3091 | Tversky: 0.4718 | Hausdorff: 358.6427 | HD95: 31.5639 | LR: 0.000063
2025-08-16 20:32:57 INFO Epoch 037 | Train Loss: 0.3384 | Val Loss: 0.5728 | Dice: 0.4699 | softDice: 0.4330 | clDice: 0.5074 | softclDice: 0.5172 | IoU: 0.3074 | Tversky: 0.4699 | Hausdorff: 330.1722 | HD95: 31.0299 | LR: 0.000031
2025-08-16 20:35:41 INFO Epoch 038 | Train Loss: 0.3360 | Val Loss: 0.5730 | Dice: 0.4678 | softDice: 0.4317 | clDice: 0.5050 | softclDice: 0.5201 | IoU: 0.3057 | Tversky: 0.4678 | Hausdorff: 361.6672 | HD95: 30.9394 | LR: 0.000031
2025-08-16 20:38:26 INFO Epoch 039 | Train Loss: 0.3356 | Val Loss: 0.5733 | Dice: 0.4684 | softDice: 0.4311 | clDice: 0.5074 | softclDice: 0.5190 | IoU: 0.3061 | Tversky: 0.4684 | Hausdorff: 369.2547 | HD95: 30.7050 | LR: 0.000031
2025-08-16 20:41:15 INFO Epoch 040 | Train Loss: 0.3363 | Val Loss: 0.5732 | Dice: 0.4662 | softDice: 0.4291 | clDice: 0.5037 | softclDice: 0.5229 | IoU: 0.3043 | Tversky: 0.4662 | Hausdorff: 336.2690 | HD95: 31.6158 | LR: 0.000031
2025-08-16 20:44:00 INFO Epoch 041 | Train Loss: 0.3343 | Val Loss: 0.5733 | Dice: 0.4683 | softDice: 0.4313 | clDice: 0.5057 | softclDice: 0.5201 | IoU: 0.3061 | Tversky: 0.4683 | Hausdorff: 335.2548 | HD95: 30.8576 | LR: 0.000031
2025-08-16 20:46:47 INFO Epoch 042 | Train Loss: 0.3348 | Val Loss: 0.5738 | Dice: 0.4678 | softDice: 0.4313 | clDice: 0.5056 | softclDice: 0.5207 | IoU: 0.3056 | Tversky: 0.4678 | Hausdorff: 357.9360 | HD95: 30.5357 | LR: 0.000031
2025-08-16 20:49:33 INFO Epoch 043 | Train Loss: 0.3327 | Val Loss: 0.5740 | Dice: 0.4642 | softDice: 0.4289 | clDice: 0.5007 | softclDice: 0.5242 | IoU: 0.3026 | Tversky: 0.4642 | Hausdorff: 335.4149 | HD95: 32.0440 | LR: 0.000016
2025-08-16 20:52:18 INFO Epoch 044 | Train Loss: 0.3332 | Val Loss: 0.5739 | Dice: 0.4651 | softDice: 0.4296 | clDice: 0.5018 | softclDice: 0.5229 | IoU: 0.3033 | Tversky: 0.4651 | Hausdorff: 334.2424 | HD95: 31.9201 | LR: 0.000016
2025-08-16 20:55:07 INFO Epoch 045 | Train Loss: 0.3329 | Val Loss: 0.5740 | Dice: 0.4633 | softDice: 0.4280 | clDice: 0.4992 | softclDice: 0.5257 | IoU: 0.3018 | Tversky: 0.4633 | Hausdorff: 337.8644 | HD95: 31.9394 | LR: 0.000016
2025-08-16 20:57:49 INFO Epoch 046 | Train Loss: 0.3332 | Val Loss: 0.5741 | Dice: 0.4656 | softDice: 0.4290 | clDice: 0.5016 | softclDice: 0.5240 | IoU: 0.3038 | Tversky: 0.4656 | Hausdorff: 330.7432 | HD95: 30.3201 | LR: 0.000016
2025-08-16 21:00:36 INFO Epoch 047 | Train Loss: 0.3305 | Val Loss: 0.5745 | Dice: 0.4652 | softDice: 0.4300 | clDice: 0.5010 | softclDice: 0.5232 | IoU: 0.3034 | Tversky: 0.4652 | Hausdorff: 299.6189 | HD95: 31.6390 | LR: 0.000016
2025-08-16 21:03:23 INFO Epoch 048 | Train Loss: 0.3317 | Val Loss: 0.5749 | Dice: 0.4642 | softDice: 0.4292 | clDice: 0.5001 | softclDice: 0.5245 | IoU: 0.3026 | Tversky: 0.4642 | Hausdorff: 329.7641 | HD95: 31.0888 | LR: 0.000016
2025-08-16 21:06:09 INFO Epoch 049 | Train Loss: 0.3301 | Val Loss: 0.5743 | Dice: 0.4637 | softDice: 0.4290 | clDice: 0.4994 | softclDice: 0.5242 | IoU: 0.3021 | Tversky: 0.4637 | Hausdorff: 298.0313 | HD95: 31.2777 | LR: 0.000008
2025-08-16 21:08:55 INFO Epoch 050 | Train Loss: 0.3303 | Val Loss: 0.5744 | Dice: 0.4646 | softDice: 0.4292 | clDice: 0.5009 | softclDice: 0.5233 | IoU: 0.3029 | Tversky: 0.4646 | Hausdorff: 334.0486 | HD95: 31.2316 | LR: 0.000008
2025-08-16 21:08:55 INFO Training completed.
2025-08-16 21:09:36 INFO Fold 2 results: Dice: 0.4571 | softDice: 0.4034 | clDice: 0.4975 | softclDice: 0.5431 | IoU: 0.2972 | Tversky: 0.4571 | Hausdorff: 319.7128 | HD95: 49.0930
2025-08-16 21:09:36 INFO ===== Fold 3 / 5 =====
2025-08-16 21:09:36 INFO Loading model unet with settings {'name': 'unet', 'encoder_name': 'resnet34', 'encoder_weights': 'imagenet', 'classes': 1, 'activation': None, 'dropout': 0.2}
2025-08-16 21:12:28 INFO Epoch 001 | Train Loss: 0.5647 | Val Loss: 0.5890 | Dice: 0.3706 | softDice: 0.2619 | clDice: 0.4064 | softclDice: 0.7165 | IoU: 0.2288 | Tversky: 0.3706 | Hausdorff: 527.1746 | HD95: 79.7135 | LR: 0.001000
2025-08-16 21:15:14 INFO Epoch 002 | Train Loss: 0.4196 | Val Loss: 0.5737 | Dice: 0.4413 | softDice: 0.3630 | clDice: 0.4867 | softclDice: 0.5842 | IoU: 0.2839 | Tversky: 0.4413 | Hausdorff: 266.8191 | HD95: 51.7471 | LR: 0.001000
2025-08-16 21:18:01 INFO Epoch 003 | Train Loss: 0.3949 | Val Loss: 0.5726 | Dice: 0.4551 | softDice: 0.3991 | clDice: 0.5078 | softclDice: 0.5389 | IoU: 0.2955 | Tversky: 0.4551 | Hausdorff: 231.8897 | HD95: 52.5029 | LR: 0.001000
2025-08-16 21:20:46 INFO Epoch 004 | Train Loss: 0.3868 | Val Loss: 0.5664 | Dice: 0.4529 | softDice: 0.3882 | clDice: 0.4935 | softclDice: 0.5553 | IoU: 0.2938 | Tversky: 0.4529 | Hausdorff: 252.8590 | HD95: 50.7672 | LR: 0.001000
2025-08-16 21:23:35 INFO Epoch 005 | Train Loss: 0.3821 | Val Loss: 0.5806 | Dice: 0.4422 | softDice: 0.3909 | clDice: 0.4878 | softclDice: 0.5513 | IoU: 0.2852 | Tversky: 0.4422 | Hausdorff: 250.3963 | HD95: 56.6710 | LR: 0.001000
2025-08-16 21:26:20 INFO Epoch 006 | Train Loss: 0.3810 | Val Loss: 0.5667 | Dice: 0.4719 | softDice: 0.4209 | clDice: 0.5234 | softclDice: 0.5115 | IoU: 0.3100 | Tversky: 0.4719 | Hausdorff: 257.4963 | HD95: 49.2827 | LR: 0.001000
2025-08-16 21:29:06 INFO Epoch 007 | Train Loss: 0.3773 | Val Loss: 0.5680 | Dice: 0.4510 | softDice: 0.4042 | clDice: 0.4979 | softclDice: 0.5347 | IoU: 0.2924 | Tversky: 0.4510 | Hausdorff: 249.4657 | HD95: 70.8678 | LR: 0.001000
2025-08-16 21:31:55 INFO Epoch 008 | Train Loss: 0.3762 | Val Loss: 0.5682 | Dice: 0.4708 | softDice: 0.4228 | clDice: 0.5268 | softclDice: 0.5073 | IoU: 0.3092 | Tversky: 0.4708 | Hausdorff: 228.7891 | HD95: 53.5063 | LR: 0.001000
2025-08-16 21:34:41 INFO Epoch 009 | Train Loss: 0.3749 | Val Loss: 0.5687 | Dice: 0.4612 | softDice: 0.4025 | clDice: 0.5080 | softclDice: 0.5258 | IoU: 0.3009 | Tversky: 0.4612 | Hausdorff: 237.1473 | HD95: 49.7862 | LR: 0.001000
2025-08-16 21:37:29 INFO Epoch 010 | Train Loss: 0.3751 | Val Loss: 0.5703 | Dice: 0.4664 | softDice: 0.4177 | clDice: 0.5181 | softclDice: 0.5164 | IoU: 0.3053 | Tversky: 0.4664 | Hausdorff: 246.5985 | HD95: 42.6012 | LR: 0.000500
2025-08-16 21:40:14 INFO Epoch 011 | Train Loss: 0.3694 | Val Loss: 0.5658 | Dice: 0.4778 | softDice: 0.4284 | clDice: 0.5295 | softclDice: 0.5050 | IoU: 0.3152 | Tversky: 0.4778 | Hausdorff: 239.0610 | HD95: 47.2008 | LR: 0.000500
2025-08-16 21:43:00 INFO Epoch 012 | Train Loss: 0.3674 | Val Loss: 0.5667 | Dice: 0.4788 | softDice: 0.4304 | clDice: 0.5313 | softclDice: 0.5019 | IoU: 0.3159 | Tversky: 0.4788 | Hausdorff: 247.5587 | HD95: 40.0350 | LR: 0.000500
2025-08-16 21:45:45 INFO Epoch 013 | Train Loss: 0.3674 | Val Loss: 0.5678 | Dice: 0.4791 | softDice: 0.4266 | clDice: 0.5322 | softclDice: 0.5075 | IoU: 0.3164 | Tversky: 0.4791 | Hausdorff: 386.3301 | HD95: 45.2598 | LR: 0.000500
2025-08-16 21:48:31 INFO Epoch 014 | Train Loss: 0.3667 | Val Loss: 0.5657 | Dice: 0.4778 | softDice: 0.4266 | clDice: 0.5261 | softclDice: 0.5055 | IoU: 0.3151 | Tversky: 0.4778 | Hausdorff: 261.1004 | HD95: 41.6305 | LR: 0.000500
2025-08-16 21:51:17 INFO Epoch 015 | Train Loss: 0.3642 | Val Loss: 0.5674 | Dice: 0.4726 | softDice: 0.4290 | clDice: 0.5200 | softclDice: 0.5104 | IoU: 0.3108 | Tversky: 0.4726 | Hausdorff: 247.0889 | HD95: 44.4482 | LR: 0.000500
2025-08-16 21:54:05 INFO Epoch 016 | Train Loss: 0.3648 | Val Loss: 0.5687 | Dice: 0.4687 | softDice: 0.4230 | clDice: 0.5175 | softclDice: 0.5146 | IoU: 0.3074 | Tversky: 0.4687 | Hausdorff: 242.2753 | HD95: 44.2418 | LR: 0.000500
2025-08-16 21:56:53 INFO Epoch 017 | Train Loss: 0.3634 | Val Loss: 0.5659 | Dice: 0.4846 | softDice: 0.4303 | clDice: 0.5386 | softclDice: 0.4941 | IoU: 0.3210 | Tversky: 0.4846 | Hausdorff: 231.8301 | HD95: 40.7394 | LR: 0.000500
2025-08-16 21:59:42 INFO Epoch 018 | Train Loss: 0.3635 | Val Loss: 0.5670 | Dice: 0.4789 | softDice: 0.4331 | clDice: 0.5307 | softclDice: 0.5031 | IoU: 0.3159 | Tversky: 0.4789 | Hausdorff: 247.9084 | HD95: 40.9060 | LR: 0.000500
2025-08-16 22:02:31 INFO Epoch 019 | Train Loss: 0.3618 | Val Loss: 0.5673 | Dice: 0.4675 | softDice: 0.4269 | clDice: 0.5138 | softclDice: 0.5122 | IoU: 0.3067 | Tversky: 0.4675 | Hausdorff: 244.5995 | HD95: 51.7580 | LR: 0.000500
2025-08-16 22:05:18 INFO Epoch 020 | Train Loss: 0.3617 | Val Loss: 0.5686 | Dice: 0.4610 | softDice: 0.4175 | clDice: 0.5036 | softclDice: 0.5239 | IoU: 0.3012 | Tversky: 0.4610 | Hausdorff: 238.9919 | HD95: 46.0934 | LR: 0.000250
2025-08-16 22:08:07 INFO Epoch 021 | Train Loss: 0.3595 | Val Loss: 0.5671 | Dice: 0.4886 | softDice: 0.4426 | clDice: 0.5408 | softclDice: 0.4901 | IoU: 0.3245 | Tversky: 0.4886 | Hausdorff: 256.4291 | HD95: 36.6286 | LR: 0.000250
2025-08-16 22:10:53 INFO Epoch 022 | Train Loss: 0.3565 | Val Loss: 0.5669 | Dice: 0.4865 | softDice: 0.4406 | clDice: 0.5383 | softclDice: 0.4918 | IoU: 0.3225 | Tversky: 0.4865 | Hausdorff: 248.0228 | HD95: 43.1994 | LR: 0.000250
2025-08-16 22:13:43 INFO Epoch 023 | Train Loss: 0.3540 | Val Loss: 0.5686 | Dice: 0.4771 | softDice: 0.4323 | clDice: 0.5247 | softclDice: 0.5052 | IoU: 0.3145 | Tversky: 0.4771 | Hausdorff: 236.4035 | HD95: 32.4463 | LR: 0.000250
2025-08-16 22:16:31 INFO Epoch 024 | Train Loss: 0.3536 | Val Loss: 0.5675 | Dice: 0.4782 | softDice: 0.4338 | clDice: 0.5269 | softclDice: 0.5028 | IoU: 0.3154 | Tversky: 0.4782 | Hausdorff: 239.0505 | HD95: 37.1501 | LR: 0.000250
2025-08-16 22:19:18 INFO Epoch 025 | Train Loss: 0.3516 | Val Loss: 0.5692 | Dice: 0.4751 | softDice: 0.4325 | clDice: 0.5247 | softclDice: 0.5026 | IoU: 0.3127 | Tversky: 0.4751 | Hausdorff: 254.5177 | HD95: 39.4325 | LR: 0.000250
2025-08-16 22:22:06 INFO Epoch 026 | Train Loss: 0.3532 | Val Loss: 0.5683 | Dice: 0.4821 | softDice: 0.4388 | clDice: 0.5319 | softclDice: 0.4980 | IoU: 0.3186 | Tversky: 0.4821 | Hausdorff: 249.0812 | HD95: 36.5106 | LR: 0.000125
2025-08-16 22:24:57 INFO Epoch 027 | Train Loss: 0.3522 | Val Loss: 0.5693 | Dice: 0.4773 | softDice: 0.4354 | clDice: 0.5265 | softclDice: 0.5002 | IoU: 0.3146 | Tversky: 0.4773 | Hausdorff: 241.7817 | HD95: 35.1443 | LR: 0.000125
2025-08-16 22:27:45 INFO Epoch 028 | Train Loss: 0.3478 | Val Loss: 0.5694 | Dice: 0.4779 | softDice: 0.4380 | clDice: 0.5259 | softclDice: 0.4991 | IoU: 0.3152 | Tversky: 0.4779 | Hausdorff: 245.1273 | HD95: 37.7585 | LR: 0.000125
2025-08-16 22:30:30 INFO Epoch 029 | Train Loss: 0.3474 | Val Loss: 0.5689 | Dice: 0.4859 | softDice: 0.4443 | clDice: 0.5357 | softclDice: 0.4920 | IoU: 0.3219 | Tversky: 0.4859 | Hausdorff: 241.0934 | HD95: 31.8178 | LR: 0.000125
2025-08-16 22:33:17 INFO Epoch 030 | Train Loss: 0.3467 | Val Loss: 0.5699 | Dice: 0.4772 | softDice: 0.4364 | clDice: 0.5237 | softclDice: 0.5023 | IoU: 0.3144 | Tversky: 0.4772 | Hausdorff: 237.8169 | HD95: 35.2392 | LR: 0.000125
2025-08-16 22:36:08 INFO Epoch 031 | Train Loss: 0.3491 | Val Loss: 0.5687 | Dice: 0.4755 | softDice: 0.4353 | clDice: 0.5208 | softclDice: 0.5035 | IoU: 0.3130 | Tversky: 0.4755 | Hausdorff: 237.7256 | HD95: 38.9719 | LR: 0.000125
2025-08-16 22:38:54 INFO Epoch 032 | Train Loss: 0.3450 | Val Loss: 0.5705 | Dice: 0.4856 | softDice: 0.4432 | clDice: 0.5364 | softclDice: 0.4949 | IoU: 0.3216 | Tversky: 0.4856 | Hausdorff: 250.2099 | HD95: 34.2833 | LR: 0.000063
2025-08-16 22:41:43 INFO Epoch 033 | Train Loss: 0.3460 | Val Loss: 0.5696 | Dice: 0.4815 | softDice: 0.4399 | clDice: 0.5302 | softclDice: 0.4971 | IoU: 0.3181 | Tversky: 0.4815 | Hausdorff: 237.9090 | HD95: 35.9053 | LR: 0.000063
2025-08-16 22:44:36 INFO Epoch 034 | Train Loss: 0.3428 | Val Loss: 0.5703 | Dice: 0.4812 | softDice: 0.4404 | clDice: 0.5282 | softclDice: 0.4993 | IoU: 0.3178 | Tversky: 0.4812 | Hausdorff: 237.7813 | HD95: 33.6943 | LR: 0.000063
2025-08-16 22:47:25 INFO Epoch 035 | Train Loss: 0.3409 | Val Loss: 0.5706 | Dice: 0.4697 | softDice: 0.4308 | clDice: 0.5124 | softclDice: 0.5136 | IoU: 0.3080 | Tversky: 0.4697 | Hausdorff: 230.5230 | HD95: 36.6287 | LR: 0.000063
2025-08-16 22:50:17 INFO Epoch 036 | Train Loss: 0.3401 | Val Loss: 0.5730 | Dice: 0.4717 | softDice: 0.4330 | clDice: 0.5167 | softclDice: 0.5113 | IoU: 0.3096 | Tversky: 0.4717 | Hausdorff: 241.7050 | HD95: 34.6462 | LR: 0.000063
2025-08-16 22:53:05 INFO Epoch 037 | Train Loss: 0.3405 | Val Loss: 0.5708 | Dice: 0.4775 | softDice: 0.4366 | clDice: 0.5240 | softclDice: 0.5032 | IoU: 0.3147 | Tversky: 0.4775 | Hausdorff: 239.4918 | HD95: 34.8185 | LR: 0.000063
2025-08-16 22:55:54 INFO Epoch 038 | Train Loss: 0.3401 | Val Loss: 0.5718 | Dice: 0.4718 | softDice: 0.4337 | clDice: 0.5149 | softclDice: 0.5102 | IoU: 0.3098 | Tversky: 0.4718 | Hausdorff: 233.6490 | HD95: 34.6246 | LR: 0.000031
2025-08-16 22:58:46 INFO Epoch 039 | Train Loss: 0.3365 | Val Loss: 0.5716 | Dice: 0.4770 | softDice: 0.4376 | clDice: 0.5229 | softclDice: 0.5042 | IoU: 0.3143 | Tversky: 0.4770 | Hausdorff: 237.9494 | HD95: 34.6020 | LR: 0.000031
2025-08-16 23:01:33 INFO Epoch 040 | Train Loss: 0.3363 | Val Loss: 0.5716 | Dice: 0.4717 | softDice: 0.4336 | clDice: 0.5148 | softclDice: 0.5104 | IoU: 0.3098 | Tversky: 0.4717 | Hausdorff: 240.8374 | HD95: 35.5825 | LR: 0.000031
2025-08-16 23:04:22 INFO Epoch 041 | Train Loss: 0.3366 | Val Loss: 0.5724 | Dice: 0.4733 | softDice: 0.4349 | clDice: 0.5170 | softclDice: 0.5090 | IoU: 0.3110 | Tversky: 0.4733 | Hausdorff: 234.8958 | HD95: 33.4880 | LR: 0.000031
2025-08-16 23:07:09 INFO Epoch 042 | Train Loss: 0.3345 | Val Loss: 0.5732 | Dice: 0.4695 | softDice: 0.4320 | clDice: 0.5104 | softclDice: 0.5149 | IoU: 0.3079 | Tversky: 0.4695 | Hausdorff: 247.2850 | HD95: 32.9469 | LR: 0.000031
2025-08-16 23:09:56 INFO Epoch 043 | Train Loss: 0.3319 | Val Loss: 0.5737 | Dice: 0.4671 | softDice: 0.4317 | clDice: 0.5081 | softclDice: 0.5156 | IoU: 0.3058 | Tversky: 0.4671 | Hausdorff: 241.1308 | HD95: 34.6673 | LR: 0.000031
2025-08-16 23:12:46 INFO Epoch 044 | Train Loss: 0.3323 | Val Loss: 0.5728 | Dice: 0.4665 | softDice: 0.4306 | clDice: 0.5082 | softclDice: 0.5159 | IoU: 0.3053 | Tversky: 0.4665 | Hausdorff: 240.5010 | HD95: 37.4102 | LR: 0.000016
2025-08-16 23:15:35 INFO Epoch 045 | Train Loss: 0.3317 | Val Loss: 0.5734 | Dice: 0.4671 | softDice: 0.4313 | clDice: 0.5073 | softclDice: 0.5172 | IoU: 0.3058 | Tversky: 0.4671 | Hausdorff: 240.6236 | HD95: 36.4583 | LR: 0.000016
2025-08-16 23:18:25 INFO Epoch 046 | Train Loss: 0.3315 | Val Loss: 0.5731 | Dice: 0.4695 | softDice: 0.4329 | clDice: 0.5114 | softclDice: 0.5146 | IoU: 0.3078 | Tversky: 0.4695 | Hausdorff: 241.4322 | HD95: 35.8919 | LR: 0.000016
2025-08-16 23:21:10 INFO Epoch 047 | Train Loss: 0.3320 | Val Loss: 0.5734 | Dice: 0.4704 | softDice: 0.4335 | clDice: 0.5122 | softclDice: 0.5129 | IoU: 0.3086 | Tversky: 0.4704 | Hausdorff: 241.2819 | HD95: 33.9091 | LR: 0.000016
2025-08-16 23:24:00 INFO Epoch 048 | Train Loss: 0.3333 | Val Loss: 0.5726 | Dice: 0.4692 | softDice: 0.4315 | clDice: 0.5108 | softclDice: 0.5150 | IoU: 0.3076 | Tversky: 0.4692 | Hausdorff: 241.3403 | HD95: 35.3530 | LR: 0.000016
2025-08-16 23:26:50 INFO Epoch 049 | Train Loss: 0.3314 | Val Loss: 0.5729 | Dice: 0.4692 | softDice: 0.4325 | clDice: 0.5103 | softclDice: 0.5141 | IoU: 0.3076 | Tversky: 0.4692 | Hausdorff: 239.1099 | HD95: 34.7876 | LR: 0.000016
2025-08-16 23:29:36 INFO Epoch 050 | Train Loss: 0.3312 | Val Loss: 0.5731 | Dice: 0.4666 | softDice: 0.4310 | clDice: 0.5072 | softclDice: 0.5175 | IoU: 0.3054 | Tversky: 0.4666 | Hausdorff: 237.8954 | HD95: 35.2488 | LR: 0.000008
2025-08-16 23:29:36 INFO Training completed.
2025-08-16 23:30:18 INFO Fold 3 results: Dice: 0.4778 | softDice: 0.4266 | clDice: 0.5261 | softclDice: 0.5055 | IoU: 0.3151 | Tversky: 0.4778 | Hausdorff: 261.1004 | HD95: 41.6305
2025-08-16 23:30:18 INFO ===== Fold 4 / 5 =====
2025-08-16 23:30:18 INFO Loading model unet with settings {'name': 'unet', 'encoder_name': 'resnet34', 'encoder_weights': 'imagenet', 'classes': 1, 'activation': None, 'dropout': 0.2}
2025-08-16 23:33:07 INFO Epoch 001 | Train Loss: 0.5193 | Val Loss: 0.5945 | Dice: 0.4203 | softDice: 0.3371 | clDice: 0.4826 | softclDice: 0.6335 | IoU: 0.2662 | Tversky: 0.4203 | Hausdorff: 342.7954 | HD95: 67.8749 | LR: 0.001000
2025-08-16 23:35:52 INFO Epoch 002 | Train Loss: 0.4086 | Val Loss: 0.5728 | Dice: 0.4206 | softDice: 0.3491 | clDice: 0.4526 | softclDice: 0.6077 | IoU: 0.2666 | Tversky: 0.4206 | Hausdorff: 280.7877 | HD95: 72.3695 | LR: 0.001000
2025-08-16 23:38:43 INFO Epoch 003 | Train Loss: 0.3922 | Val Loss: 0.5734 | Dice: 0.4659 | softDice: 0.4004 | clDice: 0.5213 | softclDice: 0.5341 | IoU: 0.3039 | Tversky: 0.4659 | Hausdorff: 233.9415 | HD95: 53.2910 | LR: 0.001000
2025-08-16 23:41:37 INFO Epoch 004 | Train Loss: 0.3847 | Val Loss: 0.5737 | Dice: 0.3947 | softDice: 0.3516 | clDice: 0.4221 | softclDice: 0.6115 | IoU: 0.2465 | Tversky: 0.3947 | Hausdorff: 294.6436 | HD95: 117.1325 | LR: 0.001000
2025-08-16 23:44:25 INFO Epoch 005 | Train Loss: 0.3809 | Val Loss: 0.5692 | Dice: 0.3800 | softDice: 0.3468 | clDice: 0.4032 | softclDice: 0.6251 | IoU: 0.2348 | Tversky: 0.3800 | Hausdorff: 318.0000 | HD95: 118.8064 | LR: 0.001000
2025-08-16 23:47:16 INFO Epoch 006 | Train Loss: 0.3793 | Val Loss: 0.5719 | Dice: 0.4534 | softDice: 0.4059 | clDice: 0.4949 | softclDice: 0.5394 | IoU: 0.2933 | Tversky: 0.4534 | Hausdorff: 234.9901 | HD95: 61.6765 | LR: 0.001000
2025-08-16 23:50:04 INFO Epoch 007 | Train Loss: 0.3798 | Val Loss: 0.5725 | Dice: 0.4605 | softDice: 0.3952 | clDice: 0.5046 | softclDice: 0.5401 | IoU: 0.2993 | Tversky: 0.4605 | Hausdorff: 252.2924 | HD95: 56.2194 | LR: 0.001000
2025-08-16 23:52:53 INFO Epoch 008 | Train Loss: 0.3759 | Val Loss: 0.5718 | Dice: 0.4752 | softDice: 0.4258 | clDice: 0.5250 | softclDice: 0.5130 | IoU: 0.3119 | Tversky: 0.4752 | Hausdorff: 232.8621 | HD95: 45.0921 | LR: 0.001000
2025-08-16 23:55:43 INFO Epoch 009 | Train Loss: 0.3743 | Val Loss: 0.5721 | Dice: 0.4696 | softDice: 0.4197 | clDice: 0.5242 | softclDice: 0.5066 | IoU: 0.3072 | Tversky: 0.4696 | Hausdorff: 247.3597 | HD95: 58.1043 | LR: 0.001000
2025-08-16 23:58:29 INFO Epoch 010 | Train Loss: 0.3733 | Val Loss: 0.5729 | Dice: 0.4491 | softDice: 0.4069 | clDice: 0.4904 | softclDice: 0.5366 | IoU: 0.2903 | Tversky: 0.4491 | Hausdorff: 284.8205 | HD95: 79.4231 | LR: 0.001000
2025-08-17 00:01:21 INFO Epoch 011 | Train Loss: 0.3713 | Val Loss: 0.5662 | Dice: 0.4728 | softDice: 0.4187 | clDice: 0.5186 | softclDice: 0.5155 | IoU: 0.3097 | Tversky: 0.4728 | Hausdorff: 237.7064 | HD95: 47.3548 | LR: 0.001000
2025-08-17 00:04:08 INFO Epoch 012 | Train Loss: 0.3688 | Val Loss: 0.5741 | Dice: 0.4628 | softDice: 0.4086 | clDice: 0.5068 | softclDice: 0.5287 | IoU: 0.3013 | Tversky: 0.4628 | Hausdorff: 224.0890 | HD95: 50.1387 | LR: 0.001000
2025-08-17 00:06:58 INFO Epoch 013 | Train Loss: 0.3716 | Val Loss: 0.5722 | Dice: 0.4771 | softDice: 0.4249 | clDice: 0.5291 | softclDice: 0.5056 | IoU: 0.3135 | Tversky: 0.4771 | Hausdorff: 236.0809 | HD95: 40.8138 | LR: 0.001000
2025-08-17 00:09:49 INFO Epoch 014 | Train Loss: 0.3659 | Val Loss: 0.5711 | Dice: 0.4607 | softDice: 0.4106 | clDice: 0.5063 | softclDice: 0.5240 | IoU: 0.2997 | Tversky: 0.4607 | Hausdorff: 264.6860 | HD95: 59.3377 | LR: 0.001000
2025-08-17 00:12:38 INFO Epoch 015 | Train Loss: 0.3693 | Val Loss: 0.5714 | Dice: 0.4750 | softDice: 0.4289 | clDice: 0.5227 | softclDice: 0.5072 | IoU: 0.3116 | Tversky: 0.4750 | Hausdorff: 236.6212 | HD95: 51.2498 | LR: 0.001000
2025-08-17 00:15:24 INFO Epoch 016 | Train Loss: 0.3671 | Val Loss: 0.5688 | Dice: 0.4842 | softDice: 0.4317 | clDice: 0.5357 | softclDice: 0.4980 | IoU: 0.3197 | Tversky: 0.4842 | Hausdorff: 218.3620 | HD95: 41.3817 | LR: 0.001000
2025-08-17 00:18:12 INFO Epoch 017 | Train Loss: 0.3657 | Val Loss: 0.5672 | Dice: 0.4719 | softDice: 0.4234 | clDice: 0.5144 | softclDice: 0.5193 | IoU: 0.3090 | Tversky: 0.4719 | Hausdorff: 221.8187 | HD95: 47.5856 | LR: 0.000500
2025-08-17 00:21:01 INFO Epoch 018 | Train Loss: 0.3607 | Val Loss: 0.5684 | Dice: 0.4891 | softDice: 0.4424 | clDice: 0.5407 | softclDice: 0.4913 | IoU: 0.3240 | Tversky: 0.4891 | Hausdorff: 222.5631 | HD95: 36.6628 | LR: 0.000500
2025-08-17 00:23:51 INFO Epoch 019 | Train Loss: 0.3591 | Val Loss: 0.5717 | Dice: 0.4883 | softDice: 0.4393 | clDice: 0.5437 | softclDice: 0.4889 | IoU: 0.3233 | Tversky: 0.4883 | Hausdorff: 261.4156 | HD95: 28.7387 | LR: 0.000500
2025-08-17 00:26:38 INFO Epoch 020 | Train Loss: 0.3588 | Val Loss: 0.5686 | Dice: 0.4865 | softDice: 0.4372 | clDice: 0.5375 | softclDice: 0.4960 | IoU: 0.3218 | Tversky: 0.4865 | Hausdorff: 229.2340 | HD95: 32.3806 | LR: 0.000500
2025-08-17 00:29:27 INFO Epoch 021 | Train Loss: 0.3582 | Val Loss: 0.5704 | Dice: 0.4704 | softDice: 0.4239 | clDice: 0.5150 | softclDice: 0.5146 | IoU: 0.3078 | Tversky: 0.4704 | Hausdorff: 216.3902 | HD95: 34.4766 | LR: 0.000500
2025-08-17 00:32:14 INFO Epoch 022 | Train Loss: 0.3583 | Val Loss: 0.5701 | Dice: 0.4864 | softDice: 0.4380 | clDice: 0.5341 | softclDice: 0.4969 | IoU: 0.3217 | Tversky: 0.4864 | Hausdorff: 266.1250 | HD95: 29.6378 | LR: 0.000500
2025-08-17 00:35:03 INFO Epoch 023 | Train Loss: 0.3580 | Val Loss: 0.5710 | Dice: 0.4722 | softDice: 0.4294 | clDice: 0.5163 | softclDice: 0.5106 | IoU: 0.3093 | Tversky: 0.4722 | Hausdorff: 246.5336 | HD95: 38.4607 | LR: 0.000250
2025-08-17 00:37:52 INFO Epoch 024 | Train Loss: 0.3563 | Val Loss: 0.5694 | Dice: 0.4822 | softDice: 0.4362 | clDice: 0.5295 | softclDice: 0.5020 | IoU: 0.3180 | Tversky: 0.4822 | Hausdorff: 217.7146 | HD95: 30.7127 | LR: 0.000250
2025-08-17 00:40:39 INFO Epoch 025 | Train Loss: 0.3520 | Val Loss: 0.5709 | Dice: 0.4795 | softDice: 0.4354 | clDice: 0.5252 | softclDice: 0.5027 | IoU: 0.3156 | Tversky: 0.4795 | Hausdorff: 250.8702 | HD95: 32.8991 | LR: 0.000250
2025-08-17 00:43:28 INFO Epoch 026 | Train Loss: 0.3533 | Val Loss: 0.5703 | Dice: 0.4743 | softDice: 0.4307 | clDice: 0.5186 | softclDice: 0.5077 | IoU: 0.3111 | Tversky: 0.4743 | Hausdorff: 248.6188 | HD95: 39.3221 | LR: 0.000250
2025-08-17 00:46:15 INFO Epoch 027 | Train Loss: 0.3519 | Val Loss: 0.5710 | Dice: 0.4833 | softDice: 0.4380 | clDice: 0.5309 | softclDice: 0.4987 | IoU: 0.3189 | Tversky: 0.4833 | Hausdorff: 219.8955 | HD95: 32.1320 | LR: 0.000250
2025-08-17 00:49:04 INFO Epoch 028 | Train Loss: 0.3491 | Val Loss: 0.5707 | Dice: 0.4899 | softDice: 0.4433 | clDice: 0.5392 | softclDice: 0.4904 | IoU: 0.3246 | Tversky: 0.4899 | Hausdorff: 218.4775 | HD95: 28.9583 | LR: 0.000250
2025-08-17 00:51:52 INFO Epoch 029 | Train Loss: 0.3491 | Val Loss: 0.5728 | Dice: 0.4783 | softDice: 0.4331 | clDice: 0.5226 | softclDice: 0.5082 | IoU: 0.3145 | Tversky: 0.4783 | Hausdorff: 219.0155 | HD95: 28.0506 | LR: 0.000125
2025-08-17 00:54:38 INFO Epoch 030 | Train Loss: 0.3484 | Val Loss: 0.5705 | Dice: 0.4793 | softDice: 0.4358 | clDice: 0.5237 | softclDice: 0.5055 | IoU: 0.3155 | Tversky: 0.4793 | Hausdorff: 197.5914 | HD95: 32.8567 | LR: 0.000125
2025-08-17 00:57:26 INFO Epoch 031 | Train Loss: 0.3457 | Val Loss: 0.5715 | Dice: 0.4762 | softDice: 0.4329 | clDice: 0.5172 | softclDice: 0.5090 | IoU: 0.3127 | Tversky: 0.4762 | Hausdorff: 219.8797 | HD95: 32.1530 | LR: 0.000125
2025-08-17 01:00:11 INFO Epoch 032 | Train Loss: 0.3439 | Val Loss: 0.5724 | Dice: 0.4777 | softDice: 0.4369 | clDice: 0.5189 | softclDice: 0.5058 | IoU: 0.3140 | Tversky: 0.4777 | Hausdorff: 218.6561 | HD95: 34.0720 | LR: 0.000125
2025-08-17 01:02:59 INFO Epoch 033 | Train Loss: 0.3416 | Val Loss: 0.5726 | Dice: 0.4772 | softDice: 0.4365 | clDice: 0.5194 | softclDice: 0.5060 | IoU: 0.3137 | Tversky: 0.4772 | Hausdorff: 213.9082 | HD95: 30.7492 | LR: 0.000125
2025-08-17 01:05:48 INFO Epoch 034 | Train Loss: 0.3423 | Val Loss: 0.5731 | Dice: 0.4781 | softDice: 0.4375 | clDice: 0.5210 | softclDice: 0.5042 | IoU: 0.3144 | Tversky: 0.4781 | Hausdorff: 195.3526 | HD95: 29.3825 | LR: 0.000125
2025-08-17 01:08:35 INFO Epoch 035 | Train Loss: 0.3403 | Val Loss: 0.5728 | Dice: 0.4801 | softDice: 0.4393 | clDice: 0.5242 | softclDice: 0.5011 | IoU: 0.3162 | Tversky: 0.4801 | Hausdorff: 208.3613 | HD95: 31.3270 | LR: 0.000063
2025-08-17 01:11:22 INFO Epoch 036 | Train Loss: 0.3397 | Val Loss: 0.5730 | Dice: 0.4760 | softDice: 0.4374 | clDice: 0.5180 | softclDice: 0.5083 | IoU: 0.3126 | Tversky: 0.4760 | Hausdorff: 197.2698 | HD95: 31.8254 | LR: 0.000063
2025-08-17 01:14:08 INFO Epoch 037 | Train Loss: 0.3367 | Val Loss: 0.5745 | Dice: 0.4704 | softDice: 0.4333 | clDice: 0.5118 | softclDice: 0.5116 | IoU: 0.3078 | Tversky: 0.4704 | Hausdorff: 199.0723 | HD95: 31.3395 | LR: 0.000063
2025-08-17 01:16:54 INFO Epoch 038 | Train Loss: 0.3373 | Val Loss: 0.5741 | Dice: 0.4694 | softDice: 0.4314 | clDice: 0.5117 | softclDice: 0.5130 | IoU: 0.3070 | Tversky: 0.4694 | Hausdorff: 210.1568 | HD95: 31.1032 | LR: 0.000063
2025-08-17 01:19:44 INFO Epoch 039 | Train Loss: 0.3367 | Val Loss: 0.5736 | Dice: 0.4736 | softDice: 0.4343 | clDice: 0.5138 | softclDice: 0.5112 | IoU: 0.3105 | Tversky: 0.4736 | Hausdorff: 205.5259 | HD95: 32.9476 | LR: 0.000063
2025-08-17 01:22:29 INFO Epoch 040 | Train Loss: 0.3357 | Val Loss: 0.5730 | Dice: 0.4738 | softDice: 0.4343 | clDice: 0.5140 | softclDice: 0.5123 | IoU: 0.3107 | Tversky: 0.4738 | Hausdorff: 204.1812 | HD95: 32.7261 | LR: 0.000063
2025-08-17 01:25:17 INFO Epoch 041 | Train Loss: 0.3360 | Val Loss: 0.5742 | Dice: 0.4701 | softDice: 0.4325 | clDice: 0.5101 | softclDice: 0.5132 | IoU: 0.3076 | Tversky: 0.4701 | Hausdorff: 253.2374 | HD95: 30.7681 | LR: 0.000031
2025-08-17 01:28:04 INFO Epoch 042 | Train Loss: 0.3350 | Val Loss: 0.5749 | Dice: 0.4688 | softDice: 0.4312 | clDice: 0.5080 | softclDice: 0.5166 | IoU: 0.3064 | Tversky: 0.4688 | Hausdorff: 255.8917 | HD95: 30.9398 | LR: 0.000031
2025-08-17 01:30:51 INFO Epoch 043 | Train Loss: 0.3337 | Val Loss: 0.5747 | Dice: 0.4709 | softDice: 0.4343 | clDice: 0.5110 | softclDice: 0.5143 | IoU: 0.3083 | Tversky: 0.4709 | Hausdorff: 273.5685 | HD95: 29.6089 | LR: 0.000031
2025-08-17 01:33:39 INFO Epoch 044 | Train Loss: 0.3323 | Val Loss: 0.5754 | Dice: 0.4655 | softDice: 0.4295 | clDice: 0.5031 | softclDice: 0.5194 | IoU: 0.3036 | Tversky: 0.4655 | Hausdorff: 282.1914 | HD95: 31.0623 | LR: 0.000031
2025-08-17 01:36:23 INFO Epoch 045 | Train Loss: 0.3292 | Val Loss: 0.5751 | Dice: 0.4664 | softDice: 0.4304 | clDice: 0.5051 | softclDice: 0.5190 | IoU: 0.3044 | Tversky: 0.4664 | Hausdorff: 282.8907 | HD95: 32.6783 | LR: 0.000031
2025-08-17 01:39:13 INFO Epoch 046 | Train Loss: 0.3307 | Val Loss: 0.5755 | Dice: 0.4662 | softDice: 0.4301 | clDice: 0.5045 | softclDice: 0.5194 | IoU: 0.3042 | Tversky: 0.4662 | Hausdorff: 284.8605 | HD95: 31.1477 | LR: 0.000031
2025-08-17 01:41:59 INFO Epoch 047 | Train Loss: 0.3317 | Val Loss: 0.5747 | Dice: 0.4673 | softDice: 0.4307 | clDice: 0.5068 | softclDice: 0.5170 | IoU: 0.3051 | Tversky: 0.4673 | Hausdorff: 284.1764 | HD95: 31.1452 | LR: 0.000016
2025-08-17 01:44:48 INFO Epoch 048 | Train Loss: 0.3303 | Val Loss: 0.5756 | Dice: 0.4656 | softDice: 0.4293 | clDice: 0.5044 | softclDice: 0.5188 | IoU: 0.3037 | Tversky: 0.4656 | Hausdorff: 320.1484 | HD95: 30.6471 | LR: 0.000016
2025-08-17 01:47:35 INFO Epoch 049 | Train Loss: 0.3294 | Val Loss: 0.5756 | Dice: 0.4689 | softDice: 0.4324 | clDice: 0.5074 | softclDice: 0.5158 | IoU: 0.3065 | Tversky: 0.4689 | Hausdorff: 377.7297 | HD95: 29.4164 | LR: 0.000016
2025-08-17 01:50:19 INFO Epoch 050 | Train Loss: 0.3309 | Val Loss: 0.5756 | Dice: 0.4675 | softDice: 0.4308 | clDice: 0.5062 | softclDice: 0.5174 | IoU: 0.3053 | Tversky: 0.4675 | Hausdorff: 394.2903 | HD95: 30.4242 | LR: 0.000016
2025-08-17 01:50:19 INFO Training completed.
2025-08-17 01:51:00 INFO Fold 4 results: Dice: 0.4728 | softDice: 0.4187 | clDice: 0.5186 | softclDice: 0.5155 | IoU: 0.3097 | Tversky: 0.4728 | Hausdorff: 237.7064 | HD95: 47.3548
2025-08-17 01:51:00 INFO ===== Fold 5 / 5 =====
2025-08-17 01:51:00 INFO Loading model unet with settings {'name': 'unet', 'encoder_name': 'resnet34', 'encoder_weights': 'imagenet', 'classes': 1, 'activation': None, 'dropout': 0.2}
2025-08-17 01:53:48 INFO Epoch 001 | Train Loss: 0.5258 | Val Loss: 0.5854 | Dice: 0.3712 | softDice: 0.2684 | clDice: 0.3983 | softclDice: 0.7093 | IoU: 0.2283 | Tversky: 0.3712 | Hausdorff: 393.7486 | HD95: 95.8792 | LR: 0.001000
2025-08-17 01:56:37 INFO Epoch 002 | Train Loss: 0.4141 | Val Loss: 0.5778 | Dice: 0.4356 | softDice: 0.3600 | clDice: 0.4842 | softclDice: 0.5923 | IoU: 0.2788 | Tversky: 0.4356 | Hausdorff: 255.5755 | HD95: 62.1046 | LR: 0.001000
2025-08-17 01:59:25 INFO Epoch 003 | Train Loss: 0.3964 | Val Loss: 0.5688 | Dice: 0.4486 | softDice: 0.3740 | clDice: 0.4990 | softclDice: 0.5579 | IoU: 0.2895 | Tversky: 0.4486 | Hausdorff: 271.8710 | HD95: 65.1826 | LR: 0.001000
2025-08-17 02:02:14 INFO Epoch 004 | Train Loss: 0.3919 | Val Loss: 0.5713 | Dice: 0.4437 | softDice: 0.3825 | clDice: 0.4920 | softclDice: 0.5638 | IoU: 0.2855 | Tversky: 0.4437 | Hausdorff: 266.2993 | HD95: 65.2461 | LR: 0.001000
2025-08-17 02:05:03 INFO Epoch 005 | Train Loss: 0.3852 | Val Loss: 0.5696 | Dice: 0.4560 | softDice: 0.3983 | clDice: 0.5152 | softclDice: 0.5290 | IoU: 0.2958 | Tversky: 0.4560 | Hausdorff: 257.5455 | HD95: 53.5407 | LR: 0.001000
2025-08-17 02:07:50 INFO Epoch 006 | Train Loss: 0.3834 | Val Loss: 0.5633 | Dice: 0.4709 | softDice: 0.4116 | clDice: 0.5281 | softclDice: 0.5181 | IoU: 0.3084 | Tversky: 0.4709 | Hausdorff: 219.3975 | HD95: 52.6650 | LR: 0.001000
2025-08-17 02:10:34 INFO Epoch 007 | Train Loss: 0.3785 | Val Loss: 0.5660 | Dice: 0.4710 | softDice: 0.4194 | clDice: 0.5277 | softclDice: 0.5107 | IoU: 0.3084 | Tversky: 0.4710 | Hausdorff: 216.7215 | HD95: 46.7384 | LR: 0.001000
2025-08-17 02:13:22 INFO Epoch 008 | Train Loss: 0.3787 | Val Loss: 0.5643 | Dice: 0.4637 | softDice: 0.4136 | clDice: 0.5126 | softclDice: 0.5189 | IoU: 0.3022 | Tversky: 0.4637 | Hausdorff: 255.0562 | HD95: 47.6199 | LR: 0.001000
2025-08-17 02:16:10 INFO Epoch 009 | Train Loss: 0.3771 | Val Loss: 0.5619 | Dice: 0.4728 | softDice: 0.4211 | clDice: 0.5270 | softclDice: 0.5094 | IoU: 0.3100 | Tversky: 0.4728 | Hausdorff: 253.2003 | HD95: 52.6282 | LR: 0.001000
2025-08-17 02:18:57 INFO Epoch 010 | Train Loss: 0.3756 | Val Loss: 0.5667 | Dice: 0.4682 | softDice: 0.4089 | clDice: 0.5191 | softclDice: 0.5282 | IoU: 0.3061 | Tversky: 0.4682 | Hausdorff: 249.1148 | HD95: 50.6833 | LR: 0.001000
2025-08-17 02:21:45 INFO Epoch 011 | Train Loss: 0.3741 | Val Loss: 0.5633 | Dice: 0.4738 | softDice: 0.4266 | clDice: 0.5239 | softclDice: 0.5076 | IoU: 0.3108 | Tversky: 0.4738 | Hausdorff: 259.2428 | HD95: 43.3118 | LR: 0.001000
2025-08-17 02:24:31 INFO Epoch 012 | Train Loss: 0.3715 | Val Loss: 0.5624 | Dice: 0.4814 | softDice: 0.4288 | clDice: 0.5387 | softclDice: 0.5006 | IoU: 0.3173 | Tversky: 0.4814 | Hausdorff: 218.1424 | HD95: 41.4235 | LR: 0.001000
2025-08-17 02:27:17 INFO Epoch 013 | Train Loss: 0.3725 | Val Loss: 0.5638 | Dice: 0.4716 | softDice: 0.4241 | clDice: 0.5220 | softclDice: 0.5129 | IoU: 0.3089 | Tversky: 0.4716 | Hausdorff: 257.4548 | HD95: 37.7113 | LR: 0.001000
2025-08-17 02:30:06 INFO Epoch 014 | Train Loss: 0.3717 | Val Loss: 0.5608 | Dice: 0.4774 | softDice: 0.4254 | clDice: 0.5312 | softclDice: 0.5032 | IoU: 0.3139 | Tversky: 0.4774 | Hausdorff: 231.0509 | HD95: 46.8674 | LR: 0.001000
2025-08-17 02:32:52 INFO Epoch 015 | Train Loss: 0.3716 | Val Loss: 0.5673 | Dice: 0.4681 | softDice: 0.4171 | clDice: 0.5204 | softclDice: 0.5150 | IoU: 0.3060 | Tversky: 0.4681 | Hausdorff: 198.0539 | HD95: 38.1544 | LR: 0.001000
2025-08-17 02:35:40 INFO Epoch 016 | Train Loss: 0.3704 | Val Loss: 0.5609 | Dice: 0.4805 | softDice: 0.4274 | clDice: 0.5336 | softclDice: 0.5039 | IoU: 0.3166 | Tversky: 0.4805 | Hausdorff: 228.1737 | HD95: 41.7106 | LR: 0.001000
2025-08-17 02:38:25 INFO Epoch 017 | Train Loss: 0.3687 | Val Loss: 0.5613 | Dice: 0.4809 | softDice: 0.4254 | clDice: 0.5347 | softclDice: 0.5044 | IoU: 0.3169 | Tversky: 0.4809 | Hausdorff: 218.8453 | HD95: 38.3051 | LR: 0.001000
2025-08-17 02:41:13 INFO Epoch 018 | Train Loss: 0.3703 | Val Loss: 0.5623 | Dice: 0.4737 | softDice: 0.4200 | clDice: 0.5295 | softclDice: 0.5080 | IoU: 0.3107 | Tversky: 0.4737 | Hausdorff: 227.0034 | HD95: 41.9308 | LR: 0.001000
2025-08-17 02:44:01 INFO Epoch 019 | Train Loss: 0.3692 | Val Loss: 0.5640 | Dice: 0.4849 | softDice: 0.4412 | clDice: 0.5427 | softclDice: 0.4848 | IoU: 0.3204 | Tversky: 0.4849 | Hausdorff: 226.9296 | HD95: 38.3230 | LR: 0.001000
2025-08-17 02:46:45 INFO Epoch 020 | Train Loss: 0.3679 | Val Loss: 0.5636 | Dice: 0.4719 | softDice: 0.4285 | clDice: 0.5211 | softclDice: 0.5093 | IoU: 0.3092 | Tversky: 0.4719 | Hausdorff: 216.6952 | HD95: 45.6225 | LR: 0.000500
2025-08-17 02:49:31 INFO Epoch 021 | Train Loss: 0.3648 | Val Loss: 0.5620 | Dice: 0.4738 | softDice: 0.4296 | clDice: 0.5228 | softclDice: 0.5086 | IoU: 0.3107 | Tversky: 0.4738 | Hausdorff: 269.2847 | HD95: 42.0129 | LR: 0.000500
2025-08-17 02:52:14 INFO Epoch 022 | Train Loss: 0.3650 | Val Loss: 0.5621 | Dice: 0.4772 | softDice: 0.4285 | clDice: 0.5280 | softclDice: 0.5047 | IoU: 0.3137 | Tversky: 0.4772 | Hausdorff: 362.4143 | HD95: 38.5188 | LR: 0.000500
2025-08-17 02:55:02 INFO Epoch 023 | Train Loss: 0.3607 | Val Loss: 0.5631 | Dice: 0.4831 | softDice: 0.4355 | clDice: 0.5385 | softclDice: 0.4954 | IoU: 0.3189 | Tversky: 0.4831 | Hausdorff: 290.3714 | HD95: 37.0533 | LR: 0.000500
2025-08-17 02:57:50 INFO Epoch 024 | Train Loss: 0.3602 | Val Loss: 0.5615 | Dice: 0.4744 | softDice: 0.4290 | clDice: 0.5227 | softclDice: 0.5078 | IoU: 0.3113 | Tversky: 0.4744 | Hausdorff: 284.7784 | HD95: 46.7362 | LR: 0.000500
2025-08-17 03:00:35 INFO Epoch 025 | Train Loss: 0.3597 | Val Loss: 0.5621 | Dice: 0.4743 | softDice: 0.4296 | clDice: 0.5211 | softclDice: 0.5066 | IoU: 0.3113 | Tversky: 0.4743 | Hausdorff: 211.2562 | HD95: 41.2669 | LR: 0.000500
2025-08-17 03:03:25 INFO Epoch 026 | Train Loss: 0.3576 | Val Loss: 0.5626 | Dice: 0.4838 | softDice: 0.4394 | clDice: 0.5347 | softclDice: 0.4944 | IoU: 0.3194 | Tversky: 0.4838 | Hausdorff: 211.7430 | HD95: 38.1447 | LR: 0.000250
2025-08-17 03:06:13 INFO Epoch 027 | Train Loss: 0.3563 | Val Loss: 0.5624 | Dice: 0.4827 | softDice: 0.4390 | clDice: 0.5320 | softclDice: 0.4956 | IoU: 0.3185 | Tversky: 0.4827 | Hausdorff: 209.5742 | HD95: 38.6773 | LR: 0.000250
2025-08-17 03:09:00 INFO Epoch 028 | Train Loss: 0.3537 | Val Loss: 0.5623 | Dice: 0.4845 | softDice: 0.4383 | clDice: 0.5394 | softclDice: 0.4914 | IoU: 0.3201 | Tversky: 0.4845 | Hausdorff: 210.0801 | HD95: 37.3518 | LR: 0.000250
2025-08-17 03:11:49 INFO Epoch 029 | Train Loss: 0.3551 | Val Loss: 0.5637 | Dice: 0.4857 | softDice: 0.4414 | clDice: 0.5391 | softclDice: 0.4884 | IoU: 0.3211 | Tversky: 0.4857 | Hausdorff: 272.4961 | HD95: 35.7407 | LR: 0.000250
2025-08-17 03:14:36 INFO Epoch 030 | Train Loss: 0.3537 | Val Loss: 0.5629 | Dice: 0.4783 | softDice: 0.4343 | clDice: 0.5273 | softclDice: 0.5002 | IoU: 0.3147 | Tversky: 0.4783 | Hausdorff: 276.2245 | HD95: 38.8687 | LR: 0.000250
2025-08-17 03:17:25 INFO Epoch 031 | Train Loss: 0.3517 | Val Loss: 0.5643 | Dice: 0.4828 | softDice: 0.4397 | clDice: 0.5336 | softclDice: 0.4939 | IoU: 0.3185 | Tversky: 0.4828 | Hausdorff: 277.7716 | HD95: 33.6598 | LR: 0.000250
2025-08-17 03:20:13 INFO Epoch 032 | Train Loss: 0.3511 | Val Loss: 0.5633 | Dice: 0.4771 | softDice: 0.4349 | clDice: 0.5252 | softclDice: 0.5024 | IoU: 0.3136 | Tversky: 0.4771 | Hausdorff: 266.7147 | HD95: 38.1526 | LR: 0.000125
2025-08-17 03:23:04 INFO Epoch 033 | Train Loss: 0.3482 | Val Loss: 0.5634 | Dice: 0.4845 | softDice: 0.4418 | clDice: 0.5343 | softclDice: 0.4929 | IoU: 0.3200 | Tversky: 0.4845 | Hausdorff: 274.9822 | HD95: 37.4129 | LR: 0.000125
2025-08-17 03:25:54 INFO Epoch 034 | Train Loss: 0.3487 | Val Loss: 0.5643 | Dice: 0.4816 | softDice: 0.4392 | clDice: 0.5302 | softclDice: 0.4980 | IoU: 0.3174 | Tversky: 0.4816 | Hausdorff: 317.9055 | HD95: 34.9666 | LR: 0.000125
2025-08-17 03:28:39 INFO Epoch 035 | Train Loss: 0.3475 | Val Loss: 0.5642 | Dice: 0.4763 | softDice: 0.4368 | clDice: 0.5222 | softclDice: 0.5027 | IoU: 0.3129 | Tversky: 0.4763 | Hausdorff: 275.5263 | HD95: 39.7120 | LR: 0.000125
2025-08-17 03:31:28 INFO Epoch 036 | Train Loss: 0.3462 | Val Loss: 0.5653 | Dice: 0.4831 | softDice: 0.4431 | clDice: 0.5315 | softclDice: 0.4928 | IoU: 0.3188 | Tversky: 0.4831 | Hausdorff: 276.3759 | HD95: 33.6039 | LR: 0.000125
2025-08-17 03:34:17 INFO Epoch 037 | Train Loss: 0.3458 | Val Loss: 0.5634 | Dice: 0.4794 | softDice: 0.4375 | clDice: 0.5259 | softclDice: 0.5016 | IoU: 0.3156 | Tversky: 0.4794 | Hausdorff: 278.6572 | HD95: 36.0460 | LR: 0.000125
2025-08-17 03:37:04 INFO Epoch 038 | Train Loss: 0.3457 | Val Loss: 0.5647 | Dice: 0.4801 | softDice: 0.4386 | clDice: 0.5277 | softclDice: 0.4993 | IoU: 0.3162 | Tversky: 0.4801 | Hausdorff: 280.1351 | HD95: 33.8421 | LR: 0.000063
2025-08-17 03:39:53 INFO Epoch 039 | Train Loss: 0.3451 | Val Loss: 0.5643 | Dice: 0.4791 | softDice: 0.4380 | clDice: 0.5245 | softclDice: 0.5015 | IoU: 0.3153 | Tversky: 0.4791 | Hausdorff: 276.9013 | HD95: 34.6999 | LR: 0.000063
2025-08-17 03:42:40 INFO Epoch 040 | Train Loss: 0.3415 | Val Loss: 0.5649 | Dice: 0.4795 | softDice: 0.4399 | clDice: 0.5260 | softclDice: 0.4985 | IoU: 0.3156 | Tversky: 0.4795 | Hausdorff: 276.9221 | HD95: 35.9042 | LR: 0.000063
2025-08-17 03:45:30 INFO Epoch 041 | Train Loss: 0.3418 | Val Loss: 0.5665 | Dice: 0.4745 | softDice: 0.4356 | clDice: 0.5185 | softclDice: 0.5050 | IoU: 0.3114 | Tversky: 0.4745 | Hausdorff: 278.1533 | HD95: 36.7847 | LR: 0.000063
2025-08-17 03:48:18 INFO Epoch 042 | Train Loss: 0.3414 | Val Loss: 0.5664 | Dice: 0.4758 | softDice: 0.4372 | clDice: 0.5200 | softclDice: 0.5037 | IoU: 0.3126 | Tversky: 0.4758 | Hausdorff: 282.1047 | HD95: 34.8056 | LR: 0.000063
2025-08-17 03:51:04 INFO Epoch 043 | Train Loss: 0.3411 | Val Loss: 0.5660 | Dice: 0.4728 | softDice: 0.4343 | clDice: 0.5163 | softclDice: 0.5076 | IoU: 0.3099 | Tversky: 0.4728 | Hausdorff: 283.0715 | HD95: 37.2360 | LR: 0.000063
2025-08-17 03:53:51 INFO Epoch 044 | Train Loss: 0.3388 | Val Loss: 0.5661 | Dice: 0.4778 | softDice: 0.4384 | clDice: 0.5214 | softclDice: 0.5034 | IoU: 0.3142 | Tversky: 0.4778 | Hausdorff: 280.2349 | HD95: 36.1270 | LR: 0.000031
2025-08-17 03:56:36 INFO Epoch 045 | Train Loss: 0.3402 | Val Loss: 0.5661 | Dice: 0.4779 | softDice: 0.4380 | clDice: 0.5232 | softclDice: 0.5023 | IoU: 0.3143 | Tversky: 0.4779 | Hausdorff: 272.6675 | HD95: 34.3840 | LR: 0.000031
2025-08-17 03:59:25 INFO Epoch 046 | Train Loss: 0.3384 | Val Loss: 0.5662 | Dice: 0.4760 | softDice: 0.4372 | clDice: 0.5200 | softclDice: 0.5043 | IoU: 0.3127 | Tversky: 0.4760 | Hausdorff: 280.9722 | HD95: 35.7559 | LR: 0.000031
2025-08-17 04:02:14 INFO Epoch 047 | Train Loss: 0.3381 | Val Loss: 0.5664 | Dice: 0.4730 | softDice: 0.4352 | clDice: 0.5147 | softclDice: 0.5087 | IoU: 0.3100 | Tversky: 0.4730 | Hausdorff: 277.9381 | HD95: 36.4437 | LR: 0.000031
2025-08-17 04:04:59 INFO Epoch 048 | Train Loss: 0.3359 | Val Loss: 0.5668 | Dice: 0.4750 | softDice: 0.4360 | clDice: 0.5191 | softclDice: 0.5055 | IoU: 0.3118 | Tversky: 0.4750 | Hausdorff: 282.7422 | HD95: 35.1139 | LR: 0.000031
2025-08-17 04:07:47 INFO Epoch 049 | Train Loss: 0.3369 | Val Loss: 0.5670 | Dice: 0.4755 | softDice: 0.4375 | clDice: 0.5185 | softclDice: 0.5051 | IoU: 0.3122 | Tversky: 0.4755 | Hausdorff: 277.9071 | HD95: 34.3711 | LR: 0.000031
2025-08-17 04:10:33 INFO Epoch 050 | Train Loss: 0.3347 | Val Loss: 0.5669 | Dice: 0.4741 | softDice: 0.4367 | clDice: 0.5166 | softclDice: 0.5071 | IoU: 0.3110 | Tversky: 0.4741 | Hausdorff: 277.6410 | HD95: 35.6087 | LR: 0.000016
2025-08-17 04:10:33 INFO Training completed.
2025-08-17 04:11:14 INFO Fold 5 results: Dice: 0.4774 | softDice: 0.4254 | clDice: 0.5312 | softclDice: 0.5032 | IoU: 0.3139 | Tversky: 0.4774 | Hausdorff: 231.0509 | HD95: 46.8674
2025-08-17 04:11:14 INFO ===== Cross-validation results =====
2025-08-17 04:11:14 INFO Dice: 0.4715 | softDice: 0.4193 | clDice: 0.5179 | softclDice: 0.5171 | IoU: 0.3091 | Tversky: 0.4715 | Hausdorff: 257.8381 | HD95: 46.2902
