2025-08-16 21:06:55 INFO Starting training with configuration: {'model': {'name': 'unet', 'encoder_name': 'timm-efficientnet-b0', 'encoder_weights': 'imagenet', 'classes': 1, 'activation': None, 'dropout': 0.2}, 'dataset': {'root': '/data/smadper@alumno.upv.es/TFM/datasets/laticifers', 'patch_size': [512, 512], 'stride': [256, 256], 'num_patches': 50, 'num_workers': 8, 'positive_ratio': 0.8, 'fg_threshold': 0.04, 'feature_dirs': {'image': '/data/smadper@alumno.upv.es/TFM/datasets/laticifers/enhanced_images', 'mask': '/data/smadper@alumno.upv.es/TFM/datasets/laticifers/masks', 'distance': '/data/smadper@alumno.upv.es/TFM/datasets/laticifers/distance_maps_pt'}}, 'train': {'batch_size': 32, 'num_epochs': 50, 'learning_rate': 0.001, 'accumulation_steps': 1, 'save_dir': '/data/smadper@alumno.upv.es/TFM/checkpoints_cv2/unet/20250816_210655_unet_timm-efficientnet-b0_bce0.5_dice0.5', 'log_interval': 1, 'patience': 100, 'mixed_precision': True, 'experiment_name': 'unet_timm-efficientnet-b0_bce0.5_dice0.5', 'timestamp': '20250816_210655'}, 'test': {'batch_size': 1}, 'loss': {'name': 'bce', 'cldice_alpha': 0.5, 'use_topographic': False, 'combine_with': 'dice', 'weights': {'main': 0.5, 'combined': 0.5}, 'topo': {'alpha': 2.0, 'beta': 1.0}}}
2025-08-16 21:06:55 INFO Experiment name: unet_timm-efficientnet-b0_bce0.5_dice0.5
2025-08-16 21:06:55 INFO ===== Fold 1 / 5 =====
2025-08-16 21:06:55 INFO Loading model unet with settings {'name': 'unet', 'encoder_name': 'timm-efficientnet-b0', 'encoder_weights': 'imagenet', 'classes': 1, 'activation': None, 'dropout': 0.2}
2025-08-16 21:08:31 INFO Epoch 001 | Train Loss: 0.4912 | Val Loss: 0.5769 | Dice: 0.4377 | softDice: 0.3526 | clDice: 0.5018 | softclDice: 0.6647 | IoU: 0.2803 | Tversky: 0.4377 | Hausdorff: 224.2424 | HD95: 51.0159 | LR: 0.001000
2025-08-16 21:10:00 INFO Epoch 002 | Train Loss: 0.4009 | Val Loss: 0.5603 | Dice: 0.4435 | softDice: 0.3741 | clDice: 0.4836 | softclDice: 0.5854 | IoU: 0.2853 | Tversky: 0.4435 | Hausdorff: 381.5449 | HD95: 51.4394 | LR: 0.001000
2025-08-16 21:11:29 INFO Epoch 003 | Train Loss: 0.3902 | Val Loss: 0.5651 | Dice: 0.4644 | softDice: 0.4012 | clDice: 0.5157 | softclDice: 0.5477 | IoU: 0.3026 | Tversky: 0.4644 | Hausdorff: 236.2254 | HD95: 39.6129 | LR: 0.001000
2025-08-16 21:12:59 INFO Epoch 004 | Train Loss: 0.3844 | Val Loss: 0.5688 | Dice: 0.4643 | softDice: 0.4137 | clDice: 0.5207 | softclDice: 0.5260 | IoU: 0.3026 | Tversky: 0.4643 | Hausdorff: 382.4553 | HD95: 35.5726 | LR: 0.001000
2025-08-16 21:14:32 INFO Epoch 005 | Train Loss: 0.3782 | Val Loss: 0.5649 | Dice: 0.4627 | softDice: 0.4103 | clDice: 0.5097 | softclDice: 0.5361 | IoU: 0.3012 | Tversky: 0.4627 | Hausdorff: 235.5436 | HD95: 38.4243 | LR: 0.001000
2025-08-16 21:16:02 INFO Epoch 006 | Train Loss: 0.3754 | Val Loss: 0.5673 | Dice: 0.4674 | softDice: 0.4199 | clDice: 0.5247 | softclDice: 0.5163 | IoU: 0.3053 | Tversky: 0.4674 | Hausdorff: 237.7374 | HD95: 38.6658 | LR: 0.001000
2025-08-16 21:17:33 INFO Epoch 007 | Train Loss: 0.3750 | Val Loss: 0.5646 | Dice: 0.4732 | softDice: 0.4189 | clDice: 0.5243 | softclDice: 0.5188 | IoU: 0.3102 | Tversky: 0.4732 | Hausdorff: 406.1220 | HD95: 39.2787 | LR: 0.001000
2025-08-16 21:19:02 INFO Epoch 008 | Train Loss: 0.3707 | Val Loss: 0.5614 | Dice: 0.4662 | softDice: 0.4133 | clDice: 0.5157 | softclDice: 0.5238 | IoU: 0.3043 | Tversky: 0.4662 | Hausdorff: 240.3616 | HD95: 36.2095 | LR: 0.000500
2025-08-16 21:20:33 INFO Epoch 009 | Train Loss: 0.3716 | Val Loss: 0.5599 | Dice: 0.4718 | softDice: 0.4201 | clDice: 0.5182 | softclDice: 0.5209 | IoU: 0.3091 | Tversky: 0.4718 | Hausdorff: 221.1846 | HD95: 35.3222 | LR: 0.000500
2025-08-16 21:22:02 INFO Epoch 010 | Train Loss: 0.3668 | Val Loss: 0.5613 | Dice: 0.4688 | softDice: 0.4187 | clDice: 0.5159 | softclDice: 0.5232 | IoU: 0.3065 | Tversky: 0.4688 | Hausdorff: 220.9871 | HD95: 36.2525 | LR: 0.000500
2025-08-16 21:23:33 INFO Epoch 011 | Train Loss: 0.3638 | Val Loss: 0.5604 | Dice: 0.4781 | softDice: 0.4273 | clDice: 0.5283 | softclDice: 0.5103 | IoU: 0.3145 | Tversky: 0.4781 | Hausdorff: 220.9581 | HD95: 36.4005 | LR: 0.000500
2025-08-16 21:25:03 INFO Epoch 012 | Train Loss: 0.3629 | Val Loss: 0.5611 | Dice: 0.4700 | softDice: 0.4200 | clDice: 0.5150 | softclDice: 0.5216 | IoU: 0.3075 | Tversky: 0.4700 | Hausdorff: 214.6212 | HD95: 31.8179 | LR: 0.000500
2025-08-16 21:26:32 INFO Epoch 013 | Train Loss: 0.3601 | Val Loss: 0.5599 | Dice: 0.4589 | softDice: 0.4146 | clDice: 0.4954 | softclDice: 0.5379 | IoU: 0.2981 | Tversky: 0.4589 | Hausdorff: 233.1996 | HD95: 39.5837 | LR: 0.000500
2025-08-16 21:28:01 INFO Epoch 014 | Train Loss: 0.3619 | Val Loss: 0.5602 | Dice: 0.4754 | softDice: 0.4250 | clDice: 0.5235 | softclDice: 0.5119 | IoU: 0.3122 | Tversky: 0.4754 | Hausdorff: 246.0296 | HD95: 38.9517 | LR: 0.000500
2025-08-16 21:29:31 INFO Epoch 015 | Train Loss: 0.3587 | Val Loss: 0.5618 | Dice: 0.4678 | softDice: 0.4217 | clDice: 0.5097 | softclDice: 0.5237 | IoU: 0.3057 | Tversky: 0.4678 | Hausdorff: 235.6214 | HD95: 36.5749 | LR: 0.000250
2025-08-16 21:31:01 INFO Epoch 016 | Train Loss: 0.3559 | Val Loss: 0.5615 | Dice: 0.4658 | softDice: 0.4190 | clDice: 0.5051 | softclDice: 0.5266 | IoU: 0.3041 | Tversky: 0.4658 | Hausdorff: 219.9915 | HD95: 33.9293 | LR: 0.000250
2025-08-16 21:32:30 INFO Epoch 017 | Train Loss: 0.3528 | Val Loss: 0.5622 | Dice: 0.4623 | softDice: 0.4203 | clDice: 0.5004 | softclDice: 0.5295 | IoU: 0.3011 | Tversky: 0.4623 | Hausdorff: 219.5509 | HD95: 35.5521 | LR: 0.000250
2025-08-16 21:33:58 INFO Epoch 018 | Train Loss: 0.3535 | Val Loss: 0.5632 | Dice: 0.4674 | softDice: 0.4236 | clDice: 0.5081 | softclDice: 0.5232 | IoU: 0.3053 | Tversky: 0.4674 | Hausdorff: 214.2070 | HD95: 33.0461 | LR: 0.000250
2025-08-16 21:35:28 INFO Epoch 019 | Train Loss: 0.3491 | Val Loss: 0.5645 | Dice: 0.4654 | softDice: 0.4241 | clDice: 0.5072 | softclDice: 0.5230 | IoU: 0.3037 | Tversky: 0.4654 | Hausdorff: 232.8764 | HD95: 34.9849 | LR: 0.000250
2025-08-16 21:36:57 INFO Epoch 020 | Train Loss: 0.3455 | Val Loss: 0.5653 | Dice: 0.4635 | softDice: 0.4236 | clDice: 0.5025 | softclDice: 0.5267 | IoU: 0.3022 | Tversky: 0.4635 | Hausdorff: 231.0506 | HD95: 34.8297 | LR: 0.000250
2025-08-16 21:38:25 INFO Epoch 021 | Train Loss: 0.3440 | Val Loss: 0.5625 | Dice: 0.4656 | softDice: 0.4222 | clDice: 0.5050 | softclDice: 0.5262 | IoU: 0.3037 | Tversky: 0.4656 | Hausdorff: 233.4456 | HD95: 35.9914 | LR: 0.000125
2025-08-16 21:39:52 INFO Epoch 022 | Train Loss: 0.3448 | Val Loss: 0.5657 | Dice: 0.4566 | softDice: 0.4172 | clDice: 0.4932 | softclDice: 0.5342 | IoU: 0.2963 | Tversky: 0.4566 | Hausdorff: 222.7860 | HD95: 35.3809 | LR: 0.000125
2025-08-16 21:41:19 INFO Epoch 023 | Train Loss: 0.3392 | Val Loss: 0.5655 | Dice: 0.4596 | softDice: 0.4191 | clDice: 0.4956 | softclDice: 0.5325 | IoU: 0.2987 | Tversky: 0.4596 | Hausdorff: 235.4920 | HD95: 36.3129 | LR: 0.000125
2025-08-16 21:42:48 INFO Epoch 024 | Train Loss: 0.3379 | Val Loss: 0.5654 | Dice: 0.4594 | softDice: 0.4194 | clDice: 0.4974 | softclDice: 0.5312 | IoU: 0.2985 | Tversky: 0.4594 | Hausdorff: 231.1245 | HD95: 35.6446 | LR: 0.000125
2025-08-16 21:44:16 INFO Epoch 025 | Train Loss: 0.3386 | Val Loss: 0.5661 | Dice: 0.4556 | softDice: 0.4168 | clDice: 0.4910 | softclDice: 0.5348 | IoU: 0.2953 | Tversky: 0.4556 | Hausdorff: 235.1808 | HD95: 35.6699 | LR: 0.000125
2025-08-16 21:45:45 INFO Epoch 026 | Train Loss: 0.3376 | Val Loss: 0.5672 | Dice: 0.4616 | softDice: 0.4246 | clDice: 0.4986 | softclDice: 0.5268 | IoU: 0.3004 | Tversky: 0.4616 | Hausdorff: 232.5713 | HD95: 35.4709 | LR: 0.000125
2025-08-16 21:47:15 INFO Epoch 027 | Train Loss: 0.3356 | Val Loss: 0.5666 | Dice: 0.4541 | softDice: 0.4175 | clDice: 0.4869 | softclDice: 0.5376 | IoU: 0.2940 | Tversky: 0.4541 | Hausdorff: 224.6642 | HD95: 35.6146 | LR: 0.000063
2025-08-16 21:48:46 INFO Epoch 028 | Train Loss: 0.3346 | Val Loss: 0.5680 | Dice: 0.4538 | softDice: 0.4183 | clDice: 0.4883 | softclDice: 0.5368 | IoU: 0.2939 | Tversky: 0.4538 | Hausdorff: 230.6408 | HD95: 35.7722 | LR: 0.000063
2025-08-16 21:50:14 INFO Epoch 029 | Train Loss: 0.3338 | Val Loss: 0.5680 | Dice: 0.4572 | softDice: 0.4214 | clDice: 0.4921 | softclDice: 0.5319 | IoU: 0.2967 | Tversky: 0.4572 | Hausdorff: 220.9524 | HD95: 35.6784 | LR: 0.000063
2025-08-16 21:51:43 INFO Epoch 030 | Train Loss: 0.3321 | Val Loss: 0.5675 | Dice: 0.4578 | softDice: 0.4203 | clDice: 0.4930 | softclDice: 0.5328 | IoU: 0.2972 | Tversky: 0.4578 | Hausdorff: 230.9408 | HD95: 34.1207 | LR: 0.000063
2025-08-16 21:53:10 INFO Epoch 031 | Train Loss: 0.3334 | Val Loss: 0.5685 | Dice: 0.4551 | softDice: 0.4184 | clDice: 0.4883 | softclDice: 0.5367 | IoU: 0.2949 | Tversky: 0.4551 | Hausdorff: 220.8873 | HD95: 33.2694 | LR: 0.000063
2025-08-16 21:54:39 INFO Epoch 032 | Train Loss: 0.3307 | Val Loss: 0.5677 | Dice: 0.4559 | softDice: 0.4198 | clDice: 0.4903 | softclDice: 0.5343 | IoU: 0.2956 | Tversky: 0.4559 | Hausdorff: 221.8691 | HD95: 34.7198 | LR: 0.000063
2025-08-16 21:56:07 INFO Epoch 033 | Train Loss: 0.3291 | Val Loss: 0.5685 | Dice: 0.4556 | softDice: 0.4198 | clDice: 0.4893 | softclDice: 0.5351 | IoU: 0.2953 | Tversky: 0.4556 | Hausdorff: 221.6925 | HD95: 34.3434 | LR: 0.000031
2025-08-16 21:57:36 INFO Epoch 034 | Train Loss: 0.3293 | Val Loss: 0.5688 | Dice: 0.4541 | softDice: 0.4194 | clDice: 0.4867 | softclDice: 0.5373 | IoU: 0.2941 | Tversky: 0.4541 | Hausdorff: 221.1701 | HD95: 34.3049 | LR: 0.000031
2025-08-16 21:59:06 INFO Epoch 035 | Train Loss: 0.3283 | Val Loss: 0.5686 | Dice: 0.4573 | softDice: 0.4226 | clDice: 0.4927 | softclDice: 0.5320 | IoU: 0.2968 | Tversky: 0.4573 | Hausdorff: 220.7504 | HD95: 34.5681 | LR: 0.000031
2025-08-16 22:00:34 INFO Epoch 036 | Train Loss: 0.3266 | Val Loss: 0.5689 | Dice: 0.4540 | softDice: 0.4191 | clDice: 0.4873 | softclDice: 0.5374 | IoU: 0.2940 | Tversky: 0.4540 | Hausdorff: 225.6137 | HD95: 34.5537 | LR: 0.000031
2025-08-16 22:02:04 INFO Epoch 037 | Train Loss: 0.3269 | Val Loss: 0.5688 | Dice: 0.4555 | softDice: 0.4200 | clDice: 0.4897 | softclDice: 0.5355 | IoU: 0.2952 | Tversky: 0.4555 | Hausdorff: 224.5344 | HD95: 34.3322 | LR: 0.000031
2025-08-16 22:03:31 INFO Epoch 038 | Train Loss: 0.3276 | Val Loss: 0.5691 | Dice: 0.4553 | softDice: 0.4198 | clDice: 0.4890 | softclDice: 0.5357 | IoU: 0.2951 | Tversky: 0.4553 | Hausdorff: 229.6734 | HD95: 34.2103 | LR: 0.000031
2025-08-16 22:05:00 INFO Epoch 039 | Train Loss: 0.3272 | Val Loss: 0.5687 | Dice: 0.4547 | softDice: 0.4194 | clDice: 0.4875 | softclDice: 0.5364 | IoU: 0.2946 | Tversky: 0.4547 | Hausdorff: 225.4812 | HD95: 34.5878 | LR: 0.000016
2025-08-16 22:06:29 INFO Epoch 040 | Train Loss: 0.3265 | Val Loss: 0.5694 | Dice: 0.4544 | softDice: 0.4202 | clDice: 0.4883 | softclDice: 0.5353 | IoU: 0.2943 | Tversky: 0.4544 | Hausdorff: 221.4245 | HD95: 34.8338 | LR: 0.000016
2025-08-16 22:07:56 INFO Epoch 041 | Train Loss: 0.3250 | Val Loss: 0.5696 | Dice: 0.4551 | softDice: 0.4204 | clDice: 0.4898 | softclDice: 0.5346 | IoU: 0.2949 | Tversky: 0.4551 | Hausdorff: 221.8991 | HD95: 34.5379 | LR: 0.000016
2025-08-16 22:09:25 INFO Epoch 042 | Train Loss: 0.3259 | Val Loss: 0.5694 | Dice: 0.4545 | softDice: 0.4193 | clDice: 0.4892 | softclDice: 0.5361 | IoU: 0.2944 | Tversky: 0.4545 | Hausdorff: 222.1412 | HD95: 34.3515 | LR: 0.000016
2025-08-16 22:10:53 INFO Epoch 043 | Train Loss: 0.3287 | Val Loss: 0.5697 | Dice: 0.4556 | softDice: 0.4201 | clDice: 0.4896 | softclDice: 0.5349 | IoU: 0.2953 | Tversky: 0.4556 | Hausdorff: 230.7586 | HD95: 33.7269 | LR: 0.000016
2025-08-16 22:12:20 INFO Epoch 044 | Train Loss: 0.3254 | Val Loss: 0.5692 | Dice: 0.4532 | softDice: 0.4200 | clDice: 0.4864 | softclDice: 0.5364 | IoU: 0.2933 | Tversky: 0.4532 | Hausdorff: 220.8127 | HD95: 34.7134 | LR: 0.000016
2025-08-16 22:13:52 INFO Epoch 045 | Train Loss: 0.3268 | Val Loss: 0.5694 | Dice: 0.4530 | softDice: 0.4189 | clDice: 0.4862 | softclDice: 0.5368 | IoU: 0.2931 | Tversky: 0.4530 | Hausdorff: 221.4602 | HD95: 34.9258 | LR: 0.000008
2025-08-16 22:15:20 INFO Epoch 046 | Train Loss: 0.3243 | Val Loss: 0.5696 | Dice: 0.4535 | softDice: 0.4198 | clDice: 0.4876 | softclDice: 0.5352 | IoU: 0.2935 | Tversky: 0.4535 | Hausdorff: 220.8137 | HD95: 34.6988 | LR: 0.000008
2025-08-16 22:16:48 INFO Epoch 047 | Train Loss: 0.3242 | Val Loss: 0.5700 | Dice: 0.4534 | softDice: 0.4192 | clDice: 0.4871 | softclDice: 0.5371 | IoU: 0.2935 | Tversky: 0.4534 | Hausdorff: 221.7438 | HD95: 34.2250 | LR: 0.000008
2025-08-16 22:18:16 INFO Epoch 048 | Train Loss: 0.3237 | Val Loss: 0.5699 | Dice: 0.4515 | softDice: 0.4178 | clDice: 0.4840 | softclDice: 0.5389 | IoU: 0.2919 | Tversky: 0.4515 | Hausdorff: 221.5329 | HD95: 34.1136 | LR: 0.000008
2025-08-16 22:19:42 INFO Epoch 049 | Train Loss: 0.3247 | Val Loss: 0.5696 | Dice: 0.4529 | softDice: 0.4196 | clDice: 0.4851 | softclDice: 0.5369 | IoU: 0.2930 | Tversky: 0.4529 | Hausdorff: 221.1735 | HD95: 34.5158 | LR: 0.000008
2025-08-16 22:21:14 INFO Epoch 050 | Train Loss: 0.3250 | Val Loss: 0.5699 | Dice: 0.4546 | softDice: 0.4202 | clDice: 0.4885 | softclDice: 0.5351 | IoU: 0.2945 | Tversky: 0.4546 | Hausdorff: 225.4075 | HD95: 33.9025 | LR: 0.000008
2025-08-16 22:21:14 INFO Training completed.
2025-08-16 22:21:37 INFO Fold 1 results: Dice: 0.4589 | softDice: 0.4146 | clDice: 0.4954 | softclDice: 0.5379 | IoU: 0.2981 | Tversky: 0.4589 | Hausdorff: 233.1996 | HD95: 39.5837
2025-08-16 22:21:37 INFO ===== Fold 2 / 5 =====
2025-08-16 22:21:37 INFO Loading model unet with settings {'name': 'unet', 'encoder_name': 'timm-efficientnet-b0', 'encoder_weights': 'imagenet', 'classes': 1, 'activation': None, 'dropout': 0.2}
2025-08-16 22:23:09 INFO Epoch 001 | Train Loss: 0.5946 | Val Loss: 0.6027 | Dice: 0.4356 | softDice: 0.2804 | clDice: 0.4899 | softclDice: 0.7568 | IoU: 0.2788 | Tversky: 0.4356 | Hausdorff: 297.5104 | HD95: 56.4694 | LR: 0.001000
2025-08-16 22:24:41 INFO Epoch 002 | Train Loss: 0.4215 | Val Loss: 0.5675 | Dice: 0.4442 | softDice: 0.3634 | clDice: 0.4799 | softclDice: 0.5986 | IoU: 0.2860 | Tversky: 0.4442 | Hausdorff: 263.6801 | HD95: 42.9996 | LR: 0.001000
2025-08-16 22:26:12 INFO Epoch 003 | Train Loss: 0.3927 | Val Loss: 0.5678 | Dice: 0.4695 | softDice: 0.3997 | clDice: 0.5130 | softclDice: 0.5518 | IoU: 0.3071 | Tversky: 0.4695 | Hausdorff: 298.2284 | HD95: 35.3879 | LR: 0.001000
2025-08-16 22:27:46 INFO Epoch 004 | Train Loss: 0.3859 | Val Loss: 0.5691 | Dice: 0.4767 | softDice: 0.4175 | clDice: 0.5249 | softclDice: 0.5311 | IoU: 0.3134 | Tversky: 0.4767 | Hausdorff: 280.1906 | HD95: 32.7025 | LR: 0.001000
2025-08-16 22:29:15 INFO Epoch 005 | Train Loss: 0.3807 | Val Loss: 0.5680 | Dice: 0.4730 | softDice: 0.4192 | clDice: 0.5145 | softclDice: 0.5272 | IoU: 0.3101 | Tversky: 0.4730 | Hausdorff: 293.1993 | HD95: 34.3316 | LR: 0.001000
2025-08-16 22:30:44 INFO Epoch 006 | Train Loss: 0.3781 | Val Loss: 0.5646 | Dice: 0.4696 | softDice: 0.4130 | clDice: 0.5092 | softclDice: 0.5348 | IoU: 0.3074 | Tversky: 0.4696 | Hausdorff: 286.6869 | HD95: 35.2297 | LR: 0.001000
2025-08-16 22:32:18 INFO Epoch 007 | Train Loss: 0.3742 | Val Loss: 0.5690 | Dice: 0.4791 | softDice: 0.4292 | clDice: 0.5214 | softclDice: 0.5150 | IoU: 0.3155 | Tversky: 0.4791 | Hausdorff: 276.3714 | HD95: 30.5400 | LR: 0.001000
2025-08-16 22:33:49 INFO Epoch 008 | Train Loss: 0.3715 | Val Loss: 0.5706 | Dice: 0.4812 | softDice: 0.4297 | clDice: 0.5322 | softclDice: 0.5047 | IoU: 0.3172 | Tversky: 0.4812 | Hausdorff: 281.5495 | HD95: 34.2316 | LR: 0.001000
2025-08-16 22:35:20 INFO Epoch 009 | Train Loss: 0.3715 | Val Loss: 0.5708 | Dice: 0.4765 | softDice: 0.4301 | clDice: 0.5218 | softclDice: 0.5121 | IoU: 0.3131 | Tversky: 0.4765 | Hausdorff: 276.7907 | HD95: 30.2856 | LR: 0.001000
2025-08-16 22:36:52 INFO Epoch 010 | Train Loss: 0.3694 | Val Loss: 0.5692 | Dice: 0.4805 | softDice: 0.4317 | clDice: 0.5260 | softclDice: 0.5094 | IoU: 0.3166 | Tversky: 0.4805 | Hausdorff: 288.8969 | HD95: 34.5656 | LR: 0.001000
2025-08-16 22:38:21 INFO Epoch 011 | Train Loss: 0.3658 | Val Loss: 0.5740 | Dice: 0.4721 | softDice: 0.4313 | clDice: 0.5154 | softclDice: 0.5162 | IoU: 0.3092 | Tversky: 0.4721 | Hausdorff: 278.3214 | HD95: 32.3247 | LR: 0.001000
2025-08-16 22:39:53 INFO Epoch 012 | Train Loss: 0.3662 | Val Loss: 0.5677 | Dice: 0.4813 | softDice: 0.4282 | clDice: 0.5256 | softclDice: 0.5148 | IoU: 0.3173 | Tversky: 0.4813 | Hausdorff: 288.9169 | HD95: 29.6563 | LR: 0.000500
2025-08-16 22:41:23 INFO Epoch 013 | Train Loss: 0.3610 | Val Loss: 0.5687 | Dice: 0.4668 | softDice: 0.4211 | clDice: 0.5038 | softclDice: 0.5297 | IoU: 0.3048 | Tversky: 0.4668 | Hausdorff: 281.0855 | HD95: 32.1574 | LR: 0.000500
2025-08-16 22:42:54 INFO Epoch 014 | Train Loss: 0.3575 | Val Loss: 0.5689 | Dice: 0.4759 | softDice: 0.4299 | clDice: 0.5185 | softclDice: 0.5160 | IoU: 0.3126 | Tversky: 0.4759 | Hausdorff: 303.1453 | HD95: 32.0848 | LR: 0.000500
2025-08-16 22:44:26 INFO Epoch 015 | Train Loss: 0.3549 | Val Loss: 0.5706 | Dice: 0.4704 | softDice: 0.4269 | clDice: 0.5100 | softclDice: 0.5206 | IoU: 0.3079 | Tversky: 0.4704 | Hausdorff: 279.0999 | HD95: 31.9529 | LR: 0.000500
2025-08-16 22:45:54 INFO Epoch 016 | Train Loss: 0.3565 | Val Loss: 0.5730 | Dice: 0.4737 | softDice: 0.4343 | clDice: 0.5136 | softclDice: 0.5145 | IoU: 0.3108 | Tversky: 0.4737 | Hausdorff: 296.7631 | HD95: 31.5135 | LR: 0.000500
2025-08-16 22:47:26 INFO Epoch 017 | Train Loss: 0.3536 | Val Loss: 0.5720 | Dice: 0.4671 | softDice: 0.4263 | clDice: 0.5050 | softclDice: 0.5233 | IoU: 0.3052 | Tversky: 0.4671 | Hausdorff: 331.1228 | HD95: 30.4390 | LR: 0.000500
2025-08-16 22:48:58 INFO Epoch 018 | Train Loss: 0.3470 | Val Loss: 0.5731 | Dice: 0.4628 | softDice: 0.4244 | clDice: 0.5007 | softclDice: 0.5277 | IoU: 0.3015 | Tversky: 0.4628 | Hausdorff: 277.4045 | HD95: 31.3786 | LR: 0.000250
2025-08-16 22:50:27 INFO Epoch 019 | Train Loss: 0.3473 | Val Loss: 0.5738 | Dice: 0.4689 | softDice: 0.4310 | clDice: 0.5081 | softclDice: 0.5196 | IoU: 0.3067 | Tversky: 0.4689 | Hausdorff: 274.3893 | HD95: 31.0549 | LR: 0.000250
2025-08-16 22:51:59 INFO Epoch 020 | Train Loss: 0.3412 | Val Loss: 0.5731 | Dice: 0.4669 | softDice: 0.4268 | clDice: 0.5072 | softclDice: 0.5219 | IoU: 0.3050 | Tversky: 0.4669 | Hausdorff: 328.7234 | HD95: 30.3921 | LR: 0.000250
2025-08-16 22:53:28 INFO Epoch 021 | Train Loss: 0.3426 | Val Loss: 0.5744 | Dice: 0.4711 | softDice: 0.4331 | clDice: 0.5104 | softclDice: 0.5185 | IoU: 0.3085 | Tversky: 0.4711 | Hausdorff: 328.9400 | HD95: 30.1657 | LR: 0.000250
2025-08-16 22:54:58 INFO Epoch 022 | Train Loss: 0.3376 | Val Loss: 0.5735 | Dice: 0.4642 | softDice: 0.4261 | clDice: 0.5032 | softclDice: 0.5251 | IoU: 0.3027 | Tversky: 0.4642 | Hausdorff: 274.5190 | HD95: 29.8970 | LR: 0.000250
2025-08-16 22:56:29 INFO Epoch 023 | Train Loss: 0.3380 | Val Loss: 0.5755 | Dice: 0.4611 | softDice: 0.4255 | clDice: 0.4983 | softclDice: 0.5289 | IoU: 0.3001 | Tversky: 0.4611 | Hausdorff: 305.6404 | HD95: 29.6375 | LR: 0.000250
2025-08-16 22:57:56 INFO Epoch 024 | Train Loss: 0.3347 | Val Loss: 0.5761 | Dice: 0.4591 | softDice: 0.4258 | clDice: 0.4928 | softclDice: 0.5303 | IoU: 0.2983 | Tversky: 0.4591 | Hausdorff: 302.2354 | HD95: 31.8552 | LR: 0.000125
2025-08-16 22:59:26 INFO Epoch 025 | Train Loss: 0.3335 | Val Loss: 0.5765 | Dice: 0.4619 | softDice: 0.4281 | clDice: 0.4963 | softclDice: 0.5279 | IoU: 0.3008 | Tversky: 0.4619 | Hausdorff: 276.3260 | HD95: 32.8751 | LR: 0.000125
2025-08-16 23:00:54 INFO Epoch 026 | Train Loss: 0.3288 | Val Loss: 0.5776 | Dice: 0.4657 | softDice: 0.4312 | clDice: 0.5014 | softclDice: 0.5236 | IoU: 0.3040 | Tversky: 0.4657 | Hausdorff: 275.5655 | HD95: 30.1559 | LR: 0.000125
2025-08-16 23:02:22 INFO Epoch 027 | Train Loss: 0.3272 | Val Loss: 0.5779 | Dice: 0.4639 | softDice: 0.4308 | clDice: 0.4985 | softclDice: 0.5264 | IoU: 0.3025 | Tversky: 0.4639 | Hausdorff: 272.5384 | HD95: 30.0577 | LR: 0.000125
2025-08-16 23:03:52 INFO Epoch 028 | Train Loss: 0.3248 | Val Loss: 0.5765 | Dice: 0.4602 | softDice: 0.4252 | clDice: 0.4961 | softclDice: 0.5299 | IoU: 0.2993 | Tversky: 0.4602 | Hausdorff: 275.1333 | HD95: 30.9536 | LR: 0.000125
2025-08-16 23:05:22 INFO Epoch 029 | Train Loss: 0.3245 | Val Loss: 0.5773 | Dice: 0.4557 | softDice: 0.4235 | clDice: 0.4906 | softclDice: 0.5330 | IoU: 0.2955 | Tversky: 0.4557 | Hausdorff: 273.6834 | HD95: 32.4735 | LR: 0.000125
2025-08-16 23:06:53 INFO Epoch 030 | Train Loss: 0.3249 | Val Loss: 0.5766 | Dice: 0.4558 | softDice: 0.4216 | clDice: 0.4912 | softclDice: 0.5341 | IoU: 0.2955 | Tversky: 0.4558 | Hausdorff: 275.8731 | HD95: 31.8550 | LR: 0.000063
2025-08-16 23:08:20 INFO Epoch 031 | Train Loss: 0.3213 | Val Loss: 0.5785 | Dice: 0.4592 | softDice: 0.4270 | clDice: 0.4940 | softclDice: 0.5289 | IoU: 0.2985 | Tversky: 0.4592 | Hausdorff: 274.6317 | HD95: 30.4717 | LR: 0.000063
2025-08-16 23:09:51 INFO Epoch 032 | Train Loss: 0.3211 | Val Loss: 0.5781 | Dice: 0.4570 | softDice: 0.4248 | clDice: 0.4923 | softclDice: 0.5318 | IoU: 0.2966 | Tversky: 0.4570 | Hausdorff: 274.5984 | HD95: 30.6205 | LR: 0.000063
2025-08-16 23:11:25 INFO Epoch 033 | Train Loss: 0.3201 | Val Loss: 0.5789 | Dice: 0.4559 | softDice: 0.4243 | clDice: 0.4909 | softclDice: 0.5323 | IoU: 0.2957 | Tversky: 0.4559 | Hausdorff: 275.0392 | HD95: 32.0531 | LR: 0.000063
2025-08-16 23:12:53 INFO Epoch 034 | Train Loss: 0.3170 | Val Loss: 0.5791 | Dice: 0.4548 | softDice: 0.4239 | clDice: 0.4890 | softclDice: 0.5338 | IoU: 0.2947 | Tversky: 0.4548 | Hausdorff: 275.0129 | HD95: 32.7120 | LR: 0.000063
2025-08-16 23:14:23 INFO Epoch 035 | Train Loss: 0.3201 | Val Loss: 0.5784 | Dice: 0.4559 | softDice: 0.4244 | clDice: 0.4904 | softclDice: 0.5325 | IoU: 0.2957 | Tversky: 0.4559 | Hausdorff: 274.3731 | HD95: 31.4847 | LR: 0.000063
2025-08-16 23:15:51 INFO Epoch 036 | Train Loss: 0.3177 | Val Loss: 0.5797 | Dice: 0.4566 | softDice: 0.4256 | clDice: 0.4904 | softclDice: 0.5322 | IoU: 0.2962 | Tversky: 0.4566 | Hausdorff: 274.1159 | HD95: 31.5137 | LR: 0.000031
2025-08-16 23:17:21 INFO Epoch 037 | Train Loss: 0.3169 | Val Loss: 0.5794 | Dice: 0.4563 | softDice: 0.4254 | clDice: 0.4913 | softclDice: 0.5320 | IoU: 0.2960 | Tversky: 0.4563 | Hausdorff: 274.9452 | HD95: 30.3760 | LR: 0.000031
2025-08-16 23:18:54 INFO Epoch 038 | Train Loss: 0.3162 | Val Loss: 0.5790 | Dice: 0.4552 | softDice: 0.4241 | clDice: 0.4889 | softclDice: 0.5341 | IoU: 0.2950 | Tversky: 0.4552 | Hausdorff: 276.8845 | HD95: 32.0786 | LR: 0.000031
2025-08-16 23:20:21 INFO Epoch 039 | Train Loss: 0.3158 | Val Loss: 0.5797 | Dice: 0.4541 | softDice: 0.4235 | clDice: 0.4880 | softclDice: 0.5347 | IoU: 0.2941 | Tversky: 0.4541 | Hausdorff: 275.0773 | HD95: 31.3818 | LR: 0.000031
2025-08-16 23:21:51 INFO Epoch 040 | Train Loss: 0.3159 | Val Loss: 0.5806 | Dice: 0.4543 | softDice: 0.4244 | clDice: 0.4878 | softclDice: 0.5343 | IoU: 0.2943 | Tversky: 0.4543 | Hausdorff: 274.1553 | HD95: 32.2181 | LR: 0.000031
2025-08-16 23:23:23 INFO Epoch 041 | Train Loss: 0.3130 | Val Loss: 0.5804 | Dice: 0.4532 | softDice: 0.4238 | clDice: 0.4863 | softclDice: 0.5351 | IoU: 0.2934 | Tversky: 0.4532 | Hausdorff: 273.8917 | HD95: 32.0465 | LR: 0.000031
2025-08-16 23:24:54 INFO Epoch 042 | Train Loss: 0.3156 | Val Loss: 0.5806 | Dice: 0.4538 | softDice: 0.4244 | clDice: 0.4868 | softclDice: 0.5345 | IoU: 0.2939 | Tversky: 0.4538 | Hausdorff: 274.0475 | HD95: 32.4138 | LR: 0.000016
2025-08-16 23:26:26 INFO Epoch 043 | Train Loss: 0.3157 | Val Loss: 0.5805 | Dice: 0.4528 | softDice: 0.4231 | clDice: 0.4862 | softclDice: 0.5352 | IoU: 0.2931 | Tversky: 0.4528 | Hausdorff: 274.1036 | HD95: 31.9808 | LR: 0.000016
2025-08-16 23:27:54 INFO Epoch 044 | Train Loss: 0.3140 | Val Loss: 0.5805 | Dice: 0.4512 | softDice: 0.4220 | clDice: 0.4842 | softclDice: 0.5367 | IoU: 0.2918 | Tversky: 0.4512 | Hausdorff: 274.0839 | HD95: 32.0794 | LR: 0.000016
2025-08-16 23:29:24 INFO Epoch 045 | Train Loss: 0.3147 | Val Loss: 0.5805 | Dice: 0.4529 | softDice: 0.4233 | clDice: 0.4865 | softclDice: 0.5350 | IoU: 0.2932 | Tversky: 0.4529 | Hausdorff: 273.9181 | HD95: 31.9539 | LR: 0.000016
2025-08-16 23:30:52 INFO Epoch 046 | Train Loss: 0.3129 | Val Loss: 0.5807 | Dice: 0.4524 | softDice: 0.4234 | clDice: 0.4860 | softclDice: 0.5350 | IoU: 0.2927 | Tversky: 0.4524 | Hausdorff: 274.0972 | HD95: 31.9374 | LR: 0.000016
2025-08-16 23:32:22 INFO Epoch 047 | Train Loss: 0.3140 | Val Loss: 0.5808 | Dice: 0.4521 | softDice: 0.4226 | clDice: 0.4853 | softclDice: 0.5359 | IoU: 0.2925 | Tversky: 0.4521 | Hausdorff: 274.3822 | HD95: 32.1765 | LR: 0.000016
2025-08-16 23:33:52 INFO Epoch 048 | Train Loss: 0.3133 | Val Loss: 0.5812 | Dice: 0.4514 | softDice: 0.4229 | clDice: 0.4838 | softclDice: 0.5363 | IoU: 0.2919 | Tversky: 0.4514 | Hausdorff: 275.0395 | HD95: 32.1173 | LR: 0.000008
2025-08-16 23:35:20 INFO Epoch 049 | Train Loss: 0.3160 | Val Loss: 0.5810 | Dice: 0.4518 | softDice: 0.4230 | clDice: 0.4849 | softclDice: 0.5361 | IoU: 0.2923 | Tversky: 0.4518 | Hausdorff: 274.9279 | HD95: 31.6051 | LR: 0.000008
2025-08-16 23:36:52 INFO Epoch 050 | Train Loss: 0.3125 | Val Loss: 0.5807 | Dice: 0.4512 | softDice: 0.4221 | clDice: 0.4840 | softclDice: 0.5371 | IoU: 0.2917 | Tversky: 0.4512 | Hausdorff: 274.2116 | HD95: 32.3006 | LR: 0.000008
2025-08-16 23:36:52 INFO Training completed.
2025-08-16 23:37:17 INFO Fold 2 results: Dice: 0.4696 | softDice: 0.4130 | clDice: 0.5092 | softclDice: 0.5348 | IoU: 0.3074 | Tversky: 0.4696 | Hausdorff: 286.6869 | HD95: 35.2297
2025-08-16 23:37:17 INFO ===== Fold 3 / 5 =====
2025-08-16 23:37:17 INFO Loading model unet with settings {'name': 'unet', 'encoder_name': 'timm-efficientnet-b0', 'encoder_weights': 'imagenet', 'classes': 1, 'activation': None, 'dropout': 0.2}
2025-08-16 23:38:49 INFO Epoch 001 | Train Loss: 0.4943 | Val Loss: 0.5849 | Dice: 0.4486 | softDice: 0.3771 | clDice: 0.5156 | softclDice: 0.6163 | IoU: 0.2897 | Tversky: 0.4486 | Hausdorff: 243.1851 | HD95: 48.7603 | LR: 0.001000
2025-08-16 23:40:23 INFO Epoch 002 | Train Loss: 0.3997 | Val Loss: 0.5725 | Dice: 0.4732 | softDice: 0.4033 | clDice: 0.5416 | softclDice: 0.5317 | IoU: 0.3105 | Tversky: 0.4732 | Hausdorff: 259.7187 | HD95: 39.3307 | LR: 0.001000
2025-08-16 23:41:55 INFO Epoch 003 | Train Loss: 0.3863 | Val Loss: 0.5682 | Dice: 0.4499 | softDice: 0.3939 | clDice: 0.4940 | softclDice: 0.5558 | IoU: 0.2914 | Tversky: 0.4499 | Hausdorff: 249.7124 | HD95: 45.6359 | LR: 0.001000
2025-08-16 23:43:28 INFO Epoch 004 | Train Loss: 0.3808 | Val Loss: 0.5682 | Dice: 0.4713 | softDice: 0.4216 | clDice: 0.5212 | softclDice: 0.5194 | IoU: 0.3092 | Tversky: 0.4713 | Hausdorff: 245.5643 | HD95: 40.4452 | LR: 0.001000
2025-08-16 23:44:59 INFO Epoch 005 | Train Loss: 0.3781 | Val Loss: 0.5673 | Dice: 0.4618 | softDice: 0.4143 | clDice: 0.5083 | softclDice: 0.5296 | IoU: 0.3012 | Tversky: 0.4618 | Hausdorff: 236.7227 | HD95: 43.4362 | LR: 0.001000
2025-08-16 23:46:29 INFO Epoch 006 | Train Loss: 0.3758 | Val Loss: 0.5672 | Dice: 0.4845 | softDice: 0.4288 | clDice: 0.5389 | softclDice: 0.5028 | IoU: 0.3206 | Tversky: 0.4845 | Hausdorff: 236.7630 | HD95: 35.7455 | LR: 0.001000
2025-08-16 23:47:59 INFO Epoch 007 | Train Loss: 0.3711 | Val Loss: 0.5725 | Dice: 0.4656 | softDice: 0.4218 | clDice: 0.5177 | softclDice: 0.5121 | IoU: 0.3045 | Tversky: 0.4656 | Hausdorff: 250.0792 | HD95: 44.6999 | LR: 0.001000
2025-08-16 23:49:31 INFO Epoch 008 | Train Loss: 0.3706 | Val Loss: 0.5679 | Dice: 0.4718 | softDice: 0.4225 | clDice: 0.5170 | softclDice: 0.5172 | IoU: 0.3097 | Tversky: 0.4718 | Hausdorff: 297.2247 | HD95: 38.7068 | LR: 0.001000
2025-08-16 23:51:00 INFO Epoch 009 | Train Loss: 0.3693 | Val Loss: 0.5688 | Dice: 0.4754 | softDice: 0.4235 | clDice: 0.5242 | softclDice: 0.5121 | IoU: 0.3127 | Tversky: 0.4754 | Hausdorff: 253.9639 | HD95: 37.1500 | LR: 0.001000
2025-08-16 23:52:30 INFO Epoch 010 | Train Loss: 0.3690 | Val Loss: 0.5680 | Dice: 0.4714 | softDice: 0.4204 | clDice: 0.5178 | softclDice: 0.5150 | IoU: 0.3094 | Tversky: 0.4714 | Hausdorff: 248.9245 | HD95: 38.4805 | LR: 0.001000
2025-08-16 23:53:58 INFO Epoch 011 | Train Loss: 0.3685 | Val Loss: 0.5719 | Dice: 0.4767 | softDice: 0.4289 | clDice: 0.5308 | softclDice: 0.5025 | IoU: 0.3139 | Tversky: 0.4767 | Hausdorff: 290.0692 | HD95: 36.7455 | LR: 0.001000
2025-08-16 23:55:29 INFO Epoch 012 | Train Loss: 0.3642 | Val Loss: 0.5699 | Dice: 0.4757 | softDice: 0.4315 | clDice: 0.5239 | softclDice: 0.5039 | IoU: 0.3130 | Tversky: 0.4757 | Hausdorff: 248.1793 | HD95: 40.7009 | LR: 0.000500
2025-08-16 23:57:00 INFO Epoch 013 | Train Loss: 0.3611 | Val Loss: 0.5693 | Dice: 0.4823 | softDice: 0.4332 | clDice: 0.5377 | softclDice: 0.4934 | IoU: 0.3189 | Tversky: 0.4823 | Hausdorff: 240.7513 | HD95: 38.7921 | LR: 0.000500
2025-08-16 23:58:30 INFO Epoch 014 | Train Loss: 0.3573 | Val Loss: 0.5684 | Dice: 0.4813 | softDice: 0.4312 | clDice: 0.5324 | softclDice: 0.5001 | IoU: 0.3179 | Tversky: 0.4813 | Hausdorff: 237.6471 | HD95: 35.5551 | LR: 0.000500
2025-08-17 00:00:02 INFO Epoch 015 | Train Loss: 0.3556 | Val Loss: 0.5692 | Dice: 0.4773 | softDice: 0.4323 | clDice: 0.5267 | softclDice: 0.5006 | IoU: 0.3145 | Tversky: 0.4773 | Hausdorff: 239.4524 | HD95: 37.5026 | LR: 0.000500
2025-08-17 00:01:34 INFO Epoch 016 | Train Loss: 0.3536 | Val Loss: 0.5702 | Dice: 0.4791 | softDice: 0.4332 | clDice: 0.5281 | softclDice: 0.5005 | IoU: 0.3160 | Tversky: 0.4791 | Hausdorff: 234.5181 | HD95: 37.2142 | LR: 0.000500
2025-08-17 00:03:03 INFO Epoch 017 | Train Loss: 0.3502 | Val Loss: 0.5698 | Dice: 0.4798 | softDice: 0.4353 | clDice: 0.5264 | softclDice: 0.5009 | IoU: 0.3167 | Tversky: 0.4798 | Hausdorff: 232.6247 | HD95: 38.0777 | LR: 0.000500
2025-08-17 00:04:35 INFO Epoch 018 | Train Loss: 0.3487 | Val Loss: 0.5712 | Dice: 0.4749 | softDice: 0.4295 | clDice: 0.5230 | softclDice: 0.5064 | IoU: 0.3126 | Tversky: 0.4749 | Hausdorff: 284.3120 | HD95: 35.7153 | LR: 0.000250
2025-08-17 00:06:06 INFO Epoch 019 | Train Loss: 0.3450 | Val Loss: 0.5711 | Dice: 0.4752 | softDice: 0.4329 | clDice: 0.5193 | softclDice: 0.5070 | IoU: 0.3127 | Tversky: 0.4752 | Hausdorff: 243.8641 | HD95: 38.5795 | LR: 0.000250
2025-08-17 00:07:35 INFO Epoch 020 | Train Loss: 0.3403 | Val Loss: 0.5721 | Dice: 0.4652 | softDice: 0.4264 | clDice: 0.5056 | softclDice: 0.5184 | IoU: 0.3042 | Tversky: 0.4652 | Hausdorff: 289.3452 | HD95: 35.6263 | LR: 0.000250
2025-08-17 00:09:05 INFO Epoch 021 | Train Loss: 0.3385 | Val Loss: 0.5755 | Dice: 0.4679 | softDice: 0.4305 | clDice: 0.5107 | softclDice: 0.5118 | IoU: 0.3065 | Tversky: 0.4679 | Hausdorff: 241.5352 | HD95: 36.6093 | LR: 0.000250
2025-08-17 00:10:33 INFO Epoch 022 | Train Loss: 0.3360 | Val Loss: 0.5732 | Dice: 0.4657 | softDice: 0.4277 | clDice: 0.5075 | softclDice: 0.5157 | IoU: 0.3047 | Tversky: 0.4657 | Hausdorff: 288.3767 | HD95: 38.6742 | LR: 0.000250
2025-08-17 00:12:05 INFO Epoch 023 | Train Loss: 0.3348 | Val Loss: 0.5751 | Dice: 0.4622 | softDice: 0.4261 | clDice: 0.4997 | softclDice: 0.5218 | IoU: 0.3017 | Tversky: 0.4622 | Hausdorff: 267.4636 | HD95: 35.2727 | LR: 0.000250
2025-08-17 00:13:35 INFO Epoch 024 | Train Loss: 0.3313 | Val Loss: 0.5745 | Dice: 0.4666 | softDice: 0.4278 | clDice: 0.5073 | softclDice: 0.5165 | IoU: 0.3054 | Tversky: 0.4666 | Hausdorff: 304.1003 | HD95: 36.9338 | LR: 0.000125
2025-08-17 00:15:06 INFO Epoch 025 | Train Loss: 0.3320 | Val Loss: 0.5750 | Dice: 0.4597 | softDice: 0.4248 | clDice: 0.4969 | softclDice: 0.5245 | IoU: 0.2996 | Tversky: 0.4597 | Hausdorff: 258.9556 | HD95: 39.1561 | LR: 0.000125
2025-08-17 00:16:38 INFO Epoch 026 | Train Loss: 0.3254 | Val Loss: 0.5763 | Dice: 0.4614 | softDice: 0.4284 | clDice: 0.4997 | softclDice: 0.5196 | IoU: 0.3010 | Tversky: 0.4614 | Hausdorff: 234.9487 | HD95: 39.7812 | LR: 0.000125
2025-08-17 00:18:06 INFO Epoch 027 | Train Loss: 0.3272 | Val Loss: 0.5754 | Dice: 0.4602 | softDice: 0.4254 | clDice: 0.4976 | softclDice: 0.5222 | IoU: 0.3000 | Tversky: 0.4602 | Hausdorff: 235.8257 | HD95: 37.1545 | LR: 0.000125
2025-08-17 00:19:37 INFO Epoch 028 | Train Loss: 0.3243 | Val Loss: 0.5765 | Dice: 0.4621 | softDice: 0.4287 | clDice: 0.4996 | softclDice: 0.5194 | IoU: 0.3016 | Tversky: 0.4621 | Hausdorff: 236.6214 | HD95: 37.6412 | LR: 0.000125
2025-08-17 00:21:07 INFO Epoch 029 | Train Loss: 0.3230 | Val Loss: 0.5782 | Dice: 0.4545 | softDice: 0.4239 | clDice: 0.4888 | softclDice: 0.5266 | IoU: 0.2952 | Tversky: 0.4545 | Hausdorff: 234.7002 | HD95: 37.8991 | LR: 0.000125
2025-08-17 00:22:34 INFO Epoch 030 | Train Loss: 0.3215 | Val Loss: 0.5779 | Dice: 0.4563 | softDice: 0.4239 | clDice: 0.4928 | softclDice: 0.5250 | IoU: 0.2966 | Tversky: 0.4563 | Hausdorff: 236.0738 | HD95: 39.6674 | LR: 0.000063
2025-08-17 00:24:06 INFO Epoch 031 | Train Loss: 0.3191 | Val Loss: 0.5772 | Dice: 0.4554 | softDice: 0.4233 | clDice: 0.4906 | softclDice: 0.5273 | IoU: 0.2959 | Tversky: 0.4554 | Hausdorff: 236.2773 | HD95: 38.0129 | LR: 0.000063
2025-08-17 00:25:34 INFO Epoch 032 | Train Loss: 0.3194 | Val Loss: 0.5775 | Dice: 0.4549 | softDice: 0.4233 | clDice: 0.4893 | softclDice: 0.5280 | IoU: 0.2954 | Tversky: 0.4549 | Hausdorff: 236.9022 | HD95: 37.5812 | LR: 0.000063
2025-08-17 00:27:03 INFO Epoch 033 | Train Loss: 0.3188 | Val Loss: 0.5779 | Dice: 0.4550 | softDice: 0.4247 | clDice: 0.4899 | softclDice: 0.5270 | IoU: 0.2956 | Tversky: 0.4550 | Hausdorff: 236.1518 | HD95: 38.9853 | LR: 0.000063
2025-08-17 00:28:35 INFO Epoch 034 | Train Loss: 0.3197 | Val Loss: 0.5787 | Dice: 0.4559 | softDice: 0.4259 | clDice: 0.4906 | softclDice: 0.5265 | IoU: 0.2964 | Tversky: 0.4559 | Hausdorff: 236.7830 | HD95: 39.3927 | LR: 0.000063
2025-08-17 00:30:02 INFO Epoch 035 | Train Loss: 0.3172 | Val Loss: 0.5785 | Dice: 0.4540 | softDice: 0.4230 | clDice: 0.4896 | softclDice: 0.5288 | IoU: 0.2948 | Tversky: 0.4540 | Hausdorff: 242.3498 | HD95: 36.3169 | LR: 0.000063
2025-08-17 00:31:30 INFO Epoch 036 | Train Loss: 0.3180 | Val Loss: 0.5784 | Dice: 0.4558 | softDice: 0.4255 | clDice: 0.4923 | softclDice: 0.5252 | IoU: 0.2963 | Tversky: 0.4558 | Hausdorff: 236.5711 | HD95: 38.3039 | LR: 0.000031
2025-08-17 00:32:57 INFO Epoch 037 | Train Loss: 0.3145 | Val Loss: 0.5782 | Dice: 0.4532 | softDice: 0.4223 | clDice: 0.4888 | softclDice: 0.5290 | IoU: 0.2941 | Tversky: 0.4532 | Hausdorff: 236.8888 | HD95: 36.7260 | LR: 0.000031
2025-08-17 00:34:30 INFO Epoch 038 | Train Loss: 0.3137 | Val Loss: 0.5796 | Dice: 0.4550 | softDice: 0.4253 | clDice: 0.4912 | softclDice: 0.5269 | IoU: 0.2956 | Tversky: 0.4550 | Hausdorff: 231.6965 | HD95: 37.1596 | LR: 0.000031
2025-08-17 00:35:59 INFO Epoch 039 | Train Loss: 0.3146 | Val Loss: 0.5790 | Dice: 0.4531 | softDice: 0.4228 | clDice: 0.4889 | softclDice: 0.5293 | IoU: 0.2940 | Tversky: 0.4531 | Hausdorff: 242.9354 | HD95: 36.3883 | LR: 0.000031
2025-08-17 00:37:29 INFO Epoch 040 | Train Loss: 0.3138 | Val Loss: 0.5793 | Dice: 0.4551 | softDice: 0.4247 | clDice: 0.4917 | softclDice: 0.5265 | IoU: 0.2957 | Tversky: 0.4551 | Hausdorff: 242.1587 | HD95: 36.8654 | LR: 0.000031
2025-08-17 00:39:01 INFO Epoch 041 | Train Loss: 0.3120 | Val Loss: 0.5799 | Dice: 0.4529 | softDice: 0.4235 | clDice: 0.4876 | softclDice: 0.5292 | IoU: 0.2939 | Tversky: 0.4529 | Hausdorff: 242.8221 | HD95: 36.9680 | LR: 0.000031
2025-08-17 00:40:28 INFO Epoch 042 | Train Loss: 0.3123 | Val Loss: 0.5792 | Dice: 0.4545 | softDice: 0.4239 | clDice: 0.4907 | softclDice: 0.5283 | IoU: 0.2952 | Tversky: 0.4545 | Hausdorff: 244.2670 | HD95: 35.9480 | LR: 0.000016
2025-08-17 00:41:57 INFO Epoch 043 | Train Loss: 0.3139 | Val Loss: 0.5792 | Dice: 0.4548 | softDice: 0.4241 | clDice: 0.4913 | softclDice: 0.5273 | IoU: 0.2955 | Tversky: 0.4548 | Hausdorff: 244.0327 | HD95: 35.6850 | LR: 0.000016
2025-08-17 00:43:30 INFO Epoch 044 | Train Loss: 0.3138 | Val Loss: 0.5798 | Dice: 0.4515 | softDice: 0.4222 | clDice: 0.4869 | softclDice: 0.5307 | IoU: 0.2927 | Tversky: 0.4515 | Hausdorff: 243.0416 | HD95: 36.5062 | LR: 0.000016
2025-08-17 00:44:59 INFO Epoch 045 | Train Loss: 0.3101 | Val Loss: 0.5799 | Dice: 0.4544 | softDice: 0.4243 | clDice: 0.4902 | softclDice: 0.5278 | IoU: 0.2951 | Tversky: 0.4544 | Hausdorff: 241.4069 | HD95: 35.6754 | LR: 0.000016
2025-08-17 00:46:32 INFO Epoch 046 | Train Loss: 0.3136 | Val Loss: 0.5795 | Dice: 0.4528 | softDice: 0.4233 | clDice: 0.4890 | softclDice: 0.5290 | IoU: 0.2938 | Tversky: 0.4528 | Hausdorff: 236.6673 | HD95: 36.4193 | LR: 0.000016
2025-08-17 00:47:59 INFO Epoch 047 | Train Loss: 0.3131 | Val Loss: 0.5796 | Dice: 0.4569 | softDice: 0.4259 | clDice: 0.4930 | softclDice: 0.5253 | IoU: 0.2972 | Tversky: 0.4569 | Hausdorff: 241.9547 | HD95: 35.8873 | LR: 0.000016
2025-08-17 00:49:27 INFO Epoch 048 | Train Loss: 0.3138 | Val Loss: 0.5794 | Dice: 0.4531 | softDice: 0.4230 | clDice: 0.4884 | softclDice: 0.5295 | IoU: 0.2940 | Tversky: 0.4531 | Hausdorff: 236.5638 | HD95: 36.6280 | LR: 0.000008
2025-08-17 00:50:56 INFO Epoch 049 | Train Loss: 0.3115 | Val Loss: 0.5797 | Dice: 0.4533 | softDice: 0.4238 | clDice: 0.4892 | softclDice: 0.5289 | IoU: 0.2942 | Tversky: 0.4533 | Hausdorff: 236.8824 | HD95: 36.5471 | LR: 0.000008
2025-08-17 00:52:24 INFO Epoch 050 | Train Loss: 0.3085 | Val Loss: 0.5794 | Dice: 0.4542 | softDice: 0.4242 | clDice: 0.4899 | softclDice: 0.5285 | IoU: 0.2950 | Tversky: 0.4542 | Hausdorff: 242.2286 | HD95: 36.4361 | LR: 0.000008
2025-08-17 00:52:24 INFO Training completed.
2025-08-17 00:52:49 INFO Fold 3 results: Dice: 0.4845 | softDice: 0.4288 | clDice: 0.5389 | softclDice: 0.5028 | IoU: 0.3206 | Tversky: 0.4845 | Hausdorff: 236.7630 | HD95: 35.7455
2025-08-17 00:52:49 INFO ===== Fold 4 / 5 =====
2025-08-17 00:52:49 INFO Loading model unet with settings {'name': 'unet', 'encoder_name': 'timm-efficientnet-b0', 'encoder_weights': 'imagenet', 'classes': 1, 'activation': None, 'dropout': 0.2}
2025-08-17 00:54:24 INFO Epoch 001 | Train Loss: 0.5186 | Val Loss: 0.5808 | Dice: 0.4375 | softDice: 0.3297 | clDice: 0.4894 | softclDice: 0.6652 | IoU: 0.2801 | Tversky: 0.4375 | Hausdorff: 231.5030 | HD95: 53.6884 | LR: 0.001000
2025-08-17 00:55:53 INFO Epoch 002 | Train Loss: 0.4049 | Val Loss: 0.5680 | Dice: 0.4279 | softDice: 0.3623 | clDice: 0.4598 | softclDice: 0.5921 | IoU: 0.2723 | Tversky: 0.4279 | Hausdorff: 229.8667 | HD95: 56.1093 | LR: 0.001000
2025-08-17 00:57:25 INFO Epoch 003 | Train Loss: 0.3901 | Val Loss: 0.5684 | Dice: 0.4664 | softDice: 0.4029 | clDice: 0.5068 | softclDice: 0.5414 | IoU: 0.3044 | Tversky: 0.4664 | Hausdorff: 238.4359 | HD95: 42.9632 | LR: 0.001000
2025-08-17 00:58:53 INFO Epoch 004 | Train Loss: 0.3844 | Val Loss: 0.5676 | Dice: 0.4612 | softDice: 0.4027 | clDice: 0.5032 | softclDice: 0.5398 | IoU: 0.3001 | Tversky: 0.4612 | Hausdorff: 229.2216 | HD95: 42.7179 | LR: 0.001000
2025-08-17 01:00:25 INFO Epoch 005 | Train Loss: 0.3793 | Val Loss: 0.5691 | Dice: 0.4735 | softDice: 0.4182 | clDice: 0.5167 | softclDice: 0.5240 | IoU: 0.3104 | Tversky: 0.4735 | Hausdorff: 223.8469 | HD95: 35.7619 | LR: 0.001000
2025-08-17 01:01:56 INFO Epoch 006 | Train Loss: 0.3785 | Val Loss: 0.5756 | Dice: 0.4766 | softDice: 0.4278 | clDice: 0.5284 | softclDice: 0.5073 | IoU: 0.3130 | Tversky: 0.4766 | Hausdorff: 234.8481 | HD95: 35.6184 | LR: 0.001000
2025-08-17 01:03:26 INFO Epoch 007 | Train Loss: 0.3760 | Val Loss: 0.5810 | Dice: 0.4827 | softDice: 0.4346 | clDice: 0.5348 | softclDice: 0.5002 | IoU: 0.3184 | Tversky: 0.4827 | Hausdorff: 230.5970 | HD95: 38.9948 | LR: 0.001000
2025-08-17 01:04:58 INFO Epoch 008 | Train Loss: 0.3718 | Val Loss: 0.5685 | Dice: 0.4614 | softDice: 0.4081 | clDice: 0.4999 | softclDice: 0.5377 | IoU: 0.3000 | Tversky: 0.4614 | Hausdorff: 238.1666 | HD95: 40.1596 | LR: 0.001000
2025-08-17 01:06:28 INFO Epoch 009 | Train Loss: 0.3705 | Val Loss: 0.5688 | Dice: 0.4750 | softDice: 0.4222 | clDice: 0.5237 | softclDice: 0.5124 | IoU: 0.3117 | Tversky: 0.4750 | Hausdorff: 213.4794 | HD95: 41.4045 | LR: 0.001000
2025-08-17 01:08:00 INFO Epoch 010 | Train Loss: 0.3681 | Val Loss: 0.5716 | Dice: 0.4598 | softDice: 0.4133 | clDice: 0.4996 | softclDice: 0.5290 | IoU: 0.2988 | Tversky: 0.4598 | Hausdorff: 224.6412 | HD95: 39.5073 | LR: 0.000500
2025-08-17 01:09:32 INFO Epoch 011 | Train Loss: 0.3665 | Val Loss: 0.5670 | Dice: 0.4759 | softDice: 0.4217 | clDice: 0.5180 | softclDice: 0.5161 | IoU: 0.3125 | Tversky: 0.4759 | Hausdorff: 219.6187 | HD95: 36.2568 | LR: 0.000500
2025-08-17 01:11:01 INFO Epoch 012 | Train Loss: 0.3652 | Val Loss: 0.5698 | Dice: 0.4746 | softDice: 0.4277 | clDice: 0.5161 | softclDice: 0.5160 | IoU: 0.3114 | Tversky: 0.4746 | Hausdorff: 211.1273 | HD95: 33.0195 | LR: 0.000500
2025-08-17 01:12:35 INFO Epoch 013 | Train Loss: 0.3606 | Val Loss: 0.5716 | Dice: 0.4643 | softDice: 0.4201 | clDice: 0.5022 | softclDice: 0.5280 | IoU: 0.3026 | Tversky: 0.4643 | Hausdorff: 217.0028 | HD95: 38.0407 | LR: 0.000500
2025-08-17 01:14:07 INFO Epoch 014 | Train Loss: 0.3622 | Val Loss: 0.5701 | Dice: 0.4700 | softDice: 0.4212 | clDice: 0.5123 | softclDice: 0.5222 | IoU: 0.3074 | Tversky: 0.4700 | Hausdorff: 212.0418 | HD95: 33.4462 | LR: 0.000500
2025-08-17 01:15:37 INFO Epoch 015 | Train Loss: 0.3590 | Val Loss: 0.5711 | Dice: 0.4654 | softDice: 0.4180 | clDice: 0.5029 | softclDice: 0.5277 | IoU: 0.3034 | Tversky: 0.4654 | Hausdorff: 217.1591 | HD95: 35.4669 | LR: 0.000500
2025-08-17 01:17:09 INFO Epoch 016 | Train Loss: 0.3543 | Val Loss: 0.5708 | Dice: 0.4689 | softDice: 0.4234 | clDice: 0.5092 | softclDice: 0.5200 | IoU: 0.3065 | Tversky: 0.4689 | Hausdorff: 209.8688 | HD95: 36.5476 | LR: 0.000500
2025-08-17 01:18:40 INFO Epoch 017 | Train Loss: 0.3561 | Val Loss: 0.5715 | Dice: 0.4634 | softDice: 0.4174 | clDice: 0.5002 | softclDice: 0.5292 | IoU: 0.3019 | Tversky: 0.4634 | Hausdorff: 217.3060 | HD95: 35.3672 | LR: 0.000250
2025-08-17 01:20:11 INFO Epoch 018 | Train Loss: 0.3507 | Val Loss: 0.5724 | Dice: 0.4759 | softDice: 0.4291 | clDice: 0.5177 | softclDice: 0.5123 | IoU: 0.3126 | Tversky: 0.4759 | Hausdorff: 210.9150 | HD95: 32.2962 | LR: 0.000250
2025-08-17 01:21:39 INFO Epoch 019 | Train Loss: 0.3493 | Val Loss: 0.5715 | Dice: 0.4777 | softDice: 0.4310 | clDice: 0.5195 | softclDice: 0.5119 | IoU: 0.3141 | Tversky: 0.4777 | Hausdorff: 211.2125 | HD95: 30.4139 | LR: 0.000250
2025-08-17 01:23:09 INFO Epoch 020 | Train Loss: 0.3504 | Val Loss: 0.5715 | Dice: 0.4741 | softDice: 0.4289 | clDice: 0.5147 | softclDice: 0.5146 | IoU: 0.3110 | Tversky: 0.4741 | Hausdorff: 219.4630 | HD95: 32.1357 | LR: 0.000250
2025-08-17 01:24:40 INFO Epoch 021 | Train Loss: 0.3466 | Val Loss: 0.5728 | Dice: 0.4750 | softDice: 0.4320 | clDice: 0.5175 | softclDice: 0.5119 | IoU: 0.3117 | Tversky: 0.4750 | Hausdorff: 215.0903 | HD95: 32.8643 | LR: 0.000250
2025-08-17 01:26:09 INFO Epoch 022 | Train Loss: 0.3462 | Val Loss: 0.5758 | Dice: 0.4647 | softDice: 0.4241 | clDice: 0.5012 | softclDice: 0.5260 | IoU: 0.3029 | Tversky: 0.4647 | Hausdorff: 209.7590 | HD95: 31.5381 | LR: 0.000250
2025-08-17 01:27:39 INFO Epoch 023 | Train Loss: 0.3419 | Val Loss: 0.5757 | Dice: 0.4724 | softDice: 0.4313 | clDice: 0.5153 | softclDice: 0.5107 | IoU: 0.3095 | Tversky: 0.4724 | Hausdorff: 218.5889 | HD95: 31.4158 | LR: 0.000125
2025-08-17 01:29:09 INFO Epoch 024 | Train Loss: 0.3416 | Val Loss: 0.5751 | Dice: 0.4659 | softDice: 0.4248 | clDice: 0.5057 | softclDice: 0.5189 | IoU: 0.3039 | Tversky: 0.4659 | Hausdorff: 213.6856 | HD95: 31.3919 | LR: 0.000125
2025-08-17 01:30:40 INFO Epoch 025 | Train Loss: 0.3365 | Val Loss: 0.5759 | Dice: 0.4649 | softDice: 0.4246 | clDice: 0.5037 | softclDice: 0.5210 | IoU: 0.3031 | Tversky: 0.4649 | Hausdorff: 213.2512 | HD95: 30.9743 | LR: 0.000125
2025-08-17 01:32:14 INFO Epoch 026 | Train Loss: 0.3360 | Val Loss: 0.5786 | Dice: 0.4575 | softDice: 0.4224 | clDice: 0.4940 | softclDice: 0.5261 | IoU: 0.2968 | Tversky: 0.4575 | Hausdorff: 211.4125 | HD95: 32.5001 | LR: 0.000125
2025-08-17 01:33:45 INFO Epoch 027 | Train Loss: 0.3344 | Val Loss: 0.5778 | Dice: 0.4615 | softDice: 0.4239 | clDice: 0.5000 | softclDice: 0.5223 | IoU: 0.3002 | Tversky: 0.4615 | Hausdorff: 214.8020 | HD95: 32.4621 | LR: 0.000125
2025-08-17 01:35:17 INFO Epoch 028 | Train Loss: 0.3347 | Val Loss: 0.5787 | Dice: 0.4576 | softDice: 0.4218 | clDice: 0.4928 | softclDice: 0.5290 | IoU: 0.2969 | Tversky: 0.4576 | Hausdorff: 210.4268 | HD95: 30.7075 | LR: 0.000125
2025-08-17 01:36:54 INFO Epoch 029 | Train Loss: 0.3359 | Val Loss: 0.5781 | Dice: 0.4616 | softDice: 0.4240 | clDice: 0.4989 | softclDice: 0.5244 | IoU: 0.3003 | Tversky: 0.4616 | Hausdorff: 215.1629 | HD95: 31.3154 | LR: 0.000063
2025-08-17 01:38:23 INFO Epoch 030 | Train Loss: 0.3326 | Val Loss: 0.5764 | Dice: 0.4628 | softDice: 0.4253 | clDice: 0.5006 | softclDice: 0.5216 | IoU: 0.3013 | Tversky: 0.4628 | Hausdorff: 215.8348 | HD95: 32.9127 | LR: 0.000063
2025-08-17 01:39:55 INFO Epoch 031 | Train Loss: 0.3308 | Val Loss: 0.5767 | Dice: 0.4589 | softDice: 0.4213 | clDice: 0.4954 | softclDice: 0.5259 | IoU: 0.2980 | Tversky: 0.4589 | Hausdorff: 213.2845 | HD95: 32.4957 | LR: 0.000063
2025-08-17 01:41:26 INFO Epoch 032 | Train Loss: 0.3305 | Val Loss: 0.5774 | Dice: 0.4610 | softDice: 0.4237 | clDice: 0.4974 | softclDice: 0.5245 | IoU: 0.2998 | Tversky: 0.4610 | Hausdorff: 214.0531 | HD95: 31.8808 | LR: 0.000063
2025-08-17 01:42:56 INFO Epoch 033 | Train Loss: 0.3298 | Val Loss: 0.5776 | Dice: 0.4565 | softDice: 0.4215 | clDice: 0.4920 | softclDice: 0.5282 | IoU: 0.2960 | Tversky: 0.4565 | Hausdorff: 215.0978 | HD95: 33.2380 | LR: 0.000063
2025-08-17 01:44:27 INFO Epoch 034 | Train Loss: 0.3292 | Val Loss: 0.5779 | Dice: 0.4606 | softDice: 0.4232 | clDice: 0.4980 | softclDice: 0.5257 | IoU: 0.2994 | Tversky: 0.4606 | Hausdorff: 217.8881 | HD95: 31.1579 | LR: 0.000063
2025-08-17 01:45:56 INFO Epoch 035 | Train Loss: 0.3284 | Val Loss: 0.5785 | Dice: 0.4588 | softDice: 0.4218 | clDice: 0.4950 | softclDice: 0.5280 | IoU: 0.2979 | Tversky: 0.4588 | Hausdorff: 215.4985 | HD95: 31.0977 | LR: 0.000031
2025-08-17 01:47:27 INFO Epoch 036 | Train Loss: 0.3277 | Val Loss: 0.5780 | Dice: 0.4600 | softDice: 0.4243 | clDice: 0.4963 | softclDice: 0.5254 | IoU: 0.2989 | Tversky: 0.4600 | Hausdorff: 215.0901 | HD95: 32.1519 | LR: 0.000031
2025-08-17 01:48:56 INFO Epoch 037 | Train Loss: 0.3265 | Val Loss: 0.5785 | Dice: 0.4581 | softDice: 0.4228 | clDice: 0.4944 | softclDice: 0.5269 | IoU: 0.2973 | Tversky: 0.4581 | Hausdorff: 222.5209 | HD95: 32.3682 | LR: 0.000031
2025-08-17 01:50:24 INFO Epoch 038 | Train Loss: 0.3265 | Val Loss: 0.5781 | Dice: 0.4598 | softDice: 0.4237 | clDice: 0.4963 | softclDice: 0.5250 | IoU: 0.2987 | Tversky: 0.4598 | Hausdorff: 219.2131 | HD95: 32.2505 | LR: 0.000031
2025-08-17 01:51:53 INFO Epoch 039 | Train Loss: 0.3266 | Val Loss: 0.5780 | Dice: 0.4587 | softDice: 0.4240 | clDice: 0.4948 | softclDice: 0.5259 | IoU: 0.2978 | Tversky: 0.4587 | Hausdorff: 217.5562 | HD95: 32.7148 | LR: 0.000031
2025-08-17 01:53:22 INFO Epoch 040 | Train Loss: 0.3242 | Val Loss: 0.5789 | Dice: 0.4608 | softDice: 0.4253 | clDice: 0.4974 | softclDice: 0.5232 | IoU: 0.2996 | Tversky: 0.4608 | Hausdorff: 214.2552 | HD95: 31.4979 | LR: 0.000031
2025-08-17 01:54:51 INFO Epoch 041 | Train Loss: 0.3242 | Val Loss: 0.5786 | Dice: 0.4577 | softDice: 0.4233 | clDice: 0.4935 | softclDice: 0.5262 | IoU: 0.2970 | Tversky: 0.4577 | Hausdorff: 222.1663 | HD95: 32.5959 | LR: 0.000016
2025-08-17 01:56:24 INFO Epoch 042 | Train Loss: 0.3246 | Val Loss: 0.5800 | Dice: 0.4583 | softDice: 0.4243 | clDice: 0.4944 | softclDice: 0.5253 | IoU: 0.2975 | Tversky: 0.4583 | Hausdorff: 222.5502 | HD95: 32.0939 | LR: 0.000016
2025-08-17 01:57:51 INFO Epoch 043 | Train Loss: 0.3268 | Val Loss: 0.5788 | Dice: 0.4583 | softDice: 0.4243 | clDice: 0.4948 | softclDice: 0.5247 | IoU: 0.2975 | Tversky: 0.4583 | Hausdorff: 219.1380 | HD95: 32.6528 | LR: 0.000016
2025-08-17 01:59:20 INFO Epoch 044 | Train Loss: 0.3238 | Val Loss: 0.5790 | Dice: 0.4575 | softDice: 0.4227 | clDice: 0.4931 | softclDice: 0.5273 | IoU: 0.2968 | Tversky: 0.4575 | Hausdorff: 219.4715 | HD95: 32.5102 | LR: 0.000016
2025-08-17 02:00:52 INFO Epoch 045 | Train Loss: 0.3227 | Val Loss: 0.5787 | Dice: 0.4582 | softDice: 0.4235 | clDice: 0.4944 | softclDice: 0.5260 | IoU: 0.2973 | Tversky: 0.4582 | Hausdorff: 219.0497 | HD95: 32.7485 | LR: 0.000016
2025-08-17 02:02:24 INFO Epoch 046 | Train Loss: 0.3267 | Val Loss: 0.5788 | Dice: 0.4597 | softDice: 0.4246 | clDice: 0.4961 | softclDice: 0.5247 | IoU: 0.2987 | Tversky: 0.4597 | Hausdorff: 222.1991 | HD95: 32.2780 | LR: 0.000016
2025-08-17 02:03:54 INFO Epoch 047 | Train Loss: 0.3228 | Val Loss: 0.5791 | Dice: 0.4574 | softDice: 0.4236 | clDice: 0.4929 | softclDice: 0.5269 | IoU: 0.2967 | Tversky: 0.4574 | Hausdorff: 222.8640 | HD95: 32.7378 | LR: 0.000008
2025-08-17 02:05:29 INFO Epoch 048 | Train Loss: 0.3267 | Val Loss: 0.5795 | Dice: 0.4600 | softDice: 0.4253 | clDice: 0.4966 | softclDice: 0.5242 | IoU: 0.2989 | Tversky: 0.4600 | Hausdorff: 214.6130 | HD95: 31.7935 | LR: 0.000008
2025-08-17 02:06:58 INFO Epoch 049 | Train Loss: 0.3235 | Val Loss: 0.5787 | Dice: 0.4581 | softDice: 0.4234 | clDice: 0.4937 | softclDice: 0.5265 | IoU: 0.2973 | Tversky: 0.4581 | Hausdorff: 222.7865 | HD95: 32.3954 | LR: 0.000008
2025-08-17 02:08:29 INFO Epoch 050 | Train Loss: 0.3242 | Val Loss: 0.5787 | Dice: 0.4583 | softDice: 0.4240 | clDice: 0.4943 | softclDice: 0.5255 | IoU: 0.2974 | Tversky: 0.4583 | Hausdorff: 222.2084 | HD95: 32.8768 | LR: 0.000008
2025-08-17 02:08:29 INFO Training completed.
2025-08-17 02:08:53 INFO Fold 4 results: Dice: 0.4759 | softDice: 0.4217 | clDice: 0.5180 | softclDice: 0.5161 | IoU: 0.3125 | Tversky: 0.4759 | Hausdorff: 219.6187 | HD95: 36.2568
2025-08-17 02:08:53 INFO ===== Fold 5 / 5 =====
2025-08-17 02:08:53 INFO Loading model unet with settings {'name': 'unet', 'encoder_name': 'timm-efficientnet-b0', 'encoder_weights': 'imagenet', 'classes': 1, 'activation': None, 'dropout': 0.2}
2025-08-17 02:10:24 INFO Epoch 001 | Train Loss: 0.5981 | Val Loss: 0.6007 | Dice: 0.4382 | softDice: 0.2638 | clDice: 0.4961 | softclDice: 0.7656 | IoU: 0.2807 | Tversky: 0.4382 | Hausdorff: 269.4708 | HD95: 54.4422 | LR: 0.001000
2025-08-17 02:11:55 INFO Epoch 002 | Train Loss: 0.4240 | Val Loss: 0.5689 | Dice: 0.4550 | softDice: 0.3617 | clDice: 0.5060 | softclDice: 0.5969 | IoU: 0.2947 | Tversky: 0.4550 | Hausdorff: 243.3908 | HD95: 47.7038 | LR: 0.001000
2025-08-17 02:13:28 INFO Epoch 003 | Train Loss: 0.3971 | Val Loss: 0.5726 | Dice: 0.4662 | softDice: 0.3923 | clDice: 0.5275 | softclDice: 0.5434 | IoU: 0.3041 | Tversky: 0.4662 | Hausdorff: 204.1858 | HD95: 41.9107 | LR: 0.001000
2025-08-17 02:14:59 INFO Epoch 004 | Train Loss: 0.3860 | Val Loss: 0.5648 | Dice: 0.4693 | softDice: 0.4032 | clDice: 0.5182 | softclDice: 0.5403 | IoU: 0.3069 | Tversky: 0.4693 | Hausdorff: 229.7050 | HD95: 40.6809 | LR: 0.001000
2025-08-17 02:16:29 INFO Epoch 005 | Train Loss: 0.3816 | Val Loss: 0.5639 | Dice: 0.4731 | softDice: 0.4162 | clDice: 0.5239 | softclDice: 0.5211 | IoU: 0.3101 | Tversky: 0.4731 | Hausdorff: 193.2883 | HD95: 40.1048 | LR: 0.001000
2025-08-17 02:18:00 INFO Epoch 006 | Train Loss: 0.3788 | Val Loss: 0.5638 | Dice: 0.4753 | softDice: 0.4218 | clDice: 0.5282 | softclDice: 0.5146 | IoU: 0.3120 | Tversky: 0.4753 | Hausdorff: 204.3104 | HD95: 39.0445 | LR: 0.001000
2025-08-17 02:19:30 INFO Epoch 007 | Train Loss: 0.3770 | Val Loss: 0.5632 | Dice: 0.4774 | softDice: 0.4220 | clDice: 0.5315 | softclDice: 0.5103 | IoU: 0.3137 | Tversky: 0.4774 | Hausdorff: 206.7172 | HD95: 36.6172 | LR: 0.001000
2025-08-17 02:21:03 INFO Epoch 008 | Train Loss: 0.3728 | Val Loss: 0.5642 | Dice: 0.4736 | softDice: 0.4253 | clDice: 0.5217 | softclDice: 0.5152 | IoU: 0.3105 | Tversky: 0.4736 | Hausdorff: 197.5230 | HD95: 37.9428 | LR: 0.001000
2025-08-17 02:22:34 INFO Epoch 009 | Train Loss: 0.3737 | Val Loss: 0.5619 | Dice: 0.4716 | softDice: 0.4211 | clDice: 0.5174 | softclDice: 0.5173 | IoU: 0.3089 | Tversky: 0.4716 | Hausdorff: 196.6053 | HD95: 38.3063 | LR: 0.001000
2025-08-17 02:24:05 INFO Epoch 010 | Train Loss: 0.3699 | Val Loss: 0.5638 | Dice: 0.4773 | softDice: 0.4277 | clDice: 0.5308 | softclDice: 0.5060 | IoU: 0.3137 | Tversky: 0.4773 | Hausdorff: 206.7397 | HD95: 40.3614 | LR: 0.001000
2025-08-17 02:25:35 INFO Epoch 011 | Train Loss: 0.3696 | Val Loss: 0.5626 | Dice: 0.4730 | softDice: 0.4251 | clDice: 0.5183 | softclDice: 0.5154 | IoU: 0.3101 | Tversky: 0.4730 | Hausdorff: 207.0730 | HD95: 35.4134 | LR: 0.001000
2025-08-17 02:27:03 INFO Epoch 012 | Train Loss: 0.3663 | Val Loss: 0.5664 | Dice: 0.4810 | softDice: 0.4294 | clDice: 0.5392 | softclDice: 0.4977 | IoU: 0.3169 | Tversky: 0.4810 | Hausdorff: 196.4052 | HD95: 35.3621 | LR: 0.001000
2025-08-17 02:28:35 INFO Epoch 013 | Train Loss: 0.3655 | Val Loss: 0.5645 | Dice: 0.4780 | softDice: 0.4278 | clDice: 0.5314 | softclDice: 0.5043 | IoU: 0.3142 | Tversky: 0.4780 | Hausdorff: 199.5305 | HD95: 38.8909 | LR: 0.001000
2025-08-17 02:30:08 INFO Epoch 014 | Train Loss: 0.3626 | Val Loss: 0.5656 | Dice: 0.4786 | softDice: 0.4336 | clDice: 0.5343 | softclDice: 0.4983 | IoU: 0.3149 | Tversky: 0.4786 | Hausdorff: 196.1169 | HD95: 43.6110 | LR: 0.001000
2025-08-17 02:31:41 INFO Epoch 015 | Train Loss: 0.3621 | Val Loss: 0.5651 | Dice: 0.4753 | softDice: 0.4285 | clDice: 0.5230 | softclDice: 0.5114 | IoU: 0.3120 | Tversky: 0.4753 | Hausdorff: 211.0243 | HD95: 33.4056 | LR: 0.000500
2025-08-17 02:33:12 INFO Epoch 016 | Train Loss: 0.3605 | Val Loss: 0.5642 | Dice: 0.4762 | softDice: 0.4308 | clDice: 0.5218 | softclDice: 0.5086 | IoU: 0.3127 | Tversky: 0.4762 | Hausdorff: 192.5134 | HD95: 33.2225 | LR: 0.000500
2025-08-17 02:34:38 INFO Epoch 017 | Train Loss: 0.3552 | Val Loss: 0.5650 | Dice: 0.4724 | softDice: 0.4279 | clDice: 0.5198 | softclDice: 0.5099 | IoU: 0.3095 | Tversky: 0.4724 | Hausdorff: 196.8177 | HD95: 36.0595 | LR: 0.000500
2025-08-17 02:36:09 INFO Epoch 018 | Train Loss: 0.3525 | Val Loss: 0.5650 | Dice: 0.4705 | softDice: 0.4268 | clDice: 0.5151 | softclDice: 0.5124 | IoU: 0.3079 | Tversky: 0.4705 | Hausdorff: 199.7752 | HD95: 38.1767 | LR: 0.000500
2025-08-17 02:37:39 INFO Epoch 019 | Train Loss: 0.3505 | Val Loss: 0.5668 | Dice: 0.4699 | softDice: 0.4287 | clDice: 0.5147 | softclDice: 0.5117 | IoU: 0.3074 | Tversky: 0.4699 | Hausdorff: 196.8781 | HD95: 38.3531 | LR: 0.000500
2025-08-17 02:39:10 INFO Epoch 020 | Train Loss: 0.3496 | Val Loss: 0.5660 | Dice: 0.4551 | softDice: 0.4162 | clDice: 0.4919 | softclDice: 0.5352 | IoU: 0.2948 | Tversky: 0.4551 | Hausdorff: 207.4779 | HD95: 39.1521 | LR: 0.000500
2025-08-17 02:40:38 INFO Epoch 021 | Train Loss: 0.3486 | Val Loss: 0.5675 | Dice: 0.4686 | softDice: 0.4278 | clDice: 0.5141 | softclDice: 0.5132 | IoU: 0.3062 | Tversky: 0.4686 | Hausdorff: 199.9604 | HD95: 33.5346 | LR: 0.000250
2025-08-17 02:42:09 INFO Epoch 022 | Train Loss: 0.3429 | Val Loss: 0.5668 | Dice: 0.4631 | softDice: 0.4233 | clDice: 0.5049 | softclDice: 0.5213 | IoU: 0.3016 | Tversky: 0.4631 | Hausdorff: 195.8614 | HD95: 36.9136 | LR: 0.000250
2025-08-17 02:43:41 INFO Epoch 023 | Train Loss: 0.3422 | Val Loss: 0.5669 | Dice: 0.4599 | softDice: 0.4196 | clDice: 0.5011 | softclDice: 0.5244 | IoU: 0.2988 | Tversky: 0.4599 | Hausdorff: 194.7361 | HD95: 36.5409 | LR: 0.000250
2025-08-17 02:45:13 INFO Epoch 024 | Train Loss: 0.3401 | Val Loss: 0.5688 | Dice: 0.4651 | softDice: 0.4280 | clDice: 0.5086 | softclDice: 0.5161 | IoU: 0.3033 | Tversky: 0.4651 | Hausdorff: 205.6219 | HD95: 36.7211 | LR: 0.000250
2025-08-17 02:46:39 INFO Epoch 025 | Train Loss: 0.3373 | Val Loss: 0.5677 | Dice: 0.4642 | softDice: 0.4258 | clDice: 0.5071 | softclDice: 0.5183 | IoU: 0.3026 | Tversky: 0.4642 | Hausdorff: 196.5708 | HD95: 35.5174 | LR: 0.000250
2025-08-17 02:48:08 INFO Epoch 026 | Train Loss: 0.3363 | Val Loss: 0.5682 | Dice: 0.4615 | softDice: 0.4248 | clDice: 0.5019 | softclDice: 0.5215 | IoU: 0.3002 | Tversky: 0.4615 | Hausdorff: 197.4835 | HD95: 35.0968 | LR: 0.000250
2025-08-17 02:49:36 INFO Epoch 027 | Train Loss: 0.3339 | Val Loss: 0.5693 | Dice: 0.4578 | softDice: 0.4226 | clDice: 0.4969 | softclDice: 0.5250 | IoU: 0.2971 | Tversky: 0.4578 | Hausdorff: 198.5277 | HD95: 37.6458 | LR: 0.000125
2025-08-17 02:51:05 INFO Epoch 028 | Train Loss: 0.3310 | Val Loss: 0.5694 | Dice: 0.4574 | softDice: 0.4223 | clDice: 0.4947 | softclDice: 0.5262 | IoU: 0.2967 | Tversky: 0.4574 | Hausdorff: 202.1191 | HD95: 37.5158 | LR: 0.000125
2025-08-17 02:52:35 INFO Epoch 029 | Train Loss: 0.3304 | Val Loss: 0.5697 | Dice: 0.4553 | softDice: 0.4205 | clDice: 0.4932 | softclDice: 0.5286 | IoU: 0.2949 | Tversky: 0.4553 | Hausdorff: 203.9990 | HD95: 36.0859 | LR: 0.000125
2025-08-17 02:54:03 INFO Epoch 030 | Train Loss: 0.3279 | Val Loss: 0.5710 | Dice: 0.4532 | softDice: 0.4202 | clDice: 0.4905 | softclDice: 0.5294 | IoU: 0.2932 | Tversky: 0.4532 | Hausdorff: 191.8993 | HD95: 37.5694 | LR: 0.000125
2025-08-17 02:55:33 INFO Epoch 031 | Train Loss: 0.3265 | Val Loss: 0.5707 | Dice: 0.4523 | softDice: 0.4192 | clDice: 0.4880 | softclDice: 0.5314 | IoU: 0.2925 | Tversky: 0.4523 | Hausdorff: 204.7379 | HD95: 37.2185 | LR: 0.000125
2025-08-17 02:57:03 INFO Epoch 032 | Train Loss: 0.3272 | Val Loss: 0.5706 | Dice: 0.4516 | softDice: 0.4174 | clDice: 0.4885 | softclDice: 0.5331 | IoU: 0.2919 | Tversky: 0.4516 | Hausdorff: 204.3989 | HD95: 36.5663 | LR: 0.000125
2025-08-17 02:58:30 INFO Epoch 033 | Train Loss: 0.3252 | Val Loss: 0.5712 | Dice: 0.4502 | softDice: 0.4161 | clDice: 0.4857 | softclDice: 0.5360 | IoU: 0.2907 | Tversky: 0.4502 | Hausdorff: 198.4110 | HD95: 34.4468 | LR: 0.000063
2025-08-17 02:59:59 INFO Epoch 034 | Train Loss: 0.3242 | Val Loss: 0.5720 | Dice: 0.4524 | softDice: 0.4197 | clDice: 0.4889 | softclDice: 0.5310 | IoU: 0.2926 | Tversky: 0.4524 | Hausdorff: 196.8537 | HD95: 35.1956 | LR: 0.000063
2025-08-17 03:01:26 INFO Epoch 035 | Train Loss: 0.3233 | Val Loss: 0.5721 | Dice: 0.4560 | softDice: 0.4226 | clDice: 0.4940 | softclDice: 0.5269 | IoU: 0.2956 | Tversky: 0.4560 | Hausdorff: 197.0109 | HD95: 34.1952 | LR: 0.000063
2025-08-17 03:02:58 INFO Epoch 036 | Train Loss: 0.3211 | Val Loss: 0.5730 | Dice: 0.4525 | softDice: 0.4201 | clDice: 0.4894 | softclDice: 0.5307 | IoU: 0.2927 | Tversky: 0.4525 | Hausdorff: 200.3772 | HD95: 35.0295 | LR: 0.000063
2025-08-17 03:04:27 INFO Epoch 037 | Train Loss: 0.3199 | Val Loss: 0.5734 | Dice: 0.4505 | softDice: 0.4194 | clDice: 0.4873 | softclDice: 0.5320 | IoU: 0.2909 | Tversky: 0.4505 | Hausdorff: 198.0928 | HD95: 37.3882 | LR: 0.000063
2025-08-17 03:05:55 INFO Epoch 038 | Train Loss: 0.3203 | Val Loss: 0.5730 | Dice: 0.4526 | softDice: 0.4203 | clDice: 0.4893 | softclDice: 0.5312 | IoU: 0.2927 | Tversky: 0.4526 | Hausdorff: 199.3077 | HD95: 35.0652 | LR: 0.000063
2025-08-17 03:07:25 INFO Epoch 039 | Train Loss: 0.3195 | Val Loss: 0.5725 | Dice: 0.4505 | softDice: 0.4184 | clDice: 0.4876 | softclDice: 0.5329 | IoU: 0.2910 | Tversky: 0.4505 | Hausdorff: 199.2047 | HD95: 37.1883 | LR: 0.000031
2025-08-17 03:08:54 INFO Epoch 040 | Train Loss: 0.3189 | Val Loss: 0.5733 | Dice: 0.4542 | softDice: 0.4227 | clDice: 0.4928 | softclDice: 0.5272 | IoU: 0.2941 | Tversky: 0.4542 | Hausdorff: 198.4724 | HD95: 35.5256 | LR: 0.000031
2025-08-17 03:10:22 INFO Epoch 041 | Train Loss: 0.3179 | Val Loss: 0.5728 | Dice: 0.4486 | softDice: 0.4177 | clDice: 0.4847 | softclDice: 0.5350 | IoU: 0.2894 | Tversky: 0.4486 | Hausdorff: 206.0122 | HD95: 37.5723 | LR: 0.000031
2025-08-17 03:11:52 INFO Epoch 042 | Train Loss: 0.3197 | Val Loss: 0.5732 | Dice: 0.4512 | softDice: 0.4202 | clDice: 0.4876 | softclDice: 0.5317 | IoU: 0.2916 | Tversky: 0.4512 | Hausdorff: 198.9410 | HD95: 36.2825 | LR: 0.000031
2025-08-17 03:13:22 INFO Epoch 043 | Train Loss: 0.3173 | Val Loss: 0.5737 | Dice: 0.4489 | softDice: 0.4181 | clDice: 0.4848 | softclDice: 0.5341 | IoU: 0.2897 | Tversky: 0.4489 | Hausdorff: 198.3869 | HD95: 36.3940 | LR: 0.000031
2025-08-17 03:14:52 INFO Epoch 044 | Train Loss: 0.3180 | Val Loss: 0.5733 | Dice: 0.4523 | softDice: 0.4204 | clDice: 0.4891 | softclDice: 0.5304 | IoU: 0.2925 | Tversky: 0.4523 | Hausdorff: 199.4058 | HD95: 36.2501 | LR: 0.000031
2025-08-17 03:16:19 INFO Epoch 045 | Train Loss: 0.3158 | Val Loss: 0.5735 | Dice: 0.4493 | softDice: 0.4186 | clDice: 0.4848 | softclDice: 0.5335 | IoU: 0.2900 | Tversky: 0.4493 | Hausdorff: 199.4883 | HD95: 36.0528 | LR: 0.000016
2025-08-17 03:17:50 INFO Epoch 046 | Train Loss: 0.3155 | Val Loss: 0.5737 | Dice: 0.4500 | softDice: 0.4197 | clDice: 0.4858 | softclDice: 0.5329 | IoU: 0.2906 | Tversky: 0.4500 | Hausdorff: 199.2930 | HD95: 36.3145 | LR: 0.000016
2025-08-17 03:19:20 INFO Epoch 047 | Train Loss: 0.3168 | Val Loss: 0.5738 | Dice: 0.4503 | softDice: 0.4201 | clDice: 0.4863 | softclDice: 0.5318 | IoU: 0.2908 | Tversky: 0.4503 | Hausdorff: 198.6964 | HD95: 36.6124 | LR: 0.000016
2025-08-17 03:20:51 INFO Epoch 048 | Train Loss: 0.3141 | Val Loss: 0.5739 | Dice: 0.4485 | softDice: 0.4182 | clDice: 0.4839 | softclDice: 0.5346 | IoU: 0.2894 | Tversky: 0.4485 | Hausdorff: 199.3271 | HD95: 35.9908 | LR: 0.000016
2025-08-17 03:22:21 INFO Epoch 049 | Train Loss: 0.3167 | Val Loss: 0.5742 | Dice: 0.4479 | softDice: 0.4184 | clDice: 0.4831 | softclDice: 0.5350 | IoU: 0.2888 | Tversky: 0.4479 | Hausdorff: 199.0388 | HD95: 36.2908 | LR: 0.000016
2025-08-17 03:23:49 INFO Epoch 050 | Train Loss: 0.3179 | Val Loss: 0.5737 | Dice: 0.4495 | softDice: 0.4196 | clDice: 0.4853 | softclDice: 0.5331 | IoU: 0.2901 | Tversky: 0.4495 | Hausdorff: 199.1339 | HD95: 36.3994 | LR: 0.000016
2025-08-17 03:23:49 INFO Training completed.
2025-08-17 03:24:13 INFO Fold 5 results: Dice: 0.4716 | softDice: 0.4211 | clDice: 0.5174 | softclDice: 0.5173 | IoU: 0.3089 | Tversky: 0.4716 | Hausdorff: 196.6053 | HD95: 38.3063
2025-08-17 03:24:13 INFO ===== Cross-validation results =====
2025-08-17 03:24:13 INFO Dice: 0.4721 | softDice: 0.4198 | clDice: 0.5158 | softclDice: 0.5218 | IoU: 0.3095 | Tversky: 0.4721 | Hausdorff: 234.5747 | HD95: 37.0244
