2025-08-16 21:06:37 INFO Starting training with configuration: {'model': {'name': 'unet', 'encoder_name': 'resnet50', 'encoder_weights': 'imagenet', 'classes': 1, 'activation': None, 'dropout': 0.2}, 'dataset': {'root': '/data/smadper@alumno.upv.es/TFM/datasets/laticifers', 'patch_size': [512, 512], 'stride': [256, 256], 'num_patches': 50, 'num_workers': 8, 'positive_ratio': 0.8, 'fg_threshold': 0.04, 'feature_dirs': {'image': '/data/smadper@alumno.upv.es/TFM/datasets/laticifers/enhanced_images', 'mask': '/data/smadper@alumno.upv.es/TFM/datasets/laticifers/masks', 'distance': '/data/smadper@alumno.upv.es/TFM/datasets/laticifers/distance_maps_pt'}}, 'train': {'batch_size': 32, 'num_epochs': 50, 'learning_rate': 0.001, 'accumulation_steps': 1, 'save_dir': '/data/smadper@alumno.upv.es/TFM/checkpoints_cv2/unet/20250816_210637_unet_resnet50_bce0.5_dice0.5', 'log_interval': 1, 'patience': 100, 'mixed_precision': True, 'experiment_name': 'unet_resnet50_bce0.5_dice0.5', 'timestamp': '20250816_210637'}, 'test': {'batch_size': 1}, 'loss': {'name': 'bce', 'cldice_alpha': 0.5, 'use_topographic': False, 'combine_with': 'dice', 'weights': {'main': 0.5, 'combined': 0.5}, 'topo': {'alpha': 2.0, 'beta': 1.0}}}
2025-08-16 21:06:37 INFO Experiment name: unet_resnet50_bce0.5_dice0.5
2025-08-16 21:06:37 INFO ===== Fold 1 / 5 =====
2025-08-16 21:06:37 INFO Loading model unet with settings {'name': 'unet', 'encoder_name': 'resnet50', 'encoder_weights': 'imagenet', 'classes': 1, 'activation': None, 'dropout': 0.2}
2025-08-16 21:08:08 INFO Epoch 001 | Train Loss: 0.5484 | Val Loss: 0.5947 | Dice: 0.3651 | softDice: 0.2650 | clDice: 0.3969 | softclDice: 0.7285 | IoU: 0.2242 | Tversky: 0.3651 | Hausdorff: 275.2645 | HD95: 103.7320 | LR: 0.001000
2025-08-16 21:09:45 INFO Epoch 002 | Train Loss: 0.4191 | Val Loss: 0.5629 | Dice: 0.4123 | softDice: 0.3418 | clDice: 0.4489 | softclDice: 0.6179 | IoU: 0.2601 | Tversky: 0.4123 | Hausdorff: 254.3666 | HD95: 69.4840 | LR: 0.001000
2025-08-16 21:11:27 INFO Epoch 003 | Train Loss: 0.3995 | Val Loss: 0.5664 | Dice: 0.4493 | softDice: 0.3913 | clDice: 0.5014 | softclDice: 0.5511 | IoU: 0.2901 | Tversky: 0.4493 | Hausdorff: 258.5499 | HD95: 67.3110 | LR: 0.001000
2025-08-16 21:13:19 INFO Epoch 004 | Train Loss: 0.3897 | Val Loss: 0.5633 | Dice: 0.4434 | softDice: 0.3910 | clDice: 0.4852 | softclDice: 0.5621 | IoU: 0.2854 | Tversky: 0.4434 | Hausdorff: 229.6419 | HD95: 53.5179 | LR: 0.001000
2025-08-16 21:15:06 INFO Epoch 005 | Train Loss: 0.3873 | Val Loss: 0.5628 | Dice: 0.4529 | softDice: 0.3956 | clDice: 0.4963 | softclDice: 0.5527 | IoU: 0.2931 | Tversky: 0.4529 | Hausdorff: 228.0136 | HD95: 49.1756 | LR: 0.001000
2025-08-16 21:16:49 INFO Epoch 006 | Train Loss: 0.3801 | Val Loss: 0.5589 | Dice: 0.4634 | softDice: 0.4047 | clDice: 0.5063 | softclDice: 0.5387 | IoU: 0.3020 | Tversky: 0.4634 | Hausdorff: 235.7342 | HD95: 49.9881 | LR: 0.001000
2025-08-16 21:18:36 INFO Epoch 007 | Train Loss: 0.3791 | Val Loss: 0.5641 | Dice: 0.4611 | softDice: 0.4018 | clDice: 0.5074 | softclDice: 0.5396 | IoU: 0.3000 | Tversky: 0.4611 | Hausdorff: 241.7809 | HD95: 49.3674 | LR: 0.001000
2025-08-16 21:20:23 INFO Epoch 008 | Train Loss: 0.3778 | Val Loss: 0.5594 | Dice: 0.4698 | softDice: 0.4185 | clDice: 0.5166 | softclDice: 0.5218 | IoU: 0.3075 | Tversky: 0.4698 | Hausdorff: 232.5711 | HD95: 47.8278 | LR: 0.001000
2025-08-16 21:22:15 INFO Epoch 009 | Train Loss: 0.3780 | Val Loss: 0.5612 | Dice: 0.4531 | softDice: 0.4021 | clDice: 0.4947 | softclDice: 0.5446 | IoU: 0.2934 | Tversky: 0.4531 | Hausdorff: 233.1600 | HD95: 53.8860 | LR: 0.001000
2025-08-16 21:24:00 INFO Epoch 010 | Train Loss: 0.3767 | Val Loss: 0.5609 | Dice: 0.4648 | softDice: 0.4171 | clDice: 0.5075 | softclDice: 0.5262 | IoU: 0.3032 | Tversky: 0.4648 | Hausdorff: 237.0988 | HD95: 47.1443 | LR: 0.001000
2025-08-16 21:25:43 INFO Epoch 011 | Train Loss: 0.3778 | Val Loss: 0.5588 | Dice: 0.4536 | softDice: 0.4031 | clDice: 0.4914 | softclDice: 0.5431 | IoU: 0.2938 | Tversky: 0.4536 | Hausdorff: 237.6952 | HD95: 56.8394 | LR: 0.001000
2025-08-16 21:27:24 INFO Epoch 012 | Train Loss: 0.3763 | Val Loss: 0.5638 | Dice: 0.4689 | softDice: 0.4206 | clDice: 0.5189 | softclDice: 0.5158 | IoU: 0.3066 | Tversky: 0.4689 | Hausdorff: 226.7194 | HD95: 41.3584 | LR: 0.001000
2025-08-16 21:29:01 INFO Epoch 013 | Train Loss: 0.3748 | Val Loss: 0.5612 | Dice: 0.4780 | softDice: 0.4283 | clDice: 0.5302 | softclDice: 0.5089 | IoU: 0.3145 | Tversky: 0.4780 | Hausdorff: 237.9847 | HD95: 41.8441 | LR: 0.001000
2025-08-16 21:30:39 INFO Epoch 014 | Train Loss: 0.3724 | Val Loss: 0.5646 | Dice: 0.4656 | softDice: 0.4153 | clDice: 0.5191 | softclDice: 0.5208 | IoU: 0.3037 | Tversky: 0.4656 | Hausdorff: 225.8741 | HD95: 42.1642 | LR: 0.001000
2025-08-16 21:32:10 INFO Epoch 015 | Train Loss: 0.3719 | Val Loss: 0.5591 | Dice: 0.4585 | softDice: 0.4100 | clDice: 0.4986 | softclDice: 0.5332 | IoU: 0.2979 | Tversky: 0.4585 | Hausdorff: 228.1472 | HD95: 41.6737 | LR: 0.001000
2025-08-16 21:33:55 INFO Epoch 016 | Train Loss: 0.3725 | Val Loss: 0.5627 | Dice: 0.4655 | softDice: 0.4171 | clDice: 0.5082 | softclDice: 0.5282 | IoU: 0.3037 | Tversky: 0.4655 | Hausdorff: 227.6562 | HD95: 41.5578 | LR: 0.001000
2025-08-16 21:35:27 INFO Epoch 017 | Train Loss: 0.3725 | Val Loss: 0.5630 | Dice: 0.4749 | softDice: 0.4220 | clDice: 0.5213 | softclDice: 0.5135 | IoU: 0.3117 | Tversky: 0.4749 | Hausdorff: 251.5040 | HD95: 38.5250 | LR: 0.000500
2025-08-16 21:37:09 INFO Epoch 018 | Train Loss: 0.3679 | Val Loss: 0.5589 | Dice: 0.4819 | softDice: 0.4304 | clDice: 0.5310 | softclDice: 0.5050 | IoU: 0.3178 | Tversky: 0.4819 | Hausdorff: 238.8269 | HD95: 36.7523 | LR: 0.000500
2025-08-16 21:38:50 INFO Epoch 019 | Train Loss: 0.3679 | Val Loss: 0.5589 | Dice: 0.4721 | softDice: 0.4241 | clDice: 0.5139 | softclDice: 0.5193 | IoU: 0.3094 | Tversky: 0.4721 | Hausdorff: 228.8799 | HD95: 39.7094 | LR: 0.000500
2025-08-16 21:40:22 INFO Epoch 020 | Train Loss: 0.3648 | Val Loss: 0.5614 | Dice: 0.4744 | softDice: 0.4280 | clDice: 0.5204 | softclDice: 0.5153 | IoU: 0.3114 | Tversky: 0.4744 | Hausdorff: 233.6169 | HD95: 34.7241 | LR: 0.000500
2025-08-16 21:41:49 INFO Epoch 021 | Train Loss: 0.3662 | Val Loss: 0.5597 | Dice: 0.4769 | softDice: 0.4297 | clDice: 0.5231 | softclDice: 0.5114 | IoU: 0.3135 | Tversky: 0.4769 | Hausdorff: 239.0731 | HD95: 37.2073 | LR: 0.000500
2025-08-16 21:43:13 INFO Epoch 022 | Train Loss: 0.3647 | Val Loss: 0.5600 | Dice: 0.4727 | softDice: 0.4245 | clDice: 0.5160 | softclDice: 0.5165 | IoU: 0.3099 | Tversky: 0.4727 | Hausdorff: 236.2115 | HD95: 36.2161 | LR: 0.000500
2025-08-16 21:44:46 INFO Epoch 023 | Train Loss: 0.3645 | Val Loss: 0.5606 | Dice: 0.4686 | softDice: 0.4205 | clDice: 0.5135 | softclDice: 0.5203 | IoU: 0.3065 | Tversky: 0.4686 | Hausdorff: 227.5710 | HD95: 36.2386 | LR: 0.000250
2025-08-16 21:46:18 INFO Epoch 024 | Train Loss: 0.3621 | Val Loss: 0.5602 | Dice: 0.4751 | softDice: 0.4288 | clDice: 0.5205 | softclDice: 0.5109 | IoU: 0.3121 | Tversky: 0.4751 | Hausdorff: 228.1752 | HD95: 34.9690 | LR: 0.000250
2025-08-16 21:47:46 INFO Epoch 025 | Train Loss: 0.3637 | Val Loss: 0.5603 | Dice: 0.4787 | softDice: 0.4284 | clDice: 0.5269 | softclDice: 0.5091 | IoU: 0.3151 | Tversky: 0.4787 | Hausdorff: 250.2639 | HD95: 34.0578 | LR: 0.000250
2025-08-16 21:49:27 INFO Epoch 026 | Train Loss: 0.3617 | Val Loss: 0.5589 | Dice: 0.4798 | softDice: 0.4309 | clDice: 0.5271 | softclDice: 0.5072 | IoU: 0.3162 | Tversky: 0.4798 | Hausdorff: 230.8356 | HD95: 35.7449 | LR: 0.000250
2025-08-16 21:50:54 INFO Epoch 027 | Train Loss: 0.3618 | Val Loss: 0.5611 | Dice: 0.4790 | softDice: 0.4350 | clDice: 0.5239 | softclDice: 0.5070 | IoU: 0.3155 | Tversky: 0.4790 | Hausdorff: 227.6219 | HD95: 33.4675 | LR: 0.000250
2025-08-16 21:52:28 INFO Epoch 028 | Train Loss: 0.3600 | Val Loss: 0.5614 | Dice: 0.4747 | softDice: 0.4285 | clDice: 0.5189 | softclDice: 0.5149 | IoU: 0.3117 | Tversky: 0.4747 | Hausdorff: 243.2565 | HD95: 35.3244 | LR: 0.000250
2025-08-16 21:54:05 INFO Epoch 029 | Train Loss: 0.3606 | Val Loss: 0.5601 | Dice: 0.4809 | softDice: 0.4321 | clDice: 0.5272 | softclDice: 0.5069 | IoU: 0.3170 | Tversky: 0.4809 | Hausdorff: 228.3724 | HD95: 33.3398 | LR: 0.000125
2025-08-16 21:55:33 INFO Epoch 030 | Train Loss: 0.3600 | Val Loss: 0.5601 | Dice: 0.4826 | softDice: 0.4360 | clDice: 0.5300 | softclDice: 0.5030 | IoU: 0.3185 | Tversky: 0.4826 | Hausdorff: 231.9490 | HD95: 33.1491 | LR: 0.000125
2025-08-16 21:57:10 INFO Epoch 031 | Train Loss: 0.3555 | Val Loss: 0.5594 | Dice: 0.4737 | softDice: 0.4293 | clDice: 0.5166 | softclDice: 0.5136 | IoU: 0.3109 | Tversky: 0.4737 | Hausdorff: 235.8896 | HD95: 37.5375 | LR: 0.000125
2025-08-16 21:58:56 INFO Epoch 032 | Train Loss: 0.3555 | Val Loss: 0.5612 | Dice: 0.4762 | softDice: 0.4326 | clDice: 0.5204 | softclDice: 0.5103 | IoU: 0.3130 | Tversky: 0.4762 | Hausdorff: 234.4910 | HD95: 34.7215 | LR: 0.000125
2025-08-16 22:00:32 INFO Epoch 033 | Train Loss: 0.3561 | Val Loss: 0.5619 | Dice: 0.4768 | softDice: 0.4323 | clDice: 0.5206 | softclDice: 0.5119 | IoU: 0.3136 | Tversky: 0.4768 | Hausdorff: 325.9983 | HD95: 33.3011 | LR: 0.000125
2025-08-16 22:02:11 INFO Epoch 034 | Train Loss: 0.3540 | Val Loss: 0.5603 | Dice: 0.4780 | softDice: 0.4336 | clDice: 0.5219 | softclDice: 0.5097 | IoU: 0.3145 | Tversky: 0.4780 | Hausdorff: 234.6756 | HD95: 34.1577 | LR: 0.000125
2025-08-16 22:03:46 INFO Epoch 035 | Train Loss: 0.3557 | Val Loss: 0.5606 | Dice: 0.4767 | softDice: 0.4336 | clDice: 0.5206 | softclDice: 0.5089 | IoU: 0.3134 | Tversky: 0.4767 | Hausdorff: 235.2679 | HD95: 34.2711 | LR: 0.000063
2025-08-16 22:05:25 INFO Epoch 036 | Train Loss: 0.3548 | Val Loss: 0.5600 | Dice: 0.4786 | softDice: 0.4347 | clDice: 0.5229 | softclDice: 0.5084 | IoU: 0.3150 | Tversky: 0.4786 | Hausdorff: 235.4803 | HD95: 34.4669 | LR: 0.000063
2025-08-16 22:07:11 INFO Epoch 037 | Train Loss: 0.3528 | Val Loss: 0.5604 | Dice: 0.4787 | softDice: 0.4351 | clDice: 0.5224 | softclDice: 0.5074 | IoU: 0.3152 | Tversky: 0.4787 | Hausdorff: 236.6348 | HD95: 35.0011 | LR: 0.000063
2025-08-16 22:08:52 INFO Epoch 038 | Train Loss: 0.3555 | Val Loss: 0.5602 | Dice: 0.4772 | softDice: 0.4336 | clDice: 0.5198 | softclDice: 0.5099 | IoU: 0.3138 | Tversky: 0.4772 | Hausdorff: 236.8625 | HD95: 34.3238 | LR: 0.000063
2025-08-16 22:10:33 INFO Epoch 039 | Train Loss: 0.3531 | Val Loss: 0.5609 | Dice: 0.4748 | softDice: 0.4319 | clDice: 0.5167 | softclDice: 0.5123 | IoU: 0.3118 | Tversky: 0.4748 | Hausdorff: 235.1030 | HD95: 34.7254 | LR: 0.000063
2025-08-16 22:12:08 INFO Epoch 040 | Train Loss: 0.3532 | Val Loss: 0.5616 | Dice: 0.4771 | softDice: 0.4339 | clDice: 0.5206 | softclDice: 0.5099 | IoU: 0.3137 | Tversky: 0.4771 | Hausdorff: 235.8715 | HD95: 34.1178 | LR: 0.000063
2025-08-16 22:13:48 INFO Epoch 041 | Train Loss: 0.3523 | Val Loss: 0.5613 | Dice: 0.4774 | softDice: 0.4340 | clDice: 0.5206 | softclDice: 0.5092 | IoU: 0.3140 | Tversky: 0.4774 | Hausdorff: 236.2509 | HD95: 33.1502 | LR: 0.000031
2025-08-16 22:15:25 INFO Epoch 042 | Train Loss: 0.3522 | Val Loss: 0.5610 | Dice: 0.4739 | softDice: 0.4320 | clDice: 0.5133 | softclDice: 0.5146 | IoU: 0.3110 | Tversky: 0.4739 | Hausdorff: 235.4802 | HD95: 34.1574 | LR: 0.000031
2025-08-16 22:16:56 INFO Epoch 043 | Train Loss: 0.3505 | Val Loss: 0.5615 | Dice: 0.4750 | softDice: 0.4333 | clDice: 0.5148 | softclDice: 0.5138 | IoU: 0.3119 | Tversky: 0.4750 | Hausdorff: 235.3836 | HD95: 34.2938 | LR: 0.000031
2025-08-16 22:18:38 INFO Epoch 044 | Train Loss: 0.3495 | Val Loss: 0.5619 | Dice: 0.4763 | softDice: 0.4350 | clDice: 0.5167 | softclDice: 0.5116 | IoU: 0.3131 | Tversky: 0.4763 | Hausdorff: 333.6836 | HD95: 34.2666 | LR: 0.000031
2025-08-16 22:20:10 INFO Epoch 045 | Train Loss: 0.3496 | Val Loss: 0.5611 | Dice: 0.4778 | softDice: 0.4364 | clDice: 0.5188 | softclDice: 0.5099 | IoU: 0.3144 | Tversky: 0.4778 | Hausdorff: 333.9739 | HD95: 35.4539 | LR: 0.000031
2025-08-16 22:21:53 INFO Epoch 046 | Train Loss: 0.3510 | Val Loss: 0.5612 | Dice: 0.4753 | softDice: 0.4319 | clDice: 0.5159 | softclDice: 0.5139 | IoU: 0.3122 | Tversky: 0.4753 | Hausdorff: 333.5510 | HD95: 34.1837 | LR: 0.000031
2025-08-16 22:23:36 INFO Epoch 047 | Train Loss: 0.3492 | Val Loss: 0.5613 | Dice: 0.4770 | softDice: 0.4349 | clDice: 0.5189 | softclDice: 0.5113 | IoU: 0.3137 | Tversky: 0.4770 | Hausdorff: 235.5474 | HD95: 34.9421 | LR: 0.000016
2025-08-16 22:25:05 INFO Epoch 048 | Train Loss: 0.3486 | Val Loss: 0.5617 | Dice: 0.4745 | softDice: 0.4327 | clDice: 0.5145 | softclDice: 0.5150 | IoU: 0.3115 | Tversky: 0.4745 | Hausdorff: 331.6195 | HD95: 34.6043 | LR: 0.000016
2025-08-16 22:26:48 INFO Epoch 049 | Train Loss: 0.3500 | Val Loss: 0.5614 | Dice: 0.4764 | softDice: 0.4340 | clDice: 0.5167 | softclDice: 0.5128 | IoU: 0.3131 | Tversky: 0.4764 | Hausdorff: 333.0567 | HD95: 33.8683 | LR: 0.000016
2025-08-16 22:28:34 INFO Epoch 050 | Train Loss: 0.3489 | Val Loss: 0.5612 | Dice: 0.4748 | softDice: 0.4334 | clDice: 0.5143 | softclDice: 0.5137 | IoU: 0.3117 | Tversky: 0.4748 | Hausdorff: 235.5916 | HD95: 34.5705 | LR: 0.000016
2025-08-16 22:28:34 INFO Training completed.
2025-08-16 22:28:57 INFO Fold 1 results: Dice: 0.4536 | softDice: 0.4031 | clDice: 0.4914 | softclDice: 0.5431 | IoU: 0.2938 | Tversky: 0.4536 | Hausdorff: 237.6952 | HD95: 56.8394
2025-08-16 22:28:57 INFO ===== Fold 2 / 5 =====
2025-08-16 22:28:57 INFO Loading model unet with settings {'name': 'unet', 'encoder_name': 'resnet50', 'encoder_weights': 'imagenet', 'classes': 1, 'activation': None, 'dropout': 0.2}
2025-08-16 22:30:40 INFO Epoch 001 | Train Loss: 0.5153 | Val Loss: 0.5821 | Dice: 0.2724 | softDice: 0.2220 | clDice: 0.2840 | softclDice: 0.8052 | IoU: 0.1597 | Tversky: 0.2724 | Hausdorff: 447.7799 | HD95: 186.4738 | LR: 0.001000
2025-08-16 22:32:26 INFO Epoch 002 | Train Loss: 0.4115 | Val Loss: 0.5757 | Dice: 0.4434 | softDice: 0.3671 | clDice: 0.4846 | softclDice: 0.5844 | IoU: 0.2853 | Tversky: 0.4434 | Hausdorff: 311.6029 | HD95: 45.7903 | LR: 0.001000
2025-08-16 22:34:08 INFO Epoch 003 | Train Loss: 0.3961 | Val Loss: 0.5673 | Dice: 0.4309 | softDice: 0.3735 | clDice: 0.4649 | softclDice: 0.5799 | IoU: 0.2756 | Tversky: 0.4309 | Hausdorff: 317.4186 | HD95: 61.7058 | LR: 0.001000
2025-08-16 22:35:54 INFO Epoch 004 | Train Loss: 0.3914 | Val Loss: 0.5702 | Dice: 0.4526 | softDice: 0.3914 | clDice: 0.4953 | softclDice: 0.5469 | IoU: 0.2930 | Tversky: 0.4526 | Hausdorff: 312.3165 | HD95: 46.4377 | LR: 0.001000
2025-08-16 22:37:31 INFO Epoch 005 | Train Loss: 0.3871 | Val Loss: 0.5686 | Dice: 0.4678 | softDice: 0.4130 | clDice: 0.5157 | softclDice: 0.5256 | IoU: 0.3057 | Tversky: 0.4678 | Hausdorff: 259.4108 | HD95: 42.2214 | LR: 0.001000
2025-08-16 22:39:10 INFO Epoch 006 | Train Loss: 0.3840 | Val Loss: 0.5717 | Dice: 0.4675 | softDice: 0.4137 | clDice: 0.5131 | softclDice: 0.5273 | IoU: 0.3055 | Tversky: 0.4675 | Hausdorff: 278.2213 | HD95: 39.4991 | LR: 0.001000
2025-08-16 22:40:44 INFO Epoch 007 | Train Loss: 0.3819 | Val Loss: 0.5696 | Dice: 0.4588 | softDice: 0.4093 | clDice: 0.5029 | softclDice: 0.5345 | IoU: 0.2985 | Tversky: 0.4588 | Hausdorff: 311.6194 | HD95: 48.0794 | LR: 0.001000
2025-08-16 22:42:22 INFO Epoch 008 | Train Loss: 0.3809 | Val Loss: 0.5702 | Dice: 0.4539 | softDice: 0.4058 | clDice: 0.4958 | softclDice: 0.5382 | IoU: 0.2943 | Tversky: 0.4539 | Hausdorff: 268.9064 | HD95: 40.2372 | LR: 0.001000
2025-08-16 22:44:03 INFO Epoch 009 | Train Loss: 0.3756 | Val Loss: 0.5696 | Dice: 0.4707 | softDice: 0.4164 | clDice: 0.5149 | softclDice: 0.5269 | IoU: 0.3082 | Tversky: 0.4707 | Hausdorff: 291.6916 | HD95: 39.3456 | LR: 0.000500
2025-08-16 22:45:46 INFO Epoch 010 | Train Loss: 0.3717 | Val Loss: 0.5687 | Dice: 0.4675 | softDice: 0.4177 | clDice: 0.5104 | softclDice: 0.5252 | IoU: 0.3055 | Tversky: 0.4675 | Hausdorff: 263.5079 | HD95: 36.2498 | LR: 0.000500
2025-08-16 22:47:28 INFO Epoch 011 | Train Loss: 0.3702 | Val Loss: 0.5685 | Dice: 0.4695 | softDice: 0.4245 | clDice: 0.5127 | softclDice: 0.5195 | IoU: 0.3073 | Tversky: 0.4695 | Hausdorff: 256.5562 | HD95: 37.5274 | LR: 0.000500
2025-08-16 22:49:05 INFO Epoch 012 | Train Loss: 0.3704 | Val Loss: 0.5674 | Dice: 0.4708 | softDice: 0.4219 | clDice: 0.5140 | softclDice: 0.5201 | IoU: 0.3085 | Tversky: 0.4708 | Hausdorff: 263.0898 | HD95: 39.5677 | LR: 0.000500
2025-08-16 22:50:46 INFO Epoch 013 | Train Loss: 0.3665 | Val Loss: 0.5693 | Dice: 0.4749 | softDice: 0.4285 | clDice: 0.5181 | softclDice: 0.5156 | IoU: 0.3119 | Tversky: 0.4749 | Hausdorff: 266.1364 | HD95: 34.6498 | LR: 0.000500
2025-08-16 22:52:32 INFO Epoch 014 | Train Loss: 0.3695 | Val Loss: 0.5684 | Dice: 0.4690 | softDice: 0.4231 | clDice: 0.5116 | softclDice: 0.5212 | IoU: 0.3070 | Tversky: 0.4690 | Hausdorff: 262.8157 | HD95: 43.6322 | LR: 0.000500
2025-08-16 22:54:11 INFO Epoch 015 | Train Loss: 0.3687 | Val Loss: 0.5702 | Dice: 0.4739 | softDice: 0.4272 | clDice: 0.5184 | softclDice: 0.5131 | IoU: 0.3111 | Tversky: 0.4739 | Hausdorff: 262.9885 | HD95: 34.9224 | LR: 0.000250
2025-08-16 22:55:55 INFO Epoch 016 | Train Loss: 0.3651 | Val Loss: 0.5667 | Dice: 0.4798 | softDice: 0.4295 | clDice: 0.5257 | softclDice: 0.5090 | IoU: 0.3162 | Tversky: 0.4798 | Hausdorff: 262.9316 | HD95: 35.0984 | LR: 0.000250
2025-08-16 22:57:38 INFO Epoch 017 | Train Loss: 0.3661 | Val Loss: 0.5684 | Dice: 0.4721 | softDice: 0.4261 | clDice: 0.5153 | softclDice: 0.5173 | IoU: 0.3094 | Tversky: 0.4721 | Hausdorff: 289.3534 | HD95: 31.8008 | LR: 0.000250
2025-08-16 22:59:18 INFO Epoch 018 | Train Loss: 0.3636 | Val Loss: 0.5688 | Dice: 0.4790 | softDice: 0.4332 | clDice: 0.5273 | softclDice: 0.5063 | IoU: 0.3154 | Tversky: 0.4790 | Hausdorff: 289.1803 | HD95: 33.7824 | LR: 0.000250
2025-08-16 23:01:03 INFO Epoch 019 | Train Loss: 0.3632 | Val Loss: 0.5691 | Dice: 0.4778 | softDice: 0.4301 | clDice: 0.5273 | softclDice: 0.5065 | IoU: 0.3143 | Tversky: 0.4778 | Hausdorff: 287.1126 | HD95: 35.9619 | LR: 0.000250
2025-08-16 23:02:39 INFO Epoch 020 | Train Loss: 0.3639 | Val Loss: 0.5696 | Dice: 0.4777 | softDice: 0.4316 | clDice: 0.5258 | softclDice: 0.5094 | IoU: 0.3142 | Tversky: 0.4777 | Hausdorff: 288.4129 | HD95: 32.0633 | LR: 0.000250
2025-08-16 23:04:29 INFO Epoch 021 | Train Loss: 0.3609 | Val Loss: 0.5682 | Dice: 0.4731 | softDice: 0.4287 | clDice: 0.5183 | softclDice: 0.5144 | IoU: 0.3104 | Tversky: 0.4731 | Hausdorff: 320.4766 | HD95: 38.0794 | LR: 0.000250
2025-08-16 23:06:12 INFO Epoch 022 | Train Loss: 0.3603 | Val Loss: 0.5698 | Dice: 0.4767 | softDice: 0.4304 | clDice: 0.5200 | softclDice: 0.5146 | IoU: 0.3134 | Tversky: 0.4767 | Hausdorff: 303.6163 | HD95: 32.0016 | LR: 0.000125
2025-08-16 23:08:01 INFO Epoch 023 | Train Loss: 0.3630 | Val Loss: 0.5684 | Dice: 0.4779 | softDice: 0.4327 | clDice: 0.5221 | softclDice: 0.5096 | IoU: 0.3145 | Tversky: 0.4779 | Hausdorff: 351.9764 | HD95: 35.6915 | LR: 0.000125
2025-08-16 23:09:48 INFO Epoch 024 | Train Loss: 0.3593 | Val Loss: 0.5696 | Dice: 0.4732 | softDice: 0.4309 | clDice: 0.5173 | softclDice: 0.5145 | IoU: 0.3105 | Tversky: 0.4732 | Hausdorff: 347.9404 | HD95: 35.2482 | LR: 0.000125
2025-08-16 23:11:34 INFO Epoch 025 | Train Loss: 0.3581 | Val Loss: 0.5687 | Dice: 0.4713 | softDice: 0.4291 | clDice: 0.5144 | softclDice: 0.5158 | IoU: 0.3090 | Tversky: 0.4713 | Hausdorff: 315.9243 | HD95: 38.7511 | LR: 0.000125
2025-08-16 23:13:14 INFO Epoch 026 | Train Loss: 0.3578 | Val Loss: 0.5697 | Dice: 0.4808 | softDice: 0.4372 | clDice: 0.5272 | softclDice: 0.5036 | IoU: 0.3170 | Tversky: 0.4808 | Hausdorff: 323.6121 | HD95: 33.3578 | LR: 0.000125
2025-08-16 23:14:54 INFO Epoch 027 | Train Loss: 0.3593 | Val Loss: 0.5690 | Dice: 0.4775 | softDice: 0.4359 | clDice: 0.5229 | softclDice: 0.5054 | IoU: 0.3142 | Tversky: 0.4775 | Hausdorff: 295.0808 | HD95: 38.3710 | LR: 0.000125
2025-08-16 23:16:17 INFO Epoch 028 | Train Loss: 0.3556 | Val Loss: 0.5690 | Dice: 0.4741 | softDice: 0.4324 | clDice: 0.5181 | softclDice: 0.5131 | IoU: 0.3113 | Tversky: 0.4741 | Hausdorff: 305.0515 | HD95: 35.4424 | LR: 0.000063
2025-08-16 23:17:41 INFO Epoch 029 | Train Loss: 0.3573 | Val Loss: 0.5696 | Dice: 0.4807 | softDice: 0.4370 | clDice: 0.5286 | softclDice: 0.5040 | IoU: 0.3169 | Tversky: 0.4807 | Hausdorff: 362.6498 | HD95: 32.3568 | LR: 0.000063
2025-08-16 23:19:05 INFO Epoch 030 | Train Loss: 0.3539 | Val Loss: 0.5694 | Dice: 0.4771 | softDice: 0.4327 | clDice: 0.5226 | softclDice: 0.5103 | IoU: 0.3138 | Tversky: 0.4771 | Hausdorff: 351.9265 | HD95: 34.5671 | LR: 0.000063
2025-08-16 23:20:31 INFO Epoch 031 | Train Loss: 0.3546 | Val Loss: 0.5688 | Dice: 0.4758 | softDice: 0.4332 | clDice: 0.5193 | softclDice: 0.5117 | IoU: 0.3127 | Tversky: 0.4758 | Hausdorff: 250.9053 | HD95: 35.6876 | LR: 0.000063
2025-08-16 23:21:57 INFO Epoch 032 | Train Loss: 0.3532 | Val Loss: 0.5697 | Dice: 0.4776 | softDice: 0.4355 | clDice: 0.5224 | softclDice: 0.5081 | IoU: 0.3142 | Tversky: 0.4776 | Hausdorff: 318.3800 | HD95: 33.3104 | LR: 0.000063
2025-08-16 23:23:21 INFO Epoch 033 | Train Loss: 0.3547 | Val Loss: 0.5691 | Dice: 0.4814 | softDice: 0.4369 | clDice: 0.5263 | softclDice: 0.5054 | IoU: 0.3175 | Tversky: 0.4814 | Hausdorff: 305.3092 | HD95: 32.7545 | LR: 0.000063
2025-08-16 23:24:44 INFO Epoch 034 | Train Loss: 0.3527 | Val Loss: 0.5703 | Dice: 0.4779 | softDice: 0.4355 | clDice: 0.5221 | softclDice: 0.5096 | IoU: 0.3146 | Tversky: 0.4779 | Hausdorff: 380.2636 | HD95: 33.1759 | LR: 0.000031
2025-08-16 23:26:08 INFO Epoch 035 | Train Loss: 0.3528 | Val Loss: 0.5700 | Dice: 0.4786 | softDice: 0.4359 | clDice: 0.5229 | softclDice: 0.5074 | IoU: 0.3151 | Tversky: 0.4786 | Hausdorff: 378.9906 | HD95: 35.4685 | LR: 0.000031
2025-08-16 23:27:34 INFO Epoch 036 | Train Loss: 0.3516 | Val Loss: 0.5700 | Dice: 0.4759 | softDice: 0.4338 | clDice: 0.5185 | softclDice: 0.5120 | IoU: 0.3127 | Tversky: 0.4759 | Hausdorff: 377.2183 | HD95: 33.8069 | LR: 0.000031
2025-08-16 23:28:57 INFO Epoch 037 | Train Loss: 0.3517 | Val Loss: 0.5701 | Dice: 0.4771 | softDice: 0.4344 | clDice: 0.5215 | softclDice: 0.5100 | IoU: 0.3138 | Tversky: 0.4771 | Hausdorff: 302.7721 | HD95: 34.7558 | LR: 0.000031
2025-08-16 23:30:21 INFO Epoch 038 | Train Loss: 0.3518 | Val Loss: 0.5703 | Dice: 0.4741 | softDice: 0.4320 | clDice: 0.5180 | softclDice: 0.5142 | IoU: 0.3112 | Tversky: 0.4741 | Hausdorff: 386.9676 | HD95: 34.8419 | LR: 0.000031
2025-08-16 23:31:44 INFO Epoch 039 | Train Loss: 0.3515 | Val Loss: 0.5704 | Dice: 0.4748 | softDice: 0.4330 | clDice: 0.5175 | softclDice: 0.5143 | IoU: 0.3118 | Tversky: 0.4748 | Hausdorff: 392.7571 | HD95: 36.0710 | LR: 0.000031
2025-08-16 23:33:11 INFO Epoch 040 | Train Loss: 0.3507 | Val Loss: 0.5706 | Dice: 0.4748 | softDice: 0.4326 | clDice: 0.5184 | softclDice: 0.5132 | IoU: 0.3117 | Tversky: 0.4748 | Hausdorff: 389.3055 | HD95: 35.7943 | LR: 0.000016
2025-08-16 23:34:34 INFO Epoch 041 | Train Loss: 0.3501 | Val Loss: 0.5702 | Dice: 0.4754 | softDice: 0.4332 | clDice: 0.5188 | softclDice: 0.5135 | IoU: 0.3123 | Tversky: 0.4754 | Hausdorff: 363.1502 | HD95: 36.2769 | LR: 0.000016
2025-08-16 23:35:58 INFO Epoch 042 | Train Loss: 0.3498 | Val Loss: 0.5708 | Dice: 0.4764 | softDice: 0.4341 | clDice: 0.5202 | softclDice: 0.5120 | IoU: 0.3132 | Tversky: 0.4764 | Hausdorff: 403.9717 | HD95: 33.8883 | LR: 0.000016
2025-08-16 23:37:20 INFO Epoch 043 | Train Loss: 0.3505 | Val Loss: 0.5703 | Dice: 0.4760 | softDice: 0.4339 | clDice: 0.5192 | softclDice: 0.5123 | IoU: 0.3128 | Tversky: 0.4760 | Hausdorff: 402.4536 | HD95: 35.2373 | LR: 0.000016
2025-08-16 23:38:46 INFO Epoch 044 | Train Loss: 0.3516 | Val Loss: 0.5706 | Dice: 0.4753 | softDice: 0.4336 | clDice: 0.5192 | softclDice: 0.5121 | IoU: 0.3122 | Tversky: 0.4753 | Hausdorff: 393.7279 | HD95: 32.9858 | LR: 0.000016
2025-08-16 23:40:11 INFO Epoch 045 | Train Loss: 0.3492 | Val Loss: 0.5703 | Dice: 0.4759 | softDice: 0.4345 | clDice: 0.5190 | softclDice: 0.5117 | IoU: 0.3127 | Tversky: 0.4759 | Hausdorff: 389.2766 | HD95: 34.4171 | LR: 0.000016
2025-08-16 23:41:34 INFO Epoch 046 | Train Loss: 0.3471 | Val Loss: 0.5708 | Dice: 0.4745 | softDice: 0.4340 | clDice: 0.5175 | softclDice: 0.5125 | IoU: 0.3115 | Tversky: 0.4745 | Hausdorff: 393.3507 | HD95: 35.0248 | LR: 0.000008
2025-08-16 23:42:57 INFO Epoch 047 | Train Loss: 0.3480 | Val Loss: 0.5706 | Dice: 0.4745 | softDice: 0.4336 | clDice: 0.5181 | softclDice: 0.5128 | IoU: 0.3115 | Tversky: 0.4745 | Hausdorff: 389.5398 | HD95: 35.2008 | LR: 0.000008
2025-08-16 23:44:20 INFO Epoch 048 | Train Loss: 0.3498 | Val Loss: 0.5710 | Dice: 0.4741 | softDice: 0.4339 | clDice: 0.5181 | softclDice: 0.5125 | IoU: 0.3112 | Tversky: 0.4741 | Hausdorff: 401.8756 | HD95: 35.0956 | LR: 0.000008
2025-08-16 23:45:46 INFO Epoch 049 | Train Loss: 0.3492 | Val Loss: 0.5714 | Dice: 0.4740 | softDice: 0.4334 | clDice: 0.5186 | softclDice: 0.5124 | IoU: 0.3111 | Tversky: 0.4740 | Hausdorff: 404.5817 | HD95: 35.3002 | LR: 0.000008
2025-08-16 23:47:10 INFO Epoch 050 | Train Loss: 0.3488 | Val Loss: 0.5706 | Dice: 0.4743 | softDice: 0.4334 | clDice: 0.5177 | softclDice: 0.5127 | IoU: 0.3113 | Tversky: 0.4743 | Hausdorff: 393.5536 | HD95: 35.7949 | LR: 0.000008
2025-08-16 23:47:10 INFO Training completed.
2025-08-16 23:47:32 INFO Fold 2 results: Dice: 0.4798 | softDice: 0.4295 | clDice: 0.5257 | softclDice: 0.5090 | IoU: 0.3162 | Tversky: 0.4798 | Hausdorff: 262.9316 | HD95: 35.0984
2025-08-16 23:47:32 INFO ===== Fold 3 / 5 =====
2025-08-16 23:47:32 INFO Loading model unet with settings {'name': 'unet', 'encoder_name': 'resnet50', 'encoder_weights': 'imagenet', 'classes': 1, 'activation': None, 'dropout': 0.2}
2025-08-16 23:48:54 INFO Epoch 001 | Train Loss: 0.6115 | Val Loss: 0.6046 | Dice: 0.1144 | softDice: 0.1378 | clDice: 0.1146 | softclDice: 0.8517 | IoU: 0.0609 | Tversky: 0.1144 | Hausdorff: 446.5728 | HD95: 221.6989 | LR: 0.001000
2025-08-16 23:50:17 INFO Epoch 002 | Train Loss: 0.4484 | Val Loss: 0.5668 | Dice: 0.3959 | softDice: 0.3131 | clDice: 0.4287 | softclDice: 0.6377 | IoU: 0.2483 | Tversky: 0.3959 | Hausdorff: 283.2210 | HD95: 66.6014 | LR: 0.001000
2025-08-16 23:51:40 INFO Epoch 003 | Train Loss: 0.4037 | Val Loss: 0.5723 | Dice: 0.4237 | softDice: 0.3578 | clDice: 0.4601 | softclDice: 0.6018 | IoU: 0.2698 | Tversky: 0.4237 | Hausdorff: 294.0700 | HD95: 65.6376 | LR: 0.001000
2025-08-16 23:53:05 INFO Epoch 004 | Train Loss: 0.3931 | Val Loss: 0.5712 | Dice: 0.4626 | softDice: 0.3968 | clDice: 0.5197 | softclDice: 0.5404 | IoU: 0.3019 | Tversky: 0.4626 | Hausdorff: 256.8692 | HD95: 45.6707 | LR: 0.001000
2025-08-16 23:54:26 INFO Epoch 005 | Train Loss: 0.3878 | Val Loss: 0.5699 | Dice: 0.4673 | softDice: 0.4144 | clDice: 0.5138 | softclDice: 0.5297 | IoU: 0.3059 | Tversky: 0.4673 | Hausdorff: 308.4951 | HD95: 46.0319 | LR: 0.001000
2025-08-16 23:55:50 INFO Epoch 006 | Train Loss: 0.3839 | Val Loss: 0.5703 | Dice: 0.4705 | softDice: 0.4135 | clDice: 0.5199 | softclDice: 0.5310 | IoU: 0.3087 | Tversky: 0.4705 | Hausdorff: 241.0249 | HD95: 48.1276 | LR: 0.001000
2025-08-16 23:57:16 INFO Epoch 007 | Train Loss: 0.3825 | Val Loss: 0.5674 | Dice: 0.4711 | softDice: 0.4138 | clDice: 0.5229 | softclDice: 0.5173 | IoU: 0.3093 | Tversky: 0.4711 | Hausdorff: 267.1433 | HD95: 44.3898 | LR: 0.001000
2025-08-16 23:58:37 INFO Epoch 008 | Train Loss: 0.3784 | Val Loss: 0.5677 | Dice: 0.4756 | softDice: 0.4228 | clDice: 0.5296 | softclDice: 0.5111 | IoU: 0.3132 | Tversky: 0.4756 | Hausdorff: 227.9584 | HD95: 50.0232 | LR: 0.000500
2025-08-17 00:00:02 INFO Epoch 009 | Train Loss: 0.3736 | Val Loss: 0.5677 | Dice: 0.4811 | softDice: 0.4294 | clDice: 0.5319 | softclDice: 0.5051 | IoU: 0.3178 | Tversky: 0.4811 | Hausdorff: 220.5710 | HD95: 37.8049 | LR: 0.000500
2025-08-17 00:01:27 INFO Epoch 010 | Train Loss: 0.3729 | Val Loss: 0.5655 | Dice: 0.4902 | softDice: 0.4351 | clDice: 0.5458 | softclDice: 0.4937 | IoU: 0.3258 | Tversky: 0.4902 | Hausdorff: 224.1900 | HD95: 39.6723 | LR: 0.000500
2025-08-17 00:02:49 INFO Epoch 011 | Train Loss: 0.3713 | Val Loss: 0.5668 | Dice: 0.4751 | softDice: 0.4238 | clDice: 0.5240 | softclDice: 0.5130 | IoU: 0.3129 | Tversky: 0.4751 | Hausdorff: 247.4636 | HD95: 41.7755 | LR: 0.000500
2025-08-17 00:04:13 INFO Epoch 012 | Train Loss: 0.3713 | Val Loss: 0.5666 | Dice: 0.4842 | softDice: 0.4341 | clDice: 0.5371 | softclDice: 0.4948 | IoU: 0.3206 | Tversky: 0.4842 | Hausdorff: 243.4761 | HD95: 40.8430 | LR: 0.000500
2025-08-17 00:05:34 INFO Epoch 013 | Train Loss: 0.3694 | Val Loss: 0.5664 | Dice: 0.4797 | softDice: 0.4278 | clDice: 0.5291 | softclDice: 0.5056 | IoU: 0.3169 | Tversky: 0.4797 | Hausdorff: 248.9568 | HD95: 42.6903 | LR: 0.000500
2025-08-17 00:06:58 INFO Epoch 014 | Train Loss: 0.3702 | Val Loss: 0.5672 | Dice: 0.4763 | softDice: 0.4294 | clDice: 0.5301 | softclDice: 0.5023 | IoU: 0.3139 | Tversky: 0.4763 | Hausdorff: 238.9397 | HD95: 45.1749 | LR: 0.000500
2025-08-17 00:08:21 INFO Epoch 015 | Train Loss: 0.3693 | Val Loss: 0.5662 | Dice: 0.4637 | softDice: 0.4175 | clDice: 0.5094 | softclDice: 0.5246 | IoU: 0.3033 | Tversky: 0.4637 | Hausdorff: 333.7583 | HD95: 52.7421 | LR: 0.000500
2025-08-17 00:09:43 INFO Epoch 016 | Train Loss: 0.3706 | Val Loss: 0.5656 | Dice: 0.4927 | softDice: 0.4346 | clDice: 0.5487 | softclDice: 0.4924 | IoU: 0.3278 | Tversky: 0.4927 | Hausdorff: 276.0888 | HD95: 39.1628 | LR: 0.000250
2025-08-17 00:11:07 INFO Epoch 017 | Train Loss: 0.3655 | Val Loss: 0.5661 | Dice: 0.4833 | softDice: 0.4340 | clDice: 0.5380 | softclDice: 0.4939 | IoU: 0.3199 | Tversky: 0.4833 | Hausdorff: 234.3282 | HD95: 46.1150 | LR: 0.000250
2025-08-17 00:12:30 INFO Epoch 018 | Train Loss: 0.3639 | Val Loss: 0.5663 | Dice: 0.4831 | softDice: 0.4376 | clDice: 0.5345 | softclDice: 0.4948 | IoU: 0.3199 | Tversky: 0.4831 | Hausdorff: 218.0732 | HD95: 43.9110 | LR: 0.000250
2025-08-17 00:13:54 INFO Epoch 019 | Train Loss: 0.3632 | Val Loss: 0.5665 | Dice: 0.4827 | softDice: 0.4313 | clDice: 0.5364 | softclDice: 0.4995 | IoU: 0.3192 | Tversky: 0.4827 | Hausdorff: 222.8487 | HD95: 39.7725 | LR: 0.000250
2025-08-17 00:15:18 INFO Epoch 020 | Train Loss: 0.3625 | Val Loss: 0.5655 | Dice: 0.4816 | softDice: 0.4356 | clDice: 0.5319 | softclDice: 0.4995 | IoU: 0.3185 | Tversky: 0.4816 | Hausdorff: 235.0676 | HD95: 41.5762 | LR: 0.000250
2025-08-17 00:16:45 INFO Epoch 021 | Train Loss: 0.3601 | Val Loss: 0.5675 | Dice: 0.4652 | softDice: 0.4220 | clDice: 0.5106 | softclDice: 0.5180 | IoU: 0.3047 | Tversky: 0.4652 | Hausdorff: 235.0702 | HD95: 49.9696 | LR: 0.000250
2025-08-17 00:18:09 INFO Epoch 022 | Train Loss: 0.3636 | Val Loss: 0.5666 | Dice: 0.4662 | softDice: 0.4233 | clDice: 0.5100 | softclDice: 0.5182 | IoU: 0.3053 | Tversky: 0.4662 | Hausdorff: 259.6932 | HD95: 51.5048 | LR: 0.000125
2025-08-17 00:19:34 INFO Epoch 023 | Train Loss: 0.3608 | Val Loss: 0.5663 | Dice: 0.4896 | softDice: 0.4422 | clDice: 0.5431 | softclDice: 0.4882 | IoU: 0.3253 | Tversky: 0.4896 | Hausdorff: 229.9908 | HD95: 40.8924 | LR: 0.000125
2025-08-17 00:20:58 INFO Epoch 024 | Train Loss: 0.3578 | Val Loss: 0.5657 | Dice: 0.4891 | softDice: 0.4441 | clDice: 0.5429 | softclDice: 0.4881 | IoU: 0.3249 | Tversky: 0.4891 | Hausdorff: 239.0077 | HD95: 40.9464 | LR: 0.000125
2025-08-17 00:22:21 INFO Epoch 025 | Train Loss: 0.3581 | Val Loss: 0.5677 | Dice: 0.4828 | softDice: 0.4363 | clDice: 0.5355 | softclDice: 0.4958 | IoU: 0.3195 | Tversky: 0.4828 | Hausdorff: 229.1195 | HD95: 36.7922 | LR: 0.000125
2025-08-17 00:23:49 INFO Epoch 026 | Train Loss: 0.3583 | Val Loss: 0.5658 | Dice: 0.4888 | softDice: 0.4418 | clDice: 0.5412 | softclDice: 0.4898 | IoU: 0.3247 | Tversky: 0.4888 | Hausdorff: 238.9917 | HD95: 38.0234 | LR: 0.000125
2025-08-17 00:25:14 INFO Epoch 027 | Train Loss: 0.3564 | Val Loss: 0.5663 | Dice: 0.4880 | softDice: 0.4403 | clDice: 0.5425 | softclDice: 0.4889 | IoU: 0.3240 | Tversky: 0.4880 | Hausdorff: 238.5561 | HD95: 37.8976 | LR: 0.000125
2025-08-17 00:26:42 INFO Epoch 028 | Train Loss: 0.3585 | Val Loss: 0.5675 | Dice: 0.4857 | softDice: 0.4391 | clDice: 0.5385 | softclDice: 0.4943 | IoU: 0.3220 | Tversky: 0.4857 | Hausdorff: 237.0345 | HD95: 36.2883 | LR: 0.000063
2025-08-17 00:28:14 INFO Epoch 029 | Train Loss: 0.3549 | Val Loss: 0.5673 | Dice: 0.4876 | softDice: 0.4424 | clDice: 0.5415 | softclDice: 0.4888 | IoU: 0.3236 | Tversky: 0.4876 | Hausdorff: 241.2336 | HD95: 39.2194 | LR: 0.000063
2025-08-17 00:29:37 INFO Epoch 030 | Train Loss: 0.3557 | Val Loss: 0.5667 | Dice: 0.4891 | softDice: 0.4433 | clDice: 0.5424 | softclDice: 0.4884 | IoU: 0.3249 | Tversky: 0.4891 | Hausdorff: 240.3312 | HD95: 34.9693 | LR: 0.000063
2025-08-17 00:31:08 INFO Epoch 031 | Train Loss: 0.3541 | Val Loss: 0.5667 | Dice: 0.4901 | softDice: 0.4445 | clDice: 0.5440 | softclDice: 0.4861 | IoU: 0.3257 | Tversky: 0.4901 | Hausdorff: 241.5111 | HD95: 36.7703 | LR: 0.000063
2025-08-17 00:32:32 INFO Epoch 032 | Train Loss: 0.3549 | Val Loss: 0.5663 | Dice: 0.4860 | softDice: 0.4406 | clDice: 0.5368 | softclDice: 0.4947 | IoU: 0.3224 | Tversky: 0.4860 | Hausdorff: 237.5884 | HD95: 39.8970 | LR: 0.000063
2025-08-17 00:33:56 INFO Epoch 033 | Train Loss: 0.3538 | Val Loss: 0.5669 | Dice: 0.4875 | softDice: 0.4416 | clDice: 0.5419 | softclDice: 0.4896 | IoU: 0.3236 | Tversky: 0.4875 | Hausdorff: 239.2393 | HD95: 38.2726 | LR: 0.000063
2025-08-17 00:35:28 INFO Epoch 034 | Train Loss: 0.3546 | Val Loss: 0.5679 | Dice: 0.4858 | softDice: 0.4407 | clDice: 0.5371 | softclDice: 0.4937 | IoU: 0.3220 | Tversky: 0.4858 | Hausdorff: 239.0249 | HD95: 35.8492 | LR: 0.000031
2025-08-17 00:36:52 INFO Epoch 035 | Train Loss: 0.3539 | Val Loss: 0.5670 | Dice: 0.4887 | softDice: 0.4433 | clDice: 0.5425 | softclDice: 0.4883 | IoU: 0.3245 | Tversky: 0.4887 | Hausdorff: 244.5087 | HD95: 37.7072 | LR: 0.000031
2025-08-17 00:38:25 INFO Epoch 036 | Train Loss: 0.3527 | Val Loss: 0.5678 | Dice: 0.4858 | softDice: 0.4404 | clDice: 0.5388 | softclDice: 0.4923 | IoU: 0.3220 | Tversky: 0.4858 | Hausdorff: 238.8940 | HD95: 35.6865 | LR: 0.000031
2025-08-17 00:39:49 INFO Epoch 037 | Train Loss: 0.3505 | Val Loss: 0.5678 | Dice: 0.4862 | softDice: 0.4429 | clDice: 0.5377 | softclDice: 0.4915 | IoU: 0.3223 | Tversky: 0.4862 | Hausdorff: 243.5682 | HD95: 36.7675 | LR: 0.000031
2025-08-17 00:41:15 INFO Epoch 038 | Train Loss: 0.3520 | Val Loss: 0.5686 | Dice: 0.4853 | softDice: 0.4410 | clDice: 0.5375 | softclDice: 0.4918 | IoU: 0.3217 | Tversky: 0.4853 | Hausdorff: 243.8736 | HD95: 35.6075 | LR: 0.000031
2025-08-17 00:42:39 INFO Epoch 039 | Train Loss: 0.3515 | Val Loss: 0.5681 | Dice: 0.4816 | softDice: 0.4381 | clDice: 0.5317 | softclDice: 0.4977 | IoU: 0.3184 | Tversky: 0.4816 | Hausdorff: 247.4041 | HD95: 38.4300 | LR: 0.000031
2025-08-17 00:44:01 INFO Epoch 040 | Train Loss: 0.3536 | Val Loss: 0.5674 | Dice: 0.4861 | softDice: 0.4423 | clDice: 0.5380 | softclDice: 0.4916 | IoU: 0.3223 | Tversky: 0.4861 | Hausdorff: 249.4582 | HD95: 36.6948 | LR: 0.000016
2025-08-17 00:45:28 INFO Epoch 041 | Train Loss: 0.3498 | Val Loss: 0.5681 | Dice: 0.4844 | softDice: 0.4405 | clDice: 0.5361 | softclDice: 0.4938 | IoU: 0.3208 | Tversky: 0.4844 | Hausdorff: 247.6140 | HD95: 37.1647 | LR: 0.000016
2025-08-17 00:46:54 INFO Epoch 042 | Train Loss: 0.3506 | Val Loss: 0.5678 | Dice: 0.4835 | softDice: 0.4398 | clDice: 0.5346 | softclDice: 0.4954 | IoU: 0.3201 | Tversky: 0.4835 | Hausdorff: 246.7713 | HD95: 38.2200 | LR: 0.000016
2025-08-17 00:48:24 INFO Epoch 043 | Train Loss: 0.3493 | Val Loss: 0.5683 | Dice: 0.4841 | softDice: 0.4404 | clDice: 0.5353 | softclDice: 0.4951 | IoU: 0.3206 | Tversky: 0.4841 | Hausdorff: 243.5081 | HD95: 37.2959 | LR: 0.000016
2025-08-17 00:49:47 INFO Epoch 044 | Train Loss: 0.3522 | Val Loss: 0.5676 | Dice: 0.4855 | softDice: 0.4408 | clDice: 0.5373 | softclDice: 0.4944 | IoU: 0.3217 | Tversky: 0.4855 | Hausdorff: 238.0404 | HD95: 37.8257 | LR: 0.000016
2025-08-17 00:51:10 INFO Epoch 045 | Train Loss: 0.3517 | Val Loss: 0.5680 | Dice: 0.4870 | softDice: 0.4422 | clDice: 0.5398 | softclDice: 0.4919 | IoU: 0.3230 | Tversky: 0.4870 | Hausdorff: 236.5146 | HD95: 36.1957 | LR: 0.000016
2025-08-17 00:52:38 INFO Epoch 046 | Train Loss: 0.3520 | Val Loss: 0.5673 | Dice: 0.4888 | softDice: 0.4430 | clDice: 0.5422 | softclDice: 0.4889 | IoU: 0.3246 | Tversky: 0.4888 | Hausdorff: 239.2524 | HD95: 35.7967 | LR: 0.000008
2025-08-17 00:54:01 INFO Epoch 047 | Train Loss: 0.3528 | Val Loss: 0.5675 | Dice: 0.4851 | softDice: 0.4408 | clDice: 0.5368 | softclDice: 0.4937 | IoU: 0.3215 | Tversky: 0.4851 | Hausdorff: 236.5569 | HD95: 37.4236 | LR: 0.000008
2025-08-17 00:55:25 INFO Epoch 048 | Train Loss: 0.3517 | Val Loss: 0.5678 | Dice: 0.4842 | softDice: 0.4393 | clDice: 0.5358 | softclDice: 0.4954 | IoU: 0.3206 | Tversky: 0.4842 | Hausdorff: 237.0382 | HD95: 37.4063 | LR: 0.000008
2025-08-17 00:56:56 INFO Epoch 049 | Train Loss: 0.3507 | Val Loss: 0.5679 | Dice: 0.4851 | softDice: 0.4407 | clDice: 0.5362 | softclDice: 0.4945 | IoU: 0.3214 | Tversky: 0.4851 | Hausdorff: 274.2164 | HD95: 37.6055 | LR: 0.000008
2025-08-17 00:58:18 INFO Epoch 050 | Train Loss: 0.3502 | Val Loss: 0.5679 | Dice: 0.4849 | softDice: 0.4403 | clDice: 0.5364 | softclDice: 0.4947 | IoU: 0.3213 | Tversky: 0.4849 | Hausdorff: 237.1347 | HD95: 38.0042 | LR: 0.000008
2025-08-17 00:58:18 INFO Training completed.
2025-08-17 00:58:41 INFO Fold 3 results: Dice: 0.4902 | softDice: 0.4351 | clDice: 0.5458 | softclDice: 0.4937 | IoU: 0.3258 | Tversky: 0.4902 | Hausdorff: 224.1900 | HD95: 39.6723
2025-08-17 00:58:41 INFO ===== Fold 4 / 5 =====
2025-08-17 00:58:41 INFO Loading model unet with settings {'name': 'unet', 'encoder_name': 'resnet50', 'encoder_weights': 'imagenet', 'classes': 1, 'activation': None, 'dropout': 0.2}
2025-08-17 01:00:12 INFO Epoch 001 | Train Loss: 0.5037 | Val Loss: 0.5838 | Dice: 0.4177 | softDice: 0.3276 | clDice: 0.4704 | softclDice: 0.6553 | IoU: 0.2641 | Tversky: 0.4177 | Hausdorff: 404.7627 | HD95: 65.3410 | LR: 0.001000
2025-08-17 01:01:39 INFO Epoch 002 | Train Loss: 0.4108 | Val Loss: 0.5813 | Dice: 0.4242 | softDice: 0.3513 | clDice: 0.4564 | softclDice: 0.5940 | IoU: 0.2693 | Tversky: 0.4242 | Hausdorff: 483.0540 | HD95: 69.8684 | LR: 0.001000
2025-08-17 01:03:09 INFO Epoch 003 | Train Loss: 0.3946 | Val Loss: 0.5726 | Dice: 0.4529 | softDice: 0.3953 | clDice: 0.4955 | softclDice: 0.5476 | IoU: 0.2930 | Tversky: 0.4529 | Hausdorff: 260.2079 | HD95: 46.6215 | LR: 0.001000
2025-08-17 01:04:35 INFO Epoch 004 | Train Loss: 0.3865 | Val Loss: 0.5758 | Dice: 0.4635 | softDice: 0.4034 | clDice: 0.5079 | softclDice: 0.5407 | IoU: 0.3020 | Tversky: 0.4635 | Hausdorff: 283.7412 | HD95: 53.6390 | LR: 0.001000
2025-08-17 01:05:57 INFO Epoch 005 | Train Loss: 0.3843 | Val Loss: 0.5719 | Dice: 0.4443 | softDice: 0.3966 | clDice: 0.4770 | softclDice: 0.5560 | IoU: 0.2858 | Tversky: 0.4443 | Hausdorff: 256.4339 | HD95: 46.2559 | LR: 0.001000
2025-08-17 01:07:25 INFO Epoch 006 | Train Loss: 0.3825 | Val Loss: 0.5700 | Dice: 0.4755 | softDice: 0.4215 | clDice: 0.5228 | softclDice: 0.5128 | IoU: 0.3121 | Tversky: 0.4755 | Hausdorff: 215.2112 | HD95: 42.5104 | LR: 0.001000
2025-08-17 01:08:49 INFO Epoch 007 | Train Loss: 0.3804 | Val Loss: 0.5698 | Dice: 0.4699 | softDice: 0.4147 | clDice: 0.5155 | softclDice: 0.5248 | IoU: 0.3073 | Tversky: 0.4699 | Hausdorff: 260.5493 | HD95: 41.5869 | LR: 0.001000
2025-08-17 01:10:17 INFO Epoch 008 | Train Loss: 0.3799 | Val Loss: 0.5689 | Dice: 0.4640 | softDice: 0.4094 | clDice: 0.5091 | softclDice: 0.5241 | IoU: 0.3023 | Tversky: 0.4640 | Hausdorff: 246.9390 | HD95: 46.8978 | LR: 0.001000
2025-08-17 01:11:53 INFO Epoch 009 | Train Loss: 0.3741 | Val Loss: 0.5703 | Dice: 0.4771 | softDice: 0.4238 | clDice: 0.5294 | softclDice: 0.5049 | IoU: 0.3135 | Tversky: 0.4771 | Hausdorff: 240.7226 | HD95: 45.0900 | LR: 0.001000
2025-08-17 01:13:19 INFO Epoch 010 | Train Loss: 0.3763 | Val Loss: 0.5721 | Dice: 0.4793 | softDice: 0.4318 | clDice: 0.5331 | softclDice: 0.4982 | IoU: 0.3155 | Tversky: 0.4793 | Hausdorff: 235.4102 | HD95: 42.9552 | LR: 0.001000
2025-08-17 01:14:52 INFO Epoch 011 | Train Loss: 0.3726 | Val Loss: 0.5717 | Dice: 0.4731 | softDice: 0.4168 | clDice: 0.5235 | softclDice: 0.5180 | IoU: 0.3100 | Tversky: 0.4731 | Hausdorff: 288.8397 | HD95: 38.7520 | LR: 0.001000
2025-08-17 01:16:16 INFO Epoch 012 | Train Loss: 0.3744 | Val Loss: 0.5677 | Dice: 0.4779 | softDice: 0.4270 | clDice: 0.5241 | softclDice: 0.5099 | IoU: 0.3142 | Tversky: 0.4779 | Hausdorff: 215.9085 | HD95: 36.6031 | LR: 0.001000
2025-08-17 01:17:44 INFO Epoch 013 | Train Loss: 0.3722 | Val Loss: 0.5706 | Dice: 0.4816 | softDice: 0.4268 | clDice: 0.5301 | softclDice: 0.5065 | IoU: 0.3174 | Tversky: 0.4816 | Hausdorff: 286.9193 | HD95: 36.4199 | LR: 0.001000
2025-08-17 01:19:15 INFO Epoch 014 | Train Loss: 0.3726 | Val Loss: 0.5686 | Dice: 0.4839 | softDice: 0.4258 | clDice: 0.5359 | softclDice: 0.4969 | IoU: 0.3195 | Tversky: 0.4839 | Hausdorff: 249.8485 | HD95: 37.9643 | LR: 0.001000
2025-08-17 01:20:40 INFO Epoch 015 | Train Loss: 0.3715 | Val Loss: 0.5734 | Dice: 0.4736 | softDice: 0.4171 | clDice: 0.5297 | softclDice: 0.5070 | IoU: 0.3105 | Tversky: 0.4736 | Hausdorff: 222.0277 | HD95: 32.8279 | LR: 0.001000
2025-08-17 01:22:17 INFO Epoch 016 | Train Loss: 0.3699 | Val Loss: 0.5714 | Dice: 0.4670 | softDice: 0.4214 | clDice: 0.5105 | softclDice: 0.5208 | IoU: 0.3050 | Tversky: 0.4670 | Hausdorff: 238.3157 | HD95: 43.4617 | LR: 0.001000
2025-08-17 01:23:41 INFO Epoch 017 | Train Loss: 0.3714 | Val Loss: 0.5731 | Dice: 0.4818 | softDice: 0.4307 | clDice: 0.5338 | softclDice: 0.5026 | IoU: 0.3176 | Tversky: 0.4818 | Hausdorff: 308.8910 | HD95: 35.3863 | LR: 0.001000
2025-08-17 01:25:09 INFO Epoch 018 | Train Loss: 0.3686 | Val Loss: 0.5709 | Dice: 0.4879 | softDice: 0.4355 | clDice: 0.5400 | softclDice: 0.4913 | IoU: 0.3230 | Tversky: 0.4879 | Hausdorff: 226.1656 | HD95: 32.7100 | LR: 0.000500
2025-08-17 01:26:41 INFO Epoch 019 | Train Loss: 0.3663 | Val Loss: 0.5686 | Dice: 0.4797 | softDice: 0.4312 | clDice: 0.5255 | softclDice: 0.5024 | IoU: 0.3158 | Tversky: 0.4797 | Hausdorff: 209.0997 | HD95: 41.3513 | LR: 0.000500
2025-08-17 01:28:04 INFO Epoch 020 | Train Loss: 0.3638 | Val Loss: 0.5679 | Dice: 0.4860 | softDice: 0.4386 | clDice: 0.5321 | softclDice: 0.4967 | IoU: 0.3213 | Tversky: 0.4860 | Hausdorff: 208.3884 | HD95: 36.3690 | LR: 0.000500
2025-08-17 01:29:34 INFO Epoch 021 | Train Loss: 0.3647 | Val Loss: 0.5677 | Dice: 0.4805 | softDice: 0.4291 | clDice: 0.5263 | softclDice: 0.5059 | IoU: 0.3165 | Tversky: 0.4805 | Hausdorff: 240.0456 | HD95: 34.1409 | LR: 0.000500
2025-08-17 01:31:02 INFO Epoch 022 | Train Loss: 0.3639 | Val Loss: 0.5681 | Dice: 0.4890 | softDice: 0.4337 | clDice: 0.5441 | softclDice: 0.4918 | IoU: 0.3239 | Tversky: 0.4890 | Hausdorff: 205.7237 | HD95: 33.4311 | LR: 0.000500
2025-08-17 01:32:30 INFO Epoch 023 | Train Loss: 0.3625 | Val Loss: 0.5694 | Dice: 0.4933 | softDice: 0.4441 | clDice: 0.5461 | softclDice: 0.4846 | IoU: 0.3277 | Tversky: 0.4933 | Hausdorff: 235.8140 | HD95: 32.0585 | LR: 0.000500
2025-08-17 01:34:00 INFO Epoch 024 | Train Loss: 0.3609 | Val Loss: 0.5702 | Dice: 0.4750 | softDice: 0.4284 | clDice: 0.5222 | softclDice: 0.5080 | IoU: 0.3117 | Tversky: 0.4750 | Hausdorff: 210.2490 | HD95: 37.3619 | LR: 0.000250
2025-08-17 01:35:23 INFO Epoch 025 | Train Loss: 0.3597 | Val Loss: 0.5689 | Dice: 0.4861 | softDice: 0.4398 | clDice: 0.5339 | softclDice: 0.4942 | IoU: 0.3214 | Tversky: 0.4861 | Hausdorff: 233.9942 | HD95: 30.2866 | LR: 0.000250
2025-08-17 01:37:06 INFO Epoch 026 | Train Loss: 0.3576 | Val Loss: 0.5691 | Dice: 0.4786 | softDice: 0.4339 | clDice: 0.5262 | softclDice: 0.5005 | IoU: 0.3149 | Tversky: 0.4786 | Hausdorff: 207.9021 | HD95: 35.1810 | LR: 0.000250
2025-08-17 01:38:48 INFO Epoch 027 | Train Loss: 0.3585 | Val Loss: 0.5690 | Dice: 0.4772 | softDice: 0.4303 | clDice: 0.5219 | softclDice: 0.5079 | IoU: 0.3136 | Tversky: 0.4772 | Hausdorff: 201.7213 | HD95: 33.5803 | LR: 0.000250
2025-08-17 01:40:22 INFO Epoch 028 | Train Loss: 0.3577 | Val Loss: 0.5730 | Dice: 0.4735 | softDice: 0.4283 | clDice: 0.5195 | softclDice: 0.5084 | IoU: 0.3104 | Tversky: 0.4735 | Hausdorff: 208.4254 | HD95: 29.1621 | LR: 0.000250
2025-08-17 01:41:58 INFO Epoch 029 | Train Loss: 0.3571 | Val Loss: 0.5691 | Dice: 0.4765 | softDice: 0.4331 | clDice: 0.5212 | softclDice: 0.5066 | IoU: 0.3130 | Tversky: 0.4765 | Hausdorff: 216.3002 | HD95: 36.8503 | LR: 0.000250
2025-08-17 01:43:36 INFO Epoch 030 | Train Loss: 0.3572 | Val Loss: 0.5696 | Dice: 0.4836 | softDice: 0.4379 | clDice: 0.5322 | softclDice: 0.4957 | IoU: 0.3192 | Tversky: 0.4836 | Hausdorff: 211.8606 | HD95: 29.4125 | LR: 0.000125
2025-08-17 01:45:06 INFO Epoch 031 | Train Loss: 0.3533 | Val Loss: 0.5702 | Dice: 0.4869 | softDice: 0.4391 | clDice: 0.5365 | softclDice: 0.4923 | IoU: 0.3221 | Tversky: 0.4869 | Hausdorff: 225.8785 | HD95: 28.3561 | LR: 0.000125
2025-08-17 01:46:38 INFO Epoch 032 | Train Loss: 0.3551 | Val Loss: 0.5694 | Dice: 0.4859 | softDice: 0.4393 | clDice: 0.5353 | softclDice: 0.4938 | IoU: 0.3212 | Tversky: 0.4859 | Hausdorff: 217.9951 | HD95: 29.0092 | LR: 0.000125
2025-08-17 01:48:11 INFO Epoch 033 | Train Loss: 0.3536 | Val Loss: 0.5701 | Dice: 0.4834 | softDice: 0.4382 | clDice: 0.5324 | softclDice: 0.4958 | IoU: 0.3191 | Tversky: 0.4834 | Hausdorff: 289.8851 | HD95: 30.2922 | LR: 0.000125
2025-08-17 01:49:49 INFO Epoch 034 | Train Loss: 0.3552 | Val Loss: 0.5709 | Dice: 0.4869 | softDice: 0.4408 | clDice: 0.5371 | softclDice: 0.4928 | IoU: 0.3220 | Tversky: 0.4869 | Hausdorff: 221.6127 | HD95: 26.7951 | LR: 0.000125
2025-08-17 01:51:22 INFO Epoch 035 | Train Loss: 0.3534 | Val Loss: 0.5696 | Dice: 0.4847 | softDice: 0.4387 | clDice: 0.5308 | softclDice: 0.4974 | IoU: 0.3201 | Tversky: 0.4847 | Hausdorff: 218.5094 | HD95: 28.3568 | LR: 0.000125
2025-08-17 01:53:00 INFO Epoch 036 | Train Loss: 0.3520 | Val Loss: 0.5704 | Dice: 0.4863 | softDice: 0.4405 | clDice: 0.5342 | softclDice: 0.4945 | IoU: 0.3215 | Tversky: 0.4863 | Hausdorff: 267.2290 | HD95: 28.0516 | LR: 0.000063
2025-08-17 01:54:41 INFO Epoch 037 | Train Loss: 0.3506 | Val Loss: 0.5701 | Dice: 0.4822 | softDice: 0.4377 | clDice: 0.5263 | softclDice: 0.5006 | IoU: 0.3180 | Tversky: 0.4822 | Hausdorff: 209.9751 | HD95: 30.4617 | LR: 0.000063
2025-08-17 01:56:12 INFO Epoch 038 | Train Loss: 0.3497 | Val Loss: 0.5696 | Dice: 0.4841 | softDice: 0.4405 | clDice: 0.5302 | softclDice: 0.4959 | IoU: 0.3197 | Tversky: 0.4841 | Hausdorff: 225.0744 | HD95: 31.0314 | LR: 0.000063
2025-08-17 01:57:48 INFO Epoch 039 | Train Loss: 0.3498 | Val Loss: 0.5700 | Dice: 0.4862 | softDice: 0.4417 | clDice: 0.5333 | softclDice: 0.4933 | IoU: 0.3215 | Tversky: 0.4862 | Hausdorff: 223.2474 | HD95: 29.7875 | LR: 0.000063
2025-08-17 01:59:13 INFO Epoch 040 | Train Loss: 0.3522 | Val Loss: 0.5704 | Dice: 0.4829 | softDice: 0.4381 | clDice: 0.5281 | softclDice: 0.4984 | IoU: 0.3186 | Tversky: 0.4829 | Hausdorff: 222.5144 | HD95: 30.4147 | LR: 0.000063
2025-08-17 02:00:50 INFO Epoch 041 | Train Loss: 0.3481 | Val Loss: 0.5720 | Dice: 0.4819 | softDice: 0.4388 | clDice: 0.5288 | softclDice: 0.4983 | IoU: 0.3178 | Tversky: 0.4819 | Hausdorff: 250.4737 | HD95: 27.9917 | LR: 0.000063
2025-08-17 02:02:26 INFO Epoch 042 | Train Loss: 0.3490 | Val Loss: 0.5705 | Dice: 0.4811 | softDice: 0.4381 | clDice: 0.5258 | softclDice: 0.5010 | IoU: 0.3170 | Tversky: 0.4811 | Hausdorff: 239.8829 | HD95: 28.5195 | LR: 0.000031
2025-08-17 02:03:55 INFO Epoch 043 | Train Loss: 0.3477 | Val Loss: 0.5711 | Dice: 0.4790 | softDice: 0.4366 | clDice: 0.5222 | softclDice: 0.5035 | IoU: 0.3151 | Tversky: 0.4790 | Hausdorff: 212.9454 | HD95: 30.2139 | LR: 0.000031
2025-08-17 02:05:35 INFO Epoch 044 | Train Loss: 0.3483 | Val Loss: 0.5707 | Dice: 0.4832 | softDice: 0.4398 | clDice: 0.5286 | softclDice: 0.4988 | IoU: 0.3189 | Tversky: 0.4832 | Hausdorff: 217.6799 | HD95: 27.6795 | LR: 0.000031
2025-08-17 02:07:01 INFO Epoch 045 | Train Loss: 0.3465 | Val Loss: 0.5705 | Dice: 0.4818 | softDice: 0.4393 | clDice: 0.5268 | softclDice: 0.5001 | IoU: 0.3176 | Tversky: 0.4818 | Hausdorff: 224.2947 | HD95: 30.4153 | LR: 0.000031
2025-08-17 02:08:28 INFO Epoch 046 | Train Loss: 0.3469 | Val Loss: 0.5702 | Dice: 0.4830 | softDice: 0.4390 | clDice: 0.5285 | softclDice: 0.5003 | IoU: 0.3187 | Tversky: 0.4830 | Hausdorff: 221.9520 | HD95: 29.7160 | LR: 0.000031
2025-08-17 02:10:01 INFO Epoch 047 | Train Loss: 0.3476 | Val Loss: 0.5705 | Dice: 0.4842 | softDice: 0.4403 | clDice: 0.5309 | softclDice: 0.4972 | IoU: 0.3197 | Tversky: 0.4842 | Hausdorff: 227.6592 | HD95: 29.6928 | LR: 0.000031
2025-08-17 02:11:26 INFO Epoch 048 | Train Loss: 0.3453 | Val Loss: 0.5705 | Dice: 0.4818 | softDice: 0.4392 | clDice: 0.5260 | softclDice: 0.5006 | IoU: 0.3176 | Tversky: 0.4818 | Hausdorff: 233.6217 | HD95: 30.0672 | LR: 0.000016
2025-08-17 02:12:59 INFO Epoch 049 | Train Loss: 0.3459 | Val Loss: 0.5705 | Dice: 0.4816 | softDice: 0.4383 | clDice: 0.5262 | softclDice: 0.5011 | IoU: 0.3174 | Tversky: 0.4816 | Hausdorff: 222.7991 | HD95: 29.8172 | LR: 0.000016
2025-08-17 02:14:24 INFO Epoch 050 | Train Loss: 0.3467 | Val Loss: 0.5710 | Dice: 0.4812 | softDice: 0.4387 | clDice: 0.5257 | softclDice: 0.5008 | IoU: 0.3171 | Tversky: 0.4812 | Hausdorff: 223.2954 | HD95: 30.3314 | LR: 0.000016
2025-08-17 02:14:24 INFO Training completed.
2025-08-17 02:14:46 INFO Fold 4 results: Dice: 0.4779 | softDice: 0.4270 | clDice: 0.5241 | softclDice: 0.5099 | IoU: 0.3142 | Tversky: 0.4779 | Hausdorff: 215.9085 | HD95: 36.6031
2025-08-17 02:14:46 INFO ===== Fold 5 / 5 =====
2025-08-17 02:14:46 INFO Loading model unet with settings {'name': 'unet', 'encoder_name': 'resnet50', 'encoder_weights': 'imagenet', 'classes': 1, 'activation': None, 'dropout': 0.2}
2025-08-17 02:16:15 INFO Epoch 001 | Train Loss: 0.5024 | Val Loss: 0.5810 | Dice: 0.4072 | softDice: 0.3203 | clDice: 0.4584 | softclDice: 0.6584 | IoU: 0.2561 | Tversky: 0.4072 | Hausdorff: 245.0496 | HD95: 69.7097 | LR: 0.001000
2025-08-17 02:17:51 INFO Epoch 002 | Train Loss: 0.4103 | Val Loss: 0.5673 | Dice: 0.4507 | softDice: 0.3803 | clDice: 0.5015 | softclDice: 0.5825 | IoU: 0.2911 | Tversky: 0.4507 | Hausdorff: 248.1010 | HD95: 55.2560 | LR: 0.001000
2025-08-17 02:19:14 INFO Epoch 003 | Train Loss: 0.3924 | Val Loss: 0.5814 | Dice: 0.4202 | softDice: 0.3554 | clDice: 0.4640 | softclDice: 0.5928 | IoU: 0.2665 | Tversky: 0.4202 | Hausdorff: 490.6258 | HD95: 103.4492 | LR: 0.001000
2025-08-17 02:20:50 INFO Epoch 004 | Train Loss: 0.3861 | Val Loss: 0.5674 | Dice: 0.4603 | softDice: 0.4011 | clDice: 0.5134 | softclDice: 0.5349 | IoU: 0.2992 | Tversky: 0.4603 | Hausdorff: 208.4894 | HD95: 48.6074 | LR: 0.001000
2025-08-17 02:22:15 INFO Epoch 005 | Train Loss: 0.3870 | Val Loss: 0.5674 | Dice: 0.4437 | softDice: 0.3896 | clDice: 0.4920 | softclDice: 0.5500 | IoU: 0.2853 | Tversky: 0.4437 | Hausdorff: 247.3793 | HD95: 69.7705 | LR: 0.001000
2025-08-17 02:23:46 INFO Epoch 006 | Train Loss: 0.3827 | Val Loss: 0.5635 | Dice: 0.4687 | softDice: 0.4105 | clDice: 0.5209 | softclDice: 0.5204 | IoU: 0.3064 | Tversky: 0.4687 | Hausdorff: 279.3418 | HD95: 43.8146 | LR: 0.001000
2025-08-17 02:25:21 INFO Epoch 007 | Train Loss: 0.3783 | Val Loss: 0.5646 | Dice: 0.4680 | softDice: 0.4191 | clDice: 0.5201 | softclDice: 0.5130 | IoU: 0.3060 | Tversky: 0.4680 | Hausdorff: 207.7467 | HD95: 48.1575 | LR: 0.001000
2025-08-17 02:26:44 INFO Epoch 008 | Train Loss: 0.3791 | Val Loss: 0.5646 | Dice: 0.4734 | softDice: 0.4235 | clDice: 0.5289 | softclDice: 0.5084 | IoU: 0.3104 | Tversky: 0.4734 | Hausdorff: 211.9227 | HD95: 46.5028 | LR: 0.001000
2025-08-17 02:28:16 INFO Epoch 009 | Train Loss: 0.3775 | Val Loss: 0.5671 | Dice: 0.4699 | softDice: 0.4131 | clDice: 0.5282 | softclDice: 0.5143 | IoU: 0.3074 | Tversky: 0.4699 | Hausdorff: 209.5819 | HD95: 47.1413 | LR: 0.001000
2025-08-17 02:29:41 INFO Epoch 010 | Train Loss: 0.3747 | Val Loss: 0.5658 | Dice: 0.4689 | softDice: 0.4151 | clDice: 0.5182 | softclDice: 0.5199 | IoU: 0.3066 | Tversky: 0.4689 | Hausdorff: 208.2572 | HD95: 48.3237 | LR: 0.001000
2025-08-17 02:31:10 INFO Epoch 011 | Train Loss: 0.3743 | Val Loss: 0.5646 | Dice: 0.4699 | softDice: 0.4196 | clDice: 0.5234 | softclDice: 0.5122 | IoU: 0.3073 | Tversky: 0.4699 | Hausdorff: 254.8487 | HD95: 42.8382 | LR: 0.001000
2025-08-17 02:32:41 INFO Epoch 012 | Train Loss: 0.3741 | Val Loss: 0.5630 | Dice: 0.4802 | softDice: 0.4292 | clDice: 0.5328 | softclDice: 0.5011 | IoU: 0.3163 | Tversky: 0.4802 | Hausdorff: 218.3792 | HD95: 41.0001 | LR: 0.001000
2025-08-17 02:34:05 INFO Epoch 013 | Train Loss: 0.3728 | Val Loss: 0.5651 | Dice: 0.4764 | softDice: 0.4235 | clDice: 0.5401 | softclDice: 0.4969 | IoU: 0.3130 | Tversky: 0.4764 | Hausdorff: 221.0626 | HD95: 37.4378 | LR: 0.001000
2025-08-17 02:35:34 INFO Epoch 014 | Train Loss: 0.3713 | Val Loss: 0.5633 | Dice: 0.4808 | softDice: 0.4284 | clDice: 0.5396 | softclDice: 0.4962 | IoU: 0.3169 | Tversky: 0.4808 | Hausdorff: 240.0525 | HD95: 36.3508 | LR: 0.001000
2025-08-17 02:37:01 INFO Epoch 015 | Train Loss: 0.3711 | Val Loss: 0.5620 | Dice: 0.4779 | softDice: 0.4226 | clDice: 0.5330 | softclDice: 0.5038 | IoU: 0.3144 | Tversky: 0.4779 | Hausdorff: 222.4016 | HD95: 38.3988 | LR: 0.001000
2025-08-17 02:38:25 INFO Epoch 016 | Train Loss: 0.3708 | Val Loss: 0.5627 | Dice: 0.4836 | softDice: 0.4323 | clDice: 0.5420 | softclDice: 0.4941 | IoU: 0.3193 | Tversky: 0.4836 | Hausdorff: 217.3217 | HD95: 37.8683 | LR: 0.001000
2025-08-17 02:39:56 INFO Epoch 017 | Train Loss: 0.3690 | Val Loss: 0.5643 | Dice: 0.4816 | softDice: 0.4291 | clDice: 0.5418 | softclDice: 0.4933 | IoU: 0.3174 | Tversky: 0.4816 | Hausdorff: 201.1860 | HD95: 35.7863 | LR: 0.001000
2025-08-17 02:41:21 INFO Epoch 018 | Train Loss: 0.3706 | Val Loss: 0.5621 | Dice: 0.4777 | softDice: 0.4172 | clDice: 0.5371 | softclDice: 0.5043 | IoU: 0.3141 | Tversky: 0.4777 | Hausdorff: 225.2961 | HD95: 37.6976 | LR: 0.001000
2025-08-17 02:42:55 INFO Epoch 019 | Train Loss: 0.3672 | Val Loss: 0.5623 | Dice: 0.4805 | softDice: 0.4310 | clDice: 0.5342 | softclDice: 0.4959 | IoU: 0.3167 | Tversky: 0.4805 | Hausdorff: 249.8259 | HD95: 41.4972 | LR: 0.001000
2025-08-17 02:44:22 INFO Epoch 020 | Train Loss: 0.3694 | Val Loss: 0.5638 | Dice: 0.4826 | softDice: 0.4337 | clDice: 0.5421 | softclDice: 0.4903 | IoU: 0.3184 | Tversky: 0.4826 | Hausdorff: 220.7047 | HD95: 38.9597 | LR: 0.001000
2025-08-17 02:45:45 INFO Epoch 021 | Train Loss: 0.3676 | Val Loss: 0.5645 | Dice: 0.4855 | softDice: 0.4327 | clDice: 0.5470 | softclDice: 0.4871 | IoU: 0.3210 | Tversky: 0.4855 | Hausdorff: 208.1805 | HD95: 37.4370 | LR: 0.000500
2025-08-17 02:47:10 INFO Epoch 022 | Train Loss: 0.3645 | Val Loss: 0.5630 | Dice: 0.4757 | softDice: 0.4315 | clDice: 0.5271 | softclDice: 0.5044 | IoU: 0.3125 | Tversky: 0.4757 | Hausdorff: 212.1250 | HD95: 36.5426 | LR: 0.000500
2025-08-17 02:48:33 INFO Epoch 023 | Train Loss: 0.3632 | Val Loss: 0.5615 | Dice: 0.4698 | softDice: 0.4278 | clDice: 0.5173 | softclDice: 0.5120 | IoU: 0.3074 | Tversky: 0.4698 | Hausdorff: 221.7512 | HD95: 46.8975 | LR: 0.000500
2025-08-17 02:50:00 INFO Epoch 024 | Train Loss: 0.3608 | Val Loss: 0.5636 | Dice: 0.4788 | softDice: 0.4356 | clDice: 0.5355 | softclDice: 0.4926 | IoU: 0.3152 | Tversky: 0.4788 | Hausdorff: 215.4979 | HD95: 41.2030 | LR: 0.000500
2025-08-17 02:51:24 INFO Epoch 025 | Train Loss: 0.3610 | Val Loss: 0.5613 | Dice: 0.4759 | softDice: 0.4320 | clDice: 0.5281 | softclDice: 0.4982 | IoU: 0.3128 | Tversky: 0.4759 | Hausdorff: 215.7921 | HD95: 48.1441 | LR: 0.000500
2025-08-17 02:52:46 INFO Epoch 026 | Train Loss: 0.3600 | Val Loss: 0.5628 | Dice: 0.4808 | softDice: 0.4361 | clDice: 0.5329 | softclDice: 0.4978 | IoU: 0.3170 | Tversky: 0.4808 | Hausdorff: 209.7214 | HD95: 36.0257 | LR: 0.000500
2025-08-17 02:54:16 INFO Epoch 027 | Train Loss: 0.3605 | Val Loss: 0.5628 | Dice: 0.4812 | softDice: 0.4374 | clDice: 0.5367 | softclDice: 0.4921 | IoU: 0.3172 | Tversky: 0.4812 | Hausdorff: 220.7457 | HD95: 37.2115 | LR: 0.000500
2025-08-17 02:55:42 INFO Epoch 028 | Train Loss: 0.3604 | Val Loss: 0.5607 | Dice: 0.4816 | softDice: 0.4334 | clDice: 0.5334 | softclDice: 0.5001 | IoU: 0.3175 | Tversky: 0.4816 | Hausdorff: 222.1907 | HD95: 36.2297 | LR: 0.000500
2025-08-17 02:57:07 INFO Epoch 029 | Train Loss: 0.3593 | Val Loss: 0.5618 | Dice: 0.4827 | softDice: 0.4340 | clDice: 0.5387 | softclDice: 0.4955 | IoU: 0.3185 | Tversky: 0.4827 | Hausdorff: 203.0477 | HD95: 32.9896 | LR: 0.000500
2025-08-17 02:58:34 INFO Epoch 030 | Train Loss: 0.3597 | Val Loss: 0.5623 | Dice: 0.4813 | softDice: 0.4333 | clDice: 0.5348 | softclDice: 0.4988 | IoU: 0.3173 | Tversky: 0.4813 | Hausdorff: 222.5475 | HD95: 33.6709 | LR: 0.000500
2025-08-17 02:59:58 INFO Epoch 031 | Train Loss: 0.3566 | Val Loss: 0.5634 | Dice: 0.4848 | softDice: 0.4384 | clDice: 0.5402 | softclDice: 0.4904 | IoU: 0.3204 | Tversky: 0.4848 | Hausdorff: 217.1791 | HD95: 34.0229 | LR: 0.000500
2025-08-17 03:01:24 INFO Epoch 032 | Train Loss: 0.3586 | Val Loss: 0.5637 | Dice: 0.4716 | softDice: 0.4297 | clDice: 0.5232 | softclDice: 0.5055 | IoU: 0.3090 | Tversky: 0.4716 | Hausdorff: 215.2027 | HD95: 40.6706 | LR: 0.000500
2025-08-17 03:02:49 INFO Epoch 033 | Train Loss: 0.3579 | Val Loss: 0.5671 | Dice: 0.4702 | softDice: 0.4298 | clDice: 0.5206 | softclDice: 0.5037 | IoU: 0.3077 | Tversky: 0.4702 | Hausdorff: 216.9993 | HD95: 35.6064 | LR: 0.000500
2025-08-17 03:04:15 INFO Epoch 034 | Train Loss: 0.3580 | Val Loss: 0.5642 | Dice: 0.4705 | softDice: 0.4307 | clDice: 0.5166 | softclDice: 0.5129 | IoU: 0.3078 | Tversky: 0.4705 | Hausdorff: 211.8283 | HD95: 44.1227 | LR: 0.000250
2025-08-17 03:05:42 INFO Epoch 035 | Train Loss: 0.3526 | Val Loss: 0.5645 | Dice: 0.4742 | softDice: 0.4359 | clDice: 0.5209 | softclDice: 0.5057 | IoU: 0.3112 | Tversky: 0.4742 | Hausdorff: 211.9533 | HD95: 37.9981 | LR: 0.000250
2025-08-17 03:07:06 INFO Epoch 036 | Train Loss: 0.3527 | Val Loss: 0.5638 | Dice: 0.4741 | softDice: 0.4334 | clDice: 0.5225 | softclDice: 0.5045 | IoU: 0.3110 | Tversky: 0.4741 | Hausdorff: 211.7062 | HD95: 39.8970 | LR: 0.000250
2025-08-17 03:08:38 INFO Epoch 037 | Train Loss: 0.3519 | Val Loss: 0.5653 | Dice: 0.4768 | softDice: 0.4372 | clDice: 0.5273 | softclDice: 0.4978 | IoU: 0.3134 | Tversky: 0.4768 | Hausdorff: 221.7150 | HD95: 34.9940 | LR: 0.000250
2025-08-17 03:10:01 INFO Epoch 038 | Train Loss: 0.3494 | Val Loss: 0.5657 | Dice: 0.4733 | softDice: 0.4372 | clDice: 0.5183 | softclDice: 0.5052 | IoU: 0.3105 | Tversky: 0.4733 | Hausdorff: 276.4147 | HD95: 38.7402 | LR: 0.000250
2025-08-17 03:11:25 INFO Epoch 039 | Train Loss: 0.3505 | Val Loss: 0.5656 | Dice: 0.4785 | softDice: 0.4396 | clDice: 0.5268 | softclDice: 0.4980 | IoU: 0.3149 | Tversky: 0.4785 | Hausdorff: 204.7209 | HD95: 35.0231 | LR: 0.000250
2025-08-17 03:12:56 INFO Epoch 040 | Train Loss: 0.3480 | Val Loss: 0.5654 | Dice: 0.4652 | softDice: 0.4278 | clDice: 0.5067 | softclDice: 0.5191 | IoU: 0.3035 | Tversky: 0.4652 | Hausdorff: 221.7876 | HD95: 41.9879 | LR: 0.000125
2025-08-17 03:14:19 INFO Epoch 041 | Train Loss: 0.3476 | Val Loss: 0.5647 | Dice: 0.4730 | softDice: 0.4343 | clDice: 0.5174 | softclDice: 0.5085 | IoU: 0.3101 | Tversky: 0.4730 | Hausdorff: 210.2169 | HD95: 38.0059 | LR: 0.000125
2025-08-17 03:15:43 INFO Epoch 042 | Train Loss: 0.3441 | Val Loss: 0.5651 | Dice: 0.4751 | softDice: 0.4356 | clDice: 0.5195 | softclDice: 0.5078 | IoU: 0.3120 | Tversky: 0.4751 | Hausdorff: 282.4922 | HD95: 34.4133 | LR: 0.000125
2025-08-17 03:17:07 INFO Epoch 043 | Train Loss: 0.3438 | Val Loss: 0.5661 | Dice: 0.4691 | softDice: 0.4329 | clDice: 0.5123 | softclDice: 0.5126 | IoU: 0.3068 | Tversky: 0.4691 | Hausdorff: 268.2240 | HD95: 39.2531 | LR: 0.000125
2025-08-17 03:18:30 INFO Epoch 044 | Train Loss: 0.3434 | Val Loss: 0.5663 | Dice: 0.4711 | softDice: 0.4343 | clDice: 0.5122 | softclDice: 0.5109 | IoU: 0.3085 | Tversky: 0.4711 | Hausdorff: 217.3340 | HD95: 36.6600 | LR: 0.000125
2025-08-17 03:20:01 INFO Epoch 045 | Train Loss: 0.3451 | Val Loss: 0.5657 | Dice: 0.4648 | softDice: 0.4288 | clDice: 0.5058 | softclDice: 0.5190 | IoU: 0.3032 | Tversky: 0.4648 | Hausdorff: 211.4857 | HD95: 39.0899 | LR: 0.000125
2025-08-17 03:21:23 INFO Epoch 046 | Train Loss: 0.3418 | Val Loss: 0.5664 | Dice: 0.4681 | softDice: 0.4318 | clDice: 0.5086 | softclDice: 0.5155 | IoU: 0.3061 | Tversky: 0.4681 | Hausdorff: 208.5608 | HD95: 36.4713 | LR: 0.000063
2025-08-17 03:22:51 INFO Epoch 047 | Train Loss: 0.3424 | Val Loss: 0.5664 | Dice: 0.4695 | softDice: 0.4329 | clDice: 0.5113 | softclDice: 0.5131 | IoU: 0.3073 | Tversky: 0.4695 | Hausdorff: 208.4165 | HD95: 35.5526 | LR: 0.000063
2025-08-17 03:24:15 INFO Epoch 048 | Train Loss: 0.3388 | Val Loss: 0.5678 | Dice: 0.4639 | softDice: 0.4303 | clDice: 0.5039 | softclDice: 0.5191 | IoU: 0.3025 | Tversky: 0.4639 | Hausdorff: 215.7167 | HD95: 37.0419 | LR: 0.000063
2025-08-17 03:25:36 INFO Epoch 049 | Train Loss: 0.3388 | Val Loss: 0.5666 | Dice: 0.4671 | softDice: 0.4309 | clDice: 0.5077 | softclDice: 0.5167 | IoU: 0.3051 | Tversky: 0.4671 | Hausdorff: 207.2195 | HD95: 35.6997 | LR: 0.000063
2025-08-17 03:27:00 INFO Epoch 050 | Train Loss: 0.3393 | Val Loss: 0.5665 | Dice: 0.4649 | softDice: 0.4294 | clDice: 0.5051 | softclDice: 0.5185 | IoU: 0.3033 | Tversky: 0.4649 | Hausdorff: 206.9495 | HD95: 37.6633 | LR: 0.000063
2025-08-17 03:27:00 INFO Training completed.
2025-08-17 03:27:22 INFO Fold 5 results: Dice: 0.4816 | softDice: 0.4334 | clDice: 0.5334 | softclDice: 0.5001 | IoU: 0.3175 | Tversky: 0.4816 | Hausdorff: 222.1907 | HD95: 36.2297
2025-08-17 03:27:22 INFO ===== Cross-validation results =====
2025-08-17 03:27:22 INFO Dice: 0.4766 | softDice: 0.4256 | clDice: 0.5241 | softclDice: 0.5112 | IoU: 0.3135 | Tversky: 0.4766 | Hausdorff: 232.5832 | HD95: 40.8886
