2025-08-16 21:08:25 INFO Starting training with configuration: {'model': {'name': 'unet', 'encoder_name': 'densenet121', 'encoder_weights': 'imagenet', 'classes': 1, 'activation': None, 'dropout': 0.2}, 'dataset': {'root': '/data/smadper@alumno.upv.es/TFM/datasets/laticifers', 'patch_size': [512, 512], 'stride': [256, 256], 'num_patches': 50, 'num_workers': 8, 'positive_ratio': 0.8, 'fg_threshold': 0.04, 'feature_dirs': {'image': '/data/smadper@alumno.upv.es/TFM/datasets/laticifers/enhanced_images', 'mask': '/data/smadper@alumno.upv.es/TFM/datasets/laticifers/masks', 'distance': '/data/smadper@alumno.upv.es/TFM/datasets/laticifers/distance_maps_pt'}}, 'train': {'batch_size': 32, 'num_epochs': 50, 'learning_rate': 0.001, 'accumulation_steps': 1, 'save_dir': '/data/smadper@alumno.upv.es/TFM/checkpoints_cv2/unet/20250816_210825_unet_densenet121_bce0.5_dice0.5', 'log_interval': 1, 'patience': 100, 'mixed_precision': True, 'experiment_name': 'unet_densenet121_bce0.5_dice0.5', 'timestamp': '20250816_210825'}, 'test': {'batch_size': 1}, 'loss': {'name': 'bce', 'cldice_alpha': 0.5, 'use_topographic': False, 'combine_with': 'dice', 'weights': {'main': 0.5, 'combined': 0.5}, 'topo': {'alpha': 2.0, 'beta': 1.0}}}
2025-08-16 21:08:25 INFO Experiment name: unet_densenet121_bce0.5_dice0.5
2025-08-16 21:08:25 INFO ===== Fold 1 / 5 =====
2025-08-16 21:08:25 INFO Loading model unet with settings {'name': 'unet', 'encoder_name': 'densenet121', 'encoder_weights': 'imagenet', 'classes': 1, 'activation': None, 'dropout': 0.2}
2025-08-16 21:10:04 INFO Epoch 001 | Train Loss: 0.5408 | Val Loss: 0.5842 | Dice: 0.4163 | softDice: 0.3012 | clDice: 0.4676 | softclDice: 0.6662 | IoU: 0.2631 | Tversky: 0.4163 | Hausdorff: 423.2305 | HD95: 84.2377 | LR: 0.001000
2025-08-16 21:11:43 INFO Epoch 002 | Train Loss: 0.4108 | Val Loss: 0.5664 | Dice: 0.4092 | softDice: 0.3450 | clDice: 0.4437 | softclDice: 0.6060 | IoU: 0.2577 | Tversky: 0.4092 | Hausdorff: 407.8950 | HD95: 79.6134 | LR: 0.001000
2025-08-16 21:13:27 INFO Epoch 003 | Train Loss: 0.3895 | Val Loss: 0.5630 | Dice: 0.4220 | softDice: 0.3689 | clDice: 0.4574 | softclDice: 0.5809 | IoU: 0.2678 | Tversky: 0.4220 | Hausdorff: 281.4624 | HD95: 86.7398 | LR: 0.001000
2025-08-16 21:15:13 INFO Epoch 004 | Train Loss: 0.3858 | Val Loss: 0.5634 | Dice: 0.4440 | softDice: 0.3864 | clDice: 0.4894 | softclDice: 0.5601 | IoU: 0.2857 | Tversky: 0.4440 | Hausdorff: 242.3044 | HD95: 59.1254 | LR: 0.001000
2025-08-16 21:17:00 INFO Epoch 005 | Train Loss: 0.3799 | Val Loss: 0.5594 | Dice: 0.4556 | softDice: 0.4023 | clDice: 0.4948 | softclDice: 0.5438 | IoU: 0.2955 | Tversky: 0.4556 | Hausdorff: 240.0346 | HD95: 50.9827 | LR: 0.001000
2025-08-16 21:18:48 INFO Epoch 006 | Train Loss: 0.3799 | Val Loss: 0.5620 | Dice: 0.4364 | softDice: 0.3894 | clDice: 0.4730 | softclDice: 0.5602 | IoU: 0.2793 | Tversky: 0.4364 | Hausdorff: 239.1113 | HD95: 63.3066 | LR: 0.001000
2025-08-16 21:20:31 INFO Epoch 007 | Train Loss: 0.3752 | Val Loss: 0.5561 | Dice: 0.4661 | softDice: 0.4093 | clDice: 0.5088 | softclDice: 0.5305 | IoU: 0.3042 | Tversky: 0.4661 | Hausdorff: 238.5447 | HD95: 50.5388 | LR: 0.001000
2025-08-16 21:22:22 INFO Epoch 008 | Train Loss: 0.3755 | Val Loss: 0.5604 | Dice: 0.4544 | softDice: 0.4113 | clDice: 0.4957 | softclDice: 0.5331 | IoU: 0.2945 | Tversky: 0.4544 | Hausdorff: 253.5311 | HD95: 49.2208 | LR: 0.001000
2025-08-16 21:24:13 INFO Epoch 009 | Train Loss: 0.3719 | Val Loss: 0.5632 | Dice: 0.4614 | softDice: 0.4118 | clDice: 0.5166 | softclDice: 0.5252 | IoU: 0.3002 | Tversky: 0.4614 | Hausdorff: 231.0626 | HD95: 52.3035 | LR: 0.001000
2025-08-16 21:26:00 INFO Epoch 010 | Train Loss: 0.3691 | Val Loss: 0.5603 | Dice: 0.4715 | softDice: 0.4207 | clDice: 0.5164 | softclDice: 0.5197 | IoU: 0.3088 | Tversky: 0.4715 | Hausdorff: 231.1292 | HD95: 47.6946 | LR: 0.001000
2025-08-16 21:27:50 INFO Epoch 011 | Train Loss: 0.3702 | Val Loss: 0.5574 | Dice: 0.4484 | softDice: 0.3923 | clDice: 0.4831 | softclDice: 0.5523 | IoU: 0.2896 | Tversky: 0.4484 | Hausdorff: 237.0116 | HD95: 46.0062 | LR: 0.001000
2025-08-16 21:29:40 INFO Epoch 012 | Train Loss: 0.3684 | Val Loss: 0.5581 | Dice: 0.4711 | softDice: 0.4185 | clDice: 0.5177 | softclDice: 0.5253 | IoU: 0.3086 | Tversky: 0.4711 | Hausdorff: 240.1522 | HD95: 55.5847 | LR: 0.001000
2025-08-16 21:31:24 INFO Epoch 013 | Train Loss: 0.3685 | Val Loss: 0.5598 | Dice: 0.4572 | softDice: 0.4095 | clDice: 0.4973 | softclDice: 0.5384 | IoU: 0.2969 | Tversky: 0.4572 | Hausdorff: 384.2824 | HD95: 45.7996 | LR: 0.000500
2025-08-16 21:33:08 INFO Epoch 014 | Train Loss: 0.3651 | Val Loss: 0.5581 | Dice: 0.4770 | softDice: 0.4184 | clDice: 0.5236 | softclDice: 0.5141 | IoU: 0.3137 | Tversky: 0.4770 | Hausdorff: 223.7980 | HD95: 41.1720 | LR: 0.000500
2025-08-16 21:34:44 INFO Epoch 015 | Train Loss: 0.3646 | Val Loss: 0.5588 | Dice: 0.4683 | softDice: 0.4187 | clDice: 0.5118 | softclDice: 0.5236 | IoU: 0.3062 | Tversky: 0.4683 | Hausdorff: 220.8939 | HD95: 44.0946 | LR: 0.000500
2025-08-16 21:36:19 INFO Epoch 016 | Train Loss: 0.3617 | Val Loss: 0.5597 | Dice: 0.4752 | softDice: 0.4286 | clDice: 0.5221 | softclDice: 0.5099 | IoU: 0.3120 | Tversky: 0.4752 | Hausdorff: 225.5633 | HD95: 43.5537 | LR: 0.000500
2025-08-16 21:37:53 INFO Epoch 017 | Train Loss: 0.3606 | Val Loss: 0.5579 | Dice: 0.4795 | softDice: 0.4275 | clDice: 0.5244 | softclDice: 0.5137 | IoU: 0.3158 | Tversky: 0.4795 | Hausdorff: 228.8826 | HD95: 34.6930 | LR: 0.000500
2025-08-16 21:39:28 INFO Epoch 018 | Train Loss: 0.3602 | Val Loss: 0.5610 | Dice: 0.4811 | softDice: 0.4335 | clDice: 0.5300 | softclDice: 0.5066 | IoU: 0.3171 | Tversky: 0.4811 | Hausdorff: 235.2069 | HD95: 38.3197 | LR: 0.000500
2025-08-16 21:41:04 INFO Epoch 019 | Train Loss: 0.3592 | Val Loss: 0.5589 | Dice: 0.4852 | softDice: 0.4346 | clDice: 0.5329 | softclDice: 0.5047 | IoU: 0.3207 | Tversky: 0.4852 | Hausdorff: 234.8778 | HD95: 36.4883 | LR: 0.000250
2025-08-16 21:42:39 INFO Epoch 020 | Train Loss: 0.3548 | Val Loss: 0.5605 | Dice: 0.4810 | softDice: 0.4361 | clDice: 0.5268 | softclDice: 0.5057 | IoU: 0.3170 | Tversky: 0.4810 | Hausdorff: 231.7674 | HD95: 34.6518 | LR: 0.000250
2025-08-16 21:44:12 INFO Epoch 021 | Train Loss: 0.3566 | Val Loss: 0.5605 | Dice: 0.4780 | softDice: 0.4345 | clDice: 0.5215 | softclDice: 0.5084 | IoU: 0.3145 | Tversky: 0.4780 | Hausdorff: 235.6891 | HD95: 36.2785 | LR: 0.000250
2025-08-16 21:45:48 INFO Epoch 022 | Train Loss: 0.3534 | Val Loss: 0.5610 | Dice: 0.4698 | softDice: 0.4274 | clDice: 0.5119 | softclDice: 0.5167 | IoU: 0.3074 | Tversky: 0.4698 | Hausdorff: 223.4971 | HD95: 37.2326 | LR: 0.000250
2025-08-16 21:47:21 INFO Epoch 023 | Train Loss: 0.3530 | Val Loss: 0.5614 | Dice: 0.4801 | softDice: 0.4320 | clDice: 0.5268 | softclDice: 0.5094 | IoU: 0.3163 | Tversky: 0.4801 | Hausdorff: 229.5612 | HD95: 32.4747 | LR: 0.000250
2025-08-16 21:48:54 INFO Epoch 024 | Train Loss: 0.3533 | Val Loss: 0.5607 | Dice: 0.4723 | softDice: 0.4275 | clDice: 0.5123 | softclDice: 0.5184 | IoU: 0.3096 | Tversky: 0.4723 | Hausdorff: 356.2505 | HD95: 35.2729 | LR: 0.000250
2025-08-16 21:50:27 INFO Epoch 025 | Train Loss: 0.3499 | Val Loss: 0.5610 | Dice: 0.4769 | softDice: 0.4339 | clDice: 0.5197 | softclDice: 0.5121 | IoU: 0.3135 | Tversky: 0.4769 | Hausdorff: 367.5806 | HD95: 38.0124 | LR: 0.000125
2025-08-16 21:52:02 INFO Epoch 026 | Train Loss: 0.3486 | Val Loss: 0.5620 | Dice: 0.4744 | softDice: 0.4323 | clDice: 0.5168 | softclDice: 0.5150 | IoU: 0.3114 | Tversky: 0.4744 | Hausdorff: 376.6092 | HD95: 32.9310 | LR: 0.000125
2025-08-16 21:53:38 INFO Epoch 027 | Train Loss: 0.3463 | Val Loss: 0.5637 | Dice: 0.4733 | softDice: 0.4341 | clDice: 0.5159 | softclDice: 0.5140 | IoU: 0.3104 | Tversky: 0.4733 | Hausdorff: 382.0012 | HD95: 33.1746 | LR: 0.000125
2025-08-16 21:55:20 INFO Epoch 028 | Train Loss: 0.3470 | Val Loss: 0.5627 | Dice: 0.4795 | softDice: 0.4372 | clDice: 0.5249 | softclDice: 0.5071 | IoU: 0.3158 | Tversky: 0.4795 | Hausdorff: 276.3865 | HD95: 33.4163 | LR: 0.000125
2025-08-16 21:57:03 INFO Epoch 029 | Train Loss: 0.3439 | Val Loss: 0.5630 | Dice: 0.4723 | softDice: 0.4320 | clDice: 0.5168 | softclDice: 0.5135 | IoU: 0.3096 | Tversky: 0.4723 | Hausdorff: 275.3670 | HD95: 38.6888 | LR: 0.000125
2025-08-16 21:58:47 INFO Epoch 030 | Train Loss: 0.3425 | Val Loss: 0.5634 | Dice: 0.4737 | softDice: 0.4315 | clDice: 0.5153 | softclDice: 0.5178 | IoU: 0.3107 | Tversky: 0.4737 | Hausdorff: 381.0164 | HD95: 34.3810 | LR: 0.000125
2025-08-16 22:00:34 INFO Epoch 031 | Train Loss: 0.3401 | Val Loss: 0.5639 | Dice: 0.4735 | softDice: 0.4363 | clDice: 0.5139 | softclDice: 0.5141 | IoU: 0.3105 | Tversky: 0.4735 | Hausdorff: 424.8166 | HD95: 36.0833 | LR: 0.000063
2025-08-16 22:02:13 INFO Epoch 032 | Train Loss: 0.3388 | Val Loss: 0.5651 | Dice: 0.4619 | softDice: 0.4241 | clDice: 0.4976 | softclDice: 0.5302 | IoU: 0.3007 | Tversky: 0.4619 | Hausdorff: 388.7912 | HD95: 36.3300 | LR: 0.000063
2025-08-16 22:03:57 INFO Epoch 033 | Train Loss: 0.3406 | Val Loss: 0.5645 | Dice: 0.4646 | softDice: 0.4274 | clDice: 0.5027 | softclDice: 0.5254 | IoU: 0.3031 | Tversky: 0.4646 | Hausdorff: 431.5212 | HD95: 37.3199 | LR: 0.000063
2025-08-16 22:05:37 INFO Epoch 034 | Train Loss: 0.3368 | Val Loss: 0.5655 | Dice: 0.4636 | softDice: 0.4267 | clDice: 0.5002 | softclDice: 0.5275 | IoU: 0.3022 | Tversky: 0.4636 | Hausdorff: 385.7470 | HD95: 33.4095 | LR: 0.000063
2025-08-16 22:07:15 INFO Epoch 035 | Train Loss: 0.3355 | Val Loss: 0.5666 | Dice: 0.4634 | softDice: 0.4272 | clDice: 0.5005 | softclDice: 0.5270 | IoU: 0.3019 | Tversky: 0.4634 | Hausdorff: 401.9289 | HD95: 33.5590 | LR: 0.000063
2025-08-16 22:08:53 INFO Epoch 036 | Train Loss: 0.3337 | Val Loss: 0.5653 | Dice: 0.4604 | softDice: 0.4244 | clDice: 0.4957 | softclDice: 0.5301 | IoU: 0.2994 | Tversky: 0.4604 | Hausdorff: 401.2146 | HD95: 35.9464 | LR: 0.000063
2025-08-16 22:10:34 INFO Epoch 037 | Train Loss: 0.3329 | Val Loss: 0.5671 | Dice: 0.4561 | softDice: 0.4213 | clDice: 0.4890 | softclDice: 0.5366 | IoU: 0.2958 | Tversky: 0.4561 | Hausdorff: 382.9558 | HD95: 32.6521 | LR: 0.000031
2025-08-16 22:12:13 INFO Epoch 038 | Train Loss: 0.3328 | Val Loss: 0.5658 | Dice: 0.4610 | softDice: 0.4251 | clDice: 0.4975 | softclDice: 0.5295 | IoU: 0.2999 | Tversky: 0.4610 | Hausdorff: 451.9845 | HD95: 34.5464 | LR: 0.000031
2025-08-16 22:13:46 INFO Epoch 039 | Train Loss: 0.3301 | Val Loss: 0.5670 | Dice: 0.4604 | softDice: 0.4265 | clDice: 0.4963 | softclDice: 0.5291 | IoU: 0.2994 | Tversky: 0.4604 | Hausdorff: 384.9292 | HD95: 35.0980 | LR: 0.000031
2025-08-16 22:15:21 INFO Epoch 040 | Train Loss: 0.3305 | Val Loss: 0.5676 | Dice: 0.4599 | softDice: 0.4259 | clDice: 0.4956 | softclDice: 0.5302 | IoU: 0.2990 | Tversky: 0.4599 | Hausdorff: 454.5647 | HD95: 34.7119 | LR: 0.000031
2025-08-16 22:16:58 INFO Epoch 041 | Train Loss: 0.3311 | Val Loss: 0.5673 | Dice: 0.4593 | softDice: 0.4256 | clDice: 0.4938 | softclDice: 0.5314 | IoU: 0.2984 | Tversky: 0.4593 | Hausdorff: 384.7745 | HD95: 35.2533 | LR: 0.000031
2025-08-16 22:18:36 INFO Epoch 042 | Train Loss: 0.3303 | Val Loss: 0.5669 | Dice: 0.4583 | softDice: 0.4243 | clDice: 0.4925 | softclDice: 0.5324 | IoU: 0.2976 | Tversky: 0.4583 | Hausdorff: 383.9580 | HD95: 34.5372 | LR: 0.000031
2025-08-16 22:20:19 INFO Epoch 043 | Train Loss: 0.3289 | Val Loss: 0.5668 | Dice: 0.4559 | softDice: 0.4219 | clDice: 0.4900 | softclDice: 0.5335 | IoU: 0.2956 | Tversky: 0.4559 | Hausdorff: 363.7981 | HD95: 34.8721 | LR: 0.000016
2025-08-16 22:22:02 INFO Epoch 044 | Train Loss: 0.3290 | Val Loss: 0.5665 | Dice: 0.4599 | softDice: 0.4260 | clDice: 0.4946 | softclDice: 0.5298 | IoU: 0.2989 | Tversky: 0.4599 | Hausdorff: 347.8011 | HD95: 34.2370 | LR: 0.000016
2025-08-16 22:23:45 INFO Epoch 045 | Train Loss: 0.3280 | Val Loss: 0.5673 | Dice: 0.4600 | softDice: 0.4261 | clDice: 0.4947 | softclDice: 0.5301 | IoU: 0.2990 | Tversky: 0.4600 | Hausdorff: 365.5219 | HD95: 34.5368 | LR: 0.000016
2025-08-16 22:25:22 INFO Epoch 046 | Train Loss: 0.3283 | Val Loss: 0.5671 | Dice: 0.4586 | softDice: 0.4250 | clDice: 0.4934 | softclDice: 0.5306 | IoU: 0.2979 | Tversky: 0.4586 | Hausdorff: 378.4771 | HD95: 34.6030 | LR: 0.000016
2025-08-16 22:27:07 INFO Epoch 047 | Train Loss: 0.3271 | Val Loss: 0.5672 | Dice: 0.4585 | softDice: 0.4249 | clDice: 0.4934 | softclDice: 0.5311 | IoU: 0.2978 | Tversky: 0.4585 | Hausdorff: 347.7001 | HD95: 34.2600 | LR: 0.000016
2025-08-16 22:28:52 INFO Epoch 048 | Train Loss: 0.3257 | Val Loss: 0.5686 | Dice: 0.4579 | softDice: 0.4251 | clDice: 0.4918 | softclDice: 0.5316 | IoU: 0.2973 | Tversky: 0.4579 | Hausdorff: 382.5125 | HD95: 34.3408 | LR: 0.000016
2025-08-16 22:30:34 INFO Epoch 049 | Train Loss: 0.3262 | Val Loss: 0.5681 | Dice: 0.4596 | softDice: 0.4269 | clDice: 0.4939 | softclDice: 0.5296 | IoU: 0.2987 | Tversky: 0.4596 | Hausdorff: 347.9756 | HD95: 33.9415 | LR: 0.000008
2025-08-16 22:32:16 INFO Epoch 050 | Train Loss: 0.3248 | Val Loss: 0.5682 | Dice: 0.4602 | softDice: 0.4274 | clDice: 0.4955 | softclDice: 0.5290 | IoU: 0.2992 | Tversky: 0.4602 | Hausdorff: 365.4547 | HD95: 34.0339 | LR: 0.000008
2025-08-16 22:32:16 INFO Training completed.
2025-08-16 22:32:46 INFO Fold 1 results: Dice: 0.4661 | softDice: 0.4093 | clDice: 0.5088 | softclDice: 0.5305 | IoU: 0.3042 | Tversky: 0.4661 | Hausdorff: 238.5447 | HD95: 50.5388
2025-08-16 22:32:46 INFO ===== Fold 2 / 5 =====
2025-08-16 22:32:46 INFO Loading model unet with settings {'name': 'unet', 'encoder_name': 'densenet121', 'encoder_weights': 'imagenet', 'classes': 1, 'activation': None, 'dropout': 0.2}
2025-08-16 22:34:37 INFO Epoch 001 | Train Loss: 0.5890 | Val Loss: 1.5365 | Dice: 0.3652 | softDice: 0.2372 | clDice: 0.3003 | softclDice: 0.8258 | IoU: 0.2239 | Tversky: 0.3652 | Hausdorff: 773.6585 | HD95: 308.0208 | LR: 0.001000
2025-08-16 22:36:19 INFO Epoch 002 | Train Loss: 0.4252 | Val Loss: 0.6539 | Dice: 0.3688 | softDice: 0.2984 | clDice: 0.2186 | softclDice: 0.7991 | IoU: 0.2268 | Tversky: 0.3688 | Hausdorff: 773.6607 | HD95: 601.6514 | LR: 0.001000
2025-08-16 22:38:02 INFO Epoch 003 | Train Loss: 0.3967 | Val Loss: 0.7851 | Dice: 0.4068 | softDice: 0.3513 | clDice: 0.4392 | softclDice: 0.5987 | IoU: 0.2562 | Tversky: 0.4068 | Hausdorff: 335.8757 | HD95: 91.6113 | LR: 0.001000
2025-08-16 22:39:44 INFO Epoch 004 | Train Loss: 0.3890 | Val Loss: 0.5787 | Dice: 0.4597 | softDice: 0.3965 | clDice: 0.5109 | softclDice: 0.5446 | IoU: 0.2987 | Tversky: 0.4597 | Hausdorff: 294.2870 | HD95: 48.5124 | LR: 0.001000
/data/smadper@alumno.upv.es/TFM/src/train_cv.py:110: RuntimeWarning: Mean of empty slice
  avg_metrics = {k: np.nanmean(v) for k, v in all_metrics.items()}
2025-08-16 22:41:28 INFO Epoch 005 | Train Loss: 0.3801 | Val Loss: nan | Dice: 0.4406 | softDice: nan | clDice: 0.4811 | softclDice: nan | IoU: 0.2832 | Tversky: 0.4406 | Hausdorff: 338.1260 | HD95: 76.2881 | LR: 0.001000
2025-08-16 22:43:16 INFO Epoch 006 | Train Loss: 0.3794 | Val Loss: 0.5866 | Dice: 0.4644 | softDice: 0.4151 | clDice: 0.5094 | softclDice: 0.5313 | IoU: 0.3031 | Tversky: 0.4644 | Hausdorff: 258.7095 | HD95: 49.4177 | LR: 0.001000
2025-08-16 22:44:57 INFO Epoch 007 | Train Loss: 0.3770 | Val Loss: 0.5730 | Dice: 0.4401 | softDice: 0.3955 | clDice: 0.4774 | softclDice: 0.5548 | IoU: 0.2829 | Tversky: 0.4401 | Hausdorff: 314.1600 | HD95: 70.3532 | LR: 0.001000
2025-08-16 22:46:44 INFO Epoch 008 | Train Loss: 0.3779 | Val Loss: 0.5688 | Dice: 0.4687 | softDice: 0.4205 | clDice: 0.5108 | softclDice: 0.5248 | IoU: 0.3067 | Tversky: 0.4687 | Hausdorff: 295.0929 | HD95: 41.8812 | LR: 0.001000
2025-08-16 22:48:23 INFO Epoch 009 | Train Loss: 0.3732 | Val Loss: 0.5692 | Dice: 0.4626 | softDice: 0.4170 | clDice: 0.5029 | softclDice: 0.5310 | IoU: 0.3016 | Tversky: 0.4626 | Hausdorff: 308.3526 | HD95: 48.6169 | LR: 0.001000
2025-08-16 22:50:00 INFO Epoch 010 | Train Loss: 0.3716 | Val Loss: 0.5672 | Dice: 0.4639 | softDice: 0.4173 | clDice: 0.5047 | softclDice: 0.5291 | IoU: 0.3025 | Tversky: 0.4639 | Hausdorff: 312.5600 | HD95: 40.8132 | LR: 0.001000
2025-08-16 22:51:40 INFO Epoch 011 | Train Loss: 0.3721 | Val Loss: 0.5697 | Dice: 0.4611 | softDice: 0.4183 | clDice: 0.5042 | softclDice: 0.5261 | IoU: 0.3003 | Tversky: 0.4611 | Hausdorff: 284.5020 | HD95: 48.3447 | LR: 0.001000
2025-08-16 22:53:19 INFO Epoch 012 | Train Loss: 0.3714 | Val Loss: 0.5651 | Dice: 0.4656 | softDice: 0.4111 | clDice: 0.5084 | softclDice: 0.5310 | IoU: 0.3044 | Tversky: 0.4656 | Hausdorff: 323.7295 | HD95: 50.6338 | LR: 0.001000
2025-08-16 22:55:03 INFO Epoch 013 | Train Loss: 0.3705 | Val Loss: 0.5683 | Dice: 0.4768 | softDice: 0.4302 | clDice: 0.5224 | softclDice: 0.5078 | IoU: 0.3136 | Tversky: 0.4768 | Hausdorff: 287.8338 | HD95: 34.2958 | LR: 0.001000
2025-08-16 22:56:48 INFO Epoch 014 | Train Loss: 0.3693 | Val Loss: 0.5700 | Dice: 0.4807 | softDice: 0.4302 | clDice: 0.5302 | softclDice: 0.5041 | IoU: 0.3169 | Tversky: 0.4807 | Hausdorff: 299.7035 | HD95: 34.9120 | LR: 0.001000
2025-08-16 22:58:27 INFO Epoch 015 | Train Loss: 0.3681 | Val Loss: 0.5669 | Dice: 0.4683 | softDice: 0.4164 | clDice: 0.5088 | softclDice: 0.5269 | IoU: 0.3064 | Tversky: 0.4683 | Hausdorff: 306.9602 | HD95: 42.0394 | LR: 0.001000
2025-08-16 23:00:03 INFO Epoch 016 | Train Loss: 0.3655 | Val Loss: 0.5690 | Dice: 0.4710 | softDice: 0.4291 | clDice: 0.5124 | softclDice: 0.5172 | IoU: 0.3087 | Tversky: 0.4710 | Hausdorff: 257.5547 | HD95: 41.2158 | LR: 0.001000
2025-08-16 23:01:42 INFO Epoch 017 | Train Loss: 0.3663 | Val Loss: 0.5652 | Dice: 0.4794 | softDice: 0.4272 | clDice: 0.5233 | softclDice: 0.5107 | IoU: 0.3157 | Tversky: 0.4794 | Hausdorff: 267.9950 | HD95: 35.3776 | LR: 0.001000
2025-08-16 23:03:23 INFO Epoch 018 | Train Loss: 0.3638 | Val Loss: 0.5741 | Dice: 0.4775 | softDice: 0.4294 | clDice: 0.5206 | softclDice: 0.5135 | IoU: 0.3140 | Tversky: 0.4775 | Hausdorff: 303.5930 | HD95: 37.7220 | LR: 0.000500
2025-08-16 23:05:09 INFO Epoch 019 | Train Loss: 0.3623 | Val Loss: 0.5727 | Dice: 0.4758 | softDice: 0.4261 | clDice: 0.5205 | softclDice: 0.5121 | IoU: 0.3128 | Tversky: 0.4758 | Hausdorff: 265.9749 | HD95: 41.3733 | LR: 0.000500
2025-08-16 23:06:48 INFO Epoch 020 | Train Loss: 0.3610 | Val Loss: 0.5722 | Dice: 0.4832 | softDice: 0.4377 | clDice: 0.5349 | softclDice: 0.4957 | IoU: 0.3190 | Tversky: 0.4832 | Hausdorff: 300.4167 | HD95: 33.4878 | LR: 0.000500
2025-08-16 23:08:35 INFO Epoch 021 | Train Loss: 0.3593 | Val Loss: 0.5684 | Dice: 0.4729 | softDice: 0.4285 | clDice: 0.5145 | softclDice: 0.5141 | IoU: 0.3104 | Tversky: 0.4729 | Hausdorff: 285.9904 | HD95: 38.1459 | LR: 0.000500
2025-08-16 23:10:16 INFO Epoch 022 | Train Loss: 0.3567 | Val Loss: 0.5699 | Dice: 0.4739 | softDice: 0.4273 | clDice: 0.5198 | softclDice: 0.5134 | IoU: 0.3110 | Tversky: 0.4739 | Hausdorff: 268.5623 | HD95: 36.3750 | LR: 0.000500
2025-08-16 23:12:08 INFO Epoch 023 | Train Loss: 0.3582 | Val Loss: 0.5718 | Dice: 0.4684 | softDice: 0.4306 | clDice: 0.5147 | softclDice: 0.5109 | IoU: 0.3066 | Tversky: 0.4684 | Hausdorff: 281.4744 | HD95: 43.5796 | LR: 0.000500
2025-08-16 23:13:55 INFO Epoch 024 | Train Loss: 0.3587 | Val Loss: 0.5691 | Dice: 0.4737 | softDice: 0.4314 | clDice: 0.5181 | softclDice: 0.5102 | IoU: 0.3108 | Tversky: 0.4737 | Hausdorff: 311.4807 | HD95: 34.2864 | LR: 0.000250
2025-08-16 23:15:35 INFO Epoch 025 | Train Loss: 0.3521 | Val Loss: 0.5694 | Dice: 0.4767 | softDice: 0.4359 | clDice: 0.5205 | softclDice: 0.5070 | IoU: 0.3135 | Tversky: 0.4767 | Hausdorff: 276.1279 | HD95: 32.1738 | LR: 0.000250
2025-08-16 23:17:13 INFO Epoch 026 | Train Loss: 0.3517 | Val Loss: 0.5712 | Dice: 0.4768 | softDice: 0.4377 | clDice: 0.5211 | softclDice: 0.5064 | IoU: 0.3135 | Tversky: 0.4768 | Hausdorff: 287.7145 | HD95: 34.2062 | LR: 0.000250
2025-08-16 23:18:57 INFO Epoch 027 | Train Loss: 0.3513 | Val Loss: 0.5698 | Dice: 0.4737 | softDice: 0.4353 | clDice: 0.5147 | softclDice: 0.5119 | IoU: 0.3111 | Tversky: 0.4737 | Hausdorff: 289.7927 | HD95: 38.5171 | LR: 0.000250
2025-08-16 23:20:39 INFO Epoch 028 | Train Loss: 0.3516 | Val Loss: 0.5705 | Dice: 0.4748 | softDice: 0.4337 | clDice: 0.5163 | softclDice: 0.5117 | IoU: 0.3119 | Tversky: 0.4748 | Hausdorff: 285.3937 | HD95: 32.1952 | LR: 0.000250
2025-08-16 23:22:18 INFO Epoch 029 | Train Loss: 0.3505 | Val Loss: 0.5704 | Dice: 0.4719 | softDice: 0.4344 | clDice: 0.5111 | softclDice: 0.5148 | IoU: 0.3095 | Tversky: 0.4719 | Hausdorff: 275.7709 | HD95: 33.0089 | LR: 0.000250
2025-08-16 23:23:54 INFO Epoch 030 | Train Loss: 0.3483 | Val Loss: 0.5715 | Dice: 0.4763 | softDice: 0.4363 | clDice: 0.5195 | softclDice: 0.5090 | IoU: 0.3131 | Tversky: 0.4763 | Hausdorff: 304.0930 | HD95: 32.4026 | LR: 0.000125
2025-08-16 23:25:30 INFO Epoch 031 | Train Loss: 0.3456 | Val Loss: 0.5720 | Dice: 0.4766 | softDice: 0.4384 | clDice: 0.5197 | softclDice: 0.5077 | IoU: 0.3133 | Tversky: 0.4766 | Hausdorff: 289.3039 | HD95: 30.8540 | LR: 0.000125
2025-08-16 23:27:07 INFO Epoch 032 | Train Loss: 0.3457 | Val Loss: 0.5720 | Dice: 0.4730 | softDice: 0.4354 | clDice: 0.5141 | softclDice: 0.5138 | IoU: 0.3102 | Tversky: 0.4730 | Hausdorff: 296.7319 | HD95: 31.7204 | LR: 0.000125
2025-08-16 23:28:46 INFO Epoch 033 | Train Loss: 0.3434 | Val Loss: 0.5721 | Dice: 0.4760 | softDice: 0.4371 | clDice: 0.5187 | softclDice: 0.5089 | IoU: 0.3128 | Tversky: 0.4760 | Hausdorff: 286.4855 | HD95: 30.0272 | LR: 0.000125
2025-08-16 23:30:22 INFO Epoch 034 | Train Loss: 0.3404 | Val Loss: 0.5726 | Dice: 0.4738 | softDice: 0.4360 | clDice: 0.5155 | softclDice: 0.5119 | IoU: 0.3109 | Tversky: 0.4738 | Hausdorff: 296.7268 | HD95: 31.9942 | LR: 0.000125
2025-08-16 23:32:07 INFO Epoch 035 | Train Loss: 0.3426 | Val Loss: 0.5732 | Dice: 0.4775 | softDice: 0.4404 | clDice: 0.5204 | softclDice: 0.5062 | IoU: 0.3141 | Tversky: 0.4775 | Hausdorff: 311.1004 | HD95: 30.3988 | LR: 0.000125
2025-08-16 23:33:54 INFO Epoch 036 | Train Loss: 0.3414 | Val Loss: 0.5733 | Dice: 0.4716 | softDice: 0.4352 | clDice: 0.5115 | softclDice: 0.5151 | IoU: 0.3090 | Tversky: 0.4716 | Hausdorff: 315.6205 | HD95: 31.1272 | LR: 0.000063
2025-08-16 23:35:36 INFO Epoch 037 | Train Loss: 0.3378 | Val Loss: 0.5738 | Dice: 0.4641 | softDice: 0.4302 | clDice: 0.5008 | softclDice: 0.5234 | IoU: 0.3026 | Tversky: 0.4641 | Hausdorff: 308.5629 | HD95: 31.5823 | LR: 0.000063
2025-08-16 23:37:19 INFO Epoch 038 | Train Loss: 0.3370 | Val Loss: 0.5745 | Dice: 0.4650 | softDice: 0.4307 | clDice: 0.5030 | softclDice: 0.5230 | IoU: 0.3035 | Tversky: 0.4650 | Hausdorff: 285.2094 | HD95: 30.8648 | LR: 0.000063
2025-08-16 23:39:04 INFO Epoch 039 | Train Loss: 0.3371 | Val Loss: 0.5742 | Dice: 0.4678 | softDice: 0.4325 | clDice: 0.5058 | softclDice: 0.5200 | IoU: 0.3059 | Tversky: 0.4678 | Hausdorff: 321.1964 | HD95: 30.5401 | LR: 0.000063
2025-08-16 23:40:42 INFO Epoch 040 | Train Loss: 0.3359 | Val Loss: 0.5757 | Dice: 0.4604 | softDice: 0.4278 | clDice: 0.4960 | softclDice: 0.5274 | IoU: 0.2996 | Tversky: 0.4604 | Hausdorff: 296.8017 | HD95: 32.4348 | LR: 0.000063
2025-08-16 23:42:23 INFO Epoch 041 | Train Loss: 0.3357 | Val Loss: 0.5751 | Dice: 0.4668 | softDice: 0.4330 | clDice: 0.5033 | softclDice: 0.5205 | IoU: 0.3050 | Tversky: 0.4668 | Hausdorff: 286.2096 | HD95: 31.4125 | LR: 0.000063
2025-08-16 23:44:07 INFO Epoch 042 | Train Loss: 0.3321 | Val Loss: 0.5759 | Dice: 0.4640 | softDice: 0.4318 | clDice: 0.5004 | softclDice: 0.5230 | IoU: 0.3026 | Tversky: 0.4640 | Hausdorff: 483.6899 | HD95: 32.2542 | LR: 0.000031
2025-08-16 23:45:52 INFO Epoch 043 | Train Loss: 0.3287 | Val Loss: 0.5756 | Dice: 0.4616 | softDice: 0.4292 | clDice: 0.4965 | softclDice: 0.5265 | IoU: 0.3006 | Tversky: 0.4616 | Hausdorff: 296.1929 | HD95: 32.6733 | LR: 0.000031
2025-08-16 23:47:34 INFO Epoch 044 | Train Loss: 0.3297 | Val Loss: 0.5770 | Dice: 0.4600 | softDice: 0.4282 | clDice: 0.4944 | softclDice: 0.5284 | IoU: 0.2992 | Tversky: 0.4600 | Hausdorff: 297.9908 | HD95: 33.1453 | LR: 0.000031
2025-08-16 23:49:20 INFO Epoch 045 | Train Loss: 0.3316 | Val Loss: 0.5777 | Dice: 0.4565 | softDice: 0.4254 | clDice: 0.4892 | softclDice: 0.5319 | IoU: 0.2963 | Tversky: 0.4565 | Hausdorff: 297.6788 | HD95: 32.6884 | LR: 0.000031
2025-08-16 23:51:03 INFO Epoch 046 | Train Loss: 0.3289 | Val Loss: 0.5779 | Dice: 0.4580 | softDice: 0.4275 | clDice: 0.4905 | softclDice: 0.5313 | IoU: 0.2975 | Tversky: 0.4580 | Hausdorff: 297.6456 | HD95: 32.5117 | LR: 0.000031
2025-08-16 23:52:41 INFO Epoch 047 | Train Loss: 0.3297 | Val Loss: 0.5779 | Dice: 0.4566 | softDice: 0.4260 | clDice: 0.4897 | softclDice: 0.5325 | IoU: 0.2964 | Tversky: 0.4566 | Hausdorff: 274.0593 | HD95: 35.2268 | LR: 0.000031
2025-08-16 23:54:24 INFO Epoch 048 | Train Loss: 0.3303 | Val Loss: 0.5778 | Dice: 0.4539 | softDice: 0.4239 | clDice: 0.4867 | softclDice: 0.5340 | IoU: 0.2940 | Tversky: 0.4539 | Hausdorff: 271.9608 | HD95: 34.2936 | LR: 0.000016
2025-08-16 23:56:03 INFO Epoch 049 | Train Loss: 0.3284 | Val Loss: 0.5779 | Dice: 0.4593 | softDice: 0.4285 | clDice: 0.4935 | softclDice: 0.5278 | IoU: 0.2986 | Tversky: 0.4593 | Hausdorff: 298.0525 | HD95: 31.7814 | LR: 0.000016
2025-08-16 23:57:42 INFO Epoch 050 | Train Loss: 0.3261 | Val Loss: 0.5782 | Dice: 0.4590 | softDice: 0.4286 | clDice: 0.4928 | softclDice: 0.5288 | IoU: 0.2984 | Tversky: 0.4590 | Hausdorff: 298.4037 | HD95: 32.1990 | LR: 0.000016
2025-08-16 23:57:42 INFO Training completed.
2025-08-16 23:58:12 INFO Fold 2 results: Dice: 0.4656 | softDice: 0.4111 | clDice: 0.5084 | softclDice: 0.5310 | IoU: 0.3044 | Tversky: 0.4656 | Hausdorff: 323.7295 | HD95: 50.6338
2025-08-16 23:58:12 INFO ===== Fold 3 / 5 =====
2025-08-16 23:58:12 INFO Loading model unet with settings {'name': 'unet', 'encoder_name': 'densenet121', 'encoder_weights': 'imagenet', 'classes': 1, 'activation': None, 'dropout': 0.2}
2025-08-16 23:59:58 INFO Epoch 001 | Train Loss: 0.5352 | Val Loss: 0.6050 | Dice: 0.4127 | softDice: 0.3074 | clDice: 0.4776 | softclDice: 0.7082 | IoU: 0.2604 | Tversky: 0.4127 | Hausdorff: 523.4033 | HD95: 79.4420 | LR: 0.001000
2025-08-17 00:01:46 INFO Epoch 002 | Train Loss: 0.4109 | Val Loss: 0.5724 | Dice: 0.4515 | softDice: 0.3792 | clDice: 0.5011 | softclDice: 0.5703 | IoU: 0.2926 | Tversky: 0.4515 | Hausdorff: 230.0787 | HD95: 46.6947 | LR: 0.001000
2025-08-17 00:03:29 INFO Epoch 003 | Train Loss: 0.3950 | Val Loss: 0.5708 | Dice: 0.4345 | softDice: 0.3732 | clDice: 0.4755 | softclDice: 0.5668 | IoU: 0.2788 | Tversky: 0.4345 | Hausdorff: 263.6006 | HD95: 55.5502 | LR: 0.001000
2025-08-17 00:05:15 INFO Epoch 004 | Train Loss: 0.3838 | Val Loss: 0.5672 | Dice: 0.4721 | softDice: 0.4116 | clDice: 0.5260 | softclDice: 0.5184 | IoU: 0.3100 | Tversky: 0.4721 | Hausdorff: 254.4958 | HD95: 41.2299 | LR: 0.001000
2025-08-17 00:07:02 INFO Epoch 005 | Train Loss: 0.3809 | Val Loss: 0.5754 | Dice: 0.4491 | softDice: 0.3967 | clDice: 0.4926 | softclDice: 0.5522 | IoU: 0.2906 | Tversky: 0.4491 | Hausdorff: 369.0409 | HD95: 54.4756 | LR: 0.001000
2025-08-17 00:08:42 INFO Epoch 006 | Train Loss: 0.3788 | Val Loss: 0.5670 | Dice: 0.4705 | softDice: 0.4148 | clDice: 0.5144 | softclDice: 0.5257 | IoU: 0.3088 | Tversky: 0.4705 | Hausdorff: 255.9124 | HD95: 44.9641 | LR: 0.001000
2025-08-17 00:10:26 INFO Epoch 007 | Train Loss: 0.3761 | Val Loss: 0.5719 | Dice: 0.4718 | softDice: 0.4253 | clDice: 0.5210 | softclDice: 0.5129 | IoU: 0.3097 | Tversky: 0.4718 | Hausdorff: 232.5586 | HD95: 40.9349 | LR: 0.001000
2025-08-17 00:12:07 INFO Epoch 008 | Train Loss: 0.3722 | Val Loss: 0.5735 | Dice: 0.4778 | softDice: 0.4290 | clDice: 0.5408 | softclDice: 0.4933 | IoU: 0.3147 | Tversky: 0.4778 | Hausdorff: 265.8144 | HD95: 39.9245 | LR: 0.001000
2025-08-17 00:13:48 INFO Epoch 009 | Train Loss: 0.3763 | Val Loss: 0.5713 | Dice: 0.4830 | softDice: 0.4294 | clDice: 0.5377 | softclDice: 0.4990 | IoU: 0.3193 | Tversky: 0.4830 | Hausdorff: 231.2504 | HD95: 39.3760 | LR: 0.001000
2025-08-17 00:15:25 INFO Epoch 010 | Train Loss: 0.3705 | Val Loss: 0.5668 | Dice: 0.4789 | softDice: 0.4252 | clDice: 0.5321 | softclDice: 0.5028 | IoU: 0.3161 | Tversky: 0.4789 | Hausdorff: 256.4241 | HD95: 36.7842 | LR: 0.001000
2025-08-17 00:17:06 INFO Epoch 011 | Train Loss: 0.3707 | Val Loss: 0.5668 | Dice: 0.4810 | softDice: 0.4272 | clDice: 0.5304 | softclDice: 0.5010 | IoU: 0.3178 | Tversky: 0.4810 | Hausdorff: 248.6973 | HD95: 35.1395 | LR: 0.001000
2025-08-17 00:18:44 INFO Epoch 012 | Train Loss: 0.3695 | Val Loss: 0.5651 | Dice: 0.4811 | softDice: 0.4306 | clDice: 0.5321 | softclDice: 0.4984 | IoU: 0.3181 | Tversky: 0.4811 | Hausdorff: 245.3354 | HD95: 38.7143 | LR: 0.001000
2025-08-17 00:20:22 INFO Epoch 013 | Train Loss: 0.3695 | Val Loss: 0.5699 | Dice: 0.4800 | softDice: 0.4281 | clDice: 0.5332 | softclDice: 0.5018 | IoU: 0.3168 | Tversky: 0.4800 | Hausdorff: 328.5678 | HD95: 43.6923 | LR: 0.001000
2025-08-17 00:21:58 INFO Epoch 014 | Train Loss: 0.3676 | Val Loss: 0.5667 | Dice: 0.4924 | softDice: 0.4407 | clDice: 0.5499 | softclDice: 0.4821 | IoU: 0.3277 | Tversky: 0.4924 | Hausdorff: 268.0812 | HD95: 38.1577 | LR: 0.001000
2025-08-17 00:23:37 INFO Epoch 015 | Train Loss: 0.3657 | Val Loss: 0.5694 | Dice: 0.4840 | softDice: 0.4382 | clDice: 0.5362 | softclDice: 0.4905 | IoU: 0.3203 | Tversky: 0.4840 | Hausdorff: 278.4516 | HD95: 40.7412 | LR: 0.001000
2025-08-17 00:25:20 INFO Epoch 016 | Train Loss: 0.3684 | Val Loss: 0.5693 | Dice: 0.4791 | softDice: 0.4324 | clDice: 0.5304 | softclDice: 0.4999 | IoU: 0.3162 | Tversky: 0.4791 | Hausdorff: 252.2015 | HD95: 35.9720 | LR: 0.001000
2025-08-17 00:26:59 INFO Epoch 017 | Train Loss: 0.3637 | Val Loss: 0.5674 | Dice: 0.4814 | softDice: 0.4312 | clDice: 0.5360 | softclDice: 0.4956 | IoU: 0.3184 | Tversky: 0.4814 | Hausdorff: 268.8933 | HD95: 39.3931 | LR: 0.001000
2025-08-17 00:28:34 INFO Epoch 018 | Train Loss: 0.3649 | Val Loss: 0.5692 | Dice: 0.4872 | softDice: 0.4428 | clDice: 0.5429 | softclDice: 0.4864 | IoU: 0.3233 | Tversky: 0.4872 | Hausdorff: 263.1157 | HD95: 38.9743 | LR: 0.000500
2025-08-17 00:30:15 INFO Epoch 019 | Train Loss: 0.3612 | Val Loss: 0.5667 | Dice: 0.4861 | softDice: 0.4386 | clDice: 0.5421 | softclDice: 0.4881 | IoU: 0.3223 | Tversky: 0.4861 | Hausdorff: 265.2273 | HD95: 39.2227 | LR: 0.000500
2025-08-17 00:31:56 INFO Epoch 020 | Train Loss: 0.3609 | Val Loss: 0.5675 | Dice: 0.4889 | softDice: 0.4432 | clDice: 0.5431 | softclDice: 0.4848 | IoU: 0.3247 | Tversky: 0.4889 | Hausdorff: 284.6248 | HD95: 34.5857 | LR: 0.000500
2025-08-17 00:33:31 INFO Epoch 021 | Train Loss: 0.3586 | Val Loss: 0.5688 | Dice: 0.4819 | softDice: 0.4362 | clDice: 0.5327 | softclDice: 0.4981 | IoU: 0.3186 | Tversky: 0.4819 | Hausdorff: 242.8415 | HD95: 32.7135 | LR: 0.000500
2025-08-17 00:35:07 INFO Epoch 022 | Train Loss: 0.3569 | Val Loss: 0.5660 | Dice: 0.4941 | softDice: 0.4460 | clDice: 0.5506 | softclDice: 0.4781 | IoU: 0.3292 | Tversky: 0.4941 | Hausdorff: 290.8930 | HD95: 36.0252 | LR: 0.000500
2025-08-17 00:36:47 INFO Epoch 023 | Train Loss: 0.3568 | Val Loss: 0.5675 | Dice: 0.4956 | softDice: 0.4483 | clDice: 0.5535 | softclDice: 0.4782 | IoU: 0.3304 | Tversky: 0.4956 | Hausdorff: 247.4516 | HD95: 33.1552 | LR: 0.000500
2025-08-17 00:38:28 INFO Epoch 024 | Train Loss: 0.3576 | Val Loss: 0.5681 | Dice: 0.4819 | softDice: 0.4353 | clDice: 0.5341 | softclDice: 0.4937 | IoU: 0.3186 | Tversky: 0.4819 | Hausdorff: 288.7499 | HD95: 39.7200 | LR: 0.000250
2025-08-17 00:40:13 INFO Epoch 025 | Train Loss: 0.3532 | Val Loss: 0.5660 | Dice: 0.4893 | softDice: 0.4413 | clDice: 0.5441 | softclDice: 0.4870 | IoU: 0.3252 | Tversky: 0.4893 | Hausdorff: 242.4684 | HD95: 37.8118 | LR: 0.000250
2025-08-17 00:41:49 INFO Epoch 026 | Train Loss: 0.3509 | Val Loss: 0.5674 | Dice: 0.4827 | softDice: 0.4374 | clDice: 0.5297 | softclDice: 0.4990 | IoU: 0.3193 | Tversky: 0.4827 | Hausdorff: 283.2784 | HD95: 34.5225 | LR: 0.000250
2025-08-17 00:43:38 INFO Epoch 027 | Train Loss: 0.3516 | Val Loss: 0.5687 | Dice: 0.4885 | softDice: 0.4457 | clDice: 0.5410 | softclDice: 0.4883 | IoU: 0.3243 | Tversky: 0.4885 | Hausdorff: 253.1426 | HD95: 34.3461 | LR: 0.000250
2025-08-17 00:45:21 INFO Epoch 028 | Train Loss: 0.3486 | Val Loss: 0.5676 | Dice: 0.4799 | softDice: 0.4383 | clDice: 0.5268 | softclDice: 0.5017 | IoU: 0.3169 | Tversky: 0.4799 | Hausdorff: 293.4252 | HD95: 38.3976 | LR: 0.000250
2025-08-17 00:47:05 INFO Epoch 029 | Train Loss: 0.3483 | Val Loss: 0.5686 | Dice: 0.4749 | softDice: 0.4342 | clDice: 0.5192 | softclDice: 0.5062 | IoU: 0.3125 | Tversky: 0.4749 | Hausdorff: 292.3031 | HD95: 38.7325 | LR: 0.000250
2025-08-17 00:48:46 INFO Epoch 030 | Train Loss: 0.3486 | Val Loss: 0.5693 | Dice: 0.4805 | softDice: 0.4395 | clDice: 0.5310 | softclDice: 0.4958 | IoU: 0.3173 | Tversky: 0.4805 | Hausdorff: 289.9451 | HD95: 40.1208 | LR: 0.000125
2025-08-17 00:50:25 INFO Epoch 031 | Train Loss: 0.3456 | Val Loss: 0.5692 | Dice: 0.4868 | softDice: 0.4440 | clDice: 0.5382 | softclDice: 0.4896 | IoU: 0.3227 | Tversky: 0.4868 | Hausdorff: 296.8874 | HD95: 35.5863 | LR: 0.000125
2025-08-17 00:52:04 INFO Epoch 032 | Train Loss: 0.3429 | Val Loss: 0.5707 | Dice: 0.4749 | softDice: 0.4361 | clDice: 0.5154 | softclDice: 0.5074 | IoU: 0.3124 | Tversky: 0.4749 | Hausdorff: 285.9227 | HD95: 36.0134 | LR: 0.000125
2025-08-17 00:53:47 INFO Epoch 033 | Train Loss: 0.3421 | Val Loss: 0.5704 | Dice: 0.4799 | softDice: 0.4392 | clDice: 0.5256 | softclDice: 0.5028 | IoU: 0.3167 | Tversky: 0.4799 | Hausdorff: 296.7689 | HD95: 35.7496 | LR: 0.000125
2025-08-17 00:55:24 INFO Epoch 034 | Train Loss: 0.3409 | Val Loss: 0.5707 | Dice: 0.4769 | softDice: 0.4375 | clDice: 0.5190 | softclDice: 0.5060 | IoU: 0.3143 | Tversky: 0.4769 | Hausdorff: 290.2957 | HD95: 38.0662 | LR: 0.000125
2025-08-17 00:57:04 INFO Epoch 035 | Train Loss: 0.3370 | Val Loss: 0.5708 | Dice: 0.4762 | softDice: 0.4369 | clDice: 0.5195 | softclDice: 0.5065 | IoU: 0.3136 | Tversky: 0.4762 | Hausdorff: 285.7061 | HD95: 36.9199 | LR: 0.000125
2025-08-17 00:58:42 INFO Epoch 036 | Train Loss: 0.3374 | Val Loss: 0.5723 | Dice: 0.4652 | softDice: 0.4287 | clDice: 0.5033 | softclDice: 0.5227 | IoU: 0.3041 | Tversky: 0.4652 | Hausdorff: 220.7076 | HD95: 37.3536 | LR: 0.000063
2025-08-17 01:00:19 INFO Epoch 037 | Train Loss: 0.3375 | Val Loss: 0.5721 | Dice: 0.4706 | softDice: 0.4348 | clDice: 0.5114 | softclDice: 0.5107 | IoU: 0.3086 | Tversky: 0.4706 | Hausdorff: 288.3857 | HD95: 38.0247 | LR: 0.000063
2025-08-17 01:01:58 INFO Epoch 038 | Train Loss: 0.3357 | Val Loss: 0.5714 | Dice: 0.4763 | softDice: 0.4388 | clDice: 0.5190 | softclDice: 0.5051 | IoU: 0.3135 | Tversky: 0.4763 | Hausdorff: 297.5496 | HD95: 38.2331 | LR: 0.000063
2025-08-17 01:03:37 INFO Epoch 039 | Train Loss: 0.3362 | Val Loss: 0.5724 | Dice: 0.4652 | softDice: 0.4307 | clDice: 0.5029 | softclDice: 0.5196 | IoU: 0.3042 | Tversky: 0.4652 | Hausdorff: 300.9973 | HD95: 40.5544 | LR: 0.000063
2025-08-17 01:05:13 INFO Epoch 040 | Train Loss: 0.3347 | Val Loss: 0.5726 | Dice: 0.4743 | softDice: 0.4374 | clDice: 0.5164 | softclDice: 0.5085 | IoU: 0.3119 | Tversky: 0.4743 | Hausdorff: 282.2351 | HD95: 35.9873 | LR: 0.000063
2025-08-17 01:06:57 INFO Epoch 041 | Train Loss: 0.3328 | Val Loss: 0.5726 | Dice: 0.4696 | softDice: 0.4346 | clDice: 0.5096 | softclDice: 0.5143 | IoU: 0.3079 | Tversky: 0.4696 | Hausdorff: 284.0945 | HD95: 39.2304 | LR: 0.000063
2025-08-17 01:08:34 INFO Epoch 042 | Train Loss: 0.3319 | Val Loss: 0.5730 | Dice: 0.4694 | softDice: 0.4334 | clDice: 0.5092 | softclDice: 0.5144 | IoU: 0.3077 | Tversky: 0.4694 | Hausdorff: 278.2084 | HD95: 35.3344 | LR: 0.000031
2025-08-17 01:10:10 INFO Epoch 043 | Train Loss: 0.3292 | Val Loss: 0.5741 | Dice: 0.4691 | softDice: 0.4352 | clDice: 0.5088 | softclDice: 0.5136 | IoU: 0.3074 | Tversky: 0.4691 | Hausdorff: 279.8877 | HD95: 35.8901 | LR: 0.000031
2025-08-17 01:11:50 INFO Epoch 044 | Train Loss: 0.3319 | Val Loss: 0.5728 | Dice: 0.4688 | softDice: 0.4337 | clDice: 0.5079 | softclDice: 0.5152 | IoU: 0.3071 | Tversky: 0.4688 | Hausdorff: 278.6320 | HD95: 35.8252 | LR: 0.000031
2025-08-17 01:13:29 INFO Epoch 045 | Train Loss: 0.3284 | Val Loss: 0.5749 | Dice: 0.4641 | softDice: 0.4313 | clDice: 0.5012 | softclDice: 0.5209 | IoU: 0.3032 | Tversky: 0.4641 | Hausdorff: 279.0285 | HD95: 36.9933 | LR: 0.000031
2025-08-17 01:15:13 INFO Epoch 046 | Train Loss: 0.3257 | Val Loss: 0.5744 | Dice: 0.4661 | softDice: 0.4335 | clDice: 0.5037 | softclDice: 0.5185 | IoU: 0.3048 | Tversky: 0.4661 | Hausdorff: 284.1078 | HD95: 37.2533 | LR: 0.000031
2025-08-17 01:16:49 INFO Epoch 047 | Train Loss: 0.3260 | Val Loss: 0.5751 | Dice: 0.4631 | softDice: 0.4302 | clDice: 0.4982 | softclDice: 0.5228 | IoU: 0.3023 | Tversky: 0.4631 | Hausdorff: 279.1613 | HD95: 36.1723 | LR: 0.000031
2025-08-17 01:18:25 INFO Epoch 048 | Train Loss: 0.3257 | Val Loss: 0.5753 | Dice: 0.4666 | softDice: 0.4339 | clDice: 0.5041 | softclDice: 0.5181 | IoU: 0.3053 | Tversky: 0.4666 | Hausdorff: 284.1004 | HD95: 36.5481 | LR: 0.000016
2025-08-17 01:20:12 INFO Epoch 049 | Train Loss: 0.3267 | Val Loss: 0.5749 | Dice: 0.4659 | softDice: 0.4326 | clDice: 0.5024 | softclDice: 0.5195 | IoU: 0.3046 | Tversky: 0.4659 | Hausdorff: 283.7794 | HD95: 35.6620 | LR: 0.000016
2025-08-17 01:21:53 INFO Epoch 050 | Train Loss: 0.3248 | Val Loss: 0.5742 | Dice: 0.4687 | softDice: 0.4352 | clDice: 0.5062 | softclDice: 0.5163 | IoU: 0.3070 | Tversky: 0.4687 | Hausdorff: 283.8697 | HD95: 34.7987 | LR: 0.000016
2025-08-17 01:21:53 INFO Training completed.
2025-08-17 01:22:22 INFO Fold 3 results: Dice: 0.4811 | softDice: 0.4306 | clDice: 0.5321 | softclDice: 0.4984 | IoU: 0.3181 | Tversky: 0.4811 | Hausdorff: 245.3354 | HD95: 38.7143
2025-08-17 01:22:22 INFO ===== Fold 4 / 5 =====
2025-08-17 01:22:22 INFO Loading model unet with settings {'name': 'unet', 'encoder_name': 'densenet121', 'encoder_weights': 'imagenet', 'classes': 1, 'activation': None, 'dropout': 0.2}
2025-08-17 01:24:11 INFO Epoch 001 | Train Loss: 0.5944 | Val Loss: 0.6237 | Dice: 0.3805 | softDice: 0.2357 | clDice: 0.4411 | softclDice: 0.7448 | IoU: 0.2353 | Tversky: 0.3805 | Hausdorff: 514.0178 | HD95: 131.0897 | LR: 0.001000
2025-08-17 01:25:58 INFO Epoch 002 | Train Loss: 0.4455 | Val Loss: 0.5884 | Dice: 0.4123 | softDice: 0.3181 | clDice: 0.4511 | softclDice: 0.6511 | IoU: 0.2601 | Tversky: 0.4123 | Hausdorff: 467.2684 | HD95: 95.5507 | LR: 0.001000
2025-08-17 01:27:41 INFO Epoch 003 | Train Loss: 0.4026 | Val Loss: 0.5701 | Dice: 0.4291 | softDice: 0.3589 | clDice: 0.4651 | softclDice: 0.5936 | IoU: 0.2733 | Tversky: 0.4291 | Hausdorff: 277.2721 | HD95: 80.6521 | LR: 0.001000
2025-08-17 01:29:24 INFO Epoch 004 | Train Loss: 0.3899 | Val Loss: 0.5695 | Dice: 0.4506 | softDice: 0.3833 | clDice: 0.4879 | softclDice: 0.5640 | IoU: 0.2911 | Tversky: 0.4506 | Hausdorff: 232.6633 | HD95: 49.2311 | LR: 0.001000
2025-08-17 01:31:07 INFO Epoch 005 | Train Loss: 0.3810 | Val Loss: 0.5718 | Dice: 0.4722 | softDice: 0.4169 | clDice: 0.5221 | softclDice: 0.5214 | IoU: 0.3094 | Tversky: 0.4722 | Hausdorff: 225.8968 | HD95: 40.1406 | LR: 0.001000
2025-08-17 01:32:48 INFO Epoch 006 | Train Loss: 0.3790 | Val Loss: 0.5703 | Dice: 0.4640 | softDice: 0.4041 | clDice: 0.5040 | softclDice: 0.5361 | IoU: 0.3023 | Tversky: 0.4640 | Hausdorff: 225.7812 | HD95: 44.6730 | LR: 0.001000
2025-08-17 01:34:34 INFO Epoch 007 | Train Loss: 0.3770 | Val Loss: 0.5707 | Dice: 0.4776 | softDice: 0.4188 | clDice: 0.5267 | softclDice: 0.5124 | IoU: 0.3140 | Tversky: 0.4776 | Hausdorff: 282.0756 | HD95: 35.7015 | LR: 0.001000
2025-08-17 01:36:13 INFO Epoch 008 | Train Loss: 0.3715 | Val Loss: 0.5697 | Dice: 0.4679 | softDice: 0.4130 | clDice: 0.5084 | softclDice: 0.5270 | IoU: 0.3056 | Tversky: 0.4679 | Hausdorff: 219.5964 | HD95: 43.5075 | LR: 0.001000
2025-08-17 01:37:56 INFO Epoch 009 | Train Loss: 0.3746 | Val Loss: 0.5695 | Dice: 0.4644 | softDice: 0.4139 | clDice: 0.5028 | softclDice: 0.5322 | IoU: 0.3026 | Tversky: 0.4644 | Hausdorff: 285.6817 | HD95: 44.0419 | LR: 0.001000
2025-08-17 01:39:34 INFO Epoch 010 | Train Loss: 0.3716 | Val Loss: 0.5693 | Dice: 0.4687 | softDice: 0.4177 | clDice: 0.5100 | softclDice: 0.5238 | IoU: 0.3063 | Tversky: 0.4687 | Hausdorff: 214.5624 | HD95: 35.7242 | LR: 0.001000
2025-08-17 01:41:23 INFO Epoch 011 | Train Loss: 0.3720 | Val Loss: 0.5682 | Dice: 0.4685 | softDice: 0.4146 | clDice: 0.5093 | softclDice: 0.5267 | IoU: 0.3062 | Tversky: 0.4685 | Hausdorff: 231.3676 | HD95: 37.0842 | LR: 0.001000
2025-08-17 01:43:02 INFO Epoch 012 | Train Loss: 0.3694 | Val Loss: 0.5698 | Dice: 0.4840 | softDice: 0.4293 | clDice: 0.5334 | softclDice: 0.4995 | IoU: 0.3195 | Tversky: 0.4840 | Hausdorff: 193.9540 | HD95: 32.2317 | LR: 0.001000
2025-08-17 01:44:39 INFO Epoch 013 | Train Loss: 0.3663 | Val Loss: 0.5676 | Dice: 0.4812 | softDice: 0.4223 | clDice: 0.5304 | softclDice: 0.5104 | IoU: 0.3171 | Tversky: 0.4812 | Hausdorff: 204.6182 | HD95: 33.1527 | LR: 0.001000
2025-08-17 01:46:14 INFO Epoch 014 | Train Loss: 0.3658 | Val Loss: 0.5679 | Dice: 0.4777 | softDice: 0.4246 | clDice: 0.5241 | softclDice: 0.5094 | IoU: 0.3141 | Tversky: 0.4777 | Hausdorff: 247.7498 | HD95: 47.6198 | LR: 0.001000
2025-08-17 01:47:52 INFO Epoch 015 | Train Loss: 0.3664 | Val Loss: 0.5686 | Dice: 0.4837 | softDice: 0.4291 | clDice: 0.5329 | softclDice: 0.5039 | IoU: 0.3193 | Tversky: 0.4837 | Hausdorff: 340.7420 | HD95: 35.0012 | LR: 0.001000
2025-08-17 01:49:33 INFO Epoch 016 | Train Loss: 0.3667 | Val Loss: 0.5679 | Dice: 0.4736 | softDice: 0.4167 | clDice: 0.5181 | softclDice: 0.5196 | IoU: 0.3106 | Tversky: 0.4736 | Hausdorff: 195.6435 | HD95: 41.0673 | LR: 0.001000
2025-08-17 01:51:17 INFO Epoch 017 | Train Loss: 0.3635 | Val Loss: 0.5735 | Dice: 0.4616 | softDice: 0.4182 | clDice: 0.5011 | softclDice: 0.5286 | IoU: 0.3003 | Tversky: 0.4616 | Hausdorff: 393.6983 | HD95: 43.1783 | LR: 0.001000
2025-08-17 01:52:59 INFO Epoch 018 | Train Loss: 0.3652 | Val Loss: 0.5683 | Dice: 0.4799 | softDice: 0.4260 | clDice: 0.5271 | softclDice: 0.5064 | IoU: 0.3159 | Tversky: 0.4799 | Hausdorff: 230.4769 | HD95: 39.5547 | LR: 0.001000
2025-08-17 01:54:47 INFO Epoch 019 | Train Loss: 0.3639 | Val Loss: 0.5714 | Dice: 0.4622 | softDice: 0.4183 | clDice: 0.5025 | softclDice: 0.5251 | IoU: 0.3010 | Tversky: 0.4622 | Hausdorff: 222.4189 | HD95: 49.3606 | LR: 0.000500
2025-08-17 01:56:34 INFO Epoch 020 | Train Loss: 0.3585 | Val Loss: 0.5709 | Dice: 0.4851 | softDice: 0.4329 | clDice: 0.5429 | softclDice: 0.4938 | IoU: 0.3205 | Tversky: 0.4851 | Hausdorff: 230.3958 | HD95: 30.1897 | LR: 0.000500
2025-08-17 01:58:20 INFO Epoch 021 | Train Loss: 0.3572 | Val Loss: 0.5735 | Dice: 0.4799 | softDice: 0.4319 | clDice: 0.5324 | softclDice: 0.5013 | IoU: 0.3159 | Tversky: 0.4799 | Hausdorff: 300.2334 | HD95: 28.1948 | LR: 0.000500
2025-08-17 01:59:59 INFO Epoch 022 | Train Loss: 0.3579 | Val Loss: 0.5710 | Dice: 0.4841 | softDice: 0.4322 | clDice: 0.5390 | softclDice: 0.4960 | IoU: 0.3195 | Tversky: 0.4841 | Hausdorff: 293.8187 | HD95: 33.3175 | LR: 0.000500
2025-08-17 02:01:37 INFO Epoch 023 | Train Loss: 0.3563 | Val Loss: 0.5710 | Dice: 0.4906 | softDice: 0.4429 | clDice: 0.5454 | softclDice: 0.4835 | IoU: 0.3253 | Tversky: 0.4906 | Hausdorff: 205.6887 | HD95: 29.3604 | LR: 0.000500
2025-08-17 02:03:19 INFO Epoch 024 | Train Loss: 0.3550 | Val Loss: 0.5692 | Dice: 0.4866 | softDice: 0.4361 | clDice: 0.5385 | softclDice: 0.4934 | IoU: 0.3217 | Tversky: 0.4866 | Hausdorff: 263.7893 | HD95: 33.0990 | LR: 0.000500
2025-08-17 02:05:04 INFO Epoch 025 | Train Loss: 0.3527 | Val Loss: 0.5695 | Dice: 0.4864 | softDice: 0.4376 | clDice: 0.5359 | softclDice: 0.4957 | IoU: 0.3216 | Tversky: 0.4864 | Hausdorff: 215.6023 | HD95: 30.7414 | LR: 0.000250
2025-08-17 02:06:43 INFO Epoch 026 | Train Loss: 0.3520 | Val Loss: 0.5719 | Dice: 0.4848 | softDice: 0.4364 | clDice: 0.5387 | softclDice: 0.4943 | IoU: 0.3202 | Tversky: 0.4848 | Hausdorff: 207.1747 | HD95: 28.5529 | LR: 0.000250
2025-08-17 02:08:22 INFO Epoch 027 | Train Loss: 0.3519 | Val Loss: 0.5705 | Dice: 0.4798 | softDice: 0.4360 | clDice: 0.5238 | softclDice: 0.5023 | IoU: 0.3158 | Tversky: 0.4798 | Hausdorff: 196.9593 | HD95: 29.4803 | LR: 0.000250
2025-08-17 02:10:01 INFO Epoch 028 | Train Loss: 0.3486 | Val Loss: 0.5704 | Dice: 0.4804 | softDice: 0.4345 | clDice: 0.5263 | softclDice: 0.5008 | IoU: 0.3164 | Tversky: 0.4804 | Hausdorff: 199.0948 | HD95: 28.8256 | LR: 0.000250
2025-08-17 02:11:37 INFO Epoch 029 | Train Loss: 0.3462 | Val Loss: 0.5702 | Dice: 0.4862 | softDice: 0.4406 | clDice: 0.5333 | softclDice: 0.4943 | IoU: 0.3215 | Tversky: 0.4862 | Hausdorff: 220.6834 | HD95: 29.2777 | LR: 0.000250
2025-08-17 02:13:13 INFO Epoch 030 | Train Loss: 0.3465 | Val Loss: 0.5718 | Dice: 0.4793 | softDice: 0.4361 | clDice: 0.5246 | softclDice: 0.5042 | IoU: 0.3154 | Tversky: 0.4793 | Hausdorff: 226.5378 | HD95: 29.9405 | LR: 0.000250
2025-08-17 02:14:47 INFO Epoch 031 | Train Loss: 0.3443 | Val Loss: 0.5743 | Dice: 0.4728 | softDice: 0.4316 | clDice: 0.5140 | softclDice: 0.5122 | IoU: 0.3098 | Tversky: 0.4728 | Hausdorff: 332.4218 | HD95: 31.2187 | LR: 0.000125
2025-08-17 02:16:28 INFO Epoch 032 | Train Loss: 0.3440 | Val Loss: 0.5732 | Dice: 0.4802 | softDice: 0.4379 | clDice: 0.5255 | softclDice: 0.5013 | IoU: 0.3162 | Tversky: 0.4802 | Hausdorff: 193.1004 | HD95: 29.1474 | LR: 0.000125
2025-08-17 02:18:05 INFO Epoch 033 | Train Loss: 0.3398 | Val Loss: 0.5728 | Dice: 0.4792 | softDice: 0.4378 | clDice: 0.5236 | softclDice: 0.5021 | IoU: 0.3153 | Tversky: 0.4792 | Hausdorff: 204.8117 | HD95: 29.9040 | LR: 0.000125
2025-08-17 02:19:43 INFO Epoch 034 | Train Loss: 0.3394 | Val Loss: 0.5737 | Dice: 0.4740 | softDice: 0.4336 | clDice: 0.5149 | softclDice: 0.5098 | IoU: 0.3108 | Tversky: 0.4740 | Hausdorff: 203.9749 | HD95: 28.7253 | LR: 0.000125
2025-08-17 02:21:32 INFO Epoch 035 | Train Loss: 0.3387 | Val Loss: 0.5748 | Dice: 0.4727 | softDice: 0.4343 | clDice: 0.5162 | softclDice: 0.5083 | IoU: 0.3097 | Tversky: 0.4727 | Hausdorff: 227.3717 | HD95: 30.8488 | LR: 0.000125
2025-08-17 02:23:12 INFO Epoch 036 | Train Loss: 0.3375 | Val Loss: 0.5741 | Dice: 0.4706 | softDice: 0.4313 | clDice: 0.5119 | softclDice: 0.5141 | IoU: 0.3079 | Tversky: 0.4706 | Hausdorff: 214.7377 | HD95: 29.5792 | LR: 0.000125
2025-08-17 02:25:03 INFO Epoch 037 | Train Loss: 0.3347 | Val Loss: 0.5750 | Dice: 0.4662 | softDice: 0.4294 | clDice: 0.5068 | softclDice: 0.5160 | IoU: 0.3042 | Tversky: 0.4662 | Hausdorff: 220.2661 | HD95: 30.5572 | LR: 0.000063
2025-08-17 02:26:40 INFO Epoch 038 | Train Loss: 0.3352 | Val Loss: 0.5753 | Dice: 0.4646 | softDice: 0.4270 | clDice: 0.5027 | softclDice: 0.5211 | IoU: 0.3028 | Tversky: 0.4646 | Hausdorff: 218.6704 | HD95: 30.5015 | LR: 0.000063
2025-08-17 02:28:19 INFO Epoch 039 | Train Loss: 0.3340 | Val Loss: 0.5765 | Dice: 0.4631 | softDice: 0.4267 | clDice: 0.5005 | softclDice: 0.5220 | IoU: 0.3015 | Tversky: 0.4631 | Hausdorff: 213.4574 | HD95: 31.0900 | LR: 0.000063
2025-08-17 02:30:08 INFO Epoch 040 | Train Loss: 0.3332 | Val Loss: 0.5749 | Dice: 0.4703 | softDice: 0.4328 | clDice: 0.5110 | softclDice: 0.5128 | IoU: 0.3077 | Tversky: 0.4703 | Hausdorff: 210.1201 | HD95: 30.2039 | LR: 0.000063
2025-08-17 02:31:45 INFO Epoch 041 | Train Loss: 0.3312 | Val Loss: 0.5754 | Dice: 0.4625 | softDice: 0.4275 | clDice: 0.5011 | softclDice: 0.5207 | IoU: 0.3010 | Tversky: 0.4625 | Hausdorff: 214.2647 | HD95: 33.5152 | LR: 0.000063
2025-08-17 02:33:29 INFO Epoch 042 | Train Loss: 0.3321 | Val Loss: 0.5756 | Dice: 0.4649 | softDice: 0.4280 | clDice: 0.5029 | softclDice: 0.5187 | IoU: 0.3032 | Tversky: 0.4649 | Hausdorff: 214.9477 | HD95: 31.0749 | LR: 0.000063
2025-08-17 02:35:05 INFO Epoch 043 | Train Loss: 0.3278 | Val Loss: 0.5756 | Dice: 0.4628 | softDice: 0.4293 | clDice: 0.4998 | softclDice: 0.5203 | IoU: 0.3013 | Tversky: 0.4628 | Hausdorff: 216.8606 | HD95: 32.8197 | LR: 0.000031
2025-08-17 02:36:43 INFO Epoch 044 | Train Loss: 0.3294 | Val Loss: 0.5760 | Dice: 0.4592 | softDice: 0.4246 | clDice: 0.4961 | softclDice: 0.5264 | IoU: 0.2983 | Tversky: 0.4592 | Hausdorff: 214.4613 | HD95: 33.0266 | LR: 0.000031
2025-08-17 02:38:17 INFO Epoch 045 | Train Loss: 0.3263 | Val Loss: 0.5762 | Dice: 0.4676 | softDice: 0.4322 | clDice: 0.5065 | softclDice: 0.5163 | IoU: 0.3054 | Tversky: 0.4676 | Hausdorff: 228.8003 | HD95: 30.8663 | LR: 0.000031
2025-08-17 02:39:53 INFO Epoch 046 | Train Loss: 0.3259 | Val Loss: 0.5776 | Dice: 0.4604 | softDice: 0.4265 | clDice: 0.4966 | softclDice: 0.5256 | IoU: 0.2992 | Tversky: 0.4604 | Hausdorff: 227.9508 | HD95: 31.1105 | LR: 0.000031
2025-08-17 02:41:33 INFO Epoch 047 | Train Loss: 0.3279 | Val Loss: 0.5768 | Dice: 0.4636 | softDice: 0.4283 | clDice: 0.5008 | softclDice: 0.5215 | IoU: 0.3020 | Tversky: 0.4636 | Hausdorff: 227.3262 | HD95: 30.9955 | LR: 0.000031
2025-08-17 02:43:07 INFO Epoch 048 | Train Loss: 0.3232 | Val Loss: 0.5779 | Dice: 0.4605 | softDice: 0.4275 | clDice: 0.4967 | softclDice: 0.5242 | IoU: 0.2994 | Tversky: 0.4605 | Hausdorff: 226.7991 | HD95: 31.8188 | LR: 0.000031
2025-08-17 02:44:40 INFO Epoch 049 | Train Loss: 0.3239 | Val Loss: 0.5766 | Dice: 0.4638 | softDice: 0.4297 | clDice: 0.5027 | softclDice: 0.5196 | IoU: 0.3022 | Tversky: 0.4638 | Hausdorff: 228.2485 | HD95: 31.6605 | LR: 0.000016
2025-08-17 02:46:15 INFO Epoch 050 | Train Loss: 0.3230 | Val Loss: 0.5782 | Dice: 0.4629 | softDice: 0.4295 | clDice: 0.5009 | softclDice: 0.5201 | IoU: 0.3013 | Tversky: 0.4629 | Hausdorff: 225.3245 | HD95: 30.7145 | LR: 0.000016
2025-08-17 02:46:15 INFO Training completed.
2025-08-17 02:46:45 INFO Fold 4 results: Dice: 0.4812 | softDice: 0.4223 | clDice: 0.5304 | softclDice: 0.5104 | IoU: 0.3171 | Tversky: 0.4812 | Hausdorff: 204.6182 | HD95: 33.1527
2025-08-17 02:46:45 INFO ===== Fold 5 / 5 =====
2025-08-17 02:46:45 INFO Loading model unet with settings {'name': 'unet', 'encoder_name': 'densenet121', 'encoder_weights': 'imagenet', 'classes': 1, 'activation': None, 'dropout': 0.2}
2025-08-17 02:48:19 INFO Epoch 001 | Train Loss: 0.5522 | Val Loss: 0.6221 | Dice: 0.3669 | softDice: 0.2515 | clDice: 0.3286 | softclDice: 0.8267 | IoU: 0.2253 | Tversky: 0.3669 | Hausdorff: 767.6910 | HD95: 257.6052 | LR: 0.001000
2025-08-17 02:49:53 INFO Epoch 002 | Train Loss: 0.4160 | Val Loss: 0.5833 | Dice: 0.4215 | softDice: 0.3523 | clDice: 0.4736 | softclDice: 0.6117 | IoU: 0.2673 | Tversky: 0.4215 | Hausdorff: 229.1312 | HD95: 70.7240 | LR: 0.001000
2025-08-17 02:51:25 INFO Epoch 003 | Train Loss: 0.3947 | Val Loss: 0.5663 | Dice: 0.4470 | softDice: 0.3832 | clDice: 0.4926 | softclDice: 0.5691 | IoU: 0.2880 | Tversky: 0.4470 | Hausdorff: 238.8703 | HD95: 66.6367 | LR: 0.001000
2025-08-17 02:53:00 INFO Epoch 004 | Train Loss: 0.3852 | Val Loss: 0.5662 | Dice: 0.4705 | softDice: 0.4115 | clDice: 0.5305 | softclDice: 0.5193 | IoU: 0.3078 | Tversky: 0.4705 | Hausdorff: 275.1204 | HD95: 45.3097 | LR: 0.001000
2025-08-17 02:54:33 INFO Epoch 005 | Train Loss: 0.3815 | Val Loss: 0.5610 | Dice: 0.4569 | softDice: 0.4005 | clDice: 0.5023 | softclDice: 0.5423 | IoU: 0.2964 | Tversky: 0.4569 | Hausdorff: 234.8385 | HD95: 52.0290 | LR: 0.001000
2025-08-17 02:56:05 INFO Epoch 006 | Train Loss: 0.3795 | Val Loss: 0.5648 | Dice: 0.4478 | softDice: 0.3983 | clDice: 0.4921 | softclDice: 0.5548 | IoU: 0.2887 | Tversky: 0.4478 | Hausdorff: 234.4082 | HD95: 59.3835 | LR: 0.001000
2025-08-17 02:57:38 INFO Epoch 007 | Train Loss: 0.3775 | Val Loss: 0.5694 | Dice: 0.4370 | softDice: 0.3964 | clDice: 0.4781 | softclDice: 0.5557 | IoU: 0.2800 | Tversky: 0.4370 | Hausdorff: 232.1297 | HD95: 64.5026 | LR: 0.001000
2025-08-17 02:59:11 INFO Epoch 008 | Train Loss: 0.3736 | Val Loss: 0.5668 | Dice: 0.4682 | softDice: 0.4265 | clDice: 0.5223 | softclDice: 0.5108 | IoU: 0.3059 | Tversky: 0.4682 | Hausdorff: 217.1455 | HD95: 47.3778 | LR: 0.001000
2025-08-17 03:00:44 INFO Epoch 009 | Train Loss: 0.3736 | Val Loss: 0.5601 | Dice: 0.4503 | softDice: 0.4023 | clDice: 0.4914 | softclDice: 0.5438 | IoU: 0.2909 | Tversky: 0.4503 | Hausdorff: 270.9630 | HD95: 58.2061 | LR: 0.001000
2025-08-17 03:02:18 INFO Epoch 010 | Train Loss: 0.3711 | Val Loss: 0.5616 | Dice: 0.4707 | softDice: 0.4228 | clDice: 0.5224 | softclDice: 0.5096 | IoU: 0.3080 | Tversky: 0.4707 | Hausdorff: 226.3942 | HD95: 50.1713 | LR: 0.001000
2025-08-17 03:03:52 INFO Epoch 011 | Train Loss: 0.3687 | Val Loss: 0.5638 | Dice: 0.4699 | softDice: 0.4220 | clDice: 0.5227 | softclDice: 0.5090 | IoU: 0.3074 | Tversky: 0.4699 | Hausdorff: 234.2871 | HD95: 43.9730 | LR: 0.001000
2025-08-17 03:05:28 INFO Epoch 012 | Train Loss: 0.3674 | Val Loss: 0.5634 | Dice: 0.4657 | softDice: 0.4213 | clDice: 0.5118 | softclDice: 0.5201 | IoU: 0.3038 | Tversky: 0.4657 | Hausdorff: 210.8887 | HD95: 45.8559 | LR: 0.001000
2025-08-17 03:07:02 INFO Epoch 013 | Train Loss: 0.3697 | Val Loss: 0.5599 | Dice: 0.4510 | softDice: 0.4031 | clDice: 0.4900 | softclDice: 0.5396 | IoU: 0.2914 | Tversky: 0.4510 | Hausdorff: 222.1060 | HD95: 63.0333 | LR: 0.001000
2025-08-17 03:08:38 INFO Epoch 014 | Train Loss: 0.3674 | Val Loss: 0.5686 | Dice: 0.4697 | softDice: 0.4276 | clDice: 0.5224 | softclDice: 0.5065 | IoU: 0.3072 | Tversky: 0.4697 | Hausdorff: 204.5465 | HD95: 52.9412 | LR: 0.001000
2025-08-17 03:10:12 INFO Epoch 015 | Train Loss: 0.3654 | Val Loss: 0.5629 | Dice: 0.4733 | softDice: 0.4281 | clDice: 0.5248 | softclDice: 0.5040 | IoU: 0.3104 | Tversky: 0.4733 | Hausdorff: 221.0657 | HD95: 44.9996 | LR: 0.001000
2025-08-17 03:11:49 INFO Epoch 016 | Train Loss: 0.3656 | Val Loss: 0.5626 | Dice: 0.4574 | softDice: 0.4073 | clDice: 0.4998 | softclDice: 0.5348 | IoU: 0.2968 | Tversky: 0.4574 | Hausdorff: 219.9451 | HD95: 51.5016 | LR: 0.001000
2025-08-17 03:13:23 INFO Epoch 017 | Train Loss: 0.3656 | Val Loss: 0.5614 | Dice: 0.4727 | softDice: 0.4219 | clDice: 0.5238 | softclDice: 0.5063 | IoU: 0.3099 | Tversky: 0.4727 | Hausdorff: 222.2949 | HD95: 46.9867 | LR: 0.001000
2025-08-17 03:14:56 INFO Epoch 018 | Train Loss: 0.3621 | Val Loss: 0.5642 | Dice: 0.4554 | softDice: 0.4025 | clDice: 0.4994 | softclDice: 0.5377 | IoU: 0.2951 | Tversky: 0.4554 | Hausdorff: 239.2592 | HD95: 62.2722 | LR: 0.001000
2025-08-17 03:16:30 INFO Epoch 019 | Train Loss: 0.3618 | Val Loss: 0.5617 | Dice: 0.4684 | softDice: 0.4216 | clDice: 0.5143 | softclDice: 0.5186 | IoU: 0.3063 | Tversky: 0.4684 | Hausdorff: 228.7284 | HD95: 51.0190 | LR: 0.000500
2025-08-17 03:18:04 INFO Epoch 020 | Train Loss: 0.3616 | Val Loss: 0.5644 | Dice: 0.4706 | softDice: 0.4262 | clDice: 0.5205 | softclDice: 0.5089 | IoU: 0.3081 | Tversky: 0.4706 | Hausdorff: 216.1293 | HD95: 42.8824 | LR: 0.000500
2025-08-17 03:19:39 INFO Epoch 021 | Train Loss: 0.3575 | Val Loss: 0.5617 | Dice: 0.4677 | softDice: 0.4224 | clDice: 0.5151 | softclDice: 0.5164 | IoU: 0.3056 | Tversky: 0.4677 | Hausdorff: 264.8966 | HD95: 47.8002 | LR: 0.000500
2025-08-17 03:21:11 INFO Epoch 022 | Train Loss: 0.3578 | Val Loss: 0.5655 | Dice: 0.4739 | softDice: 0.4306 | clDice: 0.5261 | softclDice: 0.5023 | IoU: 0.3109 | Tversky: 0.4739 | Hausdorff: 213.9524 | HD95: 36.2167 | LR: 0.000500
2025-08-17 03:22:48 INFO Epoch 023 | Train Loss: 0.3550 | Val Loss: 0.5624 | Dice: 0.4700 | softDice: 0.4233 | clDice: 0.5176 | softclDice: 0.5137 | IoU: 0.3076 | Tversky: 0.4700 | Hausdorff: 227.5880 | HD95: 39.3678 | LR: 0.000500
2025-08-17 03:24:24 INFO Epoch 024 | Train Loss: 0.3552 | Val Loss: 0.5647 | Dice: 0.4682 | softDice: 0.4243 | clDice: 0.5160 | softclDice: 0.5142 | IoU: 0.3060 | Tversky: 0.4682 | Hausdorff: 201.1209 | HD95: 35.3893 | LR: 0.000500
2025-08-17 03:25:59 INFO Epoch 025 | Train Loss: 0.3557 | Val Loss: 0.5621 | Dice: 0.4744 | softDice: 0.4289 | clDice: 0.5201 | softclDice: 0.5111 | IoU: 0.3113 | Tversky: 0.4744 | Hausdorff: 205.1850 | HD95: 42.3521 | LR: 0.000250
2025-08-17 03:27:34 INFO Epoch 026 | Train Loss: 0.3524 | Val Loss: 0.5634 | Dice: 0.4730 | softDice: 0.4292 | clDice: 0.5210 | softclDice: 0.5083 | IoU: 0.3101 | Tversky: 0.4730 | Hausdorff: 251.5266 | HD95: 42.1674 | LR: 0.000250
2025-08-17 03:29:08 INFO Epoch 027 | Train Loss: 0.3489 | Val Loss: 0.5643 | Dice: 0.4754 | softDice: 0.4312 | clDice: 0.5256 | softclDice: 0.5042 | IoU: 0.3121 | Tversky: 0.4754 | Hausdorff: 215.5933 | HD95: 35.3787 | LR: 0.000250
2025-08-17 03:30:43 INFO Epoch 028 | Train Loss: 0.3494 | Val Loss: 0.5642 | Dice: 0.4726 | softDice: 0.4300 | clDice: 0.5191 | softclDice: 0.5093 | IoU: 0.3098 | Tversky: 0.4726 | Hausdorff: 311.5193 | HD95: 35.9912 | LR: 0.000250
2025-08-17 03:32:15 INFO Epoch 029 | Train Loss: 0.3467 | Val Loss: 0.5652 | Dice: 0.4662 | softDice: 0.4256 | clDice: 0.5105 | softclDice: 0.5181 | IoU: 0.3043 | Tversky: 0.4662 | Hausdorff: 205.4788 | HD95: 38.4358 | LR: 0.000250
2025-08-17 03:33:48 INFO Epoch 030 | Train Loss: 0.3452 | Val Loss: 0.5655 | Dice: 0.4596 | softDice: 0.4217 | clDice: 0.5003 | softclDice: 0.5251 | IoU: 0.2988 | Tversky: 0.4596 | Hausdorff: 211.7653 | HD95: 41.8955 | LR: 0.000250
2025-08-17 03:35:22 INFO Epoch 031 | Train Loss: 0.3450 | Val Loss: 0.5673 | Dice: 0.4701 | softDice: 0.4317 | clDice: 0.5176 | softclDice: 0.5091 | IoU: 0.3077 | Tversky: 0.4701 | Hausdorff: 219.1637 | HD95: 35.3032 | LR: 0.000125
2025-08-17 03:36:53 INFO Epoch 032 | Train Loss: 0.3413 | Val Loss: 0.5647 | Dice: 0.4755 | softDice: 0.4363 | clDice: 0.5227 | softclDice: 0.5035 | IoU: 0.3121 | Tversky: 0.4755 | Hausdorff: 214.2934 | HD95: 39.6543 | LR: 0.000125
2025-08-17 03:38:27 INFO Epoch 033 | Train Loss: 0.3431 | Val Loss: 0.5670 | Dice: 0.4678 | softDice: 0.4299 | clDice: 0.5137 | softclDice: 0.5109 | IoU: 0.3057 | Tversky: 0.4678 | Hausdorff: 204.5275 | HD95: 38.7703 | LR: 0.000125
2025-08-17 03:40:02 INFO Epoch 034 | Train Loss: 0.3412 | Val Loss: 0.5656 | Dice: 0.4745 | softDice: 0.4321 | clDice: 0.5208 | softclDice: 0.5085 | IoU: 0.3113 | Tversky: 0.4745 | Hausdorff: 263.3579 | HD95: 34.6282 | LR: 0.000125
2025-08-17 03:41:34 INFO Epoch 035 | Train Loss: 0.3366 | Val Loss: 0.5681 | Dice: 0.4640 | softDice: 0.4279 | clDice: 0.5045 | softclDice: 0.5196 | IoU: 0.3024 | Tversky: 0.4640 | Hausdorff: 198.1117 | HD95: 35.6043 | LR: 0.000125
2025-08-17 03:43:05 INFO Epoch 036 | Train Loss: 0.3359 | Val Loss: 0.5670 | Dice: 0.4685 | softDice: 0.4328 | clDice: 0.5112 | softclDice: 0.5117 | IoU: 0.3061 | Tversky: 0.4685 | Hausdorff: 266.7487 | HD95: 38.1129 | LR: 0.000125
2025-08-17 03:44:37 INFO Epoch 037 | Train Loss: 0.3326 | Val Loss: 0.5682 | Dice: 0.4632 | softDice: 0.4283 | clDice: 0.5047 | softclDice: 0.5163 | IoU: 0.3018 | Tversky: 0.4632 | Hausdorff: 246.3531 | HD95: 36.6086 | LR: 0.000063
2025-08-17 03:46:13 INFO Epoch 038 | Train Loss: 0.3293 | Val Loss: 0.5687 | Dice: 0.4700 | softDice: 0.4359 | clDice: 0.5119 | softclDice: 0.5101 | IoU: 0.3075 | Tversky: 0.4700 | Hausdorff: 203.0223 | HD95: 36.1646 | LR: 0.000063
2025-08-17 03:47:46 INFO Epoch 039 | Train Loss: 0.3282 | Val Loss: 0.5676 | Dice: 0.4640 | softDice: 0.4293 | clDice: 0.5040 | softclDice: 0.5188 | IoU: 0.3024 | Tversky: 0.4640 | Hausdorff: 197.0819 | HD95: 39.3191 | LR: 0.000063
2025-08-17 03:49:16 INFO Epoch 040 | Train Loss: 0.3299 | Val Loss: 0.5684 | Dice: 0.4601 | softDice: 0.4262 | clDice: 0.4988 | softclDice: 0.5221 | IoU: 0.2991 | Tversky: 0.4601 | Hausdorff: 206.0445 | HD95: 38.9578 | LR: 0.000063
2025-08-17 03:50:51 INFO Epoch 041 | Train Loss: 0.3273 | Val Loss: 0.5698 | Dice: 0.4663 | softDice: 0.4333 | clDice: 0.5054 | softclDice: 0.5157 | IoU: 0.3043 | Tversky: 0.4663 | Hausdorff: 205.9217 | HD95: 36.3744 | LR: 0.000063
2025-08-17 03:52:24 INFO Epoch 042 | Train Loss: 0.3287 | Val Loss: 0.5713 | Dice: 0.4568 | softDice: 0.4263 | clDice: 0.4942 | softclDice: 0.5249 | IoU: 0.2963 | Tversky: 0.4568 | Hausdorff: 209.0735 | HD95: 37.8898 | LR: 0.000063
2025-08-17 03:53:57 INFO Epoch 043 | Train Loss: 0.3268 | Val Loss: 0.5705 | Dice: 0.4602 | softDice: 0.4289 | clDice: 0.4986 | softclDice: 0.5212 | IoU: 0.2992 | Tversky: 0.4602 | Hausdorff: 261.6744 | HD95: 39.1804 | LR: 0.000031
2025-08-17 03:55:31 INFO Epoch 044 | Train Loss: 0.3251 | Val Loss: 0.5697 | Dice: 0.4627 | softDice: 0.4293 | clDice: 0.5017 | softclDice: 0.5198 | IoU: 0.3013 | Tversky: 0.4627 | Hausdorff: 267.0141 | HD95: 36.4424 | LR: 0.000031
2025-08-17 03:57:06 INFO Epoch 045 | Train Loss: 0.3238 | Val Loss: 0.5710 | Dice: 0.4626 | softDice: 0.4299 | clDice: 0.5014 | softclDice: 0.5195 | IoU: 0.3013 | Tversky: 0.4626 | Hausdorff: 269.6399 | HD95: 36.3027 | LR: 0.000031
2025-08-17 03:58:40 INFO Epoch 046 | Train Loss: 0.3220 | Val Loss: 0.5719 | Dice: 0.4615 | softDice: 0.4312 | clDice: 0.4986 | softclDice: 0.5205 | IoU: 0.3002 | Tversky: 0.4615 | Hausdorff: 269.5824 | HD95: 36.1894 | LR: 0.000031
2025-08-17 04:00:14 INFO Epoch 047 | Train Loss: 0.3236 | Val Loss: 0.5702 | Dice: 0.4591 | softDice: 0.4271 | clDice: 0.4965 | softclDice: 0.5228 | IoU: 0.2982 | Tversky: 0.4591 | Hausdorff: 265.8553 | HD95: 39.3259 | LR: 0.000031
2025-08-17 04:01:49 INFO Epoch 048 | Train Loss: 0.3227 | Val Loss: 0.5709 | Dice: 0.4609 | softDice: 0.4284 | clDice: 0.4993 | softclDice: 0.5213 | IoU: 0.2997 | Tversky: 0.4609 | Hausdorff: 264.0466 | HD95: 36.8127 | LR: 0.000031
2025-08-17 04:03:22 INFO Epoch 049 | Train Loss: 0.3215 | Val Loss: 0.5710 | Dice: 0.4624 | softDice: 0.4301 | clDice: 0.5011 | softclDice: 0.5204 | IoU: 0.3010 | Tversky: 0.4624 | Hausdorff: 268.3139 | HD95: 34.8887 | LR: 0.000016
2025-08-17 04:04:55 INFO Epoch 050 | Train Loss: 0.3200 | Val Loss: 0.5715 | Dice: 0.4595 | softDice: 0.4288 | clDice: 0.4966 | softclDice: 0.5226 | IoU: 0.2986 | Tversky: 0.4595 | Hausdorff: 266.7335 | HD95: 38.6922 | LR: 0.000016
2025-08-17 04:04:55 INFO Training completed.
2025-08-17 04:05:23 INFO Fold 5 results: Dice: 0.4510 | softDice: 0.4031 | clDice: 0.4900 | softclDice: 0.5396 | IoU: 0.2914 | Tversky: 0.4510 | Hausdorff: 222.1060 | HD95: 63.0333
2025-08-17 04:05:23 INFO ===== Cross-validation results =====
2025-08-17 04:05:23 INFO Dice: 0.4690 | softDice: 0.4153 | clDice: 0.5139 | softclDice: 0.5220 | IoU: 0.3071 | Tversky: 0.4690 | Hausdorff: 246.8668 | HD95: 47.2146
