2025-08-16 16:30:51 INFO Starting training with configuration: {'model': {'name': 'unet', 'encoder_name': 'resnet34', 'encoder_weights': 'imagenet', 'classes': 1, 'activation': None, 'dropout': 0.2}, 'dataset': {'root': '/data/smadper@alumno.upv.es/TFM/datasets/laticifers', 'patch_size': [512, 512], 'stride': [256, 256], 'num_patches': 50, 'num_workers': 8, 'positive_ratio': 0.8, 'fg_threshold': 0.04, 'feature_dirs': {'image': '/data/smadper@alumno.upv.es/TFM/datasets/laticifers/enhanced_images', 'mask': '/data/smadper@alumno.upv.es/TFM/datasets/laticifers/masks', 'distance': '/data/smadper@alumno.upv.es/TFM/datasets/laticifers/distance_maps_pt'}}, 'train': {'batch_size': 32, 'num_epochs': 50, 'learning_rate': 0.001, 'accumulation_steps': 1, 'save_dir': '/data/smadper@alumno.upv.es/TFM/checkpoints_cv2/unet/20250816_163051_unet_resnet34_bce0.5_dice0.5', 'log_interval': 1, 'patience': 100, 'mixed_precision': True, 'experiment_name': 'unet_resnet34_bce0.5_dice0.5', 'timestamp': '20250816_163051'}, 'test': {'batch_size': 1}, 'loss': {'name': 'bce', 'cldice_alpha': 0.5, 'use_topographic': False, 'combine_with': 'dice', 'weights': {'main': 0.5, 'combined': 0.5}, 'topo': {'alpha': 2.0, 'beta': 1.0}}}
2025-08-16 16:30:51 INFO Experiment name: unet_resnet34_bce0.5_dice0.5
2025-08-16 16:30:51 INFO ===== Fold 1 / 5 =====
2025-08-16 16:30:51 INFO Loading model unet with settings {'name': 'unet', 'encoder_name': 'resnet34', 'encoder_weights': 'imagenet', 'classes': 1, 'activation': None, 'dropout': 0.2}
2025-08-16 16:33:49 INFO Epoch 001 | Train Loss: 0.6118 | Val Loss: 0.6040 | Dice: 0.3551 | softDice: 0.1921 | clDice: 0.4015 | softclDice: 0.8329 | IoU: 0.2162 | Tversky: 0.3551 | Hausdorff: 446.6326 | HD95: 113.3949 | LR: 0.001000
2025-08-16 16:36:38 INFO Epoch 002 | Train Loss: 0.4461 | Val Loss: 0.5732 | Dice: 0.3581 | softDice: 0.2656 | clDice: 0.3756 | softclDice: 0.7160 | IoU: 0.2186 | Tversky: 0.3581 | Hausdorff: 478.2838 | HD95: 92.0102 | LR: 0.001000
2025-08-16 16:39:25 INFO Epoch 003 | Train Loss: 0.4081 | Val Loss: 0.5672 | Dice: 0.3911 | softDice: 0.3286 | clDice: 0.4177 | softclDice: 0.6470 | IoU: 0.2434 | Tversky: 0.3911 | Hausdorff: 524.0683 | HD95: 94.6733 | LR: 0.001000
2025-08-16 16:42:16 INFO Epoch 004 | Train Loss: 0.3955 | Val Loss: 0.5603 | Dice: 0.4582 | softDice: 0.3843 | clDice: 0.5033 | softclDice: 0.5593 | IoU: 0.2975 | Tversky: 0.4582 | Hausdorff: 269.9782 | HD95: 52.0111 | LR: 0.001000
2025-08-16 16:45:03 INFO Epoch 005 | Train Loss: 0.3898 | Val Loss: 0.5605 | Dice: 0.4447 | softDice: 0.3862 | clDice: 0.4821 | softclDice: 0.5674 | IoU: 0.2863 | Tversky: 0.4447 | Hausdorff: 233.2109 | HD95: 58.6874 | LR: 0.001000
2025-08-16 16:47:48 INFO Epoch 006 | Train Loss: 0.3809 | Val Loss: 0.5618 | Dice: 0.4614 | softDice: 0.4085 | clDice: 0.5122 | softclDice: 0.5307 | IoU: 0.3002 | Tversky: 0.4614 | Hausdorff: 263.5311 | HD95: 74.3338 | LR: 0.001000
2025-08-16 16:50:34 INFO Epoch 007 | Train Loss: 0.3827 | Val Loss: 0.5631 | Dice: 0.4196 | softDice: 0.3707 | clDice: 0.4569 | softclDice: 0.5893 | IoU: 0.2659 | Tversky: 0.4196 | Hausdorff: 311.9555 | HD95: 108.1525 | LR: 0.001000
2025-08-16 16:53:18 INFO Epoch 008 | Train Loss: 0.3822 | Val Loss: 0.5598 | Dice: 0.4588 | softDice: 0.4024 | clDice: 0.5056 | softclDice: 0.5372 | IoU: 0.2982 | Tversky: 0.4588 | Hausdorff: 264.9782 | HD95: 68.4522 | LR: 0.001000
2025-08-16 16:56:04 INFO Epoch 009 | Train Loss: 0.3766 | Val Loss: 0.5587 | Dice: 0.4695 | softDice: 0.4115 | clDice: 0.5159 | softclDice: 0.5278 | IoU: 0.3072 | Tversky: 0.4695 | Hausdorff: 228.0054 | HD95: 50.1877 | LR: 0.001000
2025-08-16 16:58:50 INFO Epoch 010 | Train Loss: 0.3748 | Val Loss: 0.5603 | Dice: 0.4628 | softDice: 0.4064 | clDice: 0.5068 | softclDice: 0.5370 | IoU: 0.3015 | Tversky: 0.4628 | Hausdorff: 231.8029 | HD95: 47.8081 | LR: 0.001000
2025-08-16 17:01:35 INFO Epoch 011 | Train Loss: 0.3734 | Val Loss: 0.5611 | Dice: 0.4740 | softDice: 0.4206 | clDice: 0.5191 | softclDice: 0.5213 | IoU: 0.3109 | Tversky: 0.4740 | Hausdorff: 238.4077 | HD95: 44.3431 | LR: 0.001000
2025-08-16 17:04:23 INFO Epoch 012 | Train Loss: 0.3736 | Val Loss: 0.5618 | Dice: 0.4623 | softDice: 0.4114 | clDice: 0.5110 | softclDice: 0.5315 | IoU: 0.3010 | Tversky: 0.4623 | Hausdorff: 398.2961 | HD95: 55.9740 | LR: 0.001000
2025-08-16 17:07:08 INFO Epoch 013 | Train Loss: 0.3748 | Val Loss: 0.5577 | Dice: 0.4780 | softDice: 0.4210 | clDice: 0.5224 | softclDice: 0.5166 | IoU: 0.3144 | Tversky: 0.4780 | Hausdorff: 231.6574 | HD95: 44.5729 | LR: 0.001000
2025-08-16 17:09:55 INFO Epoch 014 | Train Loss: 0.3697 | Val Loss: 0.5611 | Dice: 0.4812 | softDice: 0.4294 | clDice: 0.5290 | softclDice: 0.5112 | IoU: 0.3171 | Tversky: 0.4812 | Hausdorff: 221.2280 | HD95: 34.5548 | LR: 0.001000
2025-08-16 17:12:41 INFO Epoch 015 | Train Loss: 0.3710 | Val Loss: 0.5604 | Dice: 0.4725 | softDice: 0.4229 | clDice: 0.5212 | softclDice: 0.5183 | IoU: 0.3097 | Tversky: 0.4725 | Hausdorff: 247.6590 | HD95: 40.7596 | LR: 0.001000
2025-08-16 17:15:25 INFO Epoch 016 | Train Loss: 0.3700 | Val Loss: 0.5593 | Dice: 0.4703 | softDice: 0.4223 | clDice: 0.5175 | softclDice: 0.5159 | IoU: 0.3078 | Tversky: 0.4703 | Hausdorff: 232.3441 | HD95: 51.9625 | LR: 0.001000
2025-08-16 17:18:13 INFO Epoch 017 | Train Loss: 0.3679 | Val Loss: 0.5603 | Dice: 0.4700 | softDice: 0.4215 | clDice: 0.5150 | softclDice: 0.5222 | IoU: 0.3076 | Tversky: 0.4700 | Hausdorff: 227.0042 | HD95: 49.6145 | LR: 0.001000
2025-08-16 17:20:59 INFO Epoch 018 | Train Loss: 0.3699 | Val Loss: 0.5599 | Dice: 0.4731 | softDice: 0.4225 | clDice: 0.5195 | softclDice: 0.5149 | IoU: 0.3103 | Tversky: 0.4731 | Hausdorff: 233.3292 | HD95: 38.9729 | LR: 0.001000
2025-08-16 17:23:45 INFO Epoch 019 | Train Loss: 0.3695 | Val Loss: 0.5596 | Dice: 0.4803 | softDice: 0.4302 | clDice: 0.5283 | softclDice: 0.5071 | IoU: 0.3164 | Tversky: 0.4803 | Hausdorff: 233.2858 | HD95: 38.6655 | LR: 0.000500
2025-08-16 17:26:30 INFO Epoch 020 | Train Loss: 0.3622 | Val Loss: 0.5610 | Dice: 0.4742 | softDice: 0.4300 | clDice: 0.5202 | softclDice: 0.5109 | IoU: 0.3112 | Tversky: 0.4742 | Hausdorff: 385.5219 | HD95: 35.8291 | LR: 0.000500
2025-08-16 17:29:14 INFO Epoch 021 | Train Loss: 0.3620 | Val Loss: 0.5596 | Dice: 0.4815 | softDice: 0.4294 | clDice: 0.5269 | softclDice: 0.5110 | IoU: 0.3176 | Tversky: 0.4815 | Hausdorff: 240.2883 | HD95: 33.2278 | LR: 0.000500
2025-08-16 17:32:01 INFO Epoch 022 | Train Loss: 0.3604 | Val Loss: 0.5598 | Dice: 0.4859 | softDice: 0.4370 | clDice: 0.5346 | softclDice: 0.5015 | IoU: 0.3213 | Tversky: 0.4859 | Hausdorff: 221.7659 | HD95: 33.1874 | LR: 0.000500
2025-08-16 17:34:43 INFO Epoch 023 | Train Loss: 0.3617 | Val Loss: 0.5587 | Dice: 0.4815 | softDice: 0.4321 | clDice: 0.5279 | softclDice: 0.5077 | IoU: 0.3176 | Tversky: 0.4815 | Hausdorff: 235.0009 | HD95: 36.0557 | LR: 0.000500
2025-08-16 17:37:28 INFO Epoch 024 | Train Loss: 0.3591 | Val Loss: 0.5598 | Dice: 0.4805 | softDice: 0.4306 | clDice: 0.5278 | softclDice: 0.5059 | IoU: 0.3166 | Tversky: 0.4805 | Hausdorff: 232.6717 | HD95: 34.8088 | LR: 0.000500
2025-08-16 17:40:13 INFO Epoch 025 | Train Loss: 0.3593 | Val Loss: 0.5592 | Dice: 0.4821 | softDice: 0.4307 | clDice: 0.5323 | softclDice: 0.5054 | IoU: 0.3180 | Tversky: 0.4821 | Hausdorff: 352.9198 | HD95: 34.9204 | LR: 0.000250
2025-08-16 17:42:59 INFO Epoch 026 | Train Loss: 0.3590 | Val Loss: 0.5595 | Dice: 0.4761 | softDice: 0.4321 | clDice: 0.5215 | softclDice: 0.5089 | IoU: 0.3128 | Tversky: 0.4761 | Hausdorff: 383.4372 | HD95: 41.5492 | LR: 0.000250
2025-08-16 17:45:46 INFO Epoch 027 | Train Loss: 0.3549 | Val Loss: 0.5611 | Dice: 0.4798 | softDice: 0.4363 | clDice: 0.5261 | softclDice: 0.5040 | IoU: 0.3161 | Tversky: 0.4798 | Hausdorff: 382.5204 | HD95: 38.5219 | LR: 0.000250
2025-08-16 17:48:33 INFO Epoch 028 | Train Loss: 0.3540 | Val Loss: 0.5597 | Dice: 0.4803 | softDice: 0.4349 | clDice: 0.5259 | softclDice: 0.5055 | IoU: 0.3166 | Tversky: 0.4803 | Hausdorff: 262.8764 | HD95: 36.7702 | LR: 0.000250
2025-08-16 17:51:18 INFO Epoch 029 | Train Loss: 0.3536 | Val Loss: 0.5612 | Dice: 0.4748 | softDice: 0.4299 | clDice: 0.5204 | softclDice: 0.5129 | IoU: 0.3118 | Tversky: 0.4748 | Hausdorff: 233.1907 | HD95: 37.1015 | LR: 0.000250
2025-08-16 17:54:03 INFO Epoch 030 | Train Loss: 0.3539 | Val Loss: 0.5619 | Dice: 0.4835 | softDice: 0.4369 | clDice: 0.5314 | softclDice: 0.5023 | IoU: 0.3193 | Tversky: 0.4835 | Hausdorff: 366.5484 | HD95: 36.1458 | LR: 0.000250
2025-08-16 17:56:48 INFO Epoch 031 | Train Loss: 0.3527 | Val Loss: 0.5606 | Dice: 0.4815 | softDice: 0.4368 | clDice: 0.5301 | softclDice: 0.5030 | IoU: 0.3175 | Tversky: 0.4815 | Hausdorff: 236.0028 | HD95: 36.9671 | LR: 0.000125
2025-08-16 17:59:33 INFO Epoch 032 | Train Loss: 0.3502 | Val Loss: 0.5615 | Dice: 0.4739 | softDice: 0.4318 | clDice: 0.5176 | softclDice: 0.5125 | IoU: 0.3110 | Tversky: 0.4739 | Hausdorff: 234.3973 | HD95: 36.2300 | LR: 0.000125
2025-08-16 18:02:16 INFO Epoch 033 | Train Loss: 0.3481 | Val Loss: 0.5618 | Dice: 0.4779 | softDice: 0.4351 | clDice: 0.5215 | softclDice: 0.5083 | IoU: 0.3144 | Tversky: 0.4779 | Hausdorff: 291.9742 | HD95: 36.0318 | LR: 0.000125
2025-08-16 18:04:59 INFO Epoch 034 | Train Loss: 0.3450 | Val Loss: 0.5623 | Dice: 0.4739 | softDice: 0.4348 | clDice: 0.5171 | softclDice: 0.5122 | IoU: 0.3110 | Tversky: 0.4739 | Hausdorff: 372.9762 | HD95: 38.2408 | LR: 0.000125
2025-08-16 18:07:45 INFO Epoch 035 | Train Loss: 0.3490 | Val Loss: 0.5619 | Dice: 0.4655 | softDice: 0.4259 | clDice: 0.5042 | softclDice: 0.5228 | IoU: 0.3038 | Tversky: 0.4655 | Hausdorff: 436.8908 | HD95: 41.2714 | LR: 0.000125
2025-08-16 18:10:30 INFO Epoch 036 | Train Loss: 0.3475 | Val Loss: 0.5634 | Dice: 0.4714 | softDice: 0.4296 | clDice: 0.5138 | softclDice: 0.5170 | IoU: 0.3089 | Tversky: 0.4714 | Hausdorff: 439.5486 | HD95: 38.2285 | LR: 0.000125
2025-08-16 18:13:16 INFO Epoch 037 | Train Loss: 0.3441 | Val Loss: 0.5619 | Dice: 0.4709 | softDice: 0.4309 | clDice: 0.5127 | softclDice: 0.5147 | IoU: 0.3084 | Tversky: 0.4709 | Hausdorff: 339.3761 | HD95: 35.8964 | LR: 0.000063
2025-08-16 18:15:56 INFO Epoch 038 | Train Loss: 0.3429 | Val Loss: 0.5629 | Dice: 0.4728 | softDice: 0.4325 | clDice: 0.5146 | softclDice: 0.5135 | IoU: 0.3101 | Tversky: 0.4728 | Hausdorff: 380.2753 | HD95: 37.6697 | LR: 0.000063
2025-08-16 18:18:41 INFO Epoch 039 | Train Loss: 0.3443 | Val Loss: 0.5620 | Dice: 0.4718 | softDice: 0.4313 | clDice: 0.5111 | softclDice: 0.5158 | IoU: 0.3092 | Tversky: 0.4718 | Hausdorff: 459.6967 | HD95: 39.4959 | LR: 0.000063
2025-08-16 18:21:23 INFO Epoch 040 | Train Loss: 0.3407 | Val Loss: 0.5641 | Dice: 0.4727 | softDice: 0.4332 | clDice: 0.5137 | softclDice: 0.5134 | IoU: 0.3099 | Tversky: 0.4727 | Hausdorff: 416.8247 | HD95: 36.5318 | LR: 0.000063
2025-08-16 18:24:06 INFO Epoch 041 | Train Loss: 0.3420 | Val Loss: 0.5638 | Dice: 0.4669 | softDice: 0.4282 | clDice: 0.5060 | softclDice: 0.5207 | IoU: 0.3050 | Tversky: 0.4669 | Hausdorff: 378.1510 | HD95: 37.4858 | LR: 0.000063
2025-08-16 18:26:49 INFO Epoch 042 | Train Loss: 0.3414 | Val Loss: 0.5639 | Dice: 0.4667 | softDice: 0.4295 | clDice: 0.5042 | softclDice: 0.5198 | IoU: 0.3047 | Tversky: 0.4667 | Hausdorff: 423.0793 | HD95: 38.9026 | LR: 0.000063
2025-08-16 18:29:31 INFO Epoch 043 | Train Loss: 0.3383 | Val Loss: 0.5640 | Dice: 0.4669 | softDice: 0.4303 | clDice: 0.5043 | softclDice: 0.5206 | IoU: 0.3049 | Tversky: 0.4669 | Hausdorff: 415.3820 | HD95: 38.8075 | LR: 0.000031
2025-08-16 18:32:14 INFO Epoch 044 | Train Loss: 0.3372 | Val Loss: 0.5650 | Dice: 0.4628 | softDice: 0.4270 | clDice: 0.5009 | softclDice: 0.5233 | IoU: 0.3015 | Tversky: 0.4628 | Hausdorff: 416.7341 | HD95: 38.9307 | LR: 0.000031
2025-08-16 18:34:58 INFO Epoch 045 | Train Loss: 0.3381 | Val Loss: 0.5651 | Dice: 0.4628 | softDice: 0.4263 | clDice: 0.5016 | softclDice: 0.5239 | IoU: 0.3015 | Tversky: 0.4628 | Hausdorff: 420.7702 | HD95: 37.5265 | LR: 0.000031
2025-08-16 18:37:39 INFO Epoch 046 | Train Loss: 0.3357 | Val Loss: 0.5649 | Dice: 0.4656 | softDice: 0.4289 | clDice: 0.5046 | softclDice: 0.5201 | IoU: 0.3038 | Tversky: 0.4656 | Hausdorff: 411.7103 | HD95: 37.8005 | LR: 0.000031
2025-08-16 18:40:25 INFO Epoch 047 | Train Loss: 0.3357 | Val Loss: 0.5654 | Dice: 0.4625 | softDice: 0.4278 | clDice: 0.5002 | softclDice: 0.5249 | IoU: 0.3012 | Tversky: 0.4625 | Hausdorff: 377.7827 | HD95: 38.4434 | LR: 0.000031
2025-08-16 18:43:06 INFO Epoch 048 | Train Loss: 0.3354 | Val Loss: 0.5655 | Dice: 0.4667 | softDice: 0.4301 | clDice: 0.5027 | softclDice: 0.5226 | IoU: 0.3047 | Tversky: 0.4667 | Hausdorff: 412.1521 | HD95: 36.1405 | LR: 0.000031
2025-08-16 18:45:51 INFO Epoch 049 | Train Loss: 0.3353 | Val Loss: 0.5655 | Dice: 0.4655 | softDice: 0.4285 | clDice: 0.5036 | softclDice: 0.5231 | IoU: 0.3037 | Tversky: 0.4655 | Hausdorff: 378.8813 | HD95: 36.1391 | LR: 0.000016
2025-08-16 18:48:35 INFO Epoch 050 | Train Loss: 0.3336 | Val Loss: 0.5651 | Dice: 0.4634 | softDice: 0.4278 | clDice: 0.4999 | softclDice: 0.5257 | IoU: 0.3019 | Tversky: 0.4634 | Hausdorff: 408.9944 | HD95: 37.2821 | LR: 0.000016
2025-08-16 18:48:35 INFO Training completed.
2025-08-16 18:49:16 INFO Fold 1 results: Dice: 0.4780 | softDice: 0.4210 | clDice: 0.5224 | softclDice: 0.5166 | IoU: 0.3144 | Tversky: 0.4780 | Hausdorff: 231.6574 | HD95: 44.5729
2025-08-16 18:49:16 INFO ===== Fold 2 / 5 =====
2025-08-16 18:49:16 INFO Loading model unet with settings {'name': 'unet', 'encoder_name': 'resnet34', 'encoder_weights': 'imagenet', 'classes': 1, 'activation': None, 'dropout': 0.2}
2025-08-16 18:52:10 INFO Epoch 001 | Train Loss: 0.6041 | Val Loss: 0.6198 | Dice: 0.3732 | softDice: 0.2371 | clDice: 0.4295 | softclDice: 0.7772 | IoU: 0.2296 | Tversky: 0.3732 | Hausdorff: 459.7075 | HD95: 91.9039 | LR: 0.001000
2025-08-16 18:54:57 INFO Epoch 002 | Train Loss: 0.4368 | Val Loss: 0.5664 | Dice: 0.4181 | softDice: 0.3327 | clDice: 0.4499 | softclDice: 0.6237 | IoU: 0.2650 | Tversky: 0.4181 | Hausdorff: 301.7071 | HD95: 54.1027 | LR: 0.001000
2025-08-16 18:57:42 INFO Epoch 003 | Train Loss: 0.4023 | Val Loss: 0.5734 | Dice: 0.4149 | softDice: 0.3549 | clDice: 0.4483 | softclDice: 0.6084 | IoU: 0.2628 | Tversky: 0.4149 | Hausdorff: 327.7578 | HD95: 68.9946 | LR: 0.001000
2025-08-16 19:00:28 INFO Epoch 004 | Train Loss: 0.3909 | Val Loss: 0.5695 | Dice: 0.4158 | softDice: 0.3640 | clDice: 0.4488 | softclDice: 0.5922 | IoU: 0.2635 | Tversky: 0.4158 | Hausdorff: 336.9860 | HD95: 80.6466 | LR: 0.001000
2025-08-16 19:03:17 INFO Epoch 005 | Train Loss: 0.3869 | Val Loss: 0.5697 | Dice: 0.4520 | softDice: 0.3939 | clDice: 0.4938 | softclDice: 0.5543 | IoU: 0.2926 | Tversky: 0.4520 | Hausdorff: 334.7783 | HD95: 53.6025 | LR: 0.001000
2025-08-16 19:06:03 INFO Epoch 006 | Train Loss: 0.3802 | Val Loss: 0.5699 | Dice: 0.4622 | softDice: 0.4132 | clDice: 0.5103 | softclDice: 0.5293 | IoU: 0.3010 | Tversky: 0.4622 | Hausdorff: 270.4421 | HD95: 42.6585 | LR: 0.001000
2025-08-16 19:08:49 INFO Epoch 007 | Train Loss: 0.3787 | Val Loss: 0.5672 | Dice: 0.4425 | softDice: 0.3909 | clDice: 0.4775 | softclDice: 0.5618 | IoU: 0.2848 | Tversky: 0.4425 | Hausdorff: 316.2318 | HD95: 49.5806 | LR: 0.001000
2025-08-16 19:11:34 INFO Epoch 008 | Train Loss: 0.3781 | Val Loss: 0.5682 | Dice: 0.4629 | softDice: 0.4125 | clDice: 0.5044 | softclDice: 0.5342 | IoU: 0.3018 | Tversky: 0.4629 | Hausdorff: 314.8317 | HD95: 43.3667 | LR: 0.000500
2025-08-16 19:14:20 INFO Epoch 009 | Train Loss: 0.3717 | Val Loss: 0.5669 | Dice: 0.4780 | softDice: 0.4204 | clDice: 0.5252 | softclDice: 0.5170 | IoU: 0.3145 | Tversky: 0.4780 | Hausdorff: 289.7387 | HD95: 34.7706 | LR: 0.000500
2025-08-16 19:17:06 INFO Epoch 010 | Train Loss: 0.3687 | Val Loss: 0.5671 | Dice: 0.4617 | softDice: 0.4122 | clDice: 0.5011 | softclDice: 0.5356 | IoU: 0.3008 | Tversky: 0.4617 | Hausdorff: 298.8742 | HD95: 41.1157 | LR: 0.000500
2025-08-16 19:19:52 INFO Epoch 011 | Train Loss: 0.3701 | Val Loss: 0.5681 | Dice: 0.4720 | softDice: 0.4260 | clDice: 0.5159 | softclDice: 0.5172 | IoU: 0.3095 | Tversky: 0.4720 | Hausdorff: 276.0322 | HD95: 41.4174 | LR: 0.000500
2025-08-16 19:22:40 INFO Epoch 012 | Train Loss: 0.3702 | Val Loss: 0.5681 | Dice: 0.4763 | softDice: 0.4264 | clDice: 0.5267 | softclDice: 0.5106 | IoU: 0.3131 | Tversky: 0.4763 | Hausdorff: 270.5886 | HD95: 33.7618 | LR: 0.000500
2025-08-16 19:25:28 INFO Epoch 013 | Train Loss: 0.3704 | Val Loss: 0.5710 | Dice: 0.4634 | softDice: 0.4184 | clDice: 0.5075 | softclDice: 0.5225 | IoU: 0.3022 | Tversky: 0.4634 | Hausdorff: 291.4317 | HD95: 34.7588 | LR: 0.000500
2025-08-16 19:28:14 INFO Epoch 014 | Train Loss: 0.3696 | Val Loss: 0.5663 | Dice: 0.4711 | softDice: 0.4235 | clDice: 0.5146 | softclDice: 0.5198 | IoU: 0.3088 | Tversky: 0.4711 | Hausdorff: 266.5713 | HD95: 40.6265 | LR: 0.000500
2025-08-16 19:31:00 INFO Epoch 015 | Train Loss: 0.3664 | Val Loss: 0.5690 | Dice: 0.4665 | softDice: 0.4205 | clDice: 0.5101 | softclDice: 0.5241 | IoU: 0.3048 | Tversky: 0.4665 | Hausdorff: 283.4602 | HD95: 38.0752 | LR: 0.000500
2025-08-16 19:33:48 INFO Epoch 016 | Train Loss: 0.3637 | Val Loss: 0.5688 | Dice: 0.4719 | softDice: 0.4251 | clDice: 0.5194 | softclDice: 0.5181 | IoU: 0.3093 | Tversky: 0.4719 | Hausdorff: 286.0048 | HD95: 36.0098 | LR: 0.000500
2025-08-16 19:36:35 INFO Epoch 017 | Train Loss: 0.3660 | Val Loss: 0.5684 | Dice: 0.4712 | softDice: 0.4265 | clDice: 0.5172 | softclDice: 0.5152 | IoU: 0.3087 | Tversky: 0.4712 | Hausdorff: 287.8461 | HD95: 36.6710 | LR: 0.000500
2025-08-16 19:39:24 INFO Epoch 018 | Train Loss: 0.3629 | Val Loss: 0.5685 | Dice: 0.4668 | softDice: 0.4203 | clDice: 0.5124 | softclDice: 0.5226 | IoU: 0.3051 | Tversky: 0.4668 | Hausdorff: 265.7546 | HD95: 38.3092 | LR: 0.000500
2025-08-16 19:42:09 INFO Epoch 019 | Train Loss: 0.3634 | Val Loss: 0.5673 | Dice: 0.4713 | softDice: 0.4278 | clDice: 0.5137 | softclDice: 0.5164 | IoU: 0.3090 | Tversky: 0.4713 | Hausdorff: 296.4381 | HD95: 35.2298 | LR: 0.000500
2025-08-16 19:44:54 INFO Epoch 020 | Train Loss: 0.3619 | Val Loss: 0.5687 | Dice: 0.4629 | softDice: 0.4212 | clDice: 0.5065 | softclDice: 0.5242 | IoU: 0.3019 | Tversky: 0.4629 | Hausdorff: 283.9813 | HD95: 48.6943 | LR: 0.000250
2025-08-16 19:47:41 INFO Epoch 021 | Train Loss: 0.3615 | Val Loss: 0.5668 | Dice: 0.4742 | softDice: 0.4270 | clDice: 0.5173 | softclDice: 0.5165 | IoU: 0.3114 | Tversky: 0.4742 | Hausdorff: 278.2572 | HD95: 34.3739 | LR: 0.000250
2025-08-16 19:50:30 INFO Epoch 022 | Train Loss: 0.3586 | Val Loss: 0.5668 | Dice: 0.4763 | softDice: 0.4333 | clDice: 0.5197 | softclDice: 0.5113 | IoU: 0.3131 | Tversky: 0.4763 | Hausdorff: 259.9018 | HD95: 33.8913 | LR: 0.000250
2025-08-16 19:53:23 INFO Epoch 023 | Train Loss: 0.3601 | Val Loss: 0.5677 | Dice: 0.4754 | softDice: 0.4315 | clDice: 0.5187 | softclDice: 0.5134 | IoU: 0.3123 | Tversky: 0.4754 | Hausdorff: 263.6060 | HD95: 32.3348 | LR: 0.000250
2025-08-16 19:56:11 INFO Epoch 024 | Train Loss: 0.3591 | Val Loss: 0.5683 | Dice: 0.4793 | softDice: 0.4364 | clDice: 0.5268 | softclDice: 0.5037 | IoU: 0.3156 | Tversky: 0.4793 | Hausdorff: 273.2863 | HD95: 32.7971 | LR: 0.000250
2025-08-16 19:58:58 INFO Epoch 025 | Train Loss: 0.3576 | Val Loss: 0.5686 | Dice: 0.4732 | softDice: 0.4305 | clDice: 0.5156 | softclDice: 0.5150 | IoU: 0.3105 | Tversky: 0.4732 | Hausdorff: 270.5056 | HD95: 35.2100 | LR: 0.000250
2025-08-16 20:01:44 INFO Epoch 026 | Train Loss: 0.3558 | Val Loss: 0.5684 | Dice: 0.4770 | softDice: 0.4346 | clDice: 0.5213 | softclDice: 0.5080 | IoU: 0.3136 | Tversky: 0.4770 | Hausdorff: 260.3001 | HD95: 32.5483 | LR: 0.000125
2025-08-16 20:04:32 INFO Epoch 027 | Train Loss: 0.3525 | Val Loss: 0.5686 | Dice: 0.4784 | softDice: 0.4341 | clDice: 0.5244 | softclDice: 0.5076 | IoU: 0.3149 | Tversky: 0.4784 | Hausdorff: 266.4391 | HD95: 33.8340 | LR: 0.000125
2025-08-16 20:07:19 INFO Epoch 028 | Train Loss: 0.3493 | Val Loss: 0.5697 | Dice: 0.4752 | softDice: 0.4359 | clDice: 0.5170 | softclDice: 0.5100 | IoU: 0.3122 | Tversky: 0.4752 | Hausdorff: 259.4432 | HD95: 35.8122 | LR: 0.000125
2025-08-16 20:10:06 INFO Epoch 029 | Train Loss: 0.3497 | Val Loss: 0.5690 | Dice: 0.4758 | softDice: 0.4340 | clDice: 0.5173 | softclDice: 0.5116 | IoU: 0.3126 | Tversky: 0.4758 | Hausdorff: 265.8834 | HD95: 31.8464 | LR: 0.000125
2025-08-16 20:12:53 INFO Epoch 030 | Train Loss: 0.3512 | Val Loss: 0.5711 | Dice: 0.4719 | softDice: 0.4332 | clDice: 0.5166 | softclDice: 0.5138 | IoU: 0.3094 | Tversky: 0.4719 | Hausdorff: 261.9321 | HD95: 32.6768 | LR: 0.000125
2025-08-16 20:15:47 INFO Epoch 031 | Train Loss: 0.3487 | Val Loss: 0.5696 | Dice: 0.4718 | softDice: 0.4316 | clDice: 0.5134 | softclDice: 0.5155 | IoU: 0.3093 | Tversky: 0.4718 | Hausdorff: 284.9816 | HD95: 35.0241 | LR: 0.000125
2025-08-16 20:18:34 INFO Epoch 032 | Train Loss: 0.3471 | Val Loss: 0.5700 | Dice: 0.4734 | softDice: 0.4326 | clDice: 0.5161 | softclDice: 0.5142 | IoU: 0.3106 | Tversky: 0.4734 | Hausdorff: 272.2465 | HD95: 32.1682 | LR: 0.000063
2025-08-16 20:21:20 INFO Epoch 033 | Train Loss: 0.3448 | Val Loss: 0.5721 | Dice: 0.4791 | softDice: 0.4399 | clDice: 0.5245 | softclDice: 0.5050 | IoU: 0.3154 | Tversky: 0.4791 | Hausdorff: 263.3066 | HD95: 29.6282 | LR: 0.000063
2025-08-16 20:24:05 INFO Epoch 034 | Train Loss: 0.3436 | Val Loss: 0.5713 | Dice: 0.4759 | softDice: 0.4373 | clDice: 0.5184 | softclDice: 0.5107 | IoU: 0.3127 | Tversky: 0.4759 | Hausdorff: 262.3174 | HD95: 30.1503 | LR: 0.000063
2025-08-16 20:26:51 INFO Epoch 035 | Train Loss: 0.3427 | Val Loss: 0.5724 | Dice: 0.4681 | softDice: 0.4320 | clDice: 0.5079 | softclDice: 0.5179 | IoU: 0.3060 | Tversky: 0.4681 | Hausdorff: 280.6660 | HD95: 30.6900 | LR: 0.000063
2025-08-16 20:29:36 INFO Epoch 036 | Train Loss: 0.3401 | Val Loss: 0.5716 | Dice: 0.4740 | softDice: 0.4366 | clDice: 0.5154 | softclDice: 0.5120 | IoU: 0.3110 | Tversky: 0.4740 | Hausdorff: 262.9123 | HD95: 34.0599 | LR: 0.000063
2025-08-16 20:32:22 INFO Epoch 037 | Train Loss: 0.3424 | Val Loss: 0.5719 | Dice: 0.4743 | softDice: 0.4356 | clDice: 0.5157 | softclDice: 0.5127 | IoU: 0.3112 | Tversky: 0.4743 | Hausdorff: 265.3441 | HD95: 31.0048 | LR: 0.000063
2025-08-16 20:35:08 INFO Epoch 038 | Train Loss: 0.3397 | Val Loss: 0.5728 | Dice: 0.4716 | softDice: 0.4353 | clDice: 0.5118 | softclDice: 0.5147 | IoU: 0.3090 | Tversky: 0.4716 | Hausdorff: 265.6645 | HD95: 31.8204 | LR: 0.000031
2025-08-16 20:37:54 INFO Epoch 039 | Train Loss: 0.3383 | Val Loss: 0.5727 | Dice: 0.4777 | softDice: 0.4393 | clDice: 0.5198 | softclDice: 0.5079 | IoU: 0.3142 | Tversky: 0.4777 | Hausdorff: 288.6775 | HD95: 31.0550 | LR: 0.000031
2025-08-16 20:40:41 INFO Epoch 040 | Train Loss: 0.3397 | Val Loss: 0.5727 | Dice: 0.4747 | softDice: 0.4355 | clDice: 0.5155 | softclDice: 0.5129 | IoU: 0.3116 | Tversky: 0.4747 | Hausdorff: 266.2217 | HD95: 31.5826 | LR: 0.000031
2025-08-16 20:43:29 INFO Epoch 041 | Train Loss: 0.3367 | Val Loss: 0.5734 | Dice: 0.4732 | softDice: 0.4354 | clDice: 0.5150 | softclDice: 0.5136 | IoU: 0.3103 | Tversky: 0.4732 | Hausdorff: 287.9374 | HD95: 31.7868 | LR: 0.000031
2025-08-16 20:46:15 INFO Epoch 042 | Train Loss: 0.3374 | Val Loss: 0.5739 | Dice: 0.4739 | softDice: 0.4369 | clDice: 0.5153 | softclDice: 0.5127 | IoU: 0.3109 | Tversky: 0.4739 | Hausdorff: 288.4011 | HD95: 31.6952 | LR: 0.000031
2025-08-16 20:49:01 INFO Epoch 043 | Train Loss: 0.3357 | Val Loss: 0.5739 | Dice: 0.4701 | softDice: 0.4341 | clDice: 0.5088 | softclDice: 0.5177 | IoU: 0.3076 | Tversky: 0.4701 | Hausdorff: 266.5915 | HD95: 32.1297 | LR: 0.000031
2025-08-16 20:51:46 INFO Epoch 044 | Train Loss: 0.3363 | Val Loss: 0.5741 | Dice: 0.4696 | softDice: 0.4340 | clDice: 0.5095 | softclDice: 0.5166 | IoU: 0.3072 | Tversky: 0.4696 | Hausdorff: 261.8828 | HD95: 32.3797 | LR: 0.000016
2025-08-16 20:54:32 INFO Epoch 045 | Train Loss: 0.3353 | Val Loss: 0.5738 | Dice: 0.4692 | softDice: 0.4329 | clDice: 0.5075 | softclDice: 0.5184 | IoU: 0.3069 | Tversky: 0.4692 | Hausdorff: 284.4219 | HD95: 32.8480 | LR: 0.000016
2025-08-16 20:57:19 INFO Epoch 046 | Train Loss: 0.3353 | Val Loss: 0.5740 | Dice: 0.4729 | softDice: 0.4354 | clDice: 0.5132 | softclDice: 0.5148 | IoU: 0.3100 | Tversky: 0.4729 | Hausdorff: 284.1809 | HD95: 30.4911 | LR: 0.000016
2025-08-16 21:00:04 INFO Epoch 047 | Train Loss: 0.3325 | Val Loss: 0.5742 | Dice: 0.4693 | softDice: 0.4337 | clDice: 0.5084 | softclDice: 0.5184 | IoU: 0.3070 | Tversky: 0.4693 | Hausdorff: 261.6619 | HD95: 33.1217 | LR: 0.000016
2025-08-16 21:02:51 INFO Epoch 048 | Train Loss: 0.3338 | Val Loss: 0.5745 | Dice: 0.4698 | softDice: 0.4343 | clDice: 0.5082 | softclDice: 0.5172 | IoU: 0.3074 | Tversky: 0.4698 | Hausdorff: 262.2033 | HD95: 32.4468 | LR: 0.000016
2025-08-16 21:05:35 INFO Epoch 049 | Train Loss: 0.3319 | Val Loss: 0.5748 | Dice: 0.4661 | softDice: 0.4318 | clDice: 0.5035 | softclDice: 0.5218 | IoU: 0.3042 | Tversky: 0.4661 | Hausdorff: 261.3425 | HD95: 33.3026 | LR: 0.000016
2025-08-16 21:08:21 INFO Epoch 050 | Train Loss: 0.3315 | Val Loss: 0.5743 | Dice: 0.4691 | softDice: 0.4330 | clDice: 0.5071 | softclDice: 0.5188 | IoU: 0.3068 | Tversky: 0.4691 | Hausdorff: 261.9788 | HD95: 32.7696 | LR: 0.000008
2025-08-16 21:08:21 INFO Training completed.
2025-08-16 21:09:03 INFO Fold 2 results: Dice: 0.4711 | softDice: 0.4235 | clDice: 0.5146 | softclDice: 0.5198 | IoU: 0.3088 | Tversky: 0.4711 | Hausdorff: 266.5713 | HD95: 40.6265
2025-08-16 21:09:03 INFO ===== Fold 3 / 5 =====
2025-08-16 21:09:03 INFO Loading model unet with settings {'name': 'unet', 'encoder_name': 'resnet34', 'encoder_weights': 'imagenet', 'classes': 1, 'activation': None, 'dropout': 0.2}
2025-08-16 21:12:00 INFO Epoch 001 | Train Loss: 0.5642 | Val Loss: 0.5899 | Dice: 0.4084 | softDice: 0.2718 | clDice: 0.4580 | softclDice: 0.6885 | IoU: 0.2574 | Tversky: 0.4084 | Hausdorff: 427.1107 | HD95: 74.5867 | LR: 0.001000
2025-08-16 21:14:47 INFO Epoch 002 | Train Loss: 0.4230 | Val Loss: 0.5734 | Dice: 0.4510 | softDice: 0.3609 | clDice: 0.5014 | softclDice: 0.5834 | IoU: 0.2918 | Tversky: 0.4510 | Hausdorff: 685.0327 | HD95: 59.3163 | LR: 0.001000
2025-08-16 21:17:35 INFO Epoch 003 | Train Loss: 0.3936 | Val Loss: 0.5743 | Dice: 0.4438 | softDice: 0.3858 | clDice: 0.4935 | softclDice: 0.5538 | IoU: 0.2862 | Tversky: 0.4438 | Hausdorff: 271.5961 | HD95: 56.8883 | LR: 0.001000
2025-08-16 21:20:19 INFO Epoch 004 | Train Loss: 0.3899 | Val Loss: 0.5677 | Dice: 0.4430 | softDice: 0.3848 | clDice: 0.4820 | softclDice: 0.5654 | IoU: 0.2860 | Tversky: 0.4430 | Hausdorff: 328.5230 | HD95: 67.6247 | LR: 0.001000
2025-08-16 21:23:07 INFO Epoch 005 | Train Loss: 0.3837 | Val Loss: 0.5744 | Dice: 0.4703 | softDice: 0.4150 | clDice: 0.5287 | softclDice: 0.5178 | IoU: 0.3082 | Tversky: 0.4703 | Hausdorff: 316.6667 | HD95: 42.8028 | LR: 0.001000
2025-08-16 21:25:56 INFO Epoch 006 | Train Loss: 0.3822 | Val Loss: 0.5722 | Dice: 0.4680 | softDice: 0.4146 | clDice: 0.5318 | softclDice: 0.5073 | IoU: 0.3067 | Tversky: 0.4680 | Hausdorff: 253.1772 | HD95: 52.9304 | LR: 0.001000
2025-08-16 21:28:40 INFO Epoch 007 | Train Loss: 0.3782 | Val Loss: 0.5650 | Dice: 0.4459 | softDice: 0.3965 | clDice: 0.4834 | softclDice: 0.5538 | IoU: 0.2883 | Tversky: 0.4459 | Hausdorff: 246.1257 | HD95: 60.7486 | LR: 0.001000
2025-08-16 21:31:27 INFO Epoch 008 | Train Loss: 0.3768 | Val Loss: 0.5649 | Dice: 0.4813 | softDice: 0.4191 | clDice: 0.5394 | softclDice: 0.5063 | IoU: 0.3180 | Tversky: 0.4813 | Hausdorff: 270.9627 | HD95: 45.9761 | LR: 0.001000
2025-08-16 21:34:11 INFO Epoch 009 | Train Loss: 0.3771 | Val Loss: 0.5663 | Dice: 0.4852 | softDice: 0.4307 | clDice: 0.5416 | softclDice: 0.4944 | IoU: 0.3214 | Tversky: 0.4852 | Hausdorff: 262.9540 | HD95: 42.3573 | LR: 0.001000
2025-08-16 21:36:58 INFO Epoch 010 | Train Loss: 0.3755 | Val Loss: 0.5688 | Dice: 0.4726 | softDice: 0.4240 | clDice: 0.5306 | softclDice: 0.5026 | IoU: 0.3109 | Tversky: 0.4726 | Hausdorff: 244.2920 | HD95: 58.3735 | LR: 0.001000
2025-08-16 21:39:45 INFO Epoch 011 | Train Loss: 0.3741 | Val Loss: 0.5699 | Dice: 0.4668 | softDice: 0.4138 | clDice: 0.5221 | softclDice: 0.5118 | IoU: 0.3057 | Tversky: 0.4668 | Hausdorff: 255.2104 | HD95: 54.2257 | LR: 0.001000
2025-08-16 21:42:31 INFO Epoch 012 | Train Loss: 0.3718 | Val Loss: 0.5645 | Dice: 0.4808 | softDice: 0.4280 | clDice: 0.5348 | softclDice: 0.5008 | IoU: 0.3179 | Tversky: 0.4808 | Hausdorff: 234.9797 | HD95: 40.7761 | LR: 0.001000
2025-08-16 21:45:18 INFO Epoch 013 | Train Loss: 0.3708 | Val Loss: 0.5701 | Dice: 0.4798 | softDice: 0.4328 | clDice: 0.5317 | softclDice: 0.5015 | IoU: 0.3169 | Tversky: 0.4798 | Hausdorff: 236.9130 | HD95: 44.3066 | LR: 0.001000
2025-08-16 21:48:03 INFO Epoch 014 | Train Loss: 0.3708 | Val Loss: 0.5646 | Dice: 0.4703 | softDice: 0.4216 | clDice: 0.5200 | softclDice: 0.5110 | IoU: 0.3087 | Tversky: 0.4703 | Hausdorff: 246.5107 | HD95: 48.7030 | LR: 0.001000
2025-08-16 21:50:49 INFO Epoch 015 | Train Loss: 0.3683 | Val Loss: 0.5681 | Dice: 0.4650 | softDice: 0.4182 | clDice: 0.5138 | softclDice: 0.5183 | IoU: 0.3046 | Tversky: 0.4650 | Hausdorff: 246.3545 | HD95: 54.3037 | LR: 0.001000
2025-08-16 21:53:37 INFO Epoch 016 | Train Loss: 0.3675 | Val Loss: 0.5659 | Dice: 0.4576 | softDice: 0.4127 | clDice: 0.5010 | softclDice: 0.5259 | IoU: 0.2983 | Tversky: 0.4576 | Hausdorff: 240.6443 | HD95: 59.3428 | LR: 0.001000
2025-08-16 21:56:23 INFO Epoch 017 | Train Loss: 0.3674 | Val Loss: 0.5662 | Dice: 0.4872 | softDice: 0.4311 | clDice: 0.5452 | softclDice: 0.4920 | IoU: 0.3231 | Tversky: 0.4872 | Hausdorff: 211.1070 | HD95: 35.7652 | LR: 0.001000
2025-08-16 21:59:09 INFO Epoch 018 | Train Loss: 0.3682 | Val Loss: 0.5694 | Dice: 0.4780 | softDice: 0.4312 | clDice: 0.5282 | softclDice: 0.5014 | IoU: 0.3153 | Tversky: 0.4780 | Hausdorff: 395.5898 | HD95: 46.3998 | LR: 0.000500
2025-08-16 22:01:58 INFO Epoch 019 | Train Loss: 0.3635 | Val Loss: 0.5678 | Dice: 0.4706 | softDice: 0.4240 | clDice: 0.5184 | softclDice: 0.5159 | IoU: 0.3090 | Tversky: 0.4706 | Hausdorff: 665.6017 | HD95: 45.1846 | LR: 0.000500
2025-08-16 22:04:44 INFO Epoch 020 | Train Loss: 0.3630 | Val Loss: 0.5667 | Dice: 0.4844 | softDice: 0.4348 | clDice: 0.5399 | softclDice: 0.4929 | IoU: 0.3208 | Tversky: 0.4844 | Hausdorff: 652.5280 | HD95: 41.4200 | LR: 0.000500
2025-08-16 22:07:30 INFO Epoch 021 | Train Loss: 0.3607 | Val Loss: 0.5687 | Dice: 0.4883 | softDice: 0.4411 | clDice: 0.5462 | softclDice: 0.4869 | IoU: 0.3242 | Tversky: 0.4883 | Hausdorff: 563.2043 | HD95: 37.5704 | LR: 0.000500
2025-08-16 22:10:15 INFO Epoch 022 | Train Loss: 0.3596 | Val Loss: 0.5692 | Dice: 0.4775 | softDice: 0.4334 | clDice: 0.5329 | softclDice: 0.4993 | IoU: 0.3149 | Tversky: 0.4775 | Hausdorff: 583.5137 | HD95: 48.2273 | LR: 0.000500
2025-08-16 22:13:01 INFO Epoch 023 | Train Loss: 0.3569 | Val Loss: 0.5681 | Dice: 0.4909 | softDice: 0.4399 | clDice: 0.5461 | softclDice: 0.4882 | IoU: 0.3265 | Tversky: 0.4909 | Hausdorff: 573.3322 | HD95: 37.3479 | LR: 0.000500
2025-08-16 22:15:47 INFO Epoch 024 | Train Loss: 0.3571 | Val Loss: 0.5685 | Dice: 0.4826 | softDice: 0.4355 | clDice: 0.5368 | softclDice: 0.4936 | IoU: 0.3195 | Tversky: 0.4826 | Hausdorff: 624.5966 | HD95: 40.8284 | LR: 0.000250
2025-08-16 22:18:33 INFO Epoch 025 | Train Loss: 0.3550 | Val Loss: 0.5676 | Dice: 0.4905 | softDice: 0.4439 | clDice: 0.5451 | softclDice: 0.4863 | IoU: 0.3262 | Tversky: 0.4905 | Hausdorff: 637.4996 | HD95: 43.9123 | LR: 0.000250
2025-08-16 22:21:18 INFO Epoch 026 | Train Loss: 0.3543 | Val Loss: 0.5682 | Dice: 0.4892 | softDice: 0.4437 | clDice: 0.5448 | softclDice: 0.4869 | IoU: 0.3251 | Tversky: 0.4892 | Hausdorff: 504.6366 | HD95: 39.0892 | LR: 0.000250
2025-08-16 22:24:08 INFO Epoch 027 | Train Loss: 0.3539 | Val Loss: 0.5682 | Dice: 0.4863 | softDice: 0.4399 | clDice: 0.5375 | softclDice: 0.4946 | IoU: 0.3225 | Tversky: 0.4863 | Hausdorff: 643.4271 | HD95: 41.5476 | LR: 0.000250
2025-08-16 22:26:55 INFO Epoch 028 | Train Loss: 0.3515 | Val Loss: 0.5687 | Dice: 0.4779 | softDice: 0.4369 | clDice: 0.5284 | softclDice: 0.4993 | IoU: 0.3155 | Tversky: 0.4779 | Hausdorff: 659.8499 | HD95: 49.6555 | LR: 0.000250
2025-08-16 22:29:40 INFO Epoch 029 | Train Loss: 0.3512 | Val Loss: 0.5701 | Dice: 0.4811 | softDice: 0.4369 | clDice: 0.5287 | softclDice: 0.5025 | IoU: 0.3178 | Tversky: 0.4811 | Hausdorff: 675.9035 | HD95: 39.2814 | LR: 0.000250
2025-08-16 22:32:24 INFO Epoch 030 | Train Loss: 0.3507 | Val Loss: 0.5694 | Dice: 0.4866 | softDice: 0.4433 | clDice: 0.5376 | softclDice: 0.4923 | IoU: 0.3226 | Tversky: 0.4866 | Hausdorff: 476.1433 | HD95: 39.1159 | LR: 0.000125
2025-08-16 22:35:09 INFO Epoch 031 | Train Loss: 0.3506 | Val Loss: 0.5686 | Dice: 0.4837 | softDice: 0.4395 | clDice: 0.5334 | softclDice: 0.4975 | IoU: 0.3201 | Tversky: 0.4837 | Hausdorff: 435.5521 | HD95: 39.5222 | LR: 0.000125
2025-08-16 22:37:55 INFO Epoch 032 | Train Loss: 0.3464 | Val Loss: 0.5694 | Dice: 0.4852 | softDice: 0.4407 | clDice: 0.5365 | softclDice: 0.4954 | IoU: 0.3213 | Tversky: 0.4852 | Hausdorff: 524.9524 | HD95: 39.6586 | LR: 0.000125
2025-08-16 22:40:41 INFO Epoch 033 | Train Loss: 0.3475 | Val Loss: 0.5686 | Dice: 0.4839 | softDice: 0.4382 | clDice: 0.5352 | softclDice: 0.4976 | IoU: 0.3203 | Tversky: 0.4839 | Hausdorff: 438.7522 | HD95: 39.6341 | LR: 0.000125
2025-08-16 22:43:33 INFO Epoch 034 | Train Loss: 0.3457 | Val Loss: 0.5703 | Dice: 0.4848 | softDice: 0.4425 | clDice: 0.5342 | softclDice: 0.4963 | IoU: 0.3212 | Tversky: 0.4848 | Hausdorff: 449.0600 | HD95: 37.9556 | LR: 0.000125
2025-08-16 22:46:18 INFO Epoch 035 | Train Loss: 0.3435 | Val Loss: 0.5688 | Dice: 0.4868 | softDice: 0.4422 | clDice: 0.5383 | softclDice: 0.4934 | IoU: 0.3229 | Tversky: 0.4868 | Hausdorff: 330.5203 | HD95: 40.9636 | LR: 0.000125
2025-08-16 22:49:04 INFO Epoch 036 | Train Loss: 0.3425 | Val Loss: 0.5708 | Dice: 0.4828 | softDice: 0.4399 | clDice: 0.5347 | softclDice: 0.4976 | IoU: 0.3196 | Tversky: 0.4828 | Hausdorff: 284.0677 | HD95: 36.7602 | LR: 0.000063
2025-08-16 22:51:48 INFO Epoch 037 | Train Loss: 0.3413 | Val Loss: 0.5697 | Dice: 0.4804 | softDice: 0.4394 | clDice: 0.5287 | softclDice: 0.5007 | IoU: 0.3175 | Tversky: 0.4804 | Hausdorff: 288.9085 | HD95: 41.6426 | LR: 0.000063
2025-08-16 22:54:33 INFO Epoch 038 | Train Loss: 0.3402 | Val Loss: 0.5700 | Dice: 0.4812 | softDice: 0.4401 | clDice: 0.5286 | softclDice: 0.5011 | IoU: 0.3181 | Tversky: 0.4812 | Hausdorff: 318.3113 | HD95: 41.6907 | LR: 0.000063
2025-08-16 22:57:22 INFO Epoch 039 | Train Loss: 0.3373 | Val Loss: 0.5703 | Dice: 0.4831 | softDice: 0.4424 | clDice: 0.5315 | softclDice: 0.4985 | IoU: 0.3197 | Tversky: 0.4831 | Hausdorff: 320.0923 | HD95: 39.2702 | LR: 0.000063
2025-08-16 23:00:06 INFO Epoch 040 | Train Loss: 0.3378 | Val Loss: 0.5712 | Dice: 0.4762 | softDice: 0.4374 | clDice: 0.5212 | softclDice: 0.5059 | IoU: 0.3138 | Tversky: 0.4762 | Hausdorff: 248.5521 | HD95: 42.1976 | LR: 0.000063
2025-08-16 23:02:53 INFO Epoch 041 | Train Loss: 0.3389 | Val Loss: 0.5711 | Dice: 0.4769 | softDice: 0.4381 | clDice: 0.5220 | softclDice: 0.5065 | IoU: 0.3144 | Tversky: 0.4769 | Hausdorff: 294.9468 | HD95: 40.2139 | LR: 0.000063
2025-08-16 23:05:39 INFO Epoch 042 | Train Loss: 0.3369 | Val Loss: 0.5717 | Dice: 0.4739 | softDice: 0.4347 | clDice: 0.5188 | softclDice: 0.5102 | IoU: 0.3118 | Tversky: 0.4739 | Hausdorff: 294.8771 | HD95: 39.5148 | LR: 0.000031
2025-08-16 23:08:27 INFO Epoch 043 | Train Loss: 0.3327 | Val Loss: 0.5719 | Dice: 0.4775 | softDice: 0.4405 | clDice: 0.5228 | softclDice: 0.5038 | IoU: 0.3150 | Tversky: 0.4775 | Hausdorff: 297.1449 | HD95: 38.8494 | LR: 0.000031
2025-08-16 23:11:12 INFO Epoch 044 | Train Loss: 0.3335 | Val Loss: 0.5728 | Dice: 0.4712 | softDice: 0.4348 | clDice: 0.5131 | softclDice: 0.5132 | IoU: 0.3095 | Tversky: 0.4712 | Hausdorff: 288.4766 | HD95: 39.7778 | LR: 0.000031
2025-08-16 23:13:58 INFO Epoch 045 | Train Loss: 0.3332 | Val Loss: 0.5719 | Dice: 0.4766 | softDice: 0.4397 | clDice: 0.5197 | softclDice: 0.5068 | IoU: 0.3141 | Tversky: 0.4766 | Hausdorff: 296.2131 | HD95: 39.2110 | LR: 0.000031
2025-08-16 23:16:44 INFO Epoch 046 | Train Loss: 0.3326 | Val Loss: 0.5732 | Dice: 0.4740 | softDice: 0.4373 | clDice: 0.5171 | softclDice: 0.5093 | IoU: 0.3119 | Tversky: 0.4740 | Hausdorff: 296.2530 | HD95: 37.8552 | LR: 0.000031
2025-08-16 23:19:28 INFO Epoch 047 | Train Loss: 0.3333 | Val Loss: 0.5726 | Dice: 0.4752 | softDice: 0.4370 | clDice: 0.5183 | softclDice: 0.5098 | IoU: 0.3129 | Tversky: 0.4752 | Hausdorff: 296.2855 | HD95: 38.5403 | LR: 0.000031
2025-08-16 23:22:13 INFO Epoch 048 | Train Loss: 0.3332 | Val Loss: 0.5733 | Dice: 0.4724 | softDice: 0.4340 | clDice: 0.5145 | softclDice: 0.5132 | IoU: 0.3105 | Tversky: 0.4724 | Hausdorff: 296.4422 | HD95: 39.0106 | LR: 0.000016
2025-08-16 23:24:58 INFO Epoch 049 | Train Loss: 0.3322 | Val Loss: 0.5730 | Dice: 0.4743 | softDice: 0.4374 | clDice: 0.5175 | softclDice: 0.5091 | IoU: 0.3122 | Tversky: 0.4743 | Hausdorff: 296.3604 | HD95: 38.8123 | LR: 0.000016
2025-08-16 23:27:42 INFO Epoch 050 | Train Loss: 0.3309 | Val Loss: 0.5734 | Dice: 0.4716 | softDice: 0.4358 | clDice: 0.5136 | softclDice: 0.5119 | IoU: 0.3099 | Tversky: 0.4716 | Hausdorff: 309.3381 | HD95: 39.0376 | LR: 0.000016
2025-08-16 23:27:42 INFO Training completed.
2025-08-16 23:28:24 INFO Fold 3 results: Dice: 0.4808 | softDice: 0.4280 | clDice: 0.5348 | softclDice: 0.5008 | IoU: 0.3179 | Tversky: 0.4808 | Hausdorff: 234.9797 | HD95: 40.7761
2025-08-16 23:28:24 INFO ===== Fold 4 / 5 =====
2025-08-16 23:28:24 INFO Loading model unet with settings {'name': 'unet', 'encoder_name': 'resnet34', 'encoder_weights': 'imagenet', 'classes': 1, 'activation': None, 'dropout': 0.2}
2025-08-16 23:31:17 INFO Epoch 001 | Train Loss: 0.5207 | Val Loss: 0.6151 | Dice: 0.4026 | softDice: 0.3334 | clDice: 0.4750 | softclDice: 0.6690 | IoU: 0.2525 | Tversky: 0.4026 | Hausdorff: 302.8657 | HD95: 74.9651 | LR: 0.001000
2025-08-16 23:34:02 INFO Epoch 002 | Train Loss: 0.4106 | Val Loss: 0.5745 | Dice: 0.4547 | softDice: 0.3777 | clDice: 0.4998 | softclDice: 0.5682 | IoU: 0.2945 | Tversky: 0.4547 | Hausdorff: 261.7291 | HD95: 52.1353 | LR: 0.001000
2025-08-16 23:36:51 INFO Epoch 003 | Train Loss: 0.3923 | Val Loss: 0.5807 | Dice: 0.4575 | softDice: 0.3956 | clDice: 0.5104 | softclDice: 0.5478 | IoU: 0.2969 | Tversky: 0.4575 | Hausdorff: 251.3019 | HD95: 47.0353 | LR: 0.001000
2025-08-16 23:39:39 INFO Epoch 004 | Train Loss: 0.3830 | Val Loss: 0.5799 | Dice: 0.4611 | softDice: 0.4051 | clDice: 0.5147 | softclDice: 0.5355 | IoU: 0.2999 | Tversky: 0.4611 | Hausdorff: 224.6347 | HD95: 42.8750 | LR: 0.001000
2025-08-16 23:42:29 INFO Epoch 005 | Train Loss: 0.3791 | Val Loss: 0.5711 | Dice: 0.4578 | softDice: 0.4094 | clDice: 0.5012 | softclDice: 0.5351 | IoU: 0.2971 | Tversky: 0.4578 | Hausdorff: 259.0385 | HD95: 59.2172 | LR: 0.001000
2025-08-16 23:45:17 INFO Epoch 006 | Train Loss: 0.3774 | Val Loss: 0.5705 | Dice: 0.4741 | softDice: 0.4220 | clDice: 0.5256 | softclDice: 0.5101 | IoU: 0.3110 | Tversky: 0.4741 | Hausdorff: 225.5711 | HD95: 45.6660 | LR: 0.001000
2025-08-16 23:48:03 INFO Epoch 007 | Train Loss: 0.3787 | Val Loss: 0.5733 | Dice: 0.4743 | softDice: 0.4157 | clDice: 0.5259 | softclDice: 0.5122 | IoU: 0.3111 | Tversky: 0.4743 | Hausdorff: 212.1289 | HD95: 38.6614 | LR: 0.001000
2025-08-16 23:50:51 INFO Epoch 008 | Train Loss: 0.3751 | Val Loss: 0.5693 | Dice: 0.4832 | softDice: 0.4309 | clDice: 0.5346 | softclDice: 0.5009 | IoU: 0.3188 | Tversky: 0.4832 | Hausdorff: 212.2485 | HD95: 41.2812 | LR: 0.001000
2025-08-16 23:53:38 INFO Epoch 009 | Train Loss: 0.3735 | Val Loss: 0.5739 | Dice: 0.4746 | softDice: 0.4279 | clDice: 0.5262 | softclDice: 0.5067 | IoU: 0.3114 | Tversky: 0.4746 | Hausdorff: 222.2764 | HD95: 45.0053 | LR: 0.001000
2025-08-16 23:56:25 INFO Epoch 010 | Train Loss: 0.3715 | Val Loss: 0.5727 | Dice: 0.4778 | softDice: 0.4316 | clDice: 0.5249 | softclDice: 0.5069 | IoU: 0.3141 | Tversky: 0.4778 | Hausdorff: 206.9136 | HD95: 32.0918 | LR: 0.001000
2025-08-16 23:59:11 INFO Epoch 011 | Train Loss: 0.3698 | Val Loss: 0.5702 | Dice: 0.4703 | softDice: 0.4192 | clDice: 0.5158 | softclDice: 0.5168 | IoU: 0.3077 | Tversky: 0.4703 | Hausdorff: 238.3124 | HD95: 36.3649 | LR: 0.001000
2025-08-17 00:01:59 INFO Epoch 012 | Train Loss: 0.3690 | Val Loss: 0.5708 | Dice: 0.4743 | softDice: 0.4249 | clDice: 0.5242 | softclDice: 0.5080 | IoU: 0.3111 | Tversky: 0.4743 | Hausdorff: 234.4929 | HD95: 43.6781 | LR: 0.001000
2025-08-17 00:04:45 INFO Epoch 013 | Train Loss: 0.3699 | Val Loss: 0.5742 | Dice: 0.4712 | softDice: 0.4259 | clDice: 0.5190 | softclDice: 0.5165 | IoU: 0.3084 | Tversky: 0.4712 | Hausdorff: 224.2200 | HD95: 38.4540 | LR: 0.001000
2025-08-17 00:07:33 INFO Epoch 014 | Train Loss: 0.3654 | Val Loss: 0.5684 | Dice: 0.4895 | softDice: 0.4343 | clDice: 0.5475 | softclDice: 0.4861 | IoU: 0.3243 | Tversky: 0.4895 | Hausdorff: 227.2115 | HD95: 32.3227 | LR: 0.001000
2025-08-17 00:10:19 INFO Epoch 015 | Train Loss: 0.3676 | Val Loss: 0.5759 | Dice: 0.4643 | softDice: 0.4211 | clDice: 0.5078 | softclDice: 0.5235 | IoU: 0.3025 | Tversky: 0.4643 | Hausdorff: 225.1806 | HD95: 35.2319 | LR: 0.001000
2025-08-17 00:13:07 INFO Epoch 016 | Train Loss: 0.3648 | Val Loss: 0.5721 | Dice: 0.4618 | softDice: 0.4114 | clDice: 0.5041 | softclDice: 0.5320 | IoU: 0.3006 | Tversky: 0.4618 | Hausdorff: 210.4748 | HD95: 42.1167 | LR: 0.001000
2025-08-17 00:15:51 INFO Epoch 017 | Train Loss: 0.3646 | Val Loss: 0.5705 | Dice: 0.4797 | softDice: 0.4274 | clDice: 0.5259 | softclDice: 0.5089 | IoU: 0.3158 | Tversky: 0.4797 | Hausdorff: 221.3672 | HD95: 35.8754 | LR: 0.001000
2025-08-17 00:18:38 INFO Epoch 018 | Train Loss: 0.3647 | Val Loss: 0.5696 | Dice: 0.4886 | softDice: 0.4390 | clDice: 0.5376 | softclDice: 0.4936 | IoU: 0.3236 | Tversky: 0.4886 | Hausdorff: 217.7779 | HD95: 36.3606 | LR: 0.001000
2025-08-17 00:21:25 INFO Epoch 019 | Train Loss: 0.3618 | Val Loss: 0.5728 | Dice: 0.4779 | softDice: 0.4321 | clDice: 0.5267 | softclDice: 0.5011 | IoU: 0.3142 | Tversky: 0.4779 | Hausdorff: 204.8428 | HD95: 30.1116 | LR: 0.001000
2025-08-17 00:24:09 INFO Epoch 020 | Train Loss: 0.3631 | Val Loss: 0.5695 | Dice: 0.4763 | softDice: 0.4290 | clDice: 0.5196 | softclDice: 0.5139 | IoU: 0.3129 | Tversky: 0.4763 | Hausdorff: 246.8316 | HD95: 37.3452 | LR: 0.000500
2025-08-17 00:26:56 INFO Epoch 021 | Train Loss: 0.3589 | Val Loss: 0.5681 | Dice: 0.4746 | softDice: 0.4283 | clDice: 0.5215 | softclDice: 0.5092 | IoU: 0.3114 | Tversky: 0.4746 | Hausdorff: 221.9698 | HD95: 42.7496 | LR: 0.000500
2025-08-17 00:29:43 INFO Epoch 022 | Train Loss: 0.3579 | Val Loss: 0.5699 | Dice: 0.4828 | softDice: 0.4348 | clDice: 0.5294 | softclDice: 0.4998 | IoU: 0.3186 | Tversky: 0.4828 | Hausdorff: 201.9286 | HD95: 30.6245 | LR: 0.000500
2025-08-17 00:32:29 INFO Epoch 023 | Train Loss: 0.3570 | Val Loss: 0.5692 | Dice: 0.4795 | softDice: 0.4331 | clDice: 0.5249 | softclDice: 0.5052 | IoU: 0.3156 | Tversky: 0.4795 | Hausdorff: 241.2168 | HD95: 35.7649 | LR: 0.000500
2025-08-17 00:35:15 INFO Epoch 024 | Train Loss: 0.3582 | Val Loss: 0.5701 | Dice: 0.4868 | softDice: 0.4385 | clDice: 0.5348 | softclDice: 0.4958 | IoU: 0.3220 | Tversky: 0.4868 | Hausdorff: 294.2726 | HD95: 31.7592 | LR: 0.000500
2025-08-17 00:37:59 INFO Epoch 025 | Train Loss: 0.3543 | Val Loss: 0.5693 | Dice: 0.4820 | softDice: 0.4337 | clDice: 0.5283 | softclDice: 0.5012 | IoU: 0.3178 | Tversky: 0.4820 | Hausdorff: 373.8832 | HD95: 36.4300 | LR: 0.000500
2025-08-17 00:40:46 INFO Epoch 026 | Train Loss: 0.3563 | Val Loss: 0.5703 | Dice: 0.4786 | softDice: 0.4338 | clDice: 0.5242 | softclDice: 0.5035 | IoU: 0.3149 | Tversky: 0.4786 | Hausdorff: 319.4268 | HD95: 38.6675 | LR: 0.000500
2025-08-17 00:43:34 INFO Epoch 027 | Train Loss: 0.3528 | Val Loss: 0.5729 | Dice: 0.4791 | softDice: 0.4285 | clDice: 0.5297 | softclDice: 0.5022 | IoU: 0.3153 | Tversky: 0.4791 | Hausdorff: 210.3260 | HD95: 26.9184 | LR: 0.000250
2025-08-17 00:46:20 INFO Epoch 028 | Train Loss: 0.3503 | Val Loss: 0.5717 | Dice: 0.4784 | softDice: 0.4355 | clDice: 0.5236 | softclDice: 0.5026 | IoU: 0.3148 | Tversky: 0.4784 | Hausdorff: 195.9395 | HD95: 30.0464 | LR: 0.000250
2025-08-17 00:49:06 INFO Epoch 029 | Train Loss: 0.3488 | Val Loss: 0.5714 | Dice: 0.4775 | softDice: 0.4342 | clDice: 0.5213 | softclDice: 0.5048 | IoU: 0.3139 | Tversky: 0.4775 | Hausdorff: 208.0445 | HD95: 30.7235 | LR: 0.000250
2025-08-17 00:51:52 INFO Epoch 030 | Train Loss: 0.3478 | Val Loss: 0.5739 | Dice: 0.4671 | softDice: 0.4260 | clDice: 0.5056 | softclDice: 0.5206 | IoU: 0.3050 | Tversky: 0.4671 | Hausdorff: 217.7910 | HD95: 31.3036 | LR: 0.000250
2025-08-17 00:54:38 INFO Epoch 031 | Train Loss: 0.3459 | Val Loss: 0.5737 | Dice: 0.4687 | softDice: 0.4277 | clDice: 0.5095 | softclDice: 0.5188 | IoU: 0.3063 | Tversky: 0.4687 | Hausdorff: 231.0640 | HD95: 30.3848 | LR: 0.000250
2025-08-17 00:57:25 INFO Epoch 032 | Train Loss: 0.3458 | Val Loss: 0.5719 | Dice: 0.4697 | softDice: 0.4272 | clDice: 0.5076 | softclDice: 0.5202 | IoU: 0.3072 | Tversky: 0.4697 | Hausdorff: 217.7316 | HD95: 33.6759 | LR: 0.000250
2025-08-17 01:00:09 INFO Epoch 033 | Train Loss: 0.3437 | Val Loss: 0.5737 | Dice: 0.4724 | softDice: 0.4323 | clDice: 0.5125 | softclDice: 0.5114 | IoU: 0.3095 | Tversky: 0.4724 | Hausdorff: 208.9151 | HD95: 32.2679 | LR: 0.000125
2025-08-17 01:02:56 INFO Epoch 034 | Train Loss: 0.3420 | Val Loss: 0.5737 | Dice: 0.4793 | softDice: 0.4369 | clDice: 0.5217 | softclDice: 0.5064 | IoU: 0.3155 | Tversky: 0.4793 | Hausdorff: 206.1200 | HD95: 28.2893 | LR: 0.000125
2025-08-17 01:05:41 INFO Epoch 035 | Train Loss: 0.3389 | Val Loss: 0.5749 | Dice: 0.4777 | softDice: 0.4367 | clDice: 0.5209 | softclDice: 0.5041 | IoU: 0.3141 | Tversky: 0.4777 | Hausdorff: 207.7405 | HD95: 29.9774 | LR: 0.000125
2025-08-17 01:08:28 INFO Epoch 036 | Train Loss: 0.3398 | Val Loss: 0.5737 | Dice: 0.4712 | softDice: 0.4316 | clDice: 0.5119 | softclDice: 0.5113 | IoU: 0.3084 | Tversky: 0.4712 | Hausdorff: 243.0182 | HD95: 31.5910 | LR: 0.000125
2025-08-17 01:11:15 INFO Epoch 037 | Train Loss: 0.3376 | Val Loss: 0.5754 | Dice: 0.4688 | softDice: 0.4312 | clDice: 0.5078 | softclDice: 0.5146 | IoU: 0.3063 | Tversky: 0.4688 | Hausdorff: 272.7389 | HD95: 31.1378 | LR: 0.000125
2025-08-17 01:14:01 INFO Epoch 038 | Train Loss: 0.3366 | Val Loss: 0.5763 | Dice: 0.4671 | softDice: 0.4297 | clDice: 0.5056 | softclDice: 0.5169 | IoU: 0.3050 | Tversky: 0.4671 | Hausdorff: 208.3355 | HD95: 29.6085 | LR: 0.000125
2025-08-17 01:16:46 INFO Epoch 039 | Train Loss: 0.3345 | Val Loss: 0.5777 | Dice: 0.4645 | softDice: 0.4276 | clDice: 0.5019 | softclDice: 0.5207 | IoU: 0.3028 | Tversky: 0.4645 | Hausdorff: 298.5873 | HD95: 31.6497 | LR: 0.000063
2025-08-17 01:19:30 INFO Epoch 040 | Train Loss: 0.3337 | Val Loss: 0.5756 | Dice: 0.4661 | softDice: 0.4296 | clDice: 0.5051 | softclDice: 0.5180 | IoU: 0.3041 | Tversky: 0.4661 | Hausdorff: 238.9988 | HD95: 32.8031 | LR: 0.000063
2025-08-17 01:22:18 INFO Epoch 041 | Train Loss: 0.3349 | Val Loss: 0.5767 | Dice: 0.4610 | softDice: 0.4243 | clDice: 0.4970 | softclDice: 0.5265 | IoU: 0.2998 | Tversky: 0.4610 | Hausdorff: 294.5455 | HD95: 34.0563 | LR: 0.000063
2025-08-17 01:25:01 INFO Epoch 042 | Train Loss: 0.3326 | Val Loss: 0.5761 | Dice: 0.4661 | softDice: 0.4298 | clDice: 0.5024 | softclDice: 0.5196 | IoU: 0.3041 | Tversky: 0.4661 | Hausdorff: 312.5054 | HD95: 32.2003 | LR: 0.000063
2025-08-17 01:27:49 INFO Epoch 043 | Train Loss: 0.3324 | Val Loss: 0.5781 | Dice: 0.4550 | softDice: 0.4213 | clDice: 0.4904 | softclDice: 0.5318 | IoU: 0.2947 | Tversky: 0.4550 | Hausdorff: 212.5529 | HD95: 32.4715 | LR: 0.000063
2025-08-17 01:30:36 INFO Epoch 044 | Train Loss: 0.3294 | Val Loss: 0.5773 | Dice: 0.4654 | softDice: 0.4299 | clDice: 0.5032 | softclDice: 0.5193 | IoU: 0.3036 | Tversky: 0.4654 | Hausdorff: 209.7666 | HD95: 30.4479 | LR: 0.000063
2025-08-17 01:33:19 INFO Epoch 045 | Train Loss: 0.3276 | Val Loss: 0.5775 | Dice: 0.4605 | softDice: 0.4255 | clDice: 0.4947 | softclDice: 0.5262 | IoU: 0.2993 | Tversky: 0.4605 | Hausdorff: 274.4731 | HD95: 30.9494 | LR: 0.000031
2025-08-17 01:36:06 INFO Epoch 046 | Train Loss: 0.3276 | Val Loss: 0.5787 | Dice: 0.4518 | softDice: 0.4201 | clDice: 0.4857 | softclDice: 0.5345 | IoU: 0.2920 | Tversky: 0.4518 | Hausdorff: 234.5986 | HD95: 32.5154 | LR: 0.000031
2025-08-17 01:38:55 INFO Epoch 047 | Train Loss: 0.3281 | Val Loss: 0.5774 | Dice: 0.4593 | softDice: 0.4254 | clDice: 0.4929 | softclDice: 0.5277 | IoU: 0.2983 | Tversky: 0.4593 | Hausdorff: 213.6488 | HD95: 31.5072 | LR: 0.000031
2025-08-17 01:41:41 INFO Epoch 048 | Train Loss: 0.3258 | Val Loss: 0.5775 | Dice: 0.4596 | softDice: 0.4258 | clDice: 0.4935 | softclDice: 0.5268 | IoU: 0.2986 | Tversky: 0.4596 | Hausdorff: 289.7651 | HD95: 32.5803 | LR: 0.000031
2025-08-17 01:44:29 INFO Epoch 049 | Train Loss: 0.3253 | Val Loss: 0.5781 | Dice: 0.4588 | softDice: 0.4256 | clDice: 0.4930 | softclDice: 0.5269 | IoU: 0.2979 | Tversky: 0.4588 | Hausdorff: 290.0569 | HD95: 32.5368 | LR: 0.000031
2025-08-17 01:47:12 INFO Epoch 050 | Train Loss: 0.3267 | Val Loss: 0.5781 | Dice: 0.4528 | softDice: 0.4208 | clDice: 0.4863 | softclDice: 0.5335 | IoU: 0.2929 | Tversky: 0.4528 | Hausdorff: 295.6413 | HD95: 34.4852 | LR: 0.000031
2025-08-17 01:47:12 INFO Training completed.
2025-08-17 01:47:54 INFO Fold 4 results: Dice: 0.4746 | softDice: 0.4283 | clDice: 0.5215 | softclDice: 0.5092 | IoU: 0.3114 | Tversky: 0.4746 | Hausdorff: 221.9698 | HD95: 42.7496
2025-08-17 01:47:54 INFO ===== Fold 5 / 5 =====
2025-08-17 01:47:54 INFO Loading model unet with settings {'name': 'unet', 'encoder_name': 'resnet34', 'encoder_weights': 'imagenet', 'classes': 1, 'activation': None, 'dropout': 0.2}
2025-08-17 01:50:44 INFO Epoch 001 | Train Loss: 0.5272 | Val Loss: 0.5908 | Dice: 0.4072 | softDice: 0.3046 | clDice: 0.4605 | softclDice: 0.7136 | IoU: 0.2558 | Tversky: 0.4072 | Hausdorff: 350.9255 | HD95: 66.6629 | LR: 0.001000
2025-08-17 01:53:29 INFO Epoch 002 | Train Loss: 0.4125 | Val Loss: 0.5681 | Dice: 0.4474 | softDice: 0.3705 | clDice: 0.4982 | softclDice: 0.5772 | IoU: 0.2884 | Tversky: 0.4474 | Hausdorff: 232.1922 | HD95: 63.5092 | LR: 0.001000
2025-08-17 01:56:16 INFO Epoch 003 | Train Loss: 0.3949 | Val Loss: 0.5665 | Dice: 0.4505 | softDice: 0.3868 | clDice: 0.5027 | softclDice: 0.5537 | IoU: 0.2910 | Tversky: 0.4505 | Hausdorff: 215.9689 | HD95: 51.2409 | LR: 0.001000
2025-08-17 01:59:04 INFO Epoch 004 | Train Loss: 0.3882 | Val Loss: 0.5656 | Dice: 0.4638 | softDice: 0.4089 | clDice: 0.5189 | softclDice: 0.5339 | IoU: 0.3022 | Tversky: 0.4638 | Hausdorff: 235.2031 | HD95: 52.5869 | LR: 0.001000
2025-08-17 02:01:49 INFO Epoch 005 | Train Loss: 0.3827 | Val Loss: 0.5599 | Dice: 0.4701 | softDice: 0.4089 | clDice: 0.5216 | softclDice: 0.5235 | IoU: 0.3077 | Tversky: 0.4701 | Hausdorff: 225.2815 | HD95: 51.8858 | LR: 0.001000
2025-08-17 02:04:35 INFO Epoch 006 | Train Loss: 0.3820 | Val Loss: 0.5648 | Dice: 0.4690 | softDice: 0.4215 | clDice: 0.5244 | softclDice: 0.5105 | IoU: 0.3067 | Tversky: 0.4690 | Hausdorff: 231.1028 | HD95: 56.3898 | LR: 0.001000
2025-08-17 02:07:20 INFO Epoch 007 | Train Loss: 0.3799 | Val Loss: 0.5642 | Dice: 0.4769 | softDice: 0.4219 | clDice: 0.5350 | softclDice: 0.5023 | IoU: 0.3134 | Tversky: 0.4769 | Hausdorff: 215.0411 | HD95: 42.1153 | LR: 0.001000
2025-08-17 02:10:07 INFO Epoch 008 | Train Loss: 0.3775 | Val Loss: 0.5700 | Dice: 0.4539 | softDice: 0.4083 | clDice: 0.5040 | softclDice: 0.5271 | IoU: 0.2941 | Tversky: 0.4539 | Hausdorff: 216.7095 | HD95: 63.0316 | LR: 0.001000
2025-08-17 02:12:54 INFO Epoch 009 | Train Loss: 0.3787 | Val Loss: 0.5653 | Dice: 0.4757 | softDice: 0.4205 | clDice: 0.5325 | softclDice: 0.5092 | IoU: 0.3124 | Tversky: 0.4757 | Hausdorff: 266.1689 | HD95: 45.4852 | LR: 0.001000
2025-08-17 02:15:38 INFO Epoch 010 | Train Loss: 0.3753 | Val Loss: 0.5633 | Dice: 0.4767 | softDice: 0.4217 | clDice: 0.5296 | softclDice: 0.5094 | IoU: 0.3134 | Tversky: 0.4767 | Hausdorff: 242.4840 | HD95: 43.6790 | LR: 0.001000
2025-08-17 02:18:24 INFO Epoch 011 | Train Loss: 0.3747 | Val Loss: 0.5626 | Dice: 0.4788 | softDice: 0.4287 | clDice: 0.5318 | softclDice: 0.5041 | IoU: 0.3150 | Tversky: 0.4788 | Hausdorff: 221.2983 | HD95: 39.5742 | LR: 0.000500
2025-08-17 02:21:10 INFO Epoch 012 | Train Loss: 0.3685 | Val Loss: 0.5618 | Dice: 0.4754 | softDice: 0.4292 | clDice: 0.5298 | softclDice: 0.4996 | IoU: 0.3121 | Tversky: 0.4754 | Hausdorff: 219.5727 | HD95: 46.1027 | LR: 0.000500
2025-08-17 02:23:56 INFO Epoch 013 | Train Loss: 0.3692 | Val Loss: 0.5604 | Dice: 0.4758 | softDice: 0.4261 | clDice: 0.5267 | softclDice: 0.5063 | IoU: 0.3125 | Tversky: 0.4758 | Hausdorff: 228.0409 | HD95: 44.8792 | LR: 0.000500
2025-08-17 02:26:42 INFO Epoch 014 | Train Loss: 0.3688 | Val Loss: 0.5607 | Dice: 0.4787 | softDice: 0.4287 | clDice: 0.5316 | softclDice: 0.5038 | IoU: 0.3150 | Tversky: 0.4787 | Hausdorff: 223.5590 | HD95: 42.1771 | LR: 0.000500
2025-08-17 02:29:27 INFO Epoch 015 | Train Loss: 0.3662 | Val Loss: 0.5614 | Dice: 0.4804 | softDice: 0.4317 | clDice: 0.5330 | softclDice: 0.5009 | IoU: 0.3165 | Tversky: 0.4804 | Hausdorff: 218.4735 | HD95: 38.3729 | LR: 0.000500
2025-08-17 02:32:15 INFO Epoch 016 | Train Loss: 0.3663 | Val Loss: 0.5620 | Dice: 0.4750 | softDice: 0.4264 | clDice: 0.5298 | softclDice: 0.5037 | IoU: 0.3118 | Tversky: 0.4750 | Hausdorff: 224.9616 | HD95: 46.0169 | LR: 0.000500
2025-08-17 02:34:59 INFO Epoch 017 | Train Loss: 0.3652 | Val Loss: 0.5620 | Dice: 0.4740 | softDice: 0.4260 | clDice: 0.5270 | softclDice: 0.5041 | IoU: 0.3109 | Tversky: 0.4740 | Hausdorff: 233.3322 | HD95: 48.9774 | LR: 0.000250
2025-08-17 02:37:45 INFO Epoch 018 | Train Loss: 0.3641 | Val Loss: 0.5612 | Dice: 0.4808 | softDice: 0.4313 | clDice: 0.5365 | softclDice: 0.4965 | IoU: 0.3168 | Tversky: 0.4808 | Hausdorff: 218.4612 | HD95: 43.5055 | LR: 0.000250
2025-08-17 02:40:30 INFO Epoch 019 | Train Loss: 0.3630 | Val Loss: 0.5619 | Dice: 0.4825 | softDice: 0.4370 | clDice: 0.5356 | softclDice: 0.4946 | IoU: 0.3182 | Tversky: 0.4825 | Hausdorff: 213.0967 | HD95: 40.0982 | LR: 0.000250
2025-08-17 02:43:15 INFO Epoch 020 | Train Loss: 0.3617 | Val Loss: 0.5606 | Dice: 0.4841 | softDice: 0.4345 | clDice: 0.5376 | softclDice: 0.4948 | IoU: 0.3197 | Tversky: 0.4841 | Hausdorff: 209.6136 | HD95: 36.6750 | LR: 0.000250
2025-08-17 02:46:02 INFO Epoch 021 | Train Loss: 0.3627 | Val Loss: 0.5630 | Dice: 0.4789 | softDice: 0.4353 | clDice: 0.5296 | softclDice: 0.4966 | IoU: 0.3152 | Tversky: 0.4789 | Hausdorff: 271.4908 | HD95: 37.1215 | LR: 0.000250
2025-08-17 02:48:45 INFO Epoch 022 | Train Loss: 0.3628 | Val Loss: 0.5618 | Dice: 0.4791 | softDice: 0.4321 | clDice: 0.5300 | softclDice: 0.4994 | IoU: 0.3153 | Tversky: 0.4791 | Hausdorff: 269.2525 | HD95: 37.9891 | LR: 0.000250
2025-08-17 02:51:31 INFO Epoch 023 | Train Loss: 0.3595 | Val Loss: 0.5633 | Dice: 0.4780 | softDice: 0.4321 | clDice: 0.5289 | softclDice: 0.5022 | IoU: 0.3144 | Tversky: 0.4780 | Hausdorff: 206.0145 | HD95: 36.1069 | LR: 0.000125
2025-08-17 02:54:17 INFO Epoch 024 | Train Loss: 0.3580 | Val Loss: 0.5616 | Dice: 0.4855 | softDice: 0.4406 | clDice: 0.5403 | softclDice: 0.4896 | IoU: 0.3209 | Tversky: 0.4855 | Hausdorff: 273.9114 | HD95: 36.9688 | LR: 0.000125
2025-08-17 02:57:01 INFO Epoch 025 | Train Loss: 0.3579 | Val Loss: 0.5619 | Dice: 0.4873 | softDice: 0.4427 | clDice: 0.5417 | softclDice: 0.4866 | IoU: 0.3224 | Tversky: 0.4873 | Hausdorff: 280.0711 | HD95: 41.7239 | LR: 0.000125
2025-08-17 02:59:47 INFO Epoch 026 | Train Loss: 0.3554 | Val Loss: 0.5622 | Dice: 0.4869 | softDice: 0.4423 | clDice: 0.5385 | softclDice: 0.4905 | IoU: 0.3221 | Tversky: 0.4869 | Hausdorff: 271.0270 | HD95: 34.3581 | LR: 0.000125
2025-08-17 03:02:31 INFO Epoch 027 | Train Loss: 0.3549 | Val Loss: 0.5621 | Dice: 0.4875 | softDice: 0.4419 | clDice: 0.5408 | softclDice: 0.4904 | IoU: 0.3226 | Tversky: 0.4875 | Hausdorff: 265.3786 | HD95: 34.6371 | LR: 0.000125
2025-08-17 03:05:15 INFO Epoch 028 | Train Loss: 0.3540 | Val Loss: 0.5631 | Dice: 0.4861 | softDice: 0.4418 | clDice: 0.5445 | softclDice: 0.4844 | IoU: 0.3214 | Tversky: 0.4861 | Hausdorff: 251.0544 | HD95: 36.3379 | LR: 0.000125
2025-08-17 03:07:59 INFO Epoch 029 | Train Loss: 0.3556 | Val Loss: 0.5626 | Dice: 0.4829 | softDice: 0.4389 | clDice: 0.5336 | softclDice: 0.4940 | IoU: 0.3186 | Tversky: 0.4829 | Hausdorff: 320.5634 | HD95: 33.8147 | LR: 0.000063
2025-08-17 03:10:43 INFO Epoch 030 | Train Loss: 0.3534 | Val Loss: 0.5623 | Dice: 0.4870 | softDice: 0.4425 | clDice: 0.5402 | softclDice: 0.4884 | IoU: 0.3222 | Tversky: 0.4870 | Hausdorff: 264.5583 | HD95: 34.3224 | LR: 0.000063
2025-08-17 03:13:30 INFO Epoch 031 | Train Loss: 0.3519 | Val Loss: 0.5623 | Dice: 0.4881 | softDice: 0.4444 | clDice: 0.5411 | softclDice: 0.4870 | IoU: 0.3231 | Tversky: 0.4881 | Hausdorff: 261.2298 | HD95: 33.6300 | LR: 0.000063
2025-08-17 03:16:16 INFO Epoch 032 | Train Loss: 0.3522 | Val Loss: 0.5621 | Dice: 0.4868 | softDice: 0.4422 | clDice: 0.5401 | softclDice: 0.4900 | IoU: 0.3220 | Tversky: 0.4868 | Hausdorff: 268.3342 | HD95: 35.0968 | LR: 0.000063
2025-08-17 03:19:01 INFO Epoch 033 | Train Loss: 0.3509 | Val Loss: 0.5629 | Dice: 0.4871 | softDice: 0.4433 | clDice: 0.5393 | softclDice: 0.4895 | IoU: 0.3223 | Tversky: 0.4871 | Hausdorff: 265.7234 | HD95: 34.2842 | LR: 0.000063
2025-08-17 03:21:47 INFO Epoch 034 | Train Loss: 0.3518 | Val Loss: 0.5626 | Dice: 0.4905 | softDice: 0.4456 | clDice: 0.5441 | softclDice: 0.4848 | IoU: 0.3253 | Tversky: 0.4905 | Hausdorff: 264.1027 | HD95: 34.7966 | LR: 0.000063
2025-08-17 03:24:31 INFO Epoch 035 | Train Loss: 0.3502 | Val Loss: 0.5626 | Dice: 0.4842 | softDice: 0.4403 | clDice: 0.5339 | softclDice: 0.4947 | IoU: 0.3197 | Tversky: 0.4842 | Hausdorff: 202.1415 | HD95: 36.2563 | LR: 0.000031
2025-08-17 03:27:16 INFO Epoch 036 | Train Loss: 0.3489 | Val Loss: 0.5640 | Dice: 0.4850 | softDice: 0.4421 | clDice: 0.5347 | softclDice: 0.4917 | IoU: 0.3204 | Tversky: 0.4850 | Hausdorff: 266.6521 | HD95: 34.1272 | LR: 0.000031
2025-08-17 03:30:00 INFO Epoch 037 | Train Loss: 0.3485 | Val Loss: 0.5631 | Dice: 0.4829 | softDice: 0.4404 | clDice: 0.5325 | softclDice: 0.4959 | IoU: 0.3186 | Tversky: 0.4829 | Hausdorff: 265.7355 | HD95: 36.5184 | LR: 0.000031
2025-08-17 03:32:45 INFO Epoch 038 | Train Loss: 0.3487 | Val Loss: 0.5632 | Dice: 0.4842 | softDice: 0.4414 | clDice: 0.5342 | softclDice: 0.4938 | IoU: 0.3197 | Tversky: 0.4842 | Hausdorff: 267.8380 | HD95: 35.9336 | LR: 0.000031
2025-08-17 03:35:31 INFO Epoch 039 | Train Loss: 0.3488 | Val Loss: 0.5631 | Dice: 0.4861 | softDice: 0.4422 | clDice: 0.5369 | softclDice: 0.4921 | IoU: 0.3214 | Tversky: 0.4861 | Hausdorff: 266.7987 | HD95: 34.8817 | LR: 0.000031
2025-08-17 03:38:16 INFO Epoch 040 | Train Loss: 0.3473 | Val Loss: 0.5631 | Dice: 0.4857 | softDice: 0.4428 | clDice: 0.5364 | softclDice: 0.4919 | IoU: 0.3210 | Tversky: 0.4857 | Hausdorff: 265.9885 | HD95: 35.1242 | LR: 0.000031
2025-08-17 03:41:04 INFO Epoch 041 | Train Loss: 0.3478 | Val Loss: 0.5634 | Dice: 0.4859 | softDice: 0.4426 | clDice: 0.5371 | softclDice: 0.4914 | IoU: 0.3212 | Tversky: 0.4859 | Hausdorff: 262.7281 | HD95: 34.3137 | LR: 0.000016
2025-08-17 03:43:50 INFO Epoch 042 | Train Loss: 0.3478 | Val Loss: 0.5636 | Dice: 0.4833 | softDice: 0.4407 | clDice: 0.5330 | softclDice: 0.4958 | IoU: 0.3190 | Tversky: 0.4833 | Hausdorff: 269.9706 | HD95: 34.6376 | LR: 0.000016
2025-08-17 03:46:34 INFO Epoch 043 | Train Loss: 0.3476 | Val Loss: 0.5636 | Dice: 0.4804 | softDice: 0.4385 | clDice: 0.5288 | softclDice: 0.4992 | IoU: 0.3163 | Tversky: 0.4804 | Hausdorff: 266.9695 | HD95: 34.1550 | LR: 0.000016
2025-08-17 03:49:20 INFO Epoch 044 | Train Loss: 0.3454 | Val Loss: 0.5638 | Dice: 0.4846 | softDice: 0.4425 | clDice: 0.5346 | softclDice: 0.4938 | IoU: 0.3200 | Tversky: 0.4846 | Hausdorff: 265.8764 | HD95: 34.0932 | LR: 0.000016
2025-08-17 03:52:04 INFO Epoch 045 | Train Loss: 0.3460 | Val Loss: 0.5640 | Dice: 0.4827 | softDice: 0.4407 | clDice: 0.5322 | softclDice: 0.4956 | IoU: 0.3184 | Tversky: 0.4827 | Hausdorff: 263.0323 | HD95: 35.2176 | LR: 0.000016
2025-08-17 03:54:50 INFO Epoch 046 | Train Loss: 0.3469 | Val Loss: 0.5642 | Dice: 0.4815 | softDice: 0.4395 | clDice: 0.5298 | softclDice: 0.4974 | IoU: 0.3173 | Tversky: 0.4815 | Hausdorff: 267.4591 | HD95: 36.0526 | LR: 0.000016
2025-08-17 03:57:36 INFO Epoch 047 | Train Loss: 0.3460 | Val Loss: 0.5642 | Dice: 0.4798 | softDice: 0.4386 | clDice: 0.5270 | softclDice: 0.5004 | IoU: 0.3159 | Tversky: 0.4798 | Hausdorff: 262.6075 | HD95: 36.5598 | LR: 0.000008
2025-08-17 04:00:22 INFO Epoch 048 | Train Loss: 0.3444 | Val Loss: 0.5642 | Dice: 0.4808 | softDice: 0.4388 | clDice: 0.5287 | softclDice: 0.4992 | IoU: 0.3167 | Tversky: 0.4808 | Hausdorff: 264.1759 | HD95: 35.8197 | LR: 0.000008
2025-08-17 04:03:08 INFO Epoch 049 | Train Loss: 0.3448 | Val Loss: 0.5642 | Dice: 0.4809 | softDice: 0.4394 | clDice: 0.5290 | softclDice: 0.4987 | IoU: 0.3168 | Tversky: 0.4809 | Hausdorff: 263.6442 | HD95: 35.6546 | LR: 0.000008
2025-08-17 04:05:52 INFO Epoch 050 | Train Loss: 0.3433 | Val Loss: 0.5645 | Dice: 0.4788 | softDice: 0.4383 | clDice: 0.5251 | softclDice: 0.5014 | IoU: 0.3150 | Tversky: 0.4788 | Hausdorff: 263.3004 | HD95: 36.1833 | LR: 0.000008
2025-08-17 04:05:52 INFO Training completed.
2025-08-17 04:06:33 INFO Fold 5 results: Dice: 0.4701 | softDice: 0.4089 | clDice: 0.5216 | softclDice: 0.5235 | IoU: 0.3077 | Tversky: 0.4701 | Hausdorff: 225.2815 | HD95: 51.8858
2025-08-17 04:06:33 INFO ===== Cross-validation results =====
2025-08-17 04:06:33 INFO Dice: 0.4749 | softDice: 0.4219 | clDice: 0.5230 | softclDice: 0.5140 | IoU: 0.3120 | Tversky: 0.4749 | Hausdorff: 236.0919 | HD95: 44.1222
