2025-08-16 21:07:55 INFO Starting training with configuration: {'model': {'name': 'unet', 'encoder_name': 'mobilenet_v2', 'encoder_weights': 'imagenet', 'classes': 1, 'activation': None, 'dropout': 0.2}, 'dataset': {'root': '/data/smadper@alumno.upv.es/TFM/datasets/laticifers', 'patch_size': [512, 512], 'stride': [256, 256], 'num_patches': 50, 'num_workers': 8, 'positive_ratio': 0.8, 'fg_threshold': 0.04, 'feature_dirs': {'image': '/data/smadper@alumno.upv.es/TFM/datasets/laticifers/enhanced_images', 'mask': '/data/smadper@alumno.upv.es/TFM/datasets/laticifers/masks', 'distance': '/data/smadper@alumno.upv.es/TFM/datasets/laticifers/distance_maps_pt'}}, 'train': {'batch_size': 32, 'num_epochs': 50, 'learning_rate': 0.001, 'accumulation_steps': 1, 'save_dir': '/data/smadper@alumno.upv.es/TFM/checkpoints_cv2/unet/20250816_210755_unet_mobilenet_v2_bce0.5_dice0.5', 'log_interval': 1, 'patience': 100, 'mixed_precision': True, 'experiment_name': 'unet_mobilenet_v2_bce0.5_dice0.5', 'timestamp': '20250816_210755'}, 'test': {'batch_size': 1}, 'loss': {'name': 'bce', 'cldice_alpha': 0.5, 'use_topographic': False, 'combine_with': 'dice', 'weights': {'main': 0.5, 'combined': 0.5}, 'topo': {'alpha': 2.0, 'beta': 1.0}}}
2025-08-16 21:07:55 INFO Experiment name: unet_mobilenet_v2_bce0.5_dice0.5
2025-08-16 21:07:55 INFO ===== Fold 1 / 5 =====
2025-08-16 21:07:55 INFO Loading model unet with settings {'name': 'unet', 'encoder_name': 'mobilenet_v2', 'encoder_weights': 'imagenet', 'classes': 1, 'activation': None, 'dropout': 0.2}
2025-08-16 21:09:30 INFO Epoch 001 | Train Loss: 0.5466 | Val Loss: 0.5895 | Dice: 0.4171 | softDice: 0.3082 | clDice: 0.4905 | softclDice: 0.7076 | IoU: 0.2637 | Tversky: 0.4171 | Hausdorff: 228.6187 | HD95: 64.1836 | LR: 0.001000
2025-08-16 21:11:07 INFO Epoch 002 | Train Loss: 0.4171 | Val Loss: 0.5649 | Dice: 0.4459 | softDice: 0.3608 | clDice: 0.4907 | softclDice: 0.5892 | IoU: 0.2873 | Tversky: 0.4459 | Hausdorff: 227.4235 | HD95: 58.6473 | LR: 0.001000
2025-08-16 21:12:50 INFO Epoch 003 | Train Loss: 0.3939 | Val Loss: 0.5668 | Dice: 0.4621 | softDice: 0.3964 | clDice: 0.5159 | softclDice: 0.5516 | IoU: 0.3007 | Tversky: 0.4621 | Hausdorff: 248.6534 | HD95: 48.7018 | LR: 0.001000
2025-08-16 21:14:37 INFO Epoch 004 | Train Loss: 0.3895 | Val Loss: 0.5610 | Dice: 0.4487 | softDice: 0.3849 | clDice: 0.4872 | softclDice: 0.5628 | IoU: 0.2897 | Tversky: 0.4487 | Hausdorff: 236.7528 | HD95: 58.0009 | LR: 0.001000
2025-08-16 21:16:27 INFO Epoch 005 | Train Loss: 0.3872 | Val Loss: 0.5620 | Dice: 0.4635 | softDice: 0.4077 | clDice: 0.5132 | softclDice: 0.5292 | IoU: 0.3020 | Tversky: 0.4635 | Hausdorff: 233.5569 | HD95: 60.3000 | LR: 0.001000
2025-08-16 21:18:09 INFO Epoch 006 | Train Loss: 0.3807 | Val Loss: 0.5579 | Dice: 0.4620 | softDice: 0.4053 | clDice: 0.5023 | softclDice: 0.5419 | IoU: 0.3008 | Tversky: 0.4620 | Hausdorff: 239.3375 | HD95: 56.0201 | LR: 0.001000
2025-08-16 21:19:59 INFO Epoch 007 | Train Loss: 0.3818 | Val Loss: 0.5594 | Dice: 0.4535 | softDice: 0.4037 | clDice: 0.4928 | softclDice: 0.5444 | IoU: 0.2937 | Tversky: 0.4535 | Hausdorff: 229.0901 | HD95: 50.7447 | LR: 0.001000
2025-08-16 21:21:41 INFO Epoch 008 | Train Loss: 0.3791 | Val Loss: 0.5606 | Dice: 0.4700 | softDice: 0.4164 | clDice: 0.5170 | softclDice: 0.5277 | IoU: 0.3076 | Tversky: 0.4700 | Hausdorff: 228.0229 | HD95: 49.4477 | LR: 0.001000
2025-08-16 21:23:32 INFO Epoch 009 | Train Loss: 0.3775 | Val Loss: 0.5569 | Dice: 0.4483 | softDice: 0.3957 | clDice: 0.4842 | softclDice: 0.5543 | IoU: 0.2894 | Tversky: 0.4483 | Hausdorff: 237.3326 | HD95: 51.4024 | LR: 0.001000
2025-08-16 21:25:20 INFO Epoch 010 | Train Loss: 0.3757 | Val Loss: 0.5629 | Dice: 0.4544 | softDice: 0.4061 | clDice: 0.4967 | softclDice: 0.5424 | IoU: 0.2945 | Tversky: 0.4544 | Hausdorff: 234.7087 | HD95: 46.3599 | LR: 0.001000
2025-08-16 21:27:01 INFO Epoch 011 | Train Loss: 0.3750 | Val Loss: 0.5603 | Dice: 0.4701 | softDice: 0.4206 | clDice: 0.5202 | softclDice: 0.5179 | IoU: 0.3077 | Tversky: 0.4701 | Hausdorff: 233.6339 | HD95: 48.1235 | LR: 0.001000
2025-08-16 21:28:52 INFO Epoch 012 | Train Loss: 0.3738 | Val Loss: 0.5606 | Dice: 0.4735 | softDice: 0.4229 | clDice: 0.5214 | softclDice: 0.5179 | IoU: 0.3106 | Tversky: 0.4735 | Hausdorff: 233.0374 | HD95: 44.4540 | LR: 0.001000
2025-08-16 21:30:33 INFO Epoch 013 | Train Loss: 0.3731 | Val Loss: 0.5599 | Dice: 0.4689 | softDice: 0.4211 | clDice: 0.5160 | softclDice: 0.5184 | IoU: 0.3067 | Tversky: 0.4689 | Hausdorff: 230.5264 | HD95: 46.6156 | LR: 0.001000
2025-08-16 21:32:11 INFO Epoch 014 | Train Loss: 0.3719 | Val Loss: 0.5611 | Dice: 0.4573 | softDice: 0.4080 | clDice: 0.4959 | softclDice: 0.5432 | IoU: 0.2968 | Tversky: 0.4573 | Hausdorff: 232.1942 | HD95: 45.1413 | LR: 0.001000
2025-08-16 21:33:49 INFO Epoch 015 | Train Loss: 0.3723 | Val Loss: 0.5603 | Dice: 0.4773 | softDice: 0.4270 | clDice: 0.5257 | softclDice: 0.5096 | IoU: 0.3139 | Tversky: 0.4773 | Hausdorff: 233.4593 | HD95: 45.5005 | LR: 0.000500
2025-08-16 21:35:14 INFO Epoch 016 | Train Loss: 0.3684 | Val Loss: 0.5582 | Dice: 0.4752 | softDice: 0.4227 | clDice: 0.5201 | softclDice: 0.5173 | IoU: 0.3121 | Tversky: 0.4752 | Hausdorff: 226.7447 | HD95: 37.7888 | LR: 0.000500
2025-08-16 21:36:42 INFO Epoch 017 | Train Loss: 0.3668 | Val Loss: 0.5581 | Dice: 0.4816 | softDice: 0.4282 | clDice: 0.5284 | softclDice: 0.5088 | IoU: 0.3175 | Tversky: 0.4816 | Hausdorff: 235.7311 | HD95: 36.4814 | LR: 0.000500
2025-08-16 21:38:09 INFO Epoch 018 | Train Loss: 0.3671 | Val Loss: 0.5591 | Dice: 0.4753 | softDice: 0.4206 | clDice: 0.5219 | softclDice: 0.5186 | IoU: 0.3122 | Tversky: 0.4753 | Hausdorff: 243.2230 | HD95: 38.8448 | LR: 0.000500
2025-08-16 21:39:33 INFO Epoch 019 | Train Loss: 0.3651 | Val Loss: 0.5590 | Dice: 0.4767 | softDice: 0.4274 | clDice: 0.5262 | softclDice: 0.5098 | IoU: 0.3132 | Tversky: 0.4767 | Hausdorff: 231.8417 | HD95: 43.0610 | LR: 0.000500
2025-08-16 21:40:57 INFO Epoch 020 | Train Loss: 0.3635 | Val Loss: 0.5597 | Dice: 0.4685 | softDice: 0.4227 | clDice: 0.5094 | softclDice: 0.5230 | IoU: 0.3063 | Tversky: 0.4685 | Hausdorff: 234.4665 | HD95: 41.5660 | LR: 0.000500
2025-08-16 21:42:21 INFO Epoch 021 | Train Loss: 0.3641 | Val Loss: 0.5591 | Dice: 0.4753 | softDice: 0.4276 | clDice: 0.5212 | softclDice: 0.5140 | IoU: 0.3122 | Tversky: 0.4753 | Hausdorff: 221.6685 | HD95: 44.4398 | LR: 0.000250
2025-08-16 21:43:47 INFO Epoch 022 | Train Loss: 0.3623 | Val Loss: 0.5594 | Dice: 0.4770 | softDice: 0.4269 | clDice: 0.5255 | softclDice: 0.5106 | IoU: 0.3136 | Tversky: 0.4770 | Hausdorff: 233.8417 | HD95: 37.1299 | LR: 0.000250
2025-08-16 21:45:15 INFO Epoch 023 | Train Loss: 0.3618 | Val Loss: 0.5599 | Dice: 0.4766 | softDice: 0.4284 | clDice: 0.5225 | softclDice: 0.5130 | IoU: 0.3133 | Tversky: 0.4766 | Hausdorff: 224.3796 | HD95: 36.7811 | LR: 0.000250
2025-08-16 21:46:40 INFO Epoch 024 | Train Loss: 0.3605 | Val Loss: 0.5618 | Dice: 0.4764 | softDice: 0.4315 | clDice: 0.5221 | softclDice: 0.5098 | IoU: 0.3130 | Tversky: 0.4764 | Hausdorff: 228.0631 | HD95: 35.0181 | LR: 0.000250
2025-08-16 21:48:11 INFO Epoch 025 | Train Loss: 0.3581 | Val Loss: 0.5612 | Dice: 0.4716 | softDice: 0.4254 | clDice: 0.5145 | softclDice: 0.5182 | IoU: 0.3090 | Tversky: 0.4716 | Hausdorff: 234.4387 | HD95: 37.0174 | LR: 0.000250
2025-08-16 21:49:40 INFO Epoch 026 | Train Loss: 0.3603 | Val Loss: 0.5602 | Dice: 0.4795 | softDice: 0.4311 | clDice: 0.5266 | softclDice: 0.5067 | IoU: 0.3158 | Tversky: 0.4795 | Hausdorff: 234.6576 | HD95: 38.1919 | LR: 0.000250
2025-08-16 21:51:10 INFO Epoch 027 | Train Loss: 0.3578 | Val Loss: 0.5605 | Dice: 0.4801 | softDice: 0.4335 | clDice: 0.5277 | softclDice: 0.5053 | IoU: 0.3162 | Tversky: 0.4801 | Hausdorff: 232.7403 | HD95: 35.9822 | LR: 0.000125
2025-08-16 21:52:37 INFO Epoch 028 | Train Loss: 0.3571 | Val Loss: 0.5604 | Dice: 0.4771 | softDice: 0.4282 | clDice: 0.5239 | softclDice: 0.5110 | IoU: 0.3136 | Tversky: 0.4771 | Hausdorff: 240.4928 | HD95: 35.2872 | LR: 0.000125
2025-08-16 21:54:02 INFO Epoch 029 | Train Loss: 0.3574 | Val Loss: 0.5601 | Dice: 0.4784 | softDice: 0.4315 | clDice: 0.5236 | softclDice: 0.5102 | IoU: 0.3148 | Tversky: 0.4784 | Hausdorff: 235.9326 | HD95: 37.6981 | LR: 0.000125
2025-08-16 21:55:41 INFO Epoch 030 | Train Loss: 0.3563 | Val Loss: 0.5603 | Dice: 0.4799 | softDice: 0.4325 | clDice: 0.5251 | softclDice: 0.5087 | IoU: 0.3161 | Tversky: 0.4799 | Hausdorff: 240.8657 | HD95: 34.9082 | LR: 0.000125
2025-08-16 21:57:18 INFO Epoch 031 | Train Loss: 0.3561 | Val Loss: 0.5615 | Dice: 0.4778 | softDice: 0.4299 | clDice: 0.5233 | softclDice: 0.5116 | IoU: 0.3143 | Tversky: 0.4778 | Hausdorff: 240.7543 | HD95: 34.0330 | LR: 0.000125
2025-08-16 21:58:51 INFO Epoch 032 | Train Loss: 0.3544 | Val Loss: 0.5609 | Dice: 0.4747 | softDice: 0.4280 | clDice: 0.5203 | softclDice: 0.5139 | IoU: 0.3116 | Tversky: 0.4747 | Hausdorff: 241.3527 | HD95: 35.8877 | LR: 0.000125
2025-08-16 22:00:27 INFO Epoch 033 | Train Loss: 0.3534 | Val Loss: 0.5621 | Dice: 0.4770 | softDice: 0.4324 | clDice: 0.5231 | softclDice: 0.5094 | IoU: 0.3135 | Tversky: 0.4770 | Hausdorff: 234.4259 | HD95: 35.0994 | LR: 0.000063
2025-08-16 22:01:55 INFO Epoch 034 | Train Loss: 0.3544 | Val Loss: 0.5614 | Dice: 0.4748 | softDice: 0.4285 | clDice: 0.5204 | softclDice: 0.5127 | IoU: 0.3117 | Tversky: 0.4748 | Hausdorff: 233.1436 | HD95: 34.8736 | LR: 0.000063
2025-08-16 22:03:34 INFO Epoch 035 | Train Loss: 0.3527 | Val Loss: 0.5620 | Dice: 0.4751 | softDice: 0.4308 | clDice: 0.5192 | softclDice: 0.5119 | IoU: 0.3119 | Tversky: 0.4751 | Hausdorff: 233.2348 | HD95: 36.4438 | LR: 0.000063
2025-08-16 22:05:09 INFO Epoch 036 | Train Loss: 0.3547 | Val Loss: 0.5621 | Dice: 0.4767 | softDice: 0.4319 | clDice: 0.5217 | softclDice: 0.5105 | IoU: 0.3134 | Tversky: 0.4767 | Hausdorff: 236.9804 | HD95: 35.3663 | LR: 0.000063
2025-08-16 22:06:47 INFO Epoch 037 | Train Loss: 0.3530 | Val Loss: 0.5617 | Dice: 0.4758 | softDice: 0.4308 | clDice: 0.5212 | softclDice: 0.5111 | IoU: 0.3125 | Tversky: 0.4758 | Hausdorff: 233.3118 | HD95: 37.5098 | LR: 0.000063
2025-08-16 22:08:24 INFO Epoch 038 | Train Loss: 0.3525 | Val Loss: 0.5621 | Dice: 0.4730 | softDice: 0.4300 | clDice: 0.5163 | softclDice: 0.5141 | IoU: 0.3102 | Tversky: 0.4730 | Hausdorff: 234.2310 | HD95: 37.2827 | LR: 0.000063
2025-08-16 22:10:00 INFO Epoch 039 | Train Loss: 0.3512 | Val Loss: 0.5620 | Dice: 0.4768 | softDice: 0.4333 | clDice: 0.5220 | softclDice: 0.5093 | IoU: 0.3134 | Tversky: 0.4768 | Hausdorff: 235.3154 | HD95: 37.4178 | LR: 0.000031
2025-08-16 22:11:26 INFO Epoch 040 | Train Loss: 0.3514 | Val Loss: 0.5621 | Dice: 0.4724 | softDice: 0.4289 | clDice: 0.5146 | softclDice: 0.5157 | IoU: 0.3096 | Tversky: 0.4724 | Hausdorff: 233.8366 | HD95: 36.1921 | LR: 0.000031
2025-08-16 22:12:57 INFO Epoch 041 | Train Loss: 0.3518 | Val Loss: 0.5621 | Dice: 0.4726 | softDice: 0.4296 | clDice: 0.5147 | softclDice: 0.5152 | IoU: 0.3098 | Tversky: 0.4726 | Hausdorff: 234.5231 | HD95: 36.6864 | LR: 0.000031
2025-08-16 22:14:24 INFO Epoch 042 | Train Loss: 0.3507 | Val Loss: 0.5624 | Dice: 0.4715 | softDice: 0.4284 | clDice: 0.5131 | softclDice: 0.5172 | IoU: 0.3089 | Tversky: 0.4715 | Hausdorff: 233.9926 | HD95: 36.9003 | LR: 0.000031
2025-08-16 22:15:54 INFO Epoch 043 | Train Loss: 0.3524 | Val Loss: 0.5620 | Dice: 0.4750 | softDice: 0.4310 | clDice: 0.5184 | softclDice: 0.5129 | IoU: 0.3119 | Tversky: 0.4750 | Hausdorff: 234.1870 | HD95: 36.6444 | LR: 0.000031
2025-08-16 22:17:21 INFO Epoch 044 | Train Loss: 0.3478 | Val Loss: 0.5622 | Dice: 0.4732 | softDice: 0.4296 | clDice: 0.5159 | softclDice: 0.5147 | IoU: 0.3103 | Tversky: 0.4732 | Hausdorff: 235.2306 | HD95: 37.2472 | LR: 0.000031
2025-08-16 22:18:52 INFO Epoch 045 | Train Loss: 0.3501 | Val Loss: 0.5623 | Dice: 0.4721 | softDice: 0.4286 | clDice: 0.5136 | softclDice: 0.5164 | IoU: 0.3094 | Tversky: 0.4721 | Hausdorff: 240.7244 | HD95: 35.8200 | LR: 0.000016
2025-08-16 22:20:24 INFO Epoch 046 | Train Loss: 0.3485 | Val Loss: 0.5627 | Dice: 0.4706 | softDice: 0.4280 | clDice: 0.5124 | softclDice: 0.5181 | IoU: 0.3081 | Tversky: 0.4706 | Hausdorff: 239.3298 | HD95: 37.3332 | LR: 0.000016
2025-08-16 22:22:03 INFO Epoch 047 | Train Loss: 0.3484 | Val Loss: 0.5630 | Dice: 0.4710 | softDice: 0.4286 | clDice: 0.5122 | softclDice: 0.5176 | IoU: 0.3085 | Tversky: 0.4710 | Hausdorff: 240.5366 | HD95: 35.3903 | LR: 0.000016
2025-08-16 22:23:33 INFO Epoch 048 | Train Loss: 0.3505 | Val Loss: 0.5627 | Dice: 0.4704 | softDice: 0.4272 | clDice: 0.5119 | softclDice: 0.5187 | IoU: 0.3080 | Tversky: 0.4704 | Hausdorff: 234.5279 | HD95: 35.8489 | LR: 0.000016
2025-08-16 22:25:04 INFO Epoch 049 | Train Loss: 0.3476 | Val Loss: 0.5628 | Dice: 0.4715 | softDice: 0.4289 | clDice: 0.5131 | softclDice: 0.5175 | IoU: 0.3089 | Tversky: 0.4715 | Hausdorff: 233.9809 | HD95: 35.8491 | LR: 0.000016
2025-08-16 22:26:34 INFO Epoch 050 | Train Loss: 0.3497 | Val Loss: 0.5637 | Dice: 0.4710 | softDice: 0.4284 | clDice: 0.5128 | softclDice: 0.5177 | IoU: 0.3084 | Tversky: 0.4710 | Hausdorff: 240.9395 | HD95: 34.4834 | LR: 0.000016
2025-08-16 22:26:34 INFO Training completed.
2025-08-16 22:26:57 INFO Fold 1 results: Dice: 0.4483 | softDice: 0.3957 | clDice: 0.4842 | softclDice: 0.5543 | IoU: 0.2894 | Tversky: 0.4483 | Hausdorff: 237.3326 | HD95: 51.4024
2025-08-16 22:26:57 INFO ===== Fold 2 / 5 =====
2025-08-16 22:26:57 INFO Loading model unet with settings {'name': 'unet', 'encoder_name': 'mobilenet_v2', 'encoder_weights': 'imagenet', 'classes': 1, 'activation': None, 'dropout': 0.2}
2025-08-16 22:28:35 INFO Epoch 001 | Train Loss: 0.5216 | Val Loss: 0.6105 | Dice: 0.3986 | softDice: 0.3349 | clDice: 0.4729 | softclDice: 0.6923 | IoU: 0.2490 | Tversky: 0.3986 | Hausdorff: 310.8594 | HD95: 68.5674 | LR: 0.001000
2025-08-16 22:30:16 INFO Epoch 002 | Train Loss: 0.4123 | Val Loss: 0.5721 | Dice: 0.4461 | softDice: 0.3876 | clDice: 0.4927 | softclDice: 0.5676 | IoU: 0.2876 | Tversky: 0.4461 | Hausdorff: 308.3840 | HD95: 46.1457 | LR: 0.001000
2025-08-16 22:31:54 INFO Epoch 003 | Train Loss: 0.3958 | Val Loss: 0.5692 | Dice: 0.4530 | softDice: 0.3996 | clDice: 0.4960 | softclDice: 0.5524 | IoU: 0.2937 | Tversky: 0.4530 | Hausdorff: 294.7353 | HD95: 47.4771 | LR: 0.001000
2025-08-16 22:33:27 INFO Epoch 004 | Train Loss: 0.3892 | Val Loss: 0.5694 | Dice: 0.4598 | softDice: 0.4071 | clDice: 0.5062 | softclDice: 0.5367 | IoU: 0.2990 | Tversky: 0.4598 | Hausdorff: 289.9066 | HD95: 43.0865 | LR: 0.001000
2025-08-16 22:35:16 INFO Epoch 005 | Train Loss: 0.3867 | Val Loss: 0.5715 | Dice: 0.4692 | softDice: 0.4168 | clDice: 0.5168 | softclDice: 0.5266 | IoU: 0.3070 | Tversky: 0.4692 | Hausdorff: 277.7120 | HD95: 39.9714 | LR: 0.001000
2025-08-16 22:36:48 INFO Epoch 006 | Train Loss: 0.3821 | Val Loss: 0.5712 | Dice: 0.4713 | softDice: 0.4205 | clDice: 0.5225 | softclDice: 0.5164 | IoU: 0.3088 | Tversky: 0.4713 | Hausdorff: 278.9773 | HD95: 37.7411 | LR: 0.001000
2025-08-16 22:38:24 INFO Epoch 007 | Train Loss: 0.3795 | Val Loss: 0.5690 | Dice: 0.4677 | softDice: 0.4147 | clDice: 0.5153 | softclDice: 0.5285 | IoU: 0.3057 | Tversky: 0.4677 | Hausdorff: 284.9104 | HD95: 40.3394 | LR: 0.001000
2025-08-16 22:40:00 INFO Epoch 008 | Train Loss: 0.3772 | Val Loss: 0.5680 | Dice: 0.4601 | softDice: 0.4124 | clDice: 0.4981 | softclDice: 0.5394 | IoU: 0.2996 | Tversky: 0.4601 | Hausdorff: 304.8910 | HD95: 42.9974 | LR: 0.001000
2025-08-16 22:41:37 INFO Epoch 009 | Train Loss: 0.3766 | Val Loss: 0.5721 | Dice: 0.4626 | softDice: 0.4230 | clDice: 0.5066 | softclDice: 0.5226 | IoU: 0.3015 | Tversky: 0.4626 | Hausdorff: 292.6514 | HD95: 43.6981 | LR: 0.001000
2025-08-16 22:43:14 INFO Epoch 010 | Train Loss: 0.3765 | Val Loss: 0.5665 | Dice: 0.4789 | softDice: 0.4243 | clDice: 0.5250 | softclDice: 0.5173 | IoU: 0.3153 | Tversky: 0.4789 | Hausdorff: 291.3108 | HD95: 35.6888 | LR: 0.001000
2025-08-16 22:44:47 INFO Epoch 011 | Train Loss: 0.3736 | Val Loss: 0.5713 | Dice: 0.4653 | softDice: 0.4227 | clDice: 0.5110 | softclDice: 0.5192 | IoU: 0.3037 | Tversky: 0.4653 | Hausdorff: 273.0471 | HD95: 43.3186 | LR: 0.001000
2025-08-16 22:46:29 INFO Epoch 012 | Train Loss: 0.3720 | Val Loss: 0.5702 | Dice: 0.4687 | softDice: 0.4195 | clDice: 0.5123 | softclDice: 0.5194 | IoU: 0.3064 | Tversky: 0.4687 | Hausdorff: 277.0278 | HD95: 35.7677 | LR: 0.001000
2025-08-16 22:47:58 INFO Epoch 013 | Train Loss: 0.3733 | Val Loss: 0.5688 | Dice: 0.4772 | softDice: 0.4298 | clDice: 0.5205 | softclDice: 0.5121 | IoU: 0.3139 | Tversky: 0.4772 | Hausdorff: 284.8738 | HD95: 37.1739 | LR: 0.001000
2025-08-16 22:49:42 INFO Epoch 014 | Train Loss: 0.3698 | Val Loss: 0.5691 | Dice: 0.4739 | softDice: 0.4244 | clDice: 0.5208 | softclDice: 0.5118 | IoU: 0.3111 | Tversky: 0.4739 | Hausdorff: 309.7007 | HD95: 38.8648 | LR: 0.001000
2025-08-16 22:51:12 INFO Epoch 015 | Train Loss: 0.3709 | Val Loss: 0.5665 | Dice: 0.4767 | softDice: 0.4245 | clDice: 0.5221 | softclDice: 0.5132 | IoU: 0.3134 | Tversky: 0.4767 | Hausdorff: 285.3115 | HD95: 33.3069 | LR: 0.001000
2025-08-16 22:52:56 INFO Epoch 016 | Train Loss: 0.3702 | Val Loss: 0.5721 | Dice: 0.4824 | softDice: 0.4348 | clDice: 0.5359 | softclDice: 0.4938 | IoU: 0.3182 | Tversky: 0.4824 | Hausdorff: 288.5227 | HD95: 32.6090 | LR: 0.000500
2025-08-16 22:54:34 INFO Epoch 017 | Train Loss: 0.3665 | Val Loss: 0.5675 | Dice: 0.4817 | softDice: 0.4336 | clDice: 0.5306 | softclDice: 0.5043 | IoU: 0.3177 | Tversky: 0.4817 | Hausdorff: 275.4558 | HD95: 33.0000 | LR: 0.000500
2025-08-16 22:56:07 INFO Epoch 018 | Train Loss: 0.3646 | Val Loss: 0.5670 | Dice: 0.4795 | softDice: 0.4317 | clDice: 0.5260 | softclDice: 0.5053 | IoU: 0.3159 | Tversky: 0.4795 | Hausdorff: 261.7756 | HD95: 34.1392 | LR: 0.000500
2025-08-16 22:57:46 INFO Epoch 019 | Train Loss: 0.3630 | Val Loss: 0.5699 | Dice: 0.4787 | softDice: 0.4337 | clDice: 0.5245 | softclDice: 0.5055 | IoU: 0.3152 | Tversky: 0.4787 | Hausdorff: 286.9934 | HD95: 29.9098 | LR: 0.000500
2025-08-16 22:59:15 INFO Epoch 020 | Train Loss: 0.3626 | Val Loss: 0.5679 | Dice: 0.4764 | softDice: 0.4337 | clDice: 0.5179 | softclDice: 0.5104 | IoU: 0.3133 | Tversky: 0.4764 | Hausdorff: 276.5865 | HD95: 32.9692 | LR: 0.000500
2025-08-16 23:00:57 INFO Epoch 021 | Train Loss: 0.3629 | Val Loss: 0.5676 | Dice: 0.4759 | softDice: 0.4304 | clDice: 0.5178 | softclDice: 0.5112 | IoU: 0.3127 | Tversky: 0.4759 | Hausdorff: 273.9449 | HD95: 36.1085 | LR: 0.000500
2025-08-16 23:02:24 INFO Epoch 022 | Train Loss: 0.3620 | Val Loss: 0.5674 | Dice: 0.4683 | softDice: 0.4238 | clDice: 0.5109 | softclDice: 0.5174 | IoU: 0.3062 | Tversky: 0.4683 | Hausdorff: 265.2145 | HD95: 38.8738 | LR: 0.000250
2025-08-16 23:03:56 INFO Epoch 023 | Train Loss: 0.3586 | Val Loss: 0.5693 | Dice: 0.4808 | softDice: 0.4363 | clDice: 0.5269 | softclDice: 0.5025 | IoU: 0.3169 | Tversky: 0.4808 | Hausdorff: 288.6952 | HD95: 33.7759 | LR: 0.000250
2025-08-16 23:05:35 INFO Epoch 024 | Train Loss: 0.3573 | Val Loss: 0.5688 | Dice: 0.4773 | softDice: 0.4337 | clDice: 0.5211 | softclDice: 0.5074 | IoU: 0.3139 | Tversky: 0.4773 | Hausdorff: 281.4147 | HD95: 31.2589 | LR: 0.000250
2025-08-16 23:07:10 INFO Epoch 025 | Train Loss: 0.3574 | Val Loss: 0.5686 | Dice: 0.4765 | softDice: 0.4339 | clDice: 0.5191 | softclDice: 0.5068 | IoU: 0.3133 | Tversky: 0.4765 | Hausdorff: 260.4681 | HD95: 32.0375 | LR: 0.000250
2025-08-16 23:08:46 INFO Epoch 026 | Train Loss: 0.3557 | Val Loss: 0.5691 | Dice: 0.4754 | softDice: 0.4319 | clDice: 0.5185 | softclDice: 0.5099 | IoU: 0.3122 | Tversky: 0.4754 | Hausdorff: 286.4294 | HD95: 33.4271 | LR: 0.000250
2025-08-16 23:10:16 INFO Epoch 027 | Train Loss: 0.3560 | Val Loss: 0.5692 | Dice: 0.4771 | softDice: 0.4329 | clDice: 0.5210 | softclDice: 0.5078 | IoU: 0.3138 | Tversky: 0.4771 | Hausdorff: 268.9870 | HD95: 34.0272 | LR: 0.000250
2025-08-16 23:11:52 INFO Epoch 028 | Train Loss: 0.3569 | Val Loss: 0.5691 | Dice: 0.4776 | softDice: 0.4318 | clDice: 0.5230 | softclDice: 0.5074 | IoU: 0.3142 | Tversky: 0.4776 | Hausdorff: 286.2495 | HD95: 30.4206 | LR: 0.000125
2025-08-16 23:13:33 INFO Epoch 029 | Train Loss: 0.3522 | Val Loss: 0.5683 | Dice: 0.4691 | softDice: 0.4274 | clDice: 0.5066 | softclDice: 0.5207 | IoU: 0.3071 | Tversky: 0.4691 | Hausdorff: 265.1469 | HD95: 36.5371 | LR: 0.000125
2025-08-16 23:14:59 INFO Epoch 030 | Train Loss: 0.3526 | Val Loss: 0.5708 | Dice: 0.4740 | softDice: 0.4351 | clDice: 0.5141 | softclDice: 0.5121 | IoU: 0.3112 | Tversky: 0.4740 | Hausdorff: 284.7378 | HD95: 32.9968 | LR: 0.000125
2025-08-16 23:16:44 INFO Epoch 031 | Train Loss: 0.3538 | Val Loss: 0.5707 | Dice: 0.4710 | softDice: 0.4291 | clDice: 0.5108 | softclDice: 0.5162 | IoU: 0.3086 | Tversky: 0.4710 | Hausdorff: 280.8762 | HD95: 33.4139 | LR: 0.000125
2025-08-16 23:18:18 INFO Epoch 032 | Train Loss: 0.3513 | Val Loss: 0.5699 | Dice: 0.4706 | softDice: 0.4281 | clDice: 0.5105 | softclDice: 0.5169 | IoU: 0.3083 | Tversky: 0.4706 | Hausdorff: 271.8091 | HD95: 32.4681 | LR: 0.000125
2025-08-16 23:19:54 INFO Epoch 033 | Train Loss: 0.3487 | Val Loss: 0.5710 | Dice: 0.4705 | softDice: 0.4318 | clDice: 0.5102 | softclDice: 0.5168 | IoU: 0.3082 | Tversky: 0.4705 | Hausdorff: 274.3638 | HD95: 33.8978 | LR: 0.000125
2025-08-16 23:21:36 INFO Epoch 034 | Train Loss: 0.3509 | Val Loss: 0.5709 | Dice: 0.4725 | softDice: 0.4326 | clDice: 0.5136 | softclDice: 0.5131 | IoU: 0.3098 | Tversky: 0.4725 | Hausdorff: 274.0184 | HD95: 33.5514 | LR: 0.000063
2025-08-16 23:23:07 INFO Epoch 035 | Train Loss: 0.3472 | Val Loss: 0.5713 | Dice: 0.4656 | softDice: 0.4274 | clDice: 0.5033 | softclDice: 0.5206 | IoU: 0.3039 | Tversky: 0.4656 | Hausdorff: 282.7700 | HD95: 34.3350 | LR: 0.000063
2025-08-16 23:24:43 INFO Epoch 036 | Train Loss: 0.3468 | Val Loss: 0.5713 | Dice: 0.4683 | softDice: 0.4298 | clDice: 0.5077 | softclDice: 0.5164 | IoU: 0.3062 | Tversky: 0.4683 | Hausdorff: 281.5904 | HD95: 34.0933 | LR: 0.000063
2025-08-16 23:26:15 INFO Epoch 037 | Train Loss: 0.3449 | Val Loss: 0.5716 | Dice: 0.4692 | softDice: 0.4306 | clDice: 0.5102 | softclDice: 0.5162 | IoU: 0.3070 | Tversky: 0.4692 | Hausdorff: 288.1591 | HD95: 33.5774 | LR: 0.000063
2025-08-16 23:27:44 INFO Epoch 038 | Train Loss: 0.3471 | Val Loss: 0.5720 | Dice: 0.4690 | softDice: 0.4310 | clDice: 0.5085 | softclDice: 0.5155 | IoU: 0.3068 | Tversky: 0.4690 | Hausdorff: 283.7648 | HD95: 32.6210 | LR: 0.000063
2025-08-16 23:29:17 INFO Epoch 039 | Train Loss: 0.3465 | Val Loss: 0.5717 | Dice: 0.4677 | softDice: 0.4290 | clDice: 0.5066 | softclDice: 0.5173 | IoU: 0.3057 | Tversky: 0.4677 | Hausdorff: 283.4015 | HD95: 32.3544 | LR: 0.000063
2025-08-16 23:30:49 INFO Epoch 040 | Train Loss: 0.3468 | Val Loss: 0.5721 | Dice: 0.4686 | softDice: 0.4312 | clDice: 0.5081 | softclDice: 0.5165 | IoU: 0.3065 | Tversky: 0.4686 | Hausdorff: 282.9865 | HD95: 32.8203 | LR: 0.000031
2025-08-16 23:32:29 INFO Epoch 041 | Train Loss: 0.3442 | Val Loss: 0.5722 | Dice: 0.4664 | softDice: 0.4288 | clDice: 0.5043 | softclDice: 0.5203 | IoU: 0.3047 | Tversky: 0.4664 | Hausdorff: 278.5199 | HD95: 32.5475 | LR: 0.000031
2025-08-16 23:34:09 INFO Epoch 042 | Train Loss: 0.3441 | Val Loss: 0.5725 | Dice: 0.4662 | softDice: 0.4286 | clDice: 0.5041 | softclDice: 0.5204 | IoU: 0.3045 | Tversky: 0.4662 | Hausdorff: 285.1391 | HD95: 33.1273 | LR: 0.000031
2025-08-16 23:35:45 INFO Epoch 043 | Train Loss: 0.3440 | Val Loss: 0.5724 | Dice: 0.4669 | softDice: 0.4288 | clDice: 0.5063 | softclDice: 0.5192 | IoU: 0.3051 | Tversky: 0.4669 | Hausdorff: 283.4308 | HD95: 33.2033 | LR: 0.000031
2025-08-16 23:37:23 INFO Epoch 044 | Train Loss: 0.3418 | Val Loss: 0.5725 | Dice: 0.4655 | softDice: 0.4287 | clDice: 0.5034 | softclDice: 0.5207 | IoU: 0.3038 | Tversky: 0.4655 | Hausdorff: 282.6239 | HD95: 32.5229 | LR: 0.000031
2025-08-16 23:39:02 INFO Epoch 045 | Train Loss: 0.3433 | Val Loss: 0.5724 | Dice: 0.4680 | softDice: 0.4305 | clDice: 0.5066 | softclDice: 0.5177 | IoU: 0.3061 | Tversky: 0.4680 | Hausdorff: 284.4122 | HD95: 32.7265 | LR: 0.000031
2025-08-16 23:40:37 INFO Epoch 046 | Train Loss: 0.3431 | Val Loss: 0.5727 | Dice: 0.4656 | softDice: 0.4287 | clDice: 0.5039 | softclDice: 0.5196 | IoU: 0.3040 | Tversky: 0.4656 | Hausdorff: 287.4793 | HD95: 34.3788 | LR: 0.000016
2025-08-16 23:42:15 INFO Epoch 047 | Train Loss: 0.3428 | Val Loss: 0.5728 | Dice: 0.4654 | softDice: 0.4288 | clDice: 0.5032 | softclDice: 0.5200 | IoU: 0.3037 | Tversky: 0.4654 | Hausdorff: 284.9488 | HD95: 33.5660 | LR: 0.000016
2025-08-16 23:43:48 INFO Epoch 048 | Train Loss: 0.3406 | Val Loss: 0.5728 | Dice: 0.4659 | softDice: 0.4289 | clDice: 0.5039 | softclDice: 0.5195 | IoU: 0.3042 | Tversky: 0.4659 | Hausdorff: 285.9360 | HD95: 33.3890 | LR: 0.000016
2025-08-16 23:45:29 INFO Epoch 049 | Train Loss: 0.3382 | Val Loss: 0.5732 | Dice: 0.4662 | softDice: 0.4297 | clDice: 0.5050 | softclDice: 0.5184 | IoU: 0.3045 | Tversky: 0.4662 | Hausdorff: 286.0959 | HD95: 32.7279 | LR: 0.000016
2025-08-16 23:47:00 INFO Epoch 050 | Train Loss: 0.3420 | Val Loss: 0.5730 | Dice: 0.4659 | softDice: 0.4291 | clDice: 0.5046 | softclDice: 0.5186 | IoU: 0.3042 | Tversky: 0.4659 | Hausdorff: 284.8623 | HD95: 33.1701 | LR: 0.000016
2025-08-16 23:47:00 INFO Training completed.
2025-08-16 23:47:23 INFO Fold 2 results: Dice: 0.4789 | softDice: 0.4243 | clDice: 0.5250 | softclDice: 0.5173 | IoU: 0.3153 | Tversky: 0.4789 | Hausdorff: 291.3108 | HD95: 35.6888
2025-08-16 23:47:23 INFO ===== Fold 3 / 5 =====
2025-08-16 23:47:23 INFO Loading model unet with settings {'name': 'unet', 'encoder_name': 'mobilenet_v2', 'encoder_weights': 'imagenet', 'classes': 1, 'activation': None, 'dropout': 0.2}
2025-08-16 23:49:07 INFO Epoch 001 | Train Loss: 0.5133 | Val Loss: 0.5874 | Dice: 0.4253 | softDice: 0.3344 | clDice: 0.4751 | softclDice: 0.6510 | IoU: 0.2705 | Tversky: 0.4253 | Hausdorff: 321.4615 | HD95: 62.5955 | LR: 0.001000
2025-08-16 23:50:37 INFO Epoch 002 | Train Loss: 0.4088 | Val Loss: 0.5693 | Dice: 0.4096 | softDice: 0.3567 | clDice: 0.4442 | softclDice: 0.6032 | IoU: 0.2590 | Tversky: 0.4096 | Hausdorff: 241.2832 | HD95: 67.6648 | LR: 0.001000
2025-08-16 23:52:20 INFO Epoch 003 | Train Loss: 0.3941 | Val Loss: 0.5678 | Dice: 0.4571 | softDice: 0.4036 | clDice: 0.5028 | softclDice: 0.5410 | IoU: 0.2975 | Tversky: 0.4571 | Hausdorff: 242.4902 | HD95: 54.5741 | LR: 0.001000
2025-08-16 23:53:56 INFO Epoch 004 | Train Loss: 0.3845 | Val Loss: 0.5697 | Dice: 0.4667 | softDice: 0.4136 | clDice: 0.5168 | softclDice: 0.5240 | IoU: 0.3054 | Tversky: 0.4667 | Hausdorff: 245.3940 | HD95: 51.8417 | LR: 0.001000
2025-08-16 23:55:30 INFO Epoch 005 | Train Loss: 0.3838 | Val Loss: 0.5694 | Dice: 0.4565 | softDice: 0.4077 | clDice: 0.5045 | softclDice: 0.5353 | IoU: 0.2970 | Tversky: 0.4565 | Hausdorff: 230.6304 | HD95: 57.0272 | LR: 0.001000
2025-08-16 23:57:10 INFO Epoch 006 | Train Loss: 0.3818 | Val Loss: 0.5684 | Dice: 0.4503 | softDice: 0.4011 | clDice: 0.4899 | softclDice: 0.5442 | IoU: 0.2919 | Tversky: 0.4503 | Hausdorff: 222.4364 | HD95: 52.4283 | LR: 0.001000
2025-08-16 23:58:45 INFO Epoch 007 | Train Loss: 0.3786 | Val Loss: 0.5679 | Dice: 0.4680 | softDice: 0.4138 | clDice: 0.5205 | softclDice: 0.5169 | IoU: 0.3066 | Tversky: 0.4680 | Hausdorff: 243.5864 | HD95: 45.1976 | LR: 0.001000
2025-08-17 00:00:21 INFO Epoch 008 | Train Loss: 0.3773 | Val Loss: 0.5671 | Dice: 0.4614 | softDice: 0.4131 | clDice: 0.5081 | softclDice: 0.5197 | IoU: 0.3009 | Tversky: 0.4614 | Hausdorff: 219.8918 | HD95: 51.9555 | LR: 0.001000
2025-08-17 00:02:00 INFO Epoch 009 | Train Loss: 0.3764 | Val Loss: 0.5685 | Dice: 0.4806 | softDice: 0.4276 | clDice: 0.5372 | softclDice: 0.4980 | IoU: 0.3173 | Tversky: 0.4806 | Hausdorff: 277.4140 | HD95: 40.8324 | LR: 0.001000
2025-08-17 00:03:36 INFO Epoch 010 | Train Loss: 0.3724 | Val Loss: 0.5696 | Dice: 0.4762 | softDice: 0.4330 | clDice: 0.5257 | softclDice: 0.5054 | IoU: 0.3136 | Tversky: 0.4762 | Hausdorff: 252.8453 | HD95: 45.2315 | LR: 0.001000
2025-08-17 00:05:16 INFO Epoch 011 | Train Loss: 0.3734 | Val Loss: 0.5667 | Dice: 0.4762 | softDice: 0.4247 | clDice: 0.5248 | softclDice: 0.5110 | IoU: 0.3136 | Tversky: 0.4762 | Hausdorff: 237.6843 | HD95: 47.3372 | LR: 0.001000
2025-08-17 00:06:52 INFO Epoch 012 | Train Loss: 0.3731 | Val Loss: 0.5662 | Dice: 0.4590 | softDice: 0.4090 | clDice: 0.5005 | softclDice: 0.5311 | IoU: 0.2992 | Tversky: 0.4590 | Hausdorff: 260.5932 | HD95: 50.9035 | LR: 0.001000
2025-08-17 00:08:32 INFO Epoch 013 | Train Loss: 0.3722 | Val Loss: 0.5681 | Dice: 0.4717 | softDice: 0.4225 | clDice: 0.5207 | softclDice: 0.5080 | IoU: 0.3097 | Tversky: 0.4717 | Hausdorff: 238.7747 | HD95: 40.3629 | LR: 0.001000
2025-08-17 00:10:05 INFO Epoch 014 | Train Loss: 0.3736 | Val Loss: 0.5668 | Dice: 0.4789 | softDice: 0.4296 | clDice: 0.5266 | softclDice: 0.5061 | IoU: 0.3158 | Tversky: 0.4789 | Hausdorff: 271.3827 | HD95: 39.5540 | LR: 0.001000
2025-08-17 00:11:46 INFO Epoch 015 | Train Loss: 0.3703 | Val Loss: 0.5693 | Dice: 0.4642 | softDice: 0.4214 | clDice: 0.5141 | softclDice: 0.5150 | IoU: 0.3038 | Tversky: 0.4642 | Hausdorff: 240.8628 | HD95: 56.0031 | LR: 0.001000
2025-08-17 00:13:21 INFO Epoch 016 | Train Loss: 0.3698 | Val Loss: 0.5673 | Dice: 0.4646 | softDice: 0.4203 | clDice: 0.5077 | softclDice: 0.5247 | IoU: 0.3038 | Tversky: 0.4646 | Hausdorff: 290.3345 | HD95: 57.6638 | LR: 0.001000
2025-08-17 00:14:50 INFO Epoch 017 | Train Loss: 0.3665 | Val Loss: 0.5691 | Dice: 0.4775 | softDice: 0.4282 | clDice: 0.5276 | softclDice: 0.5038 | IoU: 0.3146 | Tversky: 0.4775 | Hausdorff: 288.0353 | HD95: 40.6297 | LR: 0.001000
2025-08-17 00:16:35 INFO Epoch 018 | Train Loss: 0.3681 | Val Loss: 0.5674 | Dice: 0.4877 | softDice: 0.4367 | clDice: 0.5429 | softclDice: 0.4894 | IoU: 0.3234 | Tversky: 0.4877 | Hausdorff: 266.6983 | HD95: 37.9680 | LR: 0.000500
2025-08-17 00:18:05 INFO Epoch 019 | Train Loss: 0.3636 | Val Loss: 0.5664 | Dice: 0.4848 | softDice: 0.4348 | clDice: 0.5383 | softclDice: 0.4938 | IoU: 0.3210 | Tversky: 0.4848 | Hausdorff: 236.2376 | HD95: 40.4730 | LR: 0.000500
2025-08-17 00:19:49 INFO Epoch 020 | Train Loss: 0.3640 | Val Loss: 0.5673 | Dice: 0.4760 | softDice: 0.4314 | clDice: 0.5257 | softclDice: 0.5054 | IoU: 0.3135 | Tversky: 0.4760 | Hausdorff: 276.5173 | HD95: 45.8597 | LR: 0.000500
2025-08-17 00:21:22 INFO Epoch 021 | Train Loss: 0.3600 | Val Loss: 0.5662 | Dice: 0.4736 | softDice: 0.4276 | clDice: 0.5226 | softclDice: 0.5077 | IoU: 0.3115 | Tversky: 0.4736 | Hausdorff: 267.6288 | HD95: 51.2992 | LR: 0.000500
2025-08-17 00:22:58 INFO Epoch 022 | Train Loss: 0.3608 | Val Loss: 0.5692 | Dice: 0.4834 | softDice: 0.4348 | clDice: 0.5323 | softclDice: 0.4993 | IoU: 0.3196 | Tversky: 0.4834 | Hausdorff: 241.1120 | HD95: 34.4663 | LR: 0.000500
2025-08-17 00:24:44 INFO Epoch 023 | Train Loss: 0.3635 | Val Loss: 0.5660 | Dice: 0.4688 | softDice: 0.4263 | clDice: 0.5171 | softclDice: 0.5122 | IoU: 0.3075 | Tversky: 0.4688 | Hausdorff: 257.9750 | HD95: 53.4251 | LR: 0.000500
2025-08-17 00:26:11 INFO Epoch 024 | Train Loss: 0.3617 | Val Loss: 0.5683 | Dice: 0.4738 | softDice: 0.4296 | clDice: 0.5232 | softclDice: 0.5053 | IoU: 0.3117 | Tversky: 0.4738 | Hausdorff: 233.5768 | HD95: 47.0951 | LR: 0.000500
2025-08-17 00:27:53 INFO Epoch 025 | Train Loss: 0.3574 | Val Loss: 0.5700 | Dice: 0.4741 | softDice: 0.4303 | clDice: 0.5274 | softclDice: 0.5028 | IoU: 0.3120 | Tversky: 0.4741 | Hausdorff: 268.9951 | HD95: 49.9413 | LR: 0.000500
2025-08-17 00:29:32 INFO Epoch 026 | Train Loss: 0.3572 | Val Loss: 0.5684 | Dice: 0.4769 | softDice: 0.4312 | clDice: 0.5288 | softclDice: 0.4994 | IoU: 0.3144 | Tversky: 0.4769 | Hausdorff: 262.9528 | HD95: 44.6080 | LR: 0.000500
2025-08-17 00:31:13 INFO Epoch 027 | Train Loss: 0.3559 | Val Loss: 0.5695 | Dice: 0.4771 | softDice: 0.4312 | clDice: 0.5261 | softclDice: 0.5026 | IoU: 0.3143 | Tversky: 0.4771 | Hausdorff: 250.5915 | HD95: 41.0838 | LR: 0.000500
2025-08-17 00:32:41 INFO Epoch 028 | Train Loss: 0.3588 | Val Loss: 0.5673 | Dice: 0.4789 | softDice: 0.4338 | clDice: 0.5274 | softclDice: 0.5020 | IoU: 0.3159 | Tversky: 0.4789 | Hausdorff: 302.1447 | HD95: 39.9502 | LR: 0.000500
2025-08-17 00:34:13 INFO Epoch 029 | Train Loss: 0.3564 | Val Loss: 0.5675 | Dice: 0.4661 | softDice: 0.4243 | clDice: 0.5111 | softclDice: 0.5176 | IoU: 0.3051 | Tversky: 0.4661 | Hausdorff: 278.2700 | HD95: 49.8957 | LR: 0.000250
2025-08-17 00:35:45 INFO Epoch 030 | Train Loss: 0.3546 | Val Loss: 0.5694 | Dice: 0.4723 | softDice: 0.4322 | clDice: 0.5167 | softclDice: 0.5096 | IoU: 0.3102 | Tversky: 0.4723 | Hausdorff: 289.9832 | HD95: 42.8976 | LR: 0.000250
2025-08-17 00:37:16 INFO Epoch 031 | Train Loss: 0.3529 | Val Loss: 0.5718 | Dice: 0.4718 | softDice: 0.4322 | clDice: 0.5165 | softclDice: 0.5087 | IoU: 0.3099 | Tversky: 0.4718 | Hausdorff: 256.2851 | HD95: 39.0632 | LR: 0.000250
2025-08-17 00:38:49 INFO Epoch 032 | Train Loss: 0.3522 | Val Loss: 0.5696 | Dice: 0.4778 | softDice: 0.4347 | clDice: 0.5260 | softclDice: 0.4999 | IoU: 0.3151 | Tversky: 0.4778 | Hausdorff: 242.4275 | HD95: 39.8158 | LR: 0.000250
2025-08-17 00:40:27 INFO Epoch 033 | Train Loss: 0.3495 | Val Loss: 0.5693 | Dice: 0.4828 | softDice: 0.4410 | clDice: 0.5347 | softclDice: 0.4911 | IoU: 0.3193 | Tversky: 0.4828 | Hausdorff: 252.3454 | HD95: 39.6721 | LR: 0.000250
2025-08-17 00:42:00 INFO Epoch 034 | Train Loss: 0.3506 | Val Loss: 0.5693 | Dice: 0.4721 | softDice: 0.4313 | clDice: 0.5194 | softclDice: 0.5067 | IoU: 0.3101 | Tversky: 0.4721 | Hausdorff: 245.9700 | HD95: 44.4522 | LR: 0.000250
2025-08-17 00:43:37 INFO Epoch 035 | Train Loss: 0.3513 | Val Loss: 0.5695 | Dice: 0.4725 | softDice: 0.4320 | clDice: 0.5153 | softclDice: 0.5099 | IoU: 0.3104 | Tversky: 0.4725 | Hausdorff: 258.6328 | HD95: 40.4117 | LR: 0.000125
2025-08-17 00:45:10 INFO Epoch 036 | Train Loss: 0.3460 | Val Loss: 0.5698 | Dice: 0.4724 | softDice: 0.4313 | clDice: 0.5167 | softclDice: 0.5088 | IoU: 0.3104 | Tversky: 0.4724 | Hausdorff: 251.5388 | HD95: 41.0611 | LR: 0.000125
2025-08-17 00:46:45 INFO Epoch 037 | Train Loss: 0.3452 | Val Loss: 0.5699 | Dice: 0.4755 | softDice: 0.4356 | clDice: 0.5203 | softclDice: 0.5051 | IoU: 0.3129 | Tversky: 0.4755 | Hausdorff: 244.3567 | HD95: 40.8391 | LR: 0.000125
2025-08-17 00:48:25 INFO Epoch 038 | Train Loss: 0.3468 | Val Loss: 0.5699 | Dice: 0.4781 | softDice: 0.4357 | clDice: 0.5259 | softclDice: 0.5012 | IoU: 0.3152 | Tversky: 0.4781 | Hausdorff: 270.5508 | HD95: 40.9856 | LR: 0.000125
2025-08-17 00:50:03 INFO Epoch 039 | Train Loss: 0.3426 | Val Loss: 0.5713 | Dice: 0.4707 | softDice: 0.4314 | clDice: 0.5139 | softclDice: 0.5112 | IoU: 0.3089 | Tversky: 0.4707 | Hausdorff: 256.4006 | HD95: 39.6631 | LR: 0.000125
2025-08-17 00:51:38 INFO Epoch 040 | Train Loss: 0.3408 | Val Loss: 0.5728 | Dice: 0.4685 | softDice: 0.4324 | clDice: 0.5138 | softclDice: 0.5104 | IoU: 0.3069 | Tversky: 0.4685 | Hausdorff: 250.0833 | HD95: 41.4657 | LR: 0.000125
2025-08-17 00:53:15 INFO Epoch 041 | Train Loss: 0.3416 | Val Loss: 0.5727 | Dice: 0.4674 | softDice: 0.4317 | clDice: 0.5099 | softclDice: 0.5131 | IoU: 0.3061 | Tversky: 0.4674 | Hausdorff: 253.3622 | HD95: 41.3475 | LR: 0.000063
2025-08-17 00:54:49 INFO Epoch 042 | Train Loss: 0.3412 | Val Loss: 0.5708 | Dice: 0.4688 | softDice: 0.4291 | clDice: 0.5117 | softclDice: 0.5123 | IoU: 0.3072 | Tversky: 0.4688 | Hausdorff: 254.6624 | HD95: 39.4732 | LR: 0.000063
2025-08-17 00:56:32 INFO Epoch 043 | Train Loss: 0.3384 | Val Loss: 0.5708 | Dice: 0.4682 | softDice: 0.4303 | clDice: 0.5120 | softclDice: 0.5114 | IoU: 0.3068 | Tversky: 0.4682 | Hausdorff: 240.8914 | HD95: 41.8753 | LR: 0.000063
2025-08-17 00:58:03 INFO Epoch 044 | Train Loss: 0.3378 | Val Loss: 0.5734 | Dice: 0.4647 | softDice: 0.4273 | clDice: 0.5062 | softclDice: 0.5173 | IoU: 0.3038 | Tversky: 0.4647 | Hausdorff: 251.5073 | HD95: 37.8467 | LR: 0.000063
2025-08-17 00:59:40 INFO Epoch 045 | Train Loss: 0.3372 | Val Loss: 0.5723 | Dice: 0.4696 | softDice: 0.4314 | clDice: 0.5127 | softclDice: 0.5116 | IoU: 0.3080 | Tversky: 0.4696 | Hausdorff: 253.8462 | HD95: 37.7503 | LR: 0.000063
2025-08-17 01:01:14 INFO Epoch 046 | Train Loss: 0.3375 | Val Loss: 0.5721 | Dice: 0.4684 | softDice: 0.4307 | clDice: 0.5122 | softclDice: 0.5126 | IoU: 0.3069 | Tversky: 0.4684 | Hausdorff: 256.6382 | HD95: 40.8367 | LR: 0.000063
2025-08-17 01:02:55 INFO Epoch 047 | Train Loss: 0.3375 | Val Loss: 0.5725 | Dice: 0.4677 | softDice: 0.4294 | clDice: 0.5130 | softclDice: 0.5125 | IoU: 0.3063 | Tversky: 0.4677 | Hausdorff: 255.8636 | HD95: 39.6951 | LR: 0.000031
2025-08-17 01:04:22 INFO Epoch 048 | Train Loss: 0.3377 | Val Loss: 0.5727 | Dice: 0.4701 | softDice: 0.4323 | clDice: 0.5156 | softclDice: 0.5089 | IoU: 0.3084 | Tversky: 0.4701 | Hausdorff: 244.1071 | HD95: 38.5631 | LR: 0.000031
2025-08-17 01:05:53 INFO Epoch 049 | Train Loss: 0.3335 | Val Loss: 0.5723 | Dice: 0.4687 | softDice: 0.4307 | clDice: 0.5134 | softclDice: 0.5125 | IoU: 0.3071 | Tversky: 0.4687 | Hausdorff: 246.2105 | HD95: 39.9525 | LR: 0.000031
2025-08-17 01:07:30 INFO Epoch 050 | Train Loss: 0.3340 | Val Loss: 0.5730 | Dice: 0.4657 | softDice: 0.4292 | clDice: 0.5081 | softclDice: 0.5147 | IoU: 0.3046 | Tversky: 0.4657 | Hausdorff: 247.4200 | HD95: 41.1540 | LR: 0.000031
2025-08-17 01:07:30 INFO Training completed.
2025-08-17 01:07:52 INFO Fold 3 results: Dice: 0.4688 | softDice: 0.4263 | clDice: 0.5171 | softclDice: 0.5122 | IoU: 0.3075 | Tversky: 0.4688 | Hausdorff: 257.9750 | HD95: 53.4251
2025-08-17 01:07:52 INFO ===== Fold 4 / 5 =====
2025-08-17 01:07:52 INFO Loading model unet with settings {'name': 'unet', 'encoder_name': 'mobilenet_v2', 'encoder_weights': 'imagenet', 'classes': 1, 'activation': None, 'dropout': 0.2}
2025-08-17 01:09:36 INFO Epoch 001 | Train Loss: 0.6221 | Val Loss: 0.6082 | Dice: 0.4039 | softDice: 0.2288 | clDice: 0.4419 | softclDice: 0.7796 | IoU: 0.2533 | Tversky: 0.4039 | Hausdorff: 414.4559 | HD95: 65.7854 | LR: 0.001000
2025-08-17 01:11:21 INFO Epoch 002 | Train Loss: 0.4460 | Val Loss: 0.5777 | Dice: 0.4332 | softDice: 0.3382 | clDice: 0.4761 | softclDice: 0.6188 | IoU: 0.2766 | Tversky: 0.4332 | Hausdorff: 279.3105 | HD95: 58.9779 | LR: 0.001000
2025-08-17 01:12:50 INFO Epoch 003 | Train Loss: 0.4061 | Val Loss: 0.5714 | Dice: 0.4501 | softDice: 0.3774 | clDice: 0.4952 | softclDice: 0.5627 | IoU: 0.2906 | Tversky: 0.4501 | Hausdorff: 238.7591 | HD95: 50.2413 | LR: 0.001000
2025-08-17 01:14:23 INFO Epoch 004 | Train Loss: 0.3945 | Val Loss: 0.5730 | Dice: 0.4606 | softDice: 0.3974 | clDice: 0.5117 | softclDice: 0.5361 | IoU: 0.2994 | Tversky: 0.4606 | Hausdorff: 221.5441 | HD95: 49.6126 | LR: 0.001000
2025-08-17 01:15:53 INFO Epoch 005 | Train Loss: 0.3877 | Val Loss: 0.5749 | Dice: 0.4340 | softDice: 0.3768 | clDice: 0.4670 | softclDice: 0.5774 | IoU: 0.2774 | Tversky: 0.4340 | Hausdorff: 224.6360 | HD95: 55.0968 | LR: 0.001000
2025-08-17 01:17:31 INFO Epoch 006 | Train Loss: 0.3836 | Val Loss: 0.5712 | Dice: 0.4659 | softDice: 0.4115 | clDice: 0.5114 | softclDice: 0.5289 | IoU: 0.3039 | Tversky: 0.4659 | Hausdorff: 218.5614 | HD95: 45.5851 | LR: 0.001000
2025-08-17 01:19:03 INFO Epoch 007 | Train Loss: 0.3811 | Val Loss: 0.5706 | Dice: 0.4526 | softDice: 0.4045 | clDice: 0.4944 | softclDice: 0.5376 | IoU: 0.2928 | Tversky: 0.4526 | Hausdorff: 270.2719 | HD95: 73.3708 | LR: 0.001000
2025-08-17 01:20:39 INFO Epoch 008 | Train Loss: 0.3800 | Val Loss: 0.5715 | Dice: 0.4478 | softDice: 0.3950 | clDice: 0.4871 | softclDice: 0.5499 | IoU: 0.2887 | Tversky: 0.4478 | Hausdorff: 234.6846 | HD95: 50.4702 | LR: 0.001000
2025-08-17 01:22:25 INFO Epoch 009 | Train Loss: 0.3775 | Val Loss: 0.5700 | Dice: 0.4649 | softDice: 0.4087 | clDice: 0.5088 | softclDice: 0.5290 | IoU: 0.3030 | Tversky: 0.4649 | Hausdorff: 221.3693 | HD95: 39.6868 | LR: 0.001000
2025-08-17 01:24:05 INFO Epoch 010 | Train Loss: 0.3789 | Val Loss: 0.5680 | Dice: 0.4615 | softDice: 0.4062 | clDice: 0.5030 | softclDice: 0.5355 | IoU: 0.3001 | Tversky: 0.4615 | Hausdorff: 212.7022 | HD95: 52.2141 | LR: 0.001000
2025-08-17 01:25:47 INFO Epoch 011 | Train Loss: 0.3747 | Val Loss: 0.5677 | Dice: 0.4554 | softDice: 0.4076 | clDice: 0.4944 | softclDice: 0.5349 | IoU: 0.2950 | Tversky: 0.4554 | Hausdorff: 282.1964 | HD95: 79.5795 | LR: 0.001000
2025-08-17 01:27:21 INFO Epoch 012 | Train Loss: 0.3737 | Val Loss: 0.5685 | Dice: 0.4590 | softDice: 0.4119 | clDice: 0.5004 | softclDice: 0.5311 | IoU: 0.2981 | Tversky: 0.4590 | Hausdorff: 260.9294 | HD95: 58.8218 | LR: 0.001000
2025-08-17 01:29:04 INFO Epoch 013 | Train Loss: 0.3711 | Val Loss: 0.5693 | Dice: 0.4706 | softDice: 0.4226 | clDice: 0.5177 | softclDice: 0.5167 | IoU: 0.3080 | Tversky: 0.4706 | Hausdorff: 234.9153 | HD95: 51.7468 | LR: 0.001000
2025-08-17 01:30:40 INFO Epoch 014 | Train Loss: 0.3704 | Val Loss: 0.5712 | Dice: 0.4446 | softDice: 0.4023 | clDice: 0.4821 | softclDice: 0.5462 | IoU: 0.2861 | Tversky: 0.4446 | Hausdorff: 246.1660 | HD95: 57.7181 | LR: 0.001000
2025-08-17 01:32:22 INFO Epoch 015 | Train Loss: 0.3720 | Val Loss: 0.5683 | Dice: 0.4626 | softDice: 0.4112 | clDice: 0.5032 | softclDice: 0.5332 | IoU: 0.3012 | Tversky: 0.4626 | Hausdorff: 245.8998 | HD95: 51.6907 | LR: 0.001000
2025-08-17 01:34:05 INFO Epoch 016 | Train Loss: 0.3712 | Val Loss: 0.5704 | Dice: 0.4739 | softDice: 0.4215 | clDice: 0.5213 | softclDice: 0.5161 | IoU: 0.3107 | Tversky: 0.4739 | Hausdorff: 237.8177 | HD95: 41.9983 | LR: 0.001000
2025-08-17 01:35:43 INFO Epoch 017 | Train Loss: 0.3674 | Val Loss: 0.5695 | Dice: 0.4562 | softDice: 0.4076 | clDice: 0.4935 | softclDice: 0.5365 | IoU: 0.2957 | Tversky: 0.4562 | Hausdorff: 258.5407 | HD95: 57.5907 | LR: 0.000500
2025-08-17 01:37:22 INFO Epoch 018 | Train Loss: 0.3657 | Val Loss: 0.5738 | Dice: 0.4617 | softDice: 0.4173 | clDice: 0.5036 | softclDice: 0.5256 | IoU: 0.3004 | Tversky: 0.4617 | Hausdorff: 211.1492 | HD95: 37.0472 | LR: 0.000500
2025-08-17 01:38:56 INFO Epoch 019 | Train Loss: 0.3653 | Val Loss: 0.5691 | Dice: 0.4749 | softDice: 0.4269 | clDice: 0.5193 | softclDice: 0.5104 | IoU: 0.3116 | Tversky: 0.4749 | Hausdorff: 218.6569 | HD95: 34.0248 | LR: 0.000500
2025-08-17 01:40:40 INFO Epoch 020 | Train Loss: 0.3644 | Val Loss: 0.5710 | Dice: 0.4666 | softDice: 0.4208 | clDice: 0.5052 | softclDice: 0.5247 | IoU: 0.3045 | Tversky: 0.4666 | Hausdorff: 218.2027 | HD95: 31.8502 | LR: 0.000500
2025-08-17 01:42:08 INFO Epoch 021 | Train Loss: 0.3642 | Val Loss: 0.5719 | Dice: 0.4610 | softDice: 0.4166 | clDice: 0.4996 | softclDice: 0.5322 | IoU: 0.2998 | Tversky: 0.4610 | Hausdorff: 219.9004 | HD95: 34.5329 | LR: 0.000500
2025-08-17 01:43:40 INFO Epoch 022 | Train Loss: 0.3646 | Val Loss: 0.5732 | Dice: 0.4766 | softDice: 0.4299 | clDice: 0.5219 | softclDice: 0.5066 | IoU: 0.3131 | Tversky: 0.4766 | Hausdorff: 227.9250 | HD95: 31.6105 | LR: 0.000500
2025-08-17 01:45:15 INFO Epoch 023 | Train Loss: 0.3631 | Val Loss: 0.5718 | Dice: 0.4721 | softDice: 0.4225 | clDice: 0.5196 | softclDice: 0.5140 | IoU: 0.3092 | Tversky: 0.4721 | Hausdorff: 193.9552 | HD95: 31.0380 | LR: 0.000250
2025-08-17 01:46:51 INFO Epoch 024 | Train Loss: 0.3603 | Val Loss: 0.5696 | Dice: 0.4795 | softDice: 0.4330 | clDice: 0.5255 | softclDice: 0.5043 | IoU: 0.3156 | Tversky: 0.4795 | Hausdorff: 219.1266 | HD95: 36.9103 | LR: 0.000250
2025-08-17 01:48:19 INFO Epoch 025 | Train Loss: 0.3593 | Val Loss: 0.5684 | Dice: 0.4803 | softDice: 0.4319 | clDice: 0.5276 | softclDice: 0.5037 | IoU: 0.3163 | Tversky: 0.4803 | Hausdorff: 201.7702 | HD95: 35.1205 | LR: 0.000250
2025-08-17 01:49:57 INFO Epoch 026 | Train Loss: 0.3591 | Val Loss: 0.5705 | Dice: 0.4784 | softDice: 0.4303 | clDice: 0.5250 | softclDice: 0.5066 | IoU: 0.3147 | Tversky: 0.4784 | Hausdorff: 189.7911 | HD95: 31.7781 | LR: 0.000250
2025-08-17 01:51:33 INFO Epoch 027 | Train Loss: 0.3575 | Val Loss: 0.5688 | Dice: 0.4768 | softDice: 0.4299 | clDice: 0.5240 | softclDice: 0.5053 | IoU: 0.3133 | Tversky: 0.4768 | Hausdorff: 206.6434 | HD95: 41.2137 | LR: 0.000250
2025-08-17 01:53:09 INFO Epoch 028 | Train Loss: 0.3568 | Val Loss: 0.5710 | Dice: 0.4722 | softDice: 0.4280 | clDice: 0.5175 | softclDice: 0.5133 | IoU: 0.3093 | Tversky: 0.4722 | Hausdorff: 219.0680 | HD95: 39.8517 | LR: 0.000250
2025-08-17 01:54:49 INFO Epoch 029 | Train Loss: 0.3562 | Val Loss: 0.5714 | Dice: 0.4687 | softDice: 0.4254 | clDice: 0.5125 | softclDice: 0.5151 | IoU: 0.3063 | Tversky: 0.4687 | Hausdorff: 209.6943 | HD95: 40.4114 | LR: 0.000125
2025-08-17 01:56:26 INFO Epoch 030 | Train Loss: 0.3555 | Val Loss: 0.5691 | Dice: 0.4827 | softDice: 0.4342 | clDice: 0.5302 | softclDice: 0.5022 | IoU: 0.3184 | Tversky: 0.4827 | Hausdorff: 201.4489 | HD95: 32.3863 | LR: 0.000125
2025-08-17 01:58:05 INFO Epoch 031 | Train Loss: 0.3526 | Val Loss: 0.5706 | Dice: 0.4773 | softDice: 0.4320 | clDice: 0.5214 | softclDice: 0.5092 | IoU: 0.3137 | Tversky: 0.4773 | Hausdorff: 216.4156 | HD95: 35.1219 | LR: 0.000125
2025-08-17 01:59:36 INFO Epoch 032 | Train Loss: 0.3540 | Val Loss: 0.5709 | Dice: 0.4803 | softDice: 0.4349 | clDice: 0.5271 | softclDice: 0.5022 | IoU: 0.3163 | Tversky: 0.4803 | Hausdorff: 205.0794 | HD95: 34.0073 | LR: 0.000125
2025-08-17 02:01:17 INFO Epoch 033 | Train Loss: 0.3545 | Val Loss: 0.5701 | Dice: 0.4776 | softDice: 0.4335 | clDice: 0.5208 | softclDice: 0.5076 | IoU: 0.3140 | Tversky: 0.4776 | Hausdorff: 201.0602 | HD95: 34.0077 | LR: 0.000125
2025-08-17 02:02:52 INFO Epoch 034 | Train Loss: 0.3539 | Val Loss: 0.5705 | Dice: 0.4782 | softDice: 0.4331 | clDice: 0.5216 | softclDice: 0.5071 | IoU: 0.3146 | Tversky: 0.4782 | Hausdorff: 199.5995 | HD95: 34.3129 | LR: 0.000125
2025-08-17 02:04:32 INFO Epoch 035 | Train Loss: 0.3544 | Val Loss: 0.5704 | Dice: 0.4710 | softDice: 0.4252 | clDice: 0.5123 | softclDice: 0.5169 | IoU: 0.3083 | Tversky: 0.4710 | Hausdorff: 249.4829 | HD95: 33.6510 | LR: 0.000063
2025-08-17 02:06:03 INFO Epoch 036 | Train Loss: 0.3523 | Val Loss: 0.5707 | Dice: 0.4733 | softDice: 0.4287 | clDice: 0.5159 | softclDice: 0.5134 | IoU: 0.3102 | Tversky: 0.4733 | Hausdorff: 197.9875 | HD95: 34.0387 | LR: 0.000063
2025-08-17 02:07:30 INFO Epoch 037 | Train Loss: 0.3527 | Val Loss: 0.5715 | Dice: 0.4791 | softDice: 0.4340 | clDice: 0.5227 | softclDice: 0.5058 | IoU: 0.3153 | Tversky: 0.4791 | Hausdorff: 191.5568 | HD95: 31.4674 | LR: 0.000063
2025-08-17 02:09:17 INFO Epoch 038 | Train Loss: 0.3506 | Val Loss: 0.5718 | Dice: 0.4773 | softDice: 0.4332 | clDice: 0.5228 | softclDice: 0.5064 | IoU: 0.3137 | Tversky: 0.4773 | Hausdorff: 203.7815 | HD95: 32.2806 | LR: 0.000063
2025-08-17 02:10:49 INFO Epoch 039 | Train Loss: 0.3497 | Val Loss: 0.5710 | Dice: 0.4759 | softDice: 0.4328 | clDice: 0.5189 | softclDice: 0.5091 | IoU: 0.3126 | Tversky: 0.4759 | Hausdorff: 214.1932 | HD95: 33.6066 | LR: 0.000063
2025-08-17 02:12:23 INFO Epoch 040 | Train Loss: 0.3484 | Val Loss: 0.5719 | Dice: 0.4784 | softDice: 0.4345 | clDice: 0.5241 | softclDice: 0.5045 | IoU: 0.3147 | Tversky: 0.4784 | Hausdorff: 192.0671 | HD95: 31.5289 | LR: 0.000063
2025-08-17 02:13:56 INFO Epoch 041 | Train Loss: 0.3493 | Val Loss: 0.5716 | Dice: 0.4774 | softDice: 0.4341 | clDice: 0.5219 | softclDice: 0.5059 | IoU: 0.3138 | Tversky: 0.4774 | Hausdorff: 200.7466 | HD95: 32.5470 | LR: 0.000031
2025-08-17 02:15:32 INFO Epoch 042 | Train Loss: 0.3486 | Val Loss: 0.5721 | Dice: 0.4781 | softDice: 0.4336 | clDice: 0.5231 | softclDice: 0.5063 | IoU: 0.3144 | Tversky: 0.4781 | Hausdorff: 198.5622 | HD95: 31.2733 | LR: 0.000031
2025-08-17 02:17:05 INFO Epoch 043 | Train Loss: 0.3481 | Val Loss: 0.5720 | Dice: 0.4777 | softDice: 0.4337 | clDice: 0.5217 | softclDice: 0.5078 | IoU: 0.3141 | Tversky: 0.4777 | Hausdorff: 199.7819 | HD95: 31.2627 | LR: 0.000031
2025-08-17 02:18:39 INFO Epoch 044 | Train Loss: 0.3479 | Val Loss: 0.5721 | Dice: 0.4774 | softDice: 0.4333 | clDice: 0.5229 | softclDice: 0.5063 | IoU: 0.3138 | Tversky: 0.4774 | Hausdorff: 193.2945 | HD95: 31.2668 | LR: 0.000031
2025-08-17 02:20:12 INFO Epoch 045 | Train Loss: 0.3464 | Val Loss: 0.5720 | Dice: 0.4751 | softDice: 0.4322 | clDice: 0.5193 | softclDice: 0.5092 | IoU: 0.3118 | Tversky: 0.4751 | Hausdorff: 192.9149 | HD95: 31.6035 | LR: 0.000031
2025-08-17 02:21:53 INFO Epoch 046 | Train Loss: 0.3471 | Val Loss: 0.5726 | Dice: 0.4782 | softDice: 0.4353 | clDice: 0.5235 | softclDice: 0.5056 | IoU: 0.3144 | Tversky: 0.4782 | Hausdorff: 193.4885 | HD95: 31.1440 | LR: 0.000031
2025-08-17 02:23:28 INFO Epoch 047 | Train Loss: 0.3486 | Val Loss: 0.5721 | Dice: 0.4744 | softDice: 0.4319 | clDice: 0.5181 | softclDice: 0.5101 | IoU: 0.3112 | Tversky: 0.4744 | Hausdorff: 198.3120 | HD95: 32.1726 | LR: 0.000016
2025-08-17 02:25:06 INFO Epoch 048 | Train Loss: 0.3471 | Val Loss: 0.5721 | Dice: 0.4740 | softDice: 0.4308 | clDice: 0.5177 | softclDice: 0.5107 | IoU: 0.3108 | Tversky: 0.4740 | Hausdorff: 198.8650 | HD95: 32.6574 | LR: 0.000016
2025-08-17 02:26:34 INFO Epoch 049 | Train Loss: 0.3464 | Val Loss: 0.5720 | Dice: 0.4766 | softDice: 0.4329 | clDice: 0.5219 | softclDice: 0.5071 | IoU: 0.3131 | Tversky: 0.4766 | Hausdorff: 192.5918 | HD95: 32.1253 | LR: 0.000016
2025-08-17 02:28:01 INFO Epoch 050 | Train Loss: 0.3468 | Val Loss: 0.5724 | Dice: 0.4741 | softDice: 0.4313 | clDice: 0.5182 | softclDice: 0.5108 | IoU: 0.3109 | Tversky: 0.4741 | Hausdorff: 202.8368 | HD95: 32.5028 | LR: 0.000016
2025-08-17 02:28:01 INFO Training completed.
2025-08-17 02:28:23 INFO Fold 4 results: Dice: 0.4554 | softDice: 0.4076 | clDice: 0.4944 | softclDice: 0.5349 | IoU: 0.2950 | Tversky: 0.4554 | Hausdorff: 282.1964 | HD95: 79.5795
2025-08-17 02:28:23 INFO ===== Fold 5 / 5 =====
2025-08-17 02:28:23 INFO Loading model unet with settings {'name': 'unet', 'encoder_name': 'mobilenet_v2', 'encoder_weights': 'imagenet', 'classes': 1, 'activation': None, 'dropout': 0.2}
2025-08-17 02:30:05 INFO Epoch 001 | Train Loss: 0.5042 | Val Loss: 0.5950 | Dice: 0.4016 | softDice: 0.3262 | clDice: 0.4579 | softclDice: 0.6956 | IoU: 0.2514 | Tversky: 0.4016 | Hausdorff: 240.8283 | HD95: 76.3443 | LR: 0.001000
2025-08-17 02:31:31 INFO Epoch 002 | Train Loss: 0.4102 | Val Loss: 0.5700 | Dice: 0.4398 | softDice: 0.3786 | clDice: 0.4949 | softclDice: 0.5808 | IoU: 0.2822 | Tversky: 0.4398 | Hausdorff: 239.8966 | HD95: 63.5473 | LR: 0.001000
2025-08-17 02:33:12 INFO Epoch 003 | Train Loss: 0.3944 | Val Loss: 0.5656 | Dice: 0.4540 | softDice: 0.3977 | clDice: 0.5075 | softclDice: 0.5446 | IoU: 0.2940 | Tversky: 0.4540 | Hausdorff: 228.4081 | HD95: 55.8266 | LR: 0.001000
2025-08-17 02:34:40 INFO Epoch 004 | Train Loss: 0.3869 | Val Loss: 0.5705 | Dice: 0.4511 | softDice: 0.4059 | clDice: 0.5047 | softclDice: 0.5385 | IoU: 0.2915 | Tversky: 0.4511 | Hausdorff: 215.8233 | HD95: 52.6026 | LR: 0.001000
2025-08-17 02:36:08 INFO Epoch 005 | Train Loss: 0.3827 | Val Loss: 0.5668 | Dice: 0.4644 | softDice: 0.4120 | clDice: 0.5198 | softclDice: 0.5232 | IoU: 0.3027 | Tversky: 0.4644 | Hausdorff: 214.4828 | HD95: 47.0631 | LR: 0.001000
2025-08-17 02:37:34 INFO Epoch 006 | Train Loss: 0.3820 | Val Loss: 0.5626 | Dice: 0.4609 | softDice: 0.4115 | clDice: 0.5070 | softclDice: 0.5294 | IoU: 0.2998 | Tversky: 0.4609 | Hausdorff: 224.7821 | HD95: 51.1566 | LR: 0.001000
2025-08-17 02:39:02 INFO Epoch 007 | Train Loss: 0.3818 | Val Loss: 0.5645 | Dice: 0.4786 | softDice: 0.4265 | clDice: 0.5407 | softclDice: 0.5006 | IoU: 0.3148 | Tversky: 0.4786 | Hausdorff: 219.8693 | HD95: 40.7102 | LR: 0.001000
2025-08-17 02:40:29 INFO Epoch 008 | Train Loss: 0.3788 | Val Loss: 0.5619 | Dice: 0.4712 | softDice: 0.4171 | clDice: 0.5184 | softclDice: 0.5222 | IoU: 0.3085 | Tversky: 0.4712 | Hausdorff: 216.5860 | HD95: 41.9016 | LR: 0.001000
2025-08-17 02:42:06 INFO Epoch 009 | Train Loss: 0.3770 | Val Loss: 0.5661 | Dice: 0.4745 | softDice: 0.4231 | clDice: 0.5326 | softclDice: 0.5052 | IoU: 0.3113 | Tversky: 0.4745 | Hausdorff: 217.3879 | HD95: 41.2121 | LR: 0.001000
2025-08-17 02:43:36 INFO Epoch 010 | Train Loss: 0.3749 | Val Loss: 0.5634 | Dice: 0.4714 | softDice: 0.4211 | clDice: 0.5220 | softclDice: 0.5185 | IoU: 0.3086 | Tversky: 0.4714 | Hausdorff: 210.1696 | HD95: 45.7857 | LR: 0.001000
2025-08-17 02:45:02 INFO Epoch 011 | Train Loss: 0.3776 | Val Loss: 0.5638 | Dice: 0.4707 | softDice: 0.4234 | clDice: 0.5259 | softclDice: 0.5105 | IoU: 0.3081 | Tversky: 0.4707 | Hausdorff: 223.3684 | HD95: 47.7489 | LR: 0.001000
2025-08-17 02:46:27 INFO Epoch 012 | Train Loss: 0.3724 | Val Loss: 0.5650 | Dice: 0.4759 | softDice: 0.4273 | clDice: 0.5274 | softclDice: 0.5066 | IoU: 0.3125 | Tversky: 0.4759 | Hausdorff: 213.8876 | HD95: 36.8980 | LR: 0.001000
2025-08-17 02:47:50 INFO Epoch 013 | Train Loss: 0.3751 | Val Loss: 0.5613 | Dice: 0.4642 | softDice: 0.4156 | clDice: 0.5073 | softclDice: 0.5218 | IoU: 0.3027 | Tversky: 0.4642 | Hausdorff: 244.7324 | HD95: 48.3754 | LR: 0.001000
2025-08-17 02:49:21 INFO Epoch 014 | Train Loss: 0.3710 | Val Loss: 0.5631 | Dice: 0.4758 | softDice: 0.4203 | clDice: 0.5320 | softclDice: 0.5122 | IoU: 0.3125 | Tversky: 0.4758 | Hausdorff: 204.7313 | HD95: 42.0004 | LR: 0.001000
2025-08-17 02:50:52 INFO Epoch 015 | Train Loss: 0.3731 | Val Loss: 0.5618 | Dice: 0.4706 | softDice: 0.4201 | clDice: 0.5156 | softclDice: 0.5204 | IoU: 0.3081 | Tversky: 0.4706 | Hausdorff: 204.0486 | HD95: 41.2019 | LR: 0.001000
2025-08-17 02:52:21 INFO Epoch 016 | Train Loss: 0.3704 | Val Loss: 0.5636 | Dice: 0.4774 | softDice: 0.4284 | clDice: 0.5326 | softclDice: 0.5014 | IoU: 0.3138 | Tversky: 0.4774 | Hausdorff: 207.2245 | HD95: 40.0948 | LR: 0.001000
2025-08-17 02:53:46 INFO Epoch 017 | Train Loss: 0.3698 | Val Loss: 0.5647 | Dice: 0.4605 | softDice: 0.4180 | clDice: 0.5039 | softclDice: 0.5235 | IoU: 0.2994 | Tversky: 0.4605 | Hausdorff: 215.4538 | HD95: 41.2626 | LR: 0.001000
2025-08-17 02:55:13 INFO Epoch 018 | Train Loss: 0.3691 | Val Loss: 0.5644 | Dice: 0.4764 | softDice: 0.4284 | clDice: 0.5288 | softclDice: 0.5051 | IoU: 0.3130 | Tversky: 0.4764 | Hausdorff: 213.4904 | HD95: 43.1088 | LR: 0.001000
2025-08-17 02:56:45 INFO Epoch 019 | Train Loss: 0.3698 | Val Loss: 0.5641 | Dice: 0.4688 | softDice: 0.4212 | clDice: 0.5166 | softclDice: 0.5125 | IoU: 0.3066 | Tversky: 0.4688 | Hausdorff: 208.5734 | HD95: 44.2286 | LR: 0.000500
2025-08-17 02:58:13 INFO Epoch 020 | Train Loss: 0.3667 | Val Loss: 0.5618 | Dice: 0.4712 | softDice: 0.4238 | clDice: 0.5180 | softclDice: 0.5130 | IoU: 0.3085 | Tversky: 0.4712 | Hausdorff: 209.5942 | HD95: 45.8354 | LR: 0.000500
2025-08-17 02:59:46 INFO Epoch 021 | Train Loss: 0.3638 | Val Loss: 0.5634 | Dice: 0.4724 | softDice: 0.4279 | clDice: 0.5228 | softclDice: 0.5044 | IoU: 0.3095 | Tversky: 0.4724 | Hausdorff: 210.5061 | HD95: 44.7833 | LR: 0.000500
2025-08-17 03:01:13 INFO Epoch 022 | Train Loss: 0.3635 | Val Loss: 0.5629 | Dice: 0.4725 | softDice: 0.4272 | clDice: 0.5241 | softclDice: 0.5030 | IoU: 0.3096 | Tversky: 0.4725 | Hausdorff: 208.3459 | HD95: 45.4144 | LR: 0.000500
2025-08-17 03:02:39 INFO Epoch 023 | Train Loss: 0.3638 | Val Loss: 0.5633 | Dice: 0.4796 | softDice: 0.4364 | clDice: 0.5321 | softclDice: 0.4950 | IoU: 0.3157 | Tversky: 0.4796 | Hausdorff: 194.8312 | HD95: 42.6368 | LR: 0.000500
2025-08-17 03:04:05 INFO Epoch 024 | Train Loss: 0.3633 | Val Loss: 0.5655 | Dice: 0.4779 | softDice: 0.4353 | clDice: 0.5322 | softclDice: 0.4959 | IoU: 0.3143 | Tversky: 0.4779 | Hausdorff: 220.2583 | HD95: 37.7029 | LR: 0.000500
2025-08-17 03:05:30 INFO Epoch 025 | Train Loss: 0.3636 | Val Loss: 0.5637 | Dice: 0.4747 | softDice: 0.4265 | clDice: 0.5253 | softclDice: 0.5042 | IoU: 0.3115 | Tversky: 0.4747 | Hausdorff: 199.0023 | HD95: 37.0377 | LR: 0.000250
2025-08-17 03:06:54 INFO Epoch 026 | Train Loss: 0.3592 | Val Loss: 0.5642 | Dice: 0.4773 | softDice: 0.4348 | clDice: 0.5285 | softclDice: 0.4989 | IoU: 0.3139 | Tversky: 0.4773 | Hausdorff: 206.6610 | HD95: 39.1600 | LR: 0.000250
2025-08-17 03:08:18 INFO Epoch 027 | Train Loss: 0.3604 | Val Loss: 0.5633 | Dice: 0.4829 | softDice: 0.4394 | clDice: 0.5379 | softclDice: 0.4918 | IoU: 0.3187 | Tversky: 0.4829 | Hausdorff: 202.0508 | HD95: 38.8124 | LR: 0.000250
2025-08-17 03:09:41 INFO Epoch 028 | Train Loss: 0.3594 | Val Loss: 0.5629 | Dice: 0.4690 | softDice: 0.4262 | clDice: 0.5153 | softclDice: 0.5123 | IoU: 0.3066 | Tversky: 0.4690 | Hausdorff: 189.3962 | HD95: 41.5931 | LR: 0.000250
2025-08-17 03:11:10 INFO Epoch 029 | Train Loss: 0.3582 | Val Loss: 0.5647 | Dice: 0.4748 | softDice: 0.4325 | clDice: 0.5238 | softclDice: 0.5037 | IoU: 0.3116 | Tversky: 0.4748 | Hausdorff: 201.1522 | HD95: 40.0250 | LR: 0.000250
2025-08-17 03:12:34 INFO Epoch 030 | Train Loss: 0.3543 | Val Loss: 0.5656 | Dice: 0.4643 | softDice: 0.4239 | clDice: 0.5091 | softclDice: 0.5166 | IoU: 0.3026 | Tversky: 0.4643 | Hausdorff: 206.8005 | HD95: 40.2205 | LR: 0.000250
2025-08-17 03:14:03 INFO Epoch 031 | Train Loss: 0.3587 | Val Loss: 0.5652 | Dice: 0.4675 | softDice: 0.4274 | clDice: 0.5123 | softclDice: 0.5135 | IoU: 0.3054 | Tversky: 0.4675 | Hausdorff: 203.4417 | HD95: 41.7592 | LR: 0.000125
2025-08-17 03:15:34 INFO Epoch 032 | Train Loss: 0.3536 | Val Loss: 0.5645 | Dice: 0.4755 | softDice: 0.4331 | clDice: 0.5239 | softclDice: 0.5046 | IoU: 0.3122 | Tversky: 0.4755 | Hausdorff: 205.7555 | HD95: 40.2282 | LR: 0.000125
2025-08-17 03:17:05 INFO Epoch 033 | Train Loss: 0.3516 | Val Loss: 0.5645 | Dice: 0.4740 | softDice: 0.4307 | clDice: 0.5231 | softclDice: 0.5060 | IoU: 0.3110 | Tversky: 0.4740 | Hausdorff: 206.2735 | HD95: 38.6899 | LR: 0.000125
2025-08-17 03:18:29 INFO Epoch 034 | Train Loss: 0.3538 | Val Loss: 0.5641 | Dice: 0.4727 | softDice: 0.4304 | clDice: 0.5186 | softclDice: 0.5098 | IoU: 0.3098 | Tversky: 0.4727 | Hausdorff: 204.4376 | HD95: 38.8524 | LR: 0.000125
2025-08-17 03:19:52 INFO Epoch 035 | Train Loss: 0.3536 | Val Loss: 0.5650 | Dice: 0.4764 | softDice: 0.4346 | clDice: 0.5242 | softclDice: 0.5042 | IoU: 0.3130 | Tversky: 0.4764 | Hausdorff: 199.3494 | HD95: 39.2159 | LR: 0.000125
2025-08-17 03:21:18 INFO Epoch 036 | Train Loss: 0.3508 | Val Loss: 0.5653 | Dice: 0.4734 | softDice: 0.4336 | clDice: 0.5189 | softclDice: 0.5080 | IoU: 0.3104 | Tversky: 0.4734 | Hausdorff: 201.0078 | HD95: 37.8068 | LR: 0.000125
2025-08-17 03:22:43 INFO Epoch 037 | Train Loss: 0.3509 | Val Loss: 0.5652 | Dice: 0.4731 | softDice: 0.4328 | clDice: 0.5204 | softclDice: 0.5066 | IoU: 0.3101 | Tversky: 0.4731 | Hausdorff: 198.2292 | HD95: 39.8851 | LR: 0.000063
2025-08-17 03:24:06 INFO Epoch 038 | Train Loss: 0.3501 | Val Loss: 0.5650 | Dice: 0.4768 | softDice: 0.4361 | clDice: 0.5251 | softclDice: 0.5026 | IoU: 0.3133 | Tversky: 0.4768 | Hausdorff: 203.4149 | HD95: 37.0165 | LR: 0.000063
2025-08-17 03:25:32 INFO Epoch 039 | Train Loss: 0.3478 | Val Loss: 0.5661 | Dice: 0.4760 | softDice: 0.4358 | clDice: 0.5245 | softclDice: 0.5026 | IoU: 0.3126 | Tversky: 0.4760 | Hausdorff: 200.2708 | HD95: 36.8708 | LR: 0.000063
2025-08-17 03:27:00 INFO Epoch 040 | Train Loss: 0.3487 | Val Loss: 0.5656 | Dice: 0.4724 | softDice: 0.4322 | clDice: 0.5173 | softclDice: 0.5089 | IoU: 0.3095 | Tversky: 0.4724 | Hausdorff: 199.2005 | HD95: 39.6180 | LR: 0.000063
2025-08-17 03:28:30 INFO Epoch 041 | Train Loss: 0.3461 | Val Loss: 0.5659 | Dice: 0.4684 | softDice: 0.4297 | clDice: 0.5112 | softclDice: 0.5129 | IoU: 0.3060 | Tversky: 0.4684 | Hausdorff: 194.0152 | HD95: 38.6875 | LR: 0.000063
2025-08-17 03:29:58 INFO Epoch 042 | Train Loss: 0.3448 | Val Loss: 0.5659 | Dice: 0.4690 | softDice: 0.4301 | clDice: 0.5116 | softclDice: 0.5138 | IoU: 0.3066 | Tversky: 0.4690 | Hausdorff: 200.2520 | HD95: 39.6133 | LR: 0.000063
2025-08-17 03:31:28 INFO Epoch 043 | Train Loss: 0.3497 | Val Loss: 0.5664 | Dice: 0.4738 | softDice: 0.4338 | clDice: 0.5197 | softclDice: 0.5052 | IoU: 0.3108 | Tversky: 0.4738 | Hausdorff: 194.2783 | HD95: 37.7243 | LR: 0.000031
2025-08-17 03:32:55 INFO Epoch 044 | Train Loss: 0.3452 | Val Loss: 0.5662 | Dice: 0.4719 | softDice: 0.4319 | clDice: 0.5176 | softclDice: 0.5084 | IoU: 0.3091 | Tversky: 0.4719 | Hausdorff: 193.0691 | HD95: 38.5150 | LR: 0.000031
2025-08-17 03:34:23 INFO Epoch 045 | Train Loss: 0.3474 | Val Loss: 0.5656 | Dice: 0.4710 | softDice: 0.4314 | clDice: 0.5151 | softclDice: 0.5107 | IoU: 0.3083 | Tversky: 0.4710 | Hausdorff: 199.5487 | HD95: 39.3927 | LR: 0.000031
2025-08-17 03:35:52 INFO Epoch 046 | Train Loss: 0.3456 | Val Loss: 0.5669 | Dice: 0.4706 | softDice: 0.4319 | clDice: 0.5149 | softclDice: 0.5105 | IoU: 0.3080 | Tversky: 0.4706 | Hausdorff: 191.8055 | HD95: 38.2879 | LR: 0.000031
2025-08-17 03:37:22 INFO Epoch 047 | Train Loss: 0.3456 | Val Loss: 0.5670 | Dice: 0.4699 | softDice: 0.4320 | clDice: 0.5135 | softclDice: 0.5118 | IoU: 0.3074 | Tversky: 0.4699 | Hausdorff: 199.2208 | HD95: 37.9931 | LR: 0.000031
2025-08-17 03:38:48 INFO Epoch 048 | Train Loss: 0.3451 | Val Loss: 0.5664 | Dice: 0.4727 | softDice: 0.4341 | clDice: 0.5162 | softclDice: 0.5087 | IoU: 0.3098 | Tversky: 0.4727 | Hausdorff: 191.8235 | HD95: 38.4393 | LR: 0.000031
2025-08-17 03:40:13 INFO Epoch 049 | Train Loss: 0.3462 | Val Loss: 0.5659 | Dice: 0.4713 | softDice: 0.4324 | clDice: 0.5146 | softclDice: 0.5110 | IoU: 0.3086 | Tversky: 0.4713 | Hausdorff: 191.9084 | HD95: 39.1541 | LR: 0.000016
2025-08-17 03:41:37 INFO Epoch 050 | Train Loss: 0.3463 | Val Loss: 0.5663 | Dice: 0.4691 | softDice: 0.4309 | clDice: 0.5122 | softclDice: 0.5125 | IoU: 0.3067 | Tversky: 0.4691 | Hausdorff: 195.9911 | HD95: 40.8032 | LR: 0.000016
2025-08-17 03:41:37 INFO Training completed.
2025-08-17 03:41:59 INFO Fold 5 results: Dice: 0.4642 | softDice: 0.4156 | clDice: 0.5073 | softclDice: 0.5218 | IoU: 0.3027 | Tversky: 0.4642 | Hausdorff: 244.7324 | HD95: 48.3754
2025-08-17 03:41:59 INFO ===== Cross-validation results =====
2025-08-17 03:41:59 INFO Dice: 0.4631 | softDice: 0.4139 | clDice: 0.5056 | softclDice: 0.5281 | IoU: 0.3020 | Tversky: 0.4631 | Hausdorff: 262.7094 | HD95: 53.6943
