2025-08-16 21:32:46 INFO Starting training with configuration: {'model': {'name': 'unet', 'encoder_name': 'se_resnext50_32x4d', 'encoder_weights': 'imagenet', 'classes': 1, 'activation': None, 'dropout': 0.2}, 'dataset': {'root': '/data/smadper@alumno.upv.es/TFM/datasets/laticifers', 'patch_size': [512, 512], 'stride': [256, 256], 'num_patches': 50, 'num_workers': 8, 'positive_ratio': 0.8, 'fg_threshold': 0.04, 'feature_dirs': {'image': '/data/smadper@alumno.upv.es/TFM/datasets/laticifers/enhanced_images', 'mask': '/data/smadper@alumno.upv.es/TFM/datasets/laticifers/masks', 'distance': '/data/smadper@alumno.upv.es/TFM/datasets/laticifers/distance_maps_pt'}}, 'train': {'batch_size': 32, 'num_epochs': 50, 'learning_rate': 0.001, 'accumulation_steps': 1, 'save_dir': '/data/smadper@alumno.upv.es/TFM/checkpoints_cv2/unet/20250816_213246_unet_se_resnext50_32x4d_bce0.5_dice0.5', 'log_interval': 1, 'patience': 100, 'mixed_precision': True, 'experiment_name': 'unet_se_resnext50_32x4d_bce0.5_dice0.5', 'timestamp': '20250816_213246'}, 'test': {'batch_size': 1}, 'loss': {'name': 'bce', 'cldice_alpha': 0.5, 'use_topographic': False, 'combine_with': 'dice', 'weights': {'main': 0.5, 'combined': 0.5}, 'topo': {'alpha': 2.0, 'beta': 1.0}}}
2025-08-16 21:32:46 INFO Experiment name: unet_se_resnext50_32x4d_bce0.5_dice0.5
2025-08-16 21:32:46 INFO ===== Fold 1 / 5 =====
2025-08-16 21:32:46 INFO Loading model unet with settings {'name': 'unet', 'encoder_name': 'se_resnext50_32x4d', 'encoder_weights': 'imagenet', 'classes': 1, 'activation': None, 'dropout': 0.2}
2025-08-16 21:34:25 INFO Epoch 001 | Train Loss: 0.6443 | Val Loss: 0.6081 | Dice: 0.4018 | softDice: 0.2021 | clDice: 0.4208 | softclDice: 0.8288 | IoU: 0.2518 | Tversky: 0.4018 | Hausdorff: 623.1413 | HD95: 147.2885 | LR: 0.001000
2025-08-16 21:35:58 INFO Epoch 002 | Train Loss: 0.4415 | Val Loss: 0.5684 | Dice: 0.4473 | softDice: 0.3322 | clDice: 0.4859 | softclDice: 0.6539 | IoU: 0.2882 | Tversky: 0.4473 | Hausdorff: 353.6741 | HD95: 56.5180 | LR: 0.001000
2025-08-16 21:37:33 INFO Epoch 003 | Train Loss: 0.3989 | Val Loss: 0.5611 | Dice: 0.4505 | softDice: 0.3710 | clDice: 0.4938 | softclDice: 0.5885 | IoU: 0.2911 | Tversky: 0.4505 | Hausdorff: 247.7105 | HD95: 57.0766 | LR: 0.001000
2025-08-16 21:39:07 INFO Epoch 004 | Train Loss: 0.3842 | Val Loss: 0.5645 | Dice: 0.4599 | softDice: 0.3905 | clDice: 0.5051 | softclDice: 0.5621 | IoU: 0.2989 | Tversky: 0.4599 | Hausdorff: 393.8960 | HD95: 51.4983 | LR: 0.001000
2025-08-16 21:40:39 INFO Epoch 005 | Train Loss: 0.3824 | Val Loss: 0.5595 | Dice: 0.4568 | softDice: 0.3994 | clDice: 0.4985 | softclDice: 0.5553 | IoU: 0.2965 | Tversky: 0.4568 | Hausdorff: 234.7034 | HD95: 48.2631 | LR: 0.001000
2025-08-16 21:42:13 INFO Epoch 006 | Train Loss: 0.3774 | Val Loss: 0.5604 | Dice: 0.4746 | softDice: 0.4180 | clDice: 0.5221 | softclDice: 0.5275 | IoU: 0.3115 | Tversky: 0.4746 | Hausdorff: 256.7317 | HD95: 40.7498 | LR: 0.001000
2025-08-16 21:43:46 INFO Epoch 007 | Train Loss: 0.3752 | Val Loss: 0.5614 | Dice: 0.4398 | softDice: 0.3956 | clDice: 0.4729 | softclDice: 0.5616 | IoU: 0.2820 | Tversky: 0.4398 | Hausdorff: 228.4386 | HD95: 54.4673 | LR: 0.001000
2025-08-16 21:45:17 INFO Epoch 008 | Train Loss: 0.3727 | Val Loss: 0.5624 | Dice: 0.4639 | softDice: 0.4015 | clDice: 0.5066 | softclDice: 0.5407 | IoU: 0.3023 | Tversky: 0.4639 | Hausdorff: 392.5473 | HD95: 38.2422 | LR: 0.001000
2025-08-16 21:46:49 INFO Epoch 009 | Train Loss: 0.3737 | Val Loss: 0.5625 | Dice: 0.4678 | softDice: 0.4151 | clDice: 0.5122 | softclDice: 0.5321 | IoU: 0.3057 | Tversky: 0.4678 | Hausdorff: 231.7207 | HD95: 38.8332 | LR: 0.001000
2025-08-16 21:48:21 INFO Epoch 010 | Train Loss: 0.3717 | Val Loss: 0.5623 | Dice: 0.4725 | softDice: 0.4199 | clDice: 0.5206 | softclDice: 0.5235 | IoU: 0.3097 | Tversky: 0.4725 | Hausdorff: 379.8331 | HD95: 42.1350 | LR: 0.001000
2025-08-16 21:49:52 INFO Epoch 011 | Train Loss: 0.3685 | Val Loss: 0.5594 | Dice: 0.4710 | softDice: 0.4228 | clDice: 0.5124 | softclDice: 0.5236 | IoU: 0.3084 | Tversky: 0.4710 | Hausdorff: 234.2163 | HD95: 38.0353 | LR: 0.001000
2025-08-16 21:51:23 INFO Epoch 012 | Train Loss: 0.3683 | Val Loss: 0.5663 | Dice: 0.4721 | softDice: 0.4244 | clDice: 0.5231 | softclDice: 0.5204 | IoU: 0.3093 | Tversky: 0.4721 | Hausdorff: 249.8741 | HD95: 36.8082 | LR: 0.001000
2025-08-16 21:52:53 INFO Epoch 013 | Train Loss: 0.3660 | Val Loss: 0.5613 | Dice: 0.4755 | softDice: 0.4242 | clDice: 0.5196 | softclDice: 0.5194 | IoU: 0.3123 | Tversky: 0.4755 | Hausdorff: 250.1240 | HD95: 36.5825 | LR: 0.001000
2025-08-16 21:54:22 INFO Epoch 014 | Train Loss: 0.3642 | Val Loss: 0.5600 | Dice: 0.4764 | softDice: 0.4245 | clDice: 0.5168 | softclDice: 0.5228 | IoU: 0.3129 | Tversky: 0.4764 | Hausdorff: 229.0316 | HD95: 34.7855 | LR: 0.001000
2025-08-16 21:55:52 INFO Epoch 015 | Train Loss: 0.3659 | Val Loss: 0.5639 | Dice: 0.4802 | softDice: 0.4226 | clDice: 0.5365 | softclDice: 0.5080 | IoU: 0.3163 | Tversky: 0.4802 | Hausdorff: 242.2424 | HD95: 35.6408 | LR: 0.001000
2025-08-16 21:57:23 INFO Epoch 016 | Train Loss: 0.3641 | Val Loss: 0.5638 | Dice: 0.4793 | softDice: 0.4272 | clDice: 0.5240 | softclDice: 0.5158 | IoU: 0.3154 | Tversky: 0.4793 | Hausdorff: 376.7249 | HD95: 36.0851 | LR: 0.001000
2025-08-16 21:58:54 INFO Epoch 017 | Train Loss: 0.3636 | Val Loss: 0.5620 | Dice: 0.4703 | softDice: 0.4203 | clDice: 0.5135 | softclDice: 0.5228 | IoU: 0.3078 | Tversky: 0.4703 | Hausdorff: 255.3454 | HD95: 34.5397 | LR: 0.000500
2025-08-16 22:00:23 INFO Epoch 018 | Train Loss: 0.3606 | Val Loss: 0.5614 | Dice: 0.4770 | softDice: 0.4298 | clDice: 0.5246 | softclDice: 0.5134 | IoU: 0.3136 | Tversky: 0.4770 | Hausdorff: 226.6303 | HD95: 33.0182 | LR: 0.000500
2025-08-16 22:01:52 INFO Epoch 019 | Train Loss: 0.3575 | Val Loss: 0.5619 | Dice: 0.4673 | softDice: 0.4270 | clDice: 0.5050 | softclDice: 0.5249 | IoU: 0.3053 | Tversky: 0.4673 | Hausdorff: 372.5011 | HD95: 37.7557 | LR: 0.000500
2025-08-16 22:03:21 INFO Epoch 020 | Train Loss: 0.3560 | Val Loss: 0.5606 | Dice: 0.4640 | softDice: 0.4204 | clDice: 0.5011 | softclDice: 0.5327 | IoU: 0.3025 | Tversky: 0.4640 | Hausdorff: 375.9840 | HD95: 36.3812 | LR: 0.000500
2025-08-16 22:04:49 INFO Epoch 021 | Train Loss: 0.3547 | Val Loss: 0.5620 | Dice: 0.4778 | softDice: 0.4292 | clDice: 0.5232 | softclDice: 0.5154 | IoU: 0.3142 | Tversky: 0.4778 | Hausdorff: 380.0649 | HD95: 36.6780 | LR: 0.000500
2025-08-16 22:06:19 INFO Epoch 022 | Train Loss: 0.3554 | Val Loss: 0.5611 | Dice: 0.4752 | softDice: 0.4286 | clDice: 0.5152 | softclDice: 0.5204 | IoU: 0.3120 | Tversky: 0.4752 | Hausdorff: 375.7087 | HD95: 35.5474 | LR: 0.000500
2025-08-16 22:07:47 INFO Epoch 023 | Train Loss: 0.3530 | Val Loss: 0.5615 | Dice: 0.4691 | softDice: 0.4229 | clDice: 0.5095 | softclDice: 0.5238 | IoU: 0.3069 | Tversky: 0.4691 | Hausdorff: 383.8833 | HD95: 36.7608 | LR: 0.000250
2025-08-16 22:09:16 INFO Epoch 024 | Train Loss: 0.3504 | Val Loss: 0.5642 | Dice: 0.4715 | softDice: 0.4275 | clDice: 0.5112 | softclDice: 0.5227 | IoU: 0.3088 | Tversky: 0.4715 | Hausdorff: 385.0087 | HD95: 36.2869 | LR: 0.000250
2025-08-16 22:10:46 INFO Epoch 025 | Train Loss: 0.3452 | Val Loss: 0.5637 | Dice: 0.4683 | softDice: 0.4281 | clDice: 0.5068 | softclDice: 0.5237 | IoU: 0.3061 | Tversky: 0.4683 | Hausdorff: 368.9588 | HD95: 33.2481 | LR: 0.000250
2025-08-16 22:12:13 INFO Epoch 026 | Train Loss: 0.3438 | Val Loss: 0.5636 | Dice: 0.4698 | softDice: 0.4281 | clDice: 0.5070 | softclDice: 0.5252 | IoU: 0.3074 | Tversky: 0.4698 | Hausdorff: 371.2817 | HD95: 34.8449 | LR: 0.000250
2025-08-16 22:13:43 INFO Epoch 027 | Train Loss: 0.3424 | Val Loss: 0.5641 | Dice: 0.4672 | softDice: 0.4263 | clDice: 0.5048 | softclDice: 0.5267 | IoU: 0.3053 | Tversky: 0.4672 | Hausdorff: 371.0631 | HD95: 34.2545 | LR: 0.000250
2025-08-16 22:15:10 INFO Epoch 028 | Train Loss: 0.3425 | Val Loss: 0.5654 | Dice: 0.4607 | softDice: 0.4184 | clDice: 0.4949 | softclDice: 0.5352 | IoU: 0.2997 | Tversky: 0.4607 | Hausdorff: 380.2184 | HD95: 34.0809 | LR: 0.000250
2025-08-16 22:16:41 INFO Epoch 029 | Train Loss: 0.3401 | Val Loss: 0.5662 | Dice: 0.4570 | softDice: 0.4174 | clDice: 0.4879 | softclDice: 0.5424 | IoU: 0.2966 | Tversky: 0.4570 | Hausdorff: 371.5291 | HD95: 34.3600 | LR: 0.000125
2025-08-16 22:18:11 INFO Epoch 030 | Train Loss: 0.3375 | Val Loss: 0.5668 | Dice: 0.4575 | softDice: 0.4172 | clDice: 0.4906 | softclDice: 0.5385 | IoU: 0.2970 | Tversky: 0.4575 | Hausdorff: 372.5968 | HD95: 33.8712 | LR: 0.000125
2025-08-16 22:19:38 INFO Epoch 031 | Train Loss: 0.3316 | Val Loss: 0.5686 | Dice: 0.4634 | softDice: 0.4246 | clDice: 0.4996 | softclDice: 0.5301 | IoU: 0.3020 | Tversky: 0.4634 | Hausdorff: 380.5071 | HD95: 33.1289 | LR: 0.000125
2025-08-16 22:21:08 INFO Epoch 032 | Train Loss: 0.3304 | Val Loss: 0.5670 | Dice: 0.4523 | softDice: 0.4170 | clDice: 0.4836 | softclDice: 0.5418 | IoU: 0.2926 | Tversky: 0.4523 | Hausdorff: 384.0043 | HD95: 36.2778 | LR: 0.000125
2025-08-16 22:22:36 INFO Epoch 033 | Train Loss: 0.3281 | Val Loss: 0.5689 | Dice: 0.4520 | softDice: 0.4184 | clDice: 0.4815 | softclDice: 0.5422 | IoU: 0.2925 | Tversky: 0.4520 | Hausdorff: 378.1893 | HD95: 34.7222 | LR: 0.000125
2025-08-16 22:24:03 INFO Epoch 034 | Train Loss: 0.3287 | Val Loss: 0.5706 | Dice: 0.4531 | softDice: 0.4180 | clDice: 0.4819 | softclDice: 0.5434 | IoU: 0.2933 | Tversky: 0.4531 | Hausdorff: 382.1538 | HD95: 34.3709 | LR: 0.000125
2025-08-16 22:25:32 INFO Epoch 035 | Train Loss: 0.3280 | Val Loss: 0.5689 | Dice: 0.4502 | softDice: 0.4167 | clDice: 0.4814 | softclDice: 0.5427 | IoU: 0.2909 | Tversky: 0.4502 | Hausdorff: 396.2923 | HD95: 35.3685 | LR: 0.000063
2025-08-16 22:26:59 INFO Epoch 036 | Train Loss: 0.3255 | Val Loss: 0.5687 | Dice: 0.4469 | softDice: 0.4133 | clDice: 0.4773 | softclDice: 0.5471 | IoU: 0.2882 | Tversky: 0.4469 | Hausdorff: 385.3962 | HD95: 35.1141 | LR: 0.000063
2025-08-16 22:28:27 INFO Epoch 037 | Train Loss: 0.3216 | Val Loss: 0.5702 | Dice: 0.4526 | softDice: 0.4191 | clDice: 0.4826 | softclDice: 0.5418 | IoU: 0.2928 | Tversky: 0.4526 | Hausdorff: 376.2520 | HD95: 34.1678 | LR: 0.000063
2025-08-16 22:29:57 INFO Epoch 038 | Train Loss: 0.3184 | Val Loss: 0.5702 | Dice: 0.4520 | softDice: 0.4200 | clDice: 0.4813 | softclDice: 0.5423 | IoU: 0.2924 | Tversky: 0.4520 | Hausdorff: 373.4997 | HD95: 34.9865 | LR: 0.000063
2025-08-16 22:31:23 INFO Epoch 039 | Train Loss: 0.3175 | Val Loss: 0.5719 | Dice: 0.4485 | softDice: 0.4170 | clDice: 0.4773 | softclDice: 0.5460 | IoU: 0.2894 | Tversky: 0.4485 | Hausdorff: 402.6074 | HD95: 35.7513 | LR: 0.000063
2025-08-16 22:32:51 INFO Epoch 040 | Train Loss: 0.3152 | Val Loss: 0.5724 | Dice: 0.4485 | softDice: 0.4182 | clDice: 0.4768 | softclDice: 0.5449 | IoU: 0.2895 | Tversky: 0.4485 | Hausdorff: 400.9404 | HD95: 34.0335 | LR: 0.000063
2025-08-16 22:34:17 INFO Epoch 041 | Train Loss: 0.3152 | Val Loss: 0.5722 | Dice: 0.4475 | softDice: 0.4165 | clDice: 0.4757 | softclDice: 0.5471 | IoU: 0.2886 | Tversky: 0.4475 | Hausdorff: 376.3821 | HD95: 35.9559 | LR: 0.000031
2025-08-16 22:35:44 INFO Epoch 042 | Train Loss: 0.3147 | Val Loss: 0.5722 | Dice: 0.4487 | softDice: 0.4178 | clDice: 0.4763 | softclDice: 0.5454 | IoU: 0.2896 | Tversky: 0.4487 | Hausdorff: 376.4674 | HD95: 34.5331 | LR: 0.000031
2025-08-16 22:37:11 INFO Epoch 043 | Train Loss: 0.3150 | Val Loss: 0.5722 | Dice: 0.4467 | softDice: 0.4163 | clDice: 0.4744 | softclDice: 0.5476 | IoU: 0.2879 | Tversky: 0.4467 | Hausdorff: 405.8753 | HD95: 34.0776 | LR: 0.000031
2025-08-16 22:38:39 INFO Epoch 044 | Train Loss: 0.3130 | Val Loss: 0.5731 | Dice: 0.4465 | softDice: 0.4169 | clDice: 0.4748 | softclDice: 0.5465 | IoU: 0.2878 | Tversky: 0.4465 | Hausdorff: 402.0778 | HD95: 33.9379 | LR: 0.000031
2025-08-16 22:40:10 INFO Epoch 045 | Train Loss: 0.3128 | Val Loss: 0.5729 | Dice: 0.4463 | softDice: 0.4165 | clDice: 0.4750 | softclDice: 0.5470 | IoU: 0.2876 | Tversky: 0.4463 | Hausdorff: 410.4473 | HD95: 34.6818 | LR: 0.000031
2025-08-16 22:41:36 INFO Epoch 046 | Train Loss: 0.3105 | Val Loss: 0.5740 | Dice: 0.4462 | softDice: 0.4170 | clDice: 0.4739 | softclDice: 0.5475 | IoU: 0.2875 | Tversky: 0.4462 | Hausdorff: 408.8124 | HD95: 34.3321 | LR: 0.000031
2025-08-16 22:43:07 INFO Epoch 047 | Train Loss: 0.3130 | Val Loss: 0.5732 | Dice: 0.4416 | softDice: 0.4124 | clDice: 0.4677 | softclDice: 0.5529 | IoU: 0.2837 | Tversky: 0.4416 | Hausdorff: 406.9642 | HD95: 34.3293 | LR: 0.000016
2025-08-16 22:44:34 INFO Epoch 048 | Train Loss: 0.3097 | Val Loss: 0.5728 | Dice: 0.4434 | softDice: 0.4143 | clDice: 0.4705 | softclDice: 0.5501 | IoU: 0.2852 | Tversky: 0.4434 | Hausdorff: 408.0653 | HD95: 34.5968 | LR: 0.000016
2025-08-16 22:46:03 INFO Epoch 049 | Train Loss: 0.3085 | Val Loss: 0.5739 | Dice: 0.4465 | softDice: 0.4171 | clDice: 0.4734 | softclDice: 0.5476 | IoU: 0.2878 | Tversky: 0.4465 | Hausdorff: 407.8931 | HD95: 34.2033 | LR: 0.000016
2025-08-16 22:47:34 INFO Epoch 050 | Train Loss: 0.3100 | Val Loss: 0.5739 | Dice: 0.4442 | softDice: 0.4152 | clDice: 0.4716 | softclDice: 0.5493 | IoU: 0.2858 | Tversky: 0.4442 | Hausdorff: 403.2283 | HD95: 34.4751 | LR: 0.000016
2025-08-16 22:47:34 INFO Training completed.
2025-08-16 22:47:57 INFO Fold 1 results: Dice: 0.4710 | softDice: 0.4228 | clDice: 0.5124 | softclDice: 0.5236 | IoU: 0.3084 | Tversky: 0.4710 | Hausdorff: 234.2163 | HD95: 38.0353
2025-08-16 22:47:57 INFO ===== Fold 2 / 5 =====
2025-08-16 22:47:58 INFO Loading model unet with settings {'name': 'unet', 'encoder_name': 'se_resnext50_32x4d', 'encoder_weights': 'imagenet', 'classes': 1, 'activation': None, 'dropout': 0.2}
2025-08-16 22:49:30 INFO Epoch 001 | Train Loss: 0.6039 | Val Loss: 0.5974 | Dice: 0.4215 | softDice: 0.2199 | clDice: 0.4690 | softclDice: 0.7585 | IoU: 0.2675 | Tversky: 0.4215 | Hausdorff: 348.8374 | HD95: 55.3168 | LR: 0.001000
2025-08-16 22:51:00 INFO Epoch 002 | Train Loss: 0.4473 | Val Loss: 0.5837 | Dice: 0.4513 | softDice: 0.3419 | clDice: 0.4996 | softclDice: 0.5913 | IoU: 0.2918 | Tversky: 0.4513 | Hausdorff: 333.9282 | HD95: 59.4597 | LR: 0.001000
2025-08-16 22:52:28 INFO Epoch 003 | Train Loss: 0.4004 | Val Loss: 0.5667 | Dice: 0.4377 | softDice: 0.3772 | clDice: 0.4723 | softclDice: 0.5743 | IoU: 0.2808 | Tversky: 0.4377 | Hausdorff: 291.2540 | HD95: 49.2453 | LR: 0.001000
2025-08-16 22:54:02 INFO Epoch 004 | Train Loss: 0.3890 | Val Loss: 0.5713 | Dice: 0.4634 | softDice: 0.3938 | clDice: 0.5016 | softclDice: 0.5514 | IoU: 0.3020 | Tversky: 0.4634 | Hausdorff: 312.6938 | HD95: 47.5511 | LR: 0.001000
2025-08-16 22:55:32 INFO Epoch 005 | Train Loss: 0.3799 | Val Loss: 0.5695 | Dice: 0.4746 | softDice: 0.4162 | clDice: 0.5245 | softclDice: 0.5209 | IoU: 0.3116 | Tversky: 0.4746 | Hausdorff: 324.7764 | HD95: 40.3920 | LR: 0.001000
2025-08-16 22:57:03 INFO Epoch 006 | Train Loss: 0.3765 | Val Loss: 0.5689 | Dice: 0.4792 | softDice: 0.4222 | clDice: 0.5288 | softclDice: 0.5121 | IoU: 0.3156 | Tversky: 0.4792 | Hausdorff: 264.3280 | HD95: 34.3817 | LR: 0.001000
2025-08-16 22:58:34 INFO Epoch 007 | Train Loss: 0.3738 | Val Loss: 0.5693 | Dice: 0.4799 | softDice: 0.4284 | clDice: 0.5274 | softclDice: 0.5090 | IoU: 0.3163 | Tversky: 0.4799 | Hausdorff: 296.2958 | HD95: 37.5464 | LR: 0.001000
2025-08-16 23:00:01 INFO Epoch 008 | Train Loss: 0.3716 | Val Loss: 0.5712 | Dice: 0.4767 | softDice: 0.4176 | clDice: 0.5256 | softclDice: 0.5187 | IoU: 0.3132 | Tversky: 0.4767 | Hausdorff: 340.1537 | HD95: 39.6970 | LR: 0.001000
2025-08-16 23:01:31 INFO Epoch 009 | Train Loss: 0.3712 | Val Loss: 0.5674 | Dice: 0.4746 | softDice: 0.4179 | clDice: 0.5177 | softclDice: 0.5218 | IoU: 0.3116 | Tversky: 0.4746 | Hausdorff: 289.6560 | HD95: 33.6405 | LR: 0.000500
2025-08-16 23:02:59 INFO Epoch 010 | Train Loss: 0.3675 | Val Loss: 0.5675 | Dice: 0.4837 | softDice: 0.4318 | clDice: 0.5332 | softclDice: 0.5042 | IoU: 0.3195 | Tversky: 0.4837 | Hausdorff: 295.7747 | HD95: 29.5058 | LR: 0.000500
2025-08-16 23:04:28 INFO Epoch 011 | Train Loss: 0.3644 | Val Loss: 0.5670 | Dice: 0.4779 | softDice: 0.4284 | clDice: 0.5223 | softclDice: 0.5115 | IoU: 0.3146 | Tversky: 0.4779 | Hausdorff: 283.7666 | HD95: 34.3609 | LR: 0.000500
2025-08-16 23:05:58 INFO Epoch 012 | Train Loss: 0.3629 | Val Loss: 0.5655 | Dice: 0.4754 | softDice: 0.4281 | clDice: 0.5143 | softclDice: 0.5181 | IoU: 0.3125 | Tversky: 0.4754 | Hausdorff: 287.3250 | HD95: 33.3619 | LR: 0.000500
2025-08-16 23:07:27 INFO Epoch 013 | Train Loss: 0.3628 | Val Loss: 0.5662 | Dice: 0.4870 | softDice: 0.4342 | clDice: 0.5340 | softclDice: 0.5027 | IoU: 0.3224 | Tversky: 0.4870 | Hausdorff: 288.2053 | HD95: 31.4502 | LR: 0.000500
2025-08-16 23:08:58 INFO Epoch 014 | Train Loss: 0.3613 | Val Loss: 0.5718 | Dice: 0.4802 | softDice: 0.4354 | clDice: 0.5268 | softclDice: 0.5052 | IoU: 0.3164 | Tversky: 0.4802 | Hausdorff: 300.1070 | HD95: 33.8101 | LR: 0.000500
2025-08-16 23:10:25 INFO Epoch 015 | Train Loss: 0.3594 | Val Loss: 0.5743 | Dice: 0.4825 | softDice: 0.4351 | clDice: 0.5298 | softclDice: 0.5050 | IoU: 0.3184 | Tversky: 0.4825 | Hausdorff: 301.9125 | HD95: 33.0271 | LR: 0.000500
2025-08-16 23:11:54 INFO Epoch 016 | Train Loss: 0.3588 | Val Loss: 0.5682 | Dice: 0.4802 | softDice: 0.4350 | clDice: 0.5252 | softclDice: 0.5106 | IoU: 0.3166 | Tversky: 0.4802 | Hausdorff: 288.5373 | HD95: 31.6697 | LR: 0.000500
2025-08-16 23:13:25 INFO Epoch 017 | Train Loss: 0.3564 | Val Loss: 0.5693 | Dice: 0.4742 | softDice: 0.4348 | clDice: 0.5171 | softclDice: 0.5117 | IoU: 0.3114 | Tversky: 0.4742 | Hausdorff: 273.2679 | HD95: 40.5209 | LR: 0.000500
2025-08-16 23:14:54 INFO Epoch 018 | Train Loss: 0.3555 | Val Loss: 0.5763 | Dice: 0.4810 | softDice: 0.4364 | clDice: 0.5344 | softclDice: 0.4995 | IoU: 0.3170 | Tversky: 0.4810 | Hausdorff: 303.5017 | HD95: 30.9528 | LR: 0.000250
2025-08-16 23:16:23 INFO Epoch 019 | Train Loss: 0.3538 | Val Loss: 0.5693 | Dice: 0.4733 | softDice: 0.4307 | clDice: 0.5139 | softclDice: 0.5170 | IoU: 0.3105 | Tversky: 0.4733 | Hausdorff: 289.0468 | HD95: 31.1072 | LR: 0.000250
2025-08-16 23:17:52 INFO Epoch 020 | Train Loss: 0.3528 | Val Loss: 0.5713 | Dice: 0.4785 | softDice: 0.4342 | clDice: 0.5232 | softclDice: 0.5102 | IoU: 0.3149 | Tversky: 0.4785 | Hausdorff: 299.4079 | HD95: 29.4658 | LR: 0.000250
2025-08-16 23:19:22 INFO Epoch 021 | Train Loss: 0.3504 | Val Loss: 0.5721 | Dice: 0.4775 | softDice: 0.4342 | clDice: 0.5233 | softclDice: 0.5079 | IoU: 0.3141 | Tversky: 0.4775 | Hausdorff: 299.9947 | HD95: 32.0439 | LR: 0.000250
2025-08-16 23:20:52 INFO Epoch 022 | Train Loss: 0.3481 | Val Loss: 0.5718 | Dice: 0.4756 | softDice: 0.4346 | clDice: 0.5190 | softclDice: 0.5124 | IoU: 0.3125 | Tversky: 0.4756 | Hausdorff: 294.0173 | HD95: 32.1167 | LR: 0.000250
2025-08-16 23:22:20 INFO Epoch 023 | Train Loss: 0.3458 | Val Loss: 0.5713 | Dice: 0.4714 | softDice: 0.4317 | clDice: 0.5138 | softclDice: 0.5163 | IoU: 0.3089 | Tversky: 0.4714 | Hausdorff: 291.2787 | HD95: 35.8271 | LR: 0.000250
2025-08-16 23:23:50 INFO Epoch 024 | Train Loss: 0.3447 | Val Loss: 0.5704 | Dice: 0.4672 | softDice: 0.4276 | clDice: 0.5057 | softclDice: 0.5234 | IoU: 0.3053 | Tversky: 0.4672 | Hausdorff: 294.6228 | HD95: 32.2608 | LR: 0.000125
2025-08-16 23:25:19 INFO Epoch 025 | Train Loss: 0.3412 | Val Loss: 0.5745 | Dice: 0.4700 | softDice: 0.4336 | clDice: 0.5113 | softclDice: 0.5167 | IoU: 0.3077 | Tversky: 0.4700 | Hausdorff: 309.9109 | HD95: 32.0229 | LR: 0.000125
2025-08-16 23:26:50 INFO Epoch 026 | Train Loss: 0.3371 | Val Loss: 0.5735 | Dice: 0.4669 | softDice: 0.4309 | clDice: 0.5060 | softclDice: 0.5198 | IoU: 0.3051 | Tversky: 0.4669 | Hausdorff: 272.1750 | HD95: 33.5015 | LR: 0.000125
2025-08-16 23:28:19 INFO Epoch 027 | Train Loss: 0.3353 | Val Loss: 0.5743 | Dice: 0.4687 | softDice: 0.4323 | clDice: 0.5072 | softclDice: 0.5188 | IoU: 0.3066 | Tversky: 0.4687 | Hausdorff: 282.1386 | HD95: 32.0814 | LR: 0.000125
2025-08-16 23:29:48 INFO Epoch 028 | Train Loss: 0.3349 | Val Loss: 0.5739 | Dice: 0.4724 | softDice: 0.4346 | clDice: 0.5124 | softclDice: 0.5141 | IoU: 0.3098 | Tversky: 0.4724 | Hausdorff: 279.2924 | HD95: 31.6675 | LR: 0.000125
2025-08-16 23:31:19 INFO Epoch 029 | Train Loss: 0.3325 | Val Loss: 0.5761 | Dice: 0.4625 | softDice: 0.4296 | clDice: 0.4972 | softclDice: 0.5267 | IoU: 0.3013 | Tversky: 0.4625 | Hausdorff: 271.6203 | HD95: 30.8717 | LR: 0.000125
2025-08-16 23:32:47 INFO Epoch 030 | Train Loss: 0.3337 | Val Loss: 0.5759 | Dice: 0.4672 | softDice: 0.4321 | clDice: 0.5054 | softclDice: 0.5198 | IoU: 0.3052 | Tversky: 0.4672 | Hausdorff: 269.6264 | HD95: 32.9445 | LR: 0.000063
2025-08-16 23:34:18 INFO Epoch 031 | Train Loss: 0.3268 | Val Loss: 0.5766 | Dice: 0.4616 | softDice: 0.4290 | clDice: 0.4983 | softclDice: 0.5255 | IoU: 0.3005 | Tversky: 0.4616 | Hausdorff: 264.3447 | HD95: 31.9722 | LR: 0.000063
2025-08-16 23:35:47 INFO Epoch 032 | Train Loss: 0.3268 | Val Loss: 0.5754 | Dice: 0.4619 | softDice: 0.4277 | clDice: 0.4984 | softclDice: 0.5266 | IoU: 0.3008 | Tversky: 0.4619 | Hausdorff: 264.0401 | HD95: 31.5560 | LR: 0.000063
2025-08-16 23:37:18 INFO Epoch 033 | Train Loss: 0.3245 | Val Loss: 0.5767 | Dice: 0.4571 | softDice: 0.4248 | clDice: 0.4928 | softclDice: 0.5308 | IoU: 0.2967 | Tversky: 0.4571 | Hausdorff: 271.6484 | HD95: 32.8063 | LR: 0.000063
2025-08-16 23:38:47 INFO Epoch 034 | Train Loss: 0.3253 | Val Loss: 0.5774 | Dice: 0.4573 | softDice: 0.4253 | clDice: 0.4920 | softclDice: 0.5306 | IoU: 0.2969 | Tversky: 0.4573 | Hausdorff: 268.7649 | HD95: 32.6156 | LR: 0.000063
2025-08-16 23:40:13 INFO Epoch 035 | Train Loss: 0.3203 | Val Loss: 0.5778 | Dice: 0.4566 | softDice: 0.4264 | clDice: 0.4911 | softclDice: 0.5301 | IoU: 0.2963 | Tversky: 0.4566 | Hausdorff: 295.4981 | HD95: 32.8243 | LR: 0.000063
2025-08-16 23:41:42 INFO Epoch 036 | Train Loss: 0.3218 | Val Loss: 0.5779 | Dice: 0.4527 | softDice: 0.4228 | clDice: 0.4864 | softclDice: 0.5348 | IoU: 0.2930 | Tversky: 0.4527 | Hausdorff: 278.8931 | HD95: 34.4724 | LR: 0.000031
2025-08-16 23:43:12 INFO Epoch 037 | Train Loss: 0.3201 | Val Loss: 0.5781 | Dice: 0.4488 | softDice: 0.4194 | clDice: 0.4806 | softclDice: 0.5394 | IoU: 0.2897 | Tversky: 0.4488 | Hausdorff: 273.4964 | HD95: 34.1600 | LR: 0.000031
2025-08-16 23:44:41 INFO Epoch 038 | Train Loss: 0.3180 | Val Loss: 0.5784 | Dice: 0.4493 | softDice: 0.4192 | clDice: 0.4807 | softclDice: 0.5402 | IoU: 0.2902 | Tversky: 0.4493 | Hausdorff: 277.6365 | HD95: 32.4689 | LR: 0.000031
2025-08-16 23:46:09 INFO Epoch 039 | Train Loss: 0.3171 | Val Loss: 0.5791 | Dice: 0.4494 | softDice: 0.4209 | clDice: 0.4811 | softclDice: 0.5388 | IoU: 0.2903 | Tversky: 0.4494 | Hausdorff: 276.2264 | HD95: 33.4613 | LR: 0.000031
2025-08-16 23:47:37 INFO Epoch 040 | Train Loss: 0.3158 | Val Loss: 0.5796 | Dice: 0.4499 | softDice: 0.4210 | clDice: 0.4816 | softclDice: 0.5381 | IoU: 0.2907 | Tversky: 0.4499 | Hausdorff: 271.8112 | HD95: 33.6407 | LR: 0.000031
2025-08-16 23:49:08 INFO Epoch 041 | Train Loss: 0.3147 | Val Loss: 0.5800 | Dice: 0.4470 | softDice: 0.4182 | clDice: 0.4778 | softclDice: 0.5426 | IoU: 0.2883 | Tversky: 0.4470 | Hausdorff: 277.7468 | HD95: 34.3781 | LR: 0.000031
2025-08-16 23:50:37 INFO Epoch 042 | Train Loss: 0.3156 | Val Loss: 0.5804 | Dice: 0.4481 | softDice: 0.4189 | clDice: 0.4803 | softclDice: 0.5410 | IoU: 0.2892 | Tversky: 0.4481 | Hausdorff: 271.4846 | HD95: 32.8796 | LR: 0.000016
2025-08-16 23:52:04 INFO Epoch 043 | Train Loss: 0.3162 | Val Loss: 0.5796 | Dice: 0.4483 | softDice: 0.4193 | clDice: 0.4800 | softclDice: 0.5402 | IoU: 0.2894 | Tversky: 0.4483 | Hausdorff: 271.7066 | HD95: 33.1373 | LR: 0.000016
2025-08-16 23:53:34 INFO Epoch 044 | Train Loss: 0.3128 | Val Loss: 0.5800 | Dice: 0.4484 | softDice: 0.4192 | clDice: 0.4806 | softclDice: 0.5403 | IoU: 0.2894 | Tversky: 0.4484 | Hausdorff: 276.5817 | HD95: 33.6400 | LR: 0.000016
2025-08-16 23:55:03 INFO Epoch 045 | Train Loss: 0.3143 | Val Loss: 0.5806 | Dice: 0.4457 | softDice: 0.4178 | clDice: 0.4771 | softclDice: 0.5423 | IoU: 0.2872 | Tversky: 0.4457 | Hausdorff: 276.8530 | HD95: 34.0381 | LR: 0.000016
2025-08-16 23:56:31 INFO Epoch 046 | Train Loss: 0.3132 | Val Loss: 0.5800 | Dice: 0.4462 | softDice: 0.4178 | clDice: 0.4778 | softclDice: 0.5418 | IoU: 0.2877 | Tversky: 0.4462 | Hausdorff: 282.6361 | HD95: 34.5172 | LR: 0.000016
2025-08-16 23:57:59 INFO Epoch 047 | Train Loss: 0.3113 | Val Loss: 0.5804 | Dice: 0.4480 | softDice: 0.4198 | clDice: 0.4801 | softclDice: 0.5394 | IoU: 0.2892 | Tversky: 0.4480 | Hausdorff: 279.5478 | HD95: 33.9204 | LR: 0.000016
2025-08-16 23:59:27 INFO Epoch 048 | Train Loss: 0.3135 | Val Loss: 0.5809 | Dice: 0.4469 | softDice: 0.4184 | clDice: 0.4790 | softclDice: 0.5413 | IoU: 0.2882 | Tversky: 0.4469 | Hausdorff: 273.8697 | HD95: 32.8418 | LR: 0.000008
2025-08-17 00:00:55 INFO Epoch 049 | Train Loss: 0.3135 | Val Loss: 0.5805 | Dice: 0.4459 | softDice: 0.4175 | clDice: 0.4775 | softclDice: 0.5420 | IoU: 0.2874 | Tversky: 0.4459 | Hausdorff: 275.8030 | HD95: 33.5830 | LR: 0.000008
2025-08-17 00:02:26 INFO Epoch 050 | Train Loss: 0.3108 | Val Loss: 0.5806 | Dice: 0.4459 | softDice: 0.4174 | clDice: 0.4772 | softclDice: 0.5424 | IoU: 0.2873 | Tversky: 0.4459 | Hausdorff: 278.7887 | HD95: 33.6964 | LR: 0.000008
2025-08-17 00:02:26 INFO Training completed.
2025-08-17 00:02:50 INFO Fold 2 results: Dice: 0.4754 | softDice: 0.4281 | clDice: 0.5143 | softclDice: 0.5181 | IoU: 0.3125 | Tversky: 0.4754 | Hausdorff: 287.3250 | HD95: 33.3619
2025-08-17 00:02:50 INFO ===== Fold 3 / 5 =====
2025-08-17 00:02:50 INFO Loading model unet with settings {'name': 'unet', 'encoder_name': 'se_resnext50_32x4d', 'encoder_weights': 'imagenet', 'classes': 1, 'activation': None, 'dropout': 0.2}
2025-08-17 00:04:21 INFO Epoch 001 | Train Loss: 0.4674 | Val Loss: 0.5696 | Dice: 0.4541 | softDice: 0.3626 | clDice: 0.5101 | softclDice: 0.6300 | IoU: 0.2945 | Tversky: 0.4541 | Hausdorff: 255.8879 | HD95: 46.4870 | LR: 0.001000
2025-08-17 00:05:51 INFO Epoch 002 | Train Loss: 0.3888 | Val Loss: 0.5673 | Dice: 0.4434 | softDice: 0.3923 | clDice: 0.4790 | softclDice: 0.5653 | IoU: 0.2862 | Tversky: 0.4434 | Hausdorff: 266.1868 | HD95: 47.0979 | LR: 0.001000
2025-08-17 00:07:21 INFO Epoch 003 | Train Loss: 0.3800 | Val Loss: 0.5695 | Dice: 0.4763 | softDice: 0.4282 | clDice: 0.5238 | softclDice: 0.5172 | IoU: 0.3136 | Tversky: 0.4763 | Hausdorff: 244.3784 | HD95: 38.7469 | LR: 0.001000
2025-08-17 00:08:51 INFO Epoch 004 | Train Loss: 0.3785 | Val Loss: 0.5757 | Dice: 0.4566 | softDice: 0.4001 | clDice: 0.4929 | softclDice: 0.5547 | IoU: 0.2967 | Tversky: 0.4566 | Hausdorff: 477.7967 | HD95: 53.9195 | LR: 0.001000
2025-08-17 00:10:18 INFO Epoch 005 | Train Loss: 0.3738 | Val Loss: 0.5690 | Dice: 0.4861 | softDice: 0.4278 | clDice: 0.5439 | softclDice: 0.5003 | IoU: 0.3220 | Tversky: 0.4861 | Hausdorff: 241.5424 | HD95: 36.1874 | LR: 0.001000
2025-08-17 00:11:48 INFO Epoch 006 | Train Loss: 0.3727 | Val Loss: 0.5657 | Dice: 0.4776 | softDice: 0.4230 | clDice: 0.5249 | softclDice: 0.5132 | IoU: 0.3148 | Tversky: 0.4776 | Hausdorff: 249.6314 | HD95: 37.4771 | LR: 0.001000
2025-08-17 00:13:19 INFO Epoch 007 | Train Loss: 0.3691 | Val Loss: 0.5652 | Dice: 0.4836 | softDice: 0.4287 | clDice: 0.5301 | softclDice: 0.5095 | IoU: 0.3199 | Tversky: 0.4836 | Hausdorff: 236.1048 | HD95: 32.2457 | LR: 0.001000
2025-08-17 00:14:50 INFO Epoch 008 | Train Loss: 0.3692 | Val Loss: 0.5748 | Dice: 0.4845 | softDice: 0.4313 | clDice: 0.5420 | softclDice: 0.4926 | IoU: 0.3206 | Tversky: 0.4845 | Hausdorff: 266.1182 | HD95: 35.7848 | LR: 0.001000
2025-08-17 00:16:21 INFO Epoch 009 | Train Loss: 0.3666 | Val Loss: 0.5685 | Dice: 0.4905 | softDice: 0.4407 | clDice: 0.5481 | softclDice: 0.4855 | IoU: 0.3260 | Tversky: 0.4905 | Hausdorff: 226.1881 | HD95: 34.3866 | LR: 0.001000
2025-08-17 00:17:50 INFO Epoch 010 | Train Loss: 0.3647 | Val Loss: 0.5692 | Dice: 0.4875 | softDice: 0.4426 | clDice: 0.5437 | softclDice: 0.4862 | IoU: 0.3234 | Tversky: 0.4875 | Hausdorff: 247.6847 | HD95: 38.7076 | LR: 0.001000
2025-08-17 00:19:19 INFO Epoch 011 | Train Loss: 0.3618 | Val Loss: 0.5667 | Dice: 0.4703 | softDice: 0.4225 | clDice: 0.5179 | softclDice: 0.5126 | IoU: 0.3087 | Tversky: 0.4703 | Hausdorff: 246.2418 | HD95: 39.5301 | LR: 0.001000
2025-08-17 00:20:50 INFO Epoch 012 | Train Loss: 0.3637 | Val Loss: 0.5737 | Dice: 0.4774 | softDice: 0.4294 | clDice: 0.5386 | softclDice: 0.4946 | IoU: 0.3145 | Tversky: 0.4774 | Hausdorff: 242.4700 | HD95: 34.8900 | LR: 0.001000
2025-08-17 00:22:20 INFO Epoch 013 | Train Loss: 0.3621 | Val Loss: 0.5670 | Dice: 0.4791 | softDice: 0.4299 | clDice: 0.5269 | softclDice: 0.5007 | IoU: 0.3161 | Tversky: 0.4791 | Hausdorff: 231.8064 | HD95: 40.7363 | LR: 0.000500
2025-08-17 00:23:48 INFO Epoch 014 | Train Loss: 0.3579 | Val Loss: 0.5692 | Dice: 0.4844 | softDice: 0.4396 | clDice: 0.5360 | softclDice: 0.4938 | IoU: 0.3208 | Tversky: 0.4844 | Hausdorff: 242.7229 | HD95: 33.7554 | LR: 0.000500
2025-08-17 00:25:16 INFO Epoch 015 | Train Loss: 0.3557 | Val Loss: 0.5695 | Dice: 0.4785 | softDice: 0.4354 | clDice: 0.5245 | softclDice: 0.5036 | IoU: 0.3156 | Tversky: 0.4785 | Hausdorff: 265.7899 | HD95: 34.2066 | LR: 0.000500
2025-08-17 00:26:46 INFO Epoch 016 | Train Loss: 0.3536 | Val Loss: 0.5708 | Dice: 0.4815 | softDice: 0.4368 | clDice: 0.5323 | softclDice: 0.4974 | IoU: 0.3182 | Tversky: 0.4815 | Hausdorff: 240.4366 | HD95: 32.7721 | LR: 0.000500
2025-08-17 00:28:16 INFO Epoch 017 | Train Loss: 0.3490 | Val Loss: 0.5720 | Dice: 0.4717 | softDice: 0.4284 | clDice: 0.5168 | softclDice: 0.5126 | IoU: 0.3097 | Tversky: 0.4717 | Hausdorff: 263.5645 | HD95: 33.1704 | LR: 0.000500
2025-08-17 00:29:43 INFO Epoch 018 | Train Loss: 0.3490 | Val Loss: 0.5688 | Dice: 0.4808 | softDice: 0.4391 | clDice: 0.5271 | softclDice: 0.5015 | IoU: 0.3175 | Tversky: 0.4808 | Hausdorff: 204.9120 | HD95: 34.7935 | LR: 0.000500
2025-08-17 00:31:13 INFO Epoch 019 | Train Loss: 0.3470 | Val Loss: 0.5735 | Dice: 0.4882 | softDice: 0.4446 | clDice: 0.5397 | softclDice: 0.4885 | IoU: 0.3240 | Tversky: 0.4882 | Hausdorff: 266.0301 | HD95: 33.2361 | LR: 0.000250
2025-08-17 00:32:43 INFO Epoch 020 | Train Loss: 0.3445 | Val Loss: 0.5705 | Dice: 0.4849 | softDice: 0.4428 | clDice: 0.5336 | softclDice: 0.4932 | IoU: 0.3211 | Tversky: 0.4849 | Hausdorff: 274.3279 | HD95: 34.3537 | LR: 0.000250
2025-08-17 00:34:11 INFO Epoch 021 | Train Loss: 0.3388 | Val Loss: 0.5717 | Dice: 0.4802 | softDice: 0.4413 | clDice: 0.5254 | softclDice: 0.5008 | IoU: 0.3170 | Tversky: 0.4802 | Hausdorff: 268.2341 | HD95: 34.6102 | LR: 0.000250
2025-08-17 00:35:42 INFO Epoch 022 | Train Loss: 0.3383 | Val Loss: 0.5710 | Dice: 0.4675 | softDice: 0.4303 | clDice: 0.5097 | softclDice: 0.5115 | IoU: 0.3063 | Tversky: 0.4675 | Hausdorff: 267.7964 | HD95: 38.4889 | LR: 0.000250
2025-08-17 00:37:09 INFO Epoch 023 | Train Loss: 0.3370 | Val Loss: 0.5738 | Dice: 0.4733 | softDice: 0.4365 | clDice: 0.5174 | softclDice: 0.5058 | IoU: 0.3111 | Tversky: 0.4733 | Hausdorff: 273.6024 | HD95: 37.9556 | LR: 0.000250
2025-08-17 00:38:39 INFO Epoch 024 | Train Loss: 0.3330 | Val Loss: 0.5737 | Dice: 0.4738 | softDice: 0.4373 | clDice: 0.5187 | softclDice: 0.5044 | IoU: 0.3114 | Tversky: 0.4738 | Hausdorff: 215.5557 | HD95: 37.5906 | LR: 0.000250
2025-08-17 00:40:08 INFO Epoch 025 | Train Loss: 0.3306 | Val Loss: 0.5750 | Dice: 0.4704 | softDice: 0.4350 | clDice: 0.5123 | softclDice: 0.5099 | IoU: 0.3085 | Tversky: 0.4704 | Hausdorff: 250.6460 | HD95: 32.8549 | LR: 0.000125
2025-08-17 00:41:36 INFO Epoch 026 | Train Loss: 0.3290 | Val Loss: 0.5732 | Dice: 0.4665 | softDice: 0.4323 | clDice: 0.5057 | softclDice: 0.5132 | IoU: 0.3052 | Tversky: 0.4665 | Hausdorff: 245.0823 | HD95: 37.2694 | LR: 0.000125
2025-08-17 00:43:07 INFO Epoch 027 | Train Loss: 0.3229 | Val Loss: 0.5756 | Dice: 0.4626 | softDice: 0.4295 | clDice: 0.5013 | softclDice: 0.5182 | IoU: 0.3018 | Tversky: 0.4626 | Hausdorff: 244.8083 | HD95: 36.1534 | LR: 0.000125
2025-08-17 00:44:34 INFO Epoch 028 | Train Loss: 0.3215 | Val Loss: 0.5753 | Dice: 0.4627 | softDice: 0.4303 | clDice: 0.4999 | softclDice: 0.5182 | IoU: 0.3020 | Tversky: 0.4627 | Hausdorff: 245.9091 | HD95: 35.2357 | LR: 0.000125
2025-08-17 00:46:04 INFO Epoch 029 | Train Loss: 0.3185 | Val Loss: 0.5766 | Dice: 0.4582 | softDice: 0.4267 | clDice: 0.4966 | softclDice: 0.5210 | IoU: 0.2982 | Tversky: 0.4582 | Hausdorff: 253.4244 | HD95: 35.8032 | LR: 0.000125
2025-08-17 00:47:33 INFO Epoch 030 | Train Loss: 0.3192 | Val Loss: 0.5776 | Dice: 0.4615 | softDice: 0.4302 | clDice: 0.5008 | softclDice: 0.5178 | IoU: 0.3009 | Tversky: 0.4615 | Hausdorff: 237.4896 | HD95: 36.0246 | LR: 0.000125
2025-08-17 00:49:01 INFO Epoch 031 | Train Loss: 0.3155 | Val Loss: 0.5776 | Dice: 0.4626 | softDice: 0.4304 | clDice: 0.5014 | softclDice: 0.5170 | IoU: 0.3019 | Tversky: 0.4626 | Hausdorff: 242.1380 | HD95: 36.9983 | LR: 0.000063
2025-08-17 00:50:28 INFO Epoch 032 | Train Loss: 0.3126 | Val Loss: 0.5787 | Dice: 0.4501 | softDice: 0.4223 | clDice: 0.4842 | softclDice: 0.5306 | IoU: 0.2913 | Tversky: 0.4501 | Hausdorff: 243.9336 | HD95: 36.2995 | LR: 0.000063
2025-08-17 00:51:54 INFO Epoch 033 | Train Loss: 0.3076 | Val Loss: 0.5806 | Dice: 0.4538 | softDice: 0.4267 | clDice: 0.4879 | softclDice: 0.5270 | IoU: 0.2945 | Tversky: 0.4538 | Hausdorff: 242.1971 | HD95: 35.5443 | LR: 0.000063
2025-08-17 00:53:24 INFO Epoch 034 | Train Loss: 0.3087 | Val Loss: 0.5794 | Dice: 0.4536 | softDice: 0.4247 | clDice: 0.4887 | softclDice: 0.5262 | IoU: 0.2942 | Tversky: 0.4536 | Hausdorff: 242.9864 | HD95: 36.5965 | LR: 0.000063
2025-08-17 00:54:52 INFO Epoch 035 | Train Loss: 0.3036 | Val Loss: 0.5806 | Dice: 0.4516 | softDice: 0.4247 | clDice: 0.4872 | softclDice: 0.5276 | IoU: 0.2926 | Tversky: 0.4516 | Hausdorff: 242.9221 | HD95: 36.8550 | LR: 0.000063
2025-08-17 00:56:20 INFO Epoch 036 | Train Loss: 0.3055 | Val Loss: 0.5808 | Dice: 0.4489 | softDice: 0.4225 | clDice: 0.4828 | softclDice: 0.5311 | IoU: 0.2903 | Tversky: 0.4489 | Hausdorff: 242.8759 | HD95: 36.4825 | LR: 0.000063
2025-08-17 00:57:47 INFO Epoch 037 | Train Loss: 0.3008 | Val Loss: 0.5816 | Dice: 0.4510 | softDice: 0.4247 | clDice: 0.4862 | softclDice: 0.5279 | IoU: 0.2920 | Tversky: 0.4510 | Hausdorff: 242.8926 | HD95: 36.1054 | LR: 0.000031
2025-08-17 00:59:16 INFO Epoch 038 | Train Loss: 0.3027 | Val Loss: 0.5813 | Dice: 0.4516 | softDice: 0.4250 | clDice: 0.4881 | softclDice: 0.5270 | IoU: 0.2926 | Tversky: 0.4516 | Hausdorff: 244.2097 | HD95: 36.0160 | LR: 0.000031
2025-08-17 01:00:44 INFO Epoch 039 | Train Loss: 0.3002 | Val Loss: 0.5815 | Dice: 0.4492 | softDice: 0.4212 | clDice: 0.4852 | softclDice: 0.5309 | IoU: 0.2906 | Tversky: 0.4492 | Hausdorff: 243.8812 | HD95: 34.8515 | LR: 0.000031
2025-08-17 01:02:11 INFO Epoch 040 | Train Loss: 0.3010 | Val Loss: 0.5815 | Dice: 0.4481 | softDice: 0.4217 | clDice: 0.4826 | softclDice: 0.5315 | IoU: 0.2897 | Tversky: 0.4481 | Hausdorff: 244.9214 | HD95: 35.5995 | LR: 0.000031
2025-08-17 01:03:39 INFO Epoch 041 | Train Loss: 0.2984 | Val Loss: 0.5827 | Dice: 0.4498 | softDice: 0.4231 | clDice: 0.4843 | softclDice: 0.5304 | IoU: 0.2912 | Tversky: 0.4498 | Hausdorff: 243.1783 | HD95: 35.5025 | LR: 0.000031
2025-08-17 01:05:05 INFO Epoch 042 | Train Loss: 0.2994 | Val Loss: 0.5809 | Dice: 0.4473 | softDice: 0.4207 | clDice: 0.4812 | softclDice: 0.5338 | IoU: 0.2891 | Tversky: 0.4473 | Hausdorff: 242.2689 | HD95: 37.2969 | LR: 0.000031
2025-08-17 01:06:32 INFO Epoch 043 | Train Loss: 0.2970 | Val Loss: 0.5824 | Dice: 0.4436 | softDice: 0.4174 | clDice: 0.4762 | softclDice: 0.5376 | IoU: 0.2859 | Tversky: 0.4436 | Hausdorff: 241.7317 | HD95: 36.0193 | LR: 0.000016
2025-08-17 01:08:02 INFO Epoch 044 | Train Loss: 0.2972 | Val Loss: 0.5825 | Dice: 0.4485 | softDice: 0.4225 | clDice: 0.4829 | softclDice: 0.5316 | IoU: 0.2900 | Tversky: 0.4485 | Hausdorff: 246.4012 | HD95: 35.4697 | LR: 0.000016
2025-08-17 01:09:31 INFO Epoch 045 | Train Loss: 0.2959 | Val Loss: 0.5822 | Dice: 0.4463 | softDice: 0.4202 | clDice: 0.4797 | softclDice: 0.5342 | IoU: 0.2881 | Tversky: 0.4463 | Hausdorff: 245.6182 | HD95: 35.9130 | LR: 0.000016
2025-08-17 01:10:57 INFO Epoch 046 | Train Loss: 0.2939 | Val Loss: 0.5833 | Dice: 0.4499 | softDice: 0.4239 | clDice: 0.4845 | softclDice: 0.5300 | IoU: 0.2912 | Tversky: 0.4499 | Hausdorff: 241.7789 | HD95: 35.2019 | LR: 0.000016
2025-08-17 01:12:25 INFO Epoch 047 | Train Loss: 0.2985 | Val Loss: 0.5830 | Dice: 0.4478 | softDice: 0.4213 | clDice: 0.4818 | softclDice: 0.5329 | IoU: 0.2894 | Tversky: 0.4478 | Hausdorff: 245.0591 | HD95: 35.3580 | LR: 0.000016
2025-08-17 01:13:54 INFO Epoch 048 | Train Loss: 0.2965 | Val Loss: 0.5822 | Dice: 0.4464 | softDice: 0.4205 | clDice: 0.4799 | softclDice: 0.5342 | IoU: 0.2883 | Tversky: 0.4464 | Hausdorff: 242.1802 | HD95: 36.5223 | LR: 0.000016
2025-08-17 01:15:24 INFO Epoch 049 | Train Loss: 0.2939 | Val Loss: 0.5835 | Dice: 0.4457 | softDice: 0.4204 | clDice: 0.4794 | softclDice: 0.5341 | IoU: 0.2876 | Tversky: 0.4457 | Hausdorff: 241.7390 | HD95: 36.0660 | LR: 0.000008
2025-08-17 01:16:55 INFO Epoch 050 | Train Loss: 0.2920 | Val Loss: 0.5833 | Dice: 0.4473 | softDice: 0.4217 | clDice: 0.4814 | softclDice: 0.5328 | IoU: 0.2889 | Tversky: 0.4473 | Hausdorff: 245.3477 | HD95: 35.1762 | LR: 0.000008
2025-08-17 01:16:55 INFO Training completed.
2025-08-17 01:17:19 INFO Fold 3 results: Dice: 0.4836 | softDice: 0.4287 | clDice: 0.5301 | softclDice: 0.5095 | IoU: 0.3199 | Tversky: 0.4836 | Hausdorff: 236.1048 | HD95: 32.2457
2025-08-17 01:17:19 INFO ===== Fold 4 / 5 =====
2025-08-17 01:17:19 INFO Loading model unet with settings {'name': 'unet', 'encoder_name': 'se_resnext50_32x4d', 'encoder_weights': 'imagenet', 'classes': 1, 'activation': None, 'dropout': 0.2}
2025-08-17 01:18:49 INFO Epoch 001 | Train Loss: 0.5740 | Val Loss: 0.5839 | Dice: 0.4333 | softDice: 0.2824 | clDice: 0.4788 | softclDice: 0.7111 | IoU: 0.2767 | Tversky: 0.4333 | Hausdorff: 255.6908 | HD95: 71.2851 | LR: 0.001000
2025-08-17 01:20:19 INFO Epoch 002 | Train Loss: 0.4166 | Val Loss: 0.5711 | Dice: 0.4583 | softDice: 0.3636 | clDice: 0.4977 | softclDice: 0.5945 | IoU: 0.2974 | Tversky: 0.4583 | Hausdorff: 385.1905 | HD95: 42.3270 | LR: 0.001000
2025-08-17 01:21:49 INFO Epoch 003 | Train Loss: 0.3865 | Val Loss: 0.5763 | Dice: 0.4706 | softDice: 0.4070 | clDice: 0.5218 | softclDice: 0.5379 | IoU: 0.3079 | Tversky: 0.4706 | Hausdorff: 233.0722 | HD95: 39.8325 | LR: 0.001000
2025-08-17 01:23:19 INFO Epoch 004 | Train Loss: 0.3791 | Val Loss: 0.5740 | Dice: 0.4716 | softDice: 0.4073 | clDice: 0.5148 | softclDice: 0.5361 | IoU: 0.3088 | Tversky: 0.4716 | Hausdorff: 256.5229 | HD95: 40.1100 | LR: 0.001000
2025-08-17 01:24:49 INFO Epoch 005 | Train Loss: 0.3741 | Val Loss: 0.5691 | Dice: 0.4721 | softDice: 0.4165 | clDice: 0.5209 | softclDice: 0.5228 | IoU: 0.3093 | Tversky: 0.4721 | Hausdorff: 226.6061 | HD95: 46.3295 | LR: 0.001000
2025-08-17 01:26:19 INFO Epoch 006 | Train Loss: 0.3737 | Val Loss: 0.5786 | Dice: 0.4652 | softDice: 0.4115 | clDice: 0.5117 | softclDice: 0.5336 | IoU: 0.3033 | Tversky: 0.4652 | Hausdorff: 247.9762 | HD95: 37.5634 | LR: 0.001000
2025-08-17 01:27:50 INFO Epoch 007 | Train Loss: 0.3704 | Val Loss: 0.5710 | Dice: 0.4744 | softDice: 0.4239 | clDice: 0.5224 | softclDice: 0.5099 | IoU: 0.3112 | Tversky: 0.4744 | Hausdorff: 237.8994 | HD95: 41.4355 | LR: 0.001000
2025-08-17 01:29:21 INFO Epoch 008 | Train Loss: 0.3662 | Val Loss: 0.5687 | Dice: 0.4630 | softDice: 0.4086 | clDice: 0.5015 | softclDice: 0.5322 | IoU: 0.3016 | Tversky: 0.4630 | Hausdorff: 243.3401 | HD95: 43.2459 | LR: 0.001000
2025-08-17 01:30:55 INFO Epoch 009 | Train Loss: 0.3692 | Val Loss: 0.5764 | Dice: 0.4747 | softDice: 0.4277 | clDice: 0.5246 | softclDice: 0.5072 | IoU: 0.3115 | Tversky: 0.4747 | Hausdorff: 246.8611 | HD95: 37.6035 | LR: 0.001000
2025-08-17 01:32:25 INFO Epoch 010 | Train Loss: 0.3678 | Val Loss: 0.5678 | Dice: 0.4693 | softDice: 0.4213 | clDice: 0.5093 | softclDice: 0.5182 | IoU: 0.3069 | Tversky: 0.4693 | Hausdorff: 268.7158 | HD95: 39.8998 | LR: 0.001000
2025-08-17 01:33:57 INFO Epoch 011 | Train Loss: 0.3641 | Val Loss: 0.5675 | Dice: 0.4895 | softDice: 0.4273 | clDice: 0.5388 | softclDice: 0.5022 | IoU: 0.3244 | Tversky: 0.4895 | Hausdorff: 237.6608 | HD95: 32.0329 | LR: 0.001000
2025-08-17 01:35:25 INFO Epoch 012 | Train Loss: 0.3635 | Val Loss: 0.5719 | Dice: 0.4551 | softDice: 0.4182 | clDice: 0.4913 | softclDice: 0.5347 | IoU: 0.2950 | Tversky: 0.4551 | Hausdorff: 233.3905 | HD95: 51.6132 | LR: 0.001000
2025-08-17 01:36:57 INFO Epoch 013 | Train Loss: 0.3618 | Val Loss: 0.5706 | Dice: 0.4821 | softDice: 0.4287 | clDice: 0.5309 | softclDice: 0.5054 | IoU: 0.3179 | Tversky: 0.4821 | Hausdorff: 214.5148 | HD95: 33.7133 | LR: 0.001000
2025-08-17 01:38:28 INFO Epoch 014 | Train Loss: 0.3603 | Val Loss: 0.5700 | Dice: 0.4750 | softDice: 0.4278 | clDice: 0.5142 | softclDice: 0.5153 | IoU: 0.3118 | Tversky: 0.4750 | Hausdorff: 220.7544 | HD95: 35.7699 | LR: 0.001000
2025-08-17 01:39:57 INFO Epoch 015 | Train Loss: 0.3608 | Val Loss: 0.5745 | Dice: 0.4787 | softDice: 0.4258 | clDice: 0.5293 | softclDice: 0.5062 | IoU: 0.3149 | Tversky: 0.4787 | Hausdorff: 248.8409 | HD95: 34.9631 | LR: 0.001000
2025-08-17 01:41:26 INFO Epoch 016 | Train Loss: 0.3593 | Val Loss: 0.5686 | Dice: 0.4537 | softDice: 0.4100 | clDice: 0.4892 | softclDice: 0.5394 | IoU: 0.2937 | Tversky: 0.4537 | Hausdorff: 242.1937 | HD95: 53.1690 | LR: 0.001000
2025-08-17 01:42:57 INFO Epoch 017 | Train Loss: 0.3564 | Val Loss: 0.5712 | Dice: 0.4790 | softDice: 0.4308 | clDice: 0.5264 | softclDice: 0.5063 | IoU: 0.3152 | Tversky: 0.4790 | Hausdorff: 246.1261 | HD95: 36.4725 | LR: 0.000500
2025-08-17 01:44:27 INFO Epoch 018 | Train Loss: 0.3524 | Val Loss: 0.5686 | Dice: 0.4815 | softDice: 0.4330 | clDice: 0.5265 | softclDice: 0.5042 | IoU: 0.3173 | Tversky: 0.4815 | Hausdorff: 234.0977 | HD95: 31.6744 | LR: 0.000500
2025-08-17 01:45:56 INFO Epoch 019 | Train Loss: 0.3521 | Val Loss: 0.5735 | Dice: 0.4807 | softDice: 0.4328 | clDice: 0.5313 | softclDice: 0.5020 | IoU: 0.3167 | Tversky: 0.4807 | Hausdorff: 226.6193 | HD95: 31.4495 | LR: 0.000500
2025-08-17 01:47:26 INFO Epoch 020 | Train Loss: 0.3476 | Val Loss: 0.5728 | Dice: 0.4738 | softDice: 0.4290 | clDice: 0.5214 | softclDice: 0.5080 | IoU: 0.3107 | Tversky: 0.4738 | Hausdorff: 269.7541 | HD95: 33.5941 | LR: 0.000500
2025-08-17 01:48:56 INFO Epoch 021 | Train Loss: 0.3455 | Val Loss: 0.5729 | Dice: 0.4571 | softDice: 0.4187 | clDice: 0.4918 | softclDice: 0.5301 | IoU: 0.2966 | Tversky: 0.4571 | Hausdorff: 229.4259 | HD95: 35.1722 | LR: 0.000500
2025-08-17 01:50:26 INFO Epoch 022 | Train Loss: 0.3423 | Val Loss: 0.5735 | Dice: 0.4786 | softDice: 0.4335 | clDice: 0.5220 | softclDice: 0.5073 | IoU: 0.3149 | Tversky: 0.4786 | Hausdorff: 224.7194 | HD95: 30.6482 | LR: 0.000500
2025-08-17 01:51:56 INFO Epoch 023 | Train Loss: 0.3426 | Val Loss: 0.5732 | Dice: 0.4649 | softDice: 0.4242 | clDice: 0.5032 | softclDice: 0.5198 | IoU: 0.3030 | Tversky: 0.4649 | Hausdorff: 239.8251 | HD95: 40.2227 | LR: 0.000250
2025-08-17 01:53:27 INFO Epoch 024 | Train Loss: 0.3354 | Val Loss: 0.5753 | Dice: 0.4739 | softDice: 0.4350 | clDice: 0.5151 | softclDice: 0.5088 | IoU: 0.3108 | Tversky: 0.4739 | Hausdorff: 222.0338 | HD95: 31.0591 | LR: 0.000250
2025-08-17 01:54:56 INFO Epoch 025 | Train Loss: 0.3354 | Val Loss: 0.5755 | Dice: 0.4561 | softDice: 0.4204 | clDice: 0.4917 | softclDice: 0.5303 | IoU: 0.2957 | Tversky: 0.4561 | Hausdorff: 250.8275 | HD95: 31.3280 | LR: 0.000250
2025-08-17 01:56:26 INFO Epoch 026 | Train Loss: 0.3311 | Val Loss: 0.5779 | Dice: 0.4645 | softDice: 0.4272 | clDice: 0.5020 | softclDice: 0.5219 | IoU: 0.3028 | Tversky: 0.4645 | Hausdorff: 266.8833 | HD95: 31.8180 | LR: 0.000250
2025-08-17 01:57:58 INFO Epoch 027 | Train Loss: 0.3288 | Val Loss: 0.5757 | Dice: 0.4561 | softDice: 0.4214 | clDice: 0.4916 | softclDice: 0.5293 | IoU: 0.2957 | Tversky: 0.4561 | Hausdorff: 267.3378 | HD95: 30.8836 | LR: 0.000250
2025-08-17 01:59:30 INFO Epoch 028 | Train Loss: 0.3251 | Val Loss: 0.5761 | Dice: 0.4564 | softDice: 0.4232 | clDice: 0.4912 | softclDice: 0.5275 | IoU: 0.2960 | Tversky: 0.4564 | Hausdorff: 234.7551 | HD95: 33.6891 | LR: 0.000250
2025-08-17 02:01:01 INFO Epoch 029 | Train Loss: 0.3235 | Val Loss: 0.5788 | Dice: 0.4564 | softDice: 0.4227 | clDice: 0.4885 | softclDice: 0.5306 | IoU: 0.2959 | Tversky: 0.4564 | Hausdorff: 237.3079 | HD95: 30.3657 | LR: 0.000125
2025-08-17 02:02:30 INFO Epoch 030 | Train Loss: 0.3197 | Val Loss: 0.5789 | Dice: 0.4591 | softDice: 0.4233 | clDice: 0.4935 | softclDice: 0.5294 | IoU: 0.2983 | Tversky: 0.4591 | Hausdorff: 232.3287 | HD95: 29.1658 | LR: 0.000125
2025-08-17 02:03:59 INFO Epoch 031 | Train Loss: 0.3139 | Val Loss: 0.5785 | Dice: 0.4564 | softDice: 0.4240 | clDice: 0.4893 | softclDice: 0.5288 | IoU: 0.2960 | Tversky: 0.4564 | Hausdorff: 227.6448 | HD95: 31.3020 | LR: 0.000125
2025-08-17 02:05:29 INFO Epoch 032 | Train Loss: 0.3138 | Val Loss: 0.5782 | Dice: 0.4533 | softDice: 0.4219 | clDice: 0.4887 | softclDice: 0.5292 | IoU: 0.2934 | Tversky: 0.4533 | Hausdorff: 238.6617 | HD95: 33.9597 | LR: 0.000125
2025-08-17 02:07:00 INFO Epoch 033 | Train Loss: 0.3103 | Val Loss: 0.5809 | Dice: 0.4525 | softDice: 0.4228 | clDice: 0.4840 | softclDice: 0.5324 | IoU: 0.2927 | Tversky: 0.4525 | Hausdorff: 234.1546 | HD95: 32.0610 | LR: 0.000125
2025-08-17 02:08:29 INFO Epoch 034 | Train Loss: 0.3079 | Val Loss: 0.5810 | Dice: 0.4510 | softDice: 0.4230 | clDice: 0.4828 | softclDice: 0.5329 | IoU: 0.2915 | Tversky: 0.4510 | Hausdorff: 249.3798 | HD95: 32.1654 | LR: 0.000125
2025-08-17 02:09:57 INFO Epoch 035 | Train Loss: 0.3057 | Val Loss: 0.5818 | Dice: 0.4368 | softDice: 0.4114 | clDice: 0.4659 | softclDice: 0.5471 | IoU: 0.2797 | Tversky: 0.4368 | Hausdorff: 233.6861 | HD95: 35.3970 | LR: 0.000063
2025-08-17 02:11:27 INFO Epoch 036 | Train Loss: 0.3030 | Val Loss: 0.5829 | Dice: 0.4419 | softDice: 0.4149 | clDice: 0.4719 | softclDice: 0.5421 | IoU: 0.2839 | Tversky: 0.4419 | Hausdorff: 245.0920 | HD95: 31.7046 | LR: 0.000063
2025-08-17 02:12:58 INFO Epoch 037 | Train Loss: 0.3011 | Val Loss: 0.5828 | Dice: 0.4482 | softDice: 0.4201 | clDice: 0.4802 | softclDice: 0.5350 | IoU: 0.2891 | Tversky: 0.4482 | Hausdorff: 237.2954 | HD95: 30.1702 | LR: 0.000063
2025-08-17 02:14:27 INFO Epoch 038 | Train Loss: 0.3009 | Val Loss: 0.5839 | Dice: 0.4459 | softDice: 0.4192 | clDice: 0.4789 | softclDice: 0.5362 | IoU: 0.2872 | Tversky: 0.4459 | Hausdorff: 242.9192 | HD95: 31.4292 | LR: 0.000063
2025-08-17 02:15:56 INFO Epoch 039 | Train Loss: 0.2967 | Val Loss: 0.5840 | Dice: 0.4407 | softDice: 0.4156 | clDice: 0.4699 | softclDice: 0.5424 | IoU: 0.2829 | Tversky: 0.4407 | Hausdorff: 244.7360 | HD95: 31.9360 | LR: 0.000063
2025-08-17 02:17:24 INFO Epoch 040 | Train Loss: 0.2984 | Val Loss: 0.5835 | Dice: 0.4425 | softDice: 0.4161 | clDice: 0.4731 | softclDice: 0.5412 | IoU: 0.2844 | Tversky: 0.4425 | Hausdorff: 243.2758 | HD95: 30.7917 | LR: 0.000063
2025-08-17 02:18:53 INFO Epoch 041 | Train Loss: 0.2936 | Val Loss: 0.5854 | Dice: 0.4409 | softDice: 0.4154 | clDice: 0.4714 | softclDice: 0.5432 | IoU: 0.2830 | Tversky: 0.4409 | Hausdorff: 243.4482 | HD95: 30.6946 | LR: 0.000031
2025-08-17 02:20:23 INFO Epoch 042 | Train Loss: 0.2952 | Val Loss: 0.5849 | Dice: 0.4471 | softDice: 0.4199 | clDice: 0.4786 | softclDice: 0.5362 | IoU: 0.2882 | Tversky: 0.4471 | Hausdorff: 243.3599 | HD95: 29.7419 | LR: 0.000031
2025-08-17 02:21:53 INFO Epoch 043 | Train Loss: 0.2929 | Val Loss: 0.5864 | Dice: 0.4447 | softDice: 0.4183 | clDice: 0.4759 | softclDice: 0.5381 | IoU: 0.2862 | Tversky: 0.4447 | Hausdorff: 236.3409 | HD95: 28.9102 | LR: 0.000031
2025-08-17 02:23:22 INFO Epoch 044 | Train Loss: 0.2933 | Val Loss: 0.5857 | Dice: 0.4417 | softDice: 0.4160 | clDice: 0.4711 | softclDice: 0.5413 | IoU: 0.2837 | Tversky: 0.4417 | Hausdorff: 245.3880 | HD95: 29.6811 | LR: 0.000031
2025-08-17 02:24:50 INFO Epoch 045 | Train Loss: 0.2905 | Val Loss: 0.5858 | Dice: 0.4423 | softDice: 0.4161 | clDice: 0.4726 | softclDice: 0.5409 | IoU: 0.2842 | Tversky: 0.4423 | Hausdorff: 245.5083 | HD95: 30.1651 | LR: 0.000031
2025-08-17 02:26:19 INFO Epoch 046 | Train Loss: 0.2912 | Val Loss: 0.5864 | Dice: 0.4424 | softDice: 0.4175 | clDice: 0.4726 | softclDice: 0.5405 | IoU: 0.2843 | Tversky: 0.4424 | Hausdorff: 243.9039 | HD95: 29.8008 | LR: 0.000031
2025-08-17 02:27:48 INFO Epoch 047 | Train Loss: 0.2913 | Val Loss: 0.5855 | Dice: 0.4425 | softDice: 0.4180 | clDice: 0.4718 | softclDice: 0.5406 | IoU: 0.2844 | Tversky: 0.4425 | Hausdorff: 236.9588 | HD95: 31.8407 | LR: 0.000016
2025-08-17 02:29:17 INFO Epoch 048 | Train Loss: 0.2923 | Val Loss: 0.5860 | Dice: 0.4428 | softDice: 0.4176 | clDice: 0.4718 | softclDice: 0.5405 | IoU: 0.2847 | Tversky: 0.4428 | Hausdorff: 243.8379 | HD95: 29.9167 | LR: 0.000016
2025-08-17 02:30:45 INFO Epoch 049 | Train Loss: 0.2906 | Val Loss: 0.5871 | Dice: 0.4388 | softDice: 0.4145 | clDice: 0.4669 | softclDice: 0.5448 | IoU: 0.2813 | Tversky: 0.4388 | Hausdorff: 237.9260 | HD95: 30.3393 | LR: 0.000016
2025-08-17 02:32:13 INFO Epoch 050 | Train Loss: 0.2902 | Val Loss: 0.5862 | Dice: 0.4403 | softDice: 0.4155 | clDice: 0.4697 | softclDice: 0.5431 | IoU: 0.2826 | Tversky: 0.4403 | Hausdorff: 238.5363 | HD95: 30.2750 | LR: 0.000016
2025-08-17 02:32:13 INFO Training completed.
2025-08-17 02:32:39 INFO Fold 4 results: Dice: 0.4895 | softDice: 0.4273 | clDice: 0.5388 | softclDice: 0.5022 | IoU: 0.3244 | Tversky: 0.4895 | Hausdorff: 237.6608 | HD95: 32.0329
2025-08-17 02:32:39 INFO ===== Fold 5 / 5 =====
2025-08-17 02:32:39 INFO Loading model unet with settings {'name': 'unet', 'encoder_name': 'se_resnext50_32x4d', 'encoder_weights': 'imagenet', 'classes': 1, 'activation': None, 'dropout': 0.2}
2025-08-17 02:34:10 INFO Epoch 001 | Train Loss: 0.5265 | Val Loss: 0.5732 | Dice: 0.4449 | softDice: 0.3034 | clDice: 0.4950 | softclDice: 0.6692 | IoU: 0.2864 | Tversky: 0.4449 | Hausdorff: 406.3383 | HD95: 57.3971 | LR: 0.001000
2025-08-17 02:35:39 INFO Epoch 002 | Train Loss: 0.4026 | Val Loss: 0.5632 | Dice: 0.4608 | softDice: 0.3820 | clDice: 0.5163 | softclDice: 0.5508 | IoU: 0.2997 | Tversky: 0.4608 | Hausdorff: 229.7168 | HD95: 49.3951 | LR: 0.001000
2025-08-17 02:37:08 INFO Epoch 003 | Train Loss: 0.3853 | Val Loss: 0.5617 | Dice: 0.4611 | softDice: 0.3917 | clDice: 0.5100 | softclDice: 0.5370 | IoU: 0.3000 | Tversky: 0.4611 | Hausdorff: 254.9508 | HD95: 46.0263 | LR: 0.001000
2025-08-17 02:38:40 INFO Epoch 004 | Train Loss: 0.3801 | Val Loss: 0.5645 | Dice: 0.4673 | softDice: 0.4086 | clDice: 0.5222 | softclDice: 0.5209 | IoU: 0.3052 | Tversky: 0.4673 | Hausdorff: 214.2351 | HD95: 44.2201 | LR: 0.001000
2025-08-17 02:40:07 INFO Epoch 005 | Train Loss: 0.3778 | Val Loss: 0.5614 | Dice: 0.4630 | softDice: 0.4047 | clDice: 0.5076 | softclDice: 0.5308 | IoU: 0.3016 | Tversky: 0.4630 | Hausdorff: 219.4015 | HD95: 41.1131 | LR: 0.001000
2025-08-17 02:41:37 INFO Epoch 006 | Train Loss: 0.3718 | Val Loss: 0.5638 | Dice: 0.4700 | softDice: 0.4192 | clDice: 0.5168 | softclDice: 0.5185 | IoU: 0.3076 | Tversky: 0.4700 | Hausdorff: 219.4068 | HD95: 42.0113 | LR: 0.001000
2025-08-17 02:43:06 INFO Epoch 007 | Train Loss: 0.3728 | Val Loss: 0.5636 | Dice: 0.4734 | softDice: 0.4268 | clDice: 0.5245 | softclDice: 0.5053 | IoU: 0.3105 | Tversky: 0.4734 | Hausdorff: 232.6106 | HD95: 41.3199 | LR: 0.001000
2025-08-17 02:44:36 INFO Epoch 008 | Train Loss: 0.3717 | Val Loss: 0.5621 | Dice: 0.4786 | softDice: 0.4222 | clDice: 0.5302 | softclDice: 0.5092 | IoU: 0.3148 | Tversky: 0.4786 | Hausdorff: 199.1194 | HD95: 38.2917 | LR: 0.001000
2025-08-17 02:46:08 INFO Epoch 009 | Train Loss: 0.3697 | Val Loss: 0.5635 | Dice: 0.4667 | softDice: 0.4178 | clDice: 0.5151 | softclDice: 0.5165 | IoU: 0.3047 | Tversky: 0.4667 | Hausdorff: 206.9345 | HD95: 39.2544 | LR: 0.001000
2025-08-17 02:47:40 INFO Epoch 010 | Train Loss: 0.3681 | Val Loss: 0.5637 | Dice: 0.4744 | softDice: 0.4219 | clDice: 0.5308 | softclDice: 0.5051 | IoU: 0.3111 | Tversky: 0.4744 | Hausdorff: 192.8102 | HD95: 39.6454 | LR: 0.001000
2025-08-17 02:49:10 INFO Epoch 011 | Train Loss: 0.3645 | Val Loss: 0.5626 | Dice: 0.4844 | softDice: 0.4342 | clDice: 0.5422 | softclDice: 0.4882 | IoU: 0.3199 | Tversky: 0.4844 | Hausdorff: 220.4096 | HD95: 39.4627 | LR: 0.000500
2025-08-17 02:50:41 INFO Epoch 012 | Train Loss: 0.3602 | Val Loss: 0.5609 | Dice: 0.4889 | softDice: 0.4385 | clDice: 0.5428 | softclDice: 0.4882 | IoU: 0.3238 | Tversky: 0.4889 | Hausdorff: 210.7976 | HD95: 35.2518 | LR: 0.000500
2025-08-17 02:52:10 INFO Epoch 013 | Train Loss: 0.3586 | Val Loss: 0.5610 | Dice: 0.4831 | softDice: 0.4368 | clDice: 0.5358 | softclDice: 0.4927 | IoU: 0.3188 | Tversky: 0.4831 | Hausdorff: 221.5778 | HD95: 42.9394 | LR: 0.000500
2025-08-17 02:53:41 INFO Epoch 014 | Train Loss: 0.3559 | Val Loss: 0.5630 | Dice: 0.4894 | softDice: 0.4422 | clDice: 0.5446 | softclDice: 0.4869 | IoU: 0.3243 | Tversky: 0.4894 | Hausdorff: 201.6085 | HD95: 32.5670 | LR: 0.000500
2025-08-17 02:55:13 INFO Epoch 015 | Train Loss: 0.3554 | Val Loss: 0.5616 | Dice: 0.4895 | softDice: 0.4395 | clDice: 0.5462 | softclDice: 0.4870 | IoU: 0.3244 | Tversky: 0.4895 | Hausdorff: 223.2443 | HD95: 36.5036 | LR: 0.000500
2025-08-17 02:56:41 INFO Epoch 016 | Train Loss: 0.3550 | Val Loss: 0.5647 | Dice: 0.4807 | softDice: 0.4365 | clDice: 0.5319 | softclDice: 0.4961 | IoU: 0.3168 | Tversky: 0.4807 | Hausdorff: 197.1162 | HD95: 35.6268 | LR: 0.000500
2025-08-17 02:58:14 INFO Epoch 017 | Train Loss: 0.3553 | Val Loss: 0.5611 | Dice: 0.4729 | softDice: 0.4230 | clDice: 0.5171 | softclDice: 0.5149 | IoU: 0.3099 | Tversky: 0.4729 | Hausdorff: 214.0500 | HD95: 34.6868 | LR: 0.000500
2025-08-17 02:59:45 INFO Epoch 018 | Train Loss: 0.3537 | Val Loss: 0.5647 | Dice: 0.4851 | softDice: 0.4371 | clDice: 0.5354 | softclDice: 0.4975 | IoU: 0.3206 | Tversky: 0.4851 | Hausdorff: 202.1288 | HD95: 31.8632 | LR: 0.000250
2025-08-17 03:01:18 INFO Epoch 019 | Train Loss: 0.3475 | Val Loss: 0.5643 | Dice: 0.4858 | softDice: 0.4430 | clDice: 0.5350 | softclDice: 0.4913 | IoU: 0.3212 | Tversky: 0.4858 | Hausdorff: 194.2493 | HD95: 33.9370 | LR: 0.000250
2025-08-17 03:02:49 INFO Epoch 020 | Train Loss: 0.3445 | Val Loss: 0.5644 | Dice: 0.4742 | softDice: 0.4326 | clDice: 0.5203 | softclDice: 0.5067 | IoU: 0.3112 | Tversky: 0.4742 | Hausdorff: 218.7886 | HD95: 39.3183 | LR: 0.000250
2025-08-17 03:04:19 INFO Epoch 021 | Train Loss: 0.3444 | Val Loss: 0.5640 | Dice: 0.4725 | softDice: 0.4308 | clDice: 0.5159 | softclDice: 0.5113 | IoU: 0.3096 | Tversky: 0.4725 | Hausdorff: 211.4474 | HD95: 34.3927 | LR: 0.000250
2025-08-17 03:05:49 INFO Epoch 022 | Train Loss: 0.3426 | Val Loss: 0.5661 | Dice: 0.4808 | softDice: 0.4393 | clDice: 0.5302 | softclDice: 0.4975 | IoU: 0.3168 | Tversky: 0.4808 | Hausdorff: 208.8864 | HD95: 34.5351 | LR: 0.000250
2025-08-17 03:07:20 INFO Epoch 023 | Train Loss: 0.3396 | Val Loss: 0.5658 | Dice: 0.4788 | softDice: 0.4376 | clDice: 0.5286 | softclDice: 0.4990 | IoU: 0.3151 | Tversky: 0.4788 | Hausdorff: 207.3988 | HD95: 34.1081 | LR: 0.000250
2025-08-17 03:08:49 INFO Epoch 024 | Train Loss: 0.3405 | Val Loss: 0.5638 | Dice: 0.4659 | softDice: 0.4225 | clDice: 0.5082 | softclDice: 0.5209 | IoU: 0.3040 | Tversky: 0.4659 | Hausdorff: 212.8212 | HD95: 40.5236 | LR: 0.000125
2025-08-17 03:10:17 INFO Epoch 025 | Train Loss: 0.3364 | Val Loss: 0.5666 | Dice: 0.4685 | softDice: 0.4313 | clDice: 0.5083 | softclDice: 0.5164 | IoU: 0.3063 | Tversky: 0.4685 | Hausdorff: 199.5305 | HD95: 34.3893 | LR: 0.000125
2025-08-17 03:11:47 INFO Epoch 026 | Train Loss: 0.3328 | Val Loss: 0.5659 | Dice: 0.4704 | softDice: 0.4321 | clDice: 0.5130 | softclDice: 0.5139 | IoU: 0.3078 | Tversky: 0.4704 | Hausdorff: 196.8035 | HD95: 38.0429 | LR: 0.000125
2025-08-17 03:13:17 INFO Epoch 027 | Train Loss: 0.3310 | Val Loss: 0.5682 | Dice: 0.4612 | softDice: 0.4249 | clDice: 0.4990 | softclDice: 0.5239 | IoU: 0.3000 | Tversky: 0.4612 | Hausdorff: 186.6766 | HD95: 37.7194 | LR: 0.000125
2025-08-17 03:14:48 INFO Epoch 028 | Train Loss: 0.3285 | Val Loss: 0.5684 | Dice: 0.4654 | softDice: 0.4294 | clDice: 0.5038 | softclDice: 0.5207 | IoU: 0.3036 | Tversky: 0.4654 | Hausdorff: 249.5274 | HD95: 36.6990 | LR: 0.000125
2025-08-17 03:16:18 INFO Epoch 029 | Train Loss: 0.3267 | Val Loss: 0.5695 | Dice: 0.4713 | softDice: 0.4355 | clDice: 0.5140 | softclDice: 0.5097 | IoU: 0.3086 | Tversky: 0.4713 | Hausdorff: 251.6645 | HD95: 37.8135 | LR: 0.000125
2025-08-17 03:17:46 INFO Epoch 030 | Train Loss: 0.3245 | Val Loss: 0.5707 | Dice: 0.4666 | softDice: 0.4339 | clDice: 0.5062 | softclDice: 0.5146 | IoU: 0.3045 | Tversky: 0.4666 | Hausdorff: 237.5236 | HD95: 34.8284 | LR: 0.000063
2025-08-17 03:19:16 INFO Epoch 031 | Train Loss: 0.3232 | Val Loss: 0.5704 | Dice: 0.4665 | softDice: 0.4327 | clDice: 0.5046 | softclDice: 0.5171 | IoU: 0.3045 | Tversky: 0.4665 | Hausdorff: 234.9182 | HD95: 34.5935 | LR: 0.000063
2025-08-17 03:20:46 INFO Epoch 032 | Train Loss: 0.3189 | Val Loss: 0.5716 | Dice: 0.4592 | softDice: 0.4284 | clDice: 0.4953 | softclDice: 0.5252 | IoU: 0.2983 | Tversky: 0.4592 | Hausdorff: 231.3613 | HD95: 35.1940 | LR: 0.000063
2025-08-17 03:22:16 INFO Epoch 033 | Train Loss: 0.3183 | Val Loss: 0.5705 | Dice: 0.4620 | softDice: 0.4299 | clDice: 0.4982 | softclDice: 0.5223 | IoU: 0.3007 | Tversky: 0.4620 | Hausdorff: 225.6207 | HD95: 33.2030 | LR: 0.000063
2025-08-17 03:23:47 INFO Epoch 034 | Train Loss: 0.3193 | Val Loss: 0.5701 | Dice: 0.4576 | softDice: 0.4249 | clDice: 0.4930 | softclDice: 0.5274 | IoU: 0.2969 | Tversky: 0.4576 | Hausdorff: 232.4313 | HD95: 34.3015 | LR: 0.000063
2025-08-17 03:25:15 INFO Epoch 035 | Train Loss: 0.3176 | Val Loss: 0.5722 | Dice: 0.4589 | softDice: 0.4288 | clDice: 0.4946 | softclDice: 0.5248 | IoU: 0.2980 | Tversky: 0.4589 | Hausdorff: 184.3893 | HD95: 34.5700 | LR: 0.000063
2025-08-17 03:26:43 INFO Epoch 036 | Train Loss: 0.3171 | Val Loss: 0.5715 | Dice: 0.4578 | softDice: 0.4265 | clDice: 0.4919 | softclDice: 0.5271 | IoU: 0.2972 | Tversky: 0.4578 | Hausdorff: 186.2090 | HD95: 32.1655 | LR: 0.000031
2025-08-17 03:28:12 INFO Epoch 037 | Train Loss: 0.3162 | Val Loss: 0.5732 | Dice: 0.4598 | softDice: 0.4294 | clDice: 0.4954 | softclDice: 0.5228 | IoU: 0.2988 | Tversky: 0.4598 | Hausdorff: 223.5788 | HD95: 32.8786 | LR: 0.000031
2025-08-17 03:29:40 INFO Epoch 038 | Train Loss: 0.3127 | Val Loss: 0.5735 | Dice: 0.4575 | softDice: 0.4270 | clDice: 0.4928 | softclDice: 0.5255 | IoU: 0.2969 | Tversky: 0.4575 | Hausdorff: 226.9527 | HD95: 34.0342 | LR: 0.000031
2025-08-17 03:31:10 INFO Epoch 039 | Train Loss: 0.3157 | Val Loss: 0.5731 | Dice: 0.4547 | softDice: 0.4243 | clDice: 0.4887 | softclDice: 0.5295 | IoU: 0.2945 | Tversky: 0.4547 | Hausdorff: 226.0074 | HD95: 33.7937 | LR: 0.000031
2025-08-17 03:32:39 INFO Epoch 040 | Train Loss: 0.3116 | Val Loss: 0.5732 | Dice: 0.4545 | softDice: 0.4246 | clDice: 0.4882 | softclDice: 0.5291 | IoU: 0.2944 | Tversky: 0.4545 | Hausdorff: 229.3030 | HD95: 33.9499 | LR: 0.000031
2025-08-17 03:34:09 INFO Epoch 041 | Train Loss: 0.3092 | Val Loss: 0.5741 | Dice: 0.4582 | softDice: 0.4277 | clDice: 0.4931 | softclDice: 0.5254 | IoU: 0.2975 | Tversky: 0.4582 | Hausdorff: 224.9060 | HD95: 31.9900 | LR: 0.000031
2025-08-17 03:35:40 INFO Epoch 042 | Train Loss: 0.3102 | Val Loss: 0.5742 | Dice: 0.4555 | softDice: 0.4263 | clDice: 0.4900 | softclDice: 0.5274 | IoU: 0.2952 | Tversky: 0.4555 | Hausdorff: 225.7130 | HD95: 33.9319 | LR: 0.000016
2025-08-17 03:37:10 INFO Epoch 043 | Train Loss: 0.3104 | Val Loss: 0.5740 | Dice: 0.4568 | softDice: 0.4267 | clDice: 0.4915 | softclDice: 0.5265 | IoU: 0.2963 | Tversky: 0.4568 | Hausdorff: 226.2406 | HD95: 32.9839 | LR: 0.000016
2025-08-17 03:38:40 INFO Epoch 044 | Train Loss: 0.3105 | Val Loss: 0.5742 | Dice: 0.4527 | softDice: 0.4237 | clDice: 0.4868 | softclDice: 0.5308 | IoU: 0.2928 | Tversky: 0.4527 | Hausdorff: 216.9766 | HD95: 34.2117 | LR: 0.000016
2025-08-17 03:40:07 INFO Epoch 045 | Train Loss: 0.3099 | Val Loss: 0.5740 | Dice: 0.4545 | softDice: 0.4247 | clDice: 0.4893 | softclDice: 0.5285 | IoU: 0.2944 | Tversky: 0.4545 | Hausdorff: 213.1884 | HD95: 33.2250 | LR: 0.000016
2025-08-17 03:41:37 INFO Epoch 046 | Train Loss: 0.3075 | Val Loss: 0.5741 | Dice: 0.4534 | softDice: 0.4244 | clDice: 0.4876 | softclDice: 0.5299 | IoU: 0.2934 | Tversky: 0.4534 | Hausdorff: 216.5132 | HD95: 34.6763 | LR: 0.000016
2025-08-17 03:43:06 INFO Epoch 047 | Train Loss: 0.3083 | Val Loss: 0.5748 | Dice: 0.4501 | softDice: 0.4227 | clDice: 0.4835 | softclDice: 0.5323 | IoU: 0.2907 | Tversky: 0.4501 | Hausdorff: 214.5277 | HD95: 35.9602 | LR: 0.000016
2025-08-17 03:44:35 INFO Epoch 048 | Train Loss: 0.3075 | Val Loss: 0.5743 | Dice: 0.4522 | softDice: 0.4237 | clDice: 0.4862 | softclDice: 0.5311 | IoU: 0.2924 | Tversky: 0.4522 | Hausdorff: 228.3992 | HD95: 35.1671 | LR: 0.000008
2025-08-17 03:46:03 INFO Epoch 049 | Train Loss: 0.3059 | Val Loss: 0.5748 | Dice: 0.4514 | softDice: 0.4223 | clDice: 0.4848 | softclDice: 0.5319 | IoU: 0.2918 | Tversky: 0.4514 | Hausdorff: 224.3573 | HD95: 33.4043 | LR: 0.000008
2025-08-17 03:47:31 INFO Epoch 050 | Train Loss: 0.3055 | Val Loss: 0.5744 | Dice: 0.4525 | softDice: 0.4237 | clDice: 0.4864 | softclDice: 0.5307 | IoU: 0.2927 | Tversky: 0.4525 | Hausdorff: 226.7014 | HD95: 34.6737 | LR: 0.000008
2025-08-17 03:47:31 INFO Training completed.
2025-08-17 03:47:56 INFO Fold 5 results: Dice: 0.4889 | softDice: 0.4385 | clDice: 0.5428 | softclDice: 0.4882 | IoU: 0.3238 | Tversky: 0.4889 | Hausdorff: 210.7976 | HD95: 35.2518
2025-08-17 03:47:56 INFO ===== Cross-validation results =====
2025-08-17 03:47:56 INFO Dice: 0.4817 | softDice: 0.4291 | clDice: 0.5277 | softclDice: 0.5083 | IoU: 0.3178 | Tversky: 0.4817 | Hausdorff: 241.2209 | HD95: 34.1855
