2025-08-16 21:30:00 INFO Starting training with configuration: {'model': {'name': 'unet', 'encoder_name': 'resnext50_32x4d', 'encoder_weights': 'imagenet', 'classes': 1, 'activation': None, 'dropout': 0.2}, 'dataset': {'root': '/data/smadper@alumno.upv.es/TFM/datasets/laticifers', 'patch_size': [512, 512], 'stride': [256, 256], 'num_patches': 50, 'num_workers': 8, 'positive_ratio': 0.8, 'fg_threshold': 0.04, 'feature_dirs': {'image': '/data/smadper@alumno.upv.es/TFM/datasets/laticifers/enhanced_images', 'mask': '/data/smadper@alumno.upv.es/TFM/datasets/laticifers/masks', 'distance': '/data/smadper@alumno.upv.es/TFM/datasets/laticifers/distance_maps_pt'}}, 'train': {'batch_size': 32, 'num_epochs': 50, 'learning_rate': 0.001, 'accumulation_steps': 1, 'save_dir': '/data/smadper@alumno.upv.es/TFM/checkpoints_cv2/unet/20250816_213000_unet_resnext50_32x4d_bce0.5_dice0.5', 'log_interval': 1, 'patience': 100, 'mixed_precision': True, 'experiment_name': 'unet_resnext50_32x4d_bce0.5_dice0.5', 'timestamp': '20250816_213000'}, 'test': {'batch_size': 1}, 'loss': {'name': 'bce', 'cldice_alpha': 0.5, 'use_topographic': False, 'combine_with': 'dice', 'weights': {'main': 0.5, 'combined': 0.5}, 'topo': {'alpha': 2.0, 'beta': 1.0}}}
2025-08-16 21:30:00 INFO Experiment name: unet_resnext50_32x4d_bce0.5_dice0.5
2025-08-16 21:30:00 INFO ===== Fold 1 / 5 =====
2025-08-16 21:30:00 INFO Loading model unet with settings {'name': 'unet', 'encoder_name': 'resnext50_32x4d', 'encoder_weights': 'imagenet', 'classes': 1, 'activation': None, 'dropout': 0.2}
2025-08-16 21:31:42 INFO Epoch 001 | Train Loss: 0.5790 | Val Loss: 0.6204 | Dice: 0.3436 | softDice: 0.2307 | clDice: 0.4033 | softclDice: 0.7542 | IoU: 0.2077 | Tversky: 0.3436 | Hausdorff: 728.9402 | HD95: 147.8051 | LR: 0.001000
2025-08-16 21:33:23 INFO Epoch 002 | Train Loss: 0.4318 | Val Loss: 0.5638 | Dice: 0.4477 | softDice: 0.3567 | clDice: 0.4924 | softclDice: 0.5943 | IoU: 0.2887 | Tversky: 0.4477 | Hausdorff: 227.9460 | HD95: 53.8782 | LR: 0.001000
2025-08-16 21:34:51 INFO Epoch 003 | Train Loss: 0.3968 | Val Loss: 0.5623 | Dice: 0.4481 | softDice: 0.3866 | clDice: 0.4926 | softclDice: 0.5592 | IoU: 0.2890 | Tversky: 0.4481 | Hausdorff: 289.4412 | HD95: 52.7413 | LR: 0.001000
2025-08-16 21:36:31 INFO Epoch 004 | Train Loss: 0.3862 | Val Loss: 0.5611 | Dice: 0.4352 | softDice: 0.3845 | clDice: 0.4742 | softclDice: 0.5709 | IoU: 0.2787 | Tversky: 0.4352 | Hausdorff: 385.8102 | HD95: 68.2750 | LR: 0.001000
2025-08-16 21:38:03 INFO Epoch 005 | Train Loss: 0.3816 | Val Loss: 0.5617 | Dice: 0.4564 | softDice: 0.3922 | clDice: 0.4986 | softclDice: 0.5535 | IoU: 0.2961 | Tversky: 0.4564 | Hausdorff: 237.3745 | HD95: 48.7398 | LR: 0.001000
2025-08-16 21:39:35 INFO Epoch 006 | Train Loss: 0.3813 | Val Loss: 0.5614 | Dice: 0.4481 | softDice: 0.3965 | clDice: 0.4918 | softclDice: 0.5484 | IoU: 0.2892 | Tversky: 0.4481 | Hausdorff: 324.7571 | HD95: 65.4029 | LR: 0.001000
2025-08-16 21:41:06 INFO Epoch 007 | Train Loss: 0.3777 | Val Loss: 0.5621 | Dice: 0.4376 | softDice: 0.3897 | clDice: 0.4719 | softclDice: 0.5702 | IoU: 0.2805 | Tversky: 0.4376 | Hausdorff: 232.1926 | HD95: 54.9632 | LR: 0.001000
2025-08-16 21:42:35 INFO Epoch 008 | Train Loss: 0.3758 | Val Loss: 0.5621 | Dice: 0.4469 | softDice: 0.4008 | clDice: 0.4901 | softclDice: 0.5499 | IoU: 0.2882 | Tversky: 0.4469 | Hausdorff: 236.5360 | HD95: 67.6734 | LR: 0.001000
2025-08-16 21:44:12 INFO Epoch 009 | Train Loss: 0.3758 | Val Loss: 0.5633 | Dice: 0.4425 | softDice: 0.3998 | clDice: 0.4824 | softclDice: 0.5517 | IoU: 0.2845 | Tversky: 0.4425 | Hausdorff: 259.4405 | HD95: 59.6306 | LR: 0.001000
2025-08-16 21:45:51 INFO Epoch 010 | Train Loss: 0.3740 | Val Loss: 0.5622 | Dice: 0.4363 | softDice: 0.3905 | clDice: 0.4729 | softclDice: 0.5640 | IoU: 0.2795 | Tversky: 0.4363 | Hausdorff: 227.4536 | HD95: 56.2767 | LR: 0.000500
2025-08-16 21:47:34 INFO Epoch 011 | Train Loss: 0.3669 | Val Loss: 0.5622 | Dice: 0.4592 | softDice: 0.4157 | clDice: 0.4984 | softclDice: 0.5336 | IoU: 0.2984 | Tversky: 0.4592 | Hausdorff: 234.9819 | HD95: 36.9679 | LR: 0.000500
2025-08-16 21:49:17 INFO Epoch 012 | Train Loss: 0.3668 | Val Loss: 0.5598 | Dice: 0.4729 | softDice: 0.4247 | clDice: 0.5177 | softclDice: 0.5179 | IoU: 0.3102 | Tversky: 0.4729 | Hausdorff: 236.8177 | HD95: 46.6688 | LR: 0.000500
2025-08-16 21:50:44 INFO Epoch 013 | Train Loss: 0.3652 | Val Loss: 0.5604 | Dice: 0.4722 | softDice: 0.4221 | clDice: 0.5205 | softclDice: 0.5169 | IoU: 0.3096 | Tversky: 0.4722 | Hausdorff: 232.0422 | HD95: 36.7551 | LR: 0.000500
2025-08-16 21:52:32 INFO Epoch 014 | Train Loss: 0.3632 | Val Loss: 0.5585 | Dice: 0.4685 | softDice: 0.4200 | clDice: 0.5103 | softclDice: 0.5254 | IoU: 0.3065 | Tversky: 0.4685 | Hausdorff: 234.7335 | HD95: 39.3132 | LR: 0.000500
2025-08-16 21:53:59 INFO Epoch 015 | Train Loss: 0.3650 | Val Loss: 0.5594 | Dice: 0.4701 | softDice: 0.4251 | clDice: 0.5131 | softclDice: 0.5180 | IoU: 0.3077 | Tversky: 0.4701 | Hausdorff: 232.0443 | HD95: 40.0113 | LR: 0.000500
2025-08-16 21:55:34 INFO Epoch 016 | Train Loss: 0.3622 | Val Loss: 0.5606 | Dice: 0.4807 | softDice: 0.4303 | clDice: 0.5314 | softclDice: 0.5056 | IoU: 0.3168 | Tversky: 0.4807 | Hausdorff: 231.7430 | HD95: 36.8295 | LR: 0.000500
2025-08-16 21:57:10 INFO Epoch 017 | Train Loss: 0.3615 | Val Loss: 0.5591 | Dice: 0.4615 | softDice: 0.4146 | clDice: 0.5039 | softclDice: 0.5309 | IoU: 0.3005 | Tversky: 0.4615 | Hausdorff: 234.4527 | HD95: 52.0151 | LR: 0.000500
2025-08-16 21:58:36 INFO Epoch 018 | Train Loss: 0.3612 | Val Loss: 0.5589 | Dice: 0.4641 | softDice: 0.4183 | clDice: 0.5022 | softclDice: 0.5323 | IoU: 0.3026 | Tversky: 0.4641 | Hausdorff: 239.5860 | HD95: 42.3029 | LR: 0.000500
2025-08-16 22:00:07 INFO Epoch 019 | Train Loss: 0.3621 | Val Loss: 0.5598 | Dice: 0.4633 | softDice: 0.4163 | clDice: 0.5084 | softclDice: 0.5261 | IoU: 0.3019 | Tversky: 0.4633 | Hausdorff: 236.8123 | HD95: 39.4483 | LR: 0.000500
2025-08-16 22:01:31 INFO Epoch 020 | Train Loss: 0.3623 | Val Loss: 0.5604 | Dice: 0.4624 | softDice: 0.4205 | clDice: 0.5029 | softclDice: 0.5288 | IoU: 0.3013 | Tversky: 0.4624 | Hausdorff: 243.2520 | HD95: 48.7043 | LR: 0.000250
2025-08-16 22:03:02 INFO Epoch 021 | Train Loss: 0.3552 | Val Loss: 0.5603 | Dice: 0.4689 | softDice: 0.4223 | clDice: 0.5106 | softclDice: 0.5241 | IoU: 0.3068 | Tversky: 0.4689 | Hausdorff: 231.7138 | HD95: 36.5812 | LR: 0.000250
2025-08-16 22:04:33 INFO Epoch 022 | Train Loss: 0.3529 | Val Loss: 0.5614 | Dice: 0.4758 | softDice: 0.4339 | clDice: 0.5212 | softclDice: 0.5109 | IoU: 0.3127 | Tversky: 0.4758 | Hausdorff: 230.8262 | HD95: 36.2993 | LR: 0.000250
2025-08-16 22:06:03 INFO Epoch 023 | Train Loss: 0.3539 | Val Loss: 0.5617 | Dice: 0.4793 | softDice: 0.4327 | clDice: 0.5299 | softclDice: 0.5059 | IoU: 0.3156 | Tversky: 0.4793 | Hausdorff: 234.3706 | HD95: 33.6981 | LR: 0.000250
2025-08-16 22:07:37 INFO Epoch 024 | Train Loss: 0.3530 | Val Loss: 0.5632 | Dice: 0.4762 | softDice: 0.4321 | clDice: 0.5213 | softclDice: 0.5112 | IoU: 0.3129 | Tversky: 0.4762 | Hausdorff: 252.4168 | HD95: 34.9652 | LR: 0.000250
2025-08-16 22:09:03 INFO Epoch 025 | Train Loss: 0.3513 | Val Loss: 0.5620 | Dice: 0.4728 | softDice: 0.4295 | clDice: 0.5129 | softclDice: 0.5189 | IoU: 0.3100 | Tversky: 0.4728 | Hausdorff: 231.2679 | HD95: 33.7810 | LR: 0.000250
2025-08-16 22:10:33 INFO Epoch 026 | Train Loss: 0.3522 | Val Loss: 0.5642 | Dice: 0.4659 | softDice: 0.4276 | clDice: 0.5078 | softclDice: 0.5190 | IoU: 0.3042 | Tversky: 0.4659 | Hausdorff: 235.1331 | HD95: 37.5991 | LR: 0.000125
2025-08-16 22:12:01 INFO Epoch 027 | Train Loss: 0.3459 | Val Loss: 0.5631 | Dice: 0.4722 | softDice: 0.4303 | clDice: 0.5177 | softclDice: 0.5124 | IoU: 0.3095 | Tversky: 0.4722 | Hausdorff: 234.1762 | HD95: 34.6901 | LR: 0.000125
2025-08-16 22:13:29 INFO Epoch 028 | Train Loss: 0.3458 | Val Loss: 0.5646 | Dice: 0.4655 | softDice: 0.4268 | clDice: 0.5056 | softclDice: 0.5202 | IoU: 0.3038 | Tversky: 0.4655 | Hausdorff: 232.5580 | HD95: 35.8298 | LR: 0.000125
2025-08-16 22:14:57 INFO Epoch 029 | Train Loss: 0.3417 | Val Loss: 0.5661 | Dice: 0.4680 | softDice: 0.4283 | clDice: 0.5098 | softclDice: 0.5194 | IoU: 0.3058 | Tversky: 0.4680 | Hausdorff: 231.1704 | HD95: 33.5479 | LR: 0.000125
2025-08-16 22:16:23 INFO Epoch 030 | Train Loss: 0.3433 | Val Loss: 0.5636 | Dice: 0.4677 | softDice: 0.4293 | clDice: 0.5069 | softclDice: 0.5192 | IoU: 0.3056 | Tversky: 0.4677 | Hausdorff: 225.8122 | HD95: 33.5387 | LR: 0.000125
2025-08-16 22:17:54 INFO Epoch 031 | Train Loss: 0.3404 | Val Loss: 0.5638 | Dice: 0.4609 | softDice: 0.4249 | clDice: 0.4971 | softclDice: 0.5265 | IoU: 0.2999 | Tversky: 0.4609 | Hausdorff: 233.9134 | HD95: 37.8820 | LR: 0.000125
2025-08-16 22:19:21 INFO Epoch 032 | Train Loss: 0.3365 | Val Loss: 0.5664 | Dice: 0.4608 | softDice: 0.4265 | clDice: 0.4974 | softclDice: 0.5269 | IoU: 0.2998 | Tversky: 0.4608 | Hausdorff: 237.6303 | HD95: 36.2521 | LR: 0.000063
2025-08-16 22:20:52 INFO Epoch 033 | Train Loss: 0.3334 | Val Loss: 0.5660 | Dice: 0.4635 | softDice: 0.4276 | clDice: 0.5012 | softclDice: 0.5244 | IoU: 0.3020 | Tversky: 0.4635 | Hausdorff: 224.3879 | HD95: 35.3670 | LR: 0.000063
2025-08-16 22:22:23 INFO Epoch 034 | Train Loss: 0.3332 | Val Loss: 0.5655 | Dice: 0.4631 | softDice: 0.4269 | clDice: 0.4992 | softclDice: 0.5258 | IoU: 0.3017 | Tversky: 0.4631 | Hausdorff: 219.9256 | HD95: 35.7559 | LR: 0.000063
2025-08-16 22:23:52 INFO Epoch 035 | Train Loss: 0.3322 | Val Loss: 0.5683 | Dice: 0.4573 | softDice: 0.4249 | clDice: 0.4929 | softclDice: 0.5305 | IoU: 0.2967 | Tversky: 0.4573 | Hausdorff: 223.9107 | HD95: 36.4730 | LR: 0.000063
2025-08-16 22:25:21 INFO Epoch 036 | Train Loss: 0.3313 | Val Loss: 0.5677 | Dice: 0.4548 | softDice: 0.4219 | clDice: 0.4888 | softclDice: 0.5338 | IoU: 0.2946 | Tversky: 0.4548 | Hausdorff: 220.8763 | HD95: 36.1577 | LR: 0.000063
2025-08-16 22:26:49 INFO Epoch 037 | Train Loss: 0.3291 | Val Loss: 0.5678 | Dice: 0.4567 | softDice: 0.4252 | clDice: 0.4911 | softclDice: 0.5313 | IoU: 0.2963 | Tversky: 0.4567 | Hausdorff: 222.8138 | HD95: 36.3871 | LR: 0.000063
2025-08-16 22:28:15 INFO Epoch 038 | Train Loss: 0.3278 | Val Loss: 0.5690 | Dice: 0.4615 | softDice: 0.4267 | clDice: 0.4984 | softclDice: 0.5268 | IoU: 0.3002 | Tversky: 0.4615 | Hausdorff: 222.9867 | HD95: 34.4768 | LR: 0.000031
2025-08-16 22:29:45 INFO Epoch 039 | Train Loss: 0.3259 | Val Loss: 0.5673 | Dice: 0.4570 | softDice: 0.4243 | clDice: 0.4914 | softclDice: 0.5316 | IoU: 0.2965 | Tversky: 0.4570 | Hausdorff: 221.3669 | HD95: 37.3132 | LR: 0.000031
2025-08-16 22:31:12 INFO Epoch 040 | Train Loss: 0.3256 | Val Loss: 0.5697 | Dice: 0.4555 | softDice: 0.4240 | clDice: 0.4911 | softclDice: 0.5324 | IoU: 0.2952 | Tversky: 0.4555 | Hausdorff: 223.4490 | HD95: 36.1675 | LR: 0.000031
2025-08-16 22:32:40 INFO Epoch 041 | Train Loss: 0.3224 | Val Loss: 0.5689 | Dice: 0.4550 | softDice: 0.4246 | clDice: 0.4885 | softclDice: 0.5340 | IoU: 0.2948 | Tversky: 0.4550 | Hausdorff: 224.1951 | HD95: 36.5588 | LR: 0.000031
2025-08-16 22:34:09 INFO Epoch 042 | Train Loss: 0.3218 | Val Loss: 0.5695 | Dice: 0.4553 | softDice: 0.4238 | clDice: 0.4886 | softclDice: 0.5328 | IoU: 0.2951 | Tversky: 0.4553 | Hausdorff: 219.4644 | HD95: 36.7522 | LR: 0.000031
2025-08-16 22:35:35 INFO Epoch 043 | Train Loss: 0.3210 | Val Loss: 0.5696 | Dice: 0.4524 | softDice: 0.4214 | clDice: 0.4854 | softclDice: 0.5366 | IoU: 0.2926 | Tversky: 0.4524 | Hausdorff: 220.5873 | HD95: 36.9480 | LR: 0.000031
2025-08-16 22:37:03 INFO Epoch 044 | Train Loss: 0.3214 | Val Loss: 0.5700 | Dice: 0.4510 | softDice: 0.4202 | clDice: 0.4834 | softclDice: 0.5379 | IoU: 0.2914 | Tversky: 0.4510 | Hausdorff: 220.9982 | HD95: 36.3592 | LR: 0.000016
2025-08-16 22:38:28 INFO Epoch 045 | Train Loss: 0.3195 | Val Loss: 0.5701 | Dice: 0.4529 | softDice: 0.4223 | clDice: 0.4854 | softclDice: 0.5354 | IoU: 0.2930 | Tversky: 0.4529 | Hausdorff: 220.7680 | HD95: 36.2821 | LR: 0.000016
2025-08-16 22:39:52 INFO Epoch 046 | Train Loss: 0.3160 | Val Loss: 0.5707 | Dice: 0.4517 | softDice: 0.4224 | clDice: 0.4849 | softclDice: 0.5353 | IoU: 0.2921 | Tversky: 0.4517 | Hausdorff: 221.7683 | HD95: 35.4892 | LR: 0.000016
2025-08-16 22:41:23 INFO Epoch 047 | Train Loss: 0.3176 | Val Loss: 0.5702 | Dice: 0.4524 | softDice: 0.4222 | clDice: 0.4849 | softclDice: 0.5358 | IoU: 0.2926 | Tversky: 0.4524 | Hausdorff: 223.0360 | HD95: 35.4379 | LR: 0.000016
2025-08-16 22:42:51 INFO Epoch 048 | Train Loss: 0.3163 | Val Loss: 0.5706 | Dice: 0.4528 | softDice: 0.4230 | clDice: 0.4855 | softclDice: 0.5346 | IoU: 0.2929 | Tversky: 0.4528 | Hausdorff: 223.2475 | HD95: 35.7416 | LR: 0.000016
2025-08-16 22:44:22 INFO Epoch 049 | Train Loss: 0.3165 | Val Loss: 0.5704 | Dice: 0.4535 | softDice: 0.4235 | clDice: 0.4870 | softclDice: 0.5337 | IoU: 0.2936 | Tversky: 0.4535 | Hausdorff: 251.3431 | HD95: 35.9593 | LR: 0.000016
2025-08-16 22:45:48 INFO Epoch 050 | Train Loss: 0.3162 | Val Loss: 0.5719 | Dice: 0.4515 | softDice: 0.4228 | clDice: 0.4839 | softclDice: 0.5356 | IoU: 0.2919 | Tversky: 0.4515 | Hausdorff: 223.5099 | HD95: 35.3822 | LR: 0.000008
2025-08-16 22:45:48 INFO Training completed.
2025-08-16 22:46:10 INFO Fold 1 results: Dice: 0.4685 | softDice: 0.4200 | clDice: 0.5103 | softclDice: 0.5254 | IoU: 0.3065 | Tversky: 0.4685 | Hausdorff: 234.7335 | HD95: 39.3132
2025-08-16 22:46:10 INFO ===== Fold 2 / 5 =====
2025-08-16 22:46:10 INFO Loading model unet with settings {'name': 'unet', 'encoder_name': 'resnext50_32x4d', 'encoder_weights': 'imagenet', 'classes': 1, 'activation': None, 'dropout': 0.2}
2025-08-16 22:47:39 INFO Epoch 001 | Train Loss: 0.5416 | Val Loss: 0.6226 | Dice: 0.3799 | softDice: 0.2997 | clDice: 0.4324 | softclDice: 0.7243 | IoU: 0.2351 | Tversky: 0.3799 | Hausdorff: 354.3162 | HD95: 89.9275 | LR: 0.001000
2025-08-16 22:49:15 INFO Epoch 002 | Train Loss: 0.4146 | Val Loss: 0.5790 | Dice: 0.4374 | softDice: 0.3719 | clDice: 0.4832 | softclDice: 0.5953 | IoU: 0.2802 | Tversky: 0.4374 | Hausdorff: 298.5848 | HD95: 50.5861 | LR: 0.001000
2025-08-16 22:50:45 INFO Epoch 003 | Train Loss: 0.3955 | Val Loss: 0.5742 | Dice: 0.4675 | softDice: 0.4050 | clDice: 0.5187 | softclDice: 0.5417 | IoU: 0.3055 | Tversky: 0.4675 | Hausdorff: 296.3565 | HD95: 41.6417 | LR: 0.001000
2025-08-16 22:52:16 INFO Epoch 004 | Train Loss: 0.3880 | Val Loss: 0.5676 | Dice: 0.4613 | softDice: 0.3988 | clDice: 0.5056 | softclDice: 0.5435 | IoU: 0.3004 | Tversky: 0.4613 | Hausdorff: 313.1025 | HD95: 42.8778 | LR: 0.001000
2025-08-16 22:53:48 INFO Epoch 005 | Train Loss: 0.3853 | Val Loss: 0.5688 | Dice: 0.4224 | softDice: 0.3745 | clDice: 0.4556 | softclDice: 0.5813 | IoU: 0.2685 | Tversky: 0.4224 | Hausdorff: 321.1095 | HD95: 62.6766 | LR: 0.001000
2025-08-16 22:55:18 INFO Epoch 006 | Train Loss: 0.3808 | Val Loss: 0.5740 | Dice: 0.4549 | softDice: 0.4095 | clDice: 0.4978 | softclDice: 0.5359 | IoU: 0.2949 | Tversky: 0.4549 | Hausdorff: 353.8153 | HD95: 40.7180 | LR: 0.001000
2025-08-16 22:56:51 INFO Epoch 007 | Train Loss: 0.3771 | Val Loss: 0.5708 | Dice: 0.4684 | softDice: 0.4123 | clDice: 0.5076 | softclDice: 0.5338 | IoU: 0.3063 | Tversky: 0.4684 | Hausdorff: 293.2939 | HD95: 41.8844 | LR: 0.001000
2025-08-16 22:58:19 INFO Epoch 008 | Train Loss: 0.3748 | Val Loss: 0.5714 | Dice: 0.4676 | softDice: 0.4192 | clDice: 0.5141 | softclDice: 0.5215 | IoU: 0.3056 | Tversky: 0.4676 | Hausdorff: 288.2043 | HD95: 35.5068 | LR: 0.001000
2025-08-16 22:59:52 INFO Epoch 009 | Train Loss: 0.3729 | Val Loss: 0.5673 | Dice: 0.4636 | softDice: 0.4140 | clDice: 0.5037 | softclDice: 0.5329 | IoU: 0.3022 | Tversky: 0.4636 | Hausdorff: 295.7759 | HD95: 37.1598 | LR: 0.001000
2025-08-16 23:01:20 INFO Epoch 010 | Train Loss: 0.3717 | Val Loss: 0.5705 | Dice: 0.4623 | softDice: 0.4092 | clDice: 0.5036 | softclDice: 0.5351 | IoU: 0.3010 | Tversky: 0.4623 | Hausdorff: 292.2569 | HD95: 47.5632 | LR: 0.001000
2025-08-16 23:02:51 INFO Epoch 011 | Train Loss: 0.3703 | Val Loss: 0.5683 | Dice: 0.4842 | softDice: 0.4291 | clDice: 0.5356 | softclDice: 0.5025 | IoU: 0.3198 | Tversky: 0.4842 | Hausdorff: 278.7059 | HD95: 34.2917 | LR: 0.001000
2025-08-16 23:04:19 INFO Epoch 012 | Train Loss: 0.3690 | Val Loss: 0.5682 | Dice: 0.4698 | softDice: 0.4223 | clDice: 0.5137 | softclDice: 0.5182 | IoU: 0.3077 | Tversky: 0.4698 | Hausdorff: 281.6226 | HD95: 46.6946 | LR: 0.001000
2025-08-16 23:05:49 INFO Epoch 013 | Train Loss: 0.3689 | Val Loss: 0.5722 | Dice: 0.4813 | softDice: 0.4350 | clDice: 0.5340 | softclDice: 0.4985 | IoU: 0.3174 | Tversky: 0.4813 | Hausdorff: 296.9213 | HD95: 39.0894 | LR: 0.001000
2025-08-16 23:07:18 INFO Epoch 014 | Train Loss: 0.3681 | Val Loss: 0.5679 | Dice: 0.4763 | softDice: 0.4261 | clDice: 0.5177 | softclDice: 0.5175 | IoU: 0.3131 | Tversky: 0.4763 | Hausdorff: 296.7470 | HD95: 35.7711 | LR: 0.001000
2025-08-16 23:08:44 INFO Epoch 015 | Train Loss: 0.3657 | Val Loss: 0.5708 | Dice: 0.4644 | softDice: 0.4233 | clDice: 0.5094 | softclDice: 0.5196 | IoU: 0.3031 | Tversky: 0.4644 | Hausdorff: 280.0858 | HD95: 46.4380 | LR: 0.000500
2025-08-16 23:10:15 INFO Epoch 016 | Train Loss: 0.3617 | Val Loss: 0.5687 | Dice: 0.4771 | softDice: 0.4332 | clDice: 0.5192 | softclDice: 0.5112 | IoU: 0.3138 | Tversky: 0.4771 | Hausdorff: 297.8407 | HD95: 33.3871 | LR: 0.000500
2025-08-16 23:11:45 INFO Epoch 017 | Train Loss: 0.3618 | Val Loss: 0.5690 | Dice: 0.4716 | softDice: 0.4276 | clDice: 0.5144 | softclDice: 0.5165 | IoU: 0.3092 | Tversky: 0.4716 | Hausdorff: 297.9483 | HD95: 38.4626 | LR: 0.000500
2025-08-16 23:13:13 INFO Epoch 018 | Train Loss: 0.3601 | Val Loss: 0.5686 | Dice: 0.4750 | softDice: 0.4307 | clDice: 0.5204 | softclDice: 0.5131 | IoU: 0.3120 | Tversky: 0.4750 | Hausdorff: 290.6419 | HD95: 38.4780 | LR: 0.000500
2025-08-16 23:14:47 INFO Epoch 019 | Train Loss: 0.3595 | Val Loss: 0.5687 | Dice: 0.4675 | softDice: 0.4270 | clDice: 0.5089 | softclDice: 0.5210 | IoU: 0.3055 | Tversky: 0.4675 | Hausdorff: 285.2652 | HD95: 40.1232 | LR: 0.000500
2025-08-16 23:16:11 INFO Epoch 020 | Train Loss: 0.3584 | Val Loss: 0.5671 | Dice: 0.4746 | softDice: 0.4255 | clDice: 0.5165 | softclDice: 0.5185 | IoU: 0.3117 | Tversky: 0.4746 | Hausdorff: 316.6381 | HD95: 37.6542 | LR: 0.000500
2025-08-16 23:17:43 INFO Epoch 021 | Train Loss: 0.3589 | Val Loss: 0.5695 | Dice: 0.4651 | softDice: 0.4239 | clDice: 0.5041 | softclDice: 0.5252 | IoU: 0.3037 | Tversky: 0.4651 | Hausdorff: 315.6560 | HD95: 39.8978 | LR: 0.000500
2025-08-16 23:19:10 INFO Epoch 022 | Train Loss: 0.3561 | Val Loss: 0.5685 | Dice: 0.4758 | softDice: 0.4320 | clDice: 0.5194 | softclDice: 0.5116 | IoU: 0.3128 | Tversky: 0.4758 | Hausdorff: 298.4057 | HD95: 33.4807 | LR: 0.000500
2025-08-16 23:20:40 INFO Epoch 023 | Train Loss: 0.3546 | Val Loss: 0.5694 | Dice: 0.4779 | softDice: 0.4306 | clDice: 0.5239 | softclDice: 0.5074 | IoU: 0.3144 | Tversky: 0.4779 | Hausdorff: 283.6487 | HD95: 33.6365 | LR: 0.000500
2025-08-16 23:22:12 INFO Epoch 024 | Train Loss: 0.3561 | Val Loss: 0.5711 | Dice: 0.4731 | softDice: 0.4334 | clDice: 0.5166 | softclDice: 0.5137 | IoU: 0.3102 | Tversky: 0.4731 | Hausdorff: 293.3048 | HD95: 33.8337 | LR: 0.000500
2025-08-16 23:23:40 INFO Epoch 025 | Train Loss: 0.3521 | Val Loss: 0.5683 | Dice: 0.4644 | softDice: 0.4224 | clDice: 0.5066 | softclDice: 0.5214 | IoU: 0.3029 | Tversky: 0.4644 | Hausdorff: 243.5748 | HD95: 43.0422 | LR: 0.000500
2025-08-16 23:25:10 INFO Epoch 026 | Train Loss: 0.3531 | Val Loss: 0.5713 | Dice: 0.4656 | softDice: 0.4264 | clDice: 0.5054 | softclDice: 0.5233 | IoU: 0.3039 | Tversky: 0.4656 | Hausdorff: 269.0013 | HD95: 33.4165 | LR: 0.000250
2025-08-16 23:26:40 INFO Epoch 027 | Train Loss: 0.3486 | Val Loss: 0.5709 | Dice: 0.4603 | softDice: 0.4243 | clDice: 0.4964 | softclDice: 0.5291 | IoU: 0.2995 | Tversky: 0.4603 | Hausdorff: 292.4724 | HD95: 40.3220 | LR: 0.000250
2025-08-16 23:28:10 INFO Epoch 028 | Train Loss: 0.3455 | Val Loss: 0.5719 | Dice: 0.4746 | softDice: 0.4355 | clDice: 0.5162 | softclDice: 0.5122 | IoU: 0.3117 | Tversky: 0.4746 | Hausdorff: 286.1198 | HD95: 31.1380 | LR: 0.000250
2025-08-16 23:29:38 INFO Epoch 029 | Train Loss: 0.3450 | Val Loss: 0.5713 | Dice: 0.4755 | softDice: 0.4352 | clDice: 0.5183 | softclDice: 0.5123 | IoU: 0.3123 | Tversky: 0.4755 | Hausdorff: 272.2986 | HD95: 32.0830 | LR: 0.000250
2025-08-16 23:31:06 INFO Epoch 030 | Train Loss: 0.3425 | Val Loss: 0.5726 | Dice: 0.4618 | softDice: 0.4239 | clDice: 0.4992 | softclDice: 0.5289 | IoU: 0.3006 | Tversky: 0.4618 | Hausdorff: 286.8219 | HD95: 32.6021 | LR: 0.000250
2025-08-16 23:32:36 INFO Epoch 031 | Train Loss: 0.3410 | Val Loss: 0.5727 | Dice: 0.4685 | softDice: 0.4315 | clDice: 0.5055 | softclDice: 0.5189 | IoU: 0.3063 | Tversky: 0.4685 | Hausdorff: 278.9018 | HD95: 33.3296 | LR: 0.000250
2025-08-16 23:34:04 INFO Epoch 032 | Train Loss: 0.3406 | Val Loss: 0.5736 | Dice: 0.4507 | softDice: 0.4186 | clDice: 0.4851 | softclDice: 0.5380 | IoU: 0.2914 | Tversky: 0.4507 | Hausdorff: 303.6819 | HD95: 45.1538 | LR: 0.000125
2025-08-16 23:35:35 INFO Epoch 033 | Train Loss: 0.3367 | Val Loss: 0.5747 | Dice: 0.4640 | softDice: 0.4304 | clDice: 0.4989 | softclDice: 0.5260 | IoU: 0.3023 | Tversky: 0.4640 | Hausdorff: 282.8511 | HD95: 30.3227 | LR: 0.000125
2025-08-16 23:37:04 INFO Epoch 034 | Train Loss: 0.3323 | Val Loss: 0.5757 | Dice: 0.4603 | softDice: 0.4278 | clDice: 0.4936 | softclDice: 0.5312 | IoU: 0.2993 | Tversky: 0.4603 | Hausdorff: 281.9126 | HD95: 31.5490 | LR: 0.000125
2025-08-16 23:38:33 INFO Epoch 035 | Train Loss: 0.3310 | Val Loss: 0.5762 | Dice: 0.4532 | softDice: 0.4213 | clDice: 0.4853 | softclDice: 0.5377 | IoU: 0.2934 | Tversky: 0.4532 | Hausdorff: 281.8923 | HD95: 31.0639 | LR: 0.000125
2025-08-16 23:40:05 INFO Epoch 036 | Train Loss: 0.3275 | Val Loss: 0.5778 | Dice: 0.4576 | softDice: 0.4260 | clDice: 0.4926 | softclDice: 0.5315 | IoU: 0.2971 | Tversky: 0.4576 | Hausdorff: 277.5469 | HD95: 30.4340 | LR: 0.000125
2025-08-16 23:41:33 INFO Epoch 037 | Train Loss: 0.3269 | Val Loss: 0.5773 | Dice: 0.4576 | softDice: 0.4271 | clDice: 0.4925 | softclDice: 0.5301 | IoU: 0.2972 | Tversky: 0.4576 | Hausdorff: 277.0023 | HD95: 32.8704 | LR: 0.000125
2025-08-16 23:42:58 INFO Epoch 038 | Train Loss: 0.3267 | Val Loss: 0.5766 | Dice: 0.4527 | softDice: 0.4239 | clDice: 0.4863 | softclDice: 0.5360 | IoU: 0.2929 | Tversky: 0.4527 | Hausdorff: 289.8598 | HD95: 37.0134 | LR: 0.000063
2025-08-16 23:44:27 INFO Epoch 039 | Train Loss: 0.3240 | Val Loss: 0.5790 | Dice: 0.4547 | softDice: 0.4252 | clDice: 0.4872 | softclDice: 0.5341 | IoU: 0.2946 | Tversky: 0.4547 | Hausdorff: 285.0544 | HD95: 32.8171 | LR: 0.000063
2025-08-16 23:45:56 INFO Epoch 040 | Train Loss: 0.3224 | Val Loss: 0.5790 | Dice: 0.4536 | softDice: 0.4237 | clDice: 0.4838 | softclDice: 0.5362 | IoU: 0.2936 | Tversky: 0.4536 | Hausdorff: 276.0917 | HD95: 30.9685 | LR: 0.000063
2025-08-16 23:47:28 INFO Epoch 041 | Train Loss: 0.3185 | Val Loss: 0.5811 | Dice: 0.4467 | softDice: 0.4192 | clDice: 0.4761 | softclDice: 0.5430 | IoU: 0.2880 | Tversky: 0.4467 | Hausdorff: 288.6859 | HD95: 32.1380 | LR: 0.000063
2025-08-16 23:48:57 INFO Epoch 042 | Train Loss: 0.3189 | Val Loss: 0.5807 | Dice: 0.4499 | softDice: 0.4226 | clDice: 0.4810 | softclDice: 0.5376 | IoU: 0.2906 | Tversky: 0.4499 | Hausdorff: 288.0951 | HD95: 32.4557 | LR: 0.000063
2025-08-16 23:50:23 INFO Epoch 043 | Train Loss: 0.3167 | Val Loss: 0.5809 | Dice: 0.4503 | softDice: 0.4237 | clDice: 0.4832 | softclDice: 0.5362 | IoU: 0.2909 | Tversky: 0.4503 | Hausdorff: 277.5296 | HD95: 30.9056 | LR: 0.000063
2025-08-16 23:51:50 INFO Epoch 044 | Train Loss: 0.3157 | Val Loss: 0.5802 | Dice: 0.4524 | softDice: 0.4256 | clDice: 0.4834 | softclDice: 0.5350 | IoU: 0.2926 | Tversky: 0.4524 | Hausdorff: 279.4541 | HD95: 33.3536 | LR: 0.000031
2025-08-16 23:53:16 INFO Epoch 045 | Train Loss: 0.3135 | Val Loss: 0.5814 | Dice: 0.4504 | softDice: 0.4236 | clDice: 0.4812 | softclDice: 0.5368 | IoU: 0.2910 | Tversky: 0.4504 | Hausdorff: 278.9424 | HD95: 32.0573 | LR: 0.000031
2025-08-16 23:54:48 INFO Epoch 046 | Train Loss: 0.3128 | Val Loss: 0.5803 | Dice: 0.4485 | softDice: 0.4221 | clDice: 0.4783 | softclDice: 0.5390 | IoU: 0.2894 | Tversky: 0.4485 | Hausdorff: 299.4546 | HD95: 34.7475 | LR: 0.000031
2025-08-16 23:56:21 INFO Epoch 047 | Train Loss: 0.3111 | Val Loss: 0.5809 | Dice: 0.4477 | softDice: 0.4214 | clDice: 0.4779 | softclDice: 0.5394 | IoU: 0.2887 | Tversky: 0.4477 | Hausdorff: 286.1453 | HD95: 32.7928 | LR: 0.000031
2025-08-16 23:57:50 INFO Epoch 048 | Train Loss: 0.3106 | Val Loss: 0.5817 | Dice: 0.4479 | softDice: 0.4224 | clDice: 0.4787 | softclDice: 0.5381 | IoU: 0.2889 | Tversky: 0.4479 | Hausdorff: 285.0058 | HD95: 33.1139 | LR: 0.000031
2025-08-16 23:59:18 INFO Epoch 049 | Train Loss: 0.3087 | Val Loss: 0.5826 | Dice: 0.4453 | softDice: 0.4202 | clDice: 0.4761 | softclDice: 0.5410 | IoU: 0.2868 | Tversky: 0.4453 | Hausdorff: 284.1974 | HD95: 32.4028 | LR: 0.000031
2025-08-17 00:00:48 INFO Epoch 050 | Train Loss: 0.3110 | Val Loss: 0.5818 | Dice: 0.4462 | softDice: 0.4208 | clDice: 0.4765 | softclDice: 0.5403 | IoU: 0.2875 | Tversky: 0.4462 | Hausdorff: 276.5458 | HD95: 33.1916 | LR: 0.000016
2025-08-17 00:00:48 INFO Training completed.
2025-08-17 00:01:12 INFO Fold 2 results: Dice: 0.4746 | softDice: 0.4255 | clDice: 0.5165 | softclDice: 0.5185 | IoU: 0.3117 | Tversky: 0.4746 | Hausdorff: 316.6381 | HD95: 37.6542
2025-08-17 00:01:12 INFO ===== Fold 3 / 5 =====
2025-08-17 00:01:12 INFO Loading model unet with settings {'name': 'unet', 'encoder_name': 'resnext50_32x4d', 'encoder_weights': 'imagenet', 'classes': 1, 'activation': None, 'dropout': 0.2}
2025-08-17 00:02:45 INFO Epoch 001 | Train Loss: 0.5448 | Val Loss: 0.5868 | Dice: 0.4356 | softDice: 0.2991 | clDice: 0.4941 | softclDice: 0.6721 | IoU: 0.2793 | Tversky: 0.4356 | Hausdorff: 330.5622 | HD95: 60.1770 | LR: 0.001000
2025-08-17 00:04:15 INFO Epoch 002 | Train Loss: 0.4127 | Val Loss: 0.5729 | Dice: 0.4480 | softDice: 0.3761 | clDice: 0.4981 | softclDice: 0.5682 | IoU: 0.2896 | Tversky: 0.4480 | Hausdorff: 253.7975 | HD95: 50.9646 | LR: 0.001000
2025-08-17 00:05:44 INFO Epoch 003 | Train Loss: 0.3912 | Val Loss: 0.5725 | Dice: 0.4597 | softDice: 0.3986 | clDice: 0.5140 | softclDice: 0.5404 | IoU: 0.2996 | Tversky: 0.4597 | Hausdorff: 256.7140 | HD95: 47.0506 | LR: 0.001000
2025-08-17 00:07:10 INFO Epoch 004 | Train Loss: 0.3851 | Val Loss: 0.5784 | Dice: 0.4567 | softDice: 0.4028 | clDice: 0.5104 | softclDice: 0.5314 | IoU: 0.2968 | Tversky: 0.4567 | Hausdorff: 325.3310 | HD95: 53.0131 | LR: 0.001000
2025-08-17 00:08:39 INFO Epoch 005 | Train Loss: 0.3809 | Val Loss: 0.5663 | Dice: 0.4793 | softDice: 0.4201 | clDice: 0.5295 | softclDice: 0.5115 | IoU: 0.3162 | Tversky: 0.4793 | Hausdorff: 287.7052 | HD95: 38.3557 | LR: 0.001000
2025-08-17 00:10:09 INFO Epoch 006 | Train Loss: 0.3776 | Val Loss: 0.5711 | Dice: 0.4817 | softDice: 0.4277 | clDice: 0.5412 | softclDice: 0.4977 | IoU: 0.3182 | Tversky: 0.4817 | Hausdorff: 245.2990 | HD95: 38.3723 | LR: 0.001000
2025-08-17 00:11:35 INFO Epoch 007 | Train Loss: 0.3743 | Val Loss: 0.5693 | Dice: 0.4736 | softDice: 0.4255 | clDice: 0.5233 | softclDice: 0.5108 | IoU: 0.3117 | Tversky: 0.4736 | Hausdorff: 248.6675 | HD95: 43.7340 | LR: 0.001000
2025-08-17 00:13:08 INFO Epoch 008 | Train Loss: 0.3729 | Val Loss: 0.5689 | Dice: 0.4725 | softDice: 0.4280 | clDice: 0.5200 | softclDice: 0.5104 | IoU: 0.3107 | Tversky: 0.4725 | Hausdorff: 240.5135 | HD95: 47.6929 | LR: 0.001000
2025-08-17 00:14:36 INFO Epoch 009 | Train Loss: 0.3703 | Val Loss: 0.5686 | Dice: 0.4797 | softDice: 0.4338 | clDice: 0.5315 | softclDice: 0.4987 | IoU: 0.3167 | Tversky: 0.4797 | Hausdorff: 259.0116 | HD95: 40.1188 | LR: 0.001000
2025-08-17 00:16:05 INFO Epoch 010 | Train Loss: 0.3727 | Val Loss: 0.5699 | Dice: 0.4764 | softDice: 0.4249 | clDice: 0.5370 | softclDice: 0.4946 | IoU: 0.3138 | Tversky: 0.4764 | Hausdorff: 263.7366 | HD95: 47.6738 | LR: 0.001000
2025-08-17 00:17:38 INFO Epoch 011 | Train Loss: 0.3714 | Val Loss: 0.5706 | Dice: 0.4736 | softDice: 0.4280 | clDice: 0.5238 | softclDice: 0.5111 | IoU: 0.3113 | Tversky: 0.4736 | Hausdorff: 299.2204 | HD95: 36.2896 | LR: 0.000500
2025-08-17 00:19:08 INFO Epoch 012 | Train Loss: 0.3665 | Val Loss: 0.5663 | Dice: 0.4873 | softDice: 0.4368 | clDice: 0.5426 | softclDice: 0.4929 | IoU: 0.3231 | Tversky: 0.4873 | Hausdorff: 243.3366 | HD95: 38.7506 | LR: 0.000500
2025-08-17 00:20:39 INFO Epoch 013 | Train Loss: 0.3640 | Val Loss: 0.5660 | Dice: 0.4853 | softDice: 0.4365 | clDice: 0.5379 | softclDice: 0.4956 | IoU: 0.3215 | Tversky: 0.4853 | Hausdorff: 239.8630 | HD95: 37.7207 | LR: 0.000500
2025-08-17 00:22:11 INFO Epoch 014 | Train Loss: 0.3645 | Val Loss: 0.5655 | Dice: 0.4862 | softDice: 0.4346 | clDice: 0.5370 | softclDice: 0.4974 | IoU: 0.3224 | Tversky: 0.4862 | Hausdorff: 239.1878 | HD95: 34.3051 | LR: 0.000500
2025-08-17 00:23:38 INFO Epoch 015 | Train Loss: 0.3628 | Val Loss: 0.5655 | Dice: 0.4904 | softDice: 0.4414 | clDice: 0.5423 | softclDice: 0.4915 | IoU: 0.3259 | Tversky: 0.4904 | Hausdorff: 260.6323 | HD95: 35.8250 | LR: 0.000500
2025-08-17 00:25:07 INFO Epoch 016 | Train Loss: 0.3624 | Val Loss: 0.5659 | Dice: 0.4840 | softDice: 0.4356 | clDice: 0.5324 | softclDice: 0.4996 | IoU: 0.3203 | Tversky: 0.4840 | Hausdorff: 235.8538 | HD95: 36.5673 | LR: 0.000500
2025-08-17 00:26:35 INFO Epoch 017 | Train Loss: 0.3602 | Val Loss: 0.5655 | Dice: 0.4747 | softDice: 0.4257 | clDice: 0.5210 | softclDice: 0.5129 | IoU: 0.3125 | Tversky: 0.4747 | Hausdorff: 241.8983 | HD95: 37.3962 | LR: 0.000500
2025-08-17 00:28:03 INFO Epoch 018 | Train Loss: 0.3606 | Val Loss: 0.5661 | Dice: 0.4885 | softDice: 0.4411 | clDice: 0.5395 | softclDice: 0.4904 | IoU: 0.3244 | Tversky: 0.4885 | Hausdorff: 242.8065 | HD95: 39.5957 | LR: 0.000500
2025-08-17 00:29:33 INFO Epoch 019 | Train Loss: 0.3614 | Val Loss: 0.5706 | Dice: 0.4746 | softDice: 0.4300 | clDice: 0.5241 | softclDice: 0.5038 | IoU: 0.3123 | Tversky: 0.4746 | Hausdorff: 249.6220 | HD95: 37.5667 | LR: 0.000500
2025-08-17 00:31:03 INFO Epoch 020 | Train Loss: 0.3615 | Val Loss: 0.5681 | Dice: 0.4767 | softDice: 0.4376 | clDice: 0.5212 | softclDice: 0.5039 | IoU: 0.3141 | Tversky: 0.4767 | Hausdorff: 269.5627 | HD95: 44.7321 | LR: 0.000250
2025-08-17 00:32:29 INFO Epoch 021 | Train Loss: 0.3559 | Val Loss: 0.5709 | Dice: 0.4833 | softDice: 0.4369 | clDice: 0.5352 | softclDice: 0.4956 | IoU: 0.3198 | Tversky: 0.4833 | Hausdorff: 249.2778 | HD95: 36.2220 | LR: 0.000250
2025-08-17 00:34:00 INFO Epoch 022 | Train Loss: 0.3530 | Val Loss: 0.5687 | Dice: 0.4862 | softDice: 0.4436 | clDice: 0.5340 | softclDice: 0.4913 | IoU: 0.3222 | Tversky: 0.4862 | Hausdorff: 234.3168 | HD95: 35.5358 | LR: 0.000250
2025-08-17 00:35:30 INFO Epoch 023 | Train Loss: 0.3506 | Val Loss: 0.5690 | Dice: 0.4887 | softDice: 0.4409 | clDice: 0.5457 | softclDice: 0.4865 | IoU: 0.3244 | Tversky: 0.4887 | Hausdorff: 239.1777 | HD95: 34.6311 | LR: 0.000250
2025-08-17 00:36:59 INFO Epoch 024 | Train Loss: 0.3500 | Val Loss: 0.5690 | Dice: 0.4806 | softDice: 0.4368 | clDice: 0.5307 | softclDice: 0.4987 | IoU: 0.3175 | Tversky: 0.4806 | Hausdorff: 260.8667 | HD95: 37.8875 | LR: 0.000250
2025-08-17 00:38:28 INFO Epoch 025 | Train Loss: 0.3506 | Val Loss: 0.5700 | Dice: 0.4911 | softDice: 0.4466 | clDice: 0.5477 | softclDice: 0.4834 | IoU: 0.3264 | Tversky: 0.4911 | Hausdorff: 251.7799 | HD95: 34.2704 | LR: 0.000250
2025-08-17 00:39:57 INFO Epoch 026 | Train Loss: 0.3502 | Val Loss: 0.5698 | Dice: 0.4795 | softDice: 0.4375 | clDice: 0.5253 | softclDice: 0.5005 | IoU: 0.3165 | Tversky: 0.4795 | Hausdorff: 253.7346 | HD95: 36.0206 | LR: 0.000125
2025-08-17 00:41:25 INFO Epoch 027 | Train Loss: 0.3462 | Val Loss: 0.5694 | Dice: 0.4830 | softDice: 0.4413 | clDice: 0.5295 | softclDice: 0.4972 | IoU: 0.3196 | Tversky: 0.4830 | Hausdorff: 230.7203 | HD95: 38.6901 | LR: 0.000125
2025-08-17 00:42:55 INFO Epoch 028 | Train Loss: 0.3435 | Val Loss: 0.5705 | Dice: 0.4783 | softDice: 0.4382 | clDice: 0.5246 | softclDice: 0.5026 | IoU: 0.3155 | Tversky: 0.4783 | Hausdorff: 258.8681 | HD95: 35.7374 | LR: 0.000125
2025-08-17 00:44:26 INFO Epoch 029 | Train Loss: 0.3435 | Val Loss: 0.5714 | Dice: 0.4703 | softDice: 0.4330 | clDice: 0.5150 | softclDice: 0.5110 | IoU: 0.3086 | Tversky: 0.4703 | Hausdorff: 252.7704 | HD95: 37.4334 | LR: 0.000125
2025-08-17 00:45:53 INFO Epoch 030 | Train Loss: 0.3410 | Val Loss: 0.5716 | Dice: 0.4798 | softDice: 0.4399 | clDice: 0.5256 | softclDice: 0.5015 | IoU: 0.3168 | Tversky: 0.4798 | Hausdorff: 254.1241 | HD95: 34.2970 | LR: 0.000125
2025-08-17 00:47:24 INFO Epoch 031 | Train Loss: 0.3393 | Val Loss: 0.5713 | Dice: 0.4743 | softDice: 0.4355 | clDice: 0.5178 | softclDice: 0.5068 | IoU: 0.3121 | Tversky: 0.4743 | Hausdorff: 250.6963 | HD95: 38.8266 | LR: 0.000125
2025-08-17 00:48:53 INFO Epoch 032 | Train Loss: 0.3390 | Val Loss: 0.5704 | Dice: 0.4795 | softDice: 0.4391 | clDice: 0.5276 | softclDice: 0.4997 | IoU: 0.3165 | Tversky: 0.4795 | Hausdorff: 259.4077 | HD95: 35.9976 | LR: 0.000063
2025-08-17 00:50:20 INFO Epoch 033 | Train Loss: 0.3390 | Val Loss: 0.5718 | Dice: 0.4769 | softDice: 0.4370 | clDice: 0.5217 | softclDice: 0.5030 | IoU: 0.3143 | Tversky: 0.4769 | Hausdorff: 303.4932 | HD95: 33.8773 | LR: 0.000063
2025-08-17 00:51:49 INFO Epoch 034 | Train Loss: 0.3346 | Val Loss: 0.5719 | Dice: 0.4769 | softDice: 0.4396 | clDice: 0.5206 | softclDice: 0.5032 | IoU: 0.3143 | Tversky: 0.4769 | Hausdorff: 289.5469 | HD95: 37.5938 | LR: 0.000063
2025-08-17 00:53:16 INFO Epoch 035 | Train Loss: 0.3335 | Val Loss: 0.5731 | Dice: 0.4688 | softDice: 0.4331 | clDice: 0.5090 | softclDice: 0.5123 | IoU: 0.3074 | Tversky: 0.4688 | Hausdorff: 392.8301 | HD95: 37.4871 | LR: 0.000063
2025-08-17 00:54:45 INFO Epoch 036 | Train Loss: 0.3321 | Val Loss: 0.5735 | Dice: 0.4709 | softDice: 0.4343 | clDice: 0.5135 | softclDice: 0.5106 | IoU: 0.3091 | Tversky: 0.4709 | Hausdorff: 236.7683 | HD95: 36.4026 | LR: 0.000063
2025-08-17 00:56:13 INFO Epoch 037 | Train Loss: 0.3315 | Val Loss: 0.5733 | Dice: 0.4730 | softDice: 0.4359 | clDice: 0.5162 | softclDice: 0.5068 | IoU: 0.3109 | Tversky: 0.4730 | Hausdorff: 303.7070 | HD95: 35.5089 | LR: 0.000063
2025-08-17 00:57:42 INFO Epoch 038 | Train Loss: 0.3302 | Val Loss: 0.5743 | Dice: 0.4735 | softDice: 0.4372 | clDice: 0.5162 | softclDice: 0.5057 | IoU: 0.3114 | Tversky: 0.4735 | Hausdorff: 254.1699 | HD95: 34.9442 | LR: 0.000031
2025-08-17 00:59:10 INFO Epoch 039 | Train Loss: 0.3263 | Val Loss: 0.5745 | Dice: 0.4690 | softDice: 0.4346 | clDice: 0.5080 | softclDice: 0.5128 | IoU: 0.3077 | Tversky: 0.4690 | Hausdorff: 255.1517 | HD95: 35.6089 | LR: 0.000031
2025-08-17 01:00:35 INFO Epoch 040 | Train Loss: 0.3257 | Val Loss: 0.5750 | Dice: 0.4704 | softDice: 0.4365 | clDice: 0.5113 | softclDice: 0.5104 | IoU: 0.3088 | Tversky: 0.4704 | Hausdorff: 255.9514 | HD95: 37.7919 | LR: 0.000031
2025-08-17 01:02:05 INFO Epoch 041 | Train Loss: 0.3264 | Val Loss: 0.5743 | Dice: 0.4691 | softDice: 0.4346 | clDice: 0.5106 | softclDice: 0.5114 | IoU: 0.3077 | Tversky: 0.4691 | Hausdorff: 237.7258 | HD95: 38.0144 | LR: 0.000031
2025-08-17 01:03:28 INFO Epoch 042 | Train Loss: 0.3251 | Val Loss: 0.5746 | Dice: 0.4696 | softDice: 0.4351 | clDice: 0.5106 | softclDice: 0.5121 | IoU: 0.3082 | Tversky: 0.4696 | Hausdorff: 253.9472 | HD95: 39.0542 | LR: 0.000031
2025-08-17 01:04:58 INFO Epoch 043 | Train Loss: 0.3214 | Val Loss: 0.5762 | Dice: 0.4652 | softDice: 0.4327 | clDice: 0.5036 | softclDice: 0.5177 | IoU: 0.3044 | Tversky: 0.4652 | Hausdorff: 262.7186 | HD95: 38.0211 | LR: 0.000031
2025-08-17 01:06:27 INFO Epoch 044 | Train Loss: 0.3242 | Val Loss: 0.5764 | Dice: 0.4668 | softDice: 0.4339 | clDice: 0.5071 | softclDice: 0.5140 | IoU: 0.3058 | Tversky: 0.4668 | Hausdorff: 239.2196 | HD95: 38.6590 | LR: 0.000016
2025-08-17 01:07:54 INFO Epoch 045 | Train Loss: 0.3242 | Val Loss: 0.5753 | Dice: 0.4656 | softDice: 0.4315 | clDice: 0.5059 | softclDice: 0.5167 | IoU: 0.3048 | Tversky: 0.4656 | Hausdorff: 241.5744 | HD95: 38.4996 | LR: 0.000016
2025-08-17 01:09:24 INFO Epoch 046 | Train Loss: 0.3201 | Val Loss: 0.5760 | Dice: 0.4635 | softDice: 0.4309 | clDice: 0.5017 | softclDice: 0.5192 | IoU: 0.3029 | Tversky: 0.4635 | Hausdorff: 242.0715 | HD95: 38.4564 | LR: 0.000016
2025-08-17 01:10:53 INFO Epoch 047 | Train Loss: 0.3225 | Val Loss: 0.5765 | Dice: 0.4622 | softDice: 0.4304 | clDice: 0.5004 | softclDice: 0.5195 | IoU: 0.3018 | Tversky: 0.4622 | Hausdorff: 242.8920 | HD95: 38.8156 | LR: 0.000016
2025-08-17 01:12:21 INFO Epoch 048 | Train Loss: 0.3181 | Val Loss: 0.5759 | Dice: 0.4607 | softDice: 0.4290 | clDice: 0.4976 | softclDice: 0.5221 | IoU: 0.3006 | Tversky: 0.4607 | Hausdorff: 250.0624 | HD95: 41.3610 | LR: 0.000016
2025-08-17 01:13:49 INFO Epoch 049 | Train Loss: 0.3209 | Val Loss: 0.5760 | Dice: 0.4614 | softDice: 0.4296 | clDice: 0.4988 | softclDice: 0.5213 | IoU: 0.3012 | Tversky: 0.4614 | Hausdorff: 241.8176 | HD95: 39.3818 | LR: 0.000016
2025-08-17 01:15:17 INFO Epoch 050 | Train Loss: 0.3210 | Val Loss: 0.5766 | Dice: 0.4599 | softDice: 0.4283 | clDice: 0.4971 | softclDice: 0.5241 | IoU: 0.3000 | Tversky: 0.4599 | Hausdorff: 250.2190 | HD95: 41.5536 | LR: 0.000008
2025-08-17 01:15:17 INFO Training completed.
2025-08-17 01:15:42 INFO Fold 3 results: Dice: 0.4862 | softDice: 0.4346 | clDice: 0.5370 | softclDice: 0.4974 | IoU: 0.3224 | Tversky: 0.4862 | Hausdorff: 239.1878 | HD95: 34.3051
2025-08-17 01:15:42 INFO ===== Fold 4 / 5 =====
2025-08-17 01:15:42 INFO Loading model unet with settings {'name': 'unet', 'encoder_name': 'resnext50_32x4d', 'encoder_weights': 'imagenet', 'classes': 1, 'activation': None, 'dropout': 0.2}
2025-08-17 01:17:14 INFO Epoch 001 | Train Loss: 0.4832 | Val Loss: 0.5778 | Dice: 0.3952 | softDice: 0.3209 | clDice: 0.4304 | softclDice: 0.6513 | IoU: 0.2465 | Tversky: 0.3952 | Hausdorff: 277.7593 | HD95: 91.5129 | LR: 0.001000
2025-08-17 01:18:42 INFO Epoch 002 | Train Loss: 0.3981 | Val Loss: 0.5768 | Dice: 0.4050 | softDice: 0.3535 | clDice: 0.4328 | softclDice: 0.6068 | IoU: 0.2542 | Tversky: 0.4050 | Hausdorff: 257.9012 | HD95: 69.1427 | LR: 0.001000
2025-08-17 01:20:11 INFO Epoch 003 | Train Loss: 0.3893 | Val Loss: 0.5766 | Dice: 0.4406 | softDice: 0.3790 | clDice: 0.4788 | softclDice: 0.5674 | IoU: 0.2827 | Tversky: 0.4406 | Hausdorff: 288.1637 | HD95: 45.0673 | LR: 0.001000
2025-08-17 01:21:41 INFO Epoch 004 | Train Loss: 0.3824 | Val Loss: 0.5758 | Dice: 0.4506 | softDice: 0.4049 | clDice: 0.4932 | softclDice: 0.5378 | IoU: 0.2909 | Tversky: 0.4506 | Hausdorff: 242.6114 | HD95: 67.4826 | LR: 0.001000
2025-08-17 01:23:10 INFO Epoch 005 | Train Loss: 0.3773 | Val Loss: 0.5685 | Dice: 0.4590 | softDice: 0.4016 | clDice: 0.4987 | softclDice: 0.5405 | IoU: 0.2981 | Tversky: 0.4590 | Hausdorff: 229.1521 | HD95: 47.7857 | LR: 0.001000
2025-08-17 01:24:40 INFO Epoch 006 | Train Loss: 0.3763 | Val Loss: 0.5731 | Dice: 0.4521 | softDice: 0.3914 | clDice: 0.4915 | softclDice: 0.5487 | IoU: 0.2923 | Tversky: 0.4521 | Hausdorff: 227.9133 | HD95: 48.7903 | LR: 0.001000
2025-08-17 01:26:07 INFO Epoch 007 | Train Loss: 0.3759 | Val Loss: 0.5751 | Dice: 0.4690 | softDice: 0.4173 | clDice: 0.5190 | softclDice: 0.5153 | IoU: 0.3066 | Tversky: 0.4690 | Hausdorff: 241.9807 | HD95: 37.4476 | LR: 0.001000
2025-08-17 01:27:40 INFO Epoch 008 | Train Loss: 0.3749 | Val Loss: 0.5742 | Dice: 0.4720 | softDice: 0.4224 | clDice: 0.5225 | softclDice: 0.5119 | IoU: 0.3090 | Tversky: 0.4720 | Hausdorff: 235.3571 | HD95: 43.9389 | LR: 0.001000
2025-08-17 01:29:08 INFO Epoch 009 | Train Loss: 0.3718 | Val Loss: 0.5689 | Dice: 0.4468 | softDice: 0.4044 | clDice: 0.4850 | softclDice: 0.5388 | IoU: 0.2879 | Tversky: 0.4468 | Hausdorff: 251.4669 | HD95: 77.0555 | LR: 0.001000
2025-08-17 01:30:35 INFO Epoch 010 | Train Loss: 0.3716 | Val Loss: 0.5679 | Dice: 0.4655 | softDice: 0.4192 | clDice: 0.5042 | softclDice: 0.5229 | IoU: 0.3036 | Tversky: 0.4655 | Hausdorff: 225.3366 | HD95: 43.8099 | LR: 0.001000
2025-08-17 01:32:06 INFO Epoch 011 | Train Loss: 0.3678 | Val Loss: 0.5699 | Dice: 0.4545 | softDice: 0.4036 | clDice: 0.4931 | softclDice: 0.5379 | IoU: 0.2942 | Tversky: 0.4545 | Hausdorff: 242.8359 | HD95: 57.3884 | LR: 0.001000
2025-08-17 01:33:37 INFO Epoch 012 | Train Loss: 0.3703 | Val Loss: 0.5677 | Dice: 0.4767 | softDice: 0.4227 | clDice: 0.5202 | softclDice: 0.5112 | IoU: 0.3132 | Tversky: 0.4767 | Hausdorff: 200.5117 | HD95: 41.8450 | LR: 0.001000
2025-08-17 01:35:12 INFO Epoch 013 | Train Loss: 0.3691 | Val Loss: 0.5729 | Dice: 0.4765 | softDice: 0.4263 | clDice: 0.5253 | softclDice: 0.5017 | IoU: 0.3129 | Tversky: 0.4765 | Hausdorff: 225.2928 | HD95: 38.9462 | LR: 0.001000
2025-08-17 01:36:42 INFO Epoch 014 | Train Loss: 0.3657 | Val Loss: 0.5689 | Dice: 0.4850 | softDice: 0.4324 | clDice: 0.5329 | softclDice: 0.4979 | IoU: 0.3204 | Tversky: 0.4850 | Hausdorff: 274.0533 | HD95: 34.0085 | LR: 0.001000
2025-08-17 01:38:14 INFO Epoch 015 | Train Loss: 0.3659 | Val Loss: 0.5674 | Dice: 0.4684 | softDice: 0.4130 | clDice: 0.5059 | softclDice: 0.5281 | IoU: 0.3060 | Tversky: 0.4684 | Hausdorff: 225.5523 | HD95: 39.2316 | LR: 0.001000
2025-08-17 01:39:46 INFO Epoch 016 | Train Loss: 0.3651 | Val Loss: 0.5713 | Dice: 0.4826 | softDice: 0.4383 | clDice: 0.5319 | softclDice: 0.4940 | IoU: 0.3182 | Tversky: 0.4826 | Hausdorff: 202.0937 | HD95: 31.9793 | LR: 0.001000
2025-08-17 01:41:17 INFO Epoch 017 | Train Loss: 0.3656 | Val Loss: 0.5706 | Dice: 0.4840 | softDice: 0.4312 | clDice: 0.5352 | softclDice: 0.4978 | IoU: 0.3195 | Tversky: 0.4840 | Hausdorff: 226.2252 | HD95: 34.1909 | LR: 0.001000
2025-08-17 01:42:45 INFO Epoch 018 | Train Loss: 0.3632 | Val Loss: 0.5688 | Dice: 0.4688 | softDice: 0.4242 | clDice: 0.5106 | softclDice: 0.5143 | IoU: 0.3064 | Tversky: 0.4688 | Hausdorff: 221.5684 | HD95: 55.3502 | LR: 0.001000
2025-08-17 01:44:13 INFO Epoch 019 | Train Loss: 0.3629 | Val Loss: 0.5711 | Dice: 0.4580 | softDice: 0.4148 | clDice: 0.4972 | softclDice: 0.5279 | IoU: 0.2972 | Tversky: 0.4580 | Hausdorff: 275.0271 | HD95: 47.6294 | LR: 0.001000
2025-08-17 01:45:42 INFO Epoch 020 | Train Loss: 0.3611 | Val Loss: 0.5690 | Dice: 0.4665 | softDice: 0.4171 | clDice: 0.5065 | softclDice: 0.5198 | IoU: 0.3044 | Tversky: 0.4665 | Hausdorff: 227.1250 | HD95: 47.0934 | LR: 0.001000
2025-08-17 01:47:14 INFO Epoch 021 | Train Loss: 0.3593 | Val Loss: 0.5729 | Dice: 0.4847 | softDice: 0.4413 | clDice: 0.5316 | softclDice: 0.4916 | IoU: 0.3201 | Tversky: 0.4847 | Hausdorff: 228.8459 | HD95: 35.9996 | LR: 0.000500
2025-08-17 01:48:45 INFO Epoch 022 | Train Loss: 0.3576 | Val Loss: 0.5668 | Dice: 0.4917 | softDice: 0.4362 | clDice: 0.5390 | softclDice: 0.4952 | IoU: 0.3262 | Tversky: 0.4917 | Hausdorff: 219.1643 | HD95: 30.5114 | LR: 0.000500
2025-08-17 01:50:17 INFO Epoch 023 | Train Loss: 0.3579 | Val Loss: 0.5711 | Dice: 0.4862 | softDice: 0.4374 | clDice: 0.5333 | softclDice: 0.4974 | IoU: 0.3213 | Tversky: 0.4862 | Hausdorff: 227.2627 | HD95: 30.6102 | LR: 0.000500
2025-08-17 01:51:46 INFO Epoch 024 | Train Loss: 0.3534 | Val Loss: 0.5683 | Dice: 0.4809 | softDice: 0.4322 | clDice: 0.5252 | softclDice: 0.5065 | IoU: 0.3169 | Tversky: 0.4809 | Hausdorff: 205.8389 | HD95: 36.0161 | LR: 0.000500
2025-08-17 01:53:15 INFO Epoch 025 | Train Loss: 0.3509 | Val Loss: 0.5699 | Dice: 0.4833 | softDice: 0.4341 | clDice: 0.5335 | softclDice: 0.4980 | IoU: 0.3189 | Tversky: 0.4833 | Hausdorff: 237.4226 | HD95: 35.9591 | LR: 0.000500
2025-08-17 01:54:46 INFO Epoch 026 | Train Loss: 0.3524 | Val Loss: 0.5711 | Dice: 0.4699 | softDice: 0.4285 | clDice: 0.5093 | softclDice: 0.5175 | IoU: 0.3073 | Tversky: 0.4699 | Hausdorff: 244.0005 | HD95: 47.7484 | LR: 0.000500
2025-08-17 01:56:12 INFO Epoch 027 | Train Loss: 0.3467 | Val Loss: 0.5728 | Dice: 0.4657 | softDice: 0.4242 | clDice: 0.5056 | softclDice: 0.5230 | IoU: 0.3037 | Tversky: 0.4657 | Hausdorff: 221.3719 | HD95: 38.9072 | LR: 0.000500
2025-08-17 01:57:40 INFO Epoch 028 | Train Loss: 0.3497 | Val Loss: 0.5741 | Dice: 0.4755 | softDice: 0.4323 | clDice: 0.5201 | softclDice: 0.5078 | IoU: 0.3121 | Tversky: 0.4755 | Hausdorff: 264.8651 | HD95: 31.2797 | LR: 0.000250
2025-08-17 01:59:12 INFO Epoch 029 | Train Loss: 0.3446 | Val Loss: 0.5711 | Dice: 0.4780 | softDice: 0.4353 | clDice: 0.5245 | softclDice: 0.5054 | IoU: 0.3143 | Tversky: 0.4780 | Hausdorff: 264.6242 | HD95: 35.2921 | LR: 0.000250
2025-08-17 02:00:45 INFO Epoch 030 | Train Loss: 0.3411 | Val Loss: 0.5722 | Dice: 0.4758 | softDice: 0.4348 | clDice: 0.5173 | softclDice: 0.5099 | IoU: 0.3124 | Tversky: 0.4758 | Hausdorff: 248.3383 | HD95: 33.9043 | LR: 0.000250
2025-08-17 02:02:18 INFO Epoch 031 | Train Loss: 0.3431 | Val Loss: 0.5737 | Dice: 0.4710 | softDice: 0.4325 | clDice: 0.5123 | softclDice: 0.5122 | IoU: 0.3084 | Tversky: 0.4710 | Hausdorff: 209.9213 | HD95: 31.9105 | LR: 0.000250
2025-08-17 02:03:48 INFO Epoch 032 | Train Loss: 0.3413 | Val Loss: 0.5737 | Dice: 0.4767 | softDice: 0.4362 | clDice: 0.5218 | softclDice: 0.5039 | IoU: 0.3132 | Tversky: 0.4767 | Hausdorff: 205.5759 | HD95: 32.3030 | LR: 0.000250
2025-08-17 02:05:15 INFO Epoch 033 | Train Loss: 0.3365 | Val Loss: 0.5737 | Dice: 0.4750 | softDice: 0.4356 | clDice: 0.5204 | softclDice: 0.5066 | IoU: 0.3117 | Tversky: 0.4750 | Hausdorff: 227.4293 | HD95: 32.4449 | LR: 0.000250
2025-08-17 02:06:49 INFO Epoch 034 | Train Loss: 0.3341 | Val Loss: 0.5732 | Dice: 0.4714 | softDice: 0.4320 | clDice: 0.5120 | softclDice: 0.5142 | IoU: 0.3086 | Tversky: 0.4714 | Hausdorff: 224.0381 | HD95: 31.4882 | LR: 0.000125
2025-08-17 02:08:18 INFO Epoch 035 | Train Loss: 0.3330 | Val Loss: 0.5763 | Dice: 0.4660 | softDice: 0.4310 | clDice: 0.5060 | softclDice: 0.5185 | IoU: 0.3039 | Tversky: 0.4660 | Hausdorff: 212.5015 | HD95: 30.3512 | LR: 0.000125
2025-08-17 02:09:47 INFO Epoch 036 | Train Loss: 0.3275 | Val Loss: 0.5778 | Dice: 0.4567 | softDice: 0.4238 | clDice: 0.4922 | softclDice: 0.5310 | IoU: 0.2960 | Tversky: 0.4567 | Hausdorff: 240.3279 | HD95: 32.0991 | LR: 0.000125
2025-08-17 02:11:16 INFO Epoch 037 | Train Loss: 0.3293 | Val Loss: 0.5778 | Dice: 0.4576 | softDice: 0.4251 | clDice: 0.4932 | softclDice: 0.5294 | IoU: 0.2969 | Tversky: 0.4576 | Hausdorff: 237.9161 | HD95: 32.0248 | LR: 0.000125
2025-08-17 02:12:47 INFO Epoch 038 | Train Loss: 0.3247 | Val Loss: 0.5772 | Dice: 0.4567 | softDice: 0.4232 | clDice: 0.4915 | softclDice: 0.5301 | IoU: 0.2961 | Tversky: 0.4567 | Hausdorff: 238.7517 | HD95: 33.4888 | LR: 0.000125
2025-08-17 02:14:15 INFO Epoch 039 | Train Loss: 0.3244 | Val Loss: 0.5772 | Dice: 0.4649 | softDice: 0.4315 | clDice: 0.5050 | softclDice: 0.5164 | IoU: 0.3030 | Tversky: 0.4649 | Hausdorff: 226.6088 | HD95: 31.5157 | LR: 0.000125
2025-08-17 02:15:45 INFO Epoch 040 | Train Loss: 0.3246 | Val Loss: 0.5785 | Dice: 0.4608 | softDice: 0.4293 | clDice: 0.5005 | softclDice: 0.5202 | IoU: 0.2996 | Tversky: 0.4608 | Hausdorff: 229.2547 | HD95: 33.8301 | LR: 0.000063
2025-08-17 02:17:14 INFO Epoch 041 | Train Loss: 0.3205 | Val Loss: 0.5794 | Dice: 0.4537 | softDice: 0.4224 | clDice: 0.4874 | softclDice: 0.5337 | IoU: 0.2935 | Tversky: 0.4537 | Hausdorff: 232.0033 | HD95: 33.2965 | LR: 0.000063
2025-08-17 02:18:42 INFO Epoch 042 | Train Loss: 0.3194 | Val Loss: 0.5784 | Dice: 0.4610 | softDice: 0.4290 | clDice: 0.4973 | softclDice: 0.5230 | IoU: 0.2997 | Tversky: 0.4610 | Hausdorff: 238.5865 | HD95: 31.6332 | LR: 0.000063
2025-08-17 02:20:14 INFO Epoch 043 | Train Loss: 0.3162 | Val Loss: 0.5796 | Dice: 0.4601 | softDice: 0.4300 | clDice: 0.4961 | softclDice: 0.5240 | IoU: 0.2990 | Tversky: 0.4601 | Hausdorff: 232.2748 | HD95: 33.1111 | LR: 0.000063
2025-08-17 02:21:42 INFO Epoch 044 | Train Loss: 0.3136 | Val Loss: 0.5806 | Dice: 0.4574 | softDice: 0.4267 | clDice: 0.4928 | softclDice: 0.5272 | IoU: 0.2967 | Tversky: 0.4574 | Hausdorff: 230.3117 | HD95: 31.6020 | LR: 0.000063
2025-08-17 02:23:11 INFO Epoch 045 | Train Loss: 0.3159 | Val Loss: 0.5799 | Dice: 0.4552 | softDice: 0.4245 | clDice: 0.4893 | softclDice: 0.5306 | IoU: 0.2949 | Tversky: 0.4552 | Hausdorff: 227.3216 | HD95: 31.5470 | LR: 0.000063
2025-08-17 02:24:41 INFO Epoch 046 | Train Loss: 0.3117 | Val Loss: 0.5820 | Dice: 0.4500 | softDice: 0.4222 | clDice: 0.4818 | softclDice: 0.5349 | IoU: 0.2904 | Tversky: 0.4500 | Hausdorff: 231.3175 | HD95: 33.0670 | LR: 0.000031
2025-08-17 02:26:09 INFO Epoch 047 | Train Loss: 0.3100 | Val Loss: 0.5824 | Dice: 0.4510 | softDice: 0.4222 | clDice: 0.4835 | softclDice: 0.5345 | IoU: 0.2913 | Tversky: 0.4510 | Hausdorff: 221.7230 | HD95: 31.3047 | LR: 0.000031
2025-08-17 02:27:40 INFO Epoch 048 | Train Loss: 0.3118 | Val Loss: 0.5813 | Dice: 0.4494 | softDice: 0.4207 | clDice: 0.4817 | softclDice: 0.5350 | IoU: 0.2900 | Tversky: 0.4494 | Hausdorff: 229.8617 | HD95: 33.3668 | LR: 0.000031
2025-08-17 02:29:08 INFO Epoch 049 | Train Loss: 0.3099 | Val Loss: 0.5818 | Dice: 0.4524 | softDice: 0.4242 | clDice: 0.4856 | softclDice: 0.5319 | IoU: 0.2925 | Tversky: 0.4524 | Hausdorff: 226.9853 | HD95: 33.0385 | LR: 0.000031
2025-08-17 02:30:36 INFO Epoch 050 | Train Loss: 0.3101 | Val Loss: 0.5815 | Dice: 0.4532 | softDice: 0.4238 | clDice: 0.4860 | softclDice: 0.5323 | IoU: 0.2931 | Tversky: 0.4532 | Hausdorff: 228.8300 | HD95: 31.6705 | LR: 0.000031
2025-08-17 02:30:36 INFO Training completed.
2025-08-17 02:31:02 INFO Fold 4 results: Dice: 0.4917 | softDice: 0.4362 | clDice: 0.5390 | softclDice: 0.4952 | IoU: 0.3262 | Tversky: 0.4917 | Hausdorff: 219.1643 | HD95: 30.5114
2025-08-17 02:31:02 INFO ===== Fold 5 / 5 =====
2025-08-17 02:31:02 INFO Loading model unet with settings {'name': 'unet', 'encoder_name': 'resnext50_32x4d', 'encoder_weights': 'imagenet', 'classes': 1, 'activation': None, 'dropout': 0.2}
2025-08-17 02:32:36 INFO Epoch 001 | Train Loss: 0.5957 | Val Loss: 0.5884 | Dice: 0.3328 | softDice: 0.2133 | clDice: 0.3666 | softclDice: 0.7987 | IoU: 0.1998 | Tversky: 0.3328 | Hausdorff: 677.9951 | HD95: 96.7588 | LR: 0.001000
2025-08-17 02:34:04 INFO Epoch 002 | Train Loss: 0.4272 | Val Loss: 0.5750 | Dice: 0.4152 | softDice: 0.3353 | clDice: 0.4665 | softclDice: 0.6151 | IoU: 0.2624 | Tversky: 0.4152 | Hausdorff: 432.9399 | HD95: 72.2073 | LR: 0.001000
2025-08-17 02:35:33 INFO Epoch 003 | Train Loss: 0.3947 | Val Loss: 0.5648 | Dice: 0.4546 | softDice: 0.3865 | clDice: 0.5023 | softclDice: 0.5535 | IoU: 0.2944 | Tversky: 0.4546 | Hausdorff: 249.4828 | HD95: 47.9020 | LR: 0.001000
2025-08-17 02:37:02 INFO Epoch 004 | Train Loss: 0.3860 | Val Loss: 0.5681 | Dice: 0.4545 | softDice: 0.4007 | clDice: 0.5044 | softclDice: 0.5364 | IoU: 0.2944 | Tversky: 0.4545 | Hausdorff: 214.8099 | HD95: 47.3799 | LR: 0.001000
2025-08-17 02:38:29 INFO Epoch 005 | Train Loss: 0.3805 | Val Loss: 0.5703 | Dice: 0.4503 | softDice: 0.4038 | clDice: 0.4996 | softclDice: 0.5353 | IoU: 0.2908 | Tversky: 0.4503 | Hausdorff: 230.8795 | HD95: 54.1051 | LR: 0.001000
2025-08-17 02:39:59 INFO Epoch 006 | Train Loss: 0.3828 | Val Loss: 0.5621 | Dice: 0.4598 | softDice: 0.3998 | clDice: 0.5081 | softclDice: 0.5316 | IoU: 0.2988 | Tversky: 0.4598 | Hausdorff: 228.1576 | HD95: 47.0944 | LR: 0.001000
2025-08-17 02:41:26 INFO Epoch 007 | Train Loss: 0.3787 | Val Loss: 0.5753 | Dice: 0.3934 | softDice: 0.3412 | clDice: 0.4227 | softclDice: 0.6236 | IoU: 0.2455 | Tversky: 0.3934 | Hausdorff: 237.4088 | HD95: 80.8424 | LR: 0.001000
2025-08-17 02:42:58 INFO Epoch 008 | Train Loss: 0.3756 | Val Loss: 0.5674 | Dice: 0.4701 | softDice: 0.4271 | clDice: 0.5235 | softclDice: 0.5049 | IoU: 0.3076 | Tversky: 0.4701 | Hausdorff: 216.2810 | HD95: 44.0323 | LR: 0.001000
2025-08-17 02:44:26 INFO Epoch 009 | Train Loss: 0.3757 | Val Loss: 0.5638 | Dice: 0.4547 | softDice: 0.4063 | clDice: 0.4991 | softclDice: 0.5348 | IoU: 0.2945 | Tversky: 0.4547 | Hausdorff: 230.1994 | HD95: 46.9437 | LR: 0.001000
2025-08-17 02:45:58 INFO Epoch 010 | Train Loss: 0.3719 | Val Loss: 0.5658 | Dice: 0.4779 | softDice: 0.4287 | clDice: 0.5346 | softclDice: 0.5015 | IoU: 0.3142 | Tversky: 0.4779 | Hausdorff: 208.2791 | HD95: 40.5605 | LR: 0.001000
2025-08-17 02:47:27 INFO Epoch 011 | Train Loss: 0.3689 | Val Loss: 0.5641 | Dice: 0.4217 | softDice: 0.3817 | clDice: 0.4563 | softclDice: 0.5703 | IoU: 0.2674 | Tversky: 0.4217 | Hausdorff: 234.9825 | HD95: 75.6879 | LR: 0.001000
2025-08-17 02:48:58 INFO Epoch 012 | Train Loss: 0.3732 | Val Loss: 0.5641 | Dice: 0.4730 | softDice: 0.4286 | clDice: 0.5228 | softclDice: 0.5036 | IoU: 0.3101 | Tversky: 0.4730 | Hausdorff: 223.0316 | HD95: 51.9713 | LR: 0.000500
2025-08-17 02:50:30 INFO Epoch 013 | Train Loss: 0.3669 | Val Loss: 0.5609 | Dice: 0.4827 | softDice: 0.4274 | clDice: 0.5407 | softclDice: 0.4972 | IoU: 0.3184 | Tversky: 0.4827 | Hausdorff: 208.3504 | HD95: 36.4568 | LR: 0.000500
2025-08-17 02:51:58 INFO Epoch 014 | Train Loss: 0.3638 | Val Loss: 0.5625 | Dice: 0.4841 | softDice: 0.4375 | clDice: 0.5391 | softclDice: 0.4931 | IoU: 0.3196 | Tversky: 0.4841 | Hausdorff: 214.4891 | HD95: 36.9950 | LR: 0.000500
2025-08-17 02:53:28 INFO Epoch 015 | Train Loss: 0.3641 | Val Loss: 0.5635 | Dice: 0.4582 | softDice: 0.4161 | clDice: 0.5037 | softclDice: 0.5221 | IoU: 0.2975 | Tversky: 0.4582 | Hausdorff: 224.8177 | HD95: 52.9410 | LR: 0.000500
2025-08-17 02:54:57 INFO Epoch 016 | Train Loss: 0.3640 | Val Loss: 0.5613 | Dice: 0.4783 | softDice: 0.4303 | clDice: 0.5272 | softclDice: 0.5048 | IoU: 0.3146 | Tversky: 0.4783 | Hausdorff: 209.8271 | HD95: 38.7087 | LR: 0.000500
2025-08-17 02:56:28 INFO Epoch 017 | Train Loss: 0.3619 | Val Loss: 0.5621 | Dice: 0.4789 | softDice: 0.4310 | clDice: 0.5297 | softclDice: 0.5040 | IoU: 0.3151 | Tversky: 0.4789 | Hausdorff: 225.2803 | HD95: 37.0822 | LR: 0.000500
2025-08-17 02:57:56 INFO Epoch 018 | Train Loss: 0.3605 | Val Loss: 0.5626 | Dice: 0.4683 | softDice: 0.4286 | clDice: 0.5147 | softclDice: 0.5128 | IoU: 0.3061 | Tversky: 0.4683 | Hausdorff: 214.9434 | HD95: 54.3088 | LR: 0.000500
2025-08-17 02:59:27 INFO Epoch 019 | Train Loss: 0.3628 | Val Loss: 0.5620 | Dice: 0.4755 | softDice: 0.4271 | clDice: 0.5220 | softclDice: 0.5089 | IoU: 0.3122 | Tversky: 0.4755 | Hausdorff: 223.3405 | HD95: 35.8347 | LR: 0.000250
2025-08-17 03:00:58 INFO Epoch 020 | Train Loss: 0.3563 | Val Loss: 0.5640 | Dice: 0.4789 | softDice: 0.4368 | clDice: 0.5289 | softclDice: 0.4994 | IoU: 0.3151 | Tversky: 0.4789 | Hausdorff: 210.1727 | HD95: 34.0062 | LR: 0.000250
2025-08-17 03:02:25 INFO Epoch 021 | Train Loss: 0.3568 | Val Loss: 0.5624 | Dice: 0.4809 | softDice: 0.4363 | clDice: 0.5302 | softclDice: 0.4992 | IoU: 0.3169 | Tversky: 0.4809 | Hausdorff: 207.1334 | HD95: 37.5609 | LR: 0.000250
2025-08-17 03:04:02 INFO Epoch 022 | Train Loss: 0.3557 | Val Loss: 0.5628 | Dice: 0.4725 | softDice: 0.4299 | clDice: 0.5206 | softclDice: 0.5080 | IoU: 0.3097 | Tversky: 0.4725 | Hausdorff: 225.7971 | HD95: 38.9785 | LR: 0.000250
2025-08-17 03:05:35 INFO Epoch 023 | Train Loss: 0.3527 | Val Loss: 0.5634 | Dice: 0.4825 | softDice: 0.4380 | clDice: 0.5346 | softclDice: 0.4962 | IoU: 0.3183 | Tversky: 0.4825 | Hausdorff: 197.9837 | HD95: 32.3211 | LR: 0.000250
2025-08-17 03:07:05 INFO Epoch 024 | Train Loss: 0.3535 | Val Loss: 0.5635 | Dice: 0.4756 | softDice: 0.4324 | clDice: 0.5242 | softclDice: 0.5029 | IoU: 0.3124 | Tversky: 0.4756 | Hausdorff: 254.2571 | HD95: 37.3344 | LR: 0.000250
2025-08-17 03:08:36 INFO Epoch 025 | Train Loss: 0.3496 | Val Loss: 0.5644 | Dice: 0.4704 | softDice: 0.4313 | clDice: 0.5159 | softclDice: 0.5093 | IoU: 0.3078 | Tversky: 0.4704 | Hausdorff: 215.8731 | HD95: 41.5958 | LR: 0.000125
2025-08-17 03:10:05 INFO Epoch 026 | Train Loss: 0.3477 | Val Loss: 0.5641 | Dice: 0.4770 | softDice: 0.4367 | clDice: 0.5240 | softclDice: 0.5029 | IoU: 0.3135 | Tversky: 0.4770 | Hausdorff: 210.2906 | HD95: 35.9695 | LR: 0.000125
2025-08-17 03:11:32 INFO Epoch 027 | Train Loss: 0.3474 | Val Loss: 0.5647 | Dice: 0.4787 | softDice: 0.4394 | clDice: 0.5259 | softclDice: 0.5005 | IoU: 0.3149 | Tversky: 0.4787 | Hausdorff: 207.9817 | HD95: 34.4535 | LR: 0.000125
2025-08-17 03:13:04 INFO Epoch 028 | Train Loss: 0.3466 | Val Loss: 0.5642 | Dice: 0.4732 | softDice: 0.4330 | clDice: 0.5196 | softclDice: 0.5078 | IoU: 0.3102 | Tversky: 0.4732 | Hausdorff: 209.8729 | HD95: 39.6288 | LR: 0.000125
2025-08-17 03:14:33 INFO Epoch 029 | Train Loss: 0.3464 | Val Loss: 0.5664 | Dice: 0.4675 | softDice: 0.4299 | clDice: 0.5107 | softclDice: 0.5132 | IoU: 0.3054 | Tversky: 0.4675 | Hausdorff: 209.0568 | HD95: 35.7729 | LR: 0.000125
2025-08-17 03:16:05 INFO Epoch 030 | Train Loss: 0.3428 | Val Loss: 0.5680 | Dice: 0.4643 | softDice: 0.4262 | clDice: 0.5070 | softclDice: 0.5182 | IoU: 0.3027 | Tversky: 0.4643 | Hausdorff: 213.4791 | HD95: 33.7337 | LR: 0.000125
2025-08-17 03:17:30 INFO Epoch 031 | Train Loss: 0.3436 | Val Loss: 0.5661 | Dice: 0.4670 | softDice: 0.4289 | clDice: 0.5090 | softclDice: 0.5184 | IoU: 0.3050 | Tversky: 0.4670 | Hausdorff: 212.6393 | HD95: 34.8991 | LR: 0.000063
2025-08-17 03:19:01 INFO Epoch 032 | Train Loss: 0.3405 | Val Loss: 0.5674 | Dice: 0.4672 | softDice: 0.4315 | clDice: 0.5070 | softclDice: 0.5160 | IoU: 0.3052 | Tversky: 0.4672 | Hausdorff: 266.9921 | HD95: 34.2349 | LR: 0.000063
2025-08-17 03:20:33 INFO Epoch 033 | Train Loss: 0.3394 | Val Loss: 0.5688 | Dice: 0.4654 | softDice: 0.4306 | clDice: 0.5064 | softclDice: 0.5180 | IoU: 0.3036 | Tversky: 0.4654 | Hausdorff: 275.5584 | HD95: 34.5617 | LR: 0.000063
2025-08-17 03:22:01 INFO Epoch 034 | Train Loss: 0.3363 | Val Loss: 0.5677 | Dice: 0.4619 | softDice: 0.4277 | clDice: 0.5023 | softclDice: 0.5210 | IoU: 0.3006 | Tversky: 0.4619 | Hausdorff: 263.4618 | HD95: 37.9038 | LR: 0.000063
2025-08-17 03:23:30 INFO Epoch 035 | Train Loss: 0.3336 | Val Loss: 0.5691 | Dice: 0.4732 | softDice: 0.4375 | clDice: 0.5169 | softclDice: 0.5079 | IoU: 0.3102 | Tversky: 0.4732 | Hausdorff: 208.9361 | HD95: 34.0062 | LR: 0.000063
2025-08-17 03:25:00 INFO Epoch 036 | Train Loss: 0.3346 | Val Loss: 0.5692 | Dice: 0.4579 | softDice: 0.4258 | clDice: 0.4952 | softclDice: 0.5260 | IoU: 0.2973 | Tversky: 0.4579 | Hausdorff: 208.9839 | HD95: 36.5667 | LR: 0.000063
2025-08-17 03:26:33 INFO Epoch 037 | Train Loss: 0.3343 | Val Loss: 0.5683 | Dice: 0.4629 | softDice: 0.4294 | clDice: 0.5028 | softclDice: 0.5177 | IoU: 0.3014 | Tversky: 0.4629 | Hausdorff: 209.1566 | HD95: 35.0186 | LR: 0.000031
2025-08-17 03:28:02 INFO Epoch 038 | Train Loss: 0.3301 | Val Loss: 0.5690 | Dice: 0.4631 | softDice: 0.4297 | clDice: 0.5032 | softclDice: 0.5180 | IoU: 0.3016 | Tversky: 0.4631 | Hausdorff: 209.3053 | HD95: 34.5887 | LR: 0.000031
2025-08-17 03:29:31 INFO Epoch 039 | Train Loss: 0.3293 | Val Loss: 0.5688 | Dice: 0.4632 | softDice: 0.4305 | clDice: 0.5020 | softclDice: 0.5169 | IoU: 0.3017 | Tversky: 0.4632 | Hausdorff: 210.5947 | HD95: 35.2940 | LR: 0.000031
2025-08-17 03:31:01 INFO Epoch 040 | Train Loss: 0.3291 | Val Loss: 0.5694 | Dice: 0.4625 | softDice: 0.4292 | clDice: 0.5023 | softclDice: 0.5192 | IoU: 0.3010 | Tversky: 0.4625 | Hausdorff: 212.1568 | HD95: 34.2699 | LR: 0.000031
2025-08-17 03:32:32 INFO Epoch 041 | Train Loss: 0.3281 | Val Loss: 0.5704 | Dice: 0.4578 | softDice: 0.4270 | clDice: 0.4946 | softclDice: 0.5246 | IoU: 0.2971 | Tversky: 0.4578 | Hausdorff: 209.7547 | HD95: 35.9726 | LR: 0.000031
2025-08-17 03:33:59 INFO Epoch 042 | Train Loss: 0.3278 | Val Loss: 0.5707 | Dice: 0.4602 | softDice: 0.4290 | clDice: 0.4995 | softclDice: 0.5214 | IoU: 0.2991 | Tversky: 0.4602 | Hausdorff: 211.1329 | HD95: 34.4766 | LR: 0.000031
2025-08-17 03:35:30 INFO Epoch 043 | Train Loss: 0.3300 | Val Loss: 0.5699 | Dice: 0.4628 | softDice: 0.4305 | clDice: 0.5031 | softclDice: 0.5172 | IoU: 0.3013 | Tversky: 0.4628 | Hausdorff: 208.2517 | HD95: 34.9535 | LR: 0.000016
2025-08-17 03:36:58 INFO Epoch 044 | Train Loss: 0.3258 | Val Loss: 0.5708 | Dice: 0.4578 | softDice: 0.4270 | clDice: 0.4972 | softclDice: 0.5229 | IoU: 0.2971 | Tversky: 0.4578 | Hausdorff: 208.0920 | HD95: 34.5559 | LR: 0.000016
2025-08-17 03:38:26 INFO Epoch 045 | Train Loss: 0.3293 | Val Loss: 0.5701 | Dice: 0.4600 | softDice: 0.4288 | clDice: 0.4990 | softclDice: 0.5208 | IoU: 0.2990 | Tversky: 0.4600 | Hausdorff: 209.9738 | HD95: 34.7693 | LR: 0.000016
2025-08-17 03:39:57 INFO Epoch 046 | Train Loss: 0.3269 | Val Loss: 0.5704 | Dice: 0.4583 | softDice: 0.4267 | clDice: 0.4976 | softclDice: 0.5221 | IoU: 0.2975 | Tversky: 0.4583 | Hausdorff: 209.0958 | HD95: 34.9139 | LR: 0.000016
2025-08-17 03:41:24 INFO Epoch 047 | Train Loss: 0.3265 | Val Loss: 0.5707 | Dice: 0.4594 | softDice: 0.4283 | clDice: 0.4987 | softclDice: 0.5213 | IoU: 0.2985 | Tversky: 0.4594 | Hausdorff: 211.9020 | HD95: 35.4819 | LR: 0.000016
2025-08-17 03:42:55 INFO Epoch 048 | Train Loss: 0.3267 | Val Loss: 0.5703 | Dice: 0.4575 | softDice: 0.4263 | clDice: 0.4956 | softclDice: 0.5233 | IoU: 0.2969 | Tversky: 0.4575 | Hausdorff: 209.9105 | HD95: 35.3340 | LR: 0.000016
2025-08-17 03:44:21 INFO Epoch 049 | Train Loss: 0.3238 | Val Loss: 0.5707 | Dice: 0.4585 | softDice: 0.4275 | clDice: 0.4959 | softclDice: 0.5230 | IoU: 0.2977 | Tversky: 0.4585 | Hausdorff: 210.6469 | HD95: 35.3848 | LR: 0.000008
2025-08-17 03:45:51 INFO Epoch 050 | Train Loss: 0.3230 | Val Loss: 0.5710 | Dice: 0.4566 | softDice: 0.4260 | clDice: 0.4939 | softclDice: 0.5250 | IoU: 0.2961 | Tversky: 0.4566 | Hausdorff: 209.4637 | HD95: 35.2579 | LR: 0.000008
2025-08-17 03:45:51 INFO Training completed.
2025-08-17 03:46:16 INFO Fold 5 results: Dice: 0.4827 | softDice: 0.4274 | clDice: 0.5407 | softclDice: 0.4972 | IoU: 0.3184 | Tversky: 0.4827 | Hausdorff: 208.3504 | HD95: 36.4568
2025-08-17 03:46:16 INFO ===== Cross-validation results =====
2025-08-17 03:46:16 INFO Dice: 0.4807 | softDice: 0.4287 | clDice: 0.5287 | softclDice: 0.5067 | IoU: 0.3170 | Tversky: 0.4807 | Hausdorff: 243.6148 | HD95: 35.6482
