2025-08-18 23:31:45 INFO Starting training with configuration: {'model': {'name': 'unet', 'encoder_name': 'se_resnext50_32x4d', 'encoder_weights': 'imagenet', 'classes': 1, 'activation': None, 'dropout': 0.2}, 'dataset': {'root': '/data/smadper@alumno.upv.es/TFM/datasets/laticifers', 'patch_size': [512, 512], 'stride': [256, 256], 'num_patches': 50, 'num_workers': 4, 'feature_dirs': {'image': '/data/smadper@alumno.upv.es/TFM/datasets/laticifers/enhanced_images', 'mask': '/data/smadper@alumno.upv.es/TFM/datasets/laticifers/masks', 'distance': '/data/smadper@alumno.upv.es/TFM/datasets/laticifers/distance_maps_pt'}}, 'train': {'batch_size': 32, 'num_epochs': 50, 'learning_rate': 0.001, 'accumulation_steps': 1, 'save_dir': '/data/smadper@alumno.upv.es/TFM/checkpoints_cv2/unet/20250818_233145_unet_se_resnext50_32x4d_bce1.0_dice0.5', 'log_interval': 1, 'patience': 100, 'mixed_precision': True, 'experiment_name': 'unet_se_resnext50_32x4d_bce1.0_dice0.5', 'timestamp': '20250818_233145'}, 'test': {'batch_size': 1}, 'loss': {'name': 'bce', 'cldice_alpha': 0.5, 'use_topographic': False, 'combine_with': 'dice', 'weights': {'main': 0.5, 'combined': 1.0}, 'topo': {'alpha': 2.0, 'beta': 1.0}}}
2025-08-18 23:31:45 INFO Experiment name: unet_se_resnext50_32x4d_bce1.0_dice0.5
2025-08-18 23:31:45 INFO ===== Fold 1 / 5 =====
2025-08-18 23:31:45 INFO Loading model unet with settings {'name': 'unet', 'encoder_name': 'se_resnext50_32x4d', 'encoder_weights': 'imagenet', 'classes': 1, 'activation': None, 'dropout': 0.2}
2025-08-18 23:35:10 INFO Epoch 001 | Train Loss: 1.0629 | Val Loss: 1.1253 | Dice: 0.4019 | softDice: 0.2296 | clDice: 0.4585 | softclDice: 0.8010 | IoU: 0.2516 | Tversky: 0.4019 | Hausdorff: 636.7428 | HD95: 101.1555 | val_loss: 1.1253 | LR: 0.001000
2025-08-18 23:38:30 INFO Epoch 002 | Train Loss: 0.7726 | Val Loss: 1.0723 | Dice: 0.4060 | softDice: 0.3298 | clDice: 0.4505 | softclDice: 0.6417 | IoU: 0.2551 | Tversky: 0.4060 | Hausdorff: 286.6405 | HD95: 91.3241 | val_loss: 1.0723 | LR: 0.001000
2025-08-18 23:41:49 INFO Epoch 003 | Train Loss: 0.7020 | Val Loss: 1.0811 | Dice: 0.4113 | softDice: 0.3653 | clDice: 0.4414 | softclDice: 0.6080 | IoU: 0.2591 | Tversky: 0.4113 | Hausdorff: 609.2005 | HD95: 70.1182 | val_loss: 1.0811 | LR: 0.001000
2025-08-18 23:45:10 INFO Epoch 004 | Train Loss: 0.6876 | Val Loss: 1.0763 | Dice: 0.4464 | softDice: 0.4111 | clDice: 0.4934 | softclDice: 0.5443 | IoU: 0.2876 | Tversky: 0.4464 | Hausdorff: 380.9446 | HD95: 55.7518 | val_loss: 1.0763 | LR: 0.001000
2025-08-18 23:48:28 INFO Epoch 005 | Train Loss: 0.6763 | Val Loss: 1.0699 | Dice: 0.4448 | softDice: 0.4089 | clDice: 0.4852 | softclDice: 0.5502 | IoU: 0.2864 | Tversky: 0.4448 | Hausdorff: 232.1238 | HD95: 61.4665 | val_loss: 1.0699 | LR: 0.001000
2025-08-18 23:51:46 INFO Epoch 006 | Train Loss: 0.6642 | Val Loss: 1.0708 | Dice: 0.4545 | softDice: 0.4195 | clDice: 0.5014 | softclDice: 0.5316 | IoU: 0.2943 | Tversky: 0.4545 | Hausdorff: 369.4720 | HD95: 53.8182 | val_loss: 1.0708 | LR: 0.001000
2025-08-18 23:55:04 INFO Epoch 007 | Train Loss: 0.6631 | Val Loss: 1.0757 | Dice: 0.4629 | softDice: 0.4338 | clDice: 0.5127 | softclDice: 0.5169 | IoU: 0.3015 | Tversky: 0.4629 | Hausdorff: 232.3802 | HD95: 52.4434 | val_loss: 1.0757 | LR: 0.001000
2025-08-18 23:58:26 INFO Epoch 008 | Train Loss: 0.6625 | Val Loss: 1.0864 | Dice: 0.4589 | softDice: 0.4230 | clDice: 0.5263 | softclDice: 0.5149 | IoU: 0.2979 | Tversky: 0.4589 | Hausdorff: 337.6934 | HD95: 49.7528 | val_loss: 1.0864 | LR: 0.001000
2025-08-19 00:01:45 INFO Epoch 009 | Train Loss: 0.6643 | Val Loss: 1.0721 | Dice: 0.4766 | softDice: 0.4394 | clDice: 0.5326 | softclDice: 0.5016 | IoU: 0.3131 | Tversky: 0.4766 | Hausdorff: 380.0575 | HD95: 40.5014 | val_loss: 1.0721 | LR: 0.001000
2025-08-19 00:05:03 INFO Epoch 010 | Train Loss: 0.6555 | Val Loss: 1.0743 | Dice: 0.4715 | softDice: 0.4327 | clDice: 0.5292 | softclDice: 0.5033 | IoU: 0.3088 | Tversky: 0.4715 | Hausdorff: 376.3178 | HD95: 41.4760 | val_loss: 1.0743 | LR: 0.001000
2025-08-19 00:08:23 INFO Epoch 011 | Train Loss: 0.6575 | Val Loss: 1.0797 | Dice: 0.4725 | softDice: 0.4419 | clDice: 0.5308 | softclDice: 0.4958 | IoU: 0.3096 | Tversky: 0.4725 | Hausdorff: 237.3605 | HD95: 39.5835 | val_loss: 1.0797 | LR: 0.000500
2025-08-19 00:11:42 INFO Epoch 012 | Train Loss: 0.6435 | Val Loss: 1.0747 | Dice: 0.4781 | softDice: 0.4498 | clDice: 0.5344 | softclDice: 0.4923 | IoU: 0.3145 | Tversky: 0.4781 | Hausdorff: 226.8531 | HD95: 42.0450 | val_loss: 1.0747 | LR: 0.000500
2025-08-19 00:14:57 INFO Epoch 013 | Train Loss: 0.6484 | Val Loss: 1.0716 | Dice: 0.4777 | softDice: 0.4421 | clDice: 0.5345 | softclDice: 0.4985 | IoU: 0.3143 | Tversky: 0.4777 | Hausdorff: 240.6839 | HD95: 39.6466 | val_loss: 1.0716 | LR: 0.000500
2025-08-19 00:18:17 INFO Epoch 014 | Train Loss: 0.6418 | Val Loss: 1.0743 | Dice: 0.4777 | softDice: 0.4487 | clDice: 0.5380 | softclDice: 0.4892 | IoU: 0.3142 | Tversky: 0.4777 | Hausdorff: 223.7427 | HD95: 41.0129 | val_loss: 1.0743 | LR: 0.000500
2025-08-19 00:21:34 INFO Epoch 015 | Train Loss: 0.6462 | Val Loss: 1.0734 | Dice: 0.4789 | softDice: 0.4463 | clDice: 0.5334 | softclDice: 0.4956 | IoU: 0.3152 | Tversky: 0.4789 | Hausdorff: 386.6173 | HD95: 41.0844 | val_loss: 1.0734 | LR: 0.000500
2025-08-19 00:24:51 INFO Epoch 016 | Train Loss: 0.6404 | Val Loss: 1.0758 | Dice: 0.4722 | softDice: 0.4424 | clDice: 0.5243 | softclDice: 0.5030 | IoU: 0.3094 | Tversky: 0.4722 | Hausdorff: 242.3347 | HD95: 39.4839 | val_loss: 1.0758 | LR: 0.000500
2025-08-19 00:28:09 INFO Epoch 017 | Train Loss: 0.6399 | Val Loss: 1.0761 | Dice: 0.4797 | softDice: 0.4520 | clDice: 0.5396 | softclDice: 0.4888 | IoU: 0.3160 | Tversky: 0.4797 | Hausdorff: 234.8724 | HD95: 39.0975 | val_loss: 1.0761 | LR: 0.000250
2025-08-19 00:31:27 INFO Epoch 018 | Train Loss: 0.6378 | Val Loss: 1.0721 | Dice: 0.4785 | softDice: 0.4512 | clDice: 0.5328 | softclDice: 0.4917 | IoU: 0.3149 | Tversky: 0.4785 | Hausdorff: 234.8354 | HD95: 44.6550 | val_loss: 1.0721 | LR: 0.000250
2025-08-19 00:34:45 INFO Epoch 019 | Train Loss: 0.6365 | Val Loss: 1.0723 | Dice: 0.4806 | softDice: 0.4513 | clDice: 0.5371 | softclDice: 0.4887 | IoU: 0.3167 | Tversky: 0.4806 | Hausdorff: 226.9467 | HD95: 37.5650 | val_loss: 1.0723 | LR: 0.000250
2025-08-19 00:38:04 INFO Epoch 020 | Train Loss: 0.6351 | Val Loss: 1.0723 | Dice: 0.4832 | softDice: 0.4536 | clDice: 0.5386 | softclDice: 0.4877 | IoU: 0.3190 | Tversky: 0.4832 | Hausdorff: 234.9352 | HD95: 35.1746 | val_loss: 1.0723 | LR: 0.000250
2025-08-19 00:41:22 INFO Epoch 021 | Train Loss: 0.6361 | Val Loss: 1.0716 | Dice: 0.4850 | softDice: 0.4525 | clDice: 0.5441 | softclDice: 0.4844 | IoU: 0.3205 | Tversky: 0.4850 | Hausdorff: 243.2726 | HD95: 37.3932 | val_loss: 1.0716 | LR: 0.000250
2025-08-19 00:44:42 INFO Epoch 022 | Train Loss: 0.6376 | Val Loss: 1.0724 | Dice: 0.4812 | softDice: 0.4523 | clDice: 0.5384 | softclDice: 0.4887 | IoU: 0.3172 | Tversky: 0.4812 | Hausdorff: 226.2094 | HD95: 38.5340 | val_loss: 1.0724 | LR: 0.000250
2025-08-19 00:48:00 INFO Epoch 023 | Train Loss: 0.6323 | Val Loss: 1.0730 | Dice: 0.4869 | softDice: 0.4583 | clDice: 0.5428 | softclDice: 0.4820 | IoU: 0.3222 | Tversky: 0.4869 | Hausdorff: 227.4980 | HD95: 36.8128 | val_loss: 1.0730 | LR: 0.000125
2025-08-19 00:51:17 INFO Epoch 024 | Train Loss: 0.6324 | Val Loss: 1.0733 | Dice: 0.4819 | softDice: 0.4536 | clDice: 0.5365 | softclDice: 0.4882 | IoU: 0.3179 | Tversky: 0.4819 | Hausdorff: 222.6868 | HD95: 34.0149 | val_loss: 1.0733 | LR: 0.000125
2025-08-19 00:54:33 INFO Epoch 025 | Train Loss: 0.6291 | Val Loss: 1.0727 | Dice: 0.4850 | softDice: 0.4572 | clDice: 0.5383 | softclDice: 0.4854 | IoU: 0.3205 | Tversky: 0.4850 | Hausdorff: 226.3680 | HD95: 35.8758 | val_loss: 1.0727 | LR: 0.000125
2025-08-19 00:57:49 INFO Epoch 026 | Train Loss: 0.6314 | Val Loss: 1.0725 | Dice: 0.4860 | softDice: 0.4575 | clDice: 0.5408 | softclDice: 0.4820 | IoU: 0.3213 | Tversky: 0.4860 | Hausdorff: 223.4498 | HD95: 35.0082 | val_loss: 1.0725 | LR: 0.000125
2025-08-19 01:01:07 INFO Epoch 027 | Train Loss: 0.6289 | Val Loss: 1.0728 | Dice: 0.4841 | softDice: 0.4566 | clDice: 0.5396 | softclDice: 0.4864 | IoU: 0.3198 | Tversky: 0.4841 | Hausdorff: 224.2727 | HD95: 35.8535 | val_loss: 1.0728 | LR: 0.000125
2025-08-19 01:04:22 INFO Epoch 028 | Train Loss: 0.6295 | Val Loss: 1.0723 | Dice: 0.4806 | softDice: 0.4532 | clDice: 0.5325 | softclDice: 0.4909 | IoU: 0.3167 | Tversky: 0.4806 | Hausdorff: 229.0289 | HD95: 37.8350 | val_loss: 1.0723 | LR: 0.000125
2025-08-19 01:07:40 INFO Epoch 029 | Train Loss: 0.6249 | Val Loss: 1.0723 | Dice: 0.4827 | softDice: 0.4553 | clDice: 0.5339 | softclDice: 0.4906 | IoU: 0.3185 | Tversky: 0.4827 | Hausdorff: 227.9719 | HD95: 36.0456 | val_loss: 1.0723 | LR: 0.000063
2025-08-19 01:10:55 INFO Epoch 030 | Train Loss: 0.6281 | Val Loss: 1.0733 | Dice: 0.4838 | softDice: 0.4552 | clDice: 0.5400 | softclDice: 0.4862 | IoU: 0.3194 | Tversky: 0.4838 | Hausdorff: 222.4263 | HD95: 33.4009 | val_loss: 1.0733 | LR: 0.000063
2025-08-19 01:14:10 INFO Epoch 031 | Train Loss: 0.6244 | Val Loss: 1.0727 | Dice: 0.4866 | softDice: 0.4587 | clDice: 0.5403 | softclDice: 0.4844 | IoU: 0.3219 | Tversky: 0.4866 | Hausdorff: 224.3116 | HD95: 34.2744 | val_loss: 1.0727 | LR: 0.000063
2025-08-19 01:17:28 INFO Epoch 032 | Train Loss: 0.6214 | Val Loss: 1.0737 | Dice: 0.4820 | softDice: 0.4547 | clDice: 0.5368 | softclDice: 0.4881 | IoU: 0.3179 | Tversky: 0.4820 | Hausdorff: 221.7594 | HD95: 34.1233 | val_loss: 1.0737 | LR: 0.000063
2025-08-19 01:20:44 INFO Epoch 033 | Train Loss: 0.6310 | Val Loss: 1.0729 | Dice: 0.4816 | softDice: 0.4541 | clDice: 0.5357 | softclDice: 0.4897 | IoU: 0.3175 | Tversky: 0.4816 | Hausdorff: 224.4144 | HD95: 36.9861 | val_loss: 1.0729 | LR: 0.000063
2025-08-19 01:24:02 INFO Epoch 034 | Train Loss: 0.6236 | Val Loss: 1.0722 | Dice: 0.4867 | softDice: 0.4588 | clDice: 0.5398 | softclDice: 0.4847 | IoU: 0.3219 | Tversky: 0.4867 | Hausdorff: 231.9208 | HD95: 34.1534 | val_loss: 1.0722 | LR: 0.000063
2025-08-19 01:27:18 INFO Epoch 035 | Train Loss: 0.6266 | Val Loss: 1.0721 | Dice: 0.4851 | softDice: 0.4583 | clDice: 0.5389 | softclDice: 0.4846 | IoU: 0.3206 | Tversky: 0.4851 | Hausdorff: 231.6065 | HD95: 38.1362 | val_loss: 1.0721 | LR: 0.000031
2025-08-19 01:30:34 INFO Epoch 036 | Train Loss: 0.6241 | Val Loss: 1.0725 | Dice: 0.4861 | softDice: 0.4577 | clDice: 0.5415 | softclDice: 0.4841 | IoU: 0.3214 | Tversky: 0.4861 | Hausdorff: 223.8411 | HD95: 33.1623 | val_loss: 1.0725 | LR: 0.000031
2025-08-19 01:33:53 INFO Epoch 037 | Train Loss: 0.6252 | Val Loss: 1.0738 | Dice: 0.4854 | softDice: 0.4584 | clDice: 0.5412 | softclDice: 0.4833 | IoU: 0.3209 | Tversky: 0.4854 | Hausdorff: 224.0858 | HD95: 34.0158 | val_loss: 1.0738 | LR: 0.000031
2025-08-19 01:37:10 INFO Epoch 038 | Train Loss: 0.6254 | Val Loss: 1.0730 | Dice: 0.4873 | softDice: 0.4597 | clDice: 0.5428 | softclDice: 0.4818 | IoU: 0.3225 | Tversky: 0.4873 | Hausdorff: 221.8448 | HD95: 33.5392 | val_loss: 1.0730 | LR: 0.000031
2025-08-19 01:40:27 INFO Epoch 039 | Train Loss: 0.6228 | Val Loss: 1.0738 | Dice: 0.4855 | softDice: 0.4577 | clDice: 0.5420 | softclDice: 0.4836 | IoU: 0.3210 | Tversky: 0.4855 | Hausdorff: 225.9012 | HD95: 32.0119 | val_loss: 1.0738 | LR: 0.000031
2025-08-19 01:43:44 INFO Epoch 040 | Train Loss: 0.6225 | Val Loss: 1.0734 | Dice: 0.4853 | softDice: 0.4577 | clDice: 0.5405 | softclDice: 0.4847 | IoU: 0.3208 | Tversky: 0.4853 | Hausdorff: 230.6193 | HD95: 33.5042 | val_loss: 1.0734 | LR: 0.000031
2025-08-19 01:47:01 INFO Epoch 041 | Train Loss: 0.6217 | Val Loss: 1.0732 | Dice: 0.4862 | softDice: 0.4587 | clDice: 0.5416 | softclDice: 0.4836 | IoU: 0.3216 | Tversky: 0.4862 | Hausdorff: 231.2454 | HD95: 33.8448 | val_loss: 1.0732 | LR: 0.000016
2025-08-19 01:50:22 INFO Epoch 042 | Train Loss: 0.6245 | Val Loss: 1.0730 | Dice: 0.4855 | softDice: 0.4586 | clDice: 0.5399 | softclDice: 0.4848 | IoU: 0.3209 | Tversky: 0.4855 | Hausdorff: 226.8492 | HD95: 33.5149 | val_loss: 1.0730 | LR: 0.000016
2025-08-19 01:53:37 INFO Epoch 043 | Train Loss: 0.6203 | Val Loss: 1.0735 | Dice: 0.4859 | softDice: 0.4588 | clDice: 0.5409 | softclDice: 0.4835 | IoU: 0.3213 | Tversky: 0.4859 | Hausdorff: 231.8643 | HD95: 33.0941 | val_loss: 1.0735 | LR: 0.000016
2025-08-19 01:56:55 INFO Epoch 044 | Train Loss: 0.6245 | Val Loss: 1.0726 | Dice: 0.4855 | softDice: 0.4581 | clDice: 0.5397 | softclDice: 0.4854 | IoU: 0.3209 | Tversky: 0.4855 | Hausdorff: 226.8556 | HD95: 33.6164 | val_loss: 1.0726 | LR: 0.000016
2025-08-19 02:00:13 INFO Epoch 045 | Train Loss: 0.6245 | Val Loss: 1.0728 | Dice: 0.4862 | softDice: 0.4585 | clDice: 0.5412 | softclDice: 0.4840 | IoU: 0.3215 | Tversky: 0.4862 | Hausdorff: 231.2311 | HD95: 33.7499 | val_loss: 1.0728 | LR: 0.000016
2025-08-19 02:03:33 INFO Epoch 046 | Train Loss: 0.6207 | Val Loss: 1.0732 | Dice: 0.4864 | softDice: 0.4591 | clDice: 0.5414 | softclDice: 0.4839 | IoU: 0.3217 | Tversky: 0.4864 | Hausdorff: 227.1820 | HD95: 33.2523 | val_loss: 1.0732 | LR: 0.000016
2025-08-19 02:06:52 INFO Epoch 047 | Train Loss: 0.6198 | Val Loss: 1.0732 | Dice: 0.4853 | softDice: 0.4576 | clDice: 0.5411 | softclDice: 0.4856 | IoU: 0.3207 | Tversky: 0.4853 | Hausdorff: 229.0242 | HD95: 33.2484 | val_loss: 1.0732 | LR: 0.000008
2025-08-19 02:10:08 INFO Epoch 048 | Train Loss: 0.6195 | Val Loss: 1.0739 | Dice: 0.4856 | softDice: 0.4582 | clDice: 0.5414 | softclDice: 0.4842 | IoU: 0.3210 | Tversky: 0.4856 | Hausdorff: 231.6195 | HD95: 33.3105 | val_loss: 1.0739 | LR: 0.000008
2025-08-19 02:13:26 INFO Epoch 049 | Train Loss: 0.6181 | Val Loss: 1.0734 | Dice: 0.4864 | softDice: 0.4586 | clDice: 0.5426 | softclDice: 0.4833 | IoU: 0.3217 | Tversky: 0.4864 | Hausdorff: 231.3068 | HD95: 33.5555 | val_loss: 1.0734 | LR: 0.000008
2025-08-19 02:16:46 INFO Epoch 050 | Train Loss: 0.6213 | Val Loss: 1.0735 | Dice: 0.4859 | softDice: 0.4583 | clDice: 0.5414 | softclDice: 0.4848 | IoU: 0.3213 | Tversky: 0.4859 | Hausdorff: 231.6031 | HD95: 32.5264 | val_loss: 1.0735 | LR: 0.000008
2025-08-19 02:16:46 INFO Training completed.
2025-08-19 02:18:27 INFO Fold 1 results: Dice: 0.4019 | softDice: 0.2296 | clDice: 0.4585 | softclDice: 0.8010 | IoU: 0.2516 | Tversky: 0.4019 | Hausdorff: 636.7428 | HD95: 101.1555 | val_loss: 1.1253
2025-08-19 02:18:27 INFO ===== Fold 2 / 5 =====
2025-08-19 02:18:27 INFO Loading model unet with settings {'name': 'unet', 'encoder_name': 'se_resnext50_32x4d', 'encoder_weights': 'imagenet', 'classes': 1, 'activation': None, 'dropout': 0.2}
2025-08-19 02:21:51 INFO Epoch 001 | Train Loss: 1.0168 | Val Loss: 1.1101 | Dice: 0.4415 | softDice: 0.2901 | clDice: 0.5205 | softclDice: 0.7165 | IoU: 0.2836 | Tversky: 0.4415 | Hausdorff: 364.7244 | HD95: 48.6115 | val_loss: 1.1101 | LR: 0.001000
2025-08-19 02:25:10 INFO Epoch 002 | Train Loss: 0.7703 | Val Loss: 1.0946 | Dice: 0.4561 | softDice: 0.3808 | clDice: 0.5265 | softclDice: 0.5818 | IoU: 0.2958 | Tversky: 0.4561 | Hausdorff: 280.1494 | HD95: 40.7857 | val_loss: 1.0946 | LR: 0.001000
2025-08-19 02:28:31 INFO Epoch 003 | Train Loss: 0.6963 | Val Loss: 1.0781 | Dice: 0.4589 | softDice: 0.4123 | clDice: 0.5063 | softclDice: 0.5349 | IoU: 0.2982 | Tversky: 0.4589 | Hausdorff: 286.8428 | HD95: 51.2534 | val_loss: 1.0781 | LR: 0.001000
2025-08-19 02:31:52 INFO Epoch 004 | Train Loss: 0.6783 | Val Loss: 1.0885 | Dice: 0.4516 | softDice: 0.4155 | clDice: 0.4977 | softclDice: 0.5372 | IoU: 0.2920 | Tversky: 0.4516 | Hausdorff: 320.4534 | HD95: 42.8364 | val_loss: 1.0885 | LR: 0.001000
2025-08-19 02:35:12 INFO Epoch 005 | Train Loss: 0.6712 | Val Loss: 1.0811 | Dice: 0.4759 | softDice: 0.4402 | clDice: 0.5356 | softclDice: 0.4926 | IoU: 0.3127 | Tversky: 0.4759 | Hausdorff: 299.6552 | HD95: 47.2371 | val_loss: 1.0811 | LR: 0.001000
2025-08-19 02:38:33 INFO Epoch 006 | Train Loss: 0.6634 | Val Loss: 1.0910 | Dice: 0.4754 | softDice: 0.4470 | clDice: 0.5358 | softclDice: 0.4888 | IoU: 0.3122 | Tversky: 0.4754 | Hausdorff: 305.2497 | HD95: 39.2469 | val_loss: 1.0910 | LR: 0.001000
2025-08-19 02:41:51 INFO Epoch 007 | Train Loss: 0.6575 | Val Loss: 1.0810 | Dice: 0.4666 | softDice: 0.4324 | clDice: 0.5190 | softclDice: 0.5068 | IoU: 0.3048 | Tversky: 0.4666 | Hausdorff: 322.8180 | HD95: 46.9616 | val_loss: 1.0810 | LR: 0.001000
2025-08-19 02:45:14 INFO Epoch 008 | Train Loss: 0.6570 | Val Loss: 1.0803 | Dice: 0.4754 | softDice: 0.4412 | clDice: 0.5236 | softclDice: 0.5021 | IoU: 0.3125 | Tversky: 0.4754 | Hausdorff: 295.0671 | HD95: 37.5782 | val_loss: 1.0803 | LR: 0.001000
2025-08-19 02:48:33 INFO Epoch 009 | Train Loss: 0.6612 | Val Loss: 1.0805 | Dice: 0.4691 | softDice: 0.4413 | clDice: 0.5126 | softclDice: 0.5072 | IoU: 0.3072 | Tversky: 0.4691 | Hausdorff: 275.8909 | HD95: 42.0494 | val_loss: 1.0805 | LR: 0.000500
2025-08-19 02:51:54 INFO Epoch 010 | Train Loss: 0.6521 | Val Loss: 1.0848 | Dice: 0.4830 | softDice: 0.4513 | clDice: 0.5422 | softclDice: 0.4825 | IoU: 0.3188 | Tversky: 0.4830 | Hausdorff: 304.5727 | HD95: 33.1940 | val_loss: 1.0848 | LR: 0.000500
2025-08-19 02:55:15 INFO Epoch 011 | Train Loss: 0.6431 | Val Loss: 1.0826 | Dice: 0.4868 | softDice: 0.4563 | clDice: 0.5405 | softclDice: 0.4824 | IoU: 0.3222 | Tversky: 0.4868 | Hausdorff: 304.9325 | HD95: 31.1495 | val_loss: 1.0826 | LR: 0.000500
2025-08-19 02:58:33 INFO Epoch 012 | Train Loss: 0.6467 | Val Loss: 1.0809 | Dice: 0.4876 | softDice: 0.4573 | clDice: 0.5417 | softclDice: 0.4809 | IoU: 0.3229 | Tversky: 0.4876 | Hausdorff: 305.0951 | HD95: 32.8943 | val_loss: 1.0809 | LR: 0.000500
2025-08-19 03:01:54 INFO Epoch 013 | Train Loss: 0.6473 | Val Loss: 1.0799 | Dice: 0.4881 | softDice: 0.4569 | clDice: 0.5436 | softclDice: 0.4785 | IoU: 0.3233 | Tversky: 0.4881 | Hausdorff: 278.8474 | HD95: 34.6677 | val_loss: 1.0799 | LR: 0.000500
2025-08-19 03:05:14 INFO Epoch 014 | Train Loss: 0.6477 | Val Loss: 1.0814 | Dice: 0.4865 | softDice: 0.4551 | clDice: 0.5409 | softclDice: 0.4822 | IoU: 0.3219 | Tversky: 0.4865 | Hausdorff: 298.7976 | HD95: 31.2301 | val_loss: 1.0814 | LR: 0.000500
2025-08-19 03:08:33 INFO Epoch 015 | Train Loss: 0.6404 | Val Loss: 1.0813 | Dice: 0.4854 | softDice: 0.4553 | clDice: 0.5387 | softclDice: 0.4842 | IoU: 0.3209 | Tversky: 0.4854 | Hausdorff: 299.1404 | HD95: 31.5764 | val_loss: 1.0813 | LR: 0.000250
2025-08-19 03:11:53 INFO Epoch 016 | Train Loss: 0.6370 | Val Loss: 1.0818 | Dice: 0.4878 | softDice: 0.4588 | clDice: 0.5399 | softclDice: 0.4804 | IoU: 0.3231 | Tversky: 0.4878 | Hausdorff: 293.4442 | HD95: 31.7340 | val_loss: 1.0818 | LR: 0.000250
2025-08-19 03:15:10 INFO Epoch 017 | Train Loss: 0.6361 | Val Loss: 1.0814 | Dice: 0.4838 | softDice: 0.4543 | clDice: 0.5348 | softclDice: 0.4863 | IoU: 0.3195 | Tversky: 0.4838 | Hausdorff: 299.5221 | HD95: 31.6413 | val_loss: 1.0814 | LR: 0.000250
2025-08-19 03:18:32 INFO Epoch 018 | Train Loss: 0.6334 | Val Loss: 1.0820 | Dice: 0.4867 | softDice: 0.4601 | clDice: 0.5367 | softclDice: 0.4823 | IoU: 0.3222 | Tversky: 0.4867 | Hausdorff: 289.4801 | HD95: 30.8019 | val_loss: 1.0820 | LR: 0.000250
2025-08-19 03:21:51 INFO Epoch 019 | Train Loss: 0.6338 | Val Loss: 1.0823 | Dice: 0.4873 | softDice: 0.4592 | clDice: 0.5413 | softclDice: 0.4793 | IoU: 0.3226 | Tversky: 0.4873 | Hausdorff: 271.1624 | HD95: 32.4513 | val_loss: 1.0823 | LR: 0.000250
2025-08-19 03:25:13 INFO Epoch 020 | Train Loss: 0.6320 | Val Loss: 1.0809 | Dice: 0.4895 | softDice: 0.4583 | clDice: 0.5431 | softclDice: 0.4798 | IoU: 0.3245 | Tversky: 0.4895 | Hausdorff: 292.0049 | HD95: 28.1051 | val_loss: 1.0809 | LR: 0.000250
2025-08-19 03:28:33 INFO Epoch 021 | Train Loss: 0.6336 | Val Loss: 1.0812 | Dice: 0.4806 | softDice: 0.4515 | clDice: 0.5300 | softclDice: 0.4909 | IoU: 0.3168 | Tversky: 0.4806 | Hausdorff: 291.6339 | HD95: 30.7252 | val_loss: 1.0812 | LR: 0.000125
2025-08-19 03:31:51 INFO Epoch 022 | Train Loss: 0.6252 | Val Loss: 1.0809 | Dice: 0.4896 | softDice: 0.4615 | clDice: 0.5432 | softclDice: 0.4774 | IoU: 0.3248 | Tversky: 0.4896 | Hausdorff: 290.7405 | HD95: 30.2699 | val_loss: 1.0809 | LR: 0.000125
2025-08-19 03:35:11 INFO Epoch 023 | Train Loss: 0.6267 | Val Loss: 1.0829 | Dice: 0.4871 | softDice: 0.4610 | clDice: 0.5413 | softclDice: 0.4785 | IoU: 0.3225 | Tversky: 0.4871 | Hausdorff: 291.3122 | HD95: 29.7891 | val_loss: 1.0829 | LR: 0.000125
2025-08-19 03:38:30 INFO Epoch 024 | Train Loss: 0.6276 | Val Loss: 1.0814 | Dice: 0.4899 | softDice: 0.4621 | clDice: 0.5434 | softclDice: 0.4772 | IoU: 0.3249 | Tversky: 0.4899 | Hausdorff: 291.5078 | HD95: 30.0027 | val_loss: 1.0814 | LR: 0.000125
2025-08-19 03:41:47 INFO Epoch 025 | Train Loss: 0.6267 | Val Loss: 1.0823 | Dice: 0.4889 | softDice: 0.4617 | clDice: 0.5420 | softclDice: 0.4781 | IoU: 0.3241 | Tversky: 0.4889 | Hausdorff: 291.5798 | HD95: 31.5733 | val_loss: 1.0823 | LR: 0.000125
2025-08-19 03:45:08 INFO Epoch 026 | Train Loss: 0.6247 | Val Loss: 1.0837 | Dice: 0.4851 | softDice: 0.4603 | clDice: 0.5365 | softclDice: 0.4821 | IoU: 0.3208 | Tversky: 0.4851 | Hausdorff: 291.1710 | HD95: 33.0244 | val_loss: 1.0837 | LR: 0.000125
2025-08-19 03:48:27 INFO Epoch 027 | Train Loss: 0.6301 | Val Loss: 1.0815 | Dice: 0.4865 | softDice: 0.4586 | clDice: 0.5397 | softclDice: 0.4829 | IoU: 0.3220 | Tversky: 0.4865 | Hausdorff: 291.5884 | HD95: 32.6225 | val_loss: 1.0815 | LR: 0.000063
2025-08-19 03:51:47 INFO Epoch 028 | Train Loss: 0.6243 | Val Loss: 1.0824 | Dice: 0.4893 | softDice: 0.4622 | clDice: 0.5421 | softclDice: 0.4786 | IoU: 0.3244 | Tversky: 0.4893 | Hausdorff: 288.9503 | HD95: 33.2213 | val_loss: 1.0824 | LR: 0.000063
2025-08-19 03:55:07 INFO Epoch 029 | Train Loss: 0.6255 | Val Loss: 1.0832 | Dice: 0.4875 | softDice: 0.4600 | clDice: 0.5406 | softclDice: 0.4807 | IoU: 0.3228 | Tversky: 0.4875 | Hausdorff: 289.2710 | HD95: 30.3344 | val_loss: 1.0832 | LR: 0.000063
2025-08-19 03:58:28 INFO Epoch 030 | Train Loss: 0.6201 | Val Loss: 1.0821 | Dice: 0.4870 | softDice: 0.4598 | clDice: 0.5385 | softclDice: 0.4822 | IoU: 0.3224 | Tversky: 0.4870 | Hausdorff: 280.1080 | HD95: 29.7621 | val_loss: 1.0821 | LR: 0.000063
2025-08-19 04:01:48 INFO Epoch 031 | Train Loss: 0.6217 | Val Loss: 1.0832 | Dice: 0.4856 | softDice: 0.4593 | clDice: 0.5353 | softclDice: 0.4838 | IoU: 0.3212 | Tversky: 0.4856 | Hausdorff: 291.3631 | HD95: 29.2932 | val_loss: 1.0832 | LR: 0.000063
2025-08-19 04:05:07 INFO Epoch 032 | Train Loss: 0.6182 | Val Loss: 1.0838 | Dice: 0.4871 | softDice: 0.4609 | clDice: 0.5372 | softclDice: 0.4817 | IoU: 0.3225 | Tversky: 0.4871 | Hausdorff: 292.0930 | HD95: 29.7670 | val_loss: 1.0838 | LR: 0.000063
2025-08-19 04:08:27 INFO Epoch 033 | Train Loss: 0.6167 | Val Loss: 1.0834 | Dice: 0.4873 | softDice: 0.4614 | clDice: 0.5384 | softclDice: 0.4802 | IoU: 0.3226 | Tversky: 0.4873 | Hausdorff: 291.5011 | HD95: 29.8671 | val_loss: 1.0834 | LR: 0.000031
2025-08-19 04:11:46 INFO Epoch 034 | Train Loss: 0.6197 | Val Loss: 1.0832 | Dice: 0.4872 | softDice: 0.4608 | clDice: 0.5381 | softclDice: 0.4809 | IoU: 0.3226 | Tversky: 0.4872 | Hausdorff: 291.0580 | HD95: 30.2893 | val_loss: 1.0832 | LR: 0.000031
2025-08-19 04:15:05 INFO Epoch 035 | Train Loss: 0.6208 | Val Loss: 1.0834 | Dice: 0.4886 | softDice: 0.4620 | clDice: 0.5404 | softclDice: 0.4789 | IoU: 0.3237 | Tversky: 0.4886 | Hausdorff: 291.0582 | HD95: 30.6654 | val_loss: 1.0834 | LR: 0.000031
2025-08-19 04:18:25 INFO Epoch 036 | Train Loss: 0.6177 | Val Loss: 1.0829 | Dice: 0.4863 | softDice: 0.4594 | clDice: 0.5361 | softclDice: 0.4836 | IoU: 0.3218 | Tversky: 0.4863 | Hausdorff: 297.2397 | HD95: 30.1735 | val_loss: 1.0829 | LR: 0.000031
2025-08-19 04:21:43 INFO Epoch 037 | Train Loss: 0.6171 | Val Loss: 1.0847 | Dice: 0.4876 | softDice: 0.4617 | clDice: 0.5404 | softclDice: 0.4797 | IoU: 0.3229 | Tversky: 0.4876 | Hausdorff: 291.3656 | HD95: 29.5085 | val_loss: 1.0847 | LR: 0.000031
2025-08-19 04:25:01 INFO Epoch 038 | Train Loss: 0.6197 | Val Loss: 1.0825 | Dice: 0.4884 | softDice: 0.4613 | clDice: 0.5402 | softclDice: 0.4798 | IoU: 0.3237 | Tversky: 0.4884 | Hausdorff: 296.6448 | HD95: 30.5469 | val_loss: 1.0825 | LR: 0.000031
2025-08-19 04:28:23 INFO Epoch 039 | Train Loss: 0.6164 | Val Loss: 1.0837 | Dice: 0.4888 | softDice: 0.4623 | clDice: 0.5412 | softclDice: 0.4786 | IoU: 0.3239 | Tversky: 0.4888 | Hausdorff: 297.8280 | HD95: 30.4056 | val_loss: 1.0837 | LR: 0.000016
2025-08-19 04:31:42 INFO Epoch 040 | Train Loss: 0.6202 | Val Loss: 1.0829 | Dice: 0.4895 | softDice: 0.4627 | clDice: 0.5418 | softclDice: 0.4782 | IoU: 0.3246 | Tversky: 0.4895 | Hausdorff: 297.6034 | HD95: 30.8910 | val_loss: 1.0829 | LR: 0.000016
2025-08-19 04:35:03 INFO Epoch 041 | Train Loss: 0.6152 | Val Loss: 1.0828 | Dice: 0.4881 | softDice: 0.4610 | clDice: 0.5393 | softclDice: 0.4812 | IoU: 0.3233 | Tversky: 0.4881 | Hausdorff: 298.3863 | HD95: 30.8946 | val_loss: 1.0828 | LR: 0.000016
2025-08-19 04:38:21 INFO Epoch 042 | Train Loss: 0.6187 | Val Loss: 1.0831 | Dice: 0.4886 | softDice: 0.4617 | clDice: 0.5405 | softclDice: 0.4803 | IoU: 0.3238 | Tversky: 0.4886 | Hausdorff: 298.2169 | HD95: 30.8862 | val_loss: 1.0831 | LR: 0.000016
2025-08-19 04:41:40 INFO Epoch 043 | Train Loss: 0.6176 | Val Loss: 1.0831 | Dice: 0.4895 | softDice: 0.4625 | clDice: 0.5416 | softclDice: 0.4790 | IoU: 0.3245 | Tversky: 0.4895 | Hausdorff: 298.5459 | HD95: 30.7677 | val_loss: 1.0831 | LR: 0.000016
2025-08-19 04:44:59 INFO Epoch 044 | Train Loss: 0.6197 | Val Loss: 1.0831 | Dice: 0.4893 | softDice: 0.4622 | clDice: 0.5411 | softclDice: 0.4795 | IoU: 0.3244 | Tversky: 0.4893 | Hausdorff: 298.0799 | HD95: 30.3918 | val_loss: 1.0831 | LR: 0.000016
2025-08-19 04:48:17 INFO Epoch 045 | Train Loss: 0.6185 | Val Loss: 1.0830 | Dice: 0.4875 | softDice: 0.4608 | clDice: 0.5377 | softclDice: 0.4819 | IoU: 0.3228 | Tversky: 0.4875 | Hausdorff: 297.3989 | HD95: 30.4258 | val_loss: 1.0830 | LR: 0.000008
2025-08-19 04:51:38 INFO Epoch 046 | Train Loss: 0.6135 | Val Loss: 1.0830 | Dice: 0.4884 | softDice: 0.4615 | clDice: 0.5399 | softclDice: 0.4803 | IoU: 0.3236 | Tversky: 0.4884 | Hausdorff: 297.4929 | HD95: 30.2843 | val_loss: 1.0830 | LR: 0.000008
2025-08-19 04:54:55 INFO Epoch 047 | Train Loss: 0.6207 | Val Loss: 1.0830 | Dice: 0.4887 | softDice: 0.4620 | clDice: 0.5400 | softclDice: 0.4799 | IoU: 0.3238 | Tversky: 0.4887 | Hausdorff: 297.1481 | HD95: 29.9354 | val_loss: 1.0830 | LR: 0.000008
2025-08-19 04:58:14 INFO Epoch 048 | Train Loss: 0.6129 | Val Loss: 1.0826 | Dice: 0.4894 | softDice: 0.4623 | clDice: 0.5413 | softclDice: 0.4795 | IoU: 0.3244 | Tversky: 0.4894 | Hausdorff: 298.1293 | HD95: 29.6504 | val_loss: 1.0826 | LR: 0.000008
2025-08-19 05:01:36 INFO Epoch 049 | Train Loss: 0.6165 | Val Loss: 1.0835 | Dice: 0.4884 | softDice: 0.4622 | clDice: 0.5401 | softclDice: 0.4798 | IoU: 0.3236 | Tversky: 0.4884 | Hausdorff: 298.1489 | HD95: 30.4656 | val_loss: 1.0835 | LR: 0.000008
2025-08-19 05:04:54 INFO Epoch 050 | Train Loss: 0.6198 | Val Loss: 1.0827 | Dice: 0.4892 | softDice: 0.4623 | clDice: 0.5398 | softclDice: 0.4797 | IoU: 0.3243 | Tversky: 0.4892 | Hausdorff: 298.2600 | HD95: 30.9194 | val_loss: 1.0827 | LR: 0.000008
2025-08-19 05:04:54 INFO Training completed.
2025-08-19 05:06:41 INFO Fold 2 results: Dice: 0.4415 | softDice: 0.2901 | clDice: 0.5205 | softclDice: 0.7165 | IoU: 0.2836 | Tversky: 0.4415 | Hausdorff: 364.7244 | HD95: 48.6115 | val_loss: 1.1101
2025-08-19 05:06:41 INFO ===== Fold 3 / 5 =====
2025-08-19 05:06:41 INFO Loading model unet with settings {'name': 'unet', 'encoder_name': 'se_resnext50_32x4d', 'encoder_weights': 'imagenet', 'classes': 1, 'activation': None, 'dropout': 0.2}
2025-08-19 05:09:55 INFO Epoch 001 | Train Loss: 0.8480 | Val Loss: 1.0833 | Dice: 0.3767 | softDice: 0.3271 | clDice: 0.4116 | softclDice: 0.6508 | IoU: 0.2327 | Tversky: 0.3767 | Hausdorff: 285.9009 | HD95: 96.8959 | val_loss: 1.0833 | LR: 0.001000
2025-08-19 05:13:14 INFO Epoch 002 | Train Loss: 0.7041 | Val Loss: 1.0824 | Dice: 0.4459 | softDice: 0.4151 | clDice: 0.4957 | softclDice: 0.5378 | IoU: 0.2881 | Tversky: 0.4459 | Hausdorff: 279.6026 | HD95: 55.9901 | val_loss: 1.0824 | LR: 0.001000
2025-08-19 05:16:32 INFO Epoch 003 | Train Loss: 0.6764 | Val Loss: 1.0837 | Dice: 0.4672 | softDice: 0.4346 | clDice: 0.5189 | softclDice: 0.5126 | IoU: 0.3056 | Tversky: 0.4672 | Hausdorff: 269.9351 | HD95: 43.1048 | val_loss: 1.0837 | LR: 0.001000
2025-08-19 05:19:48 INFO Epoch 004 | Train Loss: 0.6690 | Val Loss: 1.0837 | Dice: 0.4575 | softDice: 0.4252 | clDice: 0.5058 | softclDice: 0.5228 | IoU: 0.2977 | Tversky: 0.4575 | Hausdorff: 254.1342 | HD95: 41.2008 | val_loss: 1.0837 | LR: 0.001000
2025-08-19 05:23:11 INFO Epoch 005 | Train Loss: 0.6671 | Val Loss: 1.0980 | Dice: 0.4742 | softDice: 0.4403 | clDice: 0.5540 | softclDice: 0.4836 | IoU: 0.3115 | Tversky: 0.4742 | Hausdorff: 266.4077 | HD95: 39.2816 | val_loss: 1.0980 | LR: 0.001000
2025-08-19 05:26:31 INFO Epoch 006 | Train Loss: 0.6594 | Val Loss: 1.0863 | Dice: 0.4775 | softDice: 0.4425 | clDice: 0.5381 | softclDice: 0.4900 | IoU: 0.3144 | Tversky: 0.4775 | Hausdorff: 284.1039 | HD95: 39.4135 | val_loss: 1.0863 | LR: 0.001000
2025-08-19 05:29:52 INFO Epoch 007 | Train Loss: 0.6605 | Val Loss: 1.0854 | Dice: 0.4823 | softDice: 0.4527 | clDice: 0.5452 | softclDice: 0.4795 | IoU: 0.3187 | Tversky: 0.4823 | Hausdorff: 255.6377 | HD95: 45.3842 | val_loss: 1.0854 | LR: 0.001000
2025-08-19 05:33:11 INFO Epoch 008 | Train Loss: 0.6595 | Val Loss: 1.0872 | Dice: 0.4678 | softDice: 0.4382 | clDice: 0.5222 | softclDice: 0.5071 | IoU: 0.3062 | Tversky: 0.4678 | Hausdorff: 239.0574 | HD95: 39.2905 | val_loss: 1.0872 | LR: 0.000500
2025-08-19 05:36:29 INFO Epoch 009 | Train Loss: 0.6512 | Val Loss: 1.0819 | Dice: 0.4751 | softDice: 0.4457 | clDice: 0.5314 | softclDice: 0.4895 | IoU: 0.3126 | Tversky: 0.4751 | Hausdorff: 250.4135 | HD95: 39.9671 | val_loss: 1.0819 | LR: 0.000500
2025-08-19 05:39:50 INFO Epoch 010 | Train Loss: 0.6431 | Val Loss: 1.0787 | Dice: 0.4887 | softDice: 0.4579 | clDice: 0.5474 | softclDice: 0.4754 | IoU: 0.3245 | Tversky: 0.4887 | Hausdorff: 240.1604 | HD95: 40.3840 | val_loss: 1.0787 | LR: 0.000500
2025-08-19 05:43:08 INFO Epoch 011 | Train Loss: 0.6491 | Val Loss: 1.0779 | Dice: 0.4874 | softDice: 0.4558 | clDice: 0.5475 | softclDice: 0.4739 | IoU: 0.3233 | Tversky: 0.4874 | Hausdorff: 241.7296 | HD95: 38.7469 | val_loss: 1.0779 | LR: 0.000500
2025-08-19 05:46:27 INFO Epoch 012 | Train Loss: 0.6426 | Val Loss: 1.0779 | Dice: 0.4906 | softDice: 0.4574 | clDice: 0.5494 | softclDice: 0.4719 | IoU: 0.3260 | Tversky: 0.4906 | Hausdorff: 237.5471 | HD95: 35.4836 | val_loss: 1.0779 | LR: 0.000500
2025-08-19 05:49:47 INFO Epoch 013 | Train Loss: 0.6434 | Val Loss: 1.0786 | Dice: 0.4962 | softDice: 0.4630 | clDice: 0.5587 | softclDice: 0.4658 | IoU: 0.3309 | Tversky: 0.4962 | Hausdorff: 249.9178 | HD95: 34.7980 | val_loss: 1.0786 | LR: 0.000500
2025-08-19 05:53:04 INFO Epoch 014 | Train Loss: 0.6377 | Val Loss: 1.0801 | Dice: 0.4927 | softDice: 0.4634 | clDice: 0.5498 | softclDice: 0.4710 | IoU: 0.3279 | Tversky: 0.4927 | Hausdorff: 253.4395 | HD95: 33.9006 | val_loss: 1.0801 | LR: 0.000500
2025-08-19 05:56:26 INFO Epoch 015 | Train Loss: 0.6349 | Val Loss: 1.0806 | Dice: 0.4833 | softDice: 0.4555 | clDice: 0.5367 | softclDice: 0.4795 | IoU: 0.3198 | Tversky: 0.4833 | Hausdorff: 244.5937 | HD95: 37.9421 | val_loss: 1.0806 | LR: 0.000500
2025-08-19 05:59:44 INFO Epoch 016 | Train Loss: 0.6366 | Val Loss: 1.0832 | Dice: 0.4922 | softDice: 0.4628 | clDice: 0.5575 | softclDice: 0.4650 | IoU: 0.3275 | Tversky: 0.4922 | Hausdorff: 241.7539 | HD95: 35.4302 | val_loss: 1.0832 | LR: 0.000500
2025-08-19 06:03:01 INFO Epoch 017 | Train Loss: 0.6385 | Val Loss: 1.0795 | Dice: 0.4876 | softDice: 0.4570 | clDice: 0.5474 | softclDice: 0.4724 | IoU: 0.3236 | Tversky: 0.4876 | Hausdorff: 238.9793 | HD95: 38.6488 | val_loss: 1.0795 | LR: 0.000250
2025-08-19 06:06:21 INFO Epoch 018 | Train Loss: 0.6303 | Val Loss: 1.0787 | Dice: 0.4944 | softDice: 0.4648 | clDice: 0.5532 | softclDice: 0.4679 | IoU: 0.3294 | Tversky: 0.4944 | Hausdorff: 244.2753 | HD95: 36.2681 | val_loss: 1.0787 | LR: 0.000250
2025-08-19 06:09:40 INFO Epoch 019 | Train Loss: 0.6283 | Val Loss: 1.0786 | Dice: 0.4924 | softDice: 0.4634 | clDice: 0.5488 | softclDice: 0.4686 | IoU: 0.3277 | Tversky: 0.4924 | Hausdorff: 224.5063 | HD95: 35.5580 | val_loss: 1.0786 | LR: 0.000250
2025-08-19 06:13:00 INFO Epoch 020 | Train Loss: 0.6315 | Val Loss: 1.0817 | Dice: 0.4909 | softDice: 0.4634 | clDice: 0.5498 | softclDice: 0.4666 | IoU: 0.3264 | Tversky: 0.4909 | Hausdorff: 241.7203 | HD95: 35.1942 | val_loss: 1.0817 | LR: 0.000250
2025-08-19 06:16:16 INFO Epoch 021 | Train Loss: 0.6300 | Val Loss: 1.0802 | Dice: 0.4946 | softDice: 0.4650 | clDice: 0.5567 | softclDice: 0.4639 | IoU: 0.3296 | Tversky: 0.4946 | Hausdorff: 234.8750 | HD95: 33.1267 | val_loss: 1.0802 | LR: 0.000250
2025-08-19 06:19:36 INFO Epoch 022 | Train Loss: 0.6295 | Val Loss: 1.0803 | Dice: 0.4925 | softDice: 0.4628 | clDice: 0.5511 | softclDice: 0.4667 | IoU: 0.3277 | Tversky: 0.4925 | Hausdorff: 234.8221 | HD95: 33.0820 | val_loss: 1.0803 | LR: 0.000250
2025-08-19 06:22:56 INFO Epoch 023 | Train Loss: 0.6303 | Val Loss: 1.0848 | Dice: 0.4915 | softDice: 0.4624 | clDice: 0.5525 | softclDice: 0.4667 | IoU: 0.3267 | Tversky: 0.4915 | Hausdorff: 240.9227 | HD95: 32.6408 | val_loss: 1.0848 | LR: 0.000125
2025-08-19 06:26:17 INFO Epoch 024 | Train Loss: 0.6280 | Val Loss: 1.0799 | Dice: 0.4970 | softDice: 0.4680 | clDice: 0.5585 | softclDice: 0.4602 | IoU: 0.3317 | Tversky: 0.4970 | Hausdorff: 241.1263 | HD95: 32.3957 | val_loss: 1.0799 | LR: 0.000125
2025-08-19 06:29:41 INFO Epoch 025 | Train Loss: 0.6217 | Val Loss: 1.0799 | Dice: 0.4982 | softDice: 0.4675 | clDice: 0.5594 | softclDice: 0.4591 | IoU: 0.3327 | Tversky: 0.4982 | Hausdorff: 240.3617 | HD95: 32.1672 | val_loss: 1.0799 | LR: 0.000125
2025-08-19 06:32:57 INFO Epoch 026 | Train Loss: 0.6283 | Val Loss: 1.0798 | Dice: 0.4996 | softDice: 0.4695 | clDice: 0.5604 | softclDice: 0.4564 | IoU: 0.3339 | Tversky: 0.4996 | Hausdorff: 241.3086 | HD95: 30.8494 | val_loss: 1.0798 | LR: 0.000125
2025-08-19 06:36:18 INFO Epoch 027 | Train Loss: 0.6234 | Val Loss: 1.0797 | Dice: 0.4950 | softDice: 0.4662 | clDice: 0.5533 | softclDice: 0.4652 | IoU: 0.3299 | Tversky: 0.4950 | Hausdorff: 350.7931 | HD95: 32.6189 | val_loss: 1.0797 | LR: 0.000125
2025-08-19 06:39:36 INFO Epoch 028 | Train Loss: 0.6240 | Val Loss: 1.0802 | Dice: 0.4989 | softDice: 0.4687 | clDice: 0.5586 | softclDice: 0.4596 | IoU: 0.3333 | Tversky: 0.4989 | Hausdorff: 401.1487 | HD95: 32.8172 | val_loss: 1.0802 | LR: 0.000125
2025-08-19 06:42:56 INFO Epoch 029 | Train Loss: 0.6229 | Val Loss: 1.0810 | Dice: 0.5012 | softDice: 0.4718 | clDice: 0.5633 | softclDice: 0.4549 | IoU: 0.3353 | Tversky: 0.5012 | Hausdorff: 393.7887 | HD95: 31.8492 | val_loss: 1.0810 | LR: 0.000063
2025-08-19 06:46:17 INFO Epoch 030 | Train Loss: 0.6189 | Val Loss: 1.0804 | Dice: 0.4995 | softDice: 0.4717 | clDice: 0.5584 | softclDice: 0.4582 | IoU: 0.3339 | Tversky: 0.4995 | Hausdorff: 358.2307 | HD95: 32.7275 | val_loss: 1.0804 | LR: 0.000063
2025-08-19 06:49:36 INFO Epoch 031 | Train Loss: 0.6180 | Val Loss: 1.0812 | Dice: 0.5003 | softDice: 0.4720 | clDice: 0.5624 | softclDice: 0.4548 | IoU: 0.3346 | Tversky: 0.5003 | Hausdorff: 308.3125 | HD95: 31.4078 | val_loss: 1.0812 | LR: 0.000063
2025-08-19 06:52:54 INFO Epoch 032 | Train Loss: 0.6140 | Val Loss: 1.0816 | Dice: 0.4968 | softDice: 0.4692 | clDice: 0.5561 | softclDice: 0.4611 | IoU: 0.3314 | Tversky: 0.4968 | Hausdorff: 240.9608 | HD95: 31.1532 | val_loss: 1.0816 | LR: 0.000063
2025-08-19 06:56:14 INFO Epoch 033 | Train Loss: 0.6199 | Val Loss: 1.0811 | Dice: 0.4980 | softDice: 0.4695 | clDice: 0.5582 | softclDice: 0.4590 | IoU: 0.3325 | Tversky: 0.4980 | Hausdorff: 241.3511 | HD95: 30.7690 | val_loss: 1.0811 | LR: 0.000063
2025-08-19 06:59:32 INFO Epoch 034 | Train Loss: 0.6187 | Val Loss: 1.0808 | Dice: 0.4981 | softDice: 0.4697 | clDice: 0.5590 | softclDice: 0.4595 | IoU: 0.3326 | Tversky: 0.4981 | Hausdorff: 301.0975 | HD95: 30.8394 | val_loss: 1.0808 | LR: 0.000063
2025-08-19 07:02:52 INFO Epoch 035 | Train Loss: 0.6172 | Val Loss: 1.0799 | Dice: 0.4998 | softDice: 0.4715 | clDice: 0.5595 | softclDice: 0.4579 | IoU: 0.3341 | Tversky: 0.4998 | Hausdorff: 239.6917 | HD95: 31.1027 | val_loss: 1.0799 | LR: 0.000031
2025-08-19 07:06:11 INFO Epoch 036 | Train Loss: 0.6181 | Val Loss: 1.0806 | Dice: 0.4994 | softDice: 0.4714 | clDice: 0.5587 | softclDice: 0.4586 | IoU: 0.3337 | Tversky: 0.4994 | Hausdorff: 309.2039 | HD95: 30.1299 | val_loss: 1.0806 | LR: 0.000031
2025-08-19 07:09:31 INFO Epoch 037 | Train Loss: 0.6169 | Val Loss: 1.0810 | Dice: 0.4995 | softDice: 0.4714 | clDice: 0.5597 | softclDice: 0.4568 | IoU: 0.3338 | Tversky: 0.4995 | Hausdorff: 305.2745 | HD95: 31.1947 | val_loss: 1.0810 | LR: 0.000031
2025-08-19 07:12:50 INFO Epoch 038 | Train Loss: 0.6181 | Val Loss: 1.0806 | Dice: 0.5017 | softDice: 0.4732 | clDice: 0.5625 | softclDice: 0.4554 | IoU: 0.3357 | Tversky: 0.5017 | Hausdorff: 309.1604 | HD95: 30.5485 | val_loss: 1.0806 | LR: 0.000031
2025-08-19 07:16:08 INFO Epoch 039 | Train Loss: 0.6185 | Val Loss: 1.0812 | Dice: 0.4993 | softDice: 0.4711 | clDice: 0.5595 | softclDice: 0.4575 | IoU: 0.3337 | Tversky: 0.4993 | Hausdorff: 240.2964 | HD95: 30.2465 | val_loss: 1.0812 | LR: 0.000031
2025-08-19 07:19:29 INFO Epoch 040 | Train Loss: 0.6148 | Val Loss: 1.0809 | Dice: 0.4994 | softDice: 0.4707 | clDice: 0.5611 | softclDice: 0.4583 | IoU: 0.3338 | Tversky: 0.4994 | Hausdorff: 240.0191 | HD95: 29.6719 | val_loss: 1.0809 | LR: 0.000031
2025-08-19 07:22:49 INFO Epoch 041 | Train Loss: 0.6135 | Val Loss: 1.0805 | Dice: 0.4986 | softDice: 0.4699 | clDice: 0.5585 | softclDice: 0.4600 | IoU: 0.3330 | Tversky: 0.4986 | Hausdorff: 306.8695 | HD95: 30.2542 | val_loss: 1.0805 | LR: 0.000016
2025-08-19 07:26:09 INFO Epoch 042 | Train Loss: 0.6194 | Val Loss: 1.0804 | Dice: 0.4994 | softDice: 0.4700 | clDice: 0.5598 | softclDice: 0.4587 | IoU: 0.3338 | Tversky: 0.4994 | Hausdorff: 240.1014 | HD95: 29.7202 | val_loss: 1.0804 | LR: 0.000016
2025-08-19 07:29:28 INFO Epoch 043 | Train Loss: 0.6187 | Val Loss: 1.0812 | Dice: 0.4991 | softDice: 0.4706 | clDice: 0.5586 | softclDice: 0.4589 | IoU: 0.3334 | Tversky: 0.4991 | Hausdorff: 304.7567 | HD95: 30.4200 | val_loss: 1.0812 | LR: 0.000016
2025-08-19 07:32:47 INFO Epoch 044 | Train Loss: 0.6145 | Val Loss: 1.0806 | Dice: 0.4980 | softDice: 0.4701 | clDice: 0.5555 | softclDice: 0.4609 | IoU: 0.3325 | Tversky: 0.4980 | Hausdorff: 239.2691 | HD95: 30.6596 | val_loss: 1.0806 | LR: 0.000016
2025-08-19 07:36:06 INFO Epoch 045 | Train Loss: 0.6164 | Val Loss: 1.0807 | Dice: 0.4989 | softDice: 0.4712 | clDice: 0.5575 | softclDice: 0.4601 | IoU: 0.3333 | Tversky: 0.4989 | Hausdorff: 239.3095 | HD95: 30.4924 | val_loss: 1.0807 | LR: 0.000016
2025-08-19 07:39:24 INFO Epoch 046 | Train Loss: 0.6160 | Val Loss: 1.0806 | Dice: 0.4973 | softDice: 0.4702 | clDice: 0.5538 | softclDice: 0.4620 | IoU: 0.3319 | Tversky: 0.4973 | Hausdorff: 238.8555 | HD95: 32.0411 | val_loss: 1.0806 | LR: 0.000016
2025-08-19 07:42:40 INFO Epoch 047 | Train Loss: 0.6127 | Val Loss: 1.0800 | Dice: 0.4986 | softDice: 0.4700 | clDice: 0.5569 | softclDice: 0.4608 | IoU: 0.3330 | Tversky: 0.4986 | Hausdorff: 239.2289 | HD95: 30.7711 | val_loss: 1.0800 | LR: 0.000008
2025-08-19 07:46:01 INFO Epoch 048 | Train Loss: 0.6154 | Val Loss: 1.0815 | Dice: 0.4982 | softDice: 0.4707 | clDice: 0.5571 | softclDice: 0.4599 | IoU: 0.3327 | Tversky: 0.4982 | Hausdorff: 239.2655 | HD95: 30.1740 | val_loss: 1.0815 | LR: 0.000008
2025-08-19 07:49:18 INFO Epoch 049 | Train Loss: 0.6135 | Val Loss: 1.0808 | Dice: 0.4981 | softDice: 0.4701 | clDice: 0.5578 | softclDice: 0.4604 | IoU: 0.3326 | Tversky: 0.4981 | Hausdorff: 239.0386 | HD95: 30.3450 | val_loss: 1.0808 | LR: 0.000008
2025-08-19 07:52:35 INFO Epoch 050 | Train Loss: 0.6167 | Val Loss: 1.0809 | Dice: 0.4982 | softDice: 0.4705 | clDice: 0.5575 | softclDice: 0.4597 | IoU: 0.3327 | Tversky: 0.4982 | Hausdorff: 238.9888 | HD95: 30.4146 | val_loss: 1.0809 | LR: 0.000008
2025-08-19 07:52:35 INFO Training completed.
2025-08-19 07:54:12 INFO Fold 3 results: Dice: 0.3767 | softDice: 0.3271 | clDice: 0.4116 | softclDice: 0.6508 | IoU: 0.2327 | Tversky: 0.3767 | Hausdorff: 285.9009 | HD95: 96.8959 | val_loss: 1.0833
2025-08-19 07:54:12 INFO ===== Fold 4 / 5 =====
2025-08-19 07:54:12 INFO Loading model unet with settings {'name': 'unet', 'encoder_name': 'se_resnext50_32x4d', 'encoder_weights': 'imagenet', 'classes': 1, 'activation': None, 'dropout': 0.2}
2025-08-19 07:57:30 INFO Epoch 001 | Train Loss: 0.9839 | Val Loss: 1.1066 | Dice: 0.3668 | softDice: 0.2761 | clDice: 0.4142 | softclDice: 0.7111 | IoU: 0.2248 | Tversky: 0.3668 | Hausdorff: 427.7193 | HD95: 73.9586 | val_loss: 1.1066 | LR: 0.001000
2025-08-19 08:00:51 INFO Epoch 002 | Train Loss: 0.7383 | Val Loss: 1.0855 | Dice: 0.4429 | softDice: 0.3817 | clDice: 0.4861 | softclDice: 0.5736 | IoU: 0.2846 | Tversky: 0.4429 | Hausdorff: 438.5662 | HD95: 51.2889 | val_loss: 1.0855 | LR: 0.001000
2025-08-19 08:04:08 INFO Epoch 003 | Train Loss: 0.6885 | Val Loss: 1.0852 | Dice: 0.4717 | softDice: 0.4302 | clDice: 0.5278 | softclDice: 0.5126 | IoU: 0.3089 | Tversky: 0.4717 | Hausdorff: 280.3427 | HD95: 42.5771 | val_loss: 1.0852 | LR: 0.001000
2025-08-19 08:07:29 INFO Epoch 004 | Train Loss: 0.6812 | Val Loss: 1.0836 | Dice: 0.4683 | softDice: 0.4334 | clDice: 0.5124 | softclDice: 0.5171 | IoU: 0.3060 | Tversky: 0.4683 | Hausdorff: 231.3151 | HD95: 45.7510 | val_loss: 1.0836 | LR: 0.001000
2025-08-19 08:10:46 INFO Epoch 005 | Train Loss: 0.6690 | Val Loss: 1.0839 | Dice: 0.4746 | softDice: 0.4329 | clDice: 0.5233 | softclDice: 0.5108 | IoU: 0.3114 | Tversky: 0.4746 | Hausdorff: 358.1090 | HD95: 39.9633 | val_loss: 1.0839 | LR: 0.001000
2025-08-19 08:14:09 INFO Epoch 006 | Train Loss: 0.6642 | Val Loss: 1.0811 | Dice: 0.4700 | softDice: 0.4341 | clDice: 0.5235 | softclDice: 0.5042 | IoU: 0.3075 | Tversky: 0.4700 | Hausdorff: 185.8476 | HD95: 39.6706 | val_loss: 1.0811 | LR: 0.001000
2025-08-19 08:17:28 INFO Epoch 007 | Train Loss: 0.6632 | Val Loss: 1.0864 | Dice: 0.4777 | softDice: 0.4419 | clDice: 0.5379 | softclDice: 0.4901 | IoU: 0.3140 | Tversky: 0.4777 | Hausdorff: 301.7130 | HD95: 41.9725 | val_loss: 1.0864 | LR: 0.001000
2025-08-19 08:20:45 INFO Epoch 008 | Train Loss: 0.6611 | Val Loss: 1.0932 | Dice: 0.4776 | softDice: 0.4525 | clDice: 0.5404 | softclDice: 0.4790 | IoU: 0.3139 | Tversky: 0.4776 | Hausdorff: 234.6279 | HD95: 40.5727 | val_loss: 1.0932 | LR: 0.001000
2025-08-19 08:24:09 INFO Epoch 009 | Train Loss: 0.6633 | Val Loss: 1.0852 | Dice: 0.4865 | softDice: 0.4551 | clDice: 0.5461 | softclDice: 0.4759 | IoU: 0.3218 | Tversky: 0.4865 | Hausdorff: 204.0141 | HD95: 33.4535 | val_loss: 1.0852 | LR: 0.001000
2025-08-19 08:27:28 INFO Epoch 010 | Train Loss: 0.6509 | Val Loss: 1.0872 | Dice: 0.4881 | softDice: 0.4558 | clDice: 0.5492 | softclDice: 0.4739 | IoU: 0.3231 | Tversky: 0.4881 | Hausdorff: 234.6946 | HD95: 35.5068 | val_loss: 1.0872 | LR: 0.001000
2025-08-19 08:30:46 INFO Epoch 011 | Train Loss: 0.6505 | Val Loss: 1.0850 | Dice: 0.4836 | softDice: 0.4517 | clDice: 0.5440 | softclDice: 0.4828 | IoU: 0.3192 | Tversky: 0.4836 | Hausdorff: 283.6622 | HD95: 37.2384 | val_loss: 1.0850 | LR: 0.001000
2025-08-19 08:34:08 INFO Epoch 012 | Train Loss: 0.6502 | Val Loss: 1.0847 | Dice: 0.4834 | softDice: 0.4512 | clDice: 0.5380 | softclDice: 0.4846 | IoU: 0.3190 | Tversky: 0.4834 | Hausdorff: 221.9784 | HD95: 35.3173 | val_loss: 1.0847 | LR: 0.000500
2025-08-19 08:37:28 INFO Epoch 013 | Train Loss: 0.6466 | Val Loss: 1.0816 | Dice: 0.4880 | softDice: 0.4569 | clDice: 0.5422 | softclDice: 0.4794 | IoU: 0.3230 | Tversky: 0.4880 | Hausdorff: 206.1114 | HD95: 34.9600 | val_loss: 1.0816 | LR: 0.000500
2025-08-19 08:40:52 INFO Epoch 014 | Train Loss: 0.6435 | Val Loss: 1.0867 | Dice: 0.4850 | softDice: 0.4588 | clDice: 0.5401 | softclDice: 0.4762 | IoU: 0.3203 | Tversky: 0.4850 | Hausdorff: 225.1019 | HD95: 37.3113 | val_loss: 1.0867 | LR: 0.000500
2025-08-19 08:44:10 INFO Epoch 015 | Train Loss: 0.6396 | Val Loss: 1.0848 | Dice: 0.4883 | softDice: 0.4572 | clDice: 0.5434 | softclDice: 0.4765 | IoU: 0.3233 | Tversky: 0.4883 | Hausdorff: 223.4822 | HD95: 32.3018 | val_loss: 1.0848 | LR: 0.000500
2025-08-19 08:47:28 INFO Epoch 016 | Train Loss: 0.6370 | Val Loss: 1.0864 | Dice: 0.4810 | softDice: 0.4550 | clDice: 0.5311 | softclDice: 0.4836 | IoU: 0.3168 | Tversky: 0.4810 | Hausdorff: 225.7929 | HD95: 35.2292 | val_loss: 1.0864 | LR: 0.000500
2025-08-19 08:50:45 INFO Epoch 017 | Train Loss: 0.6380 | Val Loss: 1.0830 | Dice: 0.4784 | softDice: 0.4492 | clDice: 0.5278 | softclDice: 0.4897 | IoU: 0.3147 | Tversky: 0.4784 | Hausdorff: 204.7442 | HD95: 33.4415 | val_loss: 1.0830 | LR: 0.000500
2025-08-19 08:54:04 INFO Epoch 018 | Train Loss: 0.6367 | Val Loss: 1.0864 | Dice: 0.4891 | softDice: 0.4624 | clDice: 0.5459 | softclDice: 0.4700 | IoU: 0.3240 | Tversky: 0.4891 | Hausdorff: 218.2174 | HD95: 30.2136 | val_loss: 1.0864 | LR: 0.000250
2025-08-19 08:57:25 INFO Epoch 019 | Train Loss: 0.6367 | Val Loss: 1.0847 | Dice: 0.4902 | softDice: 0.4611 | clDice: 0.5479 | softclDice: 0.4702 | IoU: 0.3249 | Tversky: 0.4902 | Hausdorff: 222.1158 | HD95: 31.4871 | val_loss: 1.0847 | LR: 0.000250
2025-08-19 09:00:45 INFO Epoch 020 | Train Loss: 0.6313 | Val Loss: 1.0867 | Dice: 0.4811 | softDice: 0.4533 | clDice: 0.5327 | softclDice: 0.4857 | IoU: 0.3170 | Tversky: 0.4811 | Hausdorff: 232.6766 | HD95: 30.9533 | val_loss: 1.0867 | LR: 0.000250
2025-08-19 09:04:06 INFO Epoch 021 | Train Loss: 0.6280 | Val Loss: 1.0820 | Dice: 0.4920 | softDice: 0.4630 | clDice: 0.5448 | softclDice: 0.4736 | IoU: 0.3265 | Tversky: 0.4920 | Hausdorff: 220.1574 | HD95: 31.6272 | val_loss: 1.0820 | LR: 0.000250
2025-08-19 09:07:28 INFO Epoch 022 | Train Loss: 0.6304 | Val Loss: 1.0869 | Dice: 0.4926 | softDice: 0.4651 | clDice: 0.5525 | softclDice: 0.4644 | IoU: 0.3270 | Tversky: 0.4926 | Hausdorff: 221.7140 | HD95: 29.2025 | val_loss: 1.0869 | LR: 0.000250
2025-08-19 09:10:54 INFO Epoch 023 | Train Loss: 0.6292 | Val Loss: 1.0865 | Dice: 0.4921 | softDice: 0.4655 | clDice: 0.5513 | softclDice: 0.4634 | IoU: 0.3266 | Tversky: 0.4921 | Hausdorff: 222.2134 | HD95: 29.2192 | val_loss: 1.0865 | LR: 0.000250
2025-08-19 09:14:18 INFO Epoch 024 | Train Loss: 0.6305 | Val Loss: 1.0837 | Dice: 0.4910 | softDice: 0.4616 | clDice: 0.5471 | softclDice: 0.4731 | IoU: 0.3257 | Tversky: 0.4910 | Hausdorff: 223.5795 | HD95: 28.7827 | val_loss: 1.0837 | LR: 0.000125
2025-08-19 09:17:38 INFO Epoch 025 | Train Loss: 0.6229 | Val Loss: 1.0832 | Dice: 0.4942 | softDice: 0.4651 | clDice: 0.5508 | softclDice: 0.4673 | IoU: 0.3285 | Tversky: 0.4942 | Hausdorff: 223.4174 | HD95: 29.9677 | val_loss: 1.0832 | LR: 0.000125
2025-08-19 09:20:59 INFO Epoch 026 | Train Loss: 0.6251 | Val Loss: 1.0846 | Dice: 0.4898 | softDice: 0.4621 | clDice: 0.5437 | softclDice: 0.4752 | IoU: 0.3246 | Tversky: 0.4898 | Hausdorff: 217.3968 | HD95: 29.5033 | val_loss: 1.0846 | LR: 0.000125
2025-08-19 09:24:20 INFO Epoch 027 | Train Loss: 0.6243 | Val Loss: 1.0837 | Dice: 0.4945 | softDice: 0.4658 | clDice: 0.5505 | softclDice: 0.4678 | IoU: 0.3288 | Tversky: 0.4945 | Hausdorff: 209.4748 | HD95: 28.5405 | val_loss: 1.0837 | LR: 0.000125
2025-08-19 09:27:39 INFO Epoch 028 | Train Loss: 0.6231 | Val Loss: 1.0835 | Dice: 0.4922 | softDice: 0.4649 | clDice: 0.5457 | softclDice: 0.4703 | IoU: 0.3267 | Tversky: 0.4922 | Hausdorff: 199.9950 | HD95: 30.6451 | val_loss: 1.0835 | LR: 0.000125
2025-08-19 09:31:02 INFO Epoch 029 | Train Loss: 0.6241 | Val Loss: 1.0842 | Dice: 0.4930 | softDice: 0.4658 | clDice: 0.5454 | softclDice: 0.4705 | IoU: 0.3274 | Tversky: 0.4930 | Hausdorff: 221.3623 | HD95: 28.6937 | val_loss: 1.0842 | LR: 0.000125
2025-08-19 09:34:19 INFO Epoch 030 | Train Loss: 0.6228 | Val Loss: 1.0826 | Dice: 0.4960 | softDice: 0.4663 | clDice: 0.5553 | softclDice: 0.4635 | IoU: 0.3301 | Tversky: 0.4960 | Hausdorff: 217.9498 | HD95: 27.5242 | val_loss: 1.0826 | LR: 0.000063
2025-08-19 09:37:38 INFO Epoch 031 | Train Loss: 0.6200 | Val Loss: 1.0848 | Dice: 0.4924 | softDice: 0.4651 | clDice: 0.5464 | softclDice: 0.4706 | IoU: 0.3268 | Tversky: 0.4924 | Hausdorff: 219.0125 | HD95: 26.7807 | val_loss: 1.0848 | LR: 0.000063
2025-08-19 09:40:58 INFO Epoch 032 | Train Loss: 0.6213 | Val Loss: 1.0833 | Dice: 0.4948 | softDice: 0.4655 | clDice: 0.5506 | softclDice: 0.4672 | IoU: 0.3290 | Tversky: 0.4948 | Hausdorff: 232.8837 | HD95: 27.3908 | val_loss: 1.0833 | LR: 0.000063
2025-08-19 09:44:16 INFO Epoch 033 | Train Loss: 0.6218 | Val Loss: 1.0843 | Dice: 0.4950 | softDice: 0.4673 | clDice: 0.5521 | softclDice: 0.4641 | IoU: 0.3292 | Tversky: 0.4950 | Hausdorff: 241.0134 | HD95: 27.7641 | val_loss: 1.0843 | LR: 0.000063
2025-08-19 09:47:36 INFO Epoch 034 | Train Loss: 0.6204 | Val Loss: 1.0841 | Dice: 0.4937 | softDice: 0.4667 | clDice: 0.5472 | softclDice: 0.4690 | IoU: 0.3280 | Tversky: 0.4937 | Hausdorff: 221.9976 | HD95: 27.6701 | val_loss: 1.0841 | LR: 0.000063
2025-08-19 09:50:54 INFO Epoch 035 | Train Loss: 0.6192 | Val Loss: 1.0816 | Dice: 0.4969 | softDice: 0.4673 | clDice: 0.5528 | softclDice: 0.4664 | IoU: 0.3308 | Tversky: 0.4969 | Hausdorff: 213.7770 | HD95: 26.6114 | val_loss: 1.0816 | LR: 0.000063
2025-08-19 09:54:14 INFO Epoch 036 | Train Loss: 0.6151 | Val Loss: 1.0839 | Dice: 0.4960 | softDice: 0.4675 | clDice: 0.5516 | softclDice: 0.4674 | IoU: 0.3301 | Tversky: 0.4960 | Hausdorff: 223.6577 | HD95: 26.0520 | val_loss: 1.0839 | LR: 0.000031
2025-08-19 09:57:34 INFO Epoch 037 | Train Loss: 0.6193 | Val Loss: 1.0838 | Dice: 0.4960 | softDice: 0.4671 | clDice: 0.5522 | softclDice: 0.4670 | IoU: 0.3301 | Tversky: 0.4960 | Hausdorff: 223.7584 | HD95: 26.3727 | val_loss: 1.0838 | LR: 0.000031
2025-08-19 10:00:53 INFO Epoch 038 | Train Loss: 0.6199 | Val Loss: 1.0839 | Dice: 0.4948 | softDice: 0.4665 | clDice: 0.5504 | softclDice: 0.4678 | IoU: 0.3290 | Tversky: 0.4948 | Hausdorff: 221.7714 | HD95: 26.5355 | val_loss: 1.0839 | LR: 0.000031
2025-08-19 10:04:16 INFO Epoch 039 | Train Loss: 0.6187 | Val Loss: 1.0840 | Dice: 0.4935 | softDice: 0.4663 | clDice: 0.5481 | softclDice: 0.4689 | IoU: 0.3279 | Tversky: 0.4935 | Hausdorff: 224.0671 | HD95: 27.0788 | val_loss: 1.0840 | LR: 0.000031
2025-08-19 10:07:32 INFO Epoch 040 | Train Loss: 0.6159 | Val Loss: 1.0856 | Dice: 0.4943 | softDice: 0.4679 | clDice: 0.5498 | softclDice: 0.4665 | IoU: 0.3286 | Tversky: 0.4943 | Hausdorff: 216.1251 | HD95: 26.2425 | val_loss: 1.0856 | LR: 0.000031
2025-08-19 10:10:51 INFO Epoch 041 | Train Loss: 0.6134 | Val Loss: 1.0849 | Dice: 0.4938 | softDice: 0.4667 | clDice: 0.5488 | softclDice: 0.4687 | IoU: 0.3282 | Tversky: 0.4938 | Hausdorff: 222.1724 | HD95: 26.2529 | val_loss: 1.0849 | LR: 0.000031
2025-08-19 10:14:13 INFO Epoch 042 | Train Loss: 0.6133 | Val Loss: 1.0851 | Dice: 0.4947 | softDice: 0.4673 | clDice: 0.5498 | softclDice: 0.4683 | IoU: 0.3290 | Tversky: 0.4947 | Hausdorff: 223.2406 | HD95: 26.0790 | val_loss: 1.0851 | LR: 0.000016
2025-08-19 10:17:31 INFO Epoch 043 | Train Loss: 0.6182 | Val Loss: 1.0836 | Dice: 0.4942 | softDice: 0.4665 | clDice: 0.5480 | softclDice: 0.4699 | IoU: 0.3285 | Tversky: 0.4942 | Hausdorff: 223.2791 | HD95: 26.2707 | val_loss: 1.0836 | LR: 0.000016
2025-08-19 10:20:54 INFO Epoch 044 | Train Loss: 0.6155 | Val Loss: 1.0836 | Dice: 0.4941 | softDice: 0.4662 | clDice: 0.5481 | softclDice: 0.4692 | IoU: 0.3284 | Tversky: 0.4941 | Hausdorff: 222.7343 | HD95: 26.5734 | val_loss: 1.0836 | LR: 0.000016
2025-08-19 10:24:12 INFO Epoch 045 | Train Loss: 0.6161 | Val Loss: 1.0847 | Dice: 0.4935 | softDice: 0.4661 | clDice: 0.5486 | softclDice: 0.4690 | IoU: 0.3279 | Tversky: 0.4935 | Hausdorff: 235.8541 | HD95: 27.1319 | val_loss: 1.0847 | LR: 0.000016
2025-08-19 10:27:32 INFO Epoch 046 | Train Loss: 0.6144 | Val Loss: 1.0847 | Dice: 0.4938 | softDice: 0.4665 | clDice: 0.5490 | softclDice: 0.4686 | IoU: 0.3282 | Tversky: 0.4938 | Hausdorff: 231.0197 | HD95: 27.1051 | val_loss: 1.0847 | LR: 0.000016
2025-08-19 10:30:51 INFO Epoch 047 | Train Loss: 0.6177 | Val Loss: 1.0846 | Dice: 0.4940 | softDice: 0.4664 | clDice: 0.5494 | softclDice: 0.4684 | IoU: 0.3283 | Tversky: 0.4940 | Hausdorff: 224.3234 | HD95: 26.9077 | val_loss: 1.0846 | LR: 0.000016
2025-08-19 10:34:11 INFO Epoch 048 | Train Loss: 0.6178 | Val Loss: 1.0852 | Dice: 0.4941 | softDice: 0.4667 | clDice: 0.5497 | softclDice: 0.4683 | IoU: 0.3284 | Tversky: 0.4941 | Hausdorff: 220.7498 | HD95: 26.8008 | val_loss: 1.0852 | LR: 0.000008
2025-08-19 10:37:36 INFO Epoch 049 | Train Loss: 0.6169 | Val Loss: 1.0841 | Dice: 0.4944 | softDice: 0.4662 | clDice: 0.5501 | softclDice: 0.4686 | IoU: 0.3287 | Tversky: 0.4944 | Hausdorff: 221.5424 | HD95: 26.7918 | val_loss: 1.0841 | LR: 0.000008
2025-08-19 10:40:55 INFO Epoch 050 | Train Loss: 0.6136 | Val Loss: 1.0847 | Dice: 0.4947 | softDice: 0.4671 | clDice: 0.5503 | softclDice: 0.4677 | IoU: 0.3290 | Tversky: 0.4947 | Hausdorff: 221.7229 | HD95: 26.6796 | val_loss: 1.0847 | LR: 0.000008
2025-08-19 10:40:55 INFO Training completed.
2025-08-19 10:42:34 INFO Fold 4 results: Dice: 0.3668 | softDice: 0.2761 | clDice: 0.4142 | softclDice: 0.7111 | IoU: 0.2248 | Tversky: 0.3668 | Hausdorff: 427.7193 | HD95: 73.9586 | val_loss: 1.1066
2025-08-19 10:42:34 INFO ===== Fold 5 / 5 =====
2025-08-19 10:42:34 INFO Loading model unet with settings {'name': 'unet', 'encoder_name': 'se_resnext50_32x4d', 'encoder_weights': 'imagenet', 'classes': 1, 'activation': None, 'dropout': 0.2}
2025-08-19 10:45:53 INFO Epoch 001 | Train Loss: 0.9151 | Val Loss: 1.0816 | Dice: 0.4394 | softDice: 0.3112 | clDice: 0.4888 | softclDice: 0.6587 | IoU: 0.2818 | Tversky: 0.4394 | Hausdorff: 263.2573 | HD95: 53.7701 | val_loss: 1.0816 | LR: 0.001000
2025-08-19 10:49:10 INFO Epoch 002 | Train Loss: 0.7154 | Val Loss: 1.0788 | Dice: 0.4522 | softDice: 0.4073 | clDice: 0.5116 | softclDice: 0.5346 | IoU: 0.2925 | Tversky: 0.4522 | Hausdorff: 486.7981 | HD95: 57.7458 | val_loss: 1.0788 | LR: 0.001000
2025-08-19 10:52:34 INFO Epoch 003 | Train Loss: 0.6793 | Val Loss: 1.0831 | Dice: 0.4689 | softDice: 0.4305 | clDice: 0.5450 | softclDice: 0.4928 | IoU: 0.3064 | Tversky: 0.4689 | Hausdorff: 222.7235 | HD95: 44.9964 | val_loss: 1.0831 | LR: 0.001000
2025-08-19 10:55:51 INFO Epoch 004 | Train Loss: 0.6681 | Val Loss: 1.0744 | Dice: 0.4720 | softDice: 0.4377 | clDice: 0.5306 | softclDice: 0.4979 | IoU: 0.3092 | Tversky: 0.4720 | Hausdorff: 211.1932 | HD95: 46.7341 | val_loss: 1.0744 | LR: 0.001000
2025-08-19 10:59:10 INFO Epoch 005 | Train Loss: 0.6652 | Val Loss: 1.0867 | Dice: 0.4574 | softDice: 0.4297 | clDice: 0.5162 | softclDice: 0.5086 | IoU: 0.2969 | Tversky: 0.4574 | Hausdorff: 226.5640 | HD95: 43.5979 | val_loss: 1.0867 | LR: 0.001000
2025-08-19 11:02:30 INFO Epoch 006 | Train Loss: 0.6629 | Val Loss: 1.0818 | Dice: 0.4743 | softDice: 0.4412 | clDice: 0.5421 | softclDice: 0.4834 | IoU: 0.3112 | Tversky: 0.4743 | Hausdorff: 230.1057 | HD95: 46.2516 | val_loss: 1.0818 | LR: 0.001000
2025-08-19 11:05:49 INFO Epoch 007 | Train Loss: 0.6546 | Val Loss: 1.0826 | Dice: 0.4796 | softDice: 0.4532 | clDice: 0.5498 | softclDice: 0.4681 | IoU: 0.3158 | Tversky: 0.4796 | Hausdorff: 222.6218 | HD95: 41.3588 | val_loss: 1.0826 | LR: 0.001000
2025-08-19 11:09:08 INFO Epoch 008 | Train Loss: 0.6589 | Val Loss: 1.0792 | Dice: 0.4758 | softDice: 0.4459 | clDice: 0.5435 | softclDice: 0.4736 | IoU: 0.3125 | Tversky: 0.4758 | Hausdorff: 219.1712 | HD95: 42.6162 | val_loss: 1.0792 | LR: 0.001000
2025-08-19 11:12:26 INFO Epoch 009 | Train Loss: 0.6537 | Val Loss: 1.0780 | Dice: 0.4797 | softDice: 0.4493 | clDice: 0.5485 | softclDice: 0.4715 | IoU: 0.3158 | Tversky: 0.4797 | Hausdorff: 215.0194 | HD95: 36.7211 | val_loss: 1.0780 | LR: 0.001000
2025-08-19 11:15:46 INFO Epoch 010 | Train Loss: 0.6566 | Val Loss: 1.0780 | Dice: 0.4759 | softDice: 0.4386 | clDice: 0.5400 | softclDice: 0.4860 | IoU: 0.3126 | Tversky: 0.4759 | Hausdorff: 217.9682 | HD95: 36.4495 | val_loss: 1.0780 | LR: 0.000500
2025-08-19 11:19:03 INFO Epoch 011 | Train Loss: 0.6495 | Val Loss: 1.0753 | Dice: 0.4786 | softDice: 0.4493 | clDice: 0.5350 | softclDice: 0.4833 | IoU: 0.3150 | Tversky: 0.4786 | Hausdorff: 225.9145 | HD95: 38.8686 | val_loss: 1.0753 | LR: 0.000500
2025-08-19 11:22:21 INFO Epoch 012 | Train Loss: 0.6418 | Val Loss: 1.0764 | Dice: 0.4868 | softDice: 0.4553 | clDice: 0.5513 | softclDice: 0.4729 | IoU: 0.3221 | Tversky: 0.4868 | Hausdorff: 209.4566 | HD95: 34.9036 | val_loss: 1.0764 | LR: 0.000500
2025-08-19 11:25:40 INFO Epoch 013 | Train Loss: 0.6416 | Val Loss: 1.0750 | Dice: 0.4869 | softDice: 0.4563 | clDice: 0.5462 | softclDice: 0.4735 | IoU: 0.3222 | Tversky: 0.4869 | Hausdorff: 217.3733 | HD95: 34.8957 | val_loss: 1.0750 | LR: 0.000500
2025-08-19 11:28:57 INFO Epoch 014 | Train Loss: 0.6423 | Val Loss: 1.0748 | Dice: 0.4870 | softDice: 0.4583 | clDice: 0.5478 | softclDice: 0.4708 | IoU: 0.3222 | Tversky: 0.4870 | Hausdorff: 218.3616 | HD95: 35.9444 | val_loss: 1.0748 | LR: 0.000500
2025-08-19 11:32:17 INFO Epoch 015 | Train Loss: 0.6423 | Val Loss: 1.0776 | Dice: 0.4832 | softDice: 0.4534 | clDice: 0.5452 | softclDice: 0.4723 | IoU: 0.3189 | Tversky: 0.4832 | Hausdorff: 189.2751 | HD95: 32.7748 | val_loss: 1.0776 | LR: 0.000500
2025-08-19 11:35:37 INFO Epoch 016 | Train Loss: 0.6370 | Val Loss: 1.0752 | Dice: 0.4808 | softDice: 0.4493 | clDice: 0.5373 | softclDice: 0.4804 | IoU: 0.3168 | Tversky: 0.4808 | Hausdorff: 212.8829 | HD95: 34.0403 | val_loss: 1.0752 | LR: 0.000250
2025-08-19 11:38:55 INFO Epoch 017 | Train Loss: 0.6391 | Val Loss: 1.0765 | Dice: 0.4893 | softDice: 0.4618 | clDice: 0.5505 | softclDice: 0.4667 | IoU: 0.3242 | Tversky: 0.4893 | Hausdorff: 205.2435 | HD95: 32.6696 | val_loss: 1.0765 | LR: 0.000250
2025-08-19 11:42:14 INFO Epoch 018 | Train Loss: 0.6307 | Val Loss: 1.0751 | Dice: 0.4861 | softDice: 0.4586 | clDice: 0.5457 | softclDice: 0.4693 | IoU: 0.3214 | Tversky: 0.4861 | Hausdorff: 208.3638 | HD95: 34.2118 | val_loss: 1.0751 | LR: 0.000250
2025-08-19 11:45:30 INFO Epoch 019 | Train Loss: 0.6312 | Val Loss: 1.0752 | Dice: 0.4806 | softDice: 0.4536 | clDice: 0.5361 | softclDice: 0.4801 | IoU: 0.3167 | Tversky: 0.4806 | Hausdorff: 220.0559 | HD95: 36.9743 | val_loss: 1.0752 | LR: 0.000250
2025-08-19 11:48:51 INFO Epoch 020 | Train Loss: 0.6286 | Val Loss: 1.0741 | Dice: 0.4898 | softDice: 0.4617 | clDice: 0.5496 | softclDice: 0.4680 | IoU: 0.3247 | Tversky: 0.4898 | Hausdorff: 214.8250 | HD95: 36.2571 | val_loss: 1.0741 | LR: 0.000250
2025-08-19 11:52:08 INFO Epoch 021 | Train Loss: 0.6292 | Val Loss: 1.0753 | Dice: 0.4919 | softDice: 0.4620 | clDice: 0.5558 | softclDice: 0.4650 | IoU: 0.3265 | Tversky: 0.4919 | Hausdorff: 213.6776 | HD95: 34.5967 | val_loss: 1.0753 | LR: 0.000250
2025-08-19 11:55:26 INFO Epoch 022 | Train Loss: 0.6321 | Val Loss: 1.0743 | Dice: 0.4847 | softDice: 0.4579 | clDice: 0.5425 | softclDice: 0.4739 | IoU: 0.3202 | Tversky: 0.4847 | Hausdorff: 203.1702 | HD95: 39.1229 | val_loss: 1.0743 | LR: 0.000250
2025-08-19 11:58:46 INFO Epoch 023 | Train Loss: 0.6299 | Val Loss: 1.0738 | Dice: 0.4910 | softDice: 0.4640 | clDice: 0.5509 | softclDice: 0.4652 | IoU: 0.3257 | Tversky: 0.4910 | Hausdorff: 212.9652 | HD95: 36.8796 | val_loss: 1.0738 | LR: 0.000250
2025-08-19 12:02:03 INFO Epoch 024 | Train Loss: 0.6268 | Val Loss: 1.0736 | Dice: 0.4889 | softDice: 0.4607 | clDice: 0.5476 | softclDice: 0.4696 | IoU: 0.3239 | Tversky: 0.4889 | Hausdorff: 201.5829 | HD95: 36.2207 | val_loss: 1.0736 | LR: 0.000250
2025-08-19 12:05:23 INFO Epoch 025 | Train Loss: 0.6228 | Val Loss: 1.0733 | Dice: 0.4823 | softDice: 0.4557 | clDice: 0.5360 | softclDice: 0.4793 | IoU: 0.3181 | Tversky: 0.4823 | Hausdorff: 217.1607 | HD95: 39.2829 | val_loss: 1.0733 | LR: 0.000250
2025-08-19 12:08:41 INFO Epoch 026 | Train Loss: 0.6261 | Val Loss: 1.0766 | Dice: 0.4895 | softDice: 0.4618 | clDice: 0.5492 | softclDice: 0.4662 | IoU: 0.3245 | Tversky: 0.4895 | Hausdorff: 196.9882 | HD95: 33.1527 | val_loss: 1.0766 | LR: 0.000250
2025-08-19 12:11:59 INFO Epoch 027 | Train Loss: 0.6266 | Val Loss: 1.0766 | Dice: 0.4820 | softDice: 0.4577 | clDice: 0.5397 | softclDice: 0.4741 | IoU: 0.3179 | Tversky: 0.4820 | Hausdorff: 220.3920 | HD95: 38.0710 | val_loss: 1.0766 | LR: 0.000250
2025-08-19 12:15:19 INFO Epoch 028 | Train Loss: 0.6259 | Val Loss: 1.0744 | Dice: 0.4909 | softDice: 0.4640 | clDice: 0.5544 | softclDice: 0.4635 | IoU: 0.3257 | Tversky: 0.4909 | Hausdorff: 218.3194 | HD95: 35.6625 | val_loss: 1.0744 | LR: 0.000250
2025-08-19 12:18:37 INFO Epoch 029 | Train Loss: 0.6283 | Val Loss: 1.0781 | Dice: 0.4816 | softDice: 0.4563 | clDice: 0.5399 | softclDice: 0.4756 | IoU: 0.3175 | Tversky: 0.4816 | Hausdorff: 216.6650 | HD95: 36.1424 | val_loss: 1.0781 | LR: 0.000250
2025-08-19 12:21:56 INFO Epoch 030 | Train Loss: 0.6255 | Val Loss: 1.0752 | Dice: 0.4857 | softDice: 0.4587 | clDice: 0.5432 | softclDice: 0.4724 | IoU: 0.3211 | Tversky: 0.4857 | Hausdorff: 220.8988 | HD95: 36.1406 | val_loss: 1.0752 | LR: 0.000250
2025-08-19 12:25:13 INFO Epoch 031 | Train Loss: 0.6262 | Val Loss: 1.0743 | Dice: 0.4890 | softDice: 0.4616 | clDice: 0.5471 | softclDice: 0.4699 | IoU: 0.3241 | Tversky: 0.4890 | Hausdorff: 204.4558 | HD95: 33.6957 | val_loss: 1.0743 | LR: 0.000125
2025-08-19 12:28:31 INFO Epoch 032 | Train Loss: 0.6236 | Val Loss: 1.0781 | Dice: 0.4861 | softDice: 0.4595 | clDice: 0.5470 | softclDice: 0.4693 | IoU: 0.3214 | Tversky: 0.4861 | Hausdorff: 193.4402 | HD95: 32.2333 | val_loss: 1.0781 | LR: 0.000125
2025-08-19 12:31:51 INFO Epoch 033 | Train Loss: 0.6199 | Val Loss: 1.0757 | Dice: 0.4843 | softDice: 0.4573 | clDice: 0.5415 | softclDice: 0.4735 | IoU: 0.3199 | Tversky: 0.4843 | Hausdorff: 189.4022 | HD95: 31.2287 | val_loss: 1.0757 | LR: 0.000125
2025-08-19 12:35:08 INFO Epoch 034 | Train Loss: 0.6234 | Val Loss: 1.0750 | Dice: 0.4888 | softDice: 0.4614 | clDice: 0.5496 | softclDice: 0.4665 | IoU: 0.3238 | Tversky: 0.4888 | Hausdorff: 205.3904 | HD95: 35.7283 | val_loss: 1.0750 | LR: 0.000125
2025-08-19 12:38:25 INFO Epoch 035 | Train Loss: 0.6245 | Val Loss: 1.0752 | Dice: 0.4881 | softDice: 0.4610 | clDice: 0.5476 | softclDice: 0.4702 | IoU: 0.3232 | Tversky: 0.4881 | Hausdorff: 208.8948 | HD95: 33.6903 | val_loss: 1.0752 | LR: 0.000125
2025-08-19 12:41:44 INFO Epoch 036 | Train Loss: 0.6141 | Val Loss: 1.0785 | Dice: 0.4899 | softDice: 0.4670 | clDice: 0.5496 | softclDice: 0.4612 | IoU: 0.3248 | Tversky: 0.4899 | Hausdorff: 218.3934 | HD95: 35.9576 | val_loss: 1.0785 | LR: 0.000125
2025-08-19 12:45:01 INFO Epoch 037 | Train Loss: 0.6200 | Val Loss: 1.0755 | Dice: 0.4812 | softDice: 0.4552 | clDice: 0.5356 | softclDice: 0.4815 | IoU: 0.3172 | Tversky: 0.4812 | Hausdorff: 193.1758 | HD95: 34.4306 | val_loss: 1.0755 | LR: 0.000063
2025-08-19 12:48:21 INFO Epoch 038 | Train Loss: 0.6134 | Val Loss: 1.0772 | Dice: 0.4890 | softDice: 0.4646 | clDice: 0.5492 | softclDice: 0.4647 | IoU: 0.3240 | Tversky: 0.4890 | Hausdorff: 209.6288 | HD95: 35.7905 | val_loss: 1.0772 | LR: 0.000063
2025-08-19 12:51:38 INFO Epoch 039 | Train Loss: 0.6139 | Val Loss: 1.0763 | Dice: 0.4853 | softDice: 0.4603 | clDice: 0.5410 | softclDice: 0.4764 | IoU: 0.3208 | Tversky: 0.4853 | Hausdorff: 200.5634 | HD95: 34.8690 | val_loss: 1.0763 | LR: 0.000063
2025-08-19 12:54:56 INFO Epoch 040 | Train Loss: 0.6186 | Val Loss: 1.0766 | Dice: 0.4875 | softDice: 0.4618 | clDice: 0.5474 | softclDice: 0.4675 | IoU: 0.3227 | Tversky: 0.4875 | Hausdorff: 194.3270 | HD95: 35.1060 | val_loss: 1.0766 | LR: 0.000063
2025-08-19 12:58:14 INFO Epoch 041 | Train Loss: 0.6118 | Val Loss: 1.0763 | Dice: 0.4862 | softDice: 0.4606 | clDice: 0.5426 | softclDice: 0.4730 | IoU: 0.3216 | Tversky: 0.4862 | Hausdorff: 196.3392 | HD95: 33.5390 | val_loss: 1.0763 | LR: 0.000063
2025-08-19 13:01:30 INFO Epoch 042 | Train Loss: 0.6112 | Val Loss: 1.0765 | Dice: 0.4867 | softDice: 0.4607 | clDice: 0.5436 | softclDice: 0.4726 | IoU: 0.3219 | Tversky: 0.4867 | Hausdorff: 195.0211 | HD95: 33.7601 | val_loss: 1.0765 | LR: 0.000063
2025-08-19 13:04:55 INFO Epoch 043 | Train Loss: 0.6135 | Val Loss: 1.0769 | Dice: 0.4898 | softDice: 0.4640 | clDice: 0.5495 | softclDice: 0.4659 | IoU: 0.3246 | Tversky: 0.4898 | Hausdorff: 200.9393 | HD95: 34.4652 | val_loss: 1.0769 | LR: 0.000031
2025-08-19 13:08:12 INFO Epoch 044 | Train Loss: 0.6138 | Val Loss: 1.0763 | Dice: 0.4859 | softDice: 0.4603 | clDice: 0.5427 | softclDice: 0.4734 | IoU: 0.3213 | Tversky: 0.4859 | Hausdorff: 206.7943 | HD95: 35.2373 | val_loss: 1.0763 | LR: 0.000031
2025-08-19 13:11:29 INFO Epoch 045 | Train Loss: 0.6147 | Val Loss: 1.0767 | Dice: 0.4870 | softDice: 0.4613 | clDice: 0.5446 | softclDice: 0.4704 | IoU: 0.3222 | Tversky: 0.4870 | Hausdorff: 194.8066 | HD95: 34.6079 | val_loss: 1.0767 | LR: 0.000031
2025-08-19 13:14:47 INFO Epoch 046 | Train Loss: 0.6104 | Val Loss: 1.0766 | Dice: 0.4863 | softDice: 0.4606 | clDice: 0.5432 | softclDice: 0.4721 | IoU: 0.3216 | Tversky: 0.4863 | Hausdorff: 216.7954 | HD95: 34.7673 | val_loss: 1.0766 | LR: 0.000031
2025-08-19 13:18:04 INFO Epoch 047 | Train Loss: 0.6121 | Val Loss: 1.0777 | Dice: 0.4836 | softDice: 0.4587 | clDice: 0.5400 | softclDice: 0.4757 | IoU: 0.3193 | Tversky: 0.4836 | Hausdorff: 212.2284 | HD95: 35.6139 | val_loss: 1.0777 | LR: 0.000031
2025-08-19 13:21:25 INFO Epoch 048 | Train Loss: 0.6121 | Val Loss: 1.0769 | Dice: 0.4854 | softDice: 0.4597 | clDice: 0.5420 | softclDice: 0.4741 | IoU: 0.3208 | Tversky: 0.4854 | Hausdorff: 228.2126 | HD95: 35.4173 | val_loss: 1.0769 | LR: 0.000031
2025-08-19 13:24:42 INFO Epoch 049 | Train Loss: 0.6070 | Val Loss: 1.0769 | Dice: 0.4862 | softDice: 0.4609 | clDice: 0.5430 | softclDice: 0.4731 | IoU: 0.3215 | Tversky: 0.4862 | Hausdorff: 208.7710 | HD95: 37.0237 | val_loss: 1.0769 | LR: 0.000016
2025-08-19 13:27:59 INFO Epoch 050 | Train Loss: 0.6160 | Val Loss: 1.0760 | Dice: 0.4854 | softDice: 0.4596 | clDice: 0.5420 | softclDice: 0.4743 | IoU: 0.3208 | Tversky: 0.4854 | Hausdorff: 207.3410 | HD95: 36.7220 | val_loss: 1.0760 | LR: 0.000016
2025-08-19 13:27:59 INFO Training completed.
2025-08-19 13:29:39 INFO Fold 5 results: Dice: 0.4394 | softDice: 0.3112 | clDice: 0.4888 | softclDice: 0.6587 | IoU: 0.2818 | Tversky: 0.4394 | Hausdorff: 263.2573 | HD95: 53.7701 | val_loss: 1.0816
2025-08-19 13:29:39 INFO ===== Cross-validation results =====
2025-08-19 13:29:39 INFO Dice: 0.4053 | softDice: 0.2868 | clDice: 0.4587 | softclDice: 0.7076 | IoU: 0.2549 | Tversky: 0.4053 | Hausdorff: 395.6689 | HD95: 74.8783 | val_loss: 1.1014
