2025-08-18 23:32:02 INFO Starting training with configuration: {'model': {'name': 'unet', 'encoder_name': 'se_resnext50_32x4d', 'encoder_weights': 'imagenet', 'classes': 1, 'activation': None, 'dropout': 0.2}, 'dataset': {'root': '/data/smadper@alumno.upv.es/TFM/datasets/laticifers', 'patch_size': [512, 512], 'stride': [256, 256], 'num_patches': 50, 'num_workers': 4, 'feature_dirs': {'image': '/data/smadper@alumno.upv.es/TFM/datasets/laticifers/enhanced_images', 'mask': '/data/smadper@alumno.upv.es/TFM/datasets/laticifers/masks', 'distance': '/data/smadper@alumno.upv.es/TFM/datasets/laticifers/distance_maps_pt'}}, 'train': {'batch_size': 32, 'num_epochs': 50, 'learning_rate': 0.001, 'accumulation_steps': 1, 'save_dir': '/data/smadper@alumno.upv.es/TFM/checkpoints_cv2/unet/20250818_233202_unet_se_resnext50_32x4d_bce0.5_dice1.0', 'log_interval': 1, 'patience': 100, 'mixed_precision': True, 'experiment_name': 'unet_se_resnext50_32x4d_bce0.5_dice1.0', 'timestamp': '20250818_233202'}, 'test': {'batch_size': 1}, 'loss': {'name': 'bce', 'cldice_alpha': 0.5, 'use_topographic': False, 'combine_with': 'dice', 'weights': {'main': 0.5, 'combined': 1.0}, 'topo': {'alpha': 2.0, 'beta': 1.0}}}
2025-08-18 23:32:02 INFO Experiment name: unet_se_resnext50_32x4d_bce0.5_dice1.0
2025-08-18 23:32:02 INFO ===== Fold 1 / 5 =====
2025-08-18 23:32:02 INFO Loading model unet with settings {'name': 'unet', 'encoder_name': 'se_resnext50_32x4d', 'encoder_weights': 'imagenet', 'classes': 1, 'activation': None, 'dropout': 0.2}
2025-08-18 23:35:33 INFO Epoch 001 | Train Loss: 1.0484 | Val Loss: 1.1179 | Dice: 0.4246 | softDice: 0.2363 | clDice: 0.4813 | softclDice: 0.7426 | IoU: 0.2696 | Tversky: 0.4246 | Hausdorff: 653.5660 | HD95: 100.1699 | val_loss: 1.1179 | LR: 0.001000
2025-08-18 23:38:59 INFO Epoch 002 | Train Loss: 0.7582 | Val Loss: 1.0838 | Dice: 0.4545 | softDice: 0.3804 | clDice: 0.5203 | softclDice: 0.5842 | IoU: 0.2943 | Tversky: 0.4545 | Hausdorff: 534.7546 | HD95: 51.0527 | val_loss: 1.0838 | LR: 0.001000
2025-08-18 23:42:23 INFO Epoch 003 | Train Loss: 0.6951 | Val Loss: 1.0719 | Dice: 0.4641 | softDice: 0.4137 | clDice: 0.5152 | softclDice: 0.5347 | IoU: 0.3025 | Tversky: 0.4641 | Hausdorff: 270.5838 | HD95: 47.0101 | val_loss: 1.0719 | LR: 0.001000
2025-08-18 23:45:46 INFO Epoch 004 | Train Loss: 0.6778 | Val Loss: 1.0848 | Dice: 0.4587 | softDice: 0.4262 | clDice: 0.5207 | softclDice: 0.5201 | IoU: 0.2978 | Tversky: 0.4587 | Hausdorff: 386.7923 | HD95: 52.3621 | val_loss: 1.0848 | LR: 0.001000
2025-08-18 23:49:08 INFO Epoch 005 | Train Loss: 0.6701 | Val Loss: 1.0720 | Dice: 0.4676 | softDice: 0.4317 | clDice: 0.5197 | softclDice: 0.5150 | IoU: 0.3055 | Tversky: 0.4676 | Hausdorff: 226.1273 | HD95: 45.8968 | val_loss: 1.0720 | LR: 0.001000
2025-08-18 23:52:28 INFO Epoch 006 | Train Loss: 0.6593 | Val Loss: 1.0725 | Dice: 0.4663 | softDice: 0.4311 | clDice: 0.5179 | softclDice: 0.5163 | IoU: 0.3044 | Tversky: 0.4663 | Hausdorff: 240.8882 | HD95: 44.2643 | val_loss: 1.0725 | LR: 0.001000
2025-08-18 23:55:51 INFO Epoch 007 | Train Loss: 0.6596 | Val Loss: 1.0755 | Dice: 0.4678 | softDice: 0.4403 | clDice: 0.5188 | softclDice: 0.5063 | IoU: 0.3057 | Tversky: 0.4678 | Hausdorff: 229.3223 | HD95: 49.1381 | val_loss: 1.0755 | LR: 0.001000
2025-08-18 23:59:13 INFO Epoch 008 | Train Loss: 0.6593 | Val Loss: 1.0828 | Dice: 0.4637 | softDice: 0.4341 | clDice: 0.5294 | softclDice: 0.5007 | IoU: 0.3021 | Tversky: 0.4637 | Hausdorff: 222.6519 | HD95: 43.0880 | val_loss: 1.0828 | LR: 0.001000
2025-08-19 00:02:37 INFO Epoch 009 | Train Loss: 0.6598 | Val Loss: 1.0744 | Dice: 0.4734 | softDice: 0.4409 | clDice: 0.5296 | softclDice: 0.5032 | IoU: 0.3105 | Tversky: 0.4734 | Hausdorff: 227.2943 | HD95: 41.0607 | val_loss: 1.0744 | LR: 0.000500
2025-08-19 00:05:56 INFO Epoch 010 | Train Loss: 0.6462 | Val Loss: 1.0725 | Dice: 0.4774 | softDice: 0.4465 | clDice: 0.5323 | softclDice: 0.4946 | IoU: 0.3139 | Tversky: 0.4774 | Hausdorff: 224.3277 | HD95: 39.6154 | val_loss: 1.0725 | LR: 0.000500
2025-08-19 00:09:18 INFO Epoch 011 | Train Loss: 0.6453 | Val Loss: 1.0743 | Dice: 0.4807 | softDice: 0.4498 | clDice: 0.5374 | softclDice: 0.4887 | IoU: 0.3167 | Tversky: 0.4807 | Hausdorff: 233.4900 | HD95: 38.0997 | val_loss: 1.0743 | LR: 0.000500
2025-08-19 00:12:38 INFO Epoch 012 | Train Loss: 0.6354 | Val Loss: 1.0749 | Dice: 0.4758 | softDice: 0.4506 | clDice: 0.5264 | softclDice: 0.4943 | IoU: 0.3126 | Tversky: 0.4758 | Hausdorff: 243.5240 | HD95: 39.0472 | val_loss: 1.0749 | LR: 0.000500
2025-08-19 00:15:57 INFO Epoch 013 | Train Loss: 0.6441 | Val Loss: 1.0742 | Dice: 0.4737 | softDice: 0.4390 | clDice: 0.5279 | softclDice: 0.5072 | IoU: 0.3106 | Tversky: 0.4737 | Hausdorff: 385.0114 | HD95: 43.4644 | val_loss: 1.0742 | LR: 0.000500
2025-08-19 00:19:19 INFO Epoch 014 | Train Loss: 0.6378 | Val Loss: 1.0801 | Dice: 0.4699 | softDice: 0.4403 | clDice: 0.5292 | softclDice: 0.4988 | IoU: 0.3074 | Tversky: 0.4699 | Hausdorff: 239.3310 | HD95: 37.7723 | val_loss: 1.0801 | LR: 0.000500
2025-08-19 00:22:38 INFO Epoch 015 | Train Loss: 0.6451 | Val Loss: 1.0741 | Dice: 0.4765 | softDice: 0.4448 | clDice: 0.5341 | softclDice: 0.4931 | IoU: 0.3131 | Tversky: 0.4765 | Hausdorff: 234.3451 | HD95: 37.3961 | val_loss: 1.0741 | LR: 0.000250
2025-08-19 00:25:58 INFO Epoch 016 | Train Loss: 0.6365 | Val Loss: 1.0745 | Dice: 0.4784 | softDice: 0.4503 | clDice: 0.5311 | softclDice: 0.4940 | IoU: 0.3147 | Tversky: 0.4784 | Hausdorff: 232.9113 | HD95: 35.0909 | val_loss: 1.0745 | LR: 0.000250
2025-08-19 00:29:17 INFO Epoch 017 | Train Loss: 0.6318 | Val Loss: 1.0738 | Dice: 0.4782 | softDice: 0.4521 | clDice: 0.5289 | softclDice: 0.4938 | IoU: 0.3146 | Tversky: 0.4782 | Hausdorff: 223.4453 | HD95: 36.5058 | val_loss: 1.0738 | LR: 0.000250
2025-08-19 00:32:40 INFO Epoch 018 | Train Loss: 0.6349 | Val Loss: 1.0733 | Dice: 0.4798 | softDice: 0.4521 | clDice: 0.5338 | softclDice: 0.4902 | IoU: 0.3160 | Tversky: 0.4798 | Hausdorff: 232.9218 | HD95: 35.6012 | val_loss: 1.0733 | LR: 0.000250
2025-08-19 00:36:02 INFO Epoch 019 | Train Loss: 0.6345 | Val Loss: 1.0712 | Dice: 0.4844 | softDice: 0.4542 | clDice: 0.5398 | softclDice: 0.4847 | IoU: 0.3199 | Tversky: 0.4844 | Hausdorff: 236.6697 | HD95: 37.2266 | val_loss: 1.0712 | LR: 0.000250
2025-08-19 00:39:21 INFO Epoch 020 | Train Loss: 0.6344 | Val Loss: 1.0717 | Dice: 0.4782 | softDice: 0.4485 | clDice: 0.5281 | softclDice: 0.4968 | IoU: 0.3146 | Tversky: 0.4782 | Hausdorff: 224.0606 | HD95: 35.1994 | val_loss: 1.0717 | LR: 0.000250
2025-08-19 00:42:42 INFO Epoch 021 | Train Loss: 0.6335 | Val Loss: 1.0733 | Dice: 0.4838 | softDice: 0.4545 | clDice: 0.5388 | softclDice: 0.4860 | IoU: 0.3194 | Tversky: 0.4838 | Hausdorff: 236.2566 | HD95: 36.4561 | val_loss: 1.0733 | LR: 0.000250
2025-08-19 00:45:59 INFO Epoch 022 | Train Loss: 0.6353 | Val Loss: 1.0726 | Dice: 0.4791 | softDice: 0.4508 | clDice: 0.5320 | softclDice: 0.4933 | IoU: 0.3153 | Tversky: 0.4791 | Hausdorff: 231.9579 | HD95: 37.0144 | val_loss: 1.0726 | LR: 0.000250
2025-08-19 00:49:17 INFO Epoch 023 | Train Loss: 0.6299 | Val Loss: 1.0751 | Dice: 0.4811 | softDice: 0.4545 | clDice: 0.5355 | softclDice: 0.4880 | IoU: 0.3171 | Tversky: 0.4811 | Hausdorff: 241.6851 | HD95: 37.9921 | val_loss: 1.0751 | LR: 0.000250
2025-08-19 00:52:37 INFO Epoch 024 | Train Loss: 0.6312 | Val Loss: 1.0756 | Dice: 0.4834 | softDice: 0.4544 | clDice: 0.5410 | softclDice: 0.4844 | IoU: 0.3190 | Tversky: 0.4834 | Hausdorff: 240.3291 | HD95: 35.0636 | val_loss: 1.0756 | LR: 0.000250
2025-08-19 00:55:53 INFO Epoch 025 | Train Loss: 0.6288 | Val Loss: 1.0744 | Dice: 0.4839 | softDice: 0.4558 | clDice: 0.5393 | softclDice: 0.4845 | IoU: 0.3195 | Tversky: 0.4839 | Hausdorff: 232.9041 | HD95: 36.7072 | val_loss: 1.0744 | LR: 0.000125
2025-08-19 00:59:12 INFO Epoch 026 | Train Loss: 0.6281 | Val Loss: 1.0737 | Dice: 0.4826 | softDice: 0.4550 | clDice: 0.5355 | softclDice: 0.4875 | IoU: 0.3184 | Tversky: 0.4826 | Hausdorff: 240.0256 | HD95: 35.4559 | val_loss: 1.0737 | LR: 0.000125
2025-08-19 01:02:31 INFO Epoch 027 | Train Loss: 0.6273 | Val Loss: 1.0736 | Dice: 0.4827 | softDice: 0.4543 | clDice: 0.5370 | softclDice: 0.4881 | IoU: 0.3184 | Tversky: 0.4827 | Hausdorff: 235.8619 | HD95: 35.8095 | val_loss: 1.0736 | LR: 0.000125
2025-08-19 01:05:51 INFO Epoch 028 | Train Loss: 0.6254 | Val Loss: 1.0730 | Dice: 0.4834 | softDice: 0.4555 | clDice: 0.5379 | softclDice: 0.4859 | IoU: 0.3191 | Tversky: 0.4834 | Hausdorff: 226.3389 | HD95: 35.3152 | val_loss: 1.0730 | LR: 0.000125
2025-08-19 01:09:11 INFO Epoch 029 | Train Loss: 0.6220 | Val Loss: 1.0738 | Dice: 0.4746 | softDice: 0.4478 | clDice: 0.5246 | softclDice: 0.4983 | IoU: 0.3114 | Tversky: 0.4746 | Hausdorff: 228.1335 | HD95: 37.2961 | val_loss: 1.0738 | LR: 0.000125
2025-08-19 01:12:28 INFO Epoch 030 | Train Loss: 0.6268 | Val Loss: 1.0732 | Dice: 0.4803 | softDice: 0.4520 | clDice: 0.5343 | softclDice: 0.4909 | IoU: 0.3163 | Tversky: 0.4803 | Hausdorff: 230.3455 | HD95: 35.8376 | val_loss: 1.0732 | LR: 0.000125
2025-08-19 01:15:48 INFO Epoch 031 | Train Loss: 0.6230 | Val Loss: 1.0729 | Dice: 0.4826 | softDice: 0.4548 | clDice: 0.5355 | softclDice: 0.4885 | IoU: 0.3183 | Tversky: 0.4826 | Hausdorff: 233.1965 | HD95: 33.0112 | val_loss: 1.0729 | LR: 0.000063
2025-08-19 01:19:09 INFO Epoch 032 | Train Loss: 0.6190 | Val Loss: 1.0735 | Dice: 0.4839 | softDice: 0.4574 | clDice: 0.5370 | softclDice: 0.4862 | IoU: 0.3195 | Tversky: 0.4839 | Hausdorff: 233.7831 | HD95: 34.0700 | val_loss: 1.0735 | LR: 0.000063
2025-08-19 01:22:25 INFO Epoch 033 | Train Loss: 0.6256 | Val Loss: 1.0730 | Dice: 0.4823 | softDice: 0.4546 | clDice: 0.5352 | softclDice: 0.4892 | IoU: 0.3181 | Tversky: 0.4823 | Hausdorff: 238.0325 | HD95: 33.1809 | val_loss: 1.0730 | LR: 0.000063
2025-08-19 01:25:45 INFO Epoch 034 | Train Loss: 0.6184 | Val Loss: 1.0738 | Dice: 0.4785 | softDice: 0.4515 | clDice: 0.5293 | softclDice: 0.4961 | IoU: 0.3148 | Tversky: 0.4785 | Hausdorff: 236.0475 | HD95: 35.3371 | val_loss: 1.0738 | LR: 0.000063
2025-08-19 01:29:00 INFO Epoch 035 | Train Loss: 0.6217 | Val Loss: 1.0729 | Dice: 0.4794 | softDice: 0.4534 | clDice: 0.5289 | softclDice: 0.4932 | IoU: 0.3156 | Tversky: 0.4794 | Hausdorff: 227.6064 | HD95: 37.0223 | val_loss: 1.0729 | LR: 0.000063
2025-08-19 01:32:18 INFO Epoch 036 | Train Loss: 0.6213 | Val Loss: 1.0732 | Dice: 0.4760 | softDice: 0.4482 | clDice: 0.5237 | softclDice: 0.5013 | IoU: 0.3126 | Tversky: 0.4760 | Hausdorff: 235.2321 | HD95: 35.4310 | val_loss: 1.0732 | LR: 0.000063
2025-08-19 01:35:39 INFO Epoch 037 | Train Loss: 0.6202 | Val Loss: 1.0739 | Dice: 0.4844 | softDice: 0.4571 | clDice: 0.5377 | softclDice: 0.4869 | IoU: 0.3199 | Tversky: 0.4844 | Hausdorff: 235.4113 | HD95: 34.2533 | val_loss: 1.0739 | LR: 0.000031
2025-08-19 01:38:55 INFO Epoch 038 | Train Loss: 0.6203 | Val Loss: 1.0743 | Dice: 0.4794 | softDice: 0.4531 | clDice: 0.5301 | softclDice: 0.4928 | IoU: 0.3156 | Tversky: 0.4794 | Hausdorff: 233.2041 | HD95: 34.5749 | val_loss: 1.0743 | LR: 0.000031
2025-08-19 01:42:14 INFO Epoch 039 | Train Loss: 0.6181 | Val Loss: 1.0737 | Dice: 0.4811 | softDice: 0.4533 | clDice: 0.5329 | softclDice: 0.4921 | IoU: 0.3170 | Tversky: 0.4811 | Hausdorff: 235.0705 | HD95: 34.0810 | val_loss: 1.0737 | LR: 0.000031
2025-08-19 01:45:32 INFO Epoch 040 | Train Loss: 0.6168 | Val Loss: 1.0739 | Dice: 0.4802 | softDice: 0.4534 | clDice: 0.5305 | softclDice: 0.4934 | IoU: 0.3163 | Tversky: 0.4802 | Hausdorff: 234.9886 | HD95: 34.6621 | val_loss: 1.0739 | LR: 0.000031
2025-08-19 01:48:49 INFO Epoch 041 | Train Loss: 0.6159 | Val Loss: 1.0742 | Dice: 0.4815 | softDice: 0.4554 | clDice: 0.5331 | softclDice: 0.4896 | IoU: 0.3174 | Tversky: 0.4815 | Hausdorff: 233.3968 | HD95: 34.9651 | val_loss: 1.0742 | LR: 0.000031
2025-08-19 01:52:09 INFO Epoch 042 | Train Loss: 0.6192 | Val Loss: 1.0739 | Dice: 0.4804 | softDice: 0.4539 | clDice: 0.5308 | softclDice: 0.4928 | IoU: 0.3164 | Tversky: 0.4804 | Hausdorff: 233.3277 | HD95: 34.5549 | val_loss: 1.0739 | LR: 0.000031
2025-08-19 01:55:27 INFO Epoch 043 | Train Loss: 0.6165 | Val Loss: 1.0739 | Dice: 0.4809 | softDice: 0.4550 | clDice: 0.5309 | softclDice: 0.4918 | IoU: 0.3169 | Tversky: 0.4809 | Hausdorff: 233.3839 | HD95: 35.4808 | val_loss: 1.0739 | LR: 0.000016
2025-08-19 01:58:46 INFO Epoch 044 | Train Loss: 0.6199 | Val Loss: 1.0735 | Dice: 0.4818 | softDice: 0.4553 | clDice: 0.5324 | softclDice: 0.4908 | IoU: 0.3176 | Tversky: 0.4818 | Hausdorff: 233.3634 | HD95: 34.6260 | val_loss: 1.0735 | LR: 0.000016
2025-08-19 02:02:06 INFO Epoch 045 | Train Loss: 0.6195 | Val Loss: 1.0736 | Dice: 0.4811 | softDice: 0.4539 | clDice: 0.5327 | softclDice: 0.4931 | IoU: 0.3171 | Tversky: 0.4811 | Hausdorff: 235.2307 | HD95: 34.4934 | val_loss: 1.0736 | LR: 0.000016
2025-08-19 02:05:23 INFO Epoch 046 | Train Loss: 0.6150 | Val Loss: 1.0736 | Dice: 0.4822 | softDice: 0.4555 | clDice: 0.5334 | softclDice: 0.4909 | IoU: 0.3180 | Tversky: 0.4822 | Hausdorff: 233.0113 | HD95: 34.6508 | val_loss: 1.0736 | LR: 0.000016
2025-08-19 02:08:43 INFO Epoch 047 | Train Loss: 0.6160 | Val Loss: 1.0738 | Dice: 0.4814 | softDice: 0.4544 | clDice: 0.5328 | softclDice: 0.4920 | IoU: 0.3173 | Tversky: 0.4814 | Hausdorff: 233.0887 | HD95: 34.5977 | val_loss: 1.0738 | LR: 0.000016
2025-08-19 02:12:01 INFO Epoch 048 | Train Loss: 0.6120 | Val Loss: 1.0746 | Dice: 0.4824 | softDice: 0.4558 | clDice: 0.5342 | softclDice: 0.4900 | IoU: 0.3181 | Tversky: 0.4824 | Hausdorff: 232.8943 | HD95: 34.5699 | val_loss: 1.0746 | LR: 0.000016
2025-08-19 02:15:22 INFO Epoch 049 | Train Loss: 0.6130 | Val Loss: 1.0744 | Dice: 0.4806 | softDice: 0.4540 | clDice: 0.5317 | softclDice: 0.4926 | IoU: 0.3166 | Tversky: 0.4806 | Hausdorff: 233.2736 | HD95: 34.7211 | val_loss: 1.0744 | LR: 0.000008
2025-08-19 02:18:42 INFO Epoch 050 | Train Loss: 0.6162 | Val Loss: 1.0746 | Dice: 0.4813 | softDice: 0.4548 | clDice: 0.5316 | softclDice: 0.4923 | IoU: 0.3172 | Tversky: 0.4813 | Hausdorff: 235.0046 | HD95: 34.5918 | val_loss: 1.0746 | LR: 0.000008
2025-08-19 02:18:42 INFO Training completed.
2025-08-19 02:20:21 INFO Fold 1 results: Dice: 0.4246 | softDice: 0.2363 | clDice: 0.4813 | softclDice: 0.7426 | IoU: 0.2696 | Tversky: 0.4246 | Hausdorff: 653.5660 | HD95: 100.1699 | val_loss: 1.1179
2025-08-19 02:20:21 INFO ===== Fold 2 / 5 =====
2025-08-19 02:20:21 INFO Loading model unet with settings {'name': 'unet', 'encoder_name': 'se_resnext50_32x4d', 'encoder_weights': 'imagenet', 'classes': 1, 'activation': None, 'dropout': 0.2}
2025-08-19 02:23:43 INFO Epoch 001 | Train Loss: 1.0051 | Val Loss: 1.1091 | Dice: 0.4202 | softDice: 0.2511 | clDice: 0.4846 | softclDice: 0.7264 | IoU: 0.2661 | Tversky: 0.4202 | Hausdorff: 289.5181 | HD95: 67.5031 | val_loss: 1.1091 | LR: 0.001000
2025-08-19 02:27:05 INFO Epoch 002 | Train Loss: 0.7752 | Val Loss: 1.0931 | Dice: 0.4596 | softDice: 0.3835 | clDice: 0.5226 | softclDice: 0.5544 | IoU: 0.2987 | Tversky: 0.4596 | Hausdorff: 305.4706 | HD95: 43.8618 | val_loss: 1.0931 | LR: 0.001000
2025-08-19 02:30:33 INFO Epoch 003 | Train Loss: 0.7000 | Val Loss: 1.0921 | Dice: 0.4568 | softDice: 0.4115 | clDice: 0.5203 | softclDice: 0.5297 | IoU: 0.2963 | Tversky: 0.4568 | Hausdorff: 281.8395 | HD95: 54.7046 | val_loss: 1.0921 | LR: 0.001000
2025-08-19 02:33:55 INFO Epoch 004 | Train Loss: 0.6822 | Val Loss: 1.0821 | Dice: 0.4758 | softDice: 0.4367 | clDice: 0.5328 | softclDice: 0.5007 | IoU: 0.3126 | Tversky: 0.4758 | Hausdorff: 300.9453 | HD95: 36.3666 | val_loss: 1.0821 | LR: 0.001000
2025-08-19 02:37:17 INFO Epoch 005 | Train Loss: 0.6714 | Val Loss: 1.0918 | Dice: 0.4674 | softDice: 0.4372 | clDice: 0.5234 | softclDice: 0.5062 | IoU: 0.3055 | Tversky: 0.4674 | Hausdorff: 281.3142 | HD95: 40.7526 | val_loss: 1.0918 | LR: 0.001000
2025-08-19 02:40:41 INFO Epoch 006 | Train Loss: 0.6623 | Val Loss: 1.0845 | Dice: 0.4770 | softDice: 0.4464 | clDice: 0.5318 | softclDice: 0.4896 | IoU: 0.3137 | Tversky: 0.4770 | Hausdorff: 297.4580 | HD95: 33.6073 | val_loss: 1.0845 | LR: 0.001000
2025-08-19 02:44:02 INFO Epoch 007 | Train Loss: 0.6603 | Val Loss: 1.0794 | Dice: 0.4709 | softDice: 0.4375 | clDice: 0.5195 | softclDice: 0.5044 | IoU: 0.3084 | Tversky: 0.4709 | Hausdorff: 259.4280 | HD95: 39.7021 | val_loss: 1.0794 | LR: 0.001000
2025-08-19 02:47:24 INFO Epoch 008 | Train Loss: 0.6597 | Val Loss: 1.0806 | Dice: 0.4688 | softDice: 0.4378 | clDice: 0.5178 | softclDice: 0.5051 | IoU: 0.3067 | Tversky: 0.4688 | Hausdorff: 298.9999 | HD95: 42.3256 | val_loss: 1.0806 | LR: 0.001000
2025-08-19 02:50:48 INFO Epoch 009 | Train Loss: 0.6578 | Val Loss: 1.0794 | Dice: 0.4657 | softDice: 0.4388 | clDice: 0.5077 | softclDice: 0.5104 | IoU: 0.3042 | Tversky: 0.4657 | Hausdorff: 292.3479 | HD95: 38.0630 | val_loss: 1.0794 | LR: 0.001000
2025-08-19 02:54:08 INFO Epoch 010 | Train Loss: 0.6556 | Val Loss: 1.0814 | Dice: 0.4844 | softDice: 0.4531 | clDice: 0.5427 | softclDice: 0.4797 | IoU: 0.3201 | Tversky: 0.4844 | Hausdorff: 265.7873 | HD95: 35.4635 | val_loss: 1.0814 | LR: 0.001000
2025-08-19 02:57:33 INFO Epoch 011 | Train Loss: 0.6497 | Val Loss: 1.0810 | Dice: 0.4854 | softDice: 0.4534 | clDice: 0.5431 | softclDice: 0.4790 | IoU: 0.3209 | Tversky: 0.4854 | Hausdorff: 298.4650 | HD95: 34.7676 | val_loss: 1.0810 | LR: 0.001000
2025-08-19 03:00:53 INFO Epoch 012 | Train Loss: 0.6532 | Val Loss: 1.0859 | Dice: 0.4604 | softDice: 0.4333 | clDice: 0.5097 | softclDice: 0.5148 | IoU: 0.2997 | Tversky: 0.4604 | Hausdorff: 280.0596 | HD95: 50.6222 | val_loss: 1.0859 | LR: 0.001000
2025-08-19 03:04:17 INFO Epoch 013 | Train Loss: 0.6525 | Val Loss: 1.0822 | Dice: 0.4767 | softDice: 0.4494 | clDice: 0.5230 | softclDice: 0.4974 | IoU: 0.3136 | Tversky: 0.4767 | Hausdorff: 286.6843 | HD95: 40.4258 | val_loss: 1.0822 | LR: 0.000500
2025-08-19 03:07:35 INFO Epoch 014 | Train Loss: 0.6480 | Val Loss: 1.0825 | Dice: 0.4782 | softDice: 0.4483 | clDice: 0.5286 | softclDice: 0.4937 | IoU: 0.3147 | Tversky: 0.4782 | Hausdorff: 280.2234 | HD95: 35.0147 | val_loss: 1.0825 | LR: 0.000500
2025-08-19 03:10:55 INFO Epoch 015 | Train Loss: 0.6390 | Val Loss: 1.0817 | Dice: 0.4759 | softDice: 0.4487 | clDice: 0.5240 | softclDice: 0.4952 | IoU: 0.3128 | Tversky: 0.4759 | Hausdorff: 256.2590 | HD95: 36.2996 | val_loss: 1.0817 | LR: 0.000500
2025-08-19 03:14:20 INFO Epoch 016 | Train Loss: 0.6427 | Val Loss: 1.0846 | Dice: 0.4870 | softDice: 0.4587 | clDice: 0.5476 | softclDice: 0.4712 | IoU: 0.3223 | Tversky: 0.4870 | Hausdorff: 270.7305 | HD95: 35.8764 | val_loss: 1.0846 | LR: 0.000500
2025-08-19 03:17:38 INFO Epoch 017 | Train Loss: 0.6386 | Val Loss: 1.0806 | Dice: 0.4841 | softDice: 0.4561 | clDice: 0.5330 | softclDice: 0.4883 | IoU: 0.3199 | Tversky: 0.4841 | Hausdorff: 259.0271 | HD95: 35.9519 | val_loss: 1.0806 | LR: 0.000500
2025-08-19 03:21:01 INFO Epoch 018 | Train Loss: 0.6368 | Val Loss: 1.0845 | Dice: 0.4854 | softDice: 0.4589 | clDice: 0.5378 | softclDice: 0.4802 | IoU: 0.3210 | Tversky: 0.4854 | Hausdorff: 273.1798 | HD95: 36.0888 | val_loss: 1.0845 | LR: 0.000500
2025-08-19 03:24:21 INFO Epoch 019 | Train Loss: 0.6405 | Val Loss: 1.0856 | Dice: 0.4787 | softDice: 0.4501 | clDice: 0.5318 | softclDice: 0.4912 | IoU: 0.3151 | Tversky: 0.4787 | Hausdorff: 286.6893 | HD95: 32.9925 | val_loss: 1.0856 | LR: 0.000250
2025-08-19 03:27:43 INFO Epoch 020 | Train Loss: 0.6326 | Val Loss: 1.0804 | Dice: 0.4920 | softDice: 0.4621 | clDice: 0.5491 | softclDice: 0.4724 | IoU: 0.3268 | Tversky: 0.4920 | Hausdorff: 291.3827 | HD95: 32.9686 | val_loss: 1.0804 | LR: 0.000250
2025-08-19 03:31:07 INFO Epoch 021 | Train Loss: 0.6340 | Val Loss: 1.0796 | Dice: 0.4901 | softDice: 0.4605 | clDice: 0.5386 | softclDice: 0.4805 | IoU: 0.3251 | Tversky: 0.4901 | Hausdorff: 288.1539 | HD95: 30.1786 | val_loss: 1.0796 | LR: 0.000250
2025-08-19 03:34:26 INFO Epoch 022 | Train Loss: 0.6266 | Val Loss: 1.0810 | Dice: 0.4868 | softDice: 0.4583 | clDice: 0.5339 | softclDice: 0.4858 | IoU: 0.3223 | Tversky: 0.4868 | Hausdorff: 294.0788 | HD95: 30.9625 | val_loss: 1.0810 | LR: 0.000250
2025-08-19 03:37:47 INFO Epoch 023 | Train Loss: 0.6295 | Val Loss: 1.0842 | Dice: 0.4915 | softDice: 0.4650 | clDice: 0.5495 | softclDice: 0.4706 | IoU: 0.3263 | Tversky: 0.4915 | Hausdorff: 300.0167 | HD95: 31.0170 | val_loss: 1.0842 | LR: 0.000250
2025-08-19 03:41:08 INFO Epoch 024 | Train Loss: 0.6292 | Val Loss: 1.0815 | Dice: 0.4870 | softDice: 0.4605 | clDice: 0.5380 | softclDice: 0.4807 | IoU: 0.3224 | Tversky: 0.4870 | Hausdorff: 291.9256 | HD95: 31.5481 | val_loss: 1.0815 | LR: 0.000250
2025-08-19 03:44:30 INFO Epoch 025 | Train Loss: 0.6300 | Val Loss: 1.0808 | Dice: 0.4881 | softDice: 0.4610 | clDice: 0.5381 | softclDice: 0.4804 | IoU: 0.3235 | Tversky: 0.4881 | Hausdorff: 287.9573 | HD95: 35.7641 | val_loss: 1.0808 | LR: 0.000125
2025-08-19 03:47:56 INFO Epoch 026 | Train Loss: 0.6231 | Val Loss: 1.0816 | Dice: 0.4876 | softDice: 0.4610 | clDice: 0.5358 | softclDice: 0.4825 | IoU: 0.3230 | Tversky: 0.4876 | Hausdorff: 287.2625 | HD95: 34.3194 | val_loss: 1.0816 | LR: 0.000125
2025-08-19 03:51:16 INFO Epoch 027 | Train Loss: 0.6282 | Val Loss: 1.0805 | Dice: 0.4903 | softDice: 0.4623 | clDice: 0.5428 | softclDice: 0.4772 | IoU: 0.3254 | Tversky: 0.4903 | Hausdorff: 288.5076 | HD95: 32.3069 | val_loss: 1.0805 | LR: 0.000125
2025-08-19 03:54:38 INFO Epoch 028 | Train Loss: 0.6271 | Val Loss: 1.0812 | Dice: 0.4906 | softDice: 0.4632 | clDice: 0.5425 | softclDice: 0.4757 | IoU: 0.3256 | Tversky: 0.4906 | Hausdorff: 290.3183 | HD95: 31.9036 | val_loss: 1.0812 | LR: 0.000125
2025-08-19 03:58:01 INFO Epoch 029 | Train Loss: 0.6270 | Val Loss: 1.0819 | Dice: 0.4869 | softDice: 0.4594 | clDice: 0.5375 | softclDice: 0.4826 | IoU: 0.3223 | Tversky: 0.4869 | Hausdorff: 289.4138 | HD95: 30.7594 | val_loss: 1.0819 | LR: 0.000125
2025-08-19 04:01:21 INFO Epoch 030 | Train Loss: 0.6202 | Val Loss: 1.0840 | Dice: 0.4872 | softDice: 0.4622 | clDice: 0.5404 | softclDice: 0.4791 | IoU: 0.3225 | Tversky: 0.4872 | Hausdorff: 287.7504 | HD95: 31.4154 | val_loss: 1.0840 | LR: 0.000125
2025-08-19 04:04:44 INFO Epoch 031 | Train Loss: 0.6241 | Val Loss: 1.0821 | Dice: 0.4859 | softDice: 0.4598 | clDice: 0.5348 | softclDice: 0.4825 | IoU: 0.3214 | Tversky: 0.4859 | Hausdorff: 304.5320 | HD95: 31.4269 | val_loss: 1.0821 | LR: 0.000063
2025-08-19 04:08:06 INFO Epoch 032 | Train Loss: 0.6193 | Val Loss: 1.0831 | Dice: 0.4878 | softDice: 0.4623 | clDice: 0.5388 | softclDice: 0.4786 | IoU: 0.3230 | Tversky: 0.4878 | Hausdorff: 299.9398 | HD95: 29.4750 | val_loss: 1.0831 | LR: 0.000063
2025-08-19 04:11:27 INFO Epoch 033 | Train Loss: 0.6186 | Val Loss: 1.0821 | Dice: 0.4889 | softDice: 0.4626 | clDice: 0.5401 | softclDice: 0.4784 | IoU: 0.3240 | Tversky: 0.4889 | Hausdorff: 300.8816 | HD95: 28.0805 | val_loss: 1.0821 | LR: 0.000063
2025-08-19 04:14:51 INFO Epoch 034 | Train Loss: 0.6188 | Val Loss: 1.0830 | Dice: 0.4896 | softDice: 0.4640 | clDice: 0.5415 | softclDice: 0.4759 | IoU: 0.3247 | Tversky: 0.4896 | Hausdorff: 303.8919 | HD95: 29.1276 | val_loss: 1.0830 | LR: 0.000063
2025-08-19 04:18:13 INFO Epoch 035 | Train Loss: 0.6214 | Val Loss: 1.0823 | Dice: 0.4909 | softDice: 0.4649 | clDice: 0.5413 | softclDice: 0.4762 | IoU: 0.3258 | Tversky: 0.4909 | Hausdorff: 302.4023 | HD95: 30.0425 | val_loss: 1.0823 | LR: 0.000063
2025-08-19 04:21:36 INFO Epoch 036 | Train Loss: 0.6183 | Val Loss: 1.0817 | Dice: 0.4904 | softDice: 0.4638 | clDice: 0.5398 | softclDice: 0.4787 | IoU: 0.3253 | Tversky: 0.4904 | Hausdorff: 301.8879 | HD95: 30.8514 | val_loss: 1.0817 | LR: 0.000063
2025-08-19 04:24:56 INFO Epoch 037 | Train Loss: 0.6184 | Val Loss: 1.0834 | Dice: 0.4887 | softDice: 0.4639 | clDice: 0.5399 | softclDice: 0.4774 | IoU: 0.3239 | Tversky: 0.4887 | Hausdorff: 301.5295 | HD95: 31.2859 | val_loss: 1.0834 | LR: 0.000031
2025-08-19 04:28:18 INFO Epoch 038 | Train Loss: 0.6201 | Val Loss: 1.0825 | Dice: 0.4902 | softDice: 0.4639 | clDice: 0.5415 | softclDice: 0.4770 | IoU: 0.3252 | Tversky: 0.4902 | Hausdorff: 299.2916 | HD95: 31.0013 | val_loss: 1.0825 | LR: 0.000031
2025-08-19 04:31:42 INFO Epoch 039 | Train Loss: 0.6155 | Val Loss: 1.0829 | Dice: 0.4915 | softDice: 0.4655 | clDice: 0.5427 | softclDice: 0.4749 | IoU: 0.3263 | Tversky: 0.4915 | Hausdorff: 303.7820 | HD95: 31.1454 | val_loss: 1.0829 | LR: 0.000031
2025-08-19 04:35:03 INFO Epoch 040 | Train Loss: 0.6204 | Val Loss: 1.0824 | Dice: 0.4900 | softDice: 0.4637 | clDice: 0.5420 | softclDice: 0.4764 | IoU: 0.3250 | Tversky: 0.4900 | Hausdorff: 303.9565 | HD95: 29.7113 | val_loss: 1.0824 | LR: 0.000031
2025-08-19 04:38:26 INFO Epoch 041 | Train Loss: 0.6173 | Val Loss: 1.0819 | Dice: 0.4888 | softDice: 0.4623 | clDice: 0.5388 | softclDice: 0.4804 | IoU: 0.3240 | Tversky: 0.4888 | Hausdorff: 303.5152 | HD95: 30.2365 | val_loss: 1.0819 | LR: 0.000031
2025-08-19 04:41:46 INFO Epoch 042 | Train Loss: 0.6175 | Val Loss: 1.0832 | Dice: 0.4895 | softDice: 0.4632 | clDice: 0.5420 | softclDice: 0.4766 | IoU: 0.3246 | Tversky: 0.4895 | Hausdorff: 301.2233 | HD95: 29.8012 | val_loss: 1.0832 | LR: 0.000031
2025-08-19 04:45:07 INFO Epoch 043 | Train Loss: 0.6159 | Val Loss: 1.0826 | Dice: 0.4901 | softDice: 0.4640 | clDice: 0.5411 | softclDice: 0.4772 | IoU: 0.3251 | Tversky: 0.4901 | Hausdorff: 304.0979 | HD95: 30.0429 | val_loss: 1.0826 | LR: 0.000016
2025-08-19 04:48:30 INFO Epoch 044 | Train Loss: 0.6202 | Val Loss: 1.0829 | Dice: 0.4892 | softDice: 0.4633 | clDice: 0.5397 | softclDice: 0.4786 | IoU: 0.3243 | Tversky: 0.4892 | Hausdorff: 303.3878 | HD95: 29.9896 | val_loss: 1.0829 | LR: 0.000016
2025-08-19 04:51:49 INFO Epoch 045 | Train Loss: 0.6163 | Val Loss: 1.0821 | Dice: 0.4888 | softDice: 0.4628 | clDice: 0.5372 | softclDice: 0.4806 | IoU: 0.3240 | Tversky: 0.4888 | Hausdorff: 302.6947 | HD95: 29.8560 | val_loss: 1.0821 | LR: 0.000016
2025-08-19 04:55:12 INFO Epoch 046 | Train Loss: 0.6134 | Val Loss: 1.0827 | Dice: 0.4891 | softDice: 0.4633 | clDice: 0.5390 | softclDice: 0.4791 | IoU: 0.3242 | Tversky: 0.4891 | Hausdorff: 301.4611 | HD95: 29.4389 | val_loss: 1.0827 | LR: 0.000016
2025-08-19 04:58:32 INFO Epoch 047 | Train Loss: 0.6208 | Val Loss: 1.0825 | Dice: 0.4892 | softDice: 0.4635 | clDice: 0.5388 | softclDice: 0.4787 | IoU: 0.3243 | Tversky: 0.4892 | Hausdorff: 301.8587 | HD95: 30.3323 | val_loss: 1.0825 | LR: 0.000016
2025-08-19 05:01:53 INFO Epoch 048 | Train Loss: 0.6126 | Val Loss: 1.0820 | Dice: 0.4889 | softDice: 0.4629 | clDice: 0.5377 | softclDice: 0.4799 | IoU: 0.3240 | Tversky: 0.4889 | Hausdorff: 301.5887 | HD95: 29.6241 | val_loss: 1.0820 | LR: 0.000016
2025-08-19 05:05:18 INFO Epoch 049 | Train Loss: 0.6173 | Val Loss: 1.0827 | Dice: 0.4889 | softDice: 0.4635 | clDice: 0.5383 | softclDice: 0.4790 | IoU: 0.3240 | Tversky: 0.4889 | Hausdorff: 301.0796 | HD95: 29.5116 | val_loss: 1.0827 | LR: 0.000008
2025-08-19 05:08:36 INFO Epoch 050 | Train Loss: 0.6195 | Val Loss: 1.0822 | Dice: 0.4880 | softDice: 0.4620 | clDice: 0.5364 | softclDice: 0.4811 | IoU: 0.3233 | Tversky: 0.4880 | Hausdorff: 302.0915 | HD95: 29.6205 | val_loss: 1.0822 | LR: 0.000008
2025-08-19 05:08:36 INFO Training completed.
2025-08-19 05:10:19 INFO Fold 2 results: Dice: 0.4202 | softDice: 0.2511 | clDice: 0.4846 | softclDice: 0.7264 | IoU: 0.2661 | Tversky: 0.4202 | Hausdorff: 289.5181 | HD95: 67.5031 | val_loss: 1.1091
2025-08-19 05:10:19 INFO ===== Fold 3 / 5 =====
2025-08-19 05:10:19 INFO Loading model unet with settings {'name': 'unet', 'encoder_name': 'se_resnext50_32x4d', 'encoder_weights': 'imagenet', 'classes': 1, 'activation': None, 'dropout': 0.2}
2025-08-19 05:13:35 INFO Epoch 001 | Train Loss: 0.8471 | Val Loss: 1.0841 | Dice: 0.3360 | softDice: 0.2989 | clDice: 0.3601 | softclDice: 0.6867 | IoU: 0.2028 | Tversky: 0.3360 | Hausdorff: 734.8559 | HD95: 72.9671 | val_loss: 1.0841 | LR: 0.001000
2025-08-19 05:16:56 INFO Epoch 002 | Train Loss: 0.7065 | Val Loss: 1.0960 | Dice: 0.4556 | softDice: 0.4228 | clDice: 0.5189 | softclDice: 0.5171 | IoU: 0.2959 | Tversky: 0.4556 | Hausdorff: 480.8481 | HD95: 49.1751 | val_loss: 1.0960 | LR: 0.001000
2025-08-19 05:20:19 INFO Epoch 003 | Train Loss: 0.6753 | Val Loss: 1.0792 | Dice: 0.4663 | softDice: 0.4334 | clDice: 0.5135 | softclDice: 0.5166 | IoU: 0.3050 | Tversky: 0.4663 | Hausdorff: 410.5853 | HD95: 45.1904 | val_loss: 1.0792 | LR: 0.001000
2025-08-19 05:23:40 INFO Epoch 004 | Train Loss: 0.6697 | Val Loss: 1.0779 | Dice: 0.4805 | softDice: 0.4451 | clDice: 0.5362 | softclDice: 0.4903 | IoU: 0.3171 | Tversky: 0.4805 | Hausdorff: 253.1738 | HD95: 41.1616 | val_loss: 1.0779 | LR: 0.001000
2025-08-19 05:27:06 INFO Epoch 005 | Train Loss: 0.6701 | Val Loss: 1.0908 | Dice: 0.4717 | softDice: 0.4472 | clDice: 0.5434 | softclDice: 0.4758 | IoU: 0.3096 | Tversky: 0.4717 | Hausdorff: 235.9572 | HD95: 47.5985 | val_loss: 1.0908 | LR: 0.001000
2025-08-19 05:30:30 INFO Epoch 006 | Train Loss: 0.6635 | Val Loss: 1.0841 | Dice: 0.4812 | softDice: 0.4475 | clDice: 0.5416 | softclDice: 0.4857 | IoU: 0.3177 | Tversky: 0.4812 | Hausdorff: 246.5895 | HD95: 45.6584 | val_loss: 1.0841 | LR: 0.001000
2025-08-19 05:33:50 INFO Epoch 007 | Train Loss: 0.6592 | Val Loss: 1.0872 | Dice: 0.4780 | softDice: 0.4528 | clDice: 0.5421 | softclDice: 0.4731 | IoU: 0.3151 | Tversky: 0.4780 | Hausdorff: 235.5017 | HD95: 46.7249 | val_loss: 1.0872 | LR: 0.001000
2025-08-19 05:37:12 INFO Epoch 008 | Train Loss: 0.6560 | Val Loss: 1.0886 | Dice: 0.4789 | softDice: 0.4515 | clDice: 0.5445 | softclDice: 0.4773 | IoU: 0.3157 | Tversky: 0.4789 | Hausdorff: 231.4028 | HD95: 35.1734 | val_loss: 1.0886 | LR: 0.001000
2025-08-19 05:40:34 INFO Epoch 009 | Train Loss: 0.6607 | Val Loss: 1.0816 | Dice: 0.4877 | softDice: 0.4573 | clDice: 0.5476 | softclDice: 0.4759 | IoU: 0.3235 | Tversky: 0.4877 | Hausdorff: 234.7183 | HD95: 36.9240 | val_loss: 1.0816 | LR: 0.001000
2025-08-19 05:43:58 INFO Epoch 010 | Train Loss: 0.6546 | Val Loss: 1.0845 | Dice: 0.4839 | softDice: 0.4520 | clDice: 0.5479 | softclDice: 0.4749 | IoU: 0.3200 | Tversky: 0.4839 | Hausdorff: 239.9931 | HD95: 39.0555 | val_loss: 1.0845 | LR: 0.000500
2025-08-19 05:47:18 INFO Epoch 011 | Train Loss: 0.6537 | Val Loss: 1.0815 | Dice: 0.4900 | softDice: 0.4614 | clDice: 0.5507 | softclDice: 0.4672 | IoU: 0.3254 | Tversky: 0.4900 | Hausdorff: 246.6996 | HD95: 38.0093 | val_loss: 1.0815 | LR: 0.000500
2025-08-19 05:50:42 INFO Epoch 012 | Train Loss: 0.6440 | Val Loss: 1.0805 | Dice: 0.4950 | softDice: 0.4652 | clDice: 0.5546 | softclDice: 0.4633 | IoU: 0.3298 | Tversky: 0.4950 | Hausdorff: 246.5207 | HD95: 35.5554 | val_loss: 1.0805 | LR: 0.000500
2025-08-19 05:54:03 INFO Epoch 013 | Train Loss: 0.6465 | Val Loss: 1.0796 | Dice: 0.4930 | softDice: 0.4654 | clDice: 0.5517 | softclDice: 0.4654 | IoU: 0.3282 | Tversky: 0.4930 | Hausdorff: 233.3029 | HD95: 37.3733 | val_loss: 1.0796 | LR: 0.000500
2025-08-19 05:57:23 INFO Epoch 014 | Train Loss: 0.6399 | Val Loss: 1.0804 | Dice: 0.4946 | softDice: 0.4639 | clDice: 0.5560 | softclDice: 0.4639 | IoU: 0.3294 | Tversky: 0.4946 | Hausdorff: 250.6642 | HD95: 34.2963 | val_loss: 1.0804 | LR: 0.000500
2025-08-19 06:00:44 INFO Epoch 015 | Train Loss: 0.6386 | Val Loss: 1.0811 | Dice: 0.4914 | softDice: 0.4636 | clDice: 0.5482 | softclDice: 0.4695 | IoU: 0.3266 | Tversky: 0.4914 | Hausdorff: 245.2783 | HD95: 35.6533 | val_loss: 1.0811 | LR: 0.000500
2025-08-19 06:04:05 INFO Epoch 016 | Train Loss: 0.6388 | Val Loss: 1.0827 | Dice: 0.4883 | softDice: 0.4618 | clDice: 0.5472 | softclDice: 0.4667 | IoU: 0.3241 | Tversky: 0.4883 | Hausdorff: 249.8902 | HD95: 36.2847 | val_loss: 1.0827 | LR: 0.000250
2025-08-19 06:07:27 INFO Epoch 017 | Train Loss: 0.6343 | Val Loss: 1.0813 | Dice: 0.4880 | softDice: 0.4617 | clDice: 0.5456 | softclDice: 0.4690 | IoU: 0.3238 | Tversky: 0.4880 | Hausdorff: 241.2334 | HD95: 39.3090 | val_loss: 1.0813 | LR: 0.000250
2025-08-19 06:10:50 INFO Epoch 018 | Train Loss: 0.6312 | Val Loss: 1.0798 | Dice: 0.4955 | softDice: 0.4672 | clDice: 0.5543 | softclDice: 0.4610 | IoU: 0.3304 | Tversky: 0.4955 | Hausdorff: 244.9909 | HD95: 34.4326 | val_loss: 1.0798 | LR: 0.000250
2025-08-19 06:14:09 INFO Epoch 019 | Train Loss: 0.6317 | Val Loss: 1.0783 | Dice: 0.4929 | softDice: 0.4651 | clDice: 0.5484 | softclDice: 0.4666 | IoU: 0.3281 | Tversky: 0.4929 | Hausdorff: 237.2064 | HD95: 38.1564 | val_loss: 1.0783 | LR: 0.000250
2025-08-19 06:17:32 INFO Epoch 020 | Train Loss: 0.6316 | Val Loss: 1.0807 | Dice: 0.4917 | softDice: 0.4649 | clDice: 0.5480 | softclDice: 0.4675 | IoU: 0.3271 | Tversky: 0.4917 | Hausdorff: 245.1311 | HD95: 36.4030 | val_loss: 1.0807 | LR: 0.000250
2025-08-19 06:20:51 INFO Epoch 021 | Train Loss: 0.6298 | Val Loss: 1.0799 | Dice: 0.4978 | softDice: 0.4698 | clDice: 0.5568 | softclDice: 0.4595 | IoU: 0.3324 | Tversky: 0.4978 | Hausdorff: 236.4843 | HD95: 33.8264 | val_loss: 1.0799 | LR: 0.000250
2025-08-19 06:24:12 INFO Epoch 022 | Train Loss: 0.6310 | Val Loss: 1.0797 | Dice: 0.4921 | softDice: 0.4648 | clDice: 0.5471 | softclDice: 0.4679 | IoU: 0.3275 | Tversky: 0.4921 | Hausdorff: 242.2059 | HD95: 34.7986 | val_loss: 1.0797 | LR: 0.000125
2025-08-19 06:27:32 INFO Epoch 023 | Train Loss: 0.6303 | Val Loss: 1.0804 | Dice: 0.4950 | softDice: 0.4673 | clDice: 0.5539 | softclDice: 0.4611 | IoU: 0.3299 | Tversky: 0.4950 | Hausdorff: 240.6099 | HD95: 33.5487 | val_loss: 1.0804 | LR: 0.000125
2025-08-19 06:30:51 INFO Epoch 024 | Train Loss: 0.6316 | Val Loss: 1.0807 | Dice: 0.4966 | softDice: 0.4694 | clDice: 0.5565 | softclDice: 0.4572 | IoU: 0.3312 | Tversky: 0.4966 | Hausdorff: 240.5508 | HD95: 33.3944 | val_loss: 1.0807 | LR: 0.000125
2025-08-19 06:34:14 INFO Epoch 025 | Train Loss: 0.6251 | Val Loss: 1.0801 | Dice: 0.4981 | softDice: 0.4709 | clDice: 0.5562 | softclDice: 0.4587 | IoU: 0.3327 | Tversky: 0.4981 | Hausdorff: 231.9623 | HD95: 32.6574 | val_loss: 1.0801 | LR: 0.000125
2025-08-19 06:37:34 INFO Epoch 026 | Train Loss: 0.6295 | Val Loss: 1.0790 | Dice: 0.4983 | softDice: 0.4699 | clDice: 0.5582 | softclDice: 0.4583 | IoU: 0.3328 | Tversky: 0.4983 | Hausdorff: 242.2400 | HD95: 32.2307 | val_loss: 1.0790 | LR: 0.000125
2025-08-19 06:40:56 INFO Epoch 027 | Train Loss: 0.6276 | Val Loss: 1.0816 | Dice: 0.4932 | softDice: 0.4669 | clDice: 0.5495 | softclDice: 0.4645 | IoU: 0.3284 | Tversky: 0.4932 | Hausdorff: 210.8815 | HD95: 36.9490 | val_loss: 1.0816 | LR: 0.000125
2025-08-19 06:44:16 INFO Epoch 028 | Train Loss: 0.6268 | Val Loss: 1.0798 | Dice: 0.4952 | softDice: 0.4679 | clDice: 0.5536 | softclDice: 0.4614 | IoU: 0.3301 | Tversky: 0.4952 | Hausdorff: 244.0409 | HD95: 34.2541 | val_loss: 1.0798 | LR: 0.000063
2025-08-19 06:47:37 INFO Epoch 029 | Train Loss: 0.6250 | Val Loss: 1.0804 | Dice: 0.4977 | softDice: 0.4708 | clDice: 0.5560 | softclDice: 0.4583 | IoU: 0.3323 | Tversky: 0.4977 | Hausdorff: 243.9842 | HD95: 31.9402 | val_loss: 1.0804 | LR: 0.000063
2025-08-19 06:50:58 INFO Epoch 030 | Train Loss: 0.6206 | Val Loss: 1.0803 | Dice: 0.4956 | softDice: 0.4692 | clDice: 0.5516 | softclDice: 0.4616 | IoU: 0.3305 | Tversky: 0.4956 | Hausdorff: 243.6592 | HD95: 34.4426 | val_loss: 1.0803 | LR: 0.000063
2025-08-19 06:54:17 INFO Epoch 031 | Train Loss: 0.6206 | Val Loss: 1.0808 | Dice: 0.4991 | softDice: 0.4722 | clDice: 0.5578 | softclDice: 0.4560 | IoU: 0.3335 | Tversky: 0.4991 | Hausdorff: 239.5120 | HD95: 31.1161 | val_loss: 1.0808 | LR: 0.000063
2025-08-19 06:57:38 INFO Epoch 032 | Train Loss: 0.6183 | Val Loss: 1.0805 | Dice: 0.4964 | softDice: 0.4704 | clDice: 0.5535 | softclDice: 0.4612 | IoU: 0.3312 | Tversky: 0.4964 | Hausdorff: 239.2648 | HD95: 32.9558 | val_loss: 1.0805 | LR: 0.000063
2025-08-19 07:01:00 INFO Epoch 033 | Train Loss: 0.6238 | Val Loss: 1.0806 | Dice: 0.4983 | softDice: 0.4710 | clDice: 0.5568 | softclDice: 0.4580 | IoU: 0.3328 | Tversky: 0.4983 | Hausdorff: 238.1374 | HD95: 31.5707 | val_loss: 1.0806 | LR: 0.000063
2025-08-19 07:04:19 INFO Epoch 034 | Train Loss: 0.6221 | Val Loss: 1.0795 | Dice: 0.4974 | softDice: 0.4704 | clDice: 0.5539 | softclDice: 0.4621 | IoU: 0.3321 | Tversky: 0.4974 | Hausdorff: 241.6810 | HD95: 31.3786 | val_loss: 1.0795 | LR: 0.000031
2025-08-19 07:07:43 INFO Epoch 035 | Train Loss: 0.6204 | Val Loss: 1.0808 | Dice: 0.4959 | softDice: 0.4690 | clDice: 0.5529 | softclDice: 0.4625 | IoU: 0.3307 | Tversky: 0.4959 | Hausdorff: 238.5477 | HD95: 31.1359 | val_loss: 1.0808 | LR: 0.000031
2025-08-19 07:11:02 INFO Epoch 036 | Train Loss: 0.6215 | Val Loss: 1.0811 | Dice: 0.4935 | softDice: 0.4668 | clDice: 0.5500 | softclDice: 0.4654 | IoU: 0.3286 | Tversky: 0.4935 | Hausdorff: 234.5554 | HD95: 31.5780 | val_loss: 1.0811 | LR: 0.000031
2025-08-19 07:14:25 INFO Epoch 037 | Train Loss: 0.6213 | Val Loss: 1.0810 | Dice: 0.4948 | softDice: 0.4677 | clDice: 0.5516 | softclDice: 0.4626 | IoU: 0.3297 | Tversky: 0.4948 | Hausdorff: 238.9706 | HD95: 31.2179 | val_loss: 1.0810 | LR: 0.000031
2025-08-19 07:17:45 INFO Epoch 038 | Train Loss: 0.6206 | Val Loss: 1.0804 | Dice: 0.4963 | softDice: 0.4690 | clDice: 0.5518 | softclDice: 0.4630 | IoU: 0.3311 | Tversky: 0.4963 | Hausdorff: 242.6009 | HD95: 31.0895 | val_loss: 1.0804 | LR: 0.000031
2025-08-19 07:21:06 INFO Epoch 039 | Train Loss: 0.6229 | Val Loss: 1.0813 | Dice: 0.4938 | softDice: 0.4666 | clDice: 0.5496 | softclDice: 0.4655 | IoU: 0.3289 | Tversky: 0.4938 | Hausdorff: 242.8897 | HD95: 30.9476 | val_loss: 1.0813 | LR: 0.000031
2025-08-19 07:24:26 INFO Epoch 040 | Train Loss: 0.6207 | Val Loss: 1.0807 | Dice: 0.4960 | softDice: 0.4688 | clDice: 0.5526 | softclDice: 0.4627 | IoU: 0.3308 | Tversky: 0.4960 | Hausdorff: 242.6448 | HD95: 30.7209 | val_loss: 1.0807 | LR: 0.000016
2025-08-19 07:27:45 INFO Epoch 041 | Train Loss: 0.6174 | Val Loss: 1.0804 | Dice: 0.4966 | softDice: 0.4692 | clDice: 0.5526 | softclDice: 0.4625 | IoU: 0.3314 | Tversky: 0.4966 | Hausdorff: 239.2955 | HD95: 29.9703 | val_loss: 1.0804 | LR: 0.000016
2025-08-19 07:31:06 INFO Epoch 042 | Train Loss: 0.6243 | Val Loss: 1.0803 | Dice: 0.4964 | softDice: 0.4684 | clDice: 0.5523 | softclDice: 0.4621 | IoU: 0.3312 | Tversky: 0.4964 | Hausdorff: 242.8632 | HD95: 29.9905 | val_loss: 1.0803 | LR: 0.000016
2025-08-19 07:34:28 INFO Epoch 043 | Train Loss: 0.6231 | Val Loss: 1.0809 | Dice: 0.4962 | softDice: 0.4693 | clDice: 0.5525 | softclDice: 0.4616 | IoU: 0.3310 | Tversky: 0.4962 | Hausdorff: 242.5816 | HD95: 30.6357 | val_loss: 1.0809 | LR: 0.000016
2025-08-19 07:37:50 INFO Epoch 044 | Train Loss: 0.6203 | Val Loss: 1.0802 | Dice: 0.4957 | softDice: 0.4684 | clDice: 0.5506 | softclDice: 0.4631 | IoU: 0.3306 | Tversky: 0.4957 | Hausdorff: 243.0938 | HD95: 31.2129 | val_loss: 1.0802 | LR: 0.000016
2025-08-19 07:41:13 INFO Epoch 045 | Train Loss: 0.6201 | Val Loss: 1.0808 | Dice: 0.4942 | softDice: 0.4678 | clDice: 0.5486 | softclDice: 0.4651 | IoU: 0.3292 | Tversky: 0.4942 | Hausdorff: 242.8283 | HD95: 32.0947 | val_loss: 1.0808 | LR: 0.000016
2025-08-19 07:44:33 INFO Epoch 046 | Train Loss: 0.6204 | Val Loss: 1.0806 | Dice: 0.4951 | softDice: 0.4691 | clDice: 0.5502 | softclDice: 0.4635 | IoU: 0.3301 | Tversky: 0.4951 | Hausdorff: 243.7664 | HD95: 32.6681 | val_loss: 1.0806 | LR: 0.000008
2025-08-19 07:47:56 INFO Epoch 047 | Train Loss: 0.6184 | Val Loss: 1.0800 | Dice: 0.4952 | softDice: 0.4680 | clDice: 0.5496 | softclDice: 0.4639 | IoU: 0.3301 | Tversky: 0.4952 | Hausdorff: 242.7881 | HD95: 31.8512 | val_loss: 1.0800 | LR: 0.000008
2025-08-19 07:51:18 INFO Epoch 048 | Train Loss: 0.6197 | Val Loss: 1.0809 | Dice: 0.4968 | softDice: 0.4705 | clDice: 0.5527 | softclDice: 0.4605 | IoU: 0.3315 | Tversky: 0.4968 | Hausdorff: 243.2817 | HD95: 30.7094 | val_loss: 1.0809 | LR: 0.000008
2025-08-19 07:54:37 INFO Epoch 049 | Train Loss: 0.6154 | Val Loss: 1.0807 | Dice: 0.4947 | softDice: 0.4682 | clDice: 0.5494 | softclDice: 0.4647 | IoU: 0.3297 | Tversky: 0.4947 | Hausdorff: 242.6952 | HD95: 31.3790 | val_loss: 1.0807 | LR: 0.000008
2025-08-19 07:57:59 INFO Epoch 050 | Train Loss: 0.6222 | Val Loss: 1.0809 | Dice: 0.4960 | softDice: 0.4694 | clDice: 0.5514 | softclDice: 0.4629 | IoU: 0.3308 | Tversky: 0.4960 | Hausdorff: 242.5375 | HD95: 30.1772 | val_loss: 1.0809 | LR: 0.000008
2025-08-19 07:57:59 INFO Training completed.
2025-08-19 07:59:34 INFO Fold 3 results: Dice: 0.3360 | softDice: 0.2989 | clDice: 0.3601 | softclDice: 0.6867 | IoU: 0.2028 | Tversky: 0.3360 | Hausdorff: 734.8559 | HD95: 72.9671 | val_loss: 1.0841
2025-08-19 07:59:34 INFO ===== Fold 4 / 5 =====
2025-08-19 07:59:34 INFO Loading model unet with settings {'name': 'unet', 'encoder_name': 'se_resnext50_32x4d', 'encoder_weights': 'imagenet', 'classes': 1, 'activation': None, 'dropout': 0.2}
2025-08-19 08:02:59 INFO Epoch 001 | Train Loss: 0.9782 | Val Loss: 1.1137 | Dice: 0.4419 | softDice: 0.3275 | clDice: 0.5135 | softclDice: 0.6776 | IoU: 0.2838 | Tversky: 0.4419 | Hausdorff: 382.3097 | HD95: 51.1273 | val_loss: 1.1137 | LR: 0.001000
2025-08-19 08:06:21 INFO Epoch 002 | Train Loss: 0.7327 | Val Loss: 1.0775 | Dice: 0.4565 | softDice: 0.3936 | clDice: 0.5008 | softclDice: 0.5536 | IoU: 0.2959 | Tversky: 0.4565 | Hausdorff: 404.7323 | HD95: 54.3908 | val_loss: 1.0775 | LR: 0.001000
2025-08-19 08:09:44 INFO Epoch 003 | Train Loss: 0.6881 | Val Loss: 1.0878 | Dice: 0.4711 | softDice: 0.4295 | clDice: 0.5250 | softclDice: 0.5178 | IoU: 0.3083 | Tversky: 0.4711 | Hausdorff: 326.2643 | HD95: 39.7578 | val_loss: 1.0878 | LR: 0.001000
2025-08-19 08:13:09 INFO Epoch 004 | Train Loss: 0.6757 | Val Loss: 1.0908 | Dice: 0.4717 | softDice: 0.4416 | clDice: 0.5291 | softclDice: 0.4979 | IoU: 0.3088 | Tversky: 0.4717 | Hausdorff: 266.3618 | HD95: 46.3572 | val_loss: 1.0908 | LR: 0.001000
2025-08-19 08:16:28 INFO Epoch 005 | Train Loss: 0.6695 | Val Loss: 1.0830 | Dice: 0.4744 | softDice: 0.4391 | clDice: 0.5260 | softclDice: 0.4977 | IoU: 0.3111 | Tversky: 0.4744 | Hausdorff: 222.5606 | HD95: 42.5303 | val_loss: 1.0830 | LR: 0.001000
2025-08-19 08:19:53 INFO Epoch 006 | Train Loss: 0.6661 | Val Loss: 1.0892 | Dice: 0.4735 | softDice: 0.4374 | clDice: 0.5327 | softclDice: 0.4931 | IoU: 0.3105 | Tversky: 0.4735 | Hausdorff: 299.7048 | HD95: 43.6531 | val_loss: 1.0892 | LR: 0.001000
2025-08-19 08:23:20 INFO Epoch 007 | Train Loss: 0.6661 | Val Loss: 1.1043 | Dice: 0.4709 | softDice: 0.4475 | clDice: 0.5353 | softclDice: 0.4842 | IoU: 0.3081 | Tversky: 0.4709 | Hausdorff: 224.6961 | HD95: 36.0368 | val_loss: 1.1043 | LR: 0.001000
2025-08-19 08:26:45 INFO Epoch 008 | Train Loss: 0.6577 | Val Loss: 1.0917 | Dice: 0.4744 | softDice: 0.4444 | clDice: 0.5336 | softclDice: 0.4910 | IoU: 0.3112 | Tversky: 0.4744 | Hausdorff: 215.1525 | HD95: 36.2539 | val_loss: 1.0917 | LR: 0.000500
2025-08-19 08:30:10 INFO Epoch 009 | Train Loss: 0.6548 | Val Loss: 1.0884 | Dice: 0.4719 | softDice: 0.4418 | clDice: 0.5206 | softclDice: 0.5019 | IoU: 0.3090 | Tversky: 0.4719 | Hausdorff: 229.6268 | HD95: 34.0756 | val_loss: 1.0884 | LR: 0.000500
2025-08-19 08:33:32 INFO Epoch 010 | Train Loss: 0.6475 | Val Loss: 1.0810 | Dice: 0.4845 | softDice: 0.4522 | clDice: 0.5365 | softclDice: 0.4850 | IoU: 0.3199 | Tversky: 0.4845 | Hausdorff: 218.6847 | HD95: 34.5283 | val_loss: 1.0810 | LR: 0.000500
2025-08-19 08:36:56 INFO Epoch 011 | Train Loss: 0.6465 | Val Loss: 1.0833 | Dice: 0.4849 | softDice: 0.4536 | clDice: 0.5416 | softclDice: 0.4779 | IoU: 0.3203 | Tversky: 0.4849 | Hausdorff: 233.9106 | HD95: 34.1409 | val_loss: 1.0833 | LR: 0.000500
2025-08-19 08:40:22 INFO Epoch 012 | Train Loss: 0.6427 | Val Loss: 1.0860 | Dice: 0.4905 | softDice: 0.4616 | clDice: 0.5470 | softclDice: 0.4702 | IoU: 0.3252 | Tversky: 0.4905 | Hausdorff: 226.3100 | HD95: 29.3787 | val_loss: 1.0860 | LR: 0.000500
2025-08-19 08:43:44 INFO Epoch 013 | Train Loss: 0.6484 | Val Loss: 1.0791 | Dice: 0.4907 | softDice: 0.4588 | clDice: 0.5458 | softclDice: 0.4753 | IoU: 0.3253 | Tversky: 0.4907 | Hausdorff: 232.8021 | HD95: 35.5440 | val_loss: 1.0791 | LR: 0.000500
2025-08-19 08:47:08 INFO Epoch 014 | Train Loss: 0.6450 | Val Loss: 1.0816 | Dice: 0.4872 | softDice: 0.4582 | clDice: 0.5393 | softclDice: 0.4775 | IoU: 0.3223 | Tversky: 0.4872 | Hausdorff: 233.0823 | HD95: 36.3332 | val_loss: 1.0816 | LR: 0.000250
2025-08-19 08:50:32 INFO Epoch 015 | Train Loss: 0.6401 | Val Loss: 1.0846 | Dice: 0.4921 | softDice: 0.4629 | clDice: 0.5499 | softclDice: 0.4687 | IoU: 0.3267 | Tversky: 0.4921 | Hausdorff: 227.7428 | HD95: 31.2052 | val_loss: 1.0846 | LR: 0.000250
2025-08-19 08:54:00 INFO Epoch 016 | Train Loss: 0.6347 | Val Loss: 1.0873 | Dice: 0.4866 | softDice: 0.4596 | clDice: 0.5400 | softclDice: 0.4757 | IoU: 0.3219 | Tversky: 0.4866 | Hausdorff: 219.0609 | HD95: 31.3177 | val_loss: 1.0873 | LR: 0.000250
2025-08-19 08:57:24 INFO Epoch 017 | Train Loss: 0.6353 | Val Loss: 1.0828 | Dice: 0.4904 | softDice: 0.4615 | clDice: 0.5442 | softclDice: 0.4735 | IoU: 0.3251 | Tversky: 0.4904 | Hausdorff: 230.1042 | HD95: 31.0202 | val_loss: 1.0828 | LR: 0.000250
2025-08-19 09:00:45 INFO Epoch 018 | Train Loss: 0.6340 | Val Loss: 1.0829 | Dice: 0.4976 | softDice: 0.4686 | clDice: 0.5536 | softclDice: 0.4643 | IoU: 0.3315 | Tversky: 0.4976 | Hausdorff: 231.4101 | HD95: 29.6180 | val_loss: 1.0829 | LR: 0.000250
2025-08-19 09:04:08 INFO Epoch 019 | Train Loss: 0.6375 | Val Loss: 1.0824 | Dice: 0.4971 | softDice: 0.4660 | clDice: 0.5565 | softclDice: 0.4628 | IoU: 0.3311 | Tversky: 0.4971 | Hausdorff: 219.0306 | HD95: 31.2224 | val_loss: 1.0824 | LR: 0.000250
2025-08-19 09:07:31 INFO Epoch 020 | Train Loss: 0.6341 | Val Loss: 1.0857 | Dice: 0.4927 | softDice: 0.4636 | clDice: 0.5524 | softclDice: 0.4667 | IoU: 0.3271 | Tversky: 0.4927 | Hausdorff: 222.3518 | HD95: 31.6894 | val_loss: 1.0857 | LR: 0.000125
2025-08-19 09:10:57 INFO Epoch 021 | Train Loss: 0.6297 | Val Loss: 1.0825 | Dice: 0.4959 | softDice: 0.4658 | clDice: 0.5525 | softclDice: 0.4667 | IoU: 0.3300 | Tversky: 0.4959 | Hausdorff: 224.4177 | HD95: 29.8714 | val_loss: 1.0825 | LR: 0.000125
2025-08-19 09:14:20 INFO Epoch 022 | Train Loss: 0.6305 | Val Loss: 1.0822 | Dice: 0.4968 | softDice: 0.4681 | clDice: 0.5513 | softclDice: 0.4648 | IoU: 0.3308 | Tversky: 0.4968 | Hausdorff: 230.1341 | HD95: 30.4398 | val_loss: 1.0822 | LR: 0.000125
2025-08-19 09:17:41 INFO Epoch 023 | Train Loss: 0.6297 | Val Loss: 1.0826 | Dice: 0.4964 | softDice: 0.4682 | clDice: 0.5536 | softclDice: 0.4634 | IoU: 0.3305 | Tversky: 0.4964 | Hausdorff: 224.1859 | HD95: 29.9827 | val_loss: 1.0826 | LR: 0.000125
2025-08-19 09:21:05 INFO Epoch 024 | Train Loss: 0.6318 | Val Loss: 1.0821 | Dice: 0.4956 | softDice: 0.4668 | clDice: 0.5537 | softclDice: 0.4641 | IoU: 0.3297 | Tversky: 0.4956 | Hausdorff: 222.7492 | HD95: 31.2342 | val_loss: 1.0821 | LR: 0.000125
2025-08-19 09:24:27 INFO Epoch 025 | Train Loss: 0.6262 | Val Loss: 1.0820 | Dice: 0.4980 | softDice: 0.4683 | clDice: 0.5563 | softclDice: 0.4614 | IoU: 0.3318 | Tversky: 0.4980 | Hausdorff: 227.0278 | HD95: 31.2063 | val_loss: 1.0820 | LR: 0.000125
2025-08-19 09:27:52 INFO Epoch 026 | Train Loss: 0.6291 | Val Loss: 1.0837 | Dice: 0.4968 | softDice: 0.4691 | clDice: 0.5526 | softclDice: 0.4621 | IoU: 0.3308 | Tversky: 0.4968 | Hausdorff: 218.7166 | HD95: 29.4711 | val_loss: 1.0837 | LR: 0.000063
2025-08-19 09:31:19 INFO Epoch 027 | Train Loss: 0.6251 | Val Loss: 1.0843 | Dice: 0.4926 | softDice: 0.4632 | clDice: 0.5501 | softclDice: 0.4702 | IoU: 0.3271 | Tversky: 0.4926 | Hausdorff: 219.2611 | HD95: 27.9396 | val_loss: 1.0843 | LR: 0.000063
2025-08-19 09:34:41 INFO Epoch 028 | Train Loss: 0.6268 | Val Loss: 1.0825 | Dice: 0.4970 | softDice: 0.4684 | clDice: 0.5510 | softclDice: 0.4665 | IoU: 0.3310 | Tversky: 0.4970 | Hausdorff: 225.0332 | HD95: 29.0685 | val_loss: 1.0825 | LR: 0.000063
2025-08-19 09:38:05 INFO Epoch 029 | Train Loss: 0.6271 | Val Loss: 1.0832 | Dice: 0.4965 | softDice: 0.4670 | clDice: 0.5528 | softclDice: 0.4658 | IoU: 0.3305 | Tversky: 0.4965 | Hausdorff: 227.9896 | HD95: 28.2845 | val_loss: 1.0832 | LR: 0.000063
2025-08-19 09:41:28 INFO Epoch 030 | Train Loss: 0.6262 | Val Loss: 1.0834 | Dice: 0.4995 | softDice: 0.4703 | clDice: 0.5596 | softclDice: 0.4594 | IoU: 0.3332 | Tversky: 0.4995 | Hausdorff: 234.4476 | HD95: 29.4315 | val_loss: 1.0834 | LR: 0.000063
2025-08-19 09:44:49 INFO Epoch 031 | Train Loss: 0.6239 | Val Loss: 1.0842 | Dice: 0.4941 | softDice: 0.4658 | clDice: 0.5495 | softclDice: 0.4688 | IoU: 0.3284 | Tversky: 0.4941 | Hausdorff: 234.6230 | HD95: 27.6934 | val_loss: 1.0842 | LR: 0.000063
2025-08-19 09:48:12 INFO Epoch 032 | Train Loss: 0.6248 | Val Loss: 1.0832 | Dice: 0.4932 | softDice: 0.4639 | clDice: 0.5475 | softclDice: 0.4704 | IoU: 0.3276 | Tversky: 0.4932 | Hausdorff: 233.9036 | HD95: 28.3474 | val_loss: 1.0832 | LR: 0.000031
2025-08-19 09:51:33 INFO Epoch 033 | Train Loss: 0.6234 | Val Loss: 1.0844 | Dice: 0.4918 | softDice: 0.4639 | clDice: 0.5456 | softclDice: 0.4716 | IoU: 0.3264 | Tversky: 0.4918 | Hausdorff: 233.6799 | HD95: 28.2864 | val_loss: 1.0844 | LR: 0.000031
2025-08-19 09:54:57 INFO Epoch 034 | Train Loss: 0.6236 | Val Loss: 1.0833 | Dice: 0.4950 | softDice: 0.4666 | clDice: 0.5491 | softclDice: 0.4681 | IoU: 0.3292 | Tversky: 0.4950 | Hausdorff: 234.7385 | HD95: 27.9938 | val_loss: 1.0833 | LR: 0.000031
2025-08-19 09:58:19 INFO Epoch 035 | Train Loss: 0.6241 | Val Loss: 1.0832 | Dice: 0.4953 | softDice: 0.4668 | clDice: 0.5506 | softclDice: 0.4665 | IoU: 0.3295 | Tversky: 0.4953 | Hausdorff: 235.6383 | HD95: 27.8838 | val_loss: 1.0832 | LR: 0.000031
2025-08-19 10:01:39 INFO Epoch 036 | Train Loss: 0.6177 | Val Loss: 1.0839 | Dice: 0.4941 | softDice: 0.4664 | clDice: 0.5468 | softclDice: 0.4698 | IoU: 0.3284 | Tversky: 0.4941 | Hausdorff: 235.3502 | HD95: 28.2225 | val_loss: 1.0839 | LR: 0.000031
2025-08-19 10:05:03 INFO Epoch 037 | Train Loss: 0.6232 | Val Loss: 1.0835 | Dice: 0.4952 | softDice: 0.4659 | clDice: 0.5505 | softclDice: 0.4670 | IoU: 0.3294 | Tversky: 0.4952 | Hausdorff: 236.0565 | HD95: 28.4987 | val_loss: 1.0835 | LR: 0.000031
2025-08-19 10:08:25 INFO Epoch 038 | Train Loss: 0.6233 | Val Loss: 1.0842 | Dice: 0.4951 | softDice: 0.4668 | clDice: 0.5501 | softclDice: 0.4670 | IoU: 0.3293 | Tversky: 0.4951 | Hausdorff: 235.7627 | HD95: 27.5941 | val_loss: 1.0842 | LR: 0.000016
2025-08-19 10:11:48 INFO Epoch 039 | Train Loss: 0.6220 | Val Loss: 1.0838 | Dice: 0.4954 | softDice: 0.4674 | clDice: 0.5506 | softclDice: 0.4665 | IoU: 0.3295 | Tversky: 0.4954 | Hausdorff: 237.2036 | HD95: 28.0018 | val_loss: 1.0838 | LR: 0.000016
2025-08-19 10:15:08 INFO Epoch 040 | Train Loss: 0.6194 | Val Loss: 1.0846 | Dice: 0.4955 | softDice: 0.4678 | clDice: 0.5510 | softclDice: 0.4662 | IoU: 0.3297 | Tversky: 0.4955 | Hausdorff: 236.6652 | HD95: 27.6489 | val_loss: 1.0846 | LR: 0.000016
2025-08-19 10:18:31 INFO Epoch 041 | Train Loss: 0.6175 | Val Loss: 1.0846 | Dice: 0.4961 | softDice: 0.4682 | clDice: 0.5520 | softclDice: 0.4647 | IoU: 0.3302 | Tversky: 0.4961 | Hausdorff: 236.6448 | HD95: 27.4413 | val_loss: 1.0846 | LR: 0.000016
2025-08-19 10:21:55 INFO Epoch 042 | Train Loss: 0.6188 | Val Loss: 1.0846 | Dice: 0.4964 | softDice: 0.4687 | clDice: 0.5522 | softclDice: 0.4646 | IoU: 0.3304 | Tversky: 0.4964 | Hausdorff: 235.0470 | HD95: 27.3517 | val_loss: 1.0846 | LR: 0.000016
2025-08-19 10:25:17 INFO Epoch 043 | Train Loss: 0.6227 | Val Loss: 1.0835 | Dice: 0.4941 | softDice: 0.4658 | clDice: 0.5476 | softclDice: 0.4697 | IoU: 0.3284 | Tversky: 0.4941 | Hausdorff: 234.8071 | HD95: 27.6353 | val_loss: 1.0835 | LR: 0.000016
2025-08-19 10:28:40 INFO Epoch 044 | Train Loss: 0.6193 | Val Loss: 1.0834 | Dice: 0.4945 | softDice: 0.4663 | clDice: 0.5488 | softclDice: 0.4685 | IoU: 0.3288 | Tversky: 0.4945 | Hausdorff: 234.5333 | HD95: 27.9133 | val_loss: 1.0834 | LR: 0.000008
2025-08-19 10:32:00 INFO Epoch 045 | Train Loss: 0.6176 | Val Loss: 1.0843 | Dice: 0.4963 | softDice: 0.4686 | clDice: 0.5527 | softclDice: 0.4643 | IoU: 0.3304 | Tversky: 0.4963 | Hausdorff: 235.9388 | HD95: 27.5627 | val_loss: 1.0843 | LR: 0.000008
2025-08-19 10:35:19 INFO Epoch 046 | Train Loss: 0.6182 | Val Loss: 1.0843 | Dice: 0.4959 | softDice: 0.4682 | clDice: 0.5513 | softclDice: 0.4659 | IoU: 0.3300 | Tversky: 0.4959 | Hausdorff: 235.8711 | HD95: 27.6150 | val_loss: 1.0843 | LR: 0.000008
2025-08-19 10:38:43 INFO Epoch 047 | Train Loss: 0.6226 | Val Loss: 1.0849 | Dice: 0.4950 | softDice: 0.4672 | clDice: 0.5514 | softclDice: 0.4660 | IoU: 0.3292 | Tversky: 0.4950 | Hausdorff: 237.0022 | HD95: 27.4013 | val_loss: 1.0849 | LR: 0.000008
2025-08-19 10:42:04 INFO Epoch 048 | Train Loss: 0.6216 | Val Loss: 1.0842 | Dice: 0.4948 | softDice: 0.4668 | clDice: 0.5499 | softclDice: 0.4671 | IoU: 0.3290 | Tversky: 0.4948 | Hausdorff: 236.6267 | HD95: 27.9496 | val_loss: 1.0842 | LR: 0.000008
2025-08-19 10:45:27 INFO Epoch 049 | Train Loss: 0.6211 | Val Loss: 1.0840 | Dice: 0.4955 | softDice: 0.4673 | clDice: 0.5510 | softclDice: 0.4663 | IoU: 0.3297 | Tversky: 0.4955 | Hausdorff: 236.3395 | HD95: 27.7905 | val_loss: 1.0840 | LR: 0.000008
2025-08-19 10:48:48 INFO Epoch 050 | Train Loss: 0.6182 | Val Loss: 1.0846 | Dice: 0.4950 | softDice: 0.4675 | clDice: 0.5499 | softclDice: 0.4672 | IoU: 0.3292 | Tversky: 0.4950 | Hausdorff: 236.5311 | HD95: 27.6600 | val_loss: 1.0846 | LR: 0.000004
2025-08-19 10:48:48 INFO Training completed.
2025-08-19 10:50:32 INFO Fold 4 results: Dice: 0.4419 | softDice: 0.3275 | clDice: 0.5135 | softclDice: 0.6776 | IoU: 0.2838 | Tversky: 0.4419 | Hausdorff: 382.3097 | HD95: 51.1273 | val_loss: 1.1137
2025-08-19 10:50:32 INFO ===== Fold 5 / 5 =====
2025-08-19 10:50:32 INFO Loading model unet with settings {'name': 'unet', 'encoder_name': 'se_resnext50_32x4d', 'encoder_weights': 'imagenet', 'classes': 1, 'activation': None, 'dropout': 0.2}
2025-08-19 10:53:54 INFO Epoch 001 | Train Loss: 0.9125 | Val Loss: 1.0778 | Dice: 0.4337 | softDice: 0.3245 | clDice: 0.4799 | softclDice: 0.6560 | IoU: 0.2771 | Tversky: 0.4337 | Hausdorff: 254.0373 | HD95: 53.4629 | val_loss: 1.0778 | LR: 0.001000
2025-08-19 10:57:13 INFO Epoch 002 | Train Loss: 0.7130 | Val Loss: 1.0848 | Dice: 0.4443 | softDice: 0.4022 | clDice: 0.5004 | softclDice: 0.5459 | IoU: 0.2858 | Tversky: 0.4443 | Hausdorff: 426.3300 | HD95: 48.7915 | val_loss: 1.0848 | LR: 0.001000
2025-08-19 11:00:38 INFO Epoch 003 | Train Loss: 0.6800 | Val Loss: 1.0872 | Dice: 0.4425 | softDice: 0.4121 | clDice: 0.4913 | softclDice: 0.5423 | IoU: 0.2844 | Tversky: 0.4425 | Hausdorff: 287.0222 | HD95: 45.0720 | val_loss: 1.0872 | LR: 0.001000
2025-08-19 11:03:54 INFO Epoch 004 | Train Loss: 0.6725 | Val Loss: 1.0868 | Dice: 0.4572 | softDice: 0.4222 | clDice: 0.5132 | softclDice: 0.5207 | IoU: 0.2969 | Tversky: 0.4572 | Hausdorff: 230.8599 | HD95: 53.9839 | val_loss: 1.0868 | LR: 0.001000
2025-08-19 11:07:15 INFO Epoch 005 | Train Loss: 0.6677 | Val Loss: 1.0830 | Dice: 0.4726 | softDice: 0.4407 | clDice: 0.5433 | softclDice: 0.4853 | IoU: 0.3098 | Tversky: 0.4726 | Hausdorff: 258.0389 | HD95: 42.8419 | val_loss: 1.0830 | LR: 0.001000
2025-08-19 11:10:35 INFO Epoch 006 | Train Loss: 0.6632 | Val Loss: 1.0803 | Dice: 0.4621 | softDice: 0.4302 | clDice: 0.5176 | softclDice: 0.5069 | IoU: 0.3008 | Tversky: 0.4621 | Hausdorff: 258.9199 | HD95: 44.2792 | val_loss: 1.0803 | LR: 0.001000
2025-08-19 11:13:54 INFO Epoch 007 | Train Loss: 0.6595 | Val Loss: 1.0778 | Dice: 0.4809 | softDice: 0.4501 | clDice: 0.5468 | softclDice: 0.4761 | IoU: 0.3169 | Tversky: 0.4809 | Hausdorff: 239.9470 | HD95: 43.7723 | val_loss: 1.0778 | LR: 0.000500
2025-08-19 11:17:16 INFO Epoch 008 | Train Loss: 0.6570 | Val Loss: 1.0757 | Dice: 0.4809 | softDice: 0.4500 | clDice: 0.5452 | softclDice: 0.4755 | IoU: 0.3169 | Tversky: 0.4809 | Hausdorff: 204.9741 | HD95: 38.3457 | val_loss: 1.0757 | LR: 0.000500
2025-08-19 11:20:35 INFO Epoch 009 | Train Loss: 0.6439 | Val Loss: 1.0781 | Dice: 0.4735 | softDice: 0.4468 | clDice: 0.5343 | softclDice: 0.4799 | IoU: 0.3104 | Tversky: 0.4735 | Hausdorff: 210.0123 | HD95: 46.1292 | val_loss: 1.0781 | LR: 0.000500
2025-08-19 11:23:57 INFO Epoch 010 | Train Loss: 0.6473 | Val Loss: 1.0790 | Dice: 0.4857 | softDice: 0.4541 | clDice: 0.5512 | softclDice: 0.4730 | IoU: 0.3212 | Tversky: 0.4857 | Hausdorff: 217.6556 | HD95: 36.1399 | val_loss: 1.0790 | LR: 0.000500
2025-08-19 11:27:18 INFO Epoch 011 | Train Loss: 0.6481 | Val Loss: 1.0739 | Dice: 0.4731 | softDice: 0.4443 | clDice: 0.5279 | softclDice: 0.4880 | IoU: 0.3102 | Tversky: 0.4731 | Hausdorff: 214.4932 | HD95: 43.7839 | val_loss: 1.0739 | LR: 0.000500
2025-08-19 11:30:36 INFO Epoch 012 | Train Loss: 0.6448 | Val Loss: 1.0797 | Dice: 0.4835 | softDice: 0.4524 | clDice: 0.5523 | softclDice: 0.4729 | IoU: 0.3192 | Tversky: 0.4835 | Hausdorff: 210.7063 | HD95: 41.1214 | val_loss: 1.0797 | LR: 0.000500
2025-08-19 11:33:57 INFO Epoch 013 | Train Loss: 0.6442 | Val Loss: 1.0744 | Dice: 0.4815 | softDice: 0.4509 | clDice: 0.5415 | softclDice: 0.4774 | IoU: 0.3175 | Tversky: 0.4815 | Hausdorff: 221.2135 | HD95: 40.4562 | val_loss: 1.0744 | LR: 0.000500
2025-08-19 11:37:16 INFO Epoch 014 | Train Loss: 0.6459 | Val Loss: 1.0760 | Dice: 0.4823 | softDice: 0.4528 | clDice: 0.5432 | softclDice: 0.4748 | IoU: 0.3182 | Tversky: 0.4823 | Hausdorff: 214.1043 | HD95: 38.2964 | val_loss: 1.0760 | LR: 0.000500
2025-08-19 11:40:36 INFO Epoch 015 | Train Loss: 0.6437 | Val Loss: 1.0772 | Dice: 0.4828 | softDice: 0.4540 | clDice: 0.5467 | softclDice: 0.4693 | IoU: 0.3186 | Tversky: 0.4828 | Hausdorff: 219.6877 | HD95: 39.5199 | val_loss: 1.0772 | LR: 0.000500
2025-08-19 11:43:56 INFO Epoch 016 | Train Loss: 0.6414 | Val Loss: 1.0777 | Dice: 0.4860 | softDice: 0.4610 | clDice: 0.5465 | softclDice: 0.4683 | IoU: 0.3214 | Tversky: 0.4860 | Hausdorff: 210.2803 | HD95: 38.4733 | val_loss: 1.0777 | LR: 0.000500
2025-08-19 11:47:14 INFO Epoch 017 | Train Loss: 0.6448 | Val Loss: 1.0793 | Dice: 0.4860 | softDice: 0.4516 | clDice: 0.5561 | softclDice: 0.4679 | IoU: 0.3214 | Tversky: 0.4860 | Hausdorff: 227.1975 | HD95: 35.2729 | val_loss: 1.0793 | LR: 0.000250
2025-08-19 11:50:37 INFO Epoch 018 | Train Loss: 0.6348 | Val Loss: 1.0738 | Dice: 0.4864 | softDice: 0.4579 | clDice: 0.5438 | softclDice: 0.4746 | IoU: 0.3218 | Tversky: 0.4864 | Hausdorff: 221.1886 | HD95: 37.6649 | val_loss: 1.0738 | LR: 0.000250
2025-08-19 11:53:54 INFO Epoch 019 | Train Loss: 0.6351 | Val Loss: 1.0741 | Dice: 0.4856 | softDice: 0.4572 | clDice: 0.5439 | softclDice: 0.4718 | IoU: 0.3210 | Tversky: 0.4856 | Hausdorff: 207.5367 | HD95: 37.3428 | val_loss: 1.0741 | LR: 0.000250
2025-08-19 11:57:14 INFO Epoch 020 | Train Loss: 0.6302 | Val Loss: 1.0755 | Dice: 0.4843 | softDice: 0.4580 | clDice: 0.5419 | softclDice: 0.4750 | IoU: 0.3200 | Tversky: 0.4843 | Hausdorff: 210.8096 | HD95: 38.9086 | val_loss: 1.0755 | LR: 0.000250
2025-08-19 12:00:34 INFO Epoch 021 | Train Loss: 0.6318 | Val Loss: 1.0757 | Dice: 0.4833 | softDice: 0.4550 | clDice: 0.5443 | softclDice: 0.4722 | IoU: 0.3191 | Tversky: 0.4833 | Hausdorff: 209.8228 | HD95: 35.6328 | val_loss: 1.0757 | LR: 0.000250
2025-08-19 12:03:51 INFO Epoch 022 | Train Loss: 0.6326 | Val Loss: 1.0745 | Dice: 0.4790 | softDice: 0.4509 | clDice: 0.5350 | softclDice: 0.4806 | IoU: 0.3153 | Tversky: 0.4790 | Hausdorff: 224.1024 | HD95: 39.9533 | val_loss: 1.0745 | LR: 0.000250
2025-08-19 12:07:12 INFO Epoch 023 | Train Loss: 0.6295 | Val Loss: 1.0768 | Dice: 0.4820 | softDice: 0.4566 | clDice: 0.5391 | softclDice: 0.4755 | IoU: 0.3179 | Tversky: 0.4820 | Hausdorff: 215.9812 | HD95: 35.0837 | val_loss: 1.0768 | LR: 0.000250
2025-08-19 12:10:31 INFO Epoch 024 | Train Loss: 0.6271 | Val Loss: 1.0752 | Dice: 0.4894 | softDice: 0.4608 | clDice: 0.5501 | softclDice: 0.4686 | IoU: 0.3243 | Tversky: 0.4894 | Hausdorff: 213.2711 | HD95: 31.5040 | val_loss: 1.0752 | LR: 0.000125
2025-08-19 12:13:49 INFO Epoch 025 | Train Loss: 0.6230 | Val Loss: 1.0743 | Dice: 0.4876 | softDice: 0.4606 | clDice: 0.5461 | softclDice: 0.4721 | IoU: 0.3228 | Tversky: 0.4876 | Hausdorff: 203.4588 | HD95: 34.7839 | val_loss: 1.0743 | LR: 0.000125
2025-08-19 12:17:11 INFO Epoch 026 | Train Loss: 0.6255 | Val Loss: 1.0748 | Dice: 0.4883 | softDice: 0.4618 | clDice: 0.5468 | softclDice: 0.4701 | IoU: 0.3234 | Tversky: 0.4883 | Hausdorff: 200.3423 | HD95: 32.6073 | val_loss: 1.0748 | LR: 0.000125
2025-08-19 12:20:30 INFO Epoch 027 | Train Loss: 0.6241 | Val Loss: 1.0754 | Dice: 0.4894 | softDice: 0.4628 | clDice: 0.5531 | softclDice: 0.4631 | IoU: 0.3243 | Tversky: 0.4894 | Hausdorff: 209.6208 | HD95: 35.0922 | val_loss: 1.0754 | LR: 0.000125
2025-08-19 12:23:50 INFO Epoch 028 | Train Loss: 0.6247 | Val Loss: 1.0731 | Dice: 0.4895 | softDice: 0.4616 | clDice: 0.5497 | softclDice: 0.4686 | IoU: 0.3244 | Tversky: 0.4895 | Hausdorff: 227.6890 | HD95: 37.7925 | val_loss: 1.0731 | LR: 0.000125
2025-08-19 12:27:11 INFO Epoch 029 | Train Loss: 0.6266 | Val Loss: 1.0746 | Dice: 0.4908 | softDice: 0.4632 | clDice: 0.5519 | softclDice: 0.4645 | IoU: 0.3256 | Tversky: 0.4908 | Hausdorff: 217.4501 | HD95: 33.9742 | val_loss: 1.0746 | LR: 0.000125
2025-08-19 12:30:31 INFO Epoch 030 | Train Loss: 0.6240 | Val Loss: 1.0745 | Dice: 0.4925 | softDice: 0.4657 | clDice: 0.5553 | softclDice: 0.4617 | IoU: 0.3271 | Tversky: 0.4925 | Hausdorff: 200.0420 | HD95: 36.8268 | val_loss: 1.0745 | LR: 0.000125
2025-08-19 12:33:53 INFO Epoch 031 | Train Loss: 0.6228 | Val Loss: 1.0739 | Dice: 0.4919 | softDice: 0.4642 | clDice: 0.5555 | softclDice: 0.4637 | IoU: 0.3266 | Tversky: 0.4919 | Hausdorff: 234.2298 | HD95: 36.3170 | val_loss: 1.0739 | LR: 0.000125
2025-08-19 12:37:11 INFO Epoch 032 | Train Loss: 0.6238 | Val Loss: 1.0753 | Dice: 0.4894 | softDice: 0.4615 | clDice: 0.5500 | softclDice: 0.4666 | IoU: 0.3243 | Tversky: 0.4894 | Hausdorff: 213.5005 | HD95: 35.1912 | val_loss: 1.0753 | LR: 0.000125
2025-08-19 12:40:33 INFO Epoch 033 | Train Loss: 0.6193 | Val Loss: 1.0758 | Dice: 0.4899 | softDice: 0.4632 | clDice: 0.5520 | softclDice: 0.4630 | IoU: 0.3248 | Tversky: 0.4899 | Hausdorff: 200.9992 | HD95: 32.2536 | val_loss: 1.0758 | LR: 0.000125
2025-08-19 12:43:52 INFO Epoch 034 | Train Loss: 0.6256 | Val Loss: 1.0765 | Dice: 0.4905 | softDice: 0.4636 | clDice: 0.5548 | softclDice: 0.4627 | IoU: 0.3253 | Tversky: 0.4905 | Hausdorff: 216.9649 | HD95: 32.5172 | val_loss: 1.0765 | LR: 0.000063
2025-08-19 12:47:10 INFO Epoch 035 | Train Loss: 0.6254 | Val Loss: 1.0739 | Dice: 0.4907 | softDice: 0.4636 | clDice: 0.5511 | softclDice: 0.4677 | IoU: 0.3255 | Tversky: 0.4907 | Hausdorff: 202.4905 | HD95: 34.8170 | val_loss: 1.0739 | LR: 0.000063
2025-08-19 12:50:32 INFO Epoch 036 | Train Loss: 0.6153 | Val Loss: 1.0761 | Dice: 0.4896 | softDice: 0.4636 | clDice: 0.5509 | softclDice: 0.4645 | IoU: 0.3245 | Tversky: 0.4896 | Hausdorff: 219.3848 | HD95: 38.0300 | val_loss: 1.0761 | LR: 0.000063
2025-08-19 12:53:49 INFO Epoch 037 | Train Loss: 0.6220 | Val Loss: 1.0744 | Dice: 0.4899 | softDice: 0.4629 | clDice: 0.5507 | softclDice: 0.4667 | IoU: 0.3248 | Tversky: 0.4899 | Hausdorff: 222.0596 | HD95: 35.5677 | val_loss: 1.0744 | LR: 0.000063
2025-08-19 12:57:10 INFO Epoch 038 | Train Loss: 0.6174 | Val Loss: 1.0763 | Dice: 0.4923 | softDice: 0.4670 | clDice: 0.5541 | softclDice: 0.4620 | IoU: 0.3269 | Tversky: 0.4923 | Hausdorff: 214.1019 | HD95: 33.1433 | val_loss: 1.0763 | LR: 0.000063
2025-08-19 13:00:28 INFO Epoch 039 | Train Loss: 0.6163 | Val Loss: 1.0744 | Dice: 0.4899 | softDice: 0.4637 | clDice: 0.5479 | softclDice: 0.4701 | IoU: 0.3248 | Tversky: 0.4899 | Hausdorff: 217.0259 | HD95: 36.3121 | val_loss: 1.0744 | LR: 0.000063
2025-08-19 13:03:45 INFO Epoch 040 | Train Loss: 0.6196 | Val Loss: 1.0754 | Dice: 0.4911 | softDice: 0.4649 | clDice: 0.5539 | softclDice: 0.4630 | IoU: 0.3258 | Tversky: 0.4911 | Hausdorff: 206.7308 | HD95: 37.5297 | val_loss: 1.0754 | LR: 0.000031
2025-08-19 13:07:07 INFO Epoch 041 | Train Loss: 0.6130 | Val Loss: 1.0749 | Dice: 0.4899 | softDice: 0.4639 | clDice: 0.5497 | softclDice: 0.4670 | IoU: 0.3247 | Tversky: 0.4899 | Hausdorff: 206.9673 | HD95: 34.4234 | val_loss: 1.0749 | LR: 0.000031
2025-08-19 13:10:26 INFO Epoch 042 | Train Loss: 0.6152 | Val Loss: 1.0752 | Dice: 0.4889 | softDice: 0.4632 | clDice: 0.5484 | softclDice: 0.4679 | IoU: 0.3239 | Tversky: 0.4889 | Hausdorff: 206.8808 | HD95: 34.8816 | val_loss: 1.0752 | LR: 0.000031
2025-08-19 13:13:45 INFO Epoch 043 | Train Loss: 0.6165 | Val Loss: 1.0757 | Dice: 0.4892 | softDice: 0.4631 | clDice: 0.5502 | softclDice: 0.4667 | IoU: 0.3242 | Tversky: 0.4892 | Hausdorff: 217.2244 | HD95: 34.0815 | val_loss: 1.0757 | LR: 0.000031
2025-08-19 13:17:06 INFO Epoch 044 | Train Loss: 0.6153 | Val Loss: 1.0750 | Dice: 0.4913 | softDice: 0.4647 | clDice: 0.5518 | softclDice: 0.4660 | IoU: 0.3260 | Tversky: 0.4913 | Hausdorff: 213.6374 | HD95: 33.4515 | val_loss: 1.0750 | LR: 0.000031
2025-08-19 13:20:22 INFO Epoch 045 | Train Loss: 0.6195 | Val Loss: 1.0750 | Dice: 0.4897 | softDice: 0.4626 | clDice: 0.5496 | softclDice: 0.4678 | IoU: 0.3246 | Tversky: 0.4897 | Hausdorff: 213.5004 | HD95: 32.8566 | val_loss: 1.0750 | LR: 0.000031
2025-08-19 13:23:42 INFO Epoch 046 | Train Loss: 0.6138 | Val Loss: 1.0761 | Dice: 0.4886 | softDice: 0.4630 | clDice: 0.5488 | softclDice: 0.4676 | IoU: 0.3236 | Tversky: 0.4886 | Hausdorff: 216.3535 | HD95: 33.7588 | val_loss: 1.0761 | LR: 0.000016
2025-08-19 13:27:00 INFO Epoch 047 | Train Loss: 0.6162 | Val Loss: 1.0750 | Dice: 0.4893 | softDice: 0.4634 | clDice: 0.5490 | softclDice: 0.4676 | IoU: 0.3242 | Tversky: 0.4893 | Hausdorff: 233.1120 | HD95: 34.0517 | val_loss: 1.0750 | LR: 0.000016
2025-08-19 13:30:20 INFO Epoch 048 | Train Loss: 0.6161 | Val Loss: 1.0754 | Dice: 0.4903 | softDice: 0.4647 | clDice: 0.5511 | softclDice: 0.4655 | IoU: 0.3251 | Tversky: 0.4903 | Hausdorff: 222.9157 | HD95: 35.2763 | val_loss: 1.0754 | LR: 0.000016
2025-08-19 13:33:40 INFO Epoch 049 | Train Loss: 0.6109 | Val Loss: 1.0754 | Dice: 0.4884 | softDice: 0.4626 | clDice: 0.5478 | softclDice: 0.4690 | IoU: 0.3234 | Tversky: 0.4884 | Hausdorff: 220.0876 | HD95: 34.7927 | val_loss: 1.0754 | LR: 0.000016
2025-08-19 13:36:59 INFO Epoch 050 | Train Loss: 0.6203 | Val Loss: 1.0747 | Dice: 0.4891 | softDice: 0.4626 | clDice: 0.5482 | softclDice: 0.4689 | IoU: 0.3241 | Tversky: 0.4891 | Hausdorff: 218.7429 | HD95: 34.7752 | val_loss: 1.0747 | LR: 0.000016
2025-08-19 13:36:59 INFO Training completed.
2025-08-19 13:38:39 INFO Fold 5 results: Dice: 0.4337 | softDice: 0.3245 | clDice: 0.4799 | softclDice: 0.6560 | IoU: 0.2771 | Tversky: 0.4337 | Hausdorff: 254.0373 | HD95: 53.4629 | val_loss: 1.0778
2025-08-19 13:38:39 INFO ===== Cross-validation results =====
2025-08-19 13:38:39 INFO Dice: 0.4113 | softDice: 0.2877 | clDice: 0.4639 | softclDice: 0.6979 | IoU: 0.2599 | Tversky: 0.4113 | Hausdorff: 462.8574 | HD95: 69.0460 | val_loss: 1.1005
