2025-08-18 23:29:30 INFO Starting training with configuration: {'model': {'name': 'unet', 'encoder_name': 'se_resnext50_32x4d', 'encoder_weights': 'imagenet', 'classes': 1, 'activation': None, 'dropout': 0.2}, 'dataset': {'root': '/data/smadper@alumno.upv.es/TFM/datasets/laticifers', 'patch_size': [512, 512], 'stride': [256, 256], 'num_patches': 50, 'num_workers': 4, 'feature_dirs': {'image': '/data/smadper@alumno.upv.es/TFM/datasets/laticifers/enhanced_images', 'mask': '/data/smadper@alumno.upv.es/TFM/datasets/laticifers/masks', 'distance': '/data/smadper@alumno.upv.es/TFM/datasets/laticifers/distance_maps_pt'}}, 'train': {'batch_size': 32, 'num_epochs': 50, 'learning_rate': 0.001, 'accumulation_steps': 1, 'save_dir': '/data/smadper@alumno.upv.es/TFM/checkpoints_cv2/unet/20250818_232930_unet_se_resnext50_32x4d_bce0.5_dice0.5', 'log_interval': 1, 'patience': 100, 'mixed_precision': True, 'experiment_name': 'unet_se_resnext50_32x4d_bce0.5_dice0.5', 'timestamp': '20250818_232930'}, 'test': {'batch_size': 1}, 'loss': {'name': 'bce', 'cldice_alpha': 0.5, 'use_topographic': False, 'combine_with': 'dice', 'weights': {'main': 0.5, 'combined': 0.5}, 'topo': {'alpha': 2.0, 'beta': 1.0}}}
2025-08-18 23:29:30 INFO Experiment name: unet_se_resnext50_32x4d_bce0.5_dice0.5
2025-08-18 23:29:30 INFO ===== Fold 1 / 5 =====
2025-08-18 23:29:30 INFO Loading model unet with settings {'name': 'unet', 'encoder_name': 'se_resnext50_32x4d', 'encoder_weights': 'imagenet', 'classes': 1, 'activation': None, 'dropout': 0.2}
2025-08-18 23:31:15 INFO Epoch 001 | Train Loss: 0.6617 | Val Loss: 0.6576 | Dice: 0.3174 | softDice: 0.1856 | clDice: 0.3849 | softclDice: 0.8876 | IoU: 0.1888 | Tversky: 0.3174 | Hausdorff: 724.4985 | HD95: 142.3131 | val_loss: 0.6576 | LR: 0.001000
2025-08-18 23:32:53 INFO Epoch 002 | Train Loss: 0.4548 | Val Loss: 0.5665 | Dice: 0.4016 | softDice: 0.2940 | clDice: 0.4362 | softclDice: 0.6757 | IoU: 0.2515 | Tversky: 0.4016 | Hausdorff: 584.5667 | HD95: 88.4568 | val_loss: 0.5665 | LR: 0.001000
2025-08-18 23:34:34 INFO Epoch 003 | Train Loss: 0.4054 | Val Loss: 0.5821 | Dice: 0.4051 | softDice: 0.3368 | clDice: 0.4118 | softclDice: 0.6446 | IoU: 0.2545 | Tversky: 0.4051 | Hausdorff: 547.2673 | HD95: 255.4078 | val_loss: 0.5821 | LR: 0.001000
2025-08-18 23:36:17 INFO Epoch 004 | Train Loss: 0.3924 | Val Loss: 0.5656 | Dice: 0.4649 | softDice: 0.4019 | clDice: 0.5169 | softclDice: 0.5484 | IoU: 0.3031 | Tversky: 0.4649 | Hausdorff: 381.3260 | HD95: 48.2115 | val_loss: 0.5656 | LR: 0.001000
2025-08-18 23:38:01 INFO Epoch 005 | Train Loss: 0.3858 | Val Loss: 0.5641 | Dice: 0.4590 | softDice: 0.4062 | clDice: 0.5099 | softclDice: 0.5395 | IoU: 0.2982 | Tversky: 0.4590 | Hausdorff: 232.9524 | HD95: 53.7804 | val_loss: 0.5641 | LR: 0.001000
2025-08-18 23:39:53 INFO Epoch 006 | Train Loss: 0.3778 | Val Loss: 0.5628 | Dice: 0.4712 | softDice: 0.4136 | clDice: 0.5220 | softclDice: 0.5267 | IoU: 0.3086 | Tversky: 0.4712 | Hausdorff: 238.3414 | HD95: 42.2542 | val_loss: 0.5628 | LR: 0.001000
2025-08-18 23:41:35 INFO Epoch 007 | Train Loss: 0.3765 | Val Loss: 0.5611 | Dice: 0.4712 | softDice: 0.4148 | clDice: 0.5175 | softclDice: 0.5265 | IoU: 0.3086 | Tversky: 0.4712 | Hausdorff: 275.3001 | HD95: 40.4082 | val_loss: 0.5611 | LR: 0.001000
2025-08-18 23:43:14 INFO Epoch 008 | Train Loss: 0.3776 | Val Loss: 0.5656 | Dice: 0.4746 | softDice: 0.4211 | clDice: 0.5380 | softclDice: 0.5107 | IoU: 0.3113 | Tversky: 0.4746 | Hausdorff: 234.0720 | HD95: 43.8032 | val_loss: 0.5656 | LR: 0.001000
2025-08-18 23:44:55 INFO Epoch 009 | Train Loss: 0.3761 | Val Loss: 0.5624 | Dice: 0.4567 | softDice: 0.4056 | clDice: 0.5000 | softclDice: 0.5404 | IoU: 0.2963 | Tversky: 0.4567 | Hausdorff: 372.1161 | HD95: 47.0494 | val_loss: 0.5624 | LR: 0.001000
2025-08-18 23:46:32 INFO Epoch 010 | Train Loss: 0.3711 | Val Loss: 0.5612 | Dice: 0.4766 | softDice: 0.4248 | clDice: 0.5261 | softclDice: 0.5182 | IoU: 0.3133 | Tversky: 0.4766 | Hausdorff: 367.8336 | HD95: 38.6482 | val_loss: 0.5612 | LR: 0.001000
2025-08-18 23:48:09 INFO Epoch 011 | Train Loss: 0.3716 | Val Loss: 0.5640 | Dice: 0.4781 | softDice: 0.4229 | clDice: 0.5301 | softclDice: 0.5148 | IoU: 0.3144 | Tversky: 0.4781 | Hausdorff: 387.6667 | HD95: 39.3570 | val_loss: 0.5640 | LR: 0.001000
2025-08-18 23:49:47 INFO Epoch 012 | Train Loss: 0.3698 | Val Loss: 0.5622 | Dice: 0.4730 | softDice: 0.4254 | clDice: 0.5198 | softclDice: 0.5179 | IoU: 0.3101 | Tversky: 0.4730 | Hausdorff: 375.4310 | HD95: 42.3159 | val_loss: 0.5622 | LR: 0.001000
2025-08-18 23:51:24 INFO Epoch 013 | Train Loss: 0.3717 | Val Loss: 0.5627 | Dice: 0.4751 | softDice: 0.4177 | clDice: 0.5259 | softclDice: 0.5215 | IoU: 0.3120 | Tversky: 0.4751 | Hausdorff: 392.7340 | HD95: 42.7767 | val_loss: 0.5627 | LR: 0.000500
2025-08-18 23:53:03 INFO Epoch 014 | Train Loss: 0.3652 | Val Loss: 0.5629 | Dice: 0.4776 | softDice: 0.4333 | clDice: 0.5290 | softclDice: 0.5082 | IoU: 0.3141 | Tversky: 0.4776 | Hausdorff: 240.0874 | HD95: 43.4704 | val_loss: 0.5629 | LR: 0.000500
2025-08-18 23:54:41 INFO Epoch 015 | Train Loss: 0.3652 | Val Loss: 0.5630 | Dice: 0.4817 | softDice: 0.4323 | clDice: 0.5329 | softclDice: 0.5053 | IoU: 0.3176 | Tversky: 0.4817 | Hausdorff: 225.3338 | HD95: 36.1308 | val_loss: 0.5630 | LR: 0.000500
2025-08-18 23:56:22 INFO Epoch 016 | Train Loss: 0.3635 | Val Loss: 0.5617 | Dice: 0.4759 | softDice: 0.4298 | clDice: 0.5217 | softclDice: 0.5137 | IoU: 0.3127 | Tversky: 0.4759 | Hausdorff: 229.1385 | HD95: 38.8347 | val_loss: 0.5617 | LR: 0.000500
2025-08-18 23:58:02 INFO Epoch 017 | Train Loss: 0.3619 | Val Loss: 0.5619 | Dice: 0.4864 | softDice: 0.4384 | clDice: 0.5427 | softclDice: 0.4965 | IoU: 0.3218 | Tversky: 0.4864 | Hausdorff: 235.5468 | HD95: 38.6053 | val_loss: 0.5619 | LR: 0.000500
2025-08-18 23:59:48 INFO Epoch 018 | Train Loss: 0.3648 | Val Loss: 0.5611 | Dice: 0.4825 | softDice: 0.4337 | clDice: 0.5306 | softclDice: 0.5060 | IoU: 0.3182 | Tversky: 0.4825 | Hausdorff: 244.9860 | HD95: 37.6416 | val_loss: 0.5611 | LR: 0.000500
2025-08-19 00:01:29 INFO Epoch 019 | Train Loss: 0.3631 | Val Loss: 0.5609 | Dice: 0.4772 | softDice: 0.4303 | clDice: 0.5254 | softclDice: 0.5110 | IoU: 0.3138 | Tversky: 0.4772 | Hausdorff: 222.2234 | HD95: 37.4610 | val_loss: 0.5609 | LR: 0.000500
2025-08-19 00:03:13 INFO Epoch 020 | Train Loss: 0.3643 | Val Loss: 0.5621 | Dice: 0.4745 | softDice: 0.4248 | clDice: 0.5205 | softclDice: 0.5210 | IoU: 0.3115 | Tversky: 0.4745 | Hausdorff: 244.3698 | HD95: 35.0221 | val_loss: 0.5621 | LR: 0.000500
2025-08-19 00:04:51 INFO Epoch 021 | Train Loss: 0.3627 | Val Loss: 0.5595 | Dice: 0.4836 | softDice: 0.4334 | clDice: 0.5339 | softclDice: 0.5056 | IoU: 0.3193 | Tversky: 0.4836 | Hausdorff: 238.6116 | HD95: 37.1712 | val_loss: 0.5595 | LR: 0.000500
2025-08-19 00:06:27 INFO Epoch 022 | Train Loss: 0.3630 | Val Loss: 0.5617 | Dice: 0.4776 | softDice: 0.4292 | clDice: 0.5268 | softclDice: 0.5125 | IoU: 0.3141 | Tversky: 0.4776 | Hausdorff: 226.6975 | HD95: 37.7865 | val_loss: 0.5617 | LR: 0.000500
2025-08-19 00:08:05 INFO Epoch 023 | Train Loss: 0.3599 | Val Loss: 0.5610 | Dice: 0.4858 | softDice: 0.4389 | clDice: 0.5378 | softclDice: 0.5009 | IoU: 0.3212 | Tversky: 0.4858 | Hausdorff: 223.0781 | HD95: 37.9583 | val_loss: 0.5610 | LR: 0.000500
2025-08-19 00:09:49 INFO Epoch 024 | Train Loss: 0.3620 | Val Loss: 0.5634 | Dice: 0.4860 | softDice: 0.4374 | clDice: 0.5386 | softclDice: 0.4993 | IoU: 0.3214 | Tversky: 0.4860 | Hausdorff: 236.6643 | HD95: 33.9868 | val_loss: 0.5634 | LR: 0.000500
2025-08-19 00:11:28 INFO Epoch 025 | Train Loss: 0.3597 | Val Loss: 0.5614 | Dice: 0.4853 | softDice: 0.4389 | clDice: 0.5383 | softclDice: 0.4967 | IoU: 0.3208 | Tversky: 0.4853 | Hausdorff: 226.6807 | HD95: 37.5279 | val_loss: 0.5614 | LR: 0.000500
2025-08-19 00:13:05 INFO Epoch 026 | Train Loss: 0.3603 | Val Loss: 0.5629 | Dice: 0.4805 | softDice: 0.4334 | clDice: 0.5311 | softclDice: 0.5052 | IoU: 0.3166 | Tversky: 0.4805 | Hausdorff: 244.6905 | HD95: 34.3850 | val_loss: 0.5629 | LR: 0.000500
2025-08-19 00:14:45 INFO Epoch 027 | Train Loss: 0.3605 | Val Loss: 0.5634 | Dice: 0.4885 | softDice: 0.4418 | clDice: 0.5438 | softclDice: 0.4943 | IoU: 0.3235 | Tversky: 0.4885 | Hausdorff: 240.0742 | HD95: 37.0336 | val_loss: 0.5634 | LR: 0.000250
2025-08-19 00:16:26 INFO Epoch 028 | Train Loss: 0.3584 | Val Loss: 0.5607 | Dice: 0.4843 | softDice: 0.4389 | clDice: 0.5321 | softclDice: 0.5011 | IoU: 0.3199 | Tversky: 0.4843 | Hausdorff: 225.5115 | HD95: 37.4849 | val_loss: 0.5607 | LR: 0.000250
2025-08-19 00:18:08 INFO Epoch 029 | Train Loss: 0.3564 | Val Loss: 0.5624 | Dice: 0.4876 | softDice: 0.4434 | clDice: 0.5398 | softclDice: 0.4948 | IoU: 0.3229 | Tversky: 0.4876 | Hausdorff: 240.3625 | HD95: 33.6383 | val_loss: 0.5624 | LR: 0.000250
2025-08-19 00:19:47 INFO Epoch 030 | Train Loss: 0.3582 | Val Loss: 0.5606 | Dice: 0.4856 | softDice: 0.4375 | clDice: 0.5341 | softclDice: 0.5025 | IoU: 0.3211 | Tversky: 0.4856 | Hausdorff: 244.2007 | HD95: 34.1730 | val_loss: 0.5606 | LR: 0.000250
2025-08-19 00:21:26 INFO Epoch 031 | Train Loss: 0.3558 | Val Loss: 0.5613 | Dice: 0.4860 | softDice: 0.4399 | clDice: 0.5341 | softclDice: 0.5016 | IoU: 0.3214 | Tversky: 0.4860 | Hausdorff: 242.3119 | HD95: 32.3225 | val_loss: 0.5613 | LR: 0.000250
2025-08-19 00:23:04 INFO Epoch 032 | Train Loss: 0.3529 | Val Loss: 0.5623 | Dice: 0.4828 | softDice: 0.4413 | clDice: 0.5316 | softclDice: 0.5028 | IoU: 0.3186 | Tversky: 0.4828 | Hausdorff: 232.9129 | HD95: 36.8808 | val_loss: 0.5623 | LR: 0.000250
2025-08-19 00:24:49 INFO Epoch 033 | Train Loss: 0.3586 | Val Loss: 0.5611 | Dice: 0.4899 | softDice: 0.4436 | clDice: 0.5413 | softclDice: 0.4955 | IoU: 0.3248 | Tversky: 0.4899 | Hausdorff: 236.6867 | HD95: 32.7466 | val_loss: 0.5611 | LR: 0.000125
2025-08-19 00:26:30 INFO Epoch 034 | Train Loss: 0.3536 | Val Loss: 0.5616 | Dice: 0.4844 | softDice: 0.4404 | clDice: 0.5329 | softclDice: 0.5010 | IoU: 0.3200 | Tversky: 0.4844 | Hausdorff: 232.4362 | HD95: 33.5708 | val_loss: 0.5616 | LR: 0.000125
2025-08-19 00:28:10 INFO Epoch 035 | Train Loss: 0.3543 | Val Loss: 0.5628 | Dice: 0.4810 | softDice: 0.4403 | clDice: 0.5279 | softclDice: 0.5031 | IoU: 0.3170 | Tversky: 0.4810 | Hausdorff: 234.6650 | HD95: 34.7858 | val_loss: 0.5628 | LR: 0.000125
2025-08-19 00:29:46 INFO Epoch 036 | Train Loss: 0.3537 | Val Loss: 0.5616 | Dice: 0.4858 | softDice: 0.4400 | clDice: 0.5345 | softclDice: 0.5006 | IoU: 0.3212 | Tversky: 0.4858 | Hausdorff: 240.2729 | HD95: 32.3402 | val_loss: 0.5616 | LR: 0.000125
2025-08-19 00:31:30 INFO Epoch 037 | Train Loss: 0.3519 | Val Loss: 0.5639 | Dice: 0.4852 | softDice: 0.4429 | clDice: 0.5352 | softclDice: 0.4972 | IoU: 0.3207 | Tversky: 0.4852 | Hausdorff: 233.0191 | HD95: 32.0519 | val_loss: 0.5639 | LR: 0.000125
2025-08-19 00:33:06 INFO Epoch 038 | Train Loss: 0.3521 | Val Loss: 0.5625 | Dice: 0.4855 | softDice: 0.4428 | clDice: 0.5351 | softclDice: 0.4982 | IoU: 0.3209 | Tversky: 0.4855 | Hausdorff: 226.2206 | HD95: 33.9004 | val_loss: 0.5625 | LR: 0.000125
2025-08-19 00:34:44 INFO Epoch 039 | Train Loss: 0.3508 | Val Loss: 0.5613 | Dice: 0.4830 | softDice: 0.4394 | clDice: 0.5293 | softclDice: 0.5040 | IoU: 0.3187 | Tversky: 0.4830 | Hausdorff: 228.8863 | HD95: 33.2415 | val_loss: 0.5613 | LR: 0.000063
2025-08-19 00:36:20 INFO Epoch 040 | Train Loss: 0.3511 | Val Loss: 0.5627 | Dice: 0.4824 | softDice: 0.4389 | clDice: 0.5304 | softclDice: 0.5023 | IoU: 0.3183 | Tversky: 0.4824 | Hausdorff: 238.8674 | HD95: 33.3227 | val_loss: 0.5627 | LR: 0.000063
2025-08-19 00:38:00 INFO Epoch 041 | Train Loss: 0.3486 | Val Loss: 0.5627 | Dice: 0.4830 | softDice: 0.4411 | clDice: 0.5313 | softclDice: 0.5006 | IoU: 0.3188 | Tversky: 0.4830 | Hausdorff: 243.8513 | HD95: 35.8005 | val_loss: 0.5627 | LR: 0.000063
2025-08-19 00:39:37 INFO Epoch 042 | Train Loss: 0.3511 | Val Loss: 0.5627 | Dice: 0.4816 | softDice: 0.4397 | clDice: 0.5293 | softclDice: 0.5023 | IoU: 0.3176 | Tversky: 0.4816 | Hausdorff: 231.2689 | HD95: 34.9287 | val_loss: 0.5627 | LR: 0.000063
2025-08-19 00:41:11 INFO Epoch 043 | Train Loss: 0.3500 | Val Loss: 0.5635 | Dice: 0.4844 | softDice: 0.4441 | clDice: 0.5324 | softclDice: 0.4971 | IoU: 0.3201 | Tversky: 0.4844 | Hausdorff: 240.9871 | HD95: 34.7176 | val_loss: 0.5635 | LR: 0.000063
2025-08-19 00:42:53 INFO Epoch 044 | Train Loss: 0.3513 | Val Loss: 0.5625 | Dice: 0.4821 | softDice: 0.4402 | clDice: 0.5285 | softclDice: 0.5030 | IoU: 0.3181 | Tversky: 0.4821 | Hausdorff: 235.2231 | HD95: 33.7093 | val_loss: 0.5625 | LR: 0.000063
2025-08-19 00:44:31 INFO Epoch 045 | Train Loss: 0.3495 | Val Loss: 0.5628 | Dice: 0.4816 | softDice: 0.4392 | clDice: 0.5288 | softclDice: 0.5039 | IoU: 0.3176 | Tversky: 0.4816 | Hausdorff: 251.1435 | HD95: 34.1875 | val_loss: 0.5628 | LR: 0.000031
2025-08-19 00:46:09 INFO Epoch 046 | Train Loss: 0.3486 | Val Loss: 0.5630 | Dice: 0.4833 | softDice: 0.4414 | clDice: 0.5297 | softclDice: 0.5016 | IoU: 0.3190 | Tversky: 0.4833 | Hausdorff: 234.6238 | HD95: 33.7242 | val_loss: 0.5630 | LR: 0.000031
2025-08-19 00:47:53 INFO Epoch 047 | Train Loss: 0.3481 | Val Loss: 0.5626 | Dice: 0.4828 | softDice: 0.4402 | clDice: 0.5300 | softclDice: 0.5028 | IoU: 0.3186 | Tversky: 0.4828 | Hausdorff: 230.7684 | HD95: 33.4732 | val_loss: 0.5626 | LR: 0.000031
2025-08-19 00:49:40 INFO Epoch 048 | Train Loss: 0.3469 | Val Loss: 0.5638 | Dice: 0.4810 | softDice: 0.4401 | clDice: 0.5285 | softclDice: 0.5042 | IoU: 0.3171 | Tversky: 0.4810 | Hausdorff: 230.9359 | HD95: 32.7369 | val_loss: 0.5638 | LR: 0.000031
2025-08-19 00:51:20 INFO Epoch 049 | Train Loss: 0.3462 | Val Loss: 0.5638 | Dice: 0.4807 | softDice: 0.4403 | clDice: 0.5281 | softclDice: 0.5033 | IoU: 0.3168 | Tversky: 0.4807 | Hausdorff: 240.9051 | HD95: 33.7552 | val_loss: 0.5638 | LR: 0.000031
2025-08-19 00:52:58 INFO Epoch 050 | Train Loss: 0.3479 | Val Loss: 0.5635 | Dice: 0.4809 | softDice: 0.4406 | clDice: 0.5268 | softclDice: 0.5039 | IoU: 0.3170 | Tversky: 0.4809 | Hausdorff: 237.8567 | HD95: 34.0642 | val_loss: 0.5635 | LR: 0.000031
2025-08-19 00:52:58 INFO Training completed.
2025-08-19 00:53:47 INFO Fold 1 results: Dice: 0.3174 | softDice: 0.1856 | clDice: 0.3849 | softclDice: 0.8876 | IoU: 0.1888 | Tversky: 0.3174 | Hausdorff: 724.4985 | HD95: 142.3131 | val_loss: 0.6576
2025-08-19 00:53:47 INFO ===== Fold 2 / 5 =====
2025-08-19 00:53:47 INFO Loading model unet with settings {'name': 'unet', 'encoder_name': 'se_resnext50_32x4d', 'encoder_weights': 'imagenet', 'classes': 1, 'activation': None, 'dropout': 0.2}
2025-08-19 00:55:30 INFO Epoch 001 | Train Loss: 0.6113 | Val Loss: 0.5956 | Dice: 0.4091 | softDice: 0.2284 | clDice: 0.4600 | softclDice: 0.7520 | IoU: 0.2576 | Tversky: 0.4091 | Hausdorff: 311.0292 | HD95: 60.1250 | val_loss: 0.5956 | LR: 0.001000
2025-08-19 00:57:18 INFO Epoch 002 | Train Loss: 0.4503 | Val Loss: nan | Dice: 0.4389 | softDice: 0.3334 | clDice: 0.4840 | softclDice: 0.6182 | IoU: 0.2816 | Tversky: 0.4389 | Hausdorff: 298.5133 | HD95: 60.1028 | val_loss: nan | LR: 0.001000
2025-08-19 00:58:58 INFO Epoch 003 | Train Loss: 0.4046 | Val Loss: 0.5797 | Dice: 0.4561 | softDice: 0.3814 | clDice: 0.5141 | softclDice: 0.5568 | IoU: 0.2958 | Tversky: 0.4561 | Hausdorff: 319.3750 | HD95: 48.7659 | val_loss: 0.5797 | LR: 0.001000
2025-08-19 01:00:44 INFO Epoch 004 | Train Loss: 0.3895 | Val Loss: 0.5697 | Dice: 0.4632 | softDice: 0.4067 | clDice: 0.5105 | softclDice: 0.5332 | IoU: 0.3021 | Tversky: 0.4632 | Hausdorff: 267.3072 | HD95: 44.5004 | val_loss: 0.5697 | LR: 0.001000
2025-08-19 01:02:34 INFO Epoch 005 | Train Loss: 0.3838 | Val Loss: 0.5699 | Dice: 0.4680 | softDice: 0.4075 | clDice: 0.5225 | softclDice: 0.5241 | IoU: 0.3059 | Tversky: 0.4680 | Hausdorff: 267.0013 | HD95: 41.0177 | val_loss: 0.5699 | LR: 0.001000
2025-08-19 01:04:24 INFO Epoch 006 | Train Loss: 0.3786 | Val Loss: 0.5741 | Dice: 0.4718 | softDice: 0.4224 | clDice: 0.5267 | softclDice: 0.5097 | IoU: 0.3092 | Tversky: 0.4718 | Hausdorff: 288.5028 | HD95: 35.7970 | val_loss: 0.5741 | LR: 0.001000
2025-08-19 01:06:11 INFO Epoch 007 | Train Loss: 0.3763 | Val Loss: 0.5700 | Dice: 0.4725 | softDice: 0.4174 | clDice: 0.5194 | softclDice: 0.5190 | IoU: 0.3098 | Tversky: 0.4725 | Hausdorff: 280.4819 | HD95: 34.1372 | val_loss: 0.5700 | LR: 0.001000
2025-08-19 01:08:03 INFO Epoch 008 | Train Loss: 0.3743 | Val Loss: 0.5690 | Dice: 0.4648 | softDice: 0.4202 | clDice: 0.5074 | softclDice: 0.5236 | IoU: 0.3035 | Tversky: 0.4648 | Hausdorff: 279.8444 | HD95: 47.0839 | val_loss: 0.5690 | LR: 0.001000
2025-08-19 01:09:43 INFO Epoch 009 | Train Loss: 0.3735 | Val Loss: 0.5666 | Dice: 0.4664 | softDice: 0.4202 | clDice: 0.5122 | softclDice: 0.5145 | IoU: 0.3047 | Tversky: 0.4664 | Hausdorff: 280.3842 | HD95: 40.4006 | val_loss: 0.5666 | LR: 0.001000
2025-08-19 01:11:29 INFO Epoch 010 | Train Loss: 0.3725 | Val Loss: 0.5700 | Dice: 0.4767 | softDice: 0.4238 | clDice: 0.5268 | softclDice: 0.5103 | IoU: 0.3133 | Tversky: 0.4767 | Hausdorff: 269.4377 | HD95: 36.6002 | val_loss: 0.5700 | LR: 0.001000
2025-08-19 01:13:29 INFO Epoch 011 | Train Loss: 0.3696 | Val Loss: 0.5683 | Dice: 0.4847 | softDice: 0.4385 | clDice: 0.5317 | softclDice: 0.4995 | IoU: 0.3204 | Tversky: 0.4847 | Hausdorff: 309.5592 | HD95: 35.3007 | val_loss: 0.5683 | LR: 0.001000
2025-08-19 01:15:20 INFO Epoch 012 | Train Loss: 0.3717 | Val Loss: 0.5722 | Dice: 0.4693 | softDice: 0.4254 | clDice: 0.5149 | softclDice: 0.5168 | IoU: 0.3071 | Tversky: 0.4693 | Hausdorff: 274.9674 | HD95: 42.4874 | val_loss: 0.5722 | LR: 0.001000
2025-08-19 01:17:20 INFO Epoch 013 | Train Loss: 0.3721 | Val Loss: 0.5684 | Dice: 0.4826 | softDice: 0.4322 | clDice: 0.5338 | softclDice: 0.5016 | IoU: 0.3186 | Tversky: 0.4826 | Hausdorff: 293.0905 | HD95: 35.6516 | val_loss: 0.5684 | LR: 0.001000
2025-08-19 01:19:08 INFO Epoch 014 | Train Loss: 0.3718 | Val Loss: 0.5672 | Dice: 0.4672 | softDice: 0.4225 | clDice: 0.5084 | softclDice: 0.5195 | IoU: 0.3054 | Tversky: 0.4672 | Hausdorff: 286.3216 | HD95: 44.0051 | val_loss: 0.5672 | LR: 0.001000
2025-08-19 01:21:02 INFO Epoch 015 | Train Loss: 0.3672 | Val Loss: 0.5734 | Dice: 0.4809 | softDice: 0.4366 | clDice: 0.5401 | softclDice: 0.4922 | IoU: 0.3169 | Tversky: 0.4809 | Hausdorff: 281.1247 | HD95: 38.7365 | val_loss: 0.5734 | LR: 0.000500
2025-08-19 01:23:05 INFO Epoch 016 | Train Loss: 0.3643 | Val Loss: 0.5698 | Dice: 0.4900 | softDice: 0.4455 | clDice: 0.5420 | softclDice: 0.4864 | IoU: 0.3251 | Tversky: 0.4900 | Hausdorff: 255.6763 | HD95: 34.0223 | val_loss: 0.5698 | LR: 0.000500
2025-08-19 01:24:57 INFO Epoch 017 | Train Loss: 0.3628 | Val Loss: 0.5701 | Dice: 0.4876 | softDice: 0.4462 | clDice: 0.5356 | softclDice: 0.4927 | IoU: 0.3230 | Tversky: 0.4876 | Hausdorff: 295.8503 | HD95: 31.1520 | val_loss: 0.5701 | LR: 0.000500
2025-08-19 01:26:53 INFO Epoch 018 | Train Loss: 0.3611 | Val Loss: 0.5709 | Dice: 0.4841 | softDice: 0.4419 | clDice: 0.5318 | softclDice: 0.4958 | IoU: 0.3199 | Tversky: 0.4841 | Hausdorff: 293.6218 | HD95: 31.4063 | val_loss: 0.5709 | LR: 0.000500
2025-08-19 01:28:43 INFO Epoch 019 | Train Loss: 0.3616 | Val Loss: 0.5684 | Dice: 0.4876 | softDice: 0.4427 | clDice: 0.5360 | softclDice: 0.4938 | IoU: 0.3230 | Tversky: 0.4876 | Hausdorff: 292.6048 | HD95: 30.4115 | val_loss: 0.5684 | LR: 0.000500
2025-08-19 01:30:38 INFO Epoch 020 | Train Loss: 0.3617 | Val Loss: 0.5724 | Dice: 0.4863 | softDice: 0.4419 | clDice: 0.5384 | softclDice: 0.4896 | IoU: 0.3218 | Tversky: 0.4863 | Hausdorff: 297.6000 | HD95: 29.7619 | val_loss: 0.5724 | LR: 0.000500
2025-08-19 01:32:28 INFO Epoch 021 | Train Loss: 0.3598 | Val Loss: 0.5679 | Dice: 0.4849 | softDice: 0.4419 | clDice: 0.5305 | softclDice: 0.4995 | IoU: 0.3207 | Tversky: 0.4849 | Hausdorff: 281.9836 | HD95: 33.8059 | val_loss: 0.5679 | LR: 0.000250
2025-08-19 01:34:22 INFO Epoch 022 | Train Loss: 0.3566 | Val Loss: 0.5693 | Dice: 0.4858 | softDice: 0.4454 | clDice: 0.5325 | softclDice: 0.4958 | IoU: 0.3213 | Tversky: 0.4858 | Hausdorff: 295.9098 | HD95: 30.3432 | val_loss: 0.5693 | LR: 0.000250
2025-08-19 01:36:18 INFO Epoch 023 | Train Loss: 0.3560 | Val Loss: 0.5728 | Dice: 0.4904 | softDice: 0.4506 | clDice: 0.5439 | softclDice: 0.4844 | IoU: 0.3253 | Tversky: 0.4904 | Hausdorff: 298.1028 | HD95: 27.3251 | val_loss: 0.5728 | LR: 0.000250
2025-08-19 01:38:07 INFO Epoch 024 | Train Loss: 0.3552 | Val Loss: 0.5701 | Dice: 0.4915 | softDice: 0.4484 | clDice: 0.5420 | softclDice: 0.4873 | IoU: 0.3263 | Tversky: 0.4915 | Hausdorff: 299.0215 | HD95: 27.0903 | val_loss: 0.5701 | LR: 0.000250
2025-08-19 01:40:03 INFO Epoch 025 | Train Loss: 0.3557 | Val Loss: 0.5697 | Dice: 0.4889 | softDice: 0.4459 | clDice: 0.5381 | softclDice: 0.4901 | IoU: 0.3241 | Tversky: 0.4889 | Hausdorff: 297.4539 | HD95: 28.6707 | val_loss: 0.5697 | LR: 0.000250
2025-08-19 01:41:57 INFO Epoch 026 | Train Loss: 0.3540 | Val Loss: 0.5691 | Dice: 0.4876 | softDice: 0.4462 | clDice: 0.5358 | softclDice: 0.4926 | IoU: 0.3230 | Tversky: 0.4876 | Hausdorff: 290.1990 | HD95: 31.4731 | val_loss: 0.5691 | LR: 0.000250
2025-08-19 01:43:55 INFO Epoch 027 | Train Loss: 0.3566 | Val Loss: 0.5705 | Dice: 0.4898 | softDice: 0.4467 | clDice: 0.5428 | softclDice: 0.4880 | IoU: 0.3248 | Tversky: 0.4898 | Hausdorff: 299.6667 | HD95: 28.3519 | val_loss: 0.5705 | LR: 0.000125
2025-08-19 01:45:52 INFO Epoch 028 | Train Loss: 0.3543 | Val Loss: 0.5685 | Dice: 0.4899 | softDice: 0.4469 | clDice: 0.5382 | softclDice: 0.4903 | IoU: 0.3250 | Tversky: 0.4899 | Hausdorff: 296.2158 | HD95: 30.0072 | val_loss: 0.5685 | LR: 0.000125
2025-08-19 01:47:45 INFO Epoch 029 | Train Loss: 0.3556 | Val Loss: 0.5684 | Dice: 0.4907 | softDice: 0.4479 | clDice: 0.5391 | softclDice: 0.4899 | IoU: 0.3257 | Tversky: 0.4907 | Hausdorff: 298.3759 | HD95: 27.7693 | val_loss: 0.5684 | LR: 0.000125
2025-08-19 01:49:42 INFO Epoch 030 | Train Loss: 0.3510 | Val Loss: 0.5701 | Dice: 0.4890 | softDice: 0.4489 | clDice: 0.5390 | softclDice: 0.4900 | IoU: 0.3241 | Tversky: 0.4890 | Hausdorff: 287.7934 | HD95: 29.2543 | val_loss: 0.5701 | LR: 0.000125
2025-08-19 01:51:40 INFO Epoch 031 | Train Loss: 0.3525 | Val Loss: 0.5704 | Dice: 0.4884 | softDice: 0.4489 | clDice: 0.5367 | softclDice: 0.4907 | IoU: 0.3236 | Tversky: 0.4884 | Hausdorff: 296.5928 | HD95: 27.9868 | val_loss: 0.5704 | LR: 0.000125
2025-08-19 01:53:39 INFO Epoch 032 | Train Loss: 0.3503 | Val Loss: 0.5704 | Dice: 0.4872 | softDice: 0.4486 | clDice: 0.5348 | softclDice: 0.4932 | IoU: 0.3226 | Tversky: 0.4872 | Hausdorff: 289.0590 | HD95: 29.5254 | val_loss: 0.5704 | LR: 0.000125
2025-08-19 01:55:36 INFO Epoch 033 | Train Loss: 0.3498 | Val Loss: 0.5708 | Dice: 0.4824 | softDice: 0.4440 | clDice: 0.5288 | softclDice: 0.4987 | IoU: 0.3184 | Tversky: 0.4824 | Hausdorff: 284.1102 | HD95: 27.9930 | val_loss: 0.5708 | LR: 0.000063
2025-08-19 01:57:34 INFO Epoch 034 | Train Loss: 0.3502 | Val Loss: 0.5701 | Dice: 0.4841 | softDice: 0.4441 | clDice: 0.5310 | softclDice: 0.4972 | IoU: 0.3199 | Tversky: 0.4841 | Hausdorff: 281.2665 | HD95: 30.1649 | val_loss: 0.5701 | LR: 0.000063
2025-08-19 01:59:26 INFO Epoch 035 | Train Loss: 0.3514 | Val Loss: 0.5708 | Dice: 0.4848 | softDice: 0.4453 | clDice: 0.5316 | softclDice: 0.4961 | IoU: 0.3205 | Tversky: 0.4848 | Hausdorff: 282.2432 | HD95: 29.1029 | val_loss: 0.5708 | LR: 0.000063
2025-08-19 02:01:27 INFO Epoch 036 | Train Loss: 0.3492 | Val Loss: 0.5700 | Dice: 0.4860 | softDice: 0.4462 | clDice: 0.5333 | softclDice: 0.4954 | IoU: 0.3216 | Tversky: 0.4860 | Hausdorff: 281.5465 | HD95: 29.8188 | val_loss: 0.5700 | LR: 0.000063
2025-08-19 02:03:14 INFO Epoch 037 | Train Loss: 0.3486 | Val Loss: 0.5702 | Dice: 0.4884 | softDice: 0.4488 | clDice: 0.5380 | softclDice: 0.4904 | IoU: 0.3236 | Tversky: 0.4884 | Hausdorff: 281.9499 | HD95: 30.0986 | val_loss: 0.5702 | LR: 0.000063
2025-08-19 02:05:06 INFO Epoch 038 | Train Loss: 0.3499 | Val Loss: 0.5696 | Dice: 0.4837 | softDice: 0.4428 | clDice: 0.5292 | softclDice: 0.5001 | IoU: 0.3195 | Tversky: 0.4837 | Hausdorff: 292.7630 | HD95: 31.5723 | val_loss: 0.5696 | LR: 0.000063
2025-08-19 02:07:00 INFO Epoch 039 | Train Loss: 0.3473 | Val Loss: 0.5701 | Dice: 0.4867 | softDice: 0.4462 | clDice: 0.5335 | softclDice: 0.4946 | IoU: 0.3222 | Tversky: 0.4867 | Hausdorff: 293.8005 | HD95: 31.6641 | val_loss: 0.5701 | LR: 0.000031
2025-08-19 02:08:56 INFO Epoch 040 | Train Loss: 0.3501 | Val Loss: 0.5703 | Dice: 0.4858 | softDice: 0.4456 | clDice: 0.5337 | softclDice: 0.4941 | IoU: 0.3214 | Tversky: 0.4858 | Hausdorff: 283.3993 | HD95: 31.0572 | val_loss: 0.5703 | LR: 0.000031
2025-08-19 02:10:46 INFO Epoch 041 | Train Loss: 0.3473 | Val Loss: 0.5711 | Dice: 0.4855 | softDice: 0.4462 | clDice: 0.5326 | softclDice: 0.4953 | IoU: 0.3211 | Tversky: 0.4855 | Hausdorff: 300.4433 | HD95: 30.6891 | val_loss: 0.5711 | LR: 0.000031
2025-08-19 02:12:32 INFO Epoch 042 | Train Loss: 0.3493 | Val Loss: 0.5705 | Dice: 0.4864 | softDice: 0.4465 | clDice: 0.5340 | softclDice: 0.4933 | IoU: 0.3219 | Tversky: 0.4864 | Hausdorff: 297.7377 | HD95: 30.6725 | val_loss: 0.5705 | LR: 0.000031
2025-08-19 02:14:28 INFO Epoch 043 | Train Loss: 0.3487 | Val Loss: 0.5705 | Dice: 0.4857 | softDice: 0.4460 | clDice: 0.5324 | softclDice: 0.4956 | IoU: 0.3213 | Tversky: 0.4857 | Hausdorff: 296.1085 | HD95: 30.0848 | val_loss: 0.5705 | LR: 0.000031
2025-08-19 02:16:19 INFO Epoch 044 | Train Loss: 0.3499 | Val Loss: 0.5706 | Dice: 0.4868 | softDice: 0.4465 | clDice: 0.5341 | softclDice: 0.4945 | IoU: 0.3222 | Tversky: 0.4868 | Hausdorff: 296.1483 | HD95: 29.3231 | val_loss: 0.5706 | LR: 0.000031
2025-08-19 02:18:12 INFO Epoch 045 | Train Loss: 0.3474 | Val Loss: 0.5707 | Dice: 0.4843 | softDice: 0.4450 | clDice: 0.5296 | softclDice: 0.4978 | IoU: 0.3201 | Tversky: 0.4843 | Hausdorff: 295.1375 | HD95: 29.7111 | val_loss: 0.5707 | LR: 0.000016
2025-08-19 02:20:07 INFO Epoch 046 | Train Loss: 0.3447 | Val Loss: 0.5714 | Dice: 0.4836 | softDice: 0.4453 | clDice: 0.5299 | softclDice: 0.4971 | IoU: 0.3195 | Tversky: 0.4836 | Hausdorff: 294.6024 | HD95: 30.9421 | val_loss: 0.5714 | LR: 0.000016
2025-08-19 02:21:54 INFO Epoch 047 | Train Loss: 0.3501 | Val Loss: 0.5713 | Dice: 0.4846 | softDice: 0.4458 | clDice: 0.5302 | softclDice: 0.4968 | IoU: 0.3203 | Tversky: 0.4846 | Hausdorff: 295.6296 | HD95: 29.7748 | val_loss: 0.5713 | LR: 0.000016
2025-08-19 02:23:49 INFO Epoch 048 | Train Loss: 0.3472 | Val Loss: 0.5707 | Dice: 0.4845 | softDice: 0.4453 | clDice: 0.5296 | softclDice: 0.4976 | IoU: 0.3202 | Tversky: 0.4845 | Hausdorff: 295.3502 | HD95: 29.3783 | val_loss: 0.5707 | LR: 0.000016
2025-08-19 02:25:38 INFO Epoch 049 | Train Loss: 0.3479 | Val Loss: 0.5710 | Dice: 0.4847 | softDice: 0.4459 | clDice: 0.5308 | softclDice: 0.4966 | IoU: 0.3204 | Tversky: 0.4847 | Hausdorff: 295.3457 | HD95: 30.0649 | val_loss: 0.5710 | LR: 0.000016
2025-08-19 02:27:32 INFO Epoch 050 | Train Loss: 0.3495 | Val Loss: 0.5706 | Dice: 0.4855 | softDice: 0.4458 | clDice: 0.5311 | softclDice: 0.4963 | IoU: 0.3211 | Tversky: 0.4855 | Hausdorff: 295.1115 | HD95: 30.3160 | val_loss: 0.5706 | LR: 0.000016
2025-08-19 02:27:32 INFO Training completed.
2025-08-19 02:28:33 INFO Fold 2 results: Dice: 0.4091 | softDice: 0.2284 | clDice: 0.4600 | softclDice: 0.7520 | IoU: 0.2576 | Tversky: 0.4091 | Hausdorff: 311.0292 | HD95: 60.1250 | val_loss: 0.5956
2025-08-19 02:28:33 INFO ===== Fold 3 / 5 =====
2025-08-19 02:28:33 INFO Loading model unet with settings {'name': 'unet', 'encoder_name': 'se_resnext50_32x4d', 'encoder_weights': 'imagenet', 'classes': 1, 'activation': None, 'dropout': 0.2}
2025-08-19 02:30:21 INFO Epoch 001 | Train Loss: 0.4746 | Val Loss: 0.5847 | Dice: 0.3504 | softDice: 0.2848 | clDice: 0.3790 | softclDice: 0.7083 | IoU: 0.2132 | Tversky: 0.3504 | Hausdorff: 301.9841 | HD95: 105.5911 | val_loss: 0.5847 | LR: 0.001000
2025-08-19 02:32:18 INFO Epoch 002 | Train Loss: 0.4017 | Val Loss: 0.5823 | Dice: 0.4699 | softDice: 0.4196 | clDice: 0.5417 | softclDice: 0.5115 | IoU: 0.3078 | Tversky: 0.4699 | Hausdorff: 317.2816 | HD95: 40.4268 | val_loss: 0.5823 | LR: 0.001000
2025-08-19 02:34:14 INFO Epoch 003 | Train Loss: 0.3810 | Val Loss: 0.5665 | Dice: 0.4668 | softDice: 0.4115 | clDice: 0.5145 | softclDice: 0.5295 | IoU: 0.3054 | Tversky: 0.4668 | Hausdorff: 263.8363 | HD95: 40.1775 | val_loss: 0.5665 | LR: 0.001000
2025-08-19 02:36:11 INFO Epoch 004 | Train Loss: 0.3779 | Val Loss: 0.5696 | Dice: 0.4727 | softDice: 0.4182 | clDice: 0.5283 | softclDice: 0.5145 | IoU: 0.3104 | Tversky: 0.4727 | Hausdorff: 252.0191 | HD95: 37.7555 | val_loss: 0.5696 | LR: 0.001000
2025-08-19 02:37:56 INFO Epoch 005 | Train Loss: 0.3742 | Val Loss: 0.5742 | Dice: 0.4848 | softDice: 0.4391 | clDice: 0.5485 | softclDice: 0.4869 | IoU: 0.3208 | Tversky: 0.4848 | Hausdorff: 252.5770 | HD95: 36.8385 | val_loss: 0.5742 | LR: 0.001000
2025-08-19 02:39:39 INFO Epoch 006 | Train Loss: 0.3721 | Val Loss: 0.5748 | Dice: 0.4766 | softDice: 0.4222 | clDice: 0.5340 | softclDice: 0.5064 | IoU: 0.3137 | Tversky: 0.4766 | Hausdorff: 248.9571 | HD95: 40.5714 | val_loss: 0.5748 | LR: 0.001000
2025-08-19 02:41:30 INFO Epoch 007 | Train Loss: 0.3692 | Val Loss: 0.5700 | Dice: 0.4850 | softDice: 0.4390 | clDice: 0.5419 | softclDice: 0.4928 | IoU: 0.3212 | Tversky: 0.4850 | Hausdorff: 243.1617 | HD95: 41.8093 | val_loss: 0.5700 | LR: 0.001000
2025-08-19 02:43:20 INFO Epoch 008 | Train Loss: 0.3694 | Val Loss: 0.5676 | Dice: 0.4794 | softDice: 0.4279 | clDice: 0.5277 | softclDice: 0.5076 | IoU: 0.3163 | Tversky: 0.4794 | Hausdorff: 247.3632 | HD95: 36.4147 | val_loss: 0.5676 | LR: 0.001000
2025-08-19 02:45:16 INFO Epoch 009 | Train Loss: 0.3691 | Val Loss: 0.5686 | Dice: 0.4859 | softDice: 0.4383 | clDice: 0.5397 | softclDice: 0.4964 | IoU: 0.3217 | Tversky: 0.4859 | Hausdorff: 229.3408 | HD95: 38.2099 | val_loss: 0.5686 | LR: 0.000500
2025-08-19 02:47:13 INFO Epoch 010 | Train Loss: 0.3639 | Val Loss: 0.5697 | Dice: 0.4728 | softDice: 0.4314 | clDice: 0.5209 | softclDice: 0.5061 | IoU: 0.3108 | Tversky: 0.4728 | Hausdorff: 234.8427 | HD95: 41.0401 | val_loss: 0.5697 | LR: 0.000500
2025-08-19 02:49:01 INFO Epoch 011 | Train Loss: 0.3664 | Val Loss: 0.5690 | Dice: 0.4803 | softDice: 0.4369 | clDice: 0.5372 | softclDice: 0.4891 | IoU: 0.3173 | Tversky: 0.4803 | Hausdorff: 235.6476 | HD95: 43.0453 | val_loss: 0.5690 | LR: 0.000500
2025-08-19 02:50:59 INFO Epoch 012 | Train Loss: 0.3619 | Val Loss: 0.5668 | Dice: 0.4810 | softDice: 0.4366 | clDice: 0.5318 | softclDice: 0.4962 | IoU: 0.3180 | Tversky: 0.4810 | Hausdorff: 237.2229 | HD95: 45.4095 | val_loss: 0.5668 | LR: 0.000500
2025-08-19 02:52:51 INFO Epoch 013 | Train Loss: 0.3616 | Val Loss: 0.5716 | Dice: 0.4856 | softDice: 0.4387 | clDice: 0.5436 | softclDice: 0.4869 | IoU: 0.3216 | Tversky: 0.4856 | Hausdorff: 234.6168 | HD95: 31.2858 | val_loss: 0.5716 | LR: 0.000500
2025-08-19 02:54:47 INFO Epoch 014 | Train Loss: 0.3588 | Val Loss: 0.5685 | Dice: 0.4993 | softDice: 0.4532 | clDice: 0.5580 | softclDice: 0.4730 | IoU: 0.3337 | Tversky: 0.4993 | Hausdorff: 403.5388 | HD95: 32.6486 | val_loss: 0.5685 | LR: 0.000500
2025-08-19 02:56:35 INFO Epoch 015 | Train Loss: 0.3576 | Val Loss: 0.5708 | Dice: 0.4702 | softDice: 0.4305 | clDice: 0.5140 | softclDice: 0.5087 | IoU: 0.3086 | Tversky: 0.4702 | Hausdorff: 230.0443 | HD95: 39.5110 | val_loss: 0.5708 | LR: 0.000250
2025-08-19 02:58:19 INFO Epoch 016 | Train Loss: 0.3558 | Val Loss: 0.5711 | Dice: 0.4783 | softDice: 0.4360 | clDice: 0.5278 | softclDice: 0.5000 | IoU: 0.3154 | Tversky: 0.4783 | Hausdorff: 235.3378 | HD95: 34.3701 | val_loss: 0.5711 | LR: 0.000250
2025-08-19 03:00:15 INFO Epoch 017 | Train Loss: 0.3561 | Val Loss: 0.5712 | Dice: 0.4811 | softDice: 0.4404 | clDice: 0.5380 | softclDice: 0.4889 | IoU: 0.3180 | Tversky: 0.4811 | Hausdorff: 233.6010 | HD95: 37.0721 | val_loss: 0.5712 | LR: 0.000250
2025-08-19 03:02:08 INFO Epoch 018 | Train Loss: 0.3557 | Val Loss: 0.5687 | Dice: 0.4898 | softDice: 0.4452 | clDice: 0.5444 | softclDice: 0.4842 | IoU: 0.3254 | Tversky: 0.4898 | Hausdorff: 243.6500 | HD95: 33.2815 | val_loss: 0.5687 | LR: 0.000250
2025-08-19 03:04:04 INFO Epoch 019 | Train Loss: 0.3552 | Val Loss: 0.5679 | Dice: 0.4899 | softDice: 0.4466 | clDice: 0.5442 | softclDice: 0.4819 | IoU: 0.3255 | Tversky: 0.4899 | Hausdorff: 225.3498 | HD95: 36.2457 | val_loss: 0.5679 | LR: 0.000250
2025-08-19 03:05:58 INFO Epoch 020 | Train Loss: 0.3545 | Val Loss: 0.5685 | Dice: 0.4931 | softDice: 0.4503 | clDice: 0.5490 | softclDice: 0.4760 | IoU: 0.3283 | Tversky: 0.4931 | Hausdorff: 228.6144 | HD95: 34.7802 | val_loss: 0.5685 | LR: 0.000250
2025-08-19 03:07:50 INFO Epoch 021 | Train Loss: 0.3521 | Val Loss: 0.5713 | Dice: 0.4892 | softDice: 0.4478 | clDice: 0.5456 | softclDice: 0.4811 | IoU: 0.3248 | Tversky: 0.4892 | Hausdorff: 226.9822 | HD95: 32.9162 | val_loss: 0.5713 | LR: 0.000125
2025-08-19 03:09:50 INFO Epoch 022 | Train Loss: 0.3529 | Val Loss: 0.5682 | Dice: 0.4931 | softDice: 0.4499 | clDice: 0.5489 | softclDice: 0.4772 | IoU: 0.3283 | Tversky: 0.4931 | Hausdorff: 234.1309 | HD95: 35.2817 | val_loss: 0.5682 | LR: 0.000125
2025-08-19 03:11:46 INFO Epoch 023 | Train Loss: 0.3550 | Val Loss: 0.5689 | Dice: 0.4965 | softDice: 0.4509 | clDice: 0.5557 | softclDice: 0.4734 | IoU: 0.3312 | Tversky: 0.4965 | Hausdorff: 240.4645 | HD95: 29.8373 | val_loss: 0.5689 | LR: 0.000125
2025-08-19 03:13:41 INFO Epoch 024 | Train Loss: 0.3527 | Val Loss: 0.5679 | Dice: 0.4970 | softDice: 0.4540 | clDice: 0.5550 | softclDice: 0.4715 | IoU: 0.3317 | Tversky: 0.4970 | Hausdorff: 235.9016 | HD95: 35.2652 | val_loss: 0.5679 | LR: 0.000125
2025-08-19 03:15:35 INFO Epoch 025 | Train Loss: 0.3510 | Val Loss: 0.5686 | Dice: 0.4945 | softDice: 0.4514 | clDice: 0.5513 | softclDice: 0.4769 | IoU: 0.3294 | Tversky: 0.4945 | Hausdorff: 231.3210 | HD95: 30.9248 | val_loss: 0.5686 | LR: 0.000125
2025-08-19 03:17:25 INFO Epoch 026 | Train Loss: 0.3534 | Val Loss: 0.5684 | Dice: 0.4897 | softDice: 0.4457 | clDice: 0.5464 | softclDice: 0.4823 | IoU: 0.3254 | Tversky: 0.4897 | Hausdorff: 240.5392 | HD95: 33.5790 | val_loss: 0.5684 | LR: 0.000125
2025-08-19 03:19:25 INFO Epoch 027 | Train Loss: 0.3505 | Val Loss: 0.5687 | Dice: 0.4896 | softDice: 0.4473 | clDice: 0.5442 | softclDice: 0.4825 | IoU: 0.3253 | Tversky: 0.4896 | Hausdorff: 238.4415 | HD95: 35.4196 | val_loss: 0.5687 | LR: 0.000063
2025-08-19 03:21:23 INFO Epoch 028 | Train Loss: 0.3492 | Val Loss: 0.5691 | Dice: 0.4918 | softDice: 0.4485 | clDice: 0.5481 | softclDice: 0.4808 | IoU: 0.3272 | Tversky: 0.4918 | Hausdorff: 479.3556 | HD95: 33.4878 | val_loss: 0.5691 | LR: 0.000063
2025-08-19 03:23:20 INFO Epoch 029 | Train Loss: 0.3490 | Val Loss: 0.5694 | Dice: 0.4988 | softDice: 0.4554 | clDice: 0.5580 | softclDice: 0.4707 | IoU: 0.3332 | Tversky: 0.4988 | Hausdorff: 240.5421 | HD95: 29.9359 | val_loss: 0.5694 | LR: 0.000063
2025-08-19 03:25:19 INFO Epoch 030 | Train Loss: 0.3467 | Val Loss: 0.5692 | Dice: 0.4912 | softDice: 0.4516 | clDice: 0.5446 | softclDice: 0.4803 | IoU: 0.3267 | Tversky: 0.4912 | Hausdorff: 228.8138 | HD95: 36.5634 | val_loss: 0.5692 | LR: 0.000063
2025-08-19 03:27:12 INFO Epoch 031 | Train Loss: 0.3481 | Val Loss: 0.5694 | Dice: 0.4989 | softDice: 0.4570 | clDice: 0.5574 | softclDice: 0.4690 | IoU: 0.3333 | Tversky: 0.4989 | Hausdorff: 231.3563 | HD95: 32.4952 | val_loss: 0.5694 | LR: 0.000063
2025-08-19 03:29:08 INFO Epoch 032 | Train Loss: 0.3442 | Val Loss: 0.5696 | Dice: 0.4939 | softDice: 0.4527 | clDice: 0.5496 | softclDice: 0.4775 | IoU: 0.3290 | Tversky: 0.4939 | Hausdorff: 232.6172 | HD95: 32.2412 | val_loss: 0.5696 | LR: 0.000063
2025-08-19 03:31:04 INFO Epoch 033 | Train Loss: 0.3480 | Val Loss: 0.5687 | Dice: 0.4936 | softDice: 0.4514 | clDice: 0.5490 | softclDice: 0.4784 | IoU: 0.3287 | Tversky: 0.4936 | Hausdorff: 232.8344 | HD95: 34.2204 | val_loss: 0.5687 | LR: 0.000031
2025-08-19 03:32:55 INFO Epoch 034 | Train Loss: 0.3472 | Val Loss: 0.5693 | Dice: 0.4929 | softDice: 0.4517 | clDice: 0.5491 | softclDice: 0.4784 | IoU: 0.3281 | Tversky: 0.4929 | Hausdorff: 232.4094 | HD95: 32.4747 | val_loss: 0.5693 | LR: 0.000031
2025-08-19 03:34:50 INFO Epoch 035 | Train Loss: 0.3463 | Val Loss: 0.5692 | Dice: 0.4925 | softDice: 0.4508 | clDice: 0.5482 | softclDice: 0.4787 | IoU: 0.3278 | Tversky: 0.4925 | Hausdorff: 232.4878 | HD95: 32.1136 | val_loss: 0.5692 | LR: 0.000031
2025-08-19 03:36:47 INFO Epoch 036 | Train Loss: 0.3461 | Val Loss: 0.5694 | Dice: 0.4946 | softDice: 0.4537 | clDice: 0.5528 | softclDice: 0.4753 | IoU: 0.3296 | Tversky: 0.4946 | Hausdorff: 232.6736 | HD95: 32.6065 | val_loss: 0.5694 | LR: 0.000031
2025-08-19 03:38:41 INFO Epoch 037 | Train Loss: 0.3471 | Val Loss: 0.5687 | Dice: 0.4960 | softDice: 0.4537 | clDice: 0.5534 | softclDice: 0.4739 | IoU: 0.3308 | Tversky: 0.4960 | Hausdorff: 232.9697 | HD95: 33.2165 | val_loss: 0.5687 | LR: 0.000031
2025-08-19 03:40:33 INFO Epoch 038 | Train Loss: 0.3462 | Val Loss: 0.5690 | Dice: 0.4962 | softDice: 0.4538 | clDice: 0.5526 | softclDice: 0.4751 | IoU: 0.3309 | Tversky: 0.4962 | Hausdorff: 232.2021 | HD95: 31.4999 | val_loss: 0.5690 | LR: 0.000031
2025-08-19 03:42:26 INFO Epoch 039 | Train Loss: 0.3474 | Val Loss: 0.5692 | Dice: 0.4981 | softDice: 0.4551 | clDice: 0.5563 | softclDice: 0.4721 | IoU: 0.3327 | Tversky: 0.4981 | Hausdorff: 231.9339 | HD95: 31.2375 | val_loss: 0.5692 | LR: 0.000016
2025-08-19 03:44:15 INFO Epoch 040 | Train Loss: 0.3455 | Val Loss: 0.5690 | Dice: 0.4968 | softDice: 0.4542 | clDice: 0.5543 | softclDice: 0.4738 | IoU: 0.3315 | Tversky: 0.4968 | Hausdorff: 231.7755 | HD95: 31.4577 | val_loss: 0.5690 | LR: 0.000016
2025-08-19 03:46:06 INFO Epoch 041 | Train Loss: 0.3450 | Val Loss: 0.5687 | Dice: 0.4969 | softDice: 0.4542 | clDice: 0.5539 | softclDice: 0.4742 | IoU: 0.3316 | Tversky: 0.4969 | Hausdorff: 228.2656 | HD95: 31.2404 | val_loss: 0.5687 | LR: 0.000016
2025-08-19 03:48:05 INFO Epoch 042 | Train Loss: 0.3495 | Val Loss: 0.5688 | Dice: 0.4977 | softDice: 0.4540 | clDice: 0.5555 | softclDice: 0.4737 | IoU: 0.3322 | Tversky: 0.4977 | Hausdorff: 231.6352 | HD95: 30.2000 | val_loss: 0.5688 | LR: 0.000016
2025-08-19 03:49:58 INFO Epoch 043 | Train Loss: 0.3471 | Val Loss: 0.5695 | Dice: 0.4955 | softDice: 0.4534 | clDice: 0.5527 | softclDice: 0.4750 | IoU: 0.3304 | Tversky: 0.4955 | Hausdorff: 233.3475 | HD95: 31.1480 | val_loss: 0.5695 | LR: 0.000016
2025-08-19 03:51:48 INFO Epoch 044 | Train Loss: 0.3466 | Val Loss: 0.5688 | Dice: 0.4974 | softDice: 0.4545 | clDice: 0.5545 | softclDice: 0.4736 | IoU: 0.3320 | Tversky: 0.4974 | Hausdorff: 232.1481 | HD95: 30.9268 | val_loss: 0.5688 | LR: 0.000016
2025-08-19 03:53:43 INFO Epoch 045 | Train Loss: 0.3459 | Val Loss: 0.5688 | Dice: 0.4966 | softDice: 0.4545 | clDice: 0.5523 | softclDice: 0.4751 | IoU: 0.3314 | Tversky: 0.4966 | Hausdorff: 232.1002 | HD95: 31.6501 | val_loss: 0.5688 | LR: 0.000008
2025-08-19 03:55:32 INFO Epoch 046 | Train Loss: 0.3443 | Val Loss: 0.5692 | Dice: 0.4948 | softDice: 0.4541 | clDice: 0.5498 | softclDice: 0.4760 | IoU: 0.3298 | Tversky: 0.4948 | Hausdorff: 231.9710 | HD95: 32.2748 | val_loss: 0.5692 | LR: 0.000008
2025-08-19 03:57:24 INFO Epoch 047 | Train Loss: 0.3450 | Val Loss: 0.5685 | Dice: 0.4949 | softDice: 0.4527 | clDice: 0.5499 | softclDice: 0.4769 | IoU: 0.3298 | Tversky: 0.4949 | Hausdorff: 232.0144 | HD95: 32.4604 | val_loss: 0.5685 | LR: 0.000008
2025-08-19 03:59:18 INFO Epoch 048 | Train Loss: 0.3444 | Val Loss: 0.5697 | Dice: 0.4958 | softDice: 0.4546 | clDice: 0.5526 | softclDice: 0.4743 | IoU: 0.3306 | Tversky: 0.4958 | Hausdorff: 232.2626 | HD95: 31.2501 | val_loss: 0.5697 | LR: 0.000008
2025-08-19 04:01:09 INFO Epoch 049 | Train Loss: 0.3427 | Val Loss: 0.5694 | Dice: 0.4961 | softDice: 0.4542 | clDice: 0.5524 | softclDice: 0.4754 | IoU: 0.3309 | Tversky: 0.4961 | Hausdorff: 232.0715 | HD95: 30.7927 | val_loss: 0.5694 | LR: 0.000008
2025-08-19 04:02:59 INFO Epoch 050 | Train Loss: 0.3466 | Val Loss: 0.5692 | Dice: 0.4952 | softDice: 0.4535 | clDice: 0.5511 | softclDice: 0.4759 | IoU: 0.3301 | Tversky: 0.4952 | Hausdorff: 232.1145 | HD95: 31.4182 | val_loss: 0.5692 | LR: 0.000008
2025-08-19 04:02:59 INFO Training completed.
2025-08-19 04:03:57 INFO Fold 3 results: Dice: 0.3504 | softDice: 0.2848 | clDice: 0.3790 | softclDice: 0.7083 | IoU: 0.2132 | Tversky: 0.3504 | Hausdorff: 301.9841 | HD95: 105.5911 | val_loss: 0.5847
2025-08-19 04:03:57 INFO ===== Fold 4 / 5 =====
2025-08-19 04:03:57 INFO Loading model unet with settings {'name': 'unet', 'encoder_name': 'se_resnext50_32x4d', 'encoder_weights': 'imagenet', 'classes': 1, 'activation': None, 'dropout': 0.2}
2025-08-19 04:05:48 INFO Epoch 001 | Train Loss: 0.6054 | Val Loss: 0.5869 | Dice: 0.3677 | softDice: 0.2559 | clDice: 0.4109 | softclDice: 0.7740 | IoU: 0.2253 | Tversky: 0.3677 | Hausdorff: 376.8114 | HD95: 75.3641 | val_loss: 0.5869 | LR: 0.001000
2025-08-19 04:07:42 INFO Epoch 002 | Train Loss: 0.4307 | Val Loss: 0.5710 | Dice: 0.3598 | softDice: 0.2993 | clDice: 0.3792 | softclDice: 0.6757 | IoU: 0.2196 | Tversky: 0.3598 | Hausdorff: 324.7406 | HD95: 65.3328 | val_loss: 0.5710 | LR: 0.001000
2025-08-19 04:09:25 INFO Epoch 003 | Train Loss: 0.3922 | Val Loss: 0.5715 | Dice: 0.4622 | softDice: 0.4029 | clDice: 0.5072 | softclDice: 0.5445 | IoU: 0.3008 | Tversky: 0.4622 | Hausdorff: 214.5815 | HD95: 39.6059 | val_loss: 0.5715 | LR: 0.001000
2025-08-19 04:11:08 INFO Epoch 004 | Train Loss: 0.3830 | Val Loss: 0.5764 | Dice: 0.4702 | softDice: 0.4129 | clDice: 0.5232 | softclDice: 0.5278 | IoU: 0.3076 | Tversky: 0.4702 | Hausdorff: 224.1977 | HD95: 40.6510 | val_loss: 0.5764 | LR: 0.001000
2025-08-19 04:12:52 INFO Epoch 005 | Train Loss: 0.3787 | Val Loss: 0.5721 | Dice: 0.4738 | softDice: 0.4111 | clDice: 0.5242 | softclDice: 0.5283 | IoU: 0.3106 | Tversky: 0.4738 | Hausdorff: 233.3187 | HD95: 38.7488 | val_loss: 0.5721 | LR: 0.001000
2025-08-19 04:14:32 INFO Epoch 006 | Train Loss: 0.3745 | Val Loss: 0.5735 | Dice: 0.4803 | softDice: 0.4292 | clDice: 0.5303 | softclDice: 0.5079 | IoU: 0.3162 | Tversky: 0.4803 | Hausdorff: 267.2830 | HD95: 35.4680 | val_loss: 0.5735 | LR: 0.001000
2025-08-19 04:16:17 INFO Epoch 007 | Train Loss: 0.3740 | Val Loss: 0.5733 | Dice: 0.4833 | softDice: 0.4301 | clDice: 0.5482 | softclDice: 0.4931 | IoU: 0.3189 | Tversky: 0.4833 | Hausdorff: 233.9385 | HD95: 35.9131 | val_loss: 0.5733 | LR: 0.001000
2025-08-19 04:18:04 INFO Epoch 008 | Train Loss: 0.3713 | Val Loss: 0.5839 | Dice: 0.4698 | softDice: 0.4316 | clDice: 0.5267 | softclDice: 0.5053 | IoU: 0.3072 | Tversky: 0.4698 | Hausdorff: 235.9091 | HD95: 35.5796 | val_loss: 0.5839 | LR: 0.000500
2025-08-19 04:19:44 INFO Epoch 009 | Train Loss: 0.3696 | Val Loss: 0.5699 | Dice: 0.4861 | softDice: 0.4357 | clDice: 0.5364 | softclDice: 0.4991 | IoU: 0.3214 | Tversky: 0.4861 | Hausdorff: 223.8427 | HD95: 32.4777 | val_loss: 0.5699 | LR: 0.000500
2025-08-19 04:21:32 INFO Epoch 010 | Train Loss: 0.3633 | Val Loss: 0.5715 | Dice: 0.4884 | softDice: 0.4426 | clDice: 0.5386 | softclDice: 0.4922 | IoU: 0.3233 | Tversky: 0.4884 | Hausdorff: 239.7271 | HD95: 32.9037 | val_loss: 0.5715 | LR: 0.000500
2025-08-19 04:23:19 INFO Epoch 011 | Train Loss: 0.3641 | Val Loss: 0.5709 | Dice: 0.4828 | softDice: 0.4343 | clDice: 0.5371 | softclDice: 0.4939 | IoU: 0.3185 | Tversky: 0.4828 | Hausdorff: 235.6981 | HD95: 32.4630 | val_loss: 0.5709 | LR: 0.000500
2025-08-19 04:25:01 INFO Epoch 012 | Train Loss: 0.3621 | Val Loss: 0.5708 | Dice: 0.4871 | softDice: 0.4402 | clDice: 0.5367 | softclDice: 0.4914 | IoU: 0.3222 | Tversky: 0.4871 | Hausdorff: 216.7235 | HD95: 31.7549 | val_loss: 0.5708 | LR: 0.000500
2025-08-19 04:26:47 INFO Epoch 013 | Train Loss: 0.3630 | Val Loss: 0.5703 | Dice: 0.4891 | softDice: 0.4392 | clDice: 0.5404 | softclDice: 0.4920 | IoU: 0.3240 | Tversky: 0.4891 | Hausdorff: 212.9054 | HD95: 31.8896 | val_loss: 0.5703 | LR: 0.000500
2025-08-19 04:28:32 INFO Epoch 014 | Train Loss: 0.3634 | Val Loss: 0.5703 | Dice: 0.4805 | softDice: 0.4379 | clDice: 0.5258 | softclDice: 0.4990 | IoU: 0.3164 | Tversky: 0.4805 | Hausdorff: 213.0523 | HD95: 43.0541 | val_loss: 0.5703 | LR: 0.000500
2025-08-19 04:30:19 INFO Epoch 015 | Train Loss: 0.3613 | Val Loss: 0.5732 | Dice: 0.4840 | softDice: 0.4395 | clDice: 0.5331 | softclDice: 0.4950 | IoU: 0.3195 | Tversky: 0.4840 | Hausdorff: 181.7842 | HD95: 31.5557 | val_loss: 0.5732 | LR: 0.000250
2025-08-19 04:32:06 INFO Epoch 016 | Train Loss: 0.3568 | Val Loss: 0.5720 | Dice: 0.4908 | softDice: 0.4452 | clDice: 0.5417 | softclDice: 0.4891 | IoU: 0.3255 | Tversky: 0.4908 | Hausdorff: 206.8847 | HD95: 30.5810 | val_loss: 0.5720 | LR: 0.000250
2025-08-19 04:33:57 INFO Epoch 017 | Train Loss: 0.3570 | Val Loss: 0.5707 | Dice: 0.4885 | softDice: 0.4431 | clDice: 0.5377 | softclDice: 0.4912 | IoU: 0.3235 | Tversky: 0.4885 | Hausdorff: 225.2593 | HD95: 30.4544 | val_loss: 0.5707 | LR: 0.000250
2025-08-19 04:35:51 INFO Epoch 018 | Train Loss: 0.3566 | Val Loss: 0.5694 | Dice: 0.4911 | softDice: 0.4442 | clDice: 0.5415 | softclDice: 0.4905 | IoU: 0.3258 | Tversky: 0.4911 | Hausdorff: 216.7405 | HD95: 31.1640 | val_loss: 0.5694 | LR: 0.000250
2025-08-19 04:37:45 INFO Epoch 019 | Train Loss: 0.3582 | Val Loss: 0.5693 | Dice: 0.4929 | softDice: 0.4433 | clDice: 0.5455 | softclDice: 0.4899 | IoU: 0.3274 | Tversky: 0.4929 | Hausdorff: 220.8051 | HD95: 28.5227 | val_loss: 0.5693 | LR: 0.000250
2025-08-19 04:39:34 INFO Epoch 020 | Train Loss: 0.3562 | Val Loss: 0.5733 | Dice: 0.4858 | softDice: 0.4414 | clDice: 0.5360 | softclDice: 0.4941 | IoU: 0.3211 | Tversky: 0.4858 | Hausdorff: 232.6048 | HD95: 29.7318 | val_loss: 0.5733 | LR: 0.000250
2025-08-19 04:41:27 INFO Epoch 021 | Train Loss: 0.3552 | Val Loss: 0.5723 | Dice: 0.4902 | softDice: 0.4453 | clDice: 0.5427 | softclDice: 0.4886 | IoU: 0.3250 | Tversky: 0.4902 | Hausdorff: 215.6075 | HD95: 29.9973 | val_loss: 0.5723 | LR: 0.000250
2025-08-19 04:43:13 INFO Epoch 022 | Train Loss: 0.3547 | Val Loss: 0.5704 | Dice: 0.4881 | softDice: 0.4451 | clDice: 0.5385 | softclDice: 0.4892 | IoU: 0.3232 | Tversky: 0.4881 | Hausdorff: 218.7269 | HD95: 34.6405 | val_loss: 0.5704 | LR: 0.000250
2025-08-19 04:44:58 INFO Epoch 023 | Train Loss: 0.3545 | Val Loss: 0.5729 | Dice: 0.4860 | softDice: 0.4423 | clDice: 0.5327 | softclDice: 0.4976 | IoU: 0.3212 | Tversky: 0.4860 | Hausdorff: 214.9372 | HD95: 29.9618 | val_loss: 0.5729 | LR: 0.000250
2025-08-19 04:46:42 INFO Epoch 024 | Train Loss: 0.3561 | Val Loss: 0.5725 | Dice: 0.4850 | softDice: 0.4421 | clDice: 0.5342 | softclDice: 0.4940 | IoU: 0.3204 | Tversky: 0.4850 | Hausdorff: 226.5803 | HD95: 32.7107 | val_loss: 0.5725 | LR: 0.000250
2025-08-19 04:48:27 INFO Epoch 025 | Train Loss: 0.3517 | Val Loss: 0.5714 | Dice: 0.4930 | softDice: 0.4471 | clDice: 0.5484 | softclDice: 0.4822 | IoU: 0.3274 | Tversky: 0.4930 | Hausdorff: 246.7998 | HD95: 34.1332 | val_loss: 0.5714 | LR: 0.000125
2025-08-19 04:50:09 INFO Epoch 026 | Train Loss: 0.3519 | Val Loss: 0.5719 | Dice: 0.4954 | softDice: 0.4495 | clDice: 0.5498 | softclDice: 0.4815 | IoU: 0.3295 | Tversky: 0.4954 | Hausdorff: 226.8245 | HD95: 29.0464 | val_loss: 0.5719 | LR: 0.000125
2025-08-19 04:51:53 INFO Epoch 027 | Train Loss: 0.3504 | Val Loss: 0.5718 | Dice: 0.4923 | softDice: 0.4475 | clDice: 0.5454 | softclDice: 0.4851 | IoU: 0.3268 | Tversky: 0.4923 | Hausdorff: 228.5318 | HD95: 30.2492 | val_loss: 0.5718 | LR: 0.000125
2025-08-19 04:53:44 INFO Epoch 028 | Train Loss: 0.3504 | Val Loss: 0.5708 | Dice: 0.4880 | softDice: 0.4456 | clDice: 0.5356 | softclDice: 0.4923 | IoU: 0.3230 | Tversky: 0.4880 | Hausdorff: 245.1254 | HD95: 34.1407 | val_loss: 0.5708 | LR: 0.000125
2025-08-19 04:55:30 INFO Epoch 029 | Train Loss: 0.3519 | Val Loss: 0.5712 | Dice: 0.4823 | softDice: 0.4411 | clDice: 0.5290 | softclDice: 0.4983 | IoU: 0.3180 | Tversky: 0.4823 | Hausdorff: 188.5040 | HD95: 31.1409 | val_loss: 0.5712 | LR: 0.000125
2025-08-19 04:57:21 INFO Epoch 030 | Train Loss: 0.3515 | Val Loss: 0.5712 | Dice: 0.4907 | softDice: 0.4442 | clDice: 0.5426 | softclDice: 0.4907 | IoU: 0.3254 | Tversky: 0.4907 | Hausdorff: 209.2506 | HD95: 28.9763 | val_loss: 0.5712 | LR: 0.000125
2025-08-19 04:59:14 INFO Epoch 031 | Train Loss: 0.3495 | Val Loss: 0.5732 | Dice: 0.4971 | softDice: 0.4535 | clDice: 0.5517 | softclDice: 0.4769 | IoU: 0.3311 | Tversky: 0.4971 | Hausdorff: 189.9391 | HD95: 26.6994 | val_loss: 0.5732 | LR: 0.000063
2025-08-19 05:00:57 INFO Epoch 032 | Train Loss: 0.3485 | Val Loss: 0.5719 | Dice: 0.4893 | softDice: 0.4438 | clDice: 0.5417 | softclDice: 0.4895 | IoU: 0.3242 | Tversky: 0.4893 | Hausdorff: 196.5750 | HD95: 28.4611 | val_loss: 0.5719 | LR: 0.000063
2025-08-19 05:02:48 INFO Epoch 033 | Train Loss: 0.3489 | Val Loss: 0.5720 | Dice: 0.4903 | softDice: 0.4460 | clDice: 0.5410 | softclDice: 0.4892 | IoU: 0.3250 | Tversky: 0.4903 | Hausdorff: 214.7438 | HD95: 28.9196 | val_loss: 0.5720 | LR: 0.000063
2025-08-19 05:04:30 INFO Epoch 034 | Train Loss: 0.3470 | Val Loss: 0.5730 | Dice: 0.4881 | softDice: 0.4452 | clDice: 0.5384 | softclDice: 0.4913 | IoU: 0.3231 | Tversky: 0.4881 | Hausdorff: 211.3600 | HD95: 29.8761 | val_loss: 0.5730 | LR: 0.000063
2025-08-19 05:06:11 INFO Epoch 035 | Train Loss: 0.3480 | Val Loss: 0.5715 | Dice: 0.4865 | softDice: 0.4429 | clDice: 0.5349 | softclDice: 0.4935 | IoU: 0.3217 | Tversky: 0.4865 | Hausdorff: 207.1539 | HD95: 30.1290 | val_loss: 0.5715 | LR: 0.000063
2025-08-19 05:07:51 INFO Epoch 036 | Train Loss: 0.3437 | Val Loss: 0.5723 | Dice: 0.4889 | softDice: 0.4469 | clDice: 0.5386 | softclDice: 0.4883 | IoU: 0.3238 | Tversky: 0.4889 | Hausdorff: 227.8943 | HD95: 29.8892 | val_loss: 0.5723 | LR: 0.000063
2025-08-19 05:09:31 INFO Epoch 037 | Train Loss: 0.3474 | Val Loss: 0.5721 | Dice: 0.4858 | softDice: 0.4436 | clDice: 0.5343 | softclDice: 0.4918 | IoU: 0.3211 | Tversky: 0.4858 | Hausdorff: 204.2329 | HD95: 30.7054 | val_loss: 0.5721 | LR: 0.000031
2025-08-19 05:11:13 INFO Epoch 038 | Train Loss: 0.3472 | Val Loss: 0.5726 | Dice: 0.4906 | softDice: 0.4474 | clDice: 0.5430 | softclDice: 0.4865 | IoU: 0.3254 | Tversky: 0.4906 | Hausdorff: 218.4511 | HD95: 28.9839 | val_loss: 0.5726 | LR: 0.000031
2025-08-19 05:13:09 INFO Epoch 039 | Train Loss: 0.3452 | Val Loss: 0.5725 | Dice: 0.4873 | softDice: 0.4456 | clDice: 0.5382 | softclDice: 0.4900 | IoU: 0.3224 | Tversky: 0.4873 | Hausdorff: 210.6657 | HD95: 30.8947 | val_loss: 0.5725 | LR: 0.000031
2025-08-19 05:14:58 INFO Epoch 040 | Train Loss: 0.3449 | Val Loss: 0.5734 | Dice: 0.4895 | softDice: 0.4483 | clDice: 0.5401 | softclDice: 0.4868 | IoU: 0.3244 | Tversky: 0.4895 | Hausdorff: 227.5106 | HD95: 29.3051 | val_loss: 0.5734 | LR: 0.000031
2025-08-19 05:16:48 INFO Epoch 041 | Train Loss: 0.3440 | Val Loss: 0.5728 | Dice: 0.4911 | softDice: 0.4484 | clDice: 0.5437 | softclDice: 0.4846 | IoU: 0.3258 | Tversky: 0.4911 | Hausdorff: 226.3863 | HD95: 30.1480 | val_loss: 0.5728 | LR: 0.000031
2025-08-19 05:18:45 INFO Epoch 042 | Train Loss: 0.3428 | Val Loss: 0.5740 | Dice: 0.4871 | softDice: 0.4463 | clDice: 0.5364 | softclDice: 0.4903 | IoU: 0.3223 | Tversky: 0.4871 | Hausdorff: 222.6266 | HD95: 28.8874 | val_loss: 0.5740 | LR: 0.000031
2025-08-19 05:20:39 INFO Epoch 043 | Train Loss: 0.3463 | Val Loss: 0.5721 | Dice: 0.4911 | softDice: 0.4476 | clDice: 0.5438 | softclDice: 0.4855 | IoU: 0.3258 | Tversky: 0.4911 | Hausdorff: 229.9744 | HD95: 29.5021 | val_loss: 0.5721 | LR: 0.000016
2025-08-19 05:22:32 INFO Epoch 044 | Train Loss: 0.3445 | Val Loss: 0.5722 | Dice: 0.4887 | softDice: 0.4466 | clDice: 0.5388 | softclDice: 0.4887 | IoU: 0.3237 | Tversky: 0.4887 | Hausdorff: 219.6798 | HD95: 30.1691 | val_loss: 0.5722 | LR: 0.000016
2025-08-19 05:24:16 INFO Epoch 045 | Train Loss: 0.3434 | Val Loss: 0.5729 | Dice: 0.4907 | softDice: 0.4485 | clDice: 0.5429 | softclDice: 0.4856 | IoU: 0.3255 | Tversky: 0.4907 | Hausdorff: 223.6089 | HD95: 29.2432 | val_loss: 0.5729 | LR: 0.000016
2025-08-19 05:25:57 INFO Epoch 046 | Train Loss: 0.3438 | Val Loss: 0.5735 | Dice: 0.4893 | softDice: 0.4472 | clDice: 0.5401 | softclDice: 0.4875 | IoU: 0.3242 | Tversky: 0.4893 | Hausdorff: 219.7065 | HD95: 29.7004 | val_loss: 0.5735 | LR: 0.000016
2025-08-19 05:27:38 INFO Epoch 047 | Train Loss: 0.3454 | Val Loss: 0.5731 | Dice: 0.4882 | softDice: 0.4466 | clDice: 0.5388 | softclDice: 0.4887 | IoU: 0.3233 | Tversky: 0.4882 | Hausdorff: 219.4716 | HD95: 29.6672 | val_loss: 0.5731 | LR: 0.000016
2025-08-19 05:29:18 INFO Epoch 048 | Train Loss: 0.3453 | Val Loss: 0.5730 | Dice: 0.4880 | softDice: 0.4468 | clDice: 0.5383 | softclDice: 0.4891 | IoU: 0.3231 | Tversky: 0.4880 | Hausdorff: 218.7933 | HD95: 29.7203 | val_loss: 0.5730 | LR: 0.000016
2025-08-19 05:31:00 INFO Epoch 049 | Train Loss: 0.3442 | Val Loss: 0.5728 | Dice: 0.4886 | softDice: 0.4467 | clDice: 0.5386 | softclDice: 0.4890 | IoU: 0.3236 | Tversky: 0.4886 | Hausdorff: 218.9237 | HD95: 29.3709 | val_loss: 0.5728 | LR: 0.000008
2025-08-19 05:32:46 INFO Epoch 050 | Train Loss: 0.3432 | Val Loss: 0.5733 | Dice: 0.4895 | softDice: 0.4477 | clDice: 0.5406 | softclDice: 0.4875 | IoU: 0.3244 | Tversky: 0.4895 | Hausdorff: 219.0974 | HD95: 28.6849 | val_loss: 0.5733 | LR: 0.000008
2025-08-19 05:32:46 INFO Training completed.
2025-08-19 05:33:34 INFO Fold 4 results: Dice: 0.3677 | softDice: 0.2559 | clDice: 0.4109 | softclDice: 0.7740 | IoU: 0.2253 | Tversky: 0.3677 | Hausdorff: 376.8114 | HD95: 75.3641 | val_loss: 0.5869
2025-08-19 05:33:34 INFO ===== Fold 5 / 5 =====
2025-08-19 05:33:34 INFO Loading model unet with settings {'name': 'unet', 'encoder_name': 'se_resnext50_32x4d', 'encoder_weights': 'imagenet', 'classes': 1, 'activation': None, 'dropout': 0.2}
2025-08-19 05:35:17 INFO Epoch 001 | Train Loss: 0.5394 | Val Loss: 0.5823 | Dice: 0.4311 | softDice: 0.3029 | clDice: 0.4872 | softclDice: 0.6906 | IoU: 0.2751 | Tversky: 0.4311 | Hausdorff: 664.8662 | HD95: 69.5229 | val_loss: 0.5823 | LR: 0.001000
2025-08-19 05:37:03 INFO Epoch 002 | Train Loss: 0.4110 | Val Loss: 0.5672 | Dice: 0.4535 | softDice: 0.3811 | clDice: 0.5079 | softclDice: 0.5660 | IoU: 0.2935 | Tversky: 0.4535 | Hausdorff: 261.4692 | HD95: 45.5463 | val_loss: 0.5672 | LR: 0.001000
2025-08-19 05:38:53 INFO Epoch 003 | Train Loss: 0.3875 | Val Loss: 0.5708 | Dice: 0.4710 | softDice: 0.4236 | clDice: 0.5360 | softclDice: 0.5086 | IoU: 0.3083 | Tversky: 0.4710 | Hausdorff: 230.0140 | HD95: 51.2402 | val_loss: 0.5708 | LR: 0.001000
2025-08-19 05:40:47 INFO Epoch 004 | Train Loss: 0.3805 | Val Loss: 0.5666 | Dice: 0.4781 | softDice: 0.4213 | clDice: 0.5349 | softclDice: 0.5057 | IoU: 0.3145 | Tversky: 0.4781 | Hausdorff: 212.9314 | HD95: 37.6857 | val_loss: 0.5666 | LR: 0.001000
2025-08-19 05:42:39 INFO Epoch 005 | Train Loss: 0.3798 | Val Loss: 0.5693 | Dice: 0.4706 | softDice: 0.4289 | clDice: 0.5300 | softclDice: 0.5064 | IoU: 0.3080 | Tversky: 0.4706 | Hausdorff: 246.9389 | HD95: 50.4076 | val_loss: 0.5693 | LR: 0.001000
2025-08-19 05:44:31 INFO Epoch 006 | Train Loss: 0.3759 | Val Loss: 0.5635 | Dice: 0.4780 | softDice: 0.4279 | clDice: 0.5356 | softclDice: 0.4991 | IoU: 0.3144 | Tversky: 0.4780 | Hausdorff: 224.0566 | HD95: 45.1625 | val_loss: 0.5635 | LR: 0.001000
2025-08-19 05:46:12 INFO Epoch 007 | Train Loss: 0.3718 | Val Loss: 0.5669 | Dice: 0.4825 | softDice: 0.4265 | clDice: 0.5496 | softclDice: 0.4886 | IoU: 0.3183 | Tversky: 0.4825 | Hausdorff: 212.2578 | HD95: 36.9209 | val_loss: 0.5669 | LR: 0.001000
2025-08-19 05:47:54 INFO Epoch 008 | Train Loss: 0.3750 | Val Loss: 0.5655 | Dice: 0.4660 | softDice: 0.4239 | clDice: 0.5185 | softclDice: 0.5077 | IoU: 0.3040 | Tversky: 0.4660 | Hausdorff: 235.0589 | HD95: 60.2667 | val_loss: 0.5655 | LR: 0.001000
2025-08-19 05:49:33 INFO Epoch 009 | Train Loss: 0.3698 | Val Loss: 0.5651 | Dice: 0.4785 | softDice: 0.4348 | clDice: 0.5352 | softclDice: 0.4950 | IoU: 0.3148 | Tversky: 0.4785 | Hausdorff: 215.4633 | HD95: 43.4958 | val_loss: 0.5651 | LR: 0.001000
2025-08-19 05:51:10 INFO Epoch 010 | Train Loss: 0.3702 | Val Loss: 0.5666 | Dice: 0.4793 | softDice: 0.4332 | clDice: 0.5368 | softclDice: 0.4959 | IoU: 0.3156 | Tversky: 0.4793 | Hausdorff: 215.4369 | HD95: 38.7422 | val_loss: 0.5666 | LR: 0.001000
2025-08-19 05:52:52 INFO Epoch 011 | Train Loss: 0.3709 | Val Loss: 0.5647 | Dice: 0.4824 | softDice: 0.4321 | clDice: 0.5445 | softclDice: 0.4872 | IoU: 0.3182 | Tversky: 0.4824 | Hausdorff: 212.4810 | HD95: 37.7579 | val_loss: 0.5647 | LR: 0.001000
2025-08-19 05:54:30 INFO Epoch 012 | Train Loss: 0.3672 | Val Loss: 0.5608 | Dice: 0.4736 | softDice: 0.4255 | clDice: 0.5253 | softclDice: 0.5111 | IoU: 0.3106 | Tversky: 0.4736 | Hausdorff: 221.4371 | HD95: 49.6340 | val_loss: 0.5608 | LR: 0.001000
2025-08-19 05:56:16 INFO Epoch 013 | Train Loss: 0.3693 | Val Loss: 0.5681 | Dice: 0.4855 | softDice: 0.4336 | clDice: 0.5513 | softclDice: 0.4856 | IoU: 0.3209 | Tversky: 0.4855 | Hausdorff: 211.0666 | HD95: 38.4828 | val_loss: 0.5681 | LR: 0.001000
2025-08-19 05:58:02 INFO Epoch 014 | Train Loss: 0.3683 | Val Loss: 0.5634 | Dice: 0.4845 | softDice: 0.4401 | clDice: 0.5393 | softclDice: 0.4887 | IoU: 0.3200 | Tversky: 0.4845 | Hausdorff: 232.7688 | HD95: 40.0777 | val_loss: 0.5634 | LR: 0.001000
2025-08-19 05:59:41 INFO Epoch 015 | Train Loss: 0.3661 | Val Loss: 0.5639 | Dice: 0.4857 | softDice: 0.4404 | clDice: 0.5440 | softclDice: 0.4847 | IoU: 0.3211 | Tversky: 0.4857 | Hausdorff: 202.7318 | HD95: 36.5773 | val_loss: 0.5639 | LR: 0.001000
2025-08-19 06:01:22 INFO Epoch 016 | Train Loss: 0.3643 | Val Loss: 0.5646 | Dice: 0.4865 | softDice: 0.4396 | clDice: 0.5463 | softclDice: 0.4857 | IoU: 0.3218 | Tversky: 0.4865 | Hausdorff: 203.3666 | HD95: 35.9662 | val_loss: 0.5646 | LR: 0.001000
2025-08-19 06:03:02 INFO Epoch 017 | Train Loss: 0.3656 | Val Loss: 0.5651 | Dice: 0.4842 | softDice: 0.4405 | clDice: 0.5456 | softclDice: 0.4821 | IoU: 0.3198 | Tversky: 0.4842 | Hausdorff: 216.8459 | HD95: 42.4558 | val_loss: 0.5651 | LR: 0.001000
2025-08-19 06:04:42 INFO Epoch 018 | Train Loss: 0.3642 | Val Loss: 0.5649 | Dice: 0.4857 | softDice: 0.4406 | clDice: 0.5474 | softclDice: 0.4828 | IoU: 0.3210 | Tversky: 0.4857 | Hausdorff: 223.2257 | HD95: 37.4065 | val_loss: 0.5649 | LR: 0.000500
2025-08-19 06:06:21 INFO Epoch 019 | Train Loss: 0.3626 | Val Loss: 0.5618 | Dice: 0.4820 | softDice: 0.4371 | clDice: 0.5353 | softclDice: 0.4921 | IoU: 0.3179 | Tversky: 0.4820 | Hausdorff: 229.4140 | HD95: 39.6927 | val_loss: 0.5618 | LR: 0.000500
2025-08-19 06:08:00 INFO Epoch 020 | Train Loss: 0.3587 | Val Loss: 0.5634 | Dice: 0.4847 | softDice: 0.4422 | clDice: 0.5387 | softclDice: 0.4873 | IoU: 0.3202 | Tversky: 0.4847 | Hausdorff: 221.4995 | HD95: 40.8427 | val_loss: 0.5634 | LR: 0.000500
2025-08-19 06:09:44 INFO Epoch 021 | Train Loss: 0.3578 | Val Loss: 0.5653 | Dice: 0.4929 | softDice: 0.4435 | clDice: 0.5517 | softclDice: 0.4818 | IoU: 0.3274 | Tversky: 0.4929 | Hausdorff: 223.7893 | HD95: 33.3105 | val_loss: 0.5653 | LR: 0.000500
2025-08-19 06:11:26 INFO Epoch 022 | Train Loss: 0.3588 | Val Loss: 0.5635 | Dice: 0.4797 | softDice: 0.4386 | clDice: 0.5323 | softclDice: 0.4937 | IoU: 0.3159 | Tversky: 0.4797 | Hausdorff: 239.4167 | HD95: 43.3493 | val_loss: 0.5635 | LR: 0.000500
2025-08-19 06:13:08 INFO Epoch 023 | Train Loss: 0.3577 | Val Loss: 0.5643 | Dice: 0.4864 | softDice: 0.4458 | clDice: 0.5394 | softclDice: 0.4861 | IoU: 0.3217 | Tversky: 0.4864 | Hausdorff: 231.1508 | HD95: 35.0277 | val_loss: 0.5643 | LR: 0.000500
2025-08-19 06:14:48 INFO Epoch 024 | Train Loss: 0.3570 | Val Loss: 0.5628 | Dice: 0.4852 | softDice: 0.4416 | clDice: 0.5384 | softclDice: 0.4886 | IoU: 0.3207 | Tversky: 0.4852 | Hausdorff: 229.0456 | HD95: 35.8461 | val_loss: 0.5628 | LR: 0.000250
2025-08-19 06:16:30 INFO Epoch 025 | Train Loss: 0.3540 | Val Loss: 0.5643 | Dice: 0.4902 | softDice: 0.4491 | clDice: 0.5451 | softclDice: 0.4802 | IoU: 0.3250 | Tversky: 0.4902 | Hausdorff: 199.1514 | HD95: 32.8583 | val_loss: 0.5643 | LR: 0.000250
2025-08-19 06:18:13 INFO Epoch 026 | Train Loss: 0.3526 | Val Loss: 0.5641 | Dice: 0.4896 | softDice: 0.4470 | clDice: 0.5466 | softclDice: 0.4796 | IoU: 0.3245 | Tversky: 0.4896 | Hausdorff: 202.8511 | HD95: 33.5897 | val_loss: 0.5641 | LR: 0.000250
2025-08-19 06:19:54 INFO Epoch 027 | Train Loss: 0.3539 | Val Loss: 0.5645 | Dice: 0.4872 | softDice: 0.4464 | clDice: 0.5449 | softclDice: 0.4816 | IoU: 0.3224 | Tversky: 0.4872 | Hausdorff: 237.3322 | HD95: 36.7130 | val_loss: 0.5645 | LR: 0.000250
2025-08-19 06:21:35 INFO Epoch 028 | Train Loss: 0.3534 | Val Loss: 0.5641 | Dice: 0.4890 | softDice: 0.4477 | clDice: 0.5448 | softclDice: 0.4812 | IoU: 0.3240 | Tversky: 0.4890 | Hausdorff: 218.1572 | HD95: 35.0832 | val_loss: 0.5641 | LR: 0.000250
2025-08-19 06:23:22 INFO Epoch 029 | Train Loss: 0.3553 | Val Loss: 0.5650 | Dice: 0.4925 | softDice: 0.4506 | clDice: 0.5489 | softclDice: 0.4784 | IoU: 0.3270 | Tversky: 0.4925 | Hausdorff: 208.6986 | HD95: 34.3436 | val_loss: 0.5650 | LR: 0.000250
2025-08-19 06:24:59 INFO Epoch 030 | Train Loss: 0.3526 | Val Loss: 0.5633 | Dice: 0.4873 | softDice: 0.4456 | clDice: 0.5386 | softclDice: 0.4884 | IoU: 0.3226 | Tversky: 0.4873 | Hausdorff: 211.3949 | HD95: 37.2319 | val_loss: 0.5633 | LR: 0.000125
2025-08-19 06:26:40 INFO Epoch 031 | Train Loss: 0.3513 | Val Loss: 0.5648 | Dice: 0.4860 | softDice: 0.4467 | clDice: 0.5400 | softclDice: 0.4851 | IoU: 0.3213 | Tversky: 0.4860 | Hausdorff: 213.7465 | HD95: 37.4459 | val_loss: 0.5648 | LR: 0.000125
2025-08-19 06:28:25 INFO Epoch 032 | Train Loss: 0.3515 | Val Loss: 0.5658 | Dice: 0.4885 | softDice: 0.4487 | clDice: 0.5431 | softclDice: 0.4812 | IoU: 0.3235 | Tversky: 0.4885 | Hausdorff: 204.9316 | HD95: 34.3967 | val_loss: 0.5658 | LR: 0.000125
2025-08-19 06:30:01 INFO Epoch 033 | Train Loss: 0.3484 | Val Loss: 0.5653 | Dice: 0.4861 | softDice: 0.4468 | clDice: 0.5411 | softclDice: 0.4845 | IoU: 0.3215 | Tversky: 0.4861 | Hausdorff: 211.9806 | HD95: 33.3090 | val_loss: 0.5653 | LR: 0.000125
2025-08-19 06:31:43 INFO Epoch 034 | Train Loss: 0.3508 | Val Loss: 0.5648 | Dice: 0.4914 | softDice: 0.4494 | clDice: 0.5506 | softclDice: 0.4770 | IoU: 0.3261 | Tversky: 0.4914 | Hausdorff: 204.9459 | HD95: 34.1504 | val_loss: 0.5648 | LR: 0.000125
2025-08-19 06:33:25 INFO Epoch 035 | Train Loss: 0.3531 | Val Loss: 0.5645 | Dice: 0.4894 | softDice: 0.4487 | clDice: 0.5466 | softclDice: 0.4792 | IoU: 0.3244 | Tversky: 0.4894 | Hausdorff: 218.7697 | HD95: 36.1092 | val_loss: 0.5645 | LR: 0.000125
2025-08-19 06:35:04 INFO Epoch 036 | Train Loss: 0.3465 | Val Loss: 0.5663 | Dice: 0.4879 | softDice: 0.4504 | clDice: 0.5452 | softclDice: 0.4799 | IoU: 0.3230 | Tversky: 0.4879 | Hausdorff: 223.3219 | HD95: 36.9044 | val_loss: 0.5663 | LR: 0.000063
2025-08-19 06:36:48 INFO Epoch 037 | Train Loss: 0.3512 | Val Loss: 0.5644 | Dice: 0.4882 | softDice: 0.4470 | clDice: 0.5442 | softclDice: 0.4833 | IoU: 0.3233 | Tversky: 0.4882 | Hausdorff: 223.1047 | HD95: 33.6232 | val_loss: 0.5644 | LR: 0.000063
2025-08-19 06:38:26 INFO Epoch 038 | Train Loss: 0.3469 | Val Loss: 0.5654 | Dice: 0.4873 | softDice: 0.4488 | clDice: 0.5433 | softclDice: 0.4821 | IoU: 0.3224 | Tversky: 0.4873 | Hausdorff: 234.0606 | HD95: 35.9491 | val_loss: 0.5654 | LR: 0.000063
2025-08-19 06:40:04 INFO Epoch 039 | Train Loss: 0.3473 | Val Loss: 0.5645 | Dice: 0.4834 | softDice: 0.4445 | clDice: 0.5354 | softclDice: 0.4910 | IoU: 0.3191 | Tversky: 0.4834 | Hausdorff: 234.7925 | HD95: 36.4372 | val_loss: 0.5645 | LR: 0.000063
2025-08-19 06:41:47 INFO Epoch 040 | Train Loss: 0.3496 | Val Loss: 0.5646 | Dice: 0.4891 | softDice: 0.4483 | clDice: 0.5456 | softclDice: 0.4821 | IoU: 0.3241 | Tversky: 0.4891 | Hausdorff: 203.8026 | HD95: 33.8829 | val_loss: 0.5646 | LR: 0.000063
2025-08-19 06:43:31 INFO Epoch 041 | Train Loss: 0.3452 | Val Loss: 0.5644 | Dice: 0.4869 | softDice: 0.4466 | clDice: 0.5402 | softclDice: 0.4867 | IoU: 0.3221 | Tversky: 0.4869 | Hausdorff: 226.7281 | HD95: 36.0057 | val_loss: 0.5644 | LR: 0.000063
2025-08-19 06:45:14 INFO Epoch 042 | Train Loss: 0.3457 | Val Loss: 0.5654 | Dice: 0.4873 | softDice: 0.4482 | clDice: 0.5421 | softclDice: 0.4838 | IoU: 0.3225 | Tversky: 0.4873 | Hausdorff: 215.7485 | HD95: 33.7043 | val_loss: 0.5654 | LR: 0.000031
2025-08-19 06:46:59 INFO Epoch 043 | Train Loss: 0.3476 | Val Loss: 0.5651 | Dice: 0.4895 | softDice: 0.4489 | clDice: 0.5453 | softclDice: 0.4820 | IoU: 0.3244 | Tversky: 0.4895 | Hausdorff: 206.2879 | HD95: 32.5799 | val_loss: 0.5651 | LR: 0.000031
2025-08-19 06:48:44 INFO Epoch 044 | Train Loss: 0.3481 | Val Loss: 0.5650 | Dice: 0.4887 | softDice: 0.4479 | clDice: 0.5446 | softclDice: 0.4826 | IoU: 0.3237 | Tversky: 0.4887 | Hausdorff: 203.1550 | HD95: 33.1369 | val_loss: 0.5650 | LR: 0.000031
2025-08-19 06:50:30 INFO Epoch 045 | Train Loss: 0.3480 | Val Loss: 0.5648 | Dice: 0.4876 | softDice: 0.4473 | clDice: 0.5419 | softclDice: 0.4841 | IoU: 0.3228 | Tversky: 0.4876 | Hausdorff: 217.2046 | HD95: 34.5054 | val_loss: 0.5648 | LR: 0.000031
2025-08-19 06:52:11 INFO Epoch 046 | Train Loss: 0.3461 | Val Loss: 0.5654 | Dice: 0.4869 | softDice: 0.4475 | clDice: 0.5426 | softclDice: 0.4839 | IoU: 0.3222 | Tversky: 0.4869 | Hausdorff: 227.2690 | HD95: 34.8295 | val_loss: 0.5654 | LR: 0.000031
2025-08-19 06:53:53 INFO Epoch 047 | Train Loss: 0.3467 | Val Loss: 0.5653 | Dice: 0.4859 | softDice: 0.4465 | clDice: 0.5398 | softclDice: 0.4869 | IoU: 0.3213 | Tversky: 0.4859 | Hausdorff: 217.8232 | HD95: 34.4249 | val_loss: 0.5653 | LR: 0.000031
2025-08-19 06:55:32 INFO Epoch 048 | Train Loss: 0.3464 | Val Loss: 0.5653 | Dice: 0.4884 | softDice: 0.4482 | clDice: 0.5445 | softclDice: 0.4833 | IoU: 0.3234 | Tversky: 0.4884 | Hausdorff: 218.0703 | HD95: 33.2227 | val_loss: 0.5653 | LR: 0.000016
2025-08-19 06:57:13 INFO Epoch 049 | Train Loss: 0.3438 | Val Loss: 0.5653 | Dice: 0.4850 | softDice: 0.4461 | clDice: 0.5385 | softclDice: 0.4880 | IoU: 0.3205 | Tversky: 0.4850 | Hausdorff: 219.1484 | HD95: 34.5672 | val_loss: 0.5653 | LR: 0.000016
2025-08-19 06:58:52 INFO Epoch 050 | Train Loss: 0.3497 | Val Loss: 0.5652 | Dice: 0.4851 | softDice: 0.4455 | clDice: 0.5387 | softclDice: 0.4882 | IoU: 0.3205 | Tversky: 0.4851 | Hausdorff: 218.6231 | HD95: 34.1944 | val_loss: 0.5652 | LR: 0.000016
2025-08-19 06:58:52 INFO Training completed.
2025-08-19 06:59:40 INFO Fold 5 results: Dice: 0.4311 | softDice: 0.3029 | clDice: 0.4872 | softclDice: 0.6906 | IoU: 0.2751 | Tversky: 0.4311 | Hausdorff: 664.8662 | HD95: 69.5229 | val_loss: 0.5823
2025-08-19 06:59:40 INFO ===== Cross-validation results =====
2025-08-19 06:59:40 INFO Dice: 0.3751 | softDice: 0.2515 | clDice: 0.4244 | softclDice: 0.7625 | IoU: 0.2320 | Tversky: 0.3751 | Hausdorff: 475.8379 | HD95: 90.5832 | val_loss: 0.6014
