2025-08-18 23:32:45 INFO Starting training with configuration: {'model': {'name': 'unet', 'encoder_name': 'se_resnext50_32x4d', 'encoder_weights': 'imagenet', 'classes': 1, 'activation': None, 'dropout': 0.2}, 'dataset': {'root': '/data/smadper@alumno.upv.es/TFM/datasets/laticifers', 'patch_size': [512, 512], 'stride': [256, 256], 'num_patches': 50, 'num_workers': 4, 'feature_dirs': {'image': '/data/smadper@alumno.upv.es/TFM/datasets/laticifers/enhanced_images', 'mask': '/data/smadper@alumno.upv.es/TFM/datasets/laticifers/masks', 'distance': '/data/smadper@alumno.upv.es/TFM/datasets/laticifers/distance_maps_pt'}}, 'train': {'batch_size': 32, 'num_epochs': 50, 'learning_rate': 0.001, 'accumulation_steps': 1, 'save_dir': '/data/smadper@alumno.upv.es/TFM/checkpoints_cv2/unet/20250818_233245_unet_se_resnext50_32x4d_dice_cldice0.1', 'log_interval': 1, 'patience': 100, 'mixed_precision': True, 'experiment_name': 'unet_se_resnext50_32x4d_dice_cldice0.1', 'timestamp': '20250818_233245'}, 'test': {'batch_size': 1}, 'loss': {'name': 'dice_cldice', 'cldice_alpha': 0.2, 'use_topographic': False, 'combine_with': None, 'weights': {'main': 1.0, 'combined': 0.0}, 'topo': {'alpha': 2.0, 'beta': 1.0}}}
2025-08-18 23:32:45 INFO Experiment name: unet_se_resnext50_32x4d_dice_cldice0.1
2025-08-18 23:32:45 INFO ===== Fold 1 / 5 =====
2025-08-18 23:32:45 INFO Loading model unet with settings {'name': 'unet', 'encoder_name': 'se_resnext50_32x4d', 'encoder_weights': 'imagenet', 'classes': 1, 'activation': None, 'dropout': 0.2}
2025-08-18 23:36:19 INFO Epoch 001 | Train Loss: 0.7796 | Val Loss: 1.0000 | Dice: 0.3513 | softDice: 0.2396 | clDice: 0.4583 | softclDice: 0.6124 | IoU: 0.2133 | Tversky: 0.3513 | Hausdorff: 646.1337 | HD95: 96.0246 | val_loss: 1.0000 | LR: 0.001000
2025-08-18 23:39:46 INFO Epoch 002 | Train Loss: 0.6372 | Val Loss: 0.9654 | Dice: 0.3908 | softDice: 0.3383 | clDice: 0.4596 | softclDice: 0.5749 | IoU: 0.2430 | Tversky: 0.3908 | Hausdorff: 403.9448 | HD95: 81.5339 | val_loss: 0.9654 | LR: 0.001000
2025-08-18 23:43:11 INFO Epoch 003 | Train Loss: 0.5701 | Val Loss: 0.9564 | Dice: 0.4365 | softDice: 0.4103 | clDice: 0.5097 | softclDice: 0.4940 | IoU: 0.2792 | Tversky: 0.4365 | Hausdorff: 252.1135 | HD95: 58.4105 | val_loss: 0.9564 | LR: 0.001000
2025-08-18 23:46:35 INFO Epoch 004 | Train Loss: 0.5536 | Val Loss: 1.0000 | Dice: 0.4402 | softDice: 0.4294 | clDice: 0.4943 | softclDice: 0.5094 | IoU: 0.2824 | Tversky: 0.4402 | Hausdorff: 606.2439 | HD95: 65.5166 | val_loss: 1.0000 | LR: 0.001000
2025-08-18 23:49:59 INFO Epoch 005 | Train Loss: 0.5469 | Val Loss: 0.9537 | Dice: 0.4504 | softDice: 0.4443 | clDice: 0.5256 | softclDice: 0.4635 | IoU: 0.2907 | Tversky: 0.4504 | Hausdorff: 385.1773 | HD95: 61.7472 | val_loss: 0.9537 | LR: 0.001000
2025-08-18 23:53:24 INFO Epoch 006 | Train Loss: 0.5363 | Val Loss: 0.9701 | Dice: 0.4424 | softDice: 0.4365 | clDice: 0.5104 | softclDice: 0.4824 | IoU: 0.2841 | Tversky: 0.4424 | Hausdorff: 626.8513 | HD95: 71.4988 | val_loss: 0.9701 | LR: 0.001000
2025-08-18 23:56:48 INFO Epoch 007 | Train Loss: 0.5370 | Val Loss: 0.9547 | Dice: 0.4538 | softDice: 0.4477 | clDice: 0.5242 | softclDice: 0.4639 | IoU: 0.2936 | Tversky: 0.4538 | Hausdorff: 384.9152 | HD95: 55.9795 | val_loss: 0.9547 | LR: 0.001000
2025-08-19 00:00:10 INFO Epoch 008 | Train Loss: 0.5375 | Val Loss: 1.0000 | Dice: 0.4455 | softDice: 0.4418 | clDice: 0.5161 | softclDice: 0.4795 | IoU: 0.2867 | Tversky: 0.4455 | Hausdorff: 438.4578 | HD95: 68.1862 | val_loss: 1.0000 | LR: 0.001000
2025-08-19 00:03:32 INFO Epoch 009 | Train Loss: 0.5321 | Val Loss: 0.9544 | Dice: 0.4621 | softDice: 0.4562 | clDice: 0.5330 | softclDice: 0.4670 | IoU: 0.3007 | Tversky: 0.4621 | Hausdorff: 401.6739 | HD95: 58.4852 | val_loss: 0.9544 | LR: 0.001000
2025-08-19 00:06:57 INFO Epoch 010 | Train Loss: 0.5242 | Val Loss: 0.9529 | Dice: 0.4613 | softDice: 0.4572 | clDice: 0.5464 | softclDice: 0.4503 | IoU: 0.2999 | Tversky: 0.4613 | Hausdorff: 420.5060 | HD95: 54.8178 | val_loss: 0.9529 | LR: 0.001000
2025-08-19 00:10:18 INFO Epoch 011 | Train Loss: 0.5252 | Val Loss: 0.9703 | Dice: 0.4527 | softDice: 0.4474 | clDice: 0.5339 | softclDice: 0.4667 | IoU: 0.2928 | Tversky: 0.4527 | Hausdorff: 378.4308 | HD95: 59.1033 | val_loss: 0.9703 | LR: 0.001000
2025-08-19 00:13:41 INFO Epoch 012 | Train Loss: 0.5156 | Val Loss: 0.9844 | Dice: 0.4582 | softDice: 0.4543 | clDice: 0.5266 | softclDice: 0.4554 | IoU: 0.2974 | Tversky: 0.4582 | Hausdorff: 262.8047 | HD95: 53.5134 | val_loss: 0.9844 | LR: 0.001000
2025-08-19 00:17:03 INFO Epoch 013 | Train Loss: 0.5253 | Val Loss: 0.9534 | Dice: 0.4504 | softDice: 0.4463 | clDice: 0.5283 | softclDice: 0.4606 | IoU: 0.2909 | Tversky: 0.4504 | Hausdorff: 524.6536 | HD95: 61.9429 | val_loss: 0.9534 | LR: 0.001000
2025-08-19 00:20:25 INFO Epoch 014 | Train Loss: 0.5188 | Val Loss: 0.9675 | Dice: 0.4570 | softDice: 0.4528 | clDice: 0.5332 | softclDice: 0.4515 | IoU: 0.2963 | Tversky: 0.4570 | Hausdorff: 421.3773 | HD95: 52.6597 | val_loss: 0.9675 | LR: 0.001000
2025-08-19 00:23:48 INFO Epoch 015 | Train Loss: 0.5246 | Val Loss: 0.9512 | Dice: 0.4618 | softDice: 0.4586 | clDice: 0.5438 | softclDice: 0.4413 | IoU: 0.3004 | Tversky: 0.4618 | Hausdorff: 230.9671 | HD95: 57.1708 | val_loss: 0.9512 | LR: 0.001000
2025-08-19 00:27:06 INFO Epoch 016 | Train Loss: 0.5185 | Val Loss: 0.9840 | Dice: 0.4652 | softDice: 0.4481 | clDice: 0.5394 | softclDice: 0.4598 | IoU: 0.3032 | Tversky: 0.4652 | Hausdorff: 313.1455 | HD95: 59.2367 | val_loss: 0.9840 | LR: 0.001000
2025-08-19 00:30:29 INFO Epoch 017 | Train Loss: 0.5170 | Val Loss: 0.9706 | Dice: 0.4433 | softDice: 0.4393 | clDice: 0.5132 | softclDice: 0.4685 | IoU: 0.2849 | Tversky: 0.4433 | Hausdorff: 396.7527 | HD95: 58.5289 | val_loss: 0.9706 | LR: 0.001000
2025-08-19 00:33:50 INFO Epoch 018 | Train Loss: 0.5161 | Val Loss: 0.9843 | Dice: 0.4676 | softDice: 0.4628 | clDice: 0.5369 | softclDice: 0.4603 | IoU: 0.3054 | Tversky: 0.4676 | Hausdorff: 239.9197 | HD95: 55.1804 | val_loss: 0.9843 | LR: 0.001000
2025-08-19 00:37:15 INFO Epoch 019 | Train Loss: 0.5206 | Val Loss: 0.9678 | Dice: 0.4561 | softDice: 0.4529 | clDice: 0.5300 | softclDice: 0.4484 | IoU: 0.2956 | Tversky: 0.4561 | Hausdorff: 246.9952 | HD95: 56.7809 | val_loss: 0.9678 | LR: 0.001000
2025-08-19 00:40:37 INFO Epoch 020 | Train Loss: 0.5134 | Val Loss: 1.0000 | Dice: 0.4612 | softDice: 0.4581 | clDice: 0.5427 | softclDice: 0.4491 | IoU: 0.2999 | Tversky: 0.4612 | Hausdorff: 242.5089 | HD95: 52.7455 | val_loss: 1.0000 | LR: 0.001000
2025-08-19 00:43:59 INFO Epoch 021 | Train Loss: 0.5199 | Val Loss: 0.9520 | Dice: 0.4692 | softDice: 0.4649 | clDice: 0.5527 | softclDice: 0.4361 | IoU: 0.3067 | Tversky: 0.4692 | Hausdorff: 255.9840 | HD95: 54.8576 | val_loss: 0.9520 | LR: 0.000500
2025-08-19 00:47:23 INFO Epoch 022 | Train Loss: 0.5158 | Val Loss: 1.0000 | Dice: 0.4593 | softDice: 0.4550 | clDice: 0.5329 | softclDice: 0.4589 | IoU: 0.2984 | Tversky: 0.4593 | Hausdorff: 401.0613 | HD95: 48.8359 | val_loss: 1.0000 | LR: 0.000500
2025-08-19 00:50:43 INFO Epoch 023 | Train Loss: 0.5093 | Val Loss: 1.0000 | Dice: 0.4565 | softDice: 0.4539 | clDice: 0.5340 | softclDice: 0.4630 | IoU: 0.2959 | Tversky: 0.4565 | Hausdorff: 437.4160 | HD95: 57.2702 | val_loss: 1.0000 | LR: 0.000500
2025-08-19 00:54:05 INFO Epoch 024 | Train Loss: 0.5101 | Val Loss: 1.0000 | Dice: 0.4667 | softDice: 0.4634 | clDice: 0.5429 | softclDice: 0.4510 | IoU: 0.3046 | Tversky: 0.4667 | Hausdorff: 415.1142 | HD95: 48.5064 | val_loss: 1.0000 | LR: 0.000500
2025-08-19 00:57:28 INFO Epoch 025 | Train Loss: 0.5026 | Val Loss: 1.0000 | Dice: 0.4688 | softDice: 0.4638 | clDice: 0.5400 | softclDice: 0.4461 | IoU: 0.3064 | Tversky: 0.4688 | Hausdorff: 406.6078 | HD95: 51.2274 | val_loss: 1.0000 | LR: 0.000500
2025-08-19 01:00:48 INFO Epoch 026 | Train Loss: 0.5058 | Val Loss: 1.0000 | Dice: 0.4750 | softDice: 0.4713 | clDice: 0.5521 | softclDice: 0.4424 | IoU: 0.3117 | Tversky: 0.4750 | Hausdorff: 234.6937 | HD95: 47.3720 | val_loss: 1.0000 | LR: 0.000500
2025-08-19 01:04:09 INFO Epoch 027 | Train Loss: 0.5069 | Val Loss: 1.0000 | Dice: 0.4737 | softDice: 0.4676 | clDice: 0.5443 | softclDice: 0.4459 | IoU: 0.3105 | Tversky: 0.4737 | Hausdorff: 689.6582 | HD95: 52.6493 | val_loss: 1.0000 | LR: 0.000250
2025-08-19 01:07:30 INFO Epoch 028 | Train Loss: 0.5051 | Val Loss: 1.0000 | Dice: 0.4657 | softDice: 0.4615 | clDice: 0.5362 | softclDice: 0.4496 | IoU: 0.3038 | Tversky: 0.4657 | Hausdorff: 381.7770 | HD95: 46.3207 | val_loss: 1.0000 | LR: 0.000250
2025-08-19 01:10:51 INFO Epoch 029 | Train Loss: 0.5004 | Val Loss: 1.0000 | Dice: 0.4730 | softDice: 0.4670 | clDice: 0.5410 | softclDice: 0.4468 | IoU: 0.3100 | Tversky: 0.4730 | Hausdorff: 386.3251 | HD95: 49.1117 | val_loss: 1.0000 | LR: 0.000250
2025-08-19 01:14:14 INFO Epoch 030 | Train Loss: 0.5032 | Val Loss: 1.0000 | Dice: 0.4710 | softDice: 0.4656 | clDice: 0.5426 | softclDice: 0.4459 | IoU: 0.3082 | Tversky: 0.4710 | Hausdorff: 235.0089 | HD95: 45.2137 | val_loss: 1.0000 | LR: 0.000250
2025-08-19 01:17:33 INFO Epoch 031 | Train Loss: 0.5008 | Val Loss: 1.0000 | Dice: 0.4736 | softDice: 0.4695 | clDice: 0.5491 | softclDice: 0.4433 | IoU: 0.3104 | Tversky: 0.4736 | Hausdorff: 500.8611 | HD95: 44.0119 | val_loss: 1.0000 | LR: 0.000250
2025-08-19 01:20:58 INFO Epoch 032 | Train Loss: 0.4985 | Val Loss: 1.0000 | Dice: 0.4787 | softDice: 0.4750 | clDice: 0.5547 | softclDice: 0.4383 | IoU: 0.3148 | Tversky: 0.4787 | Hausdorff: 402.4477 | HD95: 43.1157 | val_loss: 1.0000 | LR: 0.000250
2025-08-19 01:24:17 INFO Epoch 033 | Train Loss: 0.5013 | Val Loss: 1.0000 | Dice: 0.4750 | softDice: 0.4703 | clDice: 0.5466 | softclDice: 0.4432 | IoU: 0.3117 | Tversky: 0.4750 | Hausdorff: 237.2970 | HD95: 43.8345 | val_loss: 1.0000 | LR: 0.000125
2025-08-19 01:27:39 INFO Epoch 034 | Train Loss: 0.4971 | Val Loss: 1.0000 | Dice: 0.4737 | softDice: 0.4695 | clDice: 0.5501 | softclDice: 0.4396 | IoU: 0.3105 | Tversky: 0.4737 | Hausdorff: 381.4036 | HD95: 46.2546 | val_loss: 1.0000 | LR: 0.000125
2025-08-19 01:31:00 INFO Epoch 035 | Train Loss: 0.4973 | Val Loss: 1.0000 | Dice: 0.4792 | softDice: 0.4746 | clDice: 0.5523 | softclDice: 0.4372 | IoU: 0.3153 | Tversky: 0.4792 | Hausdorff: 235.4159 | HD95: 42.6024 | val_loss: 1.0000 | LR: 0.000125
2025-08-19 01:34:20 INFO Epoch 036 | Train Loss: 0.4943 | Val Loss: 1.0000 | Dice: 0.4780 | softDice: 0.4743 | clDice: 0.5530 | softclDice: 0.4402 | IoU: 0.3142 | Tversky: 0.4780 | Hausdorff: 235.4075 | HD95: 42.9025 | val_loss: 1.0000 | LR: 0.000125
2025-08-19 01:37:44 INFO Epoch 037 | Train Loss: 0.4986 | Val Loss: 1.0000 | Dice: 0.4762 | softDice: 0.4722 | clDice: 0.5493 | softclDice: 0.4381 | IoU: 0.3127 | Tversky: 0.4762 | Hausdorff: 229.3898 | HD95: 41.2404 | val_loss: 1.0000 | LR: 0.000125
2025-08-19 01:41:06 INFO Epoch 038 | Train Loss: 0.4980 | Val Loss: 1.0000 | Dice: 0.4790 | softDice: 0.4744 | clDice: 0.5564 | softclDice: 0.4324 | IoU: 0.3152 | Tversky: 0.4790 | Hausdorff: 237.3336 | HD95: 40.7664 | val_loss: 1.0000 | LR: 0.000125
2025-08-19 01:44:26 INFO Epoch 039 | Train Loss: 0.4968 | Val Loss: 1.0000 | Dice: 0.4776 | softDice: 0.4729 | clDice: 0.5539 | softclDice: 0.4356 | IoU: 0.3139 | Tversky: 0.4776 | Hausdorff: 235.4879 | HD95: 42.2869 | val_loss: 1.0000 | LR: 0.000063
2025-08-19 01:47:49 INFO Epoch 040 | Train Loss: 0.4945 | Val Loss: 1.0000 | Dice: 0.4791 | softDice: 0.4750 | clDice: 0.5570 | softclDice: 0.4315 | IoU: 0.3152 | Tversky: 0.4791 | Hausdorff: 226.2281 | HD95: 41.9421 | val_loss: 1.0000 | LR: 0.000063
2025-08-19 01:51:12 INFO Epoch 041 | Train Loss: 0.4951 | Val Loss: 1.0000 | Dice: 0.4775 | softDice: 0.4736 | clDice: 0.5544 | softclDice: 0.4340 | IoU: 0.3139 | Tversky: 0.4775 | Hausdorff: 235.0011 | HD95: 41.8712 | val_loss: 1.0000 | LR: 0.000063
2025-08-19 01:54:35 INFO Epoch 042 | Train Loss: 0.4971 | Val Loss: 1.0000 | Dice: 0.4791 | softDice: 0.4750 | clDice: 0.5534 | softclDice: 0.4368 | IoU: 0.3153 | Tversky: 0.4791 | Hausdorff: 239.9041 | HD95: 42.1045 | val_loss: 1.0000 | LR: 0.000063
2025-08-19 01:57:55 INFO Epoch 043 | Train Loss: 0.4949 | Val Loss: 1.0000 | Dice: 0.4792 | softDice: 0.4751 | clDice: 0.5528 | softclDice: 0.4354 | IoU: 0.3153 | Tversky: 0.4792 | Hausdorff: 242.1146 | HD95: 42.0518 | val_loss: 1.0000 | LR: 0.000063
2025-08-19 02:01:17 INFO Epoch 044 | Train Loss: 0.4964 | Val Loss: 1.0000 | Dice: 0.4807 | softDice: 0.4760 | clDice: 0.5512 | softclDice: 0.4377 | IoU: 0.3166 | Tversky: 0.4807 | Hausdorff: 223.7339 | HD95: 41.4723 | val_loss: 1.0000 | LR: 0.000063
2025-08-19 02:04:40 INFO Epoch 045 | Train Loss: 0.4980 | Val Loss: 1.0000 | Dice: 0.4788 | softDice: 0.4741 | clDice: 0.5507 | softclDice: 0.4379 | IoU: 0.3150 | Tversky: 0.4788 | Hausdorff: 238.2619 | HD95: 42.5619 | val_loss: 1.0000 | LR: 0.000031
2025-08-19 02:08:00 INFO Epoch 046 | Train Loss: 0.4938 | Val Loss: 1.0000 | Dice: 0.4790 | softDice: 0.4744 | clDice: 0.5494 | softclDice: 0.4392 | IoU: 0.3152 | Tversky: 0.4790 | Hausdorff: 229.6902 | HD95: 42.0002 | val_loss: 1.0000 | LR: 0.000031
2025-08-19 02:11:24 INFO Epoch 047 | Train Loss: 0.4929 | Val Loss: 1.0000 | Dice: 0.4795 | softDice: 0.4748 | clDice: 0.5526 | softclDice: 0.4360 | IoU: 0.3156 | Tversky: 0.4795 | Hausdorff: 229.1537 | HD95: 41.6693 | val_loss: 1.0000 | LR: 0.000031
2025-08-19 02:14:44 INFO Epoch 048 | Train Loss: 0.4920 | Val Loss: 1.0000 | Dice: 0.4799 | softDice: 0.4753 | clDice: 0.5541 | softclDice: 0.4346 | IoU: 0.3159 | Tversky: 0.4799 | Hausdorff: 243.1047 | HD95: 40.4768 | val_loss: 1.0000 | LR: 0.000031
2025-08-19 02:18:07 INFO Epoch 049 | Train Loss: 0.4908 | Val Loss: 1.0000 | Dice: 0.4798 | softDice: 0.4750 | clDice: 0.5534 | softclDice: 0.4357 | IoU: 0.3158 | Tversky: 0.4798 | Hausdorff: 243.6965 | HD95: 40.6016 | val_loss: 1.0000 | LR: 0.000031
2025-08-19 02:21:30 INFO Epoch 050 | Train Loss: 0.4931 | Val Loss: 1.0000 | Dice: 0.4800 | softDice: 0.4755 | clDice: 0.5505 | softclDice: 0.4380 | IoU: 0.3161 | Tversky: 0.4800 | Hausdorff: 242.1681 | HD95: 40.4864 | val_loss: 1.0000 | LR: 0.000031
2025-08-19 02:21:30 INFO Training completed.
2025-08-19 02:23:15 INFO Fold 1 results: Dice: 0.3513 | softDice: 0.2396 | clDice: 0.4583 | softclDice: 0.6124 | IoU: 0.2133 | Tversky: 0.3513 | Hausdorff: 646.1337 | HD95: 96.0246 | val_loss: 1.0000
2025-08-19 02:23:15 INFO ===== Fold 2 / 5 =====
2025-08-19 02:23:15 INFO Loading model unet with settings {'name': 'unet', 'encoder_name': 'se_resnext50_32x4d', 'encoder_weights': 'imagenet', 'classes': 1, 'activation': None, 'dropout': 0.2}
2025-08-19 02:26:42 INFO Epoch 001 | Train Loss: 0.7856 | Val Loss: 1.0000 | Dice: 0.4165 | softDice: 0.2783 | clDice: 0.4869 | softclDice: 0.5768 | IoU: 0.2635 | Tversky: 0.4165 | Hausdorff: 583.3742 | HD95: 62.7733 | val_loss: 1.0000 | LR: 0.001000
2025-08-19 02:30:05 INFO Epoch 002 | Train Loss: 0.6161 | Val Loss: 1.0000 | Dice: 0.4219 | softDice: 0.3900 | clDice: 0.4672 | softclDice: 0.5345 | IoU: 0.2681 | Tversky: 0.4219 | Hausdorff: 310.8738 | HD95: 70.5385 | val_loss: 1.0000 | LR: 0.001000
2025-08-19 02:33:29 INFO Epoch 003 | Train Loss: 0.5673 | Val Loss: 1.0000 | Dice: 0.4378 | softDice: 0.4252 | clDice: 0.5062 | softclDice: 0.4940 | IoU: 0.2807 | Tversky: 0.4378 | Hausdorff: 331.6304 | HD95: 51.7691 | val_loss: 1.0000 | LR: 0.001000
2025-08-19 02:36:52 INFO Epoch 004 | Train Loss: 0.5555 | Val Loss: 1.0000 | Dice: 0.4520 | softDice: 0.4436 | clDice: 0.5011 | softclDice: 0.4931 | IoU: 0.2925 | Tversky: 0.4520 | Hausdorff: 307.7896 | HD95: 52.3237 | val_loss: 1.0000 | LR: 0.001000
2025-08-19 02:40:17 INFO Epoch 005 | Train Loss: 0.5523 | Val Loss: 1.0000 | Dice: 0.4599 | softDice: 0.4533 | clDice: 0.5363 | softclDice: 0.4577 | IoU: 0.2989 | Tversky: 0.4599 | Hausdorff: 295.7208 | HD95: 42.8342 | val_loss: 1.0000 | LR: 0.001000
2025-08-19 02:43:42 INFO Epoch 006 | Train Loss: 0.5400 | Val Loss: 1.0000 | Dice: 0.4594 | softDice: 0.4515 | clDice: 0.5367 | softclDice: 0.4539 | IoU: 0.2985 | Tversky: 0.4594 | Hausdorff: 292.2964 | HD95: 48.9992 | val_loss: 1.0000 | LR: 0.001000
2025-08-19 02:47:04 INFO Epoch 007 | Train Loss: 0.5410 | Val Loss: 1.0000 | Dice: 0.4679 | softDice: 0.4598 | clDice: 0.5343 | softclDice: 0.4610 | IoU: 0.3058 | Tversky: 0.4679 | Hausdorff: 339.0581 | HD95: 49.2517 | val_loss: 1.0000 | LR: 0.000500
2025-08-19 02:50:28 INFO Epoch 008 | Train Loss: 0.5284 | Val Loss: 1.0000 | Dice: 0.4734 | softDice: 0.4689 | clDice: 0.5492 | softclDice: 0.4381 | IoU: 0.3104 | Tversky: 0.4734 | Hausdorff: 288.0554 | HD95: 42.1072 | val_loss: 1.0000 | LR: 0.000500
2025-08-19 02:53:53 INFO Epoch 009 | Train Loss: 0.5252 | Val Loss: 1.0000 | Dice: 0.4770 | softDice: 0.4730 | clDice: 0.5504 | softclDice: 0.4376 | IoU: 0.3135 | Tversky: 0.4770 | Hausdorff: 297.3928 | HD95: 39.9161 | val_loss: 1.0000 | LR: 0.000500
2025-08-19 02:57:16 INFO Epoch 010 | Train Loss: 0.5227 | Val Loss: 1.0000 | Dice: 0.4655 | softDice: 0.4611 | clDice: 0.5354 | softclDice: 0.4511 | IoU: 0.3037 | Tversky: 0.4655 | Hausdorff: 283.6742 | HD95: 41.0644 | val_loss: 1.0000 | LR: 0.000500
2025-08-19 03:00:45 INFO Epoch 011 | Train Loss: 0.5214 | Val Loss: 1.0000 | Dice: 0.4720 | softDice: 0.4683 | clDice: 0.5547 | softclDice: 0.4242 | IoU: 0.3091 | Tversky: 0.4720 | Hausdorff: 298.6640 | HD95: 34.1908 | val_loss: 1.0000 | LR: 0.000500
2025-08-19 03:04:09 INFO Epoch 012 | Train Loss: 0.5231 | Val Loss: 1.0000 | Dice: 0.4674 | softDice: 0.4635 | clDice: 0.5415 | softclDice: 0.4470 | IoU: 0.3052 | Tversky: 0.4674 | Hausdorff: 307.7845 | HD95: 40.9479 | val_loss: 1.0000 | LR: 0.000500
2025-08-19 03:07:32 INFO Epoch 013 | Train Loss: 0.5221 | Val Loss: 1.0000 | Dice: 0.4743 | softDice: 0.4698 | clDice: 0.5520 | softclDice: 0.4361 | IoU: 0.3111 | Tversky: 0.4743 | Hausdorff: 285.2674 | HD95: 39.8691 | val_loss: 1.0000 | LR: 0.000250
2025-08-19 03:10:59 INFO Epoch 014 | Train Loss: 0.5181 | Val Loss: 1.0000 | Dice: 0.4797 | softDice: 0.4755 | clDice: 0.5554 | softclDice: 0.4341 | IoU: 0.3158 | Tversky: 0.4797 | Hausdorff: 296.3744 | HD95: 37.1124 | val_loss: 1.0000 | LR: 0.000250
2025-08-19 03:14:22 INFO Epoch 015 | Train Loss: 0.5106 | Val Loss: 1.0000 | Dice: 0.4813 | softDice: 0.4764 | clDice: 0.5529 | softclDice: 0.4372 | IoU: 0.3173 | Tversky: 0.4813 | Hausdorff: 300.4696 | HD95: 40.4294 | val_loss: 1.0000 | LR: 0.000250
2025-08-19 03:17:47 INFO Epoch 016 | Train Loss: 0.5133 | Val Loss: 1.0000 | Dice: 0.4814 | softDice: 0.4762 | clDice: 0.5575 | softclDice: 0.4335 | IoU: 0.3173 | Tversky: 0.4814 | Hausdorff: 305.4057 | HD95: 40.7357 | val_loss: 1.0000 | LR: 0.000250
2025-08-19 03:21:12 INFO Epoch 017 | Train Loss: 0.5135 | Val Loss: 1.0000 | Dice: 0.4814 | softDice: 0.4776 | clDice: 0.5509 | softclDice: 0.4357 | IoU: 0.3173 | Tversky: 0.4814 | Hausdorff: 304.6026 | HD95: 37.3869 | val_loss: 1.0000 | LR: 0.000250
2025-08-19 03:24:37 INFO Epoch 018 | Train Loss: 0.5122 | Val Loss: 1.0000 | Dice: 0.4799 | softDice: 0.4758 | clDice: 0.5566 | softclDice: 0.4332 | IoU: 0.3160 | Tversky: 0.4799 | Hausdorff: 295.7080 | HD95: 38.8269 | val_loss: 1.0000 | LR: 0.000250
2025-08-19 03:28:03 INFO Epoch 019 | Train Loss: 0.5099 | Val Loss: 1.0000 | Dice: 0.4748 | softDice: 0.4707 | clDice: 0.5492 | softclDice: 0.4382 | IoU: 0.3116 | Tversky: 0.4748 | Hausdorff: 303.3020 | HD95: 34.4825 | val_loss: 1.0000 | LR: 0.000125
2025-08-19 03:31:27 INFO Epoch 020 | Train Loss: 0.5108 | Val Loss: 1.0000 | Dice: 0.4785 | softDice: 0.4748 | clDice: 0.5521 | softclDice: 0.4375 | IoU: 0.3148 | Tversky: 0.4785 | Hausdorff: 303.3088 | HD95: 34.8707 | val_loss: 1.0000 | LR: 0.000125
2025-08-19 03:34:53 INFO Epoch 021 | Train Loss: 0.5095 | Val Loss: 1.0000 | Dice: 0.4813 | softDice: 0.4774 | clDice: 0.5573 | softclDice: 0.4300 | IoU: 0.3172 | Tversky: 0.4813 | Hausdorff: 300.5002 | HD95: 34.7724 | val_loss: 1.0000 | LR: 0.000125
2025-08-19 03:38:16 INFO Epoch 022 | Train Loss: 0.5022 | Val Loss: 1.0000 | Dice: 0.4835 | softDice: 0.4801 | clDice: 0.5592 | softclDice: 0.4281 | IoU: 0.3191 | Tversky: 0.4835 | Hausdorff: 302.6164 | HD95: 35.7378 | val_loss: 1.0000 | LR: 0.000125
2025-08-19 03:41:39 INFO Epoch 023 | Train Loss: 0.5085 | Val Loss: 1.0000 | Dice: 0.4856 | softDice: 0.4815 | clDice: 0.5612 | softclDice: 0.4285 | IoU: 0.3209 | Tversky: 0.4856 | Hausdorff: 304.6063 | HD95: 36.1927 | val_loss: 1.0000 | LR: 0.000125
2025-08-19 03:45:05 INFO Epoch 024 | Train Loss: 0.5081 | Val Loss: 1.0000 | Dice: 0.4844 | softDice: 0.4804 | clDice: 0.5601 | softclDice: 0.4295 | IoU: 0.3199 | Tversky: 0.4844 | Hausdorff: 302.0735 | HD95: 35.5083 | val_loss: 1.0000 | LR: 0.000125
2025-08-19 03:48:29 INFO Epoch 025 | Train Loss: 0.5054 | Val Loss: 1.0000 | Dice: 0.4868 | softDice: 0.4831 | clDice: 0.5629 | softclDice: 0.4232 | IoU: 0.3220 | Tversky: 0.4868 | Hausdorff: 302.2963 | HD95: 34.4734 | val_loss: 1.0000 | LR: 0.000063
2025-08-19 03:51:51 INFO Epoch 026 | Train Loss: 0.5039 | Val Loss: 1.0000 | Dice: 0.4863 | softDice: 0.4824 | clDice: 0.5594 | softclDice: 0.4297 | IoU: 0.3216 | Tversky: 0.4863 | Hausdorff: 302.7064 | HD95: 34.7386 | val_loss: 1.0000 | LR: 0.000063
2025-08-19 03:55:15 INFO Epoch 027 | Train Loss: 0.5057 | Val Loss: 1.0000 | Dice: 0.4849 | softDice: 0.4811 | clDice: 0.5617 | softclDice: 0.4278 | IoU: 0.3204 | Tversky: 0.4849 | Hausdorff: 302.1841 | HD95: 33.5284 | val_loss: 1.0000 | LR: 0.000063
2025-08-19 03:58:38 INFO Epoch 028 | Train Loss: 0.5019 | Val Loss: 1.0000 | Dice: 0.4880 | softDice: 0.4843 | clDice: 0.5648 | softclDice: 0.4231 | IoU: 0.3231 | Tversky: 0.4880 | Hausdorff: 302.2199 | HD95: 35.4876 | val_loss: 1.0000 | LR: 0.000063
2025-08-19 04:02:02 INFO Epoch 029 | Train Loss: 0.5044 | Val Loss: 1.0000 | Dice: 0.4845 | softDice: 0.4810 | clDice: 0.5599 | softclDice: 0.4281 | IoU: 0.3200 | Tversky: 0.4845 | Hausdorff: 303.1298 | HD95: 31.6787 | val_loss: 1.0000 | LR: 0.000063
2025-08-19 04:05:26 INFO Epoch 030 | Train Loss: 0.5007 | Val Loss: 1.0000 | Dice: 0.4864 | softDice: 0.4822 | clDice: 0.5610 | softclDice: 0.4296 | IoU: 0.3217 | Tversky: 0.4864 | Hausdorff: 301.7014 | HD95: 34.3099 | val_loss: 1.0000 | LR: 0.000063
2025-08-19 04:08:51 INFO Epoch 031 | Train Loss: 0.5038 | Val Loss: 1.0000 | Dice: 0.4869 | softDice: 0.4835 | clDice: 0.5598 | softclDice: 0.4275 | IoU: 0.3221 | Tversky: 0.4869 | Hausdorff: 302.0733 | HD95: 32.0319 | val_loss: 1.0000 | LR: 0.000031
2025-08-19 04:12:14 INFO Epoch 032 | Train Loss: 0.5005 | Val Loss: 1.0000 | Dice: 0.4833 | softDice: 0.4798 | clDice: 0.5597 | softclDice: 0.4290 | IoU: 0.3190 | Tversky: 0.4833 | Hausdorff: 302.6981 | HD95: 33.7913 | val_loss: 1.0000 | LR: 0.000031
2025-08-19 04:15:39 INFO Epoch 033 | Train Loss: 0.4983 | Val Loss: 1.0000 | Dice: 0.4843 | softDice: 0.4808 | clDice: 0.5611 | softclDice: 0.4265 | IoU: 0.3198 | Tversky: 0.4843 | Hausdorff: 302.8663 | HD95: 32.9323 | val_loss: 1.0000 | LR: 0.000031
2025-08-19 04:19:04 INFO Epoch 034 | Train Loss: 0.5009 | Val Loss: 1.0000 | Dice: 0.4851 | softDice: 0.4815 | clDice: 0.5598 | softclDice: 0.4282 | IoU: 0.3205 | Tversky: 0.4851 | Hausdorff: 302.3654 | HD95: 32.2832 | val_loss: 1.0000 | LR: 0.000031
2025-08-19 04:22:28 INFO Epoch 035 | Train Loss: 0.5013 | Val Loss: 1.0000 | Dice: 0.4846 | softDice: 0.4808 | clDice: 0.5603 | softclDice: 0.4294 | IoU: 0.3201 | Tversky: 0.4846 | Hausdorff: 301.9940 | HD95: 34.0138 | val_loss: 1.0000 | LR: 0.000031
2025-08-19 04:25:51 INFO Epoch 036 | Train Loss: 0.5007 | Val Loss: 1.0000 | Dice: 0.4863 | softDice: 0.4825 | clDice: 0.5613 | softclDice: 0.4275 | IoU: 0.3216 | Tversky: 0.4863 | Hausdorff: 302.0725 | HD95: 33.9771 | val_loss: 1.0000 | LR: 0.000031
2025-08-19 04:29:15 INFO Epoch 037 | Train Loss: 0.4998 | Val Loss: 1.0000 | Dice: 0.4861 | softDice: 0.4821 | clDice: 0.5629 | softclDice: 0.4263 | IoU: 0.3214 | Tversky: 0.4861 | Hausdorff: 302.3756 | HD95: 33.2489 | val_loss: 1.0000 | LR: 0.000016
2025-08-19 04:32:39 INFO Epoch 038 | Train Loss: 0.4998 | Val Loss: 1.0000 | Dice: 0.4861 | softDice: 0.4823 | clDice: 0.5612 | softclDice: 0.4280 | IoU: 0.3214 | Tversky: 0.4861 | Hausdorff: 302.6565 | HD95: 32.2814 | val_loss: 1.0000 | LR: 0.000016
2025-08-19 04:36:05 INFO Epoch 039 | Train Loss: 0.4985 | Val Loss: 1.0000 | Dice: 0.4866 | softDice: 0.4827 | clDice: 0.5611 | softclDice: 0.4276 | IoU: 0.3218 | Tversky: 0.4866 | Hausdorff: 302.5540 | HD95: 31.2987 | val_loss: 1.0000 | LR: 0.000016
2025-08-19 04:39:26 INFO Epoch 040 | Train Loss: 0.5021 | Val Loss: 1.0000 | Dice: 0.4865 | softDice: 0.4826 | clDice: 0.5629 | softclDice: 0.4262 | IoU: 0.3218 | Tversky: 0.4865 | Hausdorff: 302.6187 | HD95: 33.2424 | val_loss: 1.0000 | LR: 0.000016
2025-08-19 04:42:50 INFO Epoch 041 | Train Loss: 0.4988 | Val Loss: 1.0000 | Dice: 0.4866 | softDice: 0.4826 | clDice: 0.5619 | softclDice: 0.4276 | IoU: 0.3219 | Tversky: 0.4866 | Hausdorff: 302.6459 | HD95: 32.6105 | val_loss: 1.0000 | LR: 0.000016
2025-08-19 04:46:15 INFO Epoch 042 | Train Loss: 0.5031 | Val Loss: 1.0000 | Dice: 0.4866 | softDice: 0.4825 | clDice: 0.5637 | softclDice: 0.4261 | IoU: 0.3218 | Tversky: 0.4866 | Hausdorff: 302.3704 | HD95: 32.7080 | val_loss: 1.0000 | LR: 0.000016
2025-08-19 04:49:42 INFO Epoch 043 | Train Loss: 0.4984 | Val Loss: 1.0000 | Dice: 0.4862 | softDice: 0.4823 | clDice: 0.5623 | softclDice: 0.4275 | IoU: 0.3215 | Tversky: 0.4862 | Hausdorff: 302.4035 | HD95: 31.7176 | val_loss: 1.0000 | LR: 0.000008
2025-08-19 04:53:07 INFO Epoch 044 | Train Loss: 0.5013 | Val Loss: 1.0000 | Dice: 0.4859 | softDice: 0.4820 | clDice: 0.5622 | softclDice: 0.4275 | IoU: 0.3212 | Tversky: 0.4859 | Hausdorff: 302.4700 | HD95: 31.3282 | val_loss: 1.0000 | LR: 0.000008
2025-08-19 04:56:31 INFO Epoch 045 | Train Loss: 0.5010 | Val Loss: 1.0000 | Dice: 0.4867 | softDice: 0.4829 | clDice: 0.5611 | softclDice: 0.4279 | IoU: 0.3220 | Tversky: 0.4867 | Hausdorff: 302.3018 | HD95: 32.3631 | val_loss: 1.0000 | LR: 0.000008
2025-08-19 04:59:55 INFO Epoch 046 | Train Loss: 0.4987 | Val Loss: 1.0000 | Dice: 0.4862 | softDice: 0.4824 | clDice: 0.5609 | softclDice: 0.4281 | IoU: 0.3215 | Tversky: 0.4862 | Hausdorff: 302.3562 | HD95: 32.5590 | val_loss: 1.0000 | LR: 0.000008
2025-08-19 05:03:19 INFO Epoch 047 | Train Loss: 0.5035 | Val Loss: 1.0000 | Dice: 0.4857 | softDice: 0.4818 | clDice: 0.5606 | softclDice: 0.4303 | IoU: 0.3211 | Tversky: 0.4857 | Hausdorff: 302.4492 | HD95: 31.9337 | val_loss: 1.0000 | LR: 0.000008
2025-08-19 05:06:44 INFO Epoch 048 | Train Loss: 0.4953 | Val Loss: 1.0000 | Dice: 0.4868 | softDice: 0.4828 | clDice: 0.5609 | softclDice: 0.4292 | IoU: 0.3220 | Tversky: 0.4868 | Hausdorff: 302.2266 | HD95: 31.7543 | val_loss: 1.0000 | LR: 0.000008
2025-08-19 05:10:09 INFO Epoch 049 | Train Loss: 0.4999 | Val Loss: 1.0000 | Dice: 0.4870 | softDice: 0.4832 | clDice: 0.5619 | softclDice: 0.4277 | IoU: 0.3222 | Tversky: 0.4870 | Hausdorff: 302.3819 | HD95: 33.0841 | val_loss: 1.0000 | LR: 0.000004
2025-08-19 05:13:32 INFO Epoch 050 | Train Loss: 0.5020 | Val Loss: 1.0000 | Dice: 0.4870 | softDice: 0.4831 | clDice: 0.5620 | softclDice: 0.4277 | IoU: 0.3222 | Tversky: 0.4870 | Hausdorff: 302.2012 | HD95: 32.8054 | val_loss: 1.0000 | LR: 0.000004
2025-08-19 05:13:32 INFO Training completed.
2025-08-19 05:15:16 INFO Fold 2 results: Dice: 0.4165 | softDice: 0.2783 | clDice: 0.4869 | softclDice: 0.5768 | IoU: 0.2635 | Tversky: 0.4165 | Hausdorff: 583.3742 | HD95: 62.7733 | val_loss: 1.0000
2025-08-19 05:15:16 INFO ===== Fold 3 / 5 =====
2025-08-19 05:15:16 INFO Loading model unet with settings {'name': 'unet', 'encoder_name': 'se_resnext50_32x4d', 'encoder_weights': 'imagenet', 'classes': 1, 'activation': None, 'dropout': 0.2}
2025-08-19 05:18:42 INFO Epoch 001 | Train Loss: 0.7247 | Val Loss: 1.0000 | Dice: 0.4236 | softDice: 0.3672 | clDice: 0.4851 | softclDice: 0.6227 | IoU: 0.2695 | Tversky: 0.4236 | Hausdorff: 731.5678 | HD95: 70.5571 | val_loss: 1.0000 | LR: 0.001000
2025-08-19 05:22:04 INFO Epoch 002 | Train Loss: 0.5871 | Val Loss: 1.0000 | Dice: 0.4474 | softDice: 0.4371 | clDice: 0.5042 | softclDice: 0.4954 | IoU: 0.2892 | Tversky: 0.4474 | Hausdorff: 227.5731 | HD95: 55.3094 | val_loss: 1.0000 | LR: 0.001000
2025-08-19 05:25:32 INFO Epoch 003 | Train Loss: 0.5529 | Val Loss: 0.9860 | Dice: 0.4519 | softDice: 0.4450 | clDice: 0.5198 | softclDice: 0.4746 | IoU: 0.2927 | Tversky: 0.4519 | Hausdorff: 277.4097 | HD95: 59.1392 | val_loss: 0.9860 | LR: 0.001000
2025-08-19 05:28:54 INFO Epoch 004 | Train Loss: 0.5495 | Val Loss: 1.0000 | Dice: 0.4519 | softDice: 0.4439 | clDice: 0.5208 | softclDice: 0.4839 | IoU: 0.2925 | Tversky: 0.4519 | Hausdorff: 257.7496 | HD95: 46.0197 | val_loss: 1.0000 | LR: 0.001000
2025-08-19 05:32:19 INFO Epoch 005 | Train Loss: 0.5465 | Val Loss: 0.9724 | Dice: 0.4370 | softDice: 0.4309 | clDice: 0.5218 | softclDice: 0.4810 | IoU: 0.2803 | Tversky: 0.4370 | Hausdorff: 562.1903 | HD95: 56.7525 | val_loss: 0.9724 | LR: 0.001000
2025-08-19 05:35:40 INFO Epoch 006 | Train Loss: 0.5425 | Val Loss: 1.0000 | Dice: 0.4720 | softDice: 0.4689 | clDice: 0.5412 | softclDice: 0.4472 | IoU: 0.3096 | Tversky: 0.4720 | Hausdorff: 351.2407 | HD95: 46.5839 | val_loss: 1.0000 | LR: 0.001000
2025-08-19 05:39:06 INFO Epoch 007 | Train Loss: 0.5369 | Val Loss: 0.9566 | Dice: 0.4465 | softDice: 0.4392 | clDice: 0.5435 | softclDice: 0.4555 | IoU: 0.2880 | Tversky: 0.4465 | Hausdorff: 262.5348 | HD95: 52.4730 | val_loss: 0.9566 | LR: 0.001000
2025-08-19 05:42:36 INFO Epoch 008 | Train Loss: 0.5393 | Val Loss: 0.9849 | Dice: 0.4540 | softDice: 0.4461 | clDice: 0.5411 | softclDice: 0.4445 | IoU: 0.2942 | Tversky: 0.4540 | Hausdorff: 327.7285 | HD95: 53.5776 | val_loss: 0.9849 | LR: 0.001000
2025-08-19 05:46:00 INFO Epoch 009 | Train Loss: 0.5340 | Val Loss: 1.0000 | Dice: 0.4557 | softDice: 0.4547 | clDice: 0.5321 | softclDice: 0.4528 | IoU: 0.2960 | Tversky: 0.4557 | Hausdorff: 273.6853 | HD95: 54.5659 | val_loss: 1.0000 | LR: 0.001000
2025-08-19 05:49:25 INFO Epoch 010 | Train Loss: 0.5316 | Val Loss: 1.0000 | Dice: 0.4710 | softDice: 0.4687 | clDice: 0.5422 | softclDice: 0.4460 | IoU: 0.3088 | Tversky: 0.4710 | Hausdorff: 257.4882 | HD95: 46.7732 | val_loss: 1.0000 | LR: 0.001000
2025-08-19 05:52:51 INFO Epoch 011 | Train Loss: 0.5342 | Val Loss: 1.0000 | Dice: 0.4670 | softDice: 0.4631 | clDice: 0.5420 | softclDice: 0.4447 | IoU: 0.3054 | Tversky: 0.4670 | Hausdorff: 258.4234 | HD95: 44.3523 | val_loss: 1.0000 | LR: 0.001000
2025-08-19 05:56:14 INFO Epoch 012 | Train Loss: 0.5277 | Val Loss: 1.0000 | Dice: 0.4758 | softDice: 0.4700 | clDice: 0.5404 | softclDice: 0.4375 | IoU: 0.3128 | Tversky: 0.4758 | Hausdorff: 266.0897 | HD95: 42.8970 | val_loss: 1.0000 | LR: 0.001000
2025-08-19 05:59:42 INFO Epoch 013 | Train Loss: 0.5286 | Val Loss: 1.0000 | Dice: 0.4675 | softDice: 0.4614 | clDice: 0.5391 | softclDice: 0.4536 | IoU: 0.3058 | Tversky: 0.4675 | Hausdorff: 253.4057 | HD95: 52.9224 | val_loss: 1.0000 | LR: 0.000500
2025-08-19 06:03:06 INFO Epoch 014 | Train Loss: 0.5198 | Val Loss: 1.0000 | Dice: 0.4791 | softDice: 0.4741 | clDice: 0.5457 | softclDice: 0.4339 | IoU: 0.3157 | Tversky: 0.4791 | Hausdorff: 251.8601 | HD95: 42.5144 | val_loss: 1.0000 | LR: 0.000500
2025-08-19 06:06:30 INFO Epoch 015 | Train Loss: 0.5152 | Val Loss: 1.0000 | Dice: 0.4769 | softDice: 0.4718 | clDice: 0.5470 | softclDice: 0.4334 | IoU: 0.3139 | Tversky: 0.4769 | Hausdorff: 249.9814 | HD95: 38.4269 | val_loss: 1.0000 | LR: 0.000500
2025-08-19 06:09:55 INFO Epoch 016 | Train Loss: 0.5169 | Val Loss: 1.0000 | Dice: 0.4784 | softDice: 0.4749 | clDice: 0.5469 | softclDice: 0.4278 | IoU: 0.3152 | Tversky: 0.4784 | Hausdorff: 263.3893 | HD95: 38.3469 | val_loss: 1.0000 | LR: 0.000500
2025-08-19 06:13:18 INFO Epoch 017 | Train Loss: 0.5119 | Val Loss: 1.0000 | Dice: 0.4844 | softDice: 0.4781 | clDice: 0.5681 | softclDice: 0.4212 | IoU: 0.3202 | Tversky: 0.4844 | Hausdorff: 252.1762 | HD95: 44.0856 | val_loss: 1.0000 | LR: 0.000500
2025-08-19 06:16:45 INFO Epoch 018 | Train Loss: 0.5128 | Val Loss: 1.0000 | Dice: 0.4838 | softDice: 0.4790 | clDice: 0.5635 | softclDice: 0.4117 | IoU: 0.3197 | Tversky: 0.4838 | Hausdorff: 245.9727 | HD95: 35.7270 | val_loss: 1.0000 | LR: 0.000500
2025-08-19 06:20:11 INFO Epoch 019 | Train Loss: 0.5119 | Val Loss: 1.0000 | Dice: 0.4896 | softDice: 0.4837 | clDice: 0.5669 | softclDice: 0.4154 | IoU: 0.3248 | Tversky: 0.4896 | Hausdorff: 239.1577 | HD95: 41.3602 | val_loss: 1.0000 | LR: 0.000250
2025-08-19 06:23:33 INFO Epoch 020 | Train Loss: 0.5116 | Val Loss: 1.0000 | Dice: 0.4882 | softDice: 0.4833 | clDice: 0.5717 | softclDice: 0.4144 | IoU: 0.3236 | Tversky: 0.4882 | Hausdorff: 248.8376 | HD95: 38.7820 | val_loss: 1.0000 | LR: 0.000250
2025-08-19 06:27:00 INFO Epoch 021 | Train Loss: 0.5097 | Val Loss: 1.0000 | Dice: 0.4895 | softDice: 0.4840 | clDice: 0.5695 | softclDice: 0.4167 | IoU: 0.3248 | Tversky: 0.4895 | Hausdorff: 235.0532 | HD95: 40.3748 | val_loss: 1.0000 | LR: 0.000250
2025-08-19 06:30:23 INFO Epoch 022 | Train Loss: 0.5118 | Val Loss: 1.0000 | Dice: 0.4839 | softDice: 0.4791 | clDice: 0.5569 | softclDice: 0.4264 | IoU: 0.3200 | Tversky: 0.4839 | Hausdorff: 233.0636 | HD95: 38.4304 | val_loss: 1.0000 | LR: 0.000250
2025-08-19 06:33:50 INFO Epoch 023 | Train Loss: 0.5108 | Val Loss: 1.0000 | Dice: 0.4909 | softDice: 0.4858 | clDice: 0.5705 | softclDice: 0.4076 | IoU: 0.3260 | Tversky: 0.4909 | Hausdorff: 237.6229 | HD95: 35.8312 | val_loss: 1.0000 | LR: 0.000250
2025-08-19 06:37:14 INFO Epoch 024 | Train Loss: 0.5083 | Val Loss: 1.0000 | Dice: 0.4887 | softDice: 0.4851 | clDice: 0.5636 | softclDice: 0.4133 | IoU: 0.3241 | Tversky: 0.4887 | Hausdorff: 238.9432 | HD95: 38.7727 | val_loss: 1.0000 | LR: 0.000250
2025-08-19 06:40:37 INFO Epoch 025 | Train Loss: 0.5060 | Val Loss: 1.0000 | Dice: 0.4896 | softDice: 0.4844 | clDice: 0.5698 | softclDice: 0.4097 | IoU: 0.3249 | Tversky: 0.4896 | Hausdorff: 238.1706 | HD95: 37.5133 | val_loss: 1.0000 | LR: 0.000125
2025-08-19 06:44:06 INFO Epoch 026 | Train Loss: 0.5078 | Val Loss: 1.0000 | Dice: 0.4864 | softDice: 0.4823 | clDice: 0.5616 | softclDice: 0.4146 | IoU: 0.3220 | Tversky: 0.4864 | Hausdorff: 241.9660 | HD95: 34.2945 | val_loss: 1.0000 | LR: 0.000125
2025-08-19 06:47:30 INFO Epoch 027 | Train Loss: 0.5044 | Val Loss: 1.0000 | Dice: 0.4945 | softDice: 0.4892 | clDice: 0.5702 | softclDice: 0.4117 | IoU: 0.3292 | Tversky: 0.4945 | Hausdorff: 236.7098 | HD95: 36.4116 | val_loss: 1.0000 | LR: 0.000125
2025-08-19 06:50:56 INFO Epoch 028 | Train Loss: 0.5053 | Val Loss: 1.0000 | Dice: 0.4932 | softDice: 0.4889 | clDice: 0.5680 | softclDice: 0.4128 | IoU: 0.3280 | Tversky: 0.4932 | Hausdorff: 236.2505 | HD95: 35.2794 | val_loss: 1.0000 | LR: 0.000125
2025-08-19 06:54:23 INFO Epoch 029 | Train Loss: 0.5038 | Val Loss: 1.0000 | Dice: 0.4905 | softDice: 0.4855 | clDice: 0.5673 | softclDice: 0.4138 | IoU: 0.3257 | Tversky: 0.4905 | Hausdorff: 236.5467 | HD95: 34.4183 | val_loss: 1.0000 | LR: 0.000125
2025-08-19 06:57:48 INFO Epoch 030 | Train Loss: 0.4998 | Val Loss: 1.0000 | Dice: 0.4916 | softDice: 0.4865 | clDice: 0.5688 | softclDice: 0.4145 | IoU: 0.3267 | Tversky: 0.4916 | Hausdorff: 234.5691 | HD95: 34.3322 | val_loss: 1.0000 | LR: 0.000125
2025-08-19 07:01:14 INFO Epoch 031 | Train Loss: 0.5009 | Val Loss: 1.0000 | Dice: 0.4902 | softDice: 0.4849 | clDice: 0.5759 | softclDice: 0.4072 | IoU: 0.3253 | Tversky: 0.4902 | Hausdorff: 236.5130 | HD95: 33.8639 | val_loss: 1.0000 | LR: 0.000063
2025-08-19 07:04:37 INFO Epoch 032 | Train Loss: 0.4990 | Val Loss: 1.0000 | Dice: 0.4937 | softDice: 0.4884 | clDice: 0.5721 | softclDice: 0.4113 | IoU: 0.3284 | Tversky: 0.4937 | Hausdorff: 236.3053 | HD95: 34.1028 | val_loss: 1.0000 | LR: 0.000063
2025-08-19 07:08:02 INFO Epoch 033 | Train Loss: 0.5023 | Val Loss: 1.0000 | Dice: 0.4903 | softDice: 0.4857 | clDice: 0.5668 | softclDice: 0.4111 | IoU: 0.3254 | Tversky: 0.4903 | Hausdorff: 237.4171 | HD95: 35.0773 | val_loss: 1.0000 | LR: 0.000063
2025-08-19 07:11:26 INFO Epoch 034 | Train Loss: 0.5007 | Val Loss: 1.0000 | Dice: 0.4932 | softDice: 0.4883 | clDice: 0.5698 | softclDice: 0.4103 | IoU: 0.3280 | Tversky: 0.4932 | Hausdorff: 236.9737 | HD95: 35.5200 | val_loss: 1.0000 | LR: 0.000063
2025-08-19 07:14:51 INFO Epoch 035 | Train Loss: 0.4988 | Val Loss: 1.0000 | Dice: 0.4940 | softDice: 0.4891 | clDice: 0.5716 | softclDice: 0.4081 | IoU: 0.3287 | Tversky: 0.4940 | Hausdorff: 241.3998 | HD95: 34.7656 | val_loss: 1.0000 | LR: 0.000063
2025-08-19 07:18:18 INFO Epoch 036 | Train Loss: 0.5008 | Val Loss: 1.0000 | Dice: 0.4948 | softDice: 0.4896 | clDice: 0.5718 | softclDice: 0.4104 | IoU: 0.3293 | Tversky: 0.4948 | Hausdorff: 235.2207 | HD95: 35.0375 | val_loss: 1.0000 | LR: 0.000063
2025-08-19 07:21:45 INFO Epoch 037 | Train Loss: 0.5001 | Val Loss: 1.0000 | Dice: 0.4928 | softDice: 0.4881 | clDice: 0.5700 | softclDice: 0.4086 | IoU: 0.3277 | Tversky: 0.4928 | Hausdorff: 241.2725 | HD95: 34.6372 | val_loss: 1.0000 | LR: 0.000031
2025-08-19 07:25:09 INFO Epoch 038 | Train Loss: 0.4992 | Val Loss: 1.0000 | Dice: 0.4917 | softDice: 0.4868 | clDice: 0.5686 | softclDice: 0.4111 | IoU: 0.3266 | Tversky: 0.4917 | Hausdorff: 235.4143 | HD95: 32.9151 | val_loss: 1.0000 | LR: 0.000031
2025-08-19 07:28:36 INFO Epoch 039 | Train Loss: 0.5009 | Val Loss: 1.0000 | Dice: 0.4931 | softDice: 0.4883 | clDice: 0.5689 | softclDice: 0.4114 | IoU: 0.3279 | Tversky: 0.4931 | Hausdorff: 240.4540 | HD95: 33.5841 | val_loss: 1.0000 | LR: 0.000031
2025-08-19 07:32:01 INFO Epoch 040 | Train Loss: 0.5000 | Val Loss: 1.0000 | Dice: 0.4927 | softDice: 0.4876 | clDice: 0.5696 | softclDice: 0.4120 | IoU: 0.3276 | Tversky: 0.4927 | Hausdorff: 234.6780 | HD95: 34.4123 | val_loss: 1.0000 | LR: 0.000031
2025-08-19 07:35:25 INFO Epoch 041 | Train Loss: 0.4973 | Val Loss: 1.0000 | Dice: 0.4929 | softDice: 0.4880 | clDice: 0.5687 | softclDice: 0.4106 | IoU: 0.3278 | Tversky: 0.4929 | Hausdorff: 234.7578 | HD95: 34.7944 | val_loss: 1.0000 | LR: 0.000031
2025-08-19 07:38:49 INFO Epoch 042 | Train Loss: 0.5014 | Val Loss: 1.0000 | Dice: 0.4924 | softDice: 0.4875 | clDice: 0.5695 | softclDice: 0.4079 | IoU: 0.3273 | Tversky: 0.4924 | Hausdorff: 240.8291 | HD95: 34.3414 | val_loss: 1.0000 | LR: 0.000031
2025-08-19 07:42:12 INFO Epoch 043 | Train Loss: 0.5019 | Val Loss: 1.0000 | Dice: 0.4922 | softDice: 0.4873 | clDice: 0.5695 | softclDice: 0.4096 | IoU: 0.3271 | Tversky: 0.4922 | Hausdorff: 240.4692 | HD95: 34.0776 | val_loss: 1.0000 | LR: 0.000016
2025-08-19 07:45:36 INFO Epoch 044 | Train Loss: 0.4974 | Val Loss: 1.0000 | Dice: 0.4943 | softDice: 0.4892 | clDice: 0.5706 | softclDice: 0.4092 | IoU: 0.3290 | Tversky: 0.4943 | Hausdorff: 240.5417 | HD95: 34.1659 | val_loss: 1.0000 | LR: 0.000016
2025-08-19 07:48:59 INFO Epoch 045 | Train Loss: 0.5014 | Val Loss: 1.0000 | Dice: 0.4928 | softDice: 0.4878 | clDice: 0.5698 | softclDice: 0.4109 | IoU: 0.3277 | Tversky: 0.4928 | Hausdorff: 239.3891 | HD95: 34.7913 | val_loss: 1.0000 | LR: 0.000016
2025-08-19 07:52:25 INFO Epoch 046 | Train Loss: 0.5024 | Val Loss: 1.0000 | Dice: 0.4932 | softDice: 0.4881 | clDice: 0.5701 | softclDice: 0.4117 | IoU: 0.3280 | Tversky: 0.4932 | Hausdorff: 237.6916 | HD95: 34.7774 | val_loss: 1.0000 | LR: 0.000016
2025-08-19 07:55:48 INFO Epoch 047 | Train Loss: 0.4991 | Val Loss: 1.0000 | Dice: 0.4936 | softDice: 0.4887 | clDice: 0.5692 | softclDice: 0.4107 | IoU: 0.3284 | Tversky: 0.4936 | Hausdorff: 231.9275 | HD95: 34.3459 | val_loss: 1.0000 | LR: 0.000016
2025-08-19 07:59:11 INFO Epoch 048 | Train Loss: 0.4993 | Val Loss: 1.0000 | Dice: 0.4939 | softDice: 0.4887 | clDice: 0.5718 | softclDice: 0.4091 | IoU: 0.3286 | Tversky: 0.4939 | Hausdorff: 240.6822 | HD95: 33.6031 | val_loss: 1.0000 | LR: 0.000016
2025-08-19 08:02:35 INFO Epoch 049 | Train Loss: 0.4978 | Val Loss: 1.0000 | Dice: 0.4934 | softDice: 0.4885 | clDice: 0.5711 | softclDice: 0.4086 | IoU: 0.3282 | Tversky: 0.4934 | Hausdorff: 240.1451 | HD95: 33.5638 | val_loss: 1.0000 | LR: 0.000008
2025-08-19 08:06:00 INFO Epoch 050 | Train Loss: 0.5011 | Val Loss: 1.0000 | Dice: 0.4941 | softDice: 0.4892 | clDice: 0.5704 | softclDice: 0.4095 | IoU: 0.3288 | Tversky: 0.4941 | Hausdorff: 240.4413 | HD95: 33.6072 | val_loss: 1.0000 | LR: 0.000008
2025-08-19 08:06:00 INFO Training completed.
2025-08-19 08:07:46 INFO Fold 3 results: Dice: 0.4236 | softDice: 0.3672 | clDice: 0.4851 | softclDice: 0.6227 | IoU: 0.2695 | Tversky: 0.4236 | Hausdorff: 731.5678 | HD95: 70.5571 | val_loss: 1.0000
2025-08-19 08:07:46 INFO ===== Fold 4 / 5 =====
2025-08-19 08:07:46 INFO Loading model unet with settings {'name': 'unet', 'encoder_name': 'se_resnext50_32x4d', 'encoder_weights': 'imagenet', 'classes': 1, 'activation': None, 'dropout': 0.2}
2025-08-19 08:11:13 INFO Epoch 001 | Train Loss: 0.7671 | Val Loss: 1.0000 | Dice: 0.3746 | softDice: 0.2801 | clDice: 0.4353 | softclDice: 0.5763 | IoU: 0.2315 | Tversky: 0.3746 | Hausdorff: 491.9332 | HD95: 100.8687 | val_loss: 1.0000 | LR: 0.001000
2025-08-19 08:14:39 INFO Epoch 002 | Train Loss: 0.6148 | Val Loss: 1.0000 | Dice: 0.4184 | softDice: 0.3915 | clDice: 0.4833 | softclDice: 0.5298 | IoU: 0.2646 | Tversky: 0.4184 | Hausdorff: 613.5013 | HD95: 92.0459 | val_loss: 1.0000 | LR: 0.001000
2025-08-19 08:18:01 INFO Epoch 003 | Train Loss: 0.5590 | Val Loss: 1.0000 | Dice: 0.4384 | softDice: 0.4261 | clDice: 0.4856 | softclDice: 0.5104 | IoU: 0.2809 | Tversky: 0.4384 | Hausdorff: 410.8904 | HD95: 68.2286 | val_loss: 1.0000 | LR: 0.001000
2025-08-19 08:21:25 INFO Epoch 004 | Train Loss: 0.5530 | Val Loss: 0.9567 | Dice: 0.4403 | softDice: 0.4302 | clDice: 0.5135 | softclDice: 0.5004 | IoU: 0.2824 | Tversky: 0.4403 | Hausdorff: 648.6122 | HD95: 65.4723 | val_loss: 0.9567 | LR: 0.001000
2025-08-19 08:24:49 INFO Epoch 005 | Train Loss: 0.5451 | Val Loss: 1.0000 | Dice: 0.4578 | softDice: 0.4516 | clDice: 0.5170 | softclDice: 0.4758 | IoU: 0.2971 | Tversky: 0.4578 | Hausdorff: 474.2325 | HD95: 55.0176 | val_loss: 1.0000 | LR: 0.001000
2025-08-19 08:28:12 INFO Epoch 006 | Train Loss: 0.5397 | Val Loss: 1.0000 | Dice: 0.4710 | softDice: 0.4650 | clDice: 0.5426 | softclDice: 0.4462 | IoU: 0.3083 | Tversky: 0.4710 | Hausdorff: 435.7176 | HD95: 42.4973 | val_loss: 1.0000 | LR: 0.001000
2025-08-19 08:31:34 INFO Epoch 007 | Train Loss: 0.5377 | Val Loss: 1.0000 | Dice: 0.4584 | softDice: 0.4532 | clDice: 0.5356 | softclDice: 0.4498 | IoU: 0.2976 | Tversky: 0.4584 | Hausdorff: 344.3304 | HD95: 51.1350 | val_loss: 1.0000 | LR: 0.001000
2025-08-19 08:35:00 INFO Epoch 008 | Train Loss: 0.5359 | Val Loss: 1.0000 | Dice: 0.4642 | softDice: 0.4584 | clDice: 0.5445 | softclDice: 0.4461 | IoU: 0.3024 | Tversky: 0.4642 | Hausdorff: 220.9030 | HD95: 45.5346 | val_loss: 1.0000 | LR: 0.001000
2025-08-19 08:38:25 INFO Epoch 009 | Train Loss: 0.5337 | Val Loss: 1.0000 | Dice: 0.4664 | softDice: 0.4619 | clDice: 0.5489 | softclDice: 0.4344 | IoU: 0.3043 | Tversky: 0.4664 | Hausdorff: 259.9128 | HD95: 43.9628 | val_loss: 1.0000 | LR: 0.001000
2025-08-19 08:41:49 INFO Epoch 010 | Train Loss: 0.5254 | Val Loss: 1.0000 | Dice: 0.4596 | softDice: 0.4542 | clDice: 0.5335 | softclDice: 0.4553 | IoU: 0.2986 | Tversky: 0.4596 | Hausdorff: 306.5392 | HD95: 49.7239 | val_loss: 1.0000 | LR: 0.000500
2025-08-19 08:45:13 INFO Epoch 011 | Train Loss: 0.5259 | Val Loss: 1.0000 | Dice: 0.4760 | softDice: 0.4709 | clDice: 0.5623 | softclDice: 0.4198 | IoU: 0.3126 | Tversky: 0.4760 | Hausdorff: 221.7271 | HD95: 37.9587 | val_loss: 1.0000 | LR: 0.000500
2025-08-19 08:48:38 INFO Epoch 012 | Train Loss: 0.5160 | Val Loss: 1.0000 | Dice: 0.4657 | softDice: 0.4617 | clDice: 0.5527 | softclDice: 0.4332 | IoU: 0.3038 | Tversky: 0.4657 | Hausdorff: 309.1017 | HD95: 38.7958 | val_loss: 1.0000 | LR: 0.000500
2025-08-19 08:52:02 INFO Epoch 013 | Train Loss: 0.5203 | Val Loss: 1.0000 | Dice: 0.4784 | softDice: 0.4743 | clDice: 0.5608 | softclDice: 0.4221 | IoU: 0.3147 | Tversky: 0.4784 | Hausdorff: 293.8174 | HD95: 36.4279 | val_loss: 1.0000 | LR: 0.000500
2025-08-19 08:55:28 INFO Epoch 014 | Train Loss: 0.5209 | Val Loss: 1.0000 | Dice: 0.4796 | softDice: 0.4750 | clDice: 0.5632 | softclDice: 0.4214 | IoU: 0.3156 | Tversky: 0.4796 | Hausdorff: 246.8368 | HD95: 39.9870 | val_loss: 1.0000 | LR: 0.000500
2025-08-19 08:58:53 INFO Epoch 015 | Train Loss: 0.5162 | Val Loss: 1.0000 | Dice: 0.4679 | softDice: 0.4641 | clDice: 0.5540 | softclDice: 0.4285 | IoU: 0.3057 | Tversky: 0.4679 | Hausdorff: 258.1889 | HD95: 39.7799 | val_loss: 1.0000 | LR: 0.000500
2025-08-19 09:02:16 INFO Epoch 016 | Train Loss: 0.5118 | Val Loss: 1.0000 | Dice: 0.4804 | softDice: 0.4761 | clDice: 0.5542 | softclDice: 0.4296 | IoU: 0.3163 | Tversky: 0.4804 | Hausdorff: 233.1060 | HD95: 38.0263 | val_loss: 1.0000 | LR: 0.000250
2025-08-19 09:05:41 INFO Epoch 017 | Train Loss: 0.5108 | Val Loss: 1.0000 | Dice: 0.4808 | softDice: 0.4768 | clDice: 0.5628 | softclDice: 0.4193 | IoU: 0.3167 | Tversky: 0.4808 | Hausdorff: 218.3010 | HD95: 38.8695 | val_loss: 1.0000 | LR: 0.000250
2025-08-19 09:09:07 INFO Epoch 018 | Train Loss: 0.5070 | Val Loss: 1.0000 | Dice: 0.4814 | softDice: 0.4771 | clDice: 0.5637 | softclDice: 0.4180 | IoU: 0.3172 | Tversky: 0.4814 | Hausdorff: 200.9197 | HD95: 36.5268 | val_loss: 1.0000 | LR: 0.000250
2025-08-19 09:12:31 INFO Epoch 019 | Train Loss: 0.5115 | Val Loss: 1.0000 | Dice: 0.4779 | softDice: 0.4737 | clDice: 0.5598 | softclDice: 0.4261 | IoU: 0.3142 | Tversky: 0.4779 | Hausdorff: 210.0915 | HD95: 37.5283 | val_loss: 1.0000 | LR: 0.000250
2025-08-19 09:15:58 INFO Epoch 020 | Train Loss: 0.5112 | Val Loss: 1.0000 | Dice: 0.4802 | softDice: 0.4760 | clDice: 0.5585 | softclDice: 0.4298 | IoU: 0.3161 | Tversky: 0.4802 | Hausdorff: 225.7270 | HD95: 38.2405 | val_loss: 1.0000 | LR: 0.000250
2025-08-19 09:19:23 INFO Epoch 021 | Train Loss: 0.5090 | Val Loss: 1.0000 | Dice: 0.4870 | softDice: 0.4831 | clDice: 0.5655 | softclDice: 0.4189 | IoU: 0.3221 | Tversky: 0.4870 | Hausdorff: 210.0777 | HD95: 37.0452 | val_loss: 1.0000 | LR: 0.000250
2025-08-19 09:22:48 INFO Epoch 022 | Train Loss: 0.5098 | Val Loss: 1.0000 | Dice: 0.4833 | softDice: 0.4795 | clDice: 0.5619 | softclDice: 0.4227 | IoU: 0.3189 | Tversky: 0.4833 | Hausdorff: 216.5003 | HD95: 35.1697 | val_loss: 1.0000 | LR: 0.000125
2025-08-19 09:26:14 INFO Epoch 023 | Train Loss: 0.5062 | Val Loss: 1.0000 | Dice: 0.4859 | softDice: 0.4821 | clDice: 0.5664 | softclDice: 0.4171 | IoU: 0.3211 | Tversky: 0.4859 | Hausdorff: 214.8585 | HD95: 35.3540 | val_loss: 1.0000 | LR: 0.000125
2025-08-19 09:29:42 INFO Epoch 024 | Train Loss: 0.5074 | Val Loss: 1.0000 | Dice: 0.4850 | softDice: 0.4811 | clDice: 0.5693 | softclDice: 0.4132 | IoU: 0.3204 | Tversky: 0.4850 | Hausdorff: 203.8652 | HD95: 34.0049 | val_loss: 1.0000 | LR: 0.000125
2025-08-19 09:33:09 INFO Epoch 025 | Train Loss: 0.5034 | Val Loss: 1.0000 | Dice: 0.4869 | softDice: 0.4829 | clDice: 0.5668 | softclDice: 0.4133 | IoU: 0.3220 | Tversky: 0.4869 | Hausdorff: 217.3346 | HD95: 34.3826 | val_loss: 1.0000 | LR: 0.000125
2025-08-19 09:36:32 INFO Epoch 026 | Train Loss: 0.5052 | Val Loss: 1.0000 | Dice: 0.4818 | softDice: 0.4775 | clDice: 0.5596 | softclDice: 0.4253 | IoU: 0.3176 | Tversky: 0.4818 | Hausdorff: 215.9487 | HD95: 34.2486 | val_loss: 1.0000 | LR: 0.000125
2025-08-19 09:39:58 INFO Epoch 027 | Train Loss: 0.5024 | Val Loss: 1.0000 | Dice: 0.4831 | softDice: 0.4789 | clDice: 0.5652 | softclDice: 0.4161 | IoU: 0.3186 | Tversky: 0.4831 | Hausdorff: 210.4090 | HD95: 34.2363 | val_loss: 1.0000 | LR: 0.000125
2025-08-19 09:43:24 INFO Epoch 028 | Train Loss: 0.5015 | Val Loss: 1.0000 | Dice: 0.4886 | softDice: 0.4846 | clDice: 0.5643 | softclDice: 0.4185 | IoU: 0.3235 | Tversky: 0.4886 | Hausdorff: 210.0379 | HD95: 32.7127 | val_loss: 1.0000 | LR: 0.000063
2025-08-19 09:46:47 INFO Epoch 029 | Train Loss: 0.5028 | Val Loss: 1.0000 | Dice: 0.4874 | softDice: 0.4831 | clDice: 0.5666 | softclDice: 0.4147 | IoU: 0.3224 | Tversky: 0.4874 | Hausdorff: 204.9766 | HD95: 33.7146 | val_loss: 1.0000 | LR: 0.000063
2025-08-19 09:50:15 INFO Epoch 030 | Train Loss: 0.5023 | Val Loss: 1.0000 | Dice: 0.4890 | softDice: 0.4853 | clDice: 0.5675 | softclDice: 0.4138 | IoU: 0.3239 | Tversky: 0.4890 | Hausdorff: 210.1606 | HD95: 33.8267 | val_loss: 1.0000 | LR: 0.000063
2025-08-19 09:53:40 INFO Epoch 031 | Train Loss: 0.4984 | Val Loss: 1.0000 | Dice: 0.4900 | softDice: 0.4863 | clDice: 0.5701 | softclDice: 0.4095 | IoU: 0.3247 | Tversky: 0.4900 | Hausdorff: 211.3155 | HD95: 34.3884 | val_loss: 1.0000 | LR: 0.000063
2025-08-19 09:57:06 INFO Epoch 032 | Train Loss: 0.5017 | Val Loss: 1.0000 | Dice: 0.4896 | softDice: 0.4854 | clDice: 0.5727 | softclDice: 0.4080 | IoU: 0.3244 | Tversky: 0.4896 | Hausdorff: 219.2111 | HD95: 33.3191 | val_loss: 1.0000 | LR: 0.000063
2025-08-19 10:00:32 INFO Epoch 033 | Train Loss: 0.4994 | Val Loss: 1.0000 | Dice: 0.4901 | softDice: 0.4858 | clDice: 0.5717 | softclDice: 0.4082 | IoU: 0.3248 | Tversky: 0.4901 | Hausdorff: 219.1718 | HD95: 33.3522 | val_loss: 1.0000 | LR: 0.000063
2025-08-19 10:03:57 INFO Epoch 034 | Train Loss: 0.4993 | Val Loss: 1.0000 | Dice: 0.4898 | softDice: 0.4856 | clDice: 0.5678 | softclDice: 0.4145 | IoU: 0.3245 | Tversky: 0.4898 | Hausdorff: 215.7941 | HD95: 34.0940 | val_loss: 1.0000 | LR: 0.000031
2025-08-19 10:07:23 INFO Epoch 035 | Train Loss: 0.4978 | Val Loss: 1.0000 | Dice: 0.4888 | softDice: 0.4847 | clDice: 0.5681 | softclDice: 0.4141 | IoU: 0.3237 | Tversky: 0.4888 | Hausdorff: 217.8903 | HD95: 34.5630 | val_loss: 1.0000 | LR: 0.000031
2025-08-19 10:10:47 INFO Epoch 036 | Train Loss: 0.4959 | Val Loss: 1.0000 | Dice: 0.4898 | softDice: 0.4855 | clDice: 0.5678 | softclDice: 0.4136 | IoU: 0.3245 | Tversky: 0.4898 | Hausdorff: 215.4991 | HD95: 33.1441 | val_loss: 1.0000 | LR: 0.000031
2025-08-19 10:14:12 INFO Epoch 037 | Train Loss: 0.4986 | Val Loss: 1.0000 | Dice: 0.4895 | softDice: 0.4852 | clDice: 0.5689 | softclDice: 0.4128 | IoU: 0.3243 | Tversky: 0.4895 | Hausdorff: 217.8007 | HD95: 32.7425 | val_loss: 1.0000 | LR: 0.000031
2025-08-19 10:17:38 INFO Epoch 038 | Train Loss: 0.5007 | Val Loss: 1.0000 | Dice: 0.4907 | softDice: 0.4866 | clDice: 0.5700 | softclDice: 0.4103 | IoU: 0.3253 | Tversky: 0.4907 | Hausdorff: 215.7824 | HD95: 32.7463 | val_loss: 1.0000 | LR: 0.000031
2025-08-19 10:21:01 INFO Epoch 039 | Train Loss: 0.5018 | Val Loss: 1.0000 | Dice: 0.4891 | softDice: 0.4853 | clDice: 0.5690 | softclDice: 0.4114 | IoU: 0.3239 | Tversky: 0.4891 | Hausdorff: 216.1143 | HD95: 33.2905 | val_loss: 1.0000 | LR: 0.000031
2025-08-19 10:24:27 INFO Epoch 040 | Train Loss: 0.4988 | Val Loss: 1.0000 | Dice: 0.4905 | softDice: 0.4865 | clDice: 0.5713 | softclDice: 0.4104 | IoU: 0.3252 | Tversky: 0.4905 | Hausdorff: 226.9724 | HD95: 32.3601 | val_loss: 1.0000 | LR: 0.000016
2025-08-19 10:27:53 INFO Epoch 041 | Train Loss: 0.4970 | Val Loss: 1.0000 | Dice: 0.4891 | softDice: 0.4851 | clDice: 0.5689 | softclDice: 0.4138 | IoU: 0.3239 | Tversky: 0.4891 | Hausdorff: 219.2966 | HD95: 32.4768 | val_loss: 1.0000 | LR: 0.000016
2025-08-19 10:31:16 INFO Epoch 042 | Train Loss: 0.4964 | Val Loss: 1.0000 | Dice: 0.4901 | softDice: 0.4861 | clDice: 0.5693 | softclDice: 0.4132 | IoU: 0.3248 | Tversky: 0.4901 | Hausdorff: 219.2118 | HD95: 32.5501 | val_loss: 1.0000 | LR: 0.000016
2025-08-19 10:34:43 INFO Epoch 043 | Train Loss: 0.5009 | Val Loss: 1.0000 | Dice: 0.4907 | softDice: 0.4867 | clDice: 0.5705 | softclDice: 0.4120 | IoU: 0.3253 | Tversky: 0.4907 | Hausdorff: 210.7165 | HD95: 32.8367 | val_loss: 1.0000 | LR: 0.000016
2025-08-19 10:38:08 INFO Epoch 044 | Train Loss: 0.4968 | Val Loss: 1.0000 | Dice: 0.4912 | softDice: 0.4871 | clDice: 0.5712 | softclDice: 0.4109 | IoU: 0.3258 | Tversky: 0.4912 | Hausdorff: 210.6645 | HD95: 32.7192 | val_loss: 1.0000 | LR: 0.000016
2025-08-19 10:41:34 INFO Epoch 045 | Train Loss: 0.4977 | Val Loss: 1.0000 | Dice: 0.4916 | softDice: 0.4874 | clDice: 0.5736 | softclDice: 0.4081 | IoU: 0.3261 | Tversky: 0.4916 | Hausdorff: 210.3759 | HD95: 32.4325 | val_loss: 1.0000 | LR: 0.000016
2025-08-19 10:44:59 INFO Epoch 046 | Train Loss: 0.4981 | Val Loss: 1.0000 | Dice: 0.4904 | softDice: 0.4862 | clDice: 0.5698 | softclDice: 0.4135 | IoU: 0.3250 | Tversky: 0.4904 | Hausdorff: 218.7160 | HD95: 32.1802 | val_loss: 1.0000 | LR: 0.000008
2025-08-19 10:48:24 INFO Epoch 047 | Train Loss: 0.5007 | Val Loss: 1.0000 | Dice: 0.4899 | softDice: 0.4857 | clDice: 0.5705 | softclDice: 0.4121 | IoU: 0.3246 | Tversky: 0.4899 | Hausdorff: 218.8567 | HD95: 32.1475 | val_loss: 1.0000 | LR: 0.000008
2025-08-19 10:51:50 INFO Epoch 048 | Train Loss: 0.4991 | Val Loss: 1.0000 | Dice: 0.4901 | softDice: 0.4859 | clDice: 0.5708 | softclDice: 0.4112 | IoU: 0.3248 | Tversky: 0.4901 | Hausdorff: 210.4258 | HD95: 32.4115 | val_loss: 1.0000 | LR: 0.000008
2025-08-19 10:55:15 INFO Epoch 049 | Train Loss: 0.5001 | Val Loss: 1.0000 | Dice: 0.4901 | softDice: 0.4859 | clDice: 0.5707 | softclDice: 0.4115 | IoU: 0.3248 | Tversky: 0.4901 | Hausdorff: 210.5882 | HD95: 32.3751 | val_loss: 1.0000 | LR: 0.000008
2025-08-19 10:58:39 INFO Epoch 050 | Train Loss: 0.4965 | Val Loss: 1.0000 | Dice: 0.4895 | softDice: 0.4853 | clDice: 0.5689 | softclDice: 0.4135 | IoU: 0.3243 | Tversky: 0.4895 | Hausdorff: 226.2897 | HD95: 32.1241 | val_loss: 1.0000 | LR: 0.000008
2025-08-19 10:58:39 INFO Training completed.
2025-08-19 11:00:26 INFO Fold 4 results: Dice: 0.3746 | softDice: 0.2801 | clDice: 0.4353 | softclDice: 0.5763 | IoU: 0.2315 | Tversky: 0.3746 | Hausdorff: 491.9332 | HD95: 100.8687 | val_loss: 1.0000
2025-08-19 11:00:26 INFO ===== Fold 5 / 5 =====
2025-08-19 11:00:26 INFO Loading model unet with settings {'name': 'unet', 'encoder_name': 'se_resnext50_32x4d', 'encoder_weights': 'imagenet', 'classes': 1, 'activation': None, 'dropout': 0.2}
2025-08-19 11:04:04 INFO Epoch 001 | Train Loss: 0.7545 | Val Loss: 1.0000 | Dice: 0.3243 | softDice: 0.2381 | clDice: 0.2674 | softclDice: 0.6998 | IoU: 0.1941 | Tversky: 0.3243 | Hausdorff: 804.4118 | HD95: 405.8011 | val_loss: 1.0000 | LR: 0.001000
2025-08-19 11:07:25 INFO Epoch 002 | Train Loss: 0.5976 | Val Loss: 0.9713 | Dice: 0.4331 | softDice: 0.4015 | clDice: 0.4940 | softclDice: 0.5159 | IoU: 0.2766 | Tversky: 0.4331 | Hausdorff: 385.2637 | HD95: 65.5962 | val_loss: 0.9713 | LR: 0.001000
2025-08-19 11:10:48 INFO Epoch 003 | Train Loss: 0.5613 | Val Loss: 0.9566 | Dice: 0.4194 | softDice: 0.4085 | clDice: 0.5035 | softclDice: 0.4880 | IoU: 0.2656 | Tversky: 0.4194 | Hausdorff: 395.4236 | HD95: 69.2609 | val_loss: 0.9566 | LR: 0.001000
2025-08-19 11:14:11 INFO Epoch 004 | Train Loss: 0.5527 | Val Loss: 1.0000 | Dice: 0.4402 | softDice: 0.4311 | clDice: 0.5085 | softclDice: 0.4874 | IoU: 0.2825 | Tversky: 0.4402 | Hausdorff: 540.9266 | HD95: 59.9039 | val_loss: 1.0000 | LR: 0.001000
2025-08-19 11:17:33 INFO Epoch 005 | Train Loss: 0.5469 | Val Loss: 1.0000 | Dice: 0.4473 | softDice: 0.4414 | clDice: 0.5232 | softclDice: 0.4617 | IoU: 0.2884 | Tversky: 0.4473 | Hausdorff: 485.7050 | HD95: 56.7120 | val_loss: 1.0000 | LR: 0.001000
2025-08-19 11:20:55 INFO Epoch 006 | Train Loss: 0.5415 | Val Loss: 0.9860 | Dice: 0.4536 | softDice: 0.4440 | clDice: 0.5347 | softclDice: 0.4598 | IoU: 0.2935 | Tversky: 0.4536 | Hausdorff: 239.5742 | HD95: 58.0796 | val_loss: 0.9860 | LR: 0.001000
2025-08-19 11:24:18 INFO Epoch 007 | Train Loss: 0.5345 | Val Loss: 1.0000 | Dice: 0.4550 | softDice: 0.4487 | clDice: 0.5248 | softclDice: 0.4675 | IoU: 0.2947 | Tversky: 0.4550 | Hausdorff: 257.8461 | HD95: 48.3779 | val_loss: 1.0000 | LR: 0.001000
2025-08-19 11:27:40 INFO Epoch 008 | Train Loss: 0.5372 | Val Loss: 1.0000 | Dice: 0.4546 | softDice: 0.4489 | clDice: 0.5262 | softclDice: 0.4632 | IoU: 0.2944 | Tversky: 0.4546 | Hausdorff: 391.5481 | HD95: 52.8691 | val_loss: 1.0000 | LR: 0.001000
2025-08-19 11:31:05 INFO Epoch 009 | Train Loss: 0.5305 | Val Loss: 1.0000 | Dice: 0.4584 | softDice: 0.4533 | clDice: 0.5447 | softclDice: 0.4436 | IoU: 0.2976 | Tversky: 0.4584 | Hausdorff: 268.2828 | HD95: 55.9608 | val_loss: 1.0000 | LR: 0.000500
2025-08-19 11:34:25 INFO Epoch 010 | Train Loss: 0.5296 | Val Loss: 1.0000 | Dice: 0.4666 | softDice: 0.4622 | clDice: 0.5520 | softclDice: 0.4277 | IoU: 0.3045 | Tversky: 0.4666 | Hausdorff: 216.1873 | HD95: 51.2843 | val_loss: 1.0000 | LR: 0.000500
2025-08-19 11:37:48 INFO Epoch 011 | Train Loss: 0.5263 | Val Loss: 1.0000 | Dice: 0.4737 | softDice: 0.4680 | clDice: 0.5558 | softclDice: 0.4319 | IoU: 0.3106 | Tversky: 0.4737 | Hausdorff: 220.8134 | HD95: 42.8304 | val_loss: 1.0000 | LR: 0.000500
2025-08-19 11:41:12 INFO Epoch 012 | Train Loss: 0.5201 | Val Loss: 1.0000 | Dice: 0.4727 | softDice: 0.4689 | clDice: 0.5628 | softclDice: 0.4207 | IoU: 0.3098 | Tversky: 0.4727 | Hausdorff: 234.2444 | HD95: 44.0177 | val_loss: 1.0000 | LR: 0.000500
2025-08-19 11:44:35 INFO Epoch 013 | Train Loss: 0.5194 | Val Loss: 1.0000 | Dice: 0.4685 | softDice: 0.4643 | clDice: 0.5569 | softclDice: 0.4187 | IoU: 0.3061 | Tversky: 0.4685 | Hausdorff: 255.9206 | HD95: 44.7525 | val_loss: 1.0000 | LR: 0.000500
2025-08-19 11:47:58 INFO Epoch 014 | Train Loss: 0.5213 | Val Loss: 1.0000 | Dice: 0.4705 | softDice: 0.4663 | clDice: 0.5587 | softclDice: 0.4204 | IoU: 0.3078 | Tversky: 0.4705 | Hausdorff: 212.5319 | HD95: 44.0590 | val_loss: 1.0000 | LR: 0.000500
2025-08-19 11:51:20 INFO Epoch 015 | Train Loss: 0.5204 | Val Loss: 0.9849 | Dice: 0.4657 | softDice: 0.4610 | clDice: 0.5590 | softclDice: 0.4233 | IoU: 0.3037 | Tversky: 0.4657 | Hausdorff: 391.3095 | HD95: 46.4242 | val_loss: 0.9849 | LR: 0.000250
2025-08-19 11:54:42 INFO Epoch 016 | Train Loss: 0.5149 | Val Loss: 1.0000 | Dice: 0.4815 | softDice: 0.4764 | clDice: 0.5656 | softclDice: 0.4202 | IoU: 0.3174 | Tversky: 0.4815 | Hausdorff: 201.2612 | HD95: 40.7379 | val_loss: 1.0000 | LR: 0.000250
2025-08-19 11:58:06 INFO Epoch 017 | Train Loss: 0.5130 | Val Loss: 1.0000 | Dice: 0.4714 | softDice: 0.4673 | clDice: 0.5578 | softclDice: 0.4212 | IoU: 0.3087 | Tversky: 0.4714 | Hausdorff: 215.7742 | HD95: 42.1706 | val_loss: 1.0000 | LR: 0.000250
2025-08-19 12:01:29 INFO Epoch 018 | Train Loss: 0.5079 | Val Loss: 1.0000 | Dice: 0.4766 | softDice: 0.4722 | clDice: 0.5673 | softclDice: 0.4140 | IoU: 0.3132 | Tversky: 0.4766 | Hausdorff: 205.8503 | HD95: 41.6468 | val_loss: 1.0000 | LR: 0.000250
2025-08-19 12:04:53 INFO Epoch 019 | Train Loss: 0.5117 | Val Loss: 1.0000 | Dice: 0.4755 | softDice: 0.4711 | clDice: 0.5655 | softclDice: 0.4183 | IoU: 0.3122 | Tversky: 0.4755 | Hausdorff: 224.4161 | HD95: 42.6962 | val_loss: 1.0000 | LR: 0.000250
2025-08-19 12:08:17 INFO Epoch 020 | Train Loss: 0.5084 | Val Loss: 1.0000 | Dice: 0.4775 | softDice: 0.4731 | clDice: 0.5614 | softclDice: 0.4245 | IoU: 0.3140 | Tversky: 0.4775 | Hausdorff: 216.0148 | HD95: 40.7064 | val_loss: 1.0000 | LR: 0.000250
2025-08-19 12:11:41 INFO Epoch 021 | Train Loss: 0.5091 | Val Loss: 1.0000 | Dice: 0.4774 | softDice: 0.4738 | clDice: 0.5619 | softclDice: 0.4223 | IoU: 0.3138 | Tversky: 0.4774 | Hausdorff: 216.6231 | HD95: 43.2276 | val_loss: 1.0000 | LR: 0.000125
2025-08-19 12:15:04 INFO Epoch 022 | Train Loss: 0.5077 | Val Loss: 1.0000 | Dice: 0.4807 | softDice: 0.4758 | clDice: 0.5684 | softclDice: 0.4147 | IoU: 0.3167 | Tversky: 0.4807 | Hausdorff: 222.1067 | HD95: 40.8155 | val_loss: 1.0000 | LR: 0.000125
2025-08-19 12:18:26 INFO Epoch 023 | Train Loss: 0.5046 | Val Loss: 1.0000 | Dice: 0.4784 | softDice: 0.4738 | clDice: 0.5657 | softclDice: 0.4148 | IoU: 0.3147 | Tversky: 0.4784 | Hausdorff: 215.5534 | HD95: 39.4241 | val_loss: 1.0000 | LR: 0.000125
2025-08-19 12:21:49 INFO Epoch 024 | Train Loss: 0.5036 | Val Loss: 1.0000 | Dice: 0.4792 | softDice: 0.4742 | clDice: 0.5722 | softclDice: 0.4107 | IoU: 0.3154 | Tversky: 0.4792 | Hausdorff: 221.5185 | HD95: 39.0692 | val_loss: 1.0000 | LR: 0.000125
2025-08-19 12:25:12 INFO Epoch 025 | Train Loss: 0.5017 | Val Loss: 1.0000 | Dice: 0.4813 | softDice: 0.4764 | clDice: 0.5612 | softclDice: 0.4262 | IoU: 0.3173 | Tversky: 0.4813 | Hausdorff: 224.5058 | HD95: 40.8227 | val_loss: 1.0000 | LR: 0.000125
2025-08-19 12:28:34 INFO Epoch 026 | Train Loss: 0.5059 | Val Loss: 1.0000 | Dice: 0.4809 | softDice: 0.4763 | clDice: 0.5669 | softclDice: 0.4139 | IoU: 0.3168 | Tversky: 0.4809 | Hausdorff: 215.9050 | HD95: 39.3333 | val_loss: 1.0000 | LR: 0.000125
2025-08-19 12:31:59 INFO Epoch 027 | Train Loss: 0.5065 | Val Loss: 1.0000 | Dice: 0.4813 | softDice: 0.4767 | clDice: 0.5686 | softclDice: 0.4151 | IoU: 0.3172 | Tversky: 0.4813 | Hausdorff: 215.5387 | HD95: 39.4398 | val_loss: 1.0000 | LR: 0.000063
2025-08-19 12:35:21 INFO Epoch 028 | Train Loss: 0.5059 | Val Loss: 1.0000 | Dice: 0.4803 | softDice: 0.4759 | clDice: 0.5673 | softclDice: 0.4146 | IoU: 0.3163 | Tversky: 0.4803 | Hausdorff: 221.8808 | HD95: 39.9785 | val_loss: 1.0000 | LR: 0.000063
2025-08-19 12:38:44 INFO Epoch 029 | Train Loss: 0.5046 | Val Loss: 1.0000 | Dice: 0.4797 | softDice: 0.4750 | clDice: 0.5661 | softclDice: 0.4162 | IoU: 0.3157 | Tversky: 0.4797 | Hausdorff: 221.2398 | HD95: 38.4989 | val_loss: 1.0000 | LR: 0.000063
2025-08-19 12:42:09 INFO Epoch 030 | Train Loss: 0.5023 | Val Loss: 1.0000 | Dice: 0.4779 | softDice: 0.4736 | clDice: 0.5672 | softclDice: 0.4138 | IoU: 0.3142 | Tversky: 0.4779 | Hausdorff: 209.9575 | HD95: 37.1822 | val_loss: 1.0000 | LR: 0.000063
2025-08-19 12:45:30 INFO Epoch 031 | Train Loss: 0.5036 | Val Loss: 1.0000 | Dice: 0.4801 | softDice: 0.4757 | clDice: 0.5684 | softclDice: 0.4140 | IoU: 0.3162 | Tversky: 0.4801 | Hausdorff: 213.9010 | HD95: 38.6213 | val_loss: 1.0000 | LR: 0.000063
2025-08-19 12:48:53 INFO Epoch 032 | Train Loss: 0.5041 | Val Loss: 1.0000 | Dice: 0.4790 | softDice: 0.4742 | clDice: 0.5666 | softclDice: 0.4158 | IoU: 0.3152 | Tversky: 0.4790 | Hausdorff: 214.0862 | HD95: 40.0663 | val_loss: 1.0000 | LR: 0.000063
2025-08-19 12:52:16 INFO Epoch 033 | Train Loss: 0.4991 | Val Loss: 1.0000 | Dice: 0.4792 | softDice: 0.4746 | clDice: 0.5661 | softclDice: 0.4150 | IoU: 0.3154 | Tversky: 0.4792 | Hausdorff: 211.4713 | HD95: 39.2304 | val_loss: 1.0000 | LR: 0.000031
2025-08-19 12:55:41 INFO Epoch 034 | Train Loss: 0.5036 | Val Loss: 1.0000 | Dice: 0.4797 | softDice: 0.4753 | clDice: 0.5666 | softclDice: 0.4134 | IoU: 0.3158 | Tversky: 0.4797 | Hausdorff: 215.1679 | HD95: 38.4014 | val_loss: 1.0000 | LR: 0.000031
2025-08-19 12:59:03 INFO Epoch 035 | Train Loss: 0.5037 | Val Loss: 1.0000 | Dice: 0.4793 | softDice: 0.4750 | clDice: 0.5667 | softclDice: 0.4131 | IoU: 0.3154 | Tversky: 0.4793 | Hausdorff: 215.1584 | HD95: 37.9322 | val_loss: 1.0000 | LR: 0.000031
2025-08-19 13:02:25 INFO Epoch 036 | Train Loss: 0.4976 | Val Loss: 1.0000 | Dice: 0.4786 | softDice: 0.4742 | clDice: 0.5648 | softclDice: 0.4154 | IoU: 0.3149 | Tversky: 0.4786 | Hausdorff: 201.6374 | HD95: 37.5863 | val_loss: 1.0000 | LR: 0.000031
2025-08-19 13:05:47 INFO Epoch 037 | Train Loss: 0.5013 | Val Loss: 1.0000 | Dice: 0.4801 | softDice: 0.4752 | clDice: 0.5648 | softclDice: 0.4171 | IoU: 0.3161 | Tversky: 0.4801 | Hausdorff: 211.4533 | HD95: 38.6784 | val_loss: 1.0000 | LR: 0.000031
2025-08-19 13:09:09 INFO Epoch 038 | Train Loss: 0.5014 | Val Loss: 1.0000 | Dice: 0.4785 | softDice: 0.4740 | clDice: 0.5639 | softclDice: 0.4180 | IoU: 0.3148 | Tversky: 0.4785 | Hausdorff: 214.9336 | HD95: 37.7334 | val_loss: 1.0000 | LR: 0.000031
2025-08-19 13:12:32 INFO Epoch 039 | Train Loss: 0.5001 | Val Loss: 1.0000 | Dice: 0.4815 | softDice: 0.4769 | clDice: 0.5693 | softclDice: 0.4117 | IoU: 0.3174 | Tversky: 0.4815 | Hausdorff: 213.3145 | HD95: 37.8448 | val_loss: 1.0000 | LR: 0.000016
2025-08-19 13:15:55 INFO Epoch 040 | Train Loss: 0.5037 | Val Loss: 1.0000 | Dice: 0.4806 | softDice: 0.4762 | clDice: 0.5668 | softclDice: 0.4152 | IoU: 0.3166 | Tversky: 0.4806 | Hausdorff: 213.0656 | HD95: 37.8719 | val_loss: 1.0000 | LR: 0.000016
2025-08-19 13:19:17 INFO Epoch 041 | Train Loss: 0.4987 | Val Loss: 1.0000 | Dice: 0.4807 | softDice: 0.4762 | clDice: 0.5692 | softclDice: 0.4111 | IoU: 0.3167 | Tversky: 0.4807 | Hausdorff: 214.4659 | HD95: 38.2091 | val_loss: 1.0000 | LR: 0.000016
2025-08-19 13:22:41 INFO Epoch 042 | Train Loss: 0.4974 | Val Loss: 1.0000 | Dice: 0.4811 | softDice: 0.4765 | clDice: 0.5688 | softclDice: 0.4126 | IoU: 0.3170 | Tversky: 0.4811 | Hausdorff: 221.6295 | HD95: 38.6029 | val_loss: 1.0000 | LR: 0.000016
2025-08-19 13:26:02 INFO Epoch 043 | Train Loss: 0.5012 | Val Loss: 1.0000 | Dice: 0.4802 | softDice: 0.4759 | clDice: 0.5697 | softclDice: 0.4098 | IoU: 0.3163 | Tversky: 0.4802 | Hausdorff: 215.2000 | HD95: 37.7851 | val_loss: 1.0000 | LR: 0.000016
2025-08-19 13:29:25 INFO Epoch 044 | Train Loss: 0.4986 | Val Loss: 1.0000 | Dice: 0.4802 | softDice: 0.4758 | clDice: 0.5676 | softclDice: 0.4133 | IoU: 0.3163 | Tversky: 0.4802 | Hausdorff: 215.2245 | HD95: 38.0674 | val_loss: 1.0000 | LR: 0.000016
2025-08-19 13:32:49 INFO Epoch 045 | Train Loss: 0.5028 | Val Loss: 1.0000 | Dice: 0.4819 | softDice: 0.4772 | clDice: 0.5682 | softclDice: 0.4140 | IoU: 0.3177 | Tversky: 0.4819 | Hausdorff: 214.9717 | HD95: 38.0898 | val_loss: 1.0000 | LR: 0.000008
2025-08-19 13:36:12 INFO Epoch 046 | Train Loss: 0.4974 | Val Loss: 1.0000 | Dice: 0.4821 | softDice: 0.4776 | clDice: 0.5704 | softclDice: 0.4117 | IoU: 0.3179 | Tversky: 0.4821 | Hausdorff: 221.1957 | HD95: 38.1299 | val_loss: 1.0000 | LR: 0.000008
2025-08-19 13:39:36 INFO Epoch 047 | Train Loss: 0.5023 | Val Loss: 1.0000 | Dice: 0.4812 | softDice: 0.4767 | clDice: 0.5692 | softclDice: 0.4118 | IoU: 0.3171 | Tversky: 0.4812 | Hausdorff: 212.5006 | HD95: 38.1780 | val_loss: 1.0000 | LR: 0.000008
2025-08-19 13:42:57 INFO Epoch 048 | Train Loss: 0.4981 | Val Loss: 1.0000 | Dice: 0.4807 | softDice: 0.4761 | clDice: 0.5694 | softclDice: 0.4115 | IoU: 0.3167 | Tversky: 0.4807 | Hausdorff: 219.8633 | HD95: 37.8594 | val_loss: 1.0000 | LR: 0.000008
2025-08-19 13:46:19 INFO Epoch 049 | Train Loss: 0.4961 | Val Loss: 1.0000 | Dice: 0.4814 | softDice: 0.4767 | clDice: 0.5706 | softclDice: 0.4104 | IoU: 0.3172 | Tversky: 0.4814 | Hausdorff: 219.9068 | HD95: 37.4277 | val_loss: 1.0000 | LR: 0.000008
2025-08-19 13:49:42 INFO Epoch 050 | Train Loss: 0.5026 | Val Loss: 1.0000 | Dice: 0.4812 | softDice: 0.4768 | clDice: 0.5700 | softclDice: 0.4104 | IoU: 0.3171 | Tversky: 0.4812 | Hausdorff: 220.6982 | HD95: 38.6925 | val_loss: 1.0000 | LR: 0.000008
2025-08-19 13:49:42 INFO Training completed.
2025-08-19 13:51:35 INFO Fold 5 results: Dice: 0.3243 | softDice: 0.2381 | clDice: 0.2674 | softclDice: 0.6998 | IoU: 0.1941 | Tversky: 0.3243 | Hausdorff: 804.4118 | HD95: 405.8011 | val_loss: 1.0000
2025-08-19 13:51:35 INFO ===== Cross-validation results =====
2025-08-19 13:51:35 INFO Dice: 0.3781 | softDice: 0.2807 | clDice: 0.4266 | softclDice: 0.6176 | IoU: 0.2344 | Tversky: 0.3781 | Hausdorff: 651.4842 | HD95: 147.2050 | val_loss: 1.0000
