2025-08-18 23:32:50 INFO Starting training with configuration: {'model': {'name': 'unet', 'encoder_name': 'se_resnext50_32x4d', 'encoder_weights': 'imagenet', 'classes': 1, 'activation': None, 'dropout': 0.2}, 'dataset': {'root': '/data/smadper@alumno.upv.es/TFM/datasets/laticifers', 'patch_size': [512, 512], 'stride': [256, 256], 'num_patches': 50, 'num_workers': 4, 'feature_dirs': {'image': '/data/smadper@alumno.upv.es/TFM/datasets/laticifers/enhanced_images', 'mask': '/data/smadper@alumno.upv.es/TFM/datasets/laticifers/masks', 'distance': '/data/smadper@alumno.upv.es/TFM/datasets/laticifers/distance_maps_pt'}}, 'train': {'batch_size': 32, 'num_epochs': 50, 'learning_rate': 0.001, 'accumulation_steps': 1, 'save_dir': '/data/smadper@alumno.upv.es/TFM/checkpoints_cv2/unet/20250818_233250_unet_se_resnext50_32x4d_dice_cldice0.2', 'log_interval': 1, 'patience': 100, 'mixed_precision': True, 'experiment_name': 'unet_se_resnext50_32x4d_dice_cldice0.2', 'timestamp': '20250818_233250'}, 'test': {'batch_size': 1}, 'loss': {'name': 'dice_cldice', 'cldice_alpha': 0.3, 'use_topographic': False, 'combine_with': None, 'weights': {'main': 1.0, 'combined': 0.0}, 'topo': {'alpha': 2.0, 'beta': 1.0}}}
2025-08-18 23:32:50 INFO Experiment name: unet_se_resnext50_32x4d_dice_cldice0.2
2025-08-18 23:32:50 INFO ===== Fold 1 / 5 =====
2025-08-18 23:32:50 INFO Loading model unet with settings {'name': 'unet', 'encoder_name': 'se_resnext50_32x4d', 'encoder_weights': 'imagenet', 'classes': 1, 'activation': None, 'dropout': 0.2}
2025-08-18 23:34:40 INFO Epoch 001 | Train Loss: 0.7630 | Val Loss: 1.0000 | Dice: 0.3242 | softDice: 0.1946 | clDice: 0.4075 | softclDice: 0.5973 | IoU: 0.1935 | Tversky: 0.3242 | Hausdorff: 612.2477 | HD95: 105.2092 | val_loss: 1.0000 | LR: 0.001000
2025-08-18 23:36:29 INFO Epoch 002 | Train Loss: 0.6437 | Val Loss: 0.9593 | Dice: 0.3275 | softDice: 0.2861 | clDice: 0.4366 | softclDice: 0.5179 | IoU: 0.1959 | Tversky: 0.3275 | Hausdorff: 497.6292 | HD95: 109.3378 | val_loss: 0.9593 | LR: 0.001000
2025-08-18 23:38:17 INFO Epoch 003 | Train Loss: 0.5837 | Val Loss: 0.9180 | Dice: 0.3605 | softDice: 0.3426 | clDice: 0.4320 | softclDice: 0.5425 | IoU: 0.2201 | Tversky: 0.3605 | Hausdorff: 661.5259 | HD95: 96.5527 | val_loss: 0.9180 | LR: 0.001000
2025-08-18 23:40:04 INFO Epoch 004 | Train Loss: 0.5695 | Val Loss: 0.8495 | Dice: 0.4133 | softDice: 0.3964 | clDice: 0.5068 | softclDice: 0.4913 | IoU: 0.2606 | Tversky: 0.4133 | Hausdorff: 539.8095 | HD95: 77.2923 | val_loss: 0.8495 | LR: 0.001000
2025-08-18 23:41:49 INFO Epoch 005 | Train Loss: 0.5831 | Val Loss: 0.9563 | Dice: 0.3575 | softDice: 0.3578 | clDice: 0.4448 | softclDice: 0.5077 | IoU: 0.2178 | Tversky: 0.3575 | Hausdorff: 559.2799 | HD95: 101.8864 | val_loss: 0.9563 | LR: 0.001000
2025-08-18 23:43:34 INFO Epoch 006 | Train Loss: 0.5734 | Val Loss: 0.8352 | Dice: 0.3774 | softDice: 0.3716 | clDice: 0.4839 | softclDice: 0.4602 | IoU: 0.2328 | Tversky: 0.3774 | Hausdorff: 255.8745 | HD95: 88.8364 | val_loss: 0.8352 | LR: 0.001000
2025-08-18 23:45:19 INFO Epoch 007 | Train Loss: 0.5936 | Val Loss: 0.8669 | Dice: 0.3630 | softDice: 0.3571 | clDice: 0.4740 | softclDice: 0.6801 | IoU: 0.2219 | Tversky: 0.3630 | Hausdorff: 476.6628 | HD95: 95.5100 | val_loss: 0.8669 | LR: 0.001000
2025-08-18 23:47:03 INFO Epoch 008 | Train Loss: 0.5902 | Val Loss: 0.9102 | Dice: 0.4294 | softDice: 0.4191 | clDice: 0.5051 | softclDice: 0.4947 | IoU: 0.2735 | Tversky: 0.4294 | Hausdorff: 392.8715 | HD95: 77.5216 | val_loss: 0.9102 | LR: 0.001000
2025-08-18 23:48:48 INFO Epoch 009 | Train Loss: 0.5471 | Val Loss: 0.8818 | Dice: 0.4211 | softDice: 0.4167 | clDice: 0.5121 | softclDice: 0.4656 | IoU: 0.2669 | Tversky: 0.4211 | Hausdorff: 426.1524 | HD95: 70.8685 | val_loss: 0.8818 | LR: 0.001000
2025-08-18 23:50:31 INFO Epoch 010 | Train Loss: 0.5373 | Val Loss: 0.9143 | Dice: 0.4184 | softDice: 0.4145 | clDice: 0.5067 | softclDice: 0.4895 | IoU: 0.2646 | Tversky: 0.4184 | Hausdorff: 627.6288 | HD95: 70.0684 | val_loss: 0.9143 | LR: 0.001000
2025-08-18 23:52:17 INFO Epoch 011 | Train Loss: 0.5394 | Val Loss: 0.8325 | Dice: 0.4118 | softDice: 0.4102 | clDice: 0.5217 | softclDice: 0.4664 | IoU: 0.2593 | Tversky: 0.4118 | Hausdorff: 238.1102 | HD95: 64.1181 | val_loss: 0.8325 | LR: 0.001000
2025-08-18 23:54:00 INFO Epoch 012 | Train Loss: 0.5531 | Val Loss: 0.9318 | Dice: 0.4143 | softDice: 0.4112 | clDice: 0.4955 | softclDice: 0.4818 | IoU: 0.2613 | Tversky: 0.4143 | Hausdorff: 655.0217 | HD95: 83.9145 | val_loss: 0.9318 | LR: 0.001000
2025-08-18 23:55:41 INFO Epoch 013 | Train Loss: 0.5449 | Val Loss: 0.9093 | Dice: 0.4204 | softDice: 0.4161 | clDice: 0.5037 | softclDice: 0.4747 | IoU: 0.2662 | Tversky: 0.4204 | Hausdorff: 301.8584 | HD95: 72.9284 | val_loss: 0.9093 | LR: 0.001000
2025-08-18 23:57:26 INFO Epoch 014 | Train Loss: 0.5408 | Val Loss: 0.9065 | Dice: 0.4069 | softDice: 0.4065 | clDice: 0.4978 | softclDice: 0.4630 | IoU: 0.2554 | Tversky: 0.4069 | Hausdorff: 432.8480 | HD95: 78.8763 | val_loss: 0.9065 | LR: 0.001000
2025-08-18 23:59:08 INFO Epoch 015 | Train Loss: 0.5370 | Val Loss: 0.8398 | Dice: 0.3864 | softDice: 0.3854 | clDice: 0.4978 | softclDice: 0.5578 | IoU: 0.2395 | Tversky: 0.3864 | Hausdorff: 545.6917 | HD95: 93.5574 | val_loss: 0.8398 | LR: 0.001000
2025-08-19 00:00:51 INFO Epoch 016 | Train Loss: 0.6636 | Val Loss: 0.9423 | Dice: 0.3908 | softDice: 0.3804 | clDice: 0.4469 | softclDice: 0.5559 | IoU: 0.2430 | Tversky: 0.3908 | Hausdorff: 258.2608 | HD95: 83.6886 | val_loss: 0.9423 | LR: 0.001000
2025-08-19 00:02:34 INFO Epoch 017 | Train Loss: 0.5747 | Val Loss: 0.8562 | Dice: 0.4035 | softDice: 0.3871 | clDice: 0.4799 | softclDice: 0.5242 | IoU: 0.2528 | Tversky: 0.4035 | Hausdorff: 279.2212 | HD95: 98.1035 | val_loss: 0.8562 | LR: 0.000500
2025-08-19 00:04:17 INFO Epoch 018 | Train Loss: 0.5502 | Val Loss: 0.9282 | Dice: 0.4291 | softDice: 0.4234 | clDice: 0.5239 | softclDice: 0.4488 | IoU: 0.2732 | Tversky: 0.4291 | Hausdorff: 274.3198 | HD95: 67.5548 | val_loss: 0.9282 | LR: 0.000500
2025-08-19 00:06:02 INFO Epoch 019 | Train Loss: 0.5448 | Val Loss: 0.9298 | Dice: 0.4289 | softDice: 0.4245 | clDice: 0.5203 | softclDice: 0.4556 | IoU: 0.2731 | Tversky: 0.4289 | Hausdorff: 412.0978 | HD95: 65.1613 | val_loss: 0.9298 | LR: 0.000500
2025-08-19 00:07:45 INFO Epoch 020 | Train Loss: 0.5322 | Val Loss: 0.8755 | Dice: 0.4265 | softDice: 0.4246 | clDice: 0.5299 | softclDice: 0.4359 | IoU: 0.2711 | Tversky: 0.4265 | Hausdorff: 412.7326 | HD95: 65.4034 | val_loss: 0.8755 | LR: 0.000500
2025-08-19 00:09:29 INFO Epoch 021 | Train Loss: 0.5329 | Val Loss: 0.8759 | Dice: 0.4326 | softDice: 0.4289 | clDice: 0.5371 | softclDice: 0.4372 | IoU: 0.2761 | Tversky: 0.4326 | Hausdorff: 395.4953 | HD95: 61.6850 | val_loss: 0.8759 | LR: 0.000500
2025-08-19 00:11:14 INFO Epoch 022 | Train Loss: 0.5353 | Val Loss: 0.9306 | Dice: 0.4360 | softDice: 0.4326 | clDice: 0.5324 | softclDice: 0.4486 | IoU: 0.2788 | Tversky: 0.4360 | Hausdorff: 427.2690 | HD95: 61.8301 | val_loss: 0.9306 | LR: 0.000500
2025-08-19 00:12:59 INFO Epoch 023 | Train Loss: 0.5252 | Val Loss: 0.9031 | Dice: 0.4355 | softDice: 0.4330 | clDice: 0.5349 | softclDice: 0.4379 | IoU: 0.2784 | Tversky: 0.4355 | Hausdorff: 404.6168 | HD95: 66.7694 | val_loss: 0.9031 | LR: 0.000250
2025-08-19 00:14:41 INFO Epoch 024 | Train Loss: 0.5243 | Val Loss: 0.9266 | Dice: 0.4357 | softDice: 0.4337 | clDice: 0.5350 | softclDice: 0.4373 | IoU: 0.2786 | Tversky: 0.4357 | Hausdorff: 401.0666 | HD95: 60.6282 | val_loss: 0.9266 | LR: 0.000250
2025-08-19 00:16:24 INFO Epoch 025 | Train Loss: 0.5161 | Val Loss: 0.9281 | Dice: 0.4396 | softDice: 0.4368 | clDice: 0.5331 | softclDice: 0.4483 | IoU: 0.2818 | Tversky: 0.4396 | Hausdorff: 401.6611 | HD95: 62.1009 | val_loss: 0.9281 | LR: 0.000250
2025-08-19 00:18:10 INFO Epoch 026 | Train Loss: 0.5181 | Val Loss: 0.8253 | Dice: 0.4315 | softDice: 0.4302 | clDice: 0.5428 | softclDice: 0.4408 | IoU: 0.2751 | Tversky: 0.4315 | Hausdorff: 410.9994 | HD95: 61.8545 | val_loss: 0.8253 | LR: 0.000250
2025-08-19 00:19:51 INFO Epoch 027 | Train Loss: 0.5216 | Val Loss: 0.9022 | Dice: 0.4328 | softDice: 0.4321 | clDice: 0.5352 | softclDice: 0.4342 | IoU: 0.2763 | Tversky: 0.4328 | Hausdorff: 419.3000 | HD95: 61.5273 | val_loss: 0.9022 | LR: 0.000250
2025-08-19 00:21:34 INFO Epoch 028 | Train Loss: 0.5175 | Val Loss: 0.8503 | Dice: 0.4419 | softDice: 0.4387 | clDice: 0.5450 | softclDice: 0.4322 | IoU: 0.2838 | Tversky: 0.4419 | Hausdorff: 393.1230 | HD95: 57.6673 | val_loss: 0.8503 | LR: 0.000250
2025-08-19 00:23:16 INFO Epoch 029 | Train Loss: 0.5129 | Val Loss: 0.9027 | Dice: 0.4351 | softDice: 0.4338 | clDice: 0.5359 | softclDice: 0.4372 | IoU: 0.2782 | Tversky: 0.4351 | Hausdorff: 423.7394 | HD95: 58.5285 | val_loss: 0.9027 | LR: 0.000250
2025-08-19 00:24:58 INFO Epoch 030 | Train Loss: 0.5177 | Val Loss: 0.9294 | Dice: 0.4387 | softDice: 0.4374 | clDice: 0.5292 | softclDice: 0.4545 | IoU: 0.2811 | Tversky: 0.4387 | Hausdorff: 400.9424 | HD95: 59.3433 | val_loss: 0.9294 | LR: 0.000250
2025-08-19 00:26:42 INFO Epoch 031 | Train Loss: 0.5154 | Val Loss: 0.8504 | Dice: 0.4416 | softDice: 0.4392 | clDice: 0.5458 | softclDice: 0.4305 | IoU: 0.2835 | Tversky: 0.4416 | Hausdorff: 255.2878 | HD95: 54.7479 | val_loss: 0.8504 | LR: 0.000250
2025-08-19 00:28:25 INFO Epoch 032 | Train Loss: 0.5094 | Val Loss: 0.8701 | Dice: 0.4369 | softDice: 0.4356 | clDice: 0.5475 | softclDice: 0.4180 | IoU: 0.2796 | Tversky: 0.4369 | Hausdorff: 295.2854 | HD95: 56.3818 | val_loss: 0.8701 | LR: 0.000125
2025-08-19 00:30:07 INFO Epoch 033 | Train Loss: 0.5110 | Val Loss: 0.8978 | Dice: 0.4453 | softDice: 0.4431 | clDice: 0.5474 | softclDice: 0.4315 | IoU: 0.2866 | Tversky: 0.4453 | Hausdorff: 261.5684 | HD95: 53.2997 | val_loss: 0.8978 | LR: 0.000125
2025-08-19 00:31:52 INFO Epoch 034 | Train Loss: 0.5065 | Val Loss: 0.8216 | Dice: 0.4416 | softDice: 0.4394 | clDice: 0.5553 | softclDice: 0.4188 | IoU: 0.2835 | Tversky: 0.4416 | Hausdorff: 247.3658 | HD95: 51.6541 | val_loss: 0.8216 | LR: 0.000125
2025-08-19 00:33:36 INFO Epoch 035 | Train Loss: 0.5076 | Val Loss: 0.8214 | Dice: 0.4456 | softDice: 0.4435 | clDice: 0.5552 | softclDice: 0.4189 | IoU: 0.2868 | Tversky: 0.4456 | Hausdorff: 270.5023 | HD95: 50.6871 | val_loss: 0.8214 | LR: 0.000125
2025-08-19 00:35:22 INFO Epoch 036 | Train Loss: 0.5062 | Val Loss: 0.8470 | Dice: 0.4387 | softDice: 0.4382 | clDice: 0.5488 | softclDice: 0.4254 | IoU: 0.2811 | Tversky: 0.4387 | Hausdorff: 299.4322 | HD95: 55.9384 | val_loss: 0.8470 | LR: 0.000125
2025-08-19 00:37:04 INFO Epoch 037 | Train Loss: 0.5113 | Val Loss: 0.8705 | Dice: 0.4441 | softDice: 0.4434 | clDice: 0.5478 | softclDice: 0.4209 | IoU: 0.2856 | Tversky: 0.4441 | Hausdorff: 261.6568 | HD95: 55.6879 | val_loss: 0.8705 | LR: 0.000125
2025-08-19 00:38:48 INFO Epoch 038 | Train Loss: 0.5070 | Val Loss: 0.8171 | Dice: 0.4412 | softDice: 0.4391 | clDice: 0.5596 | softclDice: 0.4158 | IoU: 0.2832 | Tversky: 0.4412 | Hausdorff: 270.6988 | HD95: 51.9638 | val_loss: 0.8171 | LR: 0.000125
2025-08-19 00:40:33 INFO Epoch 039 | Train Loss: 0.5107 | Val Loss: 0.8175 | Dice: 0.4412 | softDice: 0.4403 | clDice: 0.5568 | softclDice: 0.4124 | IoU: 0.2832 | Tversky: 0.4412 | Hausdorff: 271.7132 | HD95: 53.1059 | val_loss: 0.8175 | LR: 0.000125
2025-08-19 00:42:17 INFO Epoch 040 | Train Loss: 0.5043 | Val Loss: 0.8164 | Dice: 0.4364 | softDice: 0.4359 | clDice: 0.5525 | softclDice: 0.4188 | IoU: 0.2792 | Tversky: 0.4364 | Hausdorff: 434.6178 | HD95: 55.4970 | val_loss: 0.8164 | LR: 0.000125
2025-08-19 00:44:01 INFO Epoch 041 | Train Loss: 0.5067 | Val Loss: 0.8691 | Dice: 0.4357 | softDice: 0.4367 | clDice: 0.5434 | softclDice: 0.4118 | IoU: 0.2786 | Tversky: 0.4357 | Hausdorff: 443.3495 | HD95: 64.1075 | val_loss: 0.8691 | LR: 0.000125
2025-08-19 00:45:45 INFO Epoch 042 | Train Loss: 0.5063 | Val Loss: 0.8200 | Dice: 0.4448 | softDice: 0.4438 | clDice: 0.5533 | softclDice: 0.4136 | IoU: 0.2861 | Tversky: 0.4448 | Hausdorff: 242.3348 | HD95: 54.3246 | val_loss: 0.8200 | LR: 0.000125
2025-08-19 00:47:30 INFO Epoch 043 | Train Loss: 0.5068 | Val Loss: 0.8146 | Dice: 0.4430 | softDice: 0.4411 | clDice: 0.5603 | softclDice: 0.4078 | IoU: 0.2846 | Tversky: 0.4430 | Hausdorff: 239.9510 | HD95: 50.0568 | val_loss: 0.8146 | LR: 0.000125
2025-08-19 00:49:13 INFO Epoch 044 | Train Loss: 0.5074 | Val Loss: 0.8185 | Dice: 0.4459 | softDice: 0.4440 | clDice: 0.5573 | softclDice: 0.4129 | IoU: 0.2870 | Tversky: 0.4459 | Hausdorff: 261.1793 | HD95: 53.0956 | val_loss: 0.8185 | LR: 0.000125
2025-08-19 00:50:56 INFO Epoch 045 | Train Loss: 0.5056 | Val Loss: 0.8159 | Dice: 0.4402 | softDice: 0.4387 | clDice: 0.5585 | softclDice: 0.4109 | IoU: 0.2823 | Tversky: 0.4402 | Hausdorff: 405.8463 | HD95: 54.6720 | val_loss: 0.8159 | LR: 0.000125
2025-08-19 00:52:39 INFO Epoch 046 | Train Loss: 0.5069 | Val Loss: 0.8444 | Dice: 0.4380 | softDice: 0.4381 | clDice: 0.5456 | softclDice: 0.4155 | IoU: 0.2804 | Tversky: 0.4380 | Hausdorff: 265.8692 | HD95: 62.2658 | val_loss: 0.8444 | LR: 0.000125
2025-08-19 00:54:22 INFO Epoch 047 | Train Loss: 0.5067 | Val Loss: 0.8165 | Dice: 0.4305 | softDice: 0.4310 | clDice: 0.5429 | softclDice: 0.4138 | IoU: 0.2743 | Tversky: 0.4305 | Hausdorff: 454.7133 | HD95: 65.6161 | val_loss: 0.8165 | LR: 0.000125
2025-08-19 00:56:05 INFO Epoch 048 | Train Loss: 0.5053 | Val Loss: 0.8157 | Dice: 0.4329 | softDice: 0.4334 | clDice: 0.5525 | softclDice: 0.4069 | IoU: 0.2763 | Tversky: 0.4329 | Hausdorff: 372.3584 | HD95: 62.6398 | val_loss: 0.8157 | LR: 0.000125
2025-08-19 00:57:51 INFO Epoch 049 | Train Loss: 0.5057 | Val Loss: 0.8214 | Dice: 0.4387 | softDice: 0.4381 | clDice: 0.5475 | softclDice: 0.4197 | IoU: 0.2811 | Tversky: 0.4387 | Hausdorff: 316.6792 | HD95: 59.5333 | val_loss: 0.8214 | LR: 0.000063
2025-08-19 00:59:34 INFO Epoch 050 | Train Loss: 0.5059 | Val Loss: 0.8179 | Dice: 0.4390 | softDice: 0.4384 | clDice: 0.5518 | softclDice: 0.4123 | IoU: 0.2813 | Tversky: 0.4390 | Hausdorff: 281.1943 | HD95: 59.0354 | val_loss: 0.8179 | LR: 0.000063
2025-08-19 00:59:34 INFO Training completed.
2025-08-19 01:00:26 INFO Fold 1 results: Dice: 0.3630 | softDice: 0.3571 | clDice: 0.4740 | softclDice: 0.6801 | IoU: 0.2219 | Tversky: 0.3630 | Hausdorff: 476.6628 | HD95: 95.5100 | val_loss: 0.8669
2025-08-19 01:00:26 INFO ===== Fold 2 / 5 =====
2025-08-19 01:00:26 INFO Loading model unet with settings {'name': 'unet', 'encoder_name': 'se_resnext50_32x4d', 'encoder_weights': 'imagenet', 'classes': 1, 'activation': None, 'dropout': 0.2}
2025-08-19 01:02:20 INFO Epoch 001 | Train Loss: 0.7533 | Val Loss: 1.0000 | Dice: 0.4063 | softDice: 0.2541 | clDice: 0.4906 | softclDice: 0.5161 | IoU: 0.2553 | Tversky: 0.4063 | Hausdorff: 373.0684 | HD95: 52.7250 | val_loss: 1.0000 | LR: 0.001000
2025-08-19 01:04:11 INFO Epoch 002 | Train Loss: 0.6078 | Val Loss: 1.0000 | Dice: 0.4200 | softDice: 0.3961 | clDice: 0.4683 | softclDice: 0.5335 | IoU: 0.2663 | Tversky: 0.4200 | Hausdorff: 313.6097 | HD95: 54.5457 | val_loss: 1.0000 | LR: 0.001000
2025-08-19 01:06:06 INFO Epoch 003 | Train Loss: 0.5669 | Val Loss: 1.0000 | Dice: 0.4251 | softDice: 0.4119 | clDice: 0.4820 | softclDice: 0.5074 | IoU: 0.2703 | Tversky: 0.4251 | Hausdorff: 300.9727 | HD95: 63.2378 | val_loss: 1.0000 | LR: 0.001000
2025-08-19 01:08:03 INFO Epoch 004 | Train Loss: 0.5673 | Val Loss: 0.8729 | Dice: 0.3613 | softDice: 0.3488 | clDice: 0.4269 | softclDice: 0.5811 | IoU: 0.2213 | Tversky: 0.3613 | Hausdorff: 346.9355 | HD95: 107.8595 | val_loss: 0.8729 | LR: 0.001000
2025-08-19 01:09:48 INFO Epoch 005 | Train Loss: 0.5720 | Val Loss: 0.9200 | Dice: 0.4325 | softDice: 0.4230 | clDice: 0.5037 | softclDice: 0.4906 | IoU: 0.2765 | Tversky: 0.4325 | Hausdorff: 329.3816 | HD95: 67.2853 | val_loss: 0.9200 | LR: 0.001000
2025-08-19 01:11:35 INFO Epoch 006 | Train Loss: 0.5633 | Val Loss: 0.8712 | Dice: 0.4087 | softDice: 0.4050 | clDice: 0.4891 | softclDice: 0.5187 | IoU: 0.2572 | Tversky: 0.4087 | Hausdorff: 486.1159 | HD95: 62.4266 | val_loss: 0.8712 | LR: 0.001000
2025-08-19 01:13:34 INFO Epoch 007 | Train Loss: 0.5586 | Val Loss: 0.8343 | Dice: 0.4202 | softDice: 0.4172 | clDice: 0.5154 | softclDice: 0.4579 | IoU: 0.2663 | Tversky: 0.4202 | Hausdorff: 305.7543 | HD95: 50.3791 | val_loss: 0.8343 | LR: 0.001000
2025-08-19 01:15:30 INFO Epoch 008 | Train Loss: 0.5657 | Val Loss: 1.0000 | Dice: 0.3724 | softDice: 0.3731 | clDice: 0.4470 | softclDice: 0.5062 | IoU: 0.2294 | Tversky: 0.3724 | Hausdorff: 514.2294 | HD95: 93.4573 | val_loss: 1.0000 | LR: 0.001000
2025-08-19 01:17:28 INFO Epoch 009 | Train Loss: 0.5732 | Val Loss: 0.8850 | Dice: 0.4179 | softDice: 0.4130 | clDice: 0.5056 | softclDice: 0.4723 | IoU: 0.2645 | Tversky: 0.4179 | Hausdorff: 332.0255 | HD95: 66.0773 | val_loss: 0.8850 | LR: 0.001000
2025-08-19 01:19:25 INFO Epoch 010 | Train Loss: 0.5620 | Val Loss: 0.8668 | Dice: 0.4118 | softDice: 0.4089 | clDice: 0.4998 | softclDice: 0.4639 | IoU: 0.2597 | Tversky: 0.4118 | Hausdorff: 415.1100 | HD95: 60.8704 | val_loss: 0.8668 | LR: 0.001000
2025-08-19 01:21:19 INFO Epoch 011 | Train Loss: 0.5503 | Val Loss: 0.8268 | Dice: 0.4207 | softDice: 0.4195 | clDice: 0.5223 | softclDice: 0.4375 | IoU: 0.2666 | Tversky: 0.4207 | Hausdorff: 467.5064 | HD95: 58.3365 | val_loss: 0.8268 | LR: 0.001000
2025-08-19 01:23:22 INFO Epoch 012 | Train Loss: 0.5779 | Val Loss: 0.9125 | Dice: 0.1997 | softDice: 0.1980 | clDice: 0.2686 | softclDice: 0.7332 | IoU: 0.1113 | Tversky: 0.1997 | Hausdorff: 542.6292 | HD95: 109.4154 | val_loss: 0.9125 | LR: 0.001000
2025-08-19 01:25:17 INFO Epoch 013 | Train Loss: 0.7750 | Val Loss: 0.9585 | Dice: 0.2800 | softDice: 0.2761 | clDice: 0.3407 | softclDice: 0.6562 | IoU: 0.1632 | Tversky: 0.2800 | Hausdorff: 391.3580 | HD95: 114.7058 | val_loss: 0.9585 | LR: 0.001000
2025-08-19 01:27:10 INFO Epoch 014 | Train Loss: 0.6950 | Val Loss: 0.9355 | Dice: 0.3423 | softDice: 0.3335 | clDice: 0.3932 | softclDice: 0.6067 | IoU: 0.2070 | Tversky: 0.3423 | Hausdorff: 379.8815 | HD95: 99.7671 | val_loss: 0.9355 | LR: 0.001000
2025-08-19 01:29:05 INFO Epoch 015 | Train Loss: 0.6512 | Val Loss: 0.9393 | Dice: 0.3489 | softDice: 0.3391 | clDice: 0.3843 | softclDice: 0.6246 | IoU: 0.2121 | Tversky: 0.3489 | Hausdorff: 375.4321 | HD95: 92.9313 | val_loss: 0.9393 | LR: 0.001000
2025-08-19 01:30:56 INFO Epoch 016 | Train Loss: 0.6221 | Val Loss: 0.8908 | Dice: 0.3820 | softDice: 0.3694 | clDice: 0.4337 | softclDice: 0.5738 | IoU: 0.2369 | Tversky: 0.3820 | Hausdorff: 347.1889 | HD95: 92.8627 | val_loss: 0.8908 | LR: 0.001000
2025-08-19 01:32:51 INFO Epoch 017 | Train Loss: 0.6036 | Val Loss: 0.8945 | Dice: 0.4209 | softDice: 0.4128 | clDice: 0.4987 | softclDice: 0.5015 | IoU: 0.2671 | Tversky: 0.4209 | Hausdorff: 350.4362 | HD95: 68.8481 | val_loss: 0.8945 | LR: 0.000500
2025-08-19 01:34:41 INFO Epoch 018 | Train Loss: 0.5834 | Val Loss: 0.9187 | Dice: 0.4183 | softDice: 0.4122 | clDice: 0.4933 | softclDice: 0.4975 | IoU: 0.2650 | Tversky: 0.4183 | Hausdorff: 402.1776 | HD95: 63.2483 | val_loss: 0.9187 | LR: 0.000500
2025-08-19 01:36:36 INFO Epoch 019 | Train Loss: 0.5765 | Val Loss: 0.8887 | Dice: 0.4322 | softDice: 0.4248 | clDice: 0.5131 | softclDice: 0.4765 | IoU: 0.2760 | Tversky: 0.4322 | Hausdorff: 399.9870 | HD95: 60.6473 | val_loss: 0.8887 | LR: 0.000500
2025-08-19 01:38:31 INFO Epoch 020 | Train Loss: 0.5643 | Val Loss: 0.8663 | Dice: 0.4266 | softDice: 0.4183 | clDice: 0.5161 | softclDice: 0.4831 | IoU: 0.2716 | Tversky: 0.4266 | Hausdorff: 330.4701 | HD95: 65.7869 | val_loss: 0.8663 | LR: 0.000500
2025-08-19 01:40:22 INFO Epoch 021 | Train Loss: 0.5609 | Val Loss: 0.8349 | Dice: 0.4318 | softDice: 0.4256 | clDice: 0.5294 | softclDice: 0.4621 | IoU: 0.2758 | Tversky: 0.4318 | Hausdorff: 324.7338 | HD95: 58.5232 | val_loss: 0.8349 | LR: 0.000500
2025-08-19 01:42:16 INFO Epoch 022 | Train Loss: 0.5589 | Val Loss: 0.8862 | Dice: 0.4397 | softDice: 0.4330 | clDice: 0.5228 | softclDice: 0.4692 | IoU: 0.2823 | Tversky: 0.4397 | Hausdorff: 390.2802 | HD95: 58.0222 | val_loss: 0.8862 | LR: 0.000500
2025-08-19 01:44:12 INFO Epoch 023 | Train Loss: 0.5534 | Val Loss: 0.8867 | Dice: 0.4247 | softDice: 0.4232 | clDice: 0.5231 | softclDice: 0.4464 | IoU: 0.2698 | Tversky: 0.4247 | Hausdorff: 343.3783 | HD95: 60.3488 | val_loss: 0.8867 | LR: 0.000250
2025-08-19 01:46:07 INFO Epoch 024 | Train Loss: 0.5489 | Val Loss: 0.9578 | Dice: 0.4430 | softDice: 0.4389 | clDice: 0.5331 | softclDice: 0.4495 | IoU: 0.2849 | Tversky: 0.4430 | Hausdorff: 336.7501 | HD95: 56.0411 | val_loss: 0.9578 | LR: 0.000250
2025-08-19 01:48:04 INFO Epoch 025 | Train Loss: 0.5450 | Val Loss: 0.8501 | Dice: 0.4379 | softDice: 0.4339 | clDice: 0.5434 | softclDice: 0.4317 | IoU: 0.2806 | Tversky: 0.4379 | Hausdorff: 356.2930 | HD95: 54.4305 | val_loss: 0.8501 | LR: 0.000250
2025-08-19 01:49:58 INFO Epoch 026 | Train Loss: 0.5384 | Val Loss: 0.8558 | Dice: 0.4380 | softDice: 0.4334 | clDice: 0.5312 | softclDice: 0.4505 | IoU: 0.2810 | Tversky: 0.4380 | Hausdorff: 358.8816 | HD95: 58.1828 | val_loss: 0.8558 | LR: 0.000250
2025-08-19 01:51:56 INFO Epoch 027 | Train Loss: 0.5394 | Val Loss: 0.8775 | Dice: 0.4428 | softDice: 0.4400 | clDice: 0.5400 | softclDice: 0.4364 | IoU: 0.2848 | Tversky: 0.4428 | Hausdorff: 362.8470 | HD95: 52.5597 | val_loss: 0.8775 | LR: 0.000250
2025-08-19 01:53:54 INFO Epoch 028 | Train Loss: 0.5326 | Val Loss: 0.9285 | Dice: 0.4477 | softDice: 0.4438 | clDice: 0.5438 | softclDice: 0.4367 | IoU: 0.2887 | Tversky: 0.4477 | Hausdorff: 300.7924 | HD95: 51.6457 | val_loss: 0.9285 | LR: 0.000250
2025-08-19 01:55:51 INFO Epoch 029 | Train Loss: 0.5313 | Val Loss: 0.8999 | Dice: 0.4473 | softDice: 0.4442 | clDice: 0.5461 | softclDice: 0.4287 | IoU: 0.2884 | Tversky: 0.4473 | Hausdorff: 315.3278 | HD95: 48.3073 | val_loss: 0.8999 | LR: 0.000125
2025-08-19 01:57:50 INFO Epoch 030 | Train Loss: 0.5294 | Val Loss: 0.9274 | Dice: 0.4492 | softDice: 0.4463 | clDice: 0.5470 | softclDice: 0.4278 | IoU: 0.2899 | Tversky: 0.4492 | Hausdorff: 325.0735 | HD95: 48.9863 | val_loss: 0.9274 | LR: 0.000125
2025-08-19 01:59:43 INFO Epoch 031 | Train Loss: 0.5280 | Val Loss: 0.9786 | Dice: 0.4532 | softDice: 0.4500 | clDice: 0.5468 | softclDice: 0.4308 | IoU: 0.2932 | Tversky: 0.4532 | Hausdorff: 323.8041 | HD95: 47.4069 | val_loss: 0.9786 | LR: 0.000125
2025-08-19 02:01:42 INFO Epoch 032 | Train Loss: 0.5229 | Val Loss: 0.9264 | Dice: 0.4516 | softDice: 0.4494 | clDice: 0.5515 | softclDice: 0.4209 | IoU: 0.2919 | Tversky: 0.4516 | Hausdorff: 312.5022 | HD95: 45.9587 | val_loss: 0.9264 | LR: 0.000125
2025-08-19 02:03:38 INFO Epoch 033 | Train Loss: 0.5212 | Val Loss: 0.8741 | Dice: 0.4486 | softDice: 0.4458 | clDice: 0.5504 | softclDice: 0.4184 | IoU: 0.2893 | Tversky: 0.4486 | Hausdorff: 389.1777 | HD95: 44.6591 | val_loss: 0.8741 | LR: 0.000125
2025-08-19 02:05:31 INFO Epoch 034 | Train Loss: 0.5283 | Val Loss: 0.8745 | Dice: 0.4494 | softDice: 0.4467 | clDice: 0.5527 | softclDice: 0.4222 | IoU: 0.2900 | Tversky: 0.4494 | Hausdorff: 388.2629 | HD95: 46.2987 | val_loss: 0.8745 | LR: 0.000125
2025-08-19 02:07:25 INFO Epoch 035 | Train Loss: 0.5218 | Val Loss: 0.8747 | Dice: 0.4524 | softDice: 0.4494 | clDice: 0.5537 | softclDice: 0.4210 | IoU: 0.2925 | Tversky: 0.4524 | Hausdorff: 389.0791 | HD95: 47.8658 | val_loss: 0.8747 | LR: 0.000063
2025-08-19 02:09:18 INFO Epoch 036 | Train Loss: 0.5233 | Val Loss: 0.9541 | Dice: 0.4508 | softDice: 0.4488 | clDice: 0.5484 | softclDice: 0.4199 | IoU: 0.2912 | Tversky: 0.4508 | Hausdorff: 385.4770 | HD95: 46.4271 | val_loss: 0.9541 | LR: 0.000063
2025-08-19 02:11:11 INFO Epoch 037 | Train Loss: 0.5239 | Val Loss: 0.8732 | Dice: 0.4493 | softDice: 0.4473 | clDice: 0.5521 | softclDice: 0.4152 | IoU: 0.2900 | Tversky: 0.4493 | Hausdorff: 384.4347 | HD95: 43.1982 | val_loss: 0.8732 | LR: 0.000063
2025-08-19 02:13:06 INFO Epoch 038 | Train Loss: 0.5189 | Val Loss: 0.8968 | Dice: 0.4513 | softDice: 0.4494 | clDice: 0.5505 | softclDice: 0.4201 | IoU: 0.2917 | Tversky: 0.4513 | Hausdorff: 295.1720 | HD95: 47.6685 | val_loss: 0.8968 | LR: 0.000063
2025-08-19 02:14:58 INFO Epoch 039 | Train Loss: 0.5172 | Val Loss: 0.8727 | Dice: 0.4500 | softDice: 0.4478 | clDice: 0.5516 | softclDice: 0.4183 | IoU: 0.2906 | Tversky: 0.4500 | Hausdorff: 301.5472 | HD95: 46.3555 | val_loss: 0.8727 | LR: 0.000063
2025-08-19 02:16:52 INFO Epoch 040 | Train Loss: 0.5227 | Val Loss: 0.8998 | Dice: 0.4463 | softDice: 0.4452 | clDice: 0.5442 | softclDice: 0.4276 | IoU: 0.2875 | Tversky: 0.4463 | Hausdorff: 405.1664 | HD95: 46.7168 | val_loss: 0.8998 | LR: 0.000063
2025-08-19 02:18:43 INFO Epoch 041 | Train Loss: 0.5209 | Val Loss: 0.9279 | Dice: 0.4513 | softDice: 0.4490 | clDice: 0.5460 | softclDice: 0.4288 | IoU: 0.2917 | Tversky: 0.4513 | Hausdorff: 388.7467 | HD95: 45.7847 | val_loss: 0.9279 | LR: 0.000031
2025-08-19 02:20:37 INFO Epoch 042 | Train Loss: 0.5210 | Val Loss: 0.9276 | Dice: 0.4538 | softDice: 0.4509 | clDice: 0.5501 | softclDice: 0.4278 | IoU: 0.2938 | Tversky: 0.4538 | Hausdorff: 389.0291 | HD95: 46.5019 | val_loss: 0.9276 | LR: 0.000031
2025-08-19 02:22:27 INFO Epoch 043 | Train Loss: 0.5143 | Val Loss: 0.8774 | Dice: 0.4502 | softDice: 0.4475 | clDice: 0.5441 | softclDice: 0.4401 | IoU: 0.2908 | Tversky: 0.4502 | Hausdorff: 406.1511 | HD95: 47.7059 | val_loss: 0.8774 | LR: 0.000031
2025-08-19 02:24:16 INFO Epoch 044 | Train Loss: 0.5213 | Val Loss: 0.8781 | Dice: 0.4514 | softDice: 0.4490 | clDice: 0.5462 | softclDice: 0.4410 | IoU: 0.2918 | Tversky: 0.4514 | Hausdorff: 407.7124 | HD95: 47.8434 | val_loss: 0.8781 | LR: 0.000031
2025-08-19 02:26:12 INFO Epoch 045 | Train Loss: 0.5211 | Val Loss: 0.8761 | Dice: 0.4524 | softDice: 0.4494 | clDice: 0.5529 | softclDice: 0.4270 | IoU: 0.2926 | Tversky: 0.4524 | Hausdorff: 391.2583 | HD95: 46.6432 | val_loss: 0.8761 | LR: 0.000031
2025-08-19 02:28:09 INFO Epoch 046 | Train Loss: 0.5160 | Val Loss: 0.8492 | Dice: 0.4500 | softDice: 0.4478 | clDice: 0.5523 | softclDice: 0.4251 | IoU: 0.2906 | Tversky: 0.4500 | Hausdorff: 389.7503 | HD95: 46.7893 | val_loss: 0.8492 | LR: 0.000031
2025-08-19 02:30:07 INFO Epoch 047 | Train Loss: 0.5207 | Val Loss: 0.9264 | Dice: 0.4536 | softDice: 0.4512 | clDice: 0.5519 | softclDice: 0.4234 | IoU: 0.2936 | Tversky: 0.4536 | Hausdorff: 388.0213 | HD95: 44.7951 | val_loss: 0.9264 | LR: 0.000016
2025-08-19 02:32:07 INFO Epoch 048 | Train Loss: 0.5147 | Val Loss: 0.9266 | Dice: 0.4551 | softDice: 0.4522 | clDice: 0.5536 | softclDice: 0.4234 | IoU: 0.2948 | Tversky: 0.4551 | Hausdorff: 386.1133 | HD95: 45.5527 | val_loss: 0.9266 | LR: 0.000016
2025-08-19 02:34:07 INFO Epoch 049 | Train Loss: 0.5168 | Val Loss: 0.9264 | Dice: 0.4548 | softDice: 0.4524 | clDice: 0.5544 | softclDice: 0.4227 | IoU: 0.2946 | Tversky: 0.4548 | Hausdorff: 388.3106 | HD95: 44.8534 | val_loss: 0.9264 | LR: 0.000016
2025-08-19 02:36:08 INFO Epoch 050 | Train Loss: 0.5186 | Val Loss: 0.8972 | Dice: 0.4533 | softDice: 0.4509 | clDice: 0.5551 | softclDice: 0.4184 | IoU: 0.2933 | Tversky: 0.4533 | Hausdorff: 387.3617 | HD95: 45.1163 | val_loss: 0.8972 | LR: 0.000016
2025-08-19 02:36:08 INFO Training completed.
2025-08-19 02:37:09 INFO Fold 2 results: Dice: 0.1997 | softDice: 0.1980 | clDice: 0.2686 | softclDice: 0.7332 | IoU: 0.1113 | Tversky: 0.1997 | Hausdorff: 542.6292 | HD95: 109.4154 | val_loss: 0.9125
2025-08-19 02:37:09 INFO ===== Fold 3 / 5 =====
2025-08-19 02:37:09 INFO Loading model unet with settings {'name': 'unet', 'encoder_name': 'se_resnext50_32x4d', 'encoder_weights': 'imagenet', 'classes': 1, 'activation': None, 'dropout': 0.2}
2025-08-19 02:39:08 INFO Epoch 001 | Train Loss: 0.7269 | Val Loss: 1.0000 | Dice: 0.3782 | softDice: 0.3219 | clDice: 0.4105 | softclDice: 0.6600 | IoU: 0.2337 | Tversky: 0.3782 | Hausdorff: 698.8547 | HD95: 100.7283 | val_loss: 1.0000 | LR: 0.001000
2025-08-19 02:41:03 INFO Epoch 002 | Train Loss: 0.5837 | Val Loss: 1.0000 | Dice: 0.4337 | softDice: 0.4206 | clDice: 0.4987 | softclDice: 0.5034 | IoU: 0.2776 | Tversky: 0.4337 | Hausdorff: 418.1907 | HD95: 62.8525 | val_loss: 1.0000 | LR: 0.001000
2025-08-19 02:43:01 INFO Epoch 003 | Train Loss: 0.5545 | Val Loss: 0.9385 | Dice: 0.4425 | softDice: 0.4323 | clDice: 0.5196 | softclDice: 0.4823 | IoU: 0.2847 | Tversky: 0.4425 | Hausdorff: 322.7542 | HD95: 53.4211 | val_loss: 0.9385 | LR: 0.001000
2025-08-19 02:45:01 INFO Epoch 004 | Train Loss: 0.5465 | Val Loss: 0.8777 | Dice: 0.4083 | softDice: 0.4034 | clDice: 0.4956 | softclDice: 0.5002 | IoU: 0.2573 | Tversky: 0.4083 | Hausdorff: 529.9471 | HD95: 70.7154 | val_loss: 0.8777 | LR: 0.001000
2025-08-19 02:47:00 INFO Epoch 005 | Train Loss: 0.5556 | Val Loss: 0.8689 | Dice: 0.4314 | softDice: 0.4258 | clDice: 0.5211 | softclDice: 0.4750 | IoU: 0.2756 | Tversky: 0.4314 | Hausdorff: 585.0096 | HD95: 69.2120 | val_loss: 0.8689 | LR: 0.001000
2025-08-19 02:48:59 INFO Epoch 006 | Train Loss: 0.5630 | Val Loss: 0.8632 | Dice: 0.4364 | softDice: 0.4320 | clDice: 0.5198 | softclDice: 0.4541 | IoU: 0.2798 | Tversky: 0.4364 | Hausdorff: 279.5298 | HD95: 58.1277 | val_loss: 0.8632 | LR: 0.001000
2025-08-19 02:51:00 INFO Epoch 007 | Train Loss: 0.5517 | Val Loss: 0.8306 | Dice: 0.4282 | softDice: 0.4291 | clDice: 0.5195 | softclDice: 0.4507 | IoU: 0.2731 | Tversky: 0.4282 | Hausdorff: 292.0757 | HD95: 75.5466 | val_loss: 0.8306 | LR: 0.001000
2025-08-19 02:52:54 INFO Epoch 008 | Train Loss: 0.5477 | Val Loss: 0.8425 | Dice: 0.4123 | softDice: 0.4079 | clDice: 0.4894 | softclDice: 0.4876 | IoU: 0.2601 | Tversky: 0.4123 | Hausdorff: 345.9804 | HD95: 83.4965 | val_loss: 0.8425 | LR: 0.001000
2025-08-19 02:54:56 INFO Epoch 009 | Train Loss: 0.5599 | Val Loss: 0.8385 | Dice: 0.4194 | softDice: 0.4181 | clDice: 0.4744 | softclDice: 0.4931 | IoU: 0.2659 | Tversky: 0.4194 | Hausdorff: 279.0010 | HD95: 63.1923 | val_loss: 0.8385 | LR: 0.001000
2025-08-19 02:56:46 INFO Epoch 010 | Train Loss: 0.5467 | Val Loss: 0.8438 | Dice: 0.4236 | softDice: 0.4161 | clDice: 0.5047 | softclDice: 0.4906 | IoU: 0.2693 | Tversky: 0.4236 | Hausdorff: 450.5766 | HD95: 63.0479 | val_loss: 0.8438 | LR: 0.001000
2025-08-19 02:58:34 INFO Epoch 011 | Train Loss: 0.5847 | Val Loss: 0.8709 | Dice: 0.4195 | softDice: 0.4114 | clDice: 0.4977 | softclDice: 0.4809 | IoU: 0.2662 | Tversky: 0.4195 | Hausdorff: 292.5647 | HD95: 65.9860 | val_loss: 0.8709 | LR: 0.001000
2025-08-19 03:00:30 INFO Epoch 012 | Train Loss: 0.5466 | Val Loss: 0.8943 | Dice: 0.4247 | softDice: 0.4177 | clDice: 0.4971 | softclDice: 0.4863 | IoU: 0.2704 | Tversky: 0.4247 | Hausdorff: 271.7885 | HD95: 59.8349 | val_loss: 0.8943 | LR: 0.001000
2025-08-19 03:02:21 INFO Epoch 013 | Train Loss: 0.5512 | Val Loss: 0.8297 | Dice: 0.4329 | softDice: 0.4259 | clDice: 0.5154 | softclDice: 0.4464 | IoU: 0.2769 | Tversky: 0.4329 | Hausdorff: 387.2686 | HD95: 62.3207 | val_loss: 0.8297 | LR: 0.001000
2025-08-19 03:04:16 INFO Epoch 014 | Train Loss: 0.5397 | Val Loss: 0.8360 | Dice: 0.4259 | softDice: 0.4192 | clDice: 0.4964 | softclDice: 0.4645 | IoU: 0.2711 | Tversky: 0.4259 | Hausdorff: 413.7924 | HD95: 68.2532 | val_loss: 0.8360 | LR: 0.001000
2025-08-19 03:06:12 INFO Epoch 015 | Train Loss: 0.5382 | Val Loss: 0.8239 | Dice: 0.4274 | softDice: 0.4236 | clDice: 0.5231 | softclDice: 0.4367 | IoU: 0.2722 | Tversky: 0.4274 | Hausdorff: 474.8067 | HD95: 58.3359 | val_loss: 0.8239 | LR: 0.001000
2025-08-19 03:08:08 INFO Epoch 016 | Train Loss: 0.5307 | Val Loss: 0.8306 | Dice: 0.4445 | softDice: 0.4424 | clDice: 0.5050 | softclDice: 0.4448 | IoU: 0.2864 | Tversky: 0.4445 | Hausdorff: 266.3133 | HD95: 58.2135 | val_loss: 0.8306 | LR: 0.001000
2025-08-19 03:10:05 INFO Epoch 017 | Train Loss: 0.5327 | Val Loss: 0.9097 | Dice: 0.4416 | softDice: 0.4363 | clDice: 0.5270 | softclDice: 0.4535 | IoU: 0.2841 | Tversky: 0.4416 | Hausdorff: 259.9281 | HD95: 47.4118 | val_loss: 0.9097 | LR: 0.001000
2025-08-19 03:11:59 INFO Epoch 018 | Train Loss: 0.5320 | Val Loss: 0.8272 | Dice: 0.4032 | softDice: 0.3993 | clDice: 0.4799 | softclDice: 0.5694 | IoU: 0.2530 | Tversky: 0.4032 | Hausdorff: 729.3938 | HD95: 71.2961 | val_loss: 0.8272 | LR: 0.001000
2025-08-19 03:13:58 INFO Epoch 019 | Train Loss: 0.5734 | Val Loss: 0.8542 | Dice: 0.3652 | softDice: 0.3593 | clDice: 0.4496 | softclDice: 0.5312 | IoU: 0.2238 | Tversky: 0.3652 | Hausdorff: 510.6022 | HD95: 92.5852 | val_loss: 0.8542 | LR: 0.001000
2025-08-19 03:15:54 INFO Epoch 020 | Train Loss: 0.5977 | Val Loss: 0.8455 | Dice: 0.3665 | softDice: 0.3602 | clDice: 0.4509 | softclDice: 0.5152 | IoU: 0.2248 | Tversky: 0.3665 | Hausdorff: 325.2152 | HD95: 90.9146 | val_loss: 0.8455 | LR: 0.001000
2025-08-19 03:17:46 INFO Epoch 021 | Train Loss: 0.5818 | Val Loss: 0.8629 | Dice: 0.4371 | softDice: 0.4289 | clDice: 0.5298 | softclDice: 0.4521 | IoU: 0.2803 | Tversky: 0.4371 | Hausdorff: 295.7778 | HD95: 61.7160 | val_loss: 0.8629 | LR: 0.000500
2025-08-19 03:19:43 INFO Epoch 022 | Train Loss: 0.5413 | Val Loss: 0.9120 | Dice: 0.4477 | softDice: 0.4417 | clDice: 0.5326 | softclDice: 0.4544 | IoU: 0.2890 | Tversky: 0.4477 | Hausdorff: 415.0649 | HD95: 58.2534 | val_loss: 0.9120 | LR: 0.000500
2025-08-19 03:21:35 INFO Epoch 023 | Train Loss: 0.5294 | Val Loss: 0.8813 | Dice: 0.4460 | softDice: 0.4423 | clDice: 0.5436 | softclDice: 0.4311 | IoU: 0.2875 | Tversky: 0.4460 | Hausdorff: 445.2853 | HD95: 52.5185 | val_loss: 0.8813 | LR: 0.000500
2025-08-19 03:23:31 INFO Epoch 024 | Train Loss: 0.5270 | Val Loss: 0.8572 | Dice: 0.4419 | softDice: 0.4385 | clDice: 0.5433 | softclDice: 0.4378 | IoU: 0.2843 | Tversky: 0.4419 | Hausdorff: 429.2220 | HD95: 56.5690 | val_loss: 0.8572 | LR: 0.000500
2025-08-19 03:25:29 INFO Epoch 025 | Train Loss: 0.5266 | Val Loss: 0.8512 | Dice: 0.4409 | softDice: 0.4383 | clDice: 0.5499 | softclDice: 0.4159 | IoU: 0.2832 | Tversky: 0.4409 | Hausdorff: 299.6544 | HD95: 55.1370 | val_loss: 0.8512 | LR: 0.000500
2025-08-19 03:27:26 INFO Epoch 026 | Train Loss: 0.5237 | Val Loss: 0.8541 | Dice: 0.4415 | softDice: 0.4383 | clDice: 0.5437 | softclDice: 0.4229 | IoU: 0.2838 | Tversky: 0.4415 | Hausdorff: 315.6899 | HD95: 53.5046 | val_loss: 0.8541 | LR: 0.000500
2025-08-19 03:29:25 INFO Epoch 027 | Train Loss: 0.5228 | Val Loss: 0.8200 | Dice: 0.4349 | softDice: 0.4321 | clDice: 0.5533 | softclDice: 0.4220 | IoU: 0.2783 | Tversky: 0.4349 | Hausdorff: 501.6063 | HD95: 50.1825 | val_loss: 0.8200 | LR: 0.000500
2025-08-19 03:31:17 INFO Epoch 028 | Train Loss: 0.5248 | Val Loss: 0.8799 | Dice: 0.4539 | softDice: 0.4503 | clDice: 0.5557 | softclDice: 0.4249 | IoU: 0.2942 | Tversky: 0.4539 | Hausdorff: 436.5243 | HD95: 48.6281 | val_loss: 0.8799 | LR: 0.000500
2025-08-19 03:33:14 INFO Epoch 029 | Train Loss: 0.5191 | Val Loss: 0.8764 | Dice: 0.4551 | softDice: 0.4519 | clDice: 0.5620 | softclDice: 0.4112 | IoU: 0.2952 | Tversky: 0.4551 | Hausdorff: 269.7228 | HD95: 45.0487 | val_loss: 0.8764 | LR: 0.000500
2025-08-19 03:35:09 INFO Epoch 030 | Train Loss: 0.5192 | Val Loss: 0.8574 | Dice: 0.4545 | softDice: 0.4497 | clDice: 0.5557 | softclDice: 0.4367 | IoU: 0.2947 | Tversky: 0.4545 | Hausdorff: 366.0887 | HD95: 50.2191 | val_loss: 0.8574 | LR: 0.000500
2025-08-19 03:37:05 INFO Epoch 031 | Train Loss: 0.5186 | Val Loss: 0.8211 | Dice: 0.4518 | softDice: 0.4469 | clDice: 0.5593 | softclDice: 0.4176 | IoU: 0.2924 | Tversky: 0.4518 | Hausdorff: 261.7223 | HD95: 48.4587 | val_loss: 0.8211 | LR: 0.000500
2025-08-19 03:39:03 INFO Epoch 032 | Train Loss: 0.5157 | Val Loss: 0.8523 | Dice: 0.4517 | softDice: 0.4484 | clDice: 0.5557 | softclDice: 0.4175 | IoU: 0.2922 | Tversky: 0.4517 | Hausdorff: 371.6097 | HD95: 47.1324 | val_loss: 0.8523 | LR: 0.000500
2025-08-19 03:40:56 INFO Epoch 033 | Train Loss: 0.5187 | Val Loss: 0.8466 | Dice: 0.4507 | softDice: 0.4486 | clDice: 0.5614 | softclDice: 0.4049 | IoU: 0.2914 | Tversky: 0.4507 | Hausdorff: 266.6226 | HD95: 46.4450 | val_loss: 0.8466 | LR: 0.000250
2025-08-19 03:42:50 INFO Epoch 034 | Train Loss: 0.5134 | Val Loss: 0.8483 | Dice: 0.4545 | softDice: 0.4506 | clDice: 0.5668 | softclDice: 0.4009 | IoU: 0.2946 | Tversky: 0.4545 | Hausdorff: 254.3819 | HD95: 43.5041 | val_loss: 0.8483 | LR: 0.000250
2025-08-19 03:44:45 INFO Epoch 035 | Train Loss: 0.5041 | Val Loss: 0.8494 | Dice: 0.4486 | softDice: 0.4469 | clDice: 0.5559 | softclDice: 0.4065 | IoU: 0.2897 | Tversky: 0.4486 | Hausdorff: 243.9765 | HD95: 45.5423 | val_loss: 0.8494 | LR: 0.000250
2025-08-19 03:46:38 INFO Epoch 036 | Train Loss: 0.5106 | Val Loss: 0.8463 | Dice: 0.4477 | softDice: 0.4473 | clDice: 0.5594 | softclDice: 0.3964 | IoU: 0.2889 | Tversky: 0.4477 | Hausdorff: 257.5776 | HD95: 44.6994 | val_loss: 0.8463 | LR: 0.000250
2025-08-19 03:48:33 INFO Epoch 037 | Train Loss: 0.5078 | Val Loss: 0.8111 | Dice: 0.4426 | softDice: 0.4398 | clDice: 0.5585 | softclDice: 0.4132 | IoU: 0.2846 | Tversky: 0.4426 | Hausdorff: 250.4167 | HD95: 47.7253 | val_loss: 0.8111 | LR: 0.000250
2025-08-19 03:50:24 INFO Epoch 038 | Train Loss: 0.5282 | Val Loss: 0.8745 | Dice: 0.4496 | softDice: 0.4483 | clDice: 0.5600 | softclDice: 0.4049 | IoU: 0.2904 | Tversky: 0.4496 | Hausdorff: 262.1184 | HD95: 44.6323 | val_loss: 0.8745 | LR: 0.000250
2025-08-19 03:52:14 INFO Epoch 039 | Train Loss: 0.5182 | Val Loss: 0.8242 | Dice: 0.4463 | softDice: 0.4436 | clDice: 0.5554 | softclDice: 0.4278 | IoU: 0.2878 | Tversky: 0.4463 | Hausdorff: 251.2209 | HD95: 47.6657 | val_loss: 0.8242 | LR: 0.000250
2025-08-19 03:54:12 INFO Epoch 040 | Train Loss: 0.5185 | Val Loss: 0.8198 | Dice: 0.4499 | softDice: 0.4475 | clDice: 0.5657 | softclDice: 0.4187 | IoU: 0.2909 | Tversky: 0.4499 | Hausdorff: 246.3252 | HD95: 45.6677 | val_loss: 0.8198 | LR: 0.000250
2025-08-19 03:56:03 INFO Epoch 041 | Train Loss: 0.5130 | Val Loss: 0.8172 | Dice: 0.4456 | softDice: 0.4434 | clDice: 0.5623 | softclDice: 0.4116 | IoU: 0.2873 | Tversky: 0.4456 | Hausdorff: 253.7138 | HD95: 46.3663 | val_loss: 0.8172 | LR: 0.000250
2025-08-19 03:57:56 INFO Epoch 042 | Train Loss: 0.5136 | Val Loss: 0.8163 | Dice: 0.4528 | softDice: 0.4508 | clDice: 0.5721 | softclDice: 0.4082 | IoU: 0.2932 | Tversky: 0.4528 | Hausdorff: 259.2666 | HD95: 42.3183 | val_loss: 0.8163 | LR: 0.000250
2025-08-19 03:59:49 INFO Epoch 043 | Train Loss: 0.5148 | Val Loss: 0.8192 | Dice: 0.4513 | softDice: 0.4487 | clDice: 0.5704 | softclDice: 0.4139 | IoU: 0.2919 | Tversky: 0.4513 | Hausdorff: 253.6293 | HD95: 47.7741 | val_loss: 0.8192 | LR: 0.000125
2025-08-19 04:01:41 INFO Epoch 044 | Train Loss: 0.5078 | Val Loss: 0.8208 | Dice: 0.4567 | softDice: 0.4535 | clDice: 0.5746 | softclDice: 0.4199 | IoU: 0.2963 | Tversky: 0.4567 | Hausdorff: 264.5601 | HD95: 44.9534 | val_loss: 0.8208 | LR: 0.000125
2025-08-19 04:03:38 INFO Epoch 045 | Train Loss: 0.5065 | Val Loss: 0.8146 | Dice: 0.4500 | softDice: 0.4481 | clDice: 0.5749 | softclDice: 0.4055 | IoU: 0.2908 | Tversky: 0.4500 | Hausdorff: 247.7198 | HD95: 43.7964 | val_loss: 0.8146 | LR: 0.000125
2025-08-19 04:05:32 INFO Epoch 046 | Train Loss: 0.5101 | Val Loss: 0.8164 | Dice: 0.4502 | softDice: 0.4483 | clDice: 0.5675 | softclDice: 0.4063 | IoU: 0.2910 | Tversky: 0.4502 | Hausdorff: 251.6029 | HD95: 46.4107 | val_loss: 0.8164 | LR: 0.000125
2025-08-19 04:07:34 INFO Epoch 047 | Train Loss: 0.5075 | Val Loss: 0.8126 | Dice: 0.4544 | softDice: 0.4536 | clDice: 0.5745 | softclDice: 0.3948 | IoU: 0.2945 | Tversky: 0.4544 | Hausdorff: 251.4201 | HD95: 42.3194 | val_loss: 0.8126 | LR: 0.000125
2025-08-19 04:09:21 INFO Epoch 048 | Train Loss: 0.5059 | Val Loss: 0.8143 | Dice: 0.4490 | softDice: 0.4486 | clDice: 0.5695 | softclDice: 0.4028 | IoU: 0.2900 | Tversky: 0.4490 | Hausdorff: 282.7537 | HD95: 42.8907 | val_loss: 0.8143 | LR: 0.000125
2025-08-19 04:11:08 INFO Epoch 049 | Train Loss: 0.5029 | Val Loss: 0.8110 | Dice: 0.4501 | softDice: 0.4491 | clDice: 0.5729 | softclDice: 0.3949 | IoU: 0.2909 | Tversky: 0.4501 | Hausdorff: 267.1359 | HD95: 43.7498 | val_loss: 0.8110 | LR: 0.000063
2025-08-19 04:12:53 INFO Epoch 050 | Train Loss: 0.5063 | Val Loss: 0.8090 | Dice: 0.4549 | softDice: 0.4536 | clDice: 0.5809 | softclDice: 0.3916 | IoU: 0.2948 | Tversky: 0.4549 | Hausdorff: 265.5309 | HD95: 42.7074 | val_loss: 0.8090 | LR: 0.000063
2025-08-19 04:12:53 INFO Training completed.
2025-08-19 04:13:46 INFO Fold 3 results: Dice: 0.3782 | softDice: 0.3219 | clDice: 0.4105 | softclDice: 0.6600 | IoU: 0.2337 | Tversky: 0.3782 | Hausdorff: 698.8547 | HD95: 100.7283 | val_loss: 1.0000
2025-08-19 04:13:46 INFO ===== Fold 4 / 5 =====
2025-08-19 04:13:46 INFO Loading model unet with settings {'name': 'unet', 'encoder_name': 'se_resnext50_32x4d', 'encoder_weights': 'imagenet', 'classes': 1, 'activation': None, 'dropout': 0.2}
2025-08-19 04:15:38 INFO Epoch 001 | Train Loss: 0.7522 | Val Loss: 1.0000 | Dice: 0.3091 | softDice: 0.2421 | clDice: 0.4455 | softclDice: 0.5285 | IoU: 0.1839 | Tversky: 0.3091 | Hausdorff: 501.2845 | HD95: 88.2619 | val_loss: 1.0000 | LR: 0.001000
2025-08-19 04:17:25 INFO Epoch 002 | Train Loss: 0.6231 | Val Loss: 0.9803 | Dice: 0.4051 | softDice: 0.3588 | clDice: 0.4823 | softclDice: 0.5155 | IoU: 0.2542 | Tversky: 0.4051 | Hausdorff: 482.5540 | HD95: 90.4388 | val_loss: 0.9803 | LR: 0.001000
2025-08-19 04:19:13 INFO Epoch 003 | Train Loss: 0.5665 | Val Loss: 0.8585 | Dice: 0.3771 | softDice: 0.3587 | clDice: 0.4530 | softclDice: 0.5326 | IoU: 0.2328 | Tversky: 0.3771 | Hausdorff: 468.5609 | HD95: 89.2369 | val_loss: 0.8585 | LR: 0.001000
2025-08-19 04:21:00 INFO Epoch 004 | Train Loss: 0.6105 | Val Loss: 0.8619 | Dice: 0.4233 | softDice: 0.4095 | clDice: 0.5112 | softclDice: 0.4704 | IoU: 0.2686 | Tversky: 0.4233 | Hausdorff: 286.4655 | HD95: 69.3344 | val_loss: 0.8619 | LR: 0.001000
2025-08-19 04:22:48 INFO Epoch 005 | Train Loss: 0.5742 | Val Loss: 0.9289 | Dice: 0.4292 | softDice: 0.4194 | clDice: 0.5087 | softclDice: 0.4583 | IoU: 0.2737 | Tversky: 0.4292 | Hausdorff: 369.2181 | HD95: 69.9080 | val_loss: 0.9289 | LR: 0.001000
2025-08-19 04:24:37 INFO Epoch 006 | Train Loss: 0.5632 | Val Loss: 0.8544 | Dice: 0.3197 | softDice: 0.3121 | clDice: 0.4219 | softclDice: 0.5690 | IoU: 0.1909 | Tversky: 0.3197 | Hausdorff: 326.7625 | HD95: 96.3191 | val_loss: 0.8544 | LR: 0.001000
2025-08-19 04:26:26 INFO Epoch 007 | Train Loss: 0.6063 | Val Loss: 0.8590 | Dice: 0.3896 | softDice: 0.3852 | clDice: 0.4926 | softclDice: 0.4689 | IoU: 0.2421 | Tversky: 0.3896 | Hausdorff: 481.9599 | HD95: 75.9962 | val_loss: 0.8590 | LR: 0.001000
2025-08-19 04:28:16 INFO Epoch 008 | Train Loss: 0.5713 | Val Loss: 0.8403 | Dice: 0.4159 | softDice: 0.4084 | clDice: 0.5272 | softclDice: 0.4961 | IoU: 0.2626 | Tversky: 0.4159 | Hausdorff: 241.5328 | HD95: 62.5892 | val_loss: 0.8403 | LR: 0.001000
2025-08-19 04:30:08 INFO Epoch 009 | Train Loss: 0.5748 | Val Loss: 1.0000 | Dice: 0.3697 | softDice: 0.3686 | clDice: 0.4481 | softclDice: 0.5138 | IoU: 0.2273 | Tversky: 0.3697 | Hausdorff: 507.4324 | HD95: 88.4741 | val_loss: 1.0000 | LR: 0.001000
2025-08-19 04:32:02 INFO Epoch 010 | Train Loss: 0.5572 | Val Loss: 0.8243 | Dice: 0.4134 | softDice: 0.4104 | clDice: 0.5283 | softclDice: 0.4402 | IoU: 0.2608 | Tversky: 0.4134 | Hausdorff: 439.6464 | HD95: 68.8517 | val_loss: 0.8243 | LR: 0.001000
2025-08-19 04:33:59 INFO Epoch 011 | Train Loss: 0.5663 | Val Loss: 0.8395 | Dice: 0.4223 | softDice: 0.4136 | clDice: 0.5309 | softclDice: 0.4768 | IoU: 0.2677 | Tversky: 0.4223 | Hausdorff: 311.8696 | HD95: 63.4762 | val_loss: 0.8395 | LR: 0.001000
2025-08-19 04:35:50 INFO Epoch 012 | Train Loss: 0.5812 | Val Loss: 0.8307 | Dice: 0.4193 | softDice: 0.4143 | clDice: 0.5221 | softclDice: 0.4486 | IoU: 0.2655 | Tversky: 0.4193 | Hausdorff: 446.9441 | HD95: 66.8141 | val_loss: 0.8307 | LR: 0.001000
2025-08-19 04:37:47 INFO Epoch 013 | Train Loss: 0.5673 | Val Loss: 0.8497 | Dice: 0.4362 | softDice: 0.4318 | clDice: 0.5311 | softclDice: 0.4336 | IoU: 0.2791 | Tversky: 0.4362 | Hausdorff: 350.8060 | HD95: 57.2934 | val_loss: 0.8497 | LR: 0.001000
2025-08-19 04:39:37 INFO Epoch 014 | Train Loss: 0.5591 | Val Loss: 0.8380 | Dice: 0.4246 | softDice: 0.4176 | clDice: 0.5292 | softclDice: 0.4767 | IoU: 0.2697 | Tversky: 0.4246 | Hausdorff: 298.7113 | HD95: 60.2780 | val_loss: 0.8380 | LR: 0.001000
2025-08-19 04:41:29 INFO Epoch 015 | Train Loss: 0.5551 | Val Loss: 0.8244 | Dice: 0.4332 | softDice: 0.4287 | clDice: 0.5320 | softclDice: 0.4300 | IoU: 0.2766 | Tversky: 0.4332 | Hausdorff: 318.0503 | HD95: 61.1135 | val_loss: 0.8244 | LR: 0.001000
2025-08-19 04:43:18 INFO Epoch 016 | Train Loss: 0.5586 | Val Loss: 0.8458 | Dice: 0.4267 | softDice: 0.4255 | clDice: 0.5372 | softclDice: 0.4178 | IoU: 0.2714 | Tversky: 0.4267 | Hausdorff: 365.6280 | HD95: 57.0210 | val_loss: 0.8458 | LR: 0.000500
2025-08-19 04:45:12 INFO Epoch 017 | Train Loss: 0.5339 | Val Loss: 0.8190 | Dice: 0.4421 | softDice: 0.4388 | clDice: 0.5535 | softclDice: 0.4151 | IoU: 0.2839 | Tversky: 0.4421 | Hausdorff: 287.6657 | HD95: 48.6321 | val_loss: 0.8190 | LR: 0.000500
2025-08-19 04:47:01 INFO Epoch 018 | Train Loss: 0.5298 | Val Loss: 0.8490 | Dice: 0.4420 | softDice: 0.4393 | clDice: 0.5425 | softclDice: 0.4264 | IoU: 0.2838 | Tversky: 0.4420 | Hausdorff: 305.6795 | HD95: 46.2571 | val_loss: 0.8490 | LR: 0.000500
2025-08-19 04:48:51 INFO Epoch 019 | Train Loss: 0.5324 | Val Loss: 0.8314 | Dice: 0.4380 | softDice: 0.4332 | clDice: 0.5392 | softclDice: 0.4588 | IoU: 0.2805 | Tversky: 0.4380 | Hausdorff: 240.5613 | HD95: 48.2817 | val_loss: 0.8314 | LR: 0.000500
2025-08-19 04:50:40 INFO Epoch 020 | Train Loss: 0.5348 | Val Loss: 0.8238 | Dice: 0.4325 | softDice: 0.4310 | clDice: 0.5470 | softclDice: 0.4261 | IoU: 0.2761 | Tversky: 0.4325 | Hausdorff: 326.1303 | HD95: 56.5187 | val_loss: 0.8238 | LR: 0.000500
2025-08-19 04:52:27 INFO Epoch 021 | Train Loss: 0.5358 | Val Loss: 0.8213 | Dice: 0.4048 | softDice: 0.4050 | clDice: 0.5222 | softclDice: 0.4416 | IoU: 0.2544 | Tversky: 0.4048 | Hausdorff: 422.6989 | HD95: 73.3493 | val_loss: 0.8213 | LR: 0.000500
2025-08-19 04:54:25 INFO Epoch 022 | Train Loss: 0.5738 | Val Loss: 0.8984 | Dice: 0.3147 | softDice: 0.3117 | clDice: 0.3612 | softclDice: 0.7164 | IoU: 0.1871 | Tversky: 0.3147 | Hausdorff: 726.1049 | HD95: 104.9575 | val_loss: 0.8984 | LR: 0.000500
2025-08-19 04:56:12 INFO Epoch 023 | Train Loss: 0.5759 | Val Loss: 0.8735 | Dice: 0.4033 | softDice: 0.4003 | clDice: 0.4886 | softclDice: 0.4967 | IoU: 0.2532 | Tversky: 0.4033 | Hausdorff: 652.3179 | HD95: 77.3872 | val_loss: 0.8735 | LR: 0.000250
2025-08-19 04:58:02 INFO Epoch 024 | Train Loss: 0.5530 | Val Loss: 0.8536 | Dice: 0.4160 | softDice: 0.4145 | clDice: 0.4992 | softclDice: 0.4941 | IoU: 0.2632 | Tversky: 0.4160 | Hausdorff: 536.3521 | HD95: 75.1932 | val_loss: 0.8536 | LR: 0.000250
2025-08-19 04:59:48 INFO Epoch 025 | Train Loss: 0.5367 | Val Loss: 0.8616 | Dice: 0.4284 | softDice: 0.4260 | clDice: 0.5118 | softclDice: 0.4883 | IoU: 0.2729 | Tversky: 0.4284 | Hausdorff: 485.8535 | HD95: 67.4999 | val_loss: 0.8616 | LR: 0.000250
2025-08-19 05:01:38 INFO Epoch 026 | Train Loss: 0.5345 | Val Loss: 0.8572 | Dice: 0.4326 | softDice: 0.4307 | clDice: 0.5156 | softclDice: 0.4810 | IoU: 0.2764 | Tversky: 0.4326 | Hausdorff: 470.4878 | HD95: 69.1296 | val_loss: 0.8572 | LR: 0.000250
2025-08-19 05:03:27 INFO Epoch 027 | Train Loss: 0.5298 | Val Loss: 0.8617 | Dice: 0.4283 | softDice: 0.4247 | clDice: 0.5101 | softclDice: 0.4793 | IoU: 0.2729 | Tversky: 0.4283 | Hausdorff: 482.8086 | HD95: 63.9939 | val_loss: 0.8617 | LR: 0.000250
2025-08-19 05:05:15 INFO Epoch 028 | Train Loss: 0.5316 | Val Loss: 0.8449 | Dice: 0.4297 | softDice: 0.4271 | clDice: 0.5197 | softclDice: 0.4999 | IoU: 0.2740 | Tversky: 0.4297 | Hausdorff: 507.6247 | HD95: 63.4124 | val_loss: 0.8449 | LR: 0.000250
2025-08-19 05:07:00 INFO Epoch 029 | Train Loss: 0.5285 | Val Loss: 0.8350 | Dice: 0.4235 | softDice: 0.4231 | clDice: 0.5275 | softclDice: 0.4663 | IoU: 0.2692 | Tversky: 0.4235 | Hausdorff: 470.0733 | HD95: 63.4516 | val_loss: 0.8350 | LR: 0.000125
2025-08-19 05:08:53 INFO Epoch 030 | Train Loss: 0.5249 | Val Loss: 0.8264 | Dice: 0.4304 | softDice: 0.4297 | clDice: 0.5438 | softclDice: 0.4274 | IoU: 0.2746 | Tversky: 0.4304 | Hausdorff: 429.8107 | HD95: 54.4658 | val_loss: 0.8264 | LR: 0.000125
2025-08-19 05:10:50 INFO Epoch 031 | Train Loss: 0.5168 | Val Loss: 0.8271 | Dice: 0.4310 | softDice: 0.4305 | clDice: 0.5332 | softclDice: 0.4490 | IoU: 0.2751 | Tversky: 0.4310 | Hausdorff: 435.3115 | HD95: 59.6962 | val_loss: 0.8271 | LR: 0.000125
2025-08-19 05:12:42 INFO Epoch 032 | Train Loss: 0.5207 | Val Loss: 0.8653 | Dice: 0.4213 | softDice: 0.4210 | clDice: 0.5329 | softclDice: 0.5844 | IoU: 0.2673 | Tversky: 0.4213 | Hausdorff: 425.6168 | HD95: 58.7593 | val_loss: 0.8653 | LR: 0.000125
2025-08-19 05:14:41 INFO Epoch 033 | Train Loss: 0.5300 | Val Loss: 0.8323 | Dice: 0.4186 | softDice: 0.4180 | clDice: 0.5088 | softclDice: 0.4886 | IoU: 0.2651 | Tversky: 0.4186 | Hausdorff: 469.7679 | HD95: 68.1755 | val_loss: 0.8323 | LR: 0.000125
2025-08-19 05:16:35 INFO Epoch 034 | Train Loss: 0.5262 | Val Loss: 0.8345 | Dice: 0.4345 | softDice: 0.4327 | clDice: 0.5301 | softclDice: 0.4646 | IoU: 0.2779 | Tversky: 0.4345 | Hausdorff: 456.0395 | HD95: 60.1190 | val_loss: 0.8345 | LR: 0.000125
2025-08-19 05:18:34 INFO Epoch 035 | Train Loss: 0.5163 | Val Loss: 0.8204 | Dice: 0.4306 | softDice: 0.4302 | clDice: 0.5354 | softclDice: 0.4330 | IoU: 0.2748 | Tversky: 0.4306 | Hausdorff: 446.4665 | HD95: 59.9292 | val_loss: 0.8204 | LR: 0.000063
2025-08-19 05:20:32 INFO Epoch 036 | Train Loss: 0.5133 | Val Loss: 0.8359 | Dice: 0.4265 | softDice: 0.4257 | clDice: 0.5328 | softclDice: 0.4898 | IoU: 0.2714 | Tversky: 0.4265 | Hausdorff: 441.9031 | HD95: 58.4615 | val_loss: 0.8359 | LR: 0.000063
2025-08-19 05:22:26 INFO Epoch 037 | Train Loss: 0.5166 | Val Loss: 0.8213 | Dice: 0.4324 | softDice: 0.4314 | clDice: 0.5497 | softclDice: 0.4762 | IoU: 0.2762 | Tversky: 0.4324 | Hausdorff: 428.8452 | HD95: 55.2382 | val_loss: 0.8213 | LR: 0.000063
2025-08-19 05:24:17 INFO Epoch 038 | Train Loss: 0.5196 | Val Loss: 0.8165 | Dice: 0.4374 | softDice: 0.4359 | clDice: 0.5455 | softclDice: 0.4505 | IoU: 0.2802 | Tversky: 0.4374 | Hausdorff: 427.6392 | HD95: 52.6672 | val_loss: 0.8165 | LR: 0.000063
2025-08-19 05:26:04 INFO Epoch 039 | Train Loss: 0.5224 | Val Loss: 0.8303 | Dice: 0.4359 | softDice: 0.4343 | clDice: 0.5418 | softclDice: 0.4808 | IoU: 0.2789 | Tversky: 0.4359 | Hausdorff: 420.5816 | HD95: 54.1324 | val_loss: 0.8303 | LR: 0.000063
2025-08-19 05:27:52 INFO Epoch 040 | Train Loss: 0.5158 | Val Loss: 0.8277 | Dice: 0.4367 | softDice: 0.4356 | clDice: 0.5391 | softclDice: 0.4538 | IoU: 0.2796 | Tversky: 0.4367 | Hausdorff: 428.9274 | HD95: 54.9883 | val_loss: 0.8277 | LR: 0.000063
2025-08-19 05:29:38 INFO Epoch 041 | Train Loss: 0.5154 | Val Loss: 0.8275 | Dice: 0.4360 | softDice: 0.4346 | clDice: 0.5393 | softclDice: 0.4551 | IoU: 0.2791 | Tversky: 0.4360 | Hausdorff: 416.8514 | HD95: 54.3897 | val_loss: 0.8275 | LR: 0.000063
2025-08-19 05:31:26 INFO Epoch 042 | Train Loss: 0.5160 | Val Loss: 0.8215 | Dice: 0.4356 | softDice: 0.4343 | clDice: 0.5422 | softclDice: 0.4594 | IoU: 0.2787 | Tversky: 0.4356 | Hausdorff: 425.2014 | HD95: 55.4674 | val_loss: 0.8215 | LR: 0.000063
2025-08-19 05:33:14 INFO Epoch 043 | Train Loss: 0.5195 | Val Loss: 0.8367 | Dice: 0.4245 | softDice: 0.4232 | clDice: 0.5213 | softclDice: 0.5353 | IoU: 0.2697 | Tversky: 0.4245 | Hausdorff: 422.5812 | HD95: 51.7693 | val_loss: 0.8367 | LR: 0.000063
2025-08-19 05:35:03 INFO Epoch 044 | Train Loss: 0.5157 | Val Loss: 0.8247 | Dice: 0.4289 | softDice: 0.4281 | clDice: 0.5488 | softclDice: 0.4655 | IoU: 0.2733 | Tversky: 0.4289 | Hausdorff: 403.0193 | HD95: 53.0726 | val_loss: 0.8247 | LR: 0.000031
2025-08-19 05:36:54 INFO Epoch 045 | Train Loss: 0.5114 | Val Loss: 0.8256 | Dice: 0.4353 | softDice: 0.4330 | clDice: 0.5497 | softclDice: 0.5017 | IoU: 0.2784 | Tversky: 0.4353 | Hausdorff: 421.6526 | HD95: 47.8113 | val_loss: 0.8256 | LR: 0.000031
2025-08-19 05:38:53 INFO Epoch 046 | Train Loss: 0.5149 | Val Loss: 0.8188 | Dice: 0.4337 | softDice: 0.4325 | clDice: 0.5515 | softclDice: 0.4595 | IoU: 0.2772 | Tversky: 0.4337 | Hausdorff: 415.7447 | HD95: 49.9756 | val_loss: 0.8188 | LR: 0.000031
2025-08-19 05:40:46 INFO Epoch 047 | Train Loss: 0.5193 | Val Loss: 0.8206 | Dice: 0.4345 | softDice: 0.4331 | clDice: 0.5497 | softclDice: 0.4805 | IoU: 0.2778 | Tversky: 0.4345 | Hausdorff: 435.5936 | HD95: 51.1840 | val_loss: 0.8206 | LR: 0.000031
2025-08-19 05:42:40 INFO Epoch 048 | Train Loss: 0.5195 | Val Loss: 0.8192 | Dice: 0.4364 | softDice: 0.4352 | clDice: 0.5531 | softclDice: 0.4381 | IoU: 0.2794 | Tversky: 0.4364 | Hausdorff: 429.0217 | HD95: 50.6101 | val_loss: 0.8192 | LR: 0.000031
2025-08-19 05:44:35 INFO Epoch 049 | Train Loss: 0.5159 | Val Loss: 0.8168 | Dice: 0.4379 | softDice: 0.4368 | clDice: 0.5558 | softclDice: 0.4303 | IoU: 0.2807 | Tversky: 0.4379 | Hausdorff: 409.8185 | HD95: 50.1431 | val_loss: 0.8168 | LR: 0.000031
2025-08-19 05:46:20 INFO Epoch 050 | Train Loss: 0.5130 | Val Loss: 0.8173 | Dice: 0.4352 | softDice: 0.4343 | clDice: 0.5521 | softclDice: 0.4292 | IoU: 0.2784 | Tversky: 0.4352 | Hausdorff: 428.3820 | HD95: 51.2365 | val_loss: 0.8173 | LR: 0.000016
2025-08-19 05:46:20 INFO Training completed.
2025-08-19 05:47:15 INFO Fold 4 results: Dice: 0.3147 | softDice: 0.3117 | clDice: 0.3612 | softclDice: 0.7164 | IoU: 0.1871 | Tversky: 0.3147 | Hausdorff: 726.1049 | HD95: 104.9575 | val_loss: 0.8984
2025-08-19 05:47:15 INFO ===== Fold 5 / 5 =====
2025-08-19 05:47:15 INFO Loading model unet with settings {'name': 'unet', 'encoder_name': 'se_resnext50_32x4d', 'encoder_weights': 'imagenet', 'classes': 1, 'activation': None, 'dropout': 0.2}
2025-08-19 05:49:01 INFO Epoch 001 | Train Loss: 0.7475 | Val Loss: 1.0000 | Dice: 0.3860 | softDice: 0.2846 | clDice: 0.4519 | softclDice: 0.6233 | IoU: 0.2393 | Tversky: 0.3860 | Hausdorff: 326.5993 | HD95: 65.2679 | val_loss: 1.0000 | LR: 0.001000
2025-08-19 05:50:45 INFO Epoch 002 | Train Loss: 0.5985 | Val Loss: 1.0000 | Dice: 0.3613 | softDice: 0.3370 | clDice: 0.4124 | softclDice: 0.5822 | IoU: 0.2210 | Tversky: 0.3613 | Hausdorff: 579.4466 | HD95: 97.8481 | val_loss: 1.0000 | LR: 0.001000
2025-08-19 05:52:29 INFO Epoch 003 | Train Loss: 0.5750 | Val Loss: 0.9329 | Dice: 0.4130 | softDice: 0.3968 | clDice: 0.4937 | softclDice: 0.4831 | IoU: 0.2605 | Tversky: 0.4130 | Hausdorff: 428.4696 | HD95: 68.2070 | val_loss: 0.9329 | LR: 0.001000
2025-08-19 05:54:16 INFO Epoch 004 | Train Loss: 0.5823 | Val Loss: 0.9423 | Dice: 0.3157 | softDice: 0.3063 | clDice: 0.3778 | softclDice: 0.5870 | IoU: 0.1887 | Tversky: 0.3157 | Hausdorff: 407.7812 | HD95: 112.3691 | val_loss: 0.9423 | LR: 0.001000
2025-08-19 05:56:03 INFO Epoch 005 | Train Loss: 0.5759 | Val Loss: 0.8425 | Dice: 0.4102 | softDice: 0.4001 | clDice: 0.4934 | softclDice: 0.4822 | IoU: 0.2583 | Tversky: 0.4102 | Hausdorff: 273.0449 | HD95: 80.4552 | val_loss: 0.8425 | LR: 0.001000
2025-08-19 05:57:48 INFO Epoch 006 | Train Loss: 0.5739 | Val Loss: 0.8722 | Dice: 0.4049 | softDice: 0.3981 | clDice: 0.4900 | softclDice: 0.4850 | IoU: 0.2541 | Tversky: 0.4049 | Hausdorff: 682.4353 | HD95: 78.7006 | val_loss: 0.8722 | LR: 0.001000
2025-08-19 05:59:38 INFO Epoch 007 | Train Loss: 0.5524 | Val Loss: 0.8377 | Dice: 0.4132 | softDice: 0.4057 | clDice: 0.5251 | softclDice: 0.4823 | IoU: 0.2606 | Tversky: 0.4132 | Hausdorff: 225.3136 | HD95: 61.9002 | val_loss: 0.8377 | LR: 0.001000
2025-08-19 06:01:23 INFO Epoch 008 | Train Loss: 0.5734 | Val Loss: 0.8596 | Dice: 0.3482 | softDice: 0.3458 | clDice: 0.4494 | softclDice: 0.5704 | IoU: 0.2109 | Tversky: 0.3482 | Hausdorff: 662.1447 | HD95: 103.0245 | val_loss: 0.8596 | LR: 0.001000
2025-08-19 06:03:05 INFO Epoch 009 | Train Loss: 0.6019 | Val Loss: 0.9836 | Dice: 0.3859 | softDice: 0.3788 | clDice: 0.4578 | softclDice: 0.5299 | IoU: 0.2395 | Tversky: 0.3859 | Hausdorff: 318.2412 | HD95: 84.6846 | val_loss: 0.9836 | LR: 0.001000
2025-08-19 06:04:51 INFO Epoch 010 | Train Loss: 0.5704 | Val Loss: 0.8387 | Dice: 0.3870 | softDice: 0.3829 | clDice: 0.4880 | softclDice: 0.4917 | IoU: 0.2402 | Tversky: 0.3870 | Hausdorff: 419.1209 | HD95: 78.1265 | val_loss: 0.8387 | LR: 0.001000
2025-08-19 06:06:35 INFO Epoch 011 | Train Loss: 0.5687 | Val Loss: 0.8454 | Dice: 0.3909 | softDice: 0.3874 | clDice: 0.4832 | softclDice: 0.5051 | IoU: 0.2434 | Tversky: 0.3909 | Hausdorff: 665.9383 | HD95: 88.9513 | val_loss: 0.8454 | LR: 0.001000
2025-08-19 06:08:19 INFO Epoch 012 | Train Loss: 0.5527 | Val Loss: 0.9043 | Dice: 0.4304 | softDice: 0.4264 | clDice: 0.5267 | softclDice: 0.4528 | IoU: 0.2744 | Tversky: 0.4304 | Hausdorff: 515.1555 | HD95: 65.8565 | val_loss: 0.9043 | LR: 0.001000
2025-08-19 06:10:03 INFO Epoch 013 | Train Loss: 0.5502 | Val Loss: 0.8332 | Dice: 0.3909 | softDice: 0.3898 | clDice: 0.4935 | softclDice: 0.4731 | IoU: 0.2432 | Tversky: 0.3909 | Hausdorff: 450.7884 | HD95: 77.1937 | val_loss: 0.8332 | LR: 0.001000
2025-08-19 06:11:44 INFO Epoch 014 | Train Loss: 0.5821 | Val Loss: 0.8478 | Dice: 0.4172 | softDice: 0.4113 | clDice: 0.5204 | softclDice: 0.4612 | IoU: 0.2637 | Tversky: 0.4172 | Hausdorff: 509.3280 | HD95: 60.7028 | val_loss: 0.8478 | LR: 0.001000
2025-08-19 06:13:29 INFO Epoch 015 | Train Loss: 0.5717 | Val Loss: 0.8685 | Dice: 0.3644 | softDice: 0.3623 | clDice: 0.4567 | softclDice: 0.5093 | IoU: 0.2235 | Tversky: 0.3644 | Hausdorff: 494.3972 | HD95: 95.6564 | val_loss: 0.8685 | LR: 0.001000
2025-08-19 06:15:16 INFO Epoch 016 | Train Loss: 0.5623 | Val Loss: 0.8263 | Dice: 0.4127 | softDice: 0.4100 | clDice: 0.5225 | softclDice: 0.4431 | IoU: 0.2602 | Tversky: 0.4127 | Hausdorff: 261.4136 | HD95: 59.4656 | val_loss: 0.8263 | LR: 0.001000
2025-08-19 06:17:01 INFO Epoch 017 | Train Loss: 0.5444 | Val Loss: 0.8394 | Dice: 0.4089 | softDice: 0.4063 | clDice: 0.5020 | softclDice: 0.4853 | IoU: 0.2573 | Tversky: 0.4089 | Hausdorff: 592.8928 | HD95: 75.9727 | val_loss: 0.8394 | LR: 0.001000
2025-08-19 06:18:45 INFO Epoch 018 | Train Loss: 0.5526 | Val Loss: 0.8221 | Dice: 0.3989 | softDice: 0.3956 | clDice: 0.5345 | softclDice: 0.4363 | IoU: 0.2493 | Tversky: 0.3989 | Hausdorff: 238.2503 | HD95: 65.5445 | val_loss: 0.8221 | LR: 0.001000
2025-08-19 06:20:32 INFO Epoch 019 | Train Loss: 0.5703 | Val Loss: 0.8423 | Dice: 0.3869 | softDice: 0.3836 | clDice: 0.5072 | softclDice: 0.5106 | IoU: 0.2402 | Tversky: 0.3869 | Hausdorff: 343.9606 | HD95: 68.0840 | val_loss: 0.8423 | LR: 0.001000
2025-08-19 06:22:18 INFO Epoch 020 | Train Loss: 0.5773 | Val Loss: 0.9129 | Dice: 0.3968 | softDice: 0.3910 | clDice: 0.4777 | softclDice: 0.4906 | IoU: 0.2479 | Tversky: 0.3968 | Hausdorff: 320.7671 | HD95: 84.6898 | val_loss: 0.9129 | LR: 0.001000
2025-08-19 06:23:59 INFO Epoch 021 | Train Loss: 0.5678 | Val Loss: 0.8625 | Dice: 0.3973 | softDice: 0.3902 | clDice: 0.4701 | softclDice: 0.5656 | IoU: 0.2479 | Tversky: 0.3973 | Hausdorff: 609.1667 | HD95: 77.2706 | val_loss: 0.8625 | LR: 0.001000
2025-08-19 06:25:44 INFO Epoch 022 | Train Loss: 0.5909 | Val Loss: 0.8313 | Dice: 0.3730 | softDice: 0.3707 | clDice: 0.4796 | softclDice: 0.4661 | IoU: 0.2298 | Tversky: 0.3730 | Hausdorff: 542.3665 | HD95: 101.2117 | val_loss: 0.8313 | LR: 0.001000
2025-08-19 06:27:28 INFO Epoch 023 | Train Loss: 0.5617 | Val Loss: 0.8241 | Dice: 0.4119 | softDice: 0.4092 | clDice: 0.5168 | softclDice: 0.4328 | IoU: 0.2596 | Tversky: 0.4119 | Hausdorff: 283.0217 | HD95: 72.2806 | val_loss: 0.8241 | LR: 0.001000
2025-08-19 06:29:12 INFO Epoch 024 | Train Loss: 0.5512 | Val Loss: 0.9384 | Dice: 0.4082 | softDice: 0.4045 | clDice: 0.4668 | softclDice: 0.5274 | IoU: 0.2566 | Tversky: 0.4082 | Hausdorff: 472.0729 | HD95: 70.4235 | val_loss: 0.9384 | LR: 0.000500
2025-08-19 06:30:58 INFO Epoch 025 | Train Loss: 0.5388 | Val Loss: 0.8254 | Dice: 0.4290 | softDice: 0.4260 | clDice: 0.5319 | softclDice: 0.4310 | IoU: 0.2732 | Tversky: 0.4290 | Hausdorff: 323.4963 | HD95: 62.2510 | val_loss: 0.8254 | LR: 0.000500
2025-08-19 06:32:40 INFO Epoch 026 | Train Loss: 0.5435 | Val Loss: 0.8258 | Dice: 0.4274 | softDice: 0.4256 | clDice: 0.5417 | softclDice: 0.4376 | IoU: 0.2720 | Tversky: 0.4274 | Hausdorff: 337.9358 | HD95: 60.5141 | val_loss: 0.8258 | LR: 0.000500
2025-08-19 06:34:26 INFO Epoch 027 | Train Loss: 0.5371 | Val Loss: 0.8217 | Dice: 0.3981 | softDice: 0.3995 | clDice: 0.5024 | softclDice: 0.4238 | IoU: 0.2489 | Tversky: 0.3981 | Hausdorff: 306.8983 | HD95: 75.7151 | val_loss: 0.8217 | LR: 0.000500
2025-08-19 06:36:12 INFO Epoch 028 | Train Loss: 0.5417 | Val Loss: 0.8246 | Dice: 0.4344 | softDice: 0.4306 | clDice: 0.5309 | softclDice: 0.4284 | IoU: 0.2776 | Tversky: 0.4344 | Hausdorff: 281.1747 | HD95: 58.7780 | val_loss: 0.8246 | LR: 0.000500
2025-08-19 06:37:56 INFO Epoch 029 | Train Loss: 0.5382 | Val Loss: 0.8427 | Dice: 0.3889 | softDice: 0.3834 | clDice: 0.4827 | softclDice: 0.4902 | IoU: 0.2418 | Tversky: 0.3889 | Hausdorff: 455.7129 | HD95: 71.8657 | val_loss: 0.8427 | LR: 0.000500
2025-08-19 06:39:41 INFO Epoch 030 | Train Loss: 0.5589 | Val Loss: 0.8795 | Dice: 0.4196 | softDice: 0.4175 | clDice: 0.5139 | softclDice: 0.4339 | IoU: 0.2658 | Tversky: 0.4196 | Hausdorff: 316.4845 | HD95: 70.4733 | val_loss: 0.8795 | LR: 0.000500
2025-08-19 06:41:26 INFO Epoch 031 | Train Loss: 0.5354 | Val Loss: 0.8149 | Dice: 0.4236 | softDice: 0.4225 | clDice: 0.5391 | softclDice: 0.4064 | IoU: 0.2689 | Tversky: 0.4236 | Hausdorff: 289.8352 | HD95: 64.1332 | val_loss: 0.8149 | LR: 0.000500
2025-08-19 06:43:13 INFO Epoch 032 | Train Loss: 0.5382 | Val Loss: 0.8234 | Dice: 0.4292 | softDice: 0.4272 | clDice: 0.5288 | softclDice: 0.4260 | IoU: 0.2735 | Tversky: 0.4292 | Hausdorff: 286.4827 | HD95: 63.8320 | val_loss: 0.8234 | LR: 0.000500
2025-08-19 06:44:57 INFO Epoch 033 | Train Loss: 0.5242 | Val Loss: 0.8120 | Dice: 0.4304 | softDice: 0.4284 | clDice: 0.5532 | softclDice: 0.4038 | IoU: 0.2743 | Tversky: 0.4304 | Hausdorff: 257.1785 | HD95: 57.0022 | val_loss: 0.8120 | LR: 0.000500
2025-08-19 06:46:44 INFO Epoch 034 | Train Loss: 0.5305 | Val Loss: 0.8164 | Dice: 0.4350 | softDice: 0.4327 | clDice: 0.5495 | softclDice: 0.4072 | IoU: 0.2781 | Tversky: 0.4350 | Hausdorff: 253.4672 | HD95: 55.1069 | val_loss: 0.8164 | LR: 0.000500
2025-08-19 06:48:29 INFO Epoch 035 | Train Loss: 0.5250 | Val Loss: 0.8259 | Dice: 0.4206 | softDice: 0.4191 | clDice: 0.5386 | softclDice: 0.4558 | IoU: 0.2666 | Tversky: 0.4206 | Hausdorff: 387.5262 | HD95: 57.5640 | val_loss: 0.8259 | LR: 0.000500
2025-08-19 06:50:13 INFO Epoch 036 | Train Loss: 0.5284 | Val Loss: 0.8183 | Dice: 0.4183 | softDice: 0.4175 | clDice: 0.5458 | softclDice: 0.4449 | IoU: 0.2647 | Tversky: 0.4183 | Hausdorff: 288.9753 | HD95: 61.4070 | val_loss: 0.8183 | LR: 0.000500
2025-08-19 06:51:59 INFO Epoch 037 | Train Loss: 0.5388 | Val Loss: 0.8174 | Dice: 0.4252 | softDice: 0.4245 | clDice: 0.5373 | softclDice: 0.4170 | IoU: 0.2702 | Tversky: 0.4252 | Hausdorff: 422.2203 | HD95: 60.9228 | val_loss: 0.8174 | LR: 0.000500
2025-08-19 06:53:43 INFO Epoch 038 | Train Loss: 0.5335 | Val Loss: 0.8173 | Dice: 0.4297 | softDice: 0.4267 | clDice: 0.5440 | softclDice: 0.4197 | IoU: 0.2738 | Tversky: 0.4297 | Hausdorff: 314.2771 | HD95: 57.3524 | val_loss: 0.8173 | LR: 0.000500
2025-08-19 06:55:26 INFO Epoch 039 | Train Loss: 0.5330 | Val Loss: 0.8545 | Dice: 0.4271 | softDice: 0.4249 | clDice: 0.5267 | softclDice: 0.4383 | IoU: 0.2718 | Tversky: 0.4271 | Hausdorff: 311.3451 | HD95: 55.4825 | val_loss: 0.8545 | LR: 0.000250
2025-08-19 06:57:13 INFO Epoch 040 | Train Loss: 0.5307 | Val Loss: 0.8168 | Dice: 0.4330 | softDice: 0.4309 | clDice: 0.5423 | softclDice: 0.4087 | IoU: 0.2766 | Tversky: 0.4330 | Hausdorff: 341.5768 | HD95: 55.2003 | val_loss: 0.8168 | LR: 0.000250
2025-08-19 06:58:56 INFO Epoch 041 | Train Loss: 0.5200 | Val Loss: 0.8170 | Dice: 0.4401 | softDice: 0.4364 | clDice: 0.5528 | softclDice: 0.4105 | IoU: 0.2823 | Tversky: 0.4401 | Hausdorff: 297.5239 | HD95: 54.1453 | val_loss: 0.8170 | LR: 0.000250
2025-08-19 07:00:39 INFO Epoch 042 | Train Loss: 0.5195 | Val Loss: 0.8149 | Dice: 0.4328 | softDice: 0.4307 | clDice: 0.5505 | softclDice: 0.4101 | IoU: 0.2763 | Tversky: 0.4328 | Hausdorff: 290.3739 | HD95: 55.1061 | val_loss: 0.8149 | LR: 0.000250
2025-08-19 07:02:23 INFO Epoch 043 | Train Loss: 0.5204 | Val Loss: 0.8142 | Dice: 0.4367 | softDice: 0.4338 | clDice: 0.5565 | softclDice: 0.4147 | IoU: 0.2795 | Tversky: 0.4367 | Hausdorff: 311.9833 | HD95: 50.9765 | val_loss: 0.8142 | LR: 0.000250
2025-08-19 07:04:07 INFO Epoch 044 | Train Loss: 0.5198 | Val Loss: 0.8179 | Dice: 0.4430 | softDice: 0.4386 | clDice: 0.5575 | softclDice: 0.4114 | IoU: 0.2847 | Tversky: 0.4430 | Hausdorff: 291.8501 | HD95: 52.1125 | val_loss: 0.8179 | LR: 0.000250
2025-08-19 07:05:52 INFO Epoch 045 | Train Loss: 0.5255 | Val Loss: 0.8154 | Dice: 0.4386 | softDice: 0.4365 | clDice: 0.5566 | softclDice: 0.4029 | IoU: 0.2811 | Tversky: 0.4386 | Hausdorff: 252.0423 | HD95: 54.7198 | val_loss: 0.8154 | LR: 0.000125
2025-08-19 07:07:35 INFO Epoch 046 | Train Loss: 0.5156 | Val Loss: 0.8156 | Dice: 0.4366 | softDice: 0.4341 | clDice: 0.5585 | softclDice: 0.4103 | IoU: 0.2794 | Tversky: 0.4366 | Hausdorff: 246.8417 | HD95: 54.3909 | val_loss: 0.8156 | LR: 0.000125
2025-08-19 07:09:21 INFO Epoch 047 | Train Loss: 0.5169 | Val Loss: 0.8156 | Dice: 0.4432 | softDice: 0.4397 | clDice: 0.5605 | softclDice: 0.4051 | IoU: 0.2848 | Tversky: 0.4432 | Hausdorff: 246.5954 | HD95: 52.3254 | val_loss: 0.8156 | LR: 0.000125
2025-08-19 07:11:04 INFO Epoch 048 | Train Loss: 0.5178 | Val Loss: 0.8134 | Dice: 0.4404 | softDice: 0.4375 | clDice: 0.5584 | softclDice: 0.3965 | IoU: 0.2826 | Tversky: 0.4404 | Hausdorff: 254.0537 | HD95: 53.9847 | val_loss: 0.8134 | LR: 0.000125
2025-08-19 07:12:47 INFO Epoch 049 | Train Loss: 0.5142 | Val Loss: 0.8121 | Dice: 0.4413 | softDice: 0.4387 | clDice: 0.5607 | softclDice: 0.3961 | IoU: 0.2834 | Tversky: 0.4413 | Hausdorff: 256.6266 | HD95: 55.5930 | val_loss: 0.8121 | LR: 0.000125
2025-08-19 07:14:35 INFO Epoch 050 | Train Loss: 0.5156 | Val Loss: 0.8125 | Dice: 0.4440 | softDice: 0.4413 | clDice: 0.5622 | softclDice: 0.3953 | IoU: 0.2855 | Tversky: 0.4440 | Hausdorff: 250.3281 | HD95: 54.0164 | val_loss: 0.8125 | LR: 0.000125
2025-08-19 07:14:35 INFO Training completed.
2025-08-19 07:15:26 INFO Fold 5 results: Dice: 0.3860 | softDice: 0.2846 | clDice: 0.4519 | softclDice: 0.6233 | IoU: 0.2393 | Tversky: 0.3860 | Hausdorff: 326.5993 | HD95: 65.2679 | val_loss: 1.0000
2025-08-19 07:15:26 INFO ===== Cross-validation results =====
2025-08-19 07:15:26 INFO Dice: 0.3283 | softDice: 0.2947 | clDice: 0.3932 | softclDice: 0.6826 | IoU: 0.1987 | Tversky: 0.3283 | Hausdorff: 554.1702 | HD95: 95.1758 | val_loss: 0.9356
