2025-08-18 23:33:10 INFO Starting training with configuration: {'model': {'name': 'unet', 'encoder_name': 'se_resnext50_32x4d', 'encoder_weights': 'imagenet', 'classes': 1, 'activation': None, 'dropout': 0.2}, 'dataset': {'root': '/data/smadper@alumno.upv.es/TFM/datasets/laticifers', 'patch_size': [512, 512], 'stride': [256, 256], 'num_patches': 50, 'num_workers': 4, 'feature_dirs': {'image': '/data/smadper@alumno.upv.es/TFM/datasets/laticifers/enhanced_images', 'mask': '/data/smadper@alumno.upv.es/TFM/datasets/laticifers/masks', 'distance': '/data/smadper@alumno.upv.es/TFM/datasets/laticifers/distance_maps_pt'}}, 'train': {'batch_size': 32, 'num_epochs': 50, 'learning_rate': 0.001, 'accumulation_steps': 1, 'save_dir': '/data/smadper@alumno.upv.es/TFM/checkpoints_cv2/unet/20250818_233310_unet_se_resnext50_32x4d_dice_cldice0.5', 'log_interval': 1, 'patience': 100, 'mixed_precision': True, 'experiment_name': 'unet_se_resnext50_32x4d_dice_cldice0.5', 'timestamp': '20250818_233310'}, 'test': {'batch_size': 1}, 'loss': {'name': 'dice_cldice', 'cldice_alpha': 0.5, 'use_topographic': False, 'combine_with': None, 'weights': {'main': 1.0, 'combined': 0.0}, 'topo': {'alpha': 2.0, 'beta': 1.0}}}
2025-08-18 23:33:10 INFO Experiment name: unet_se_resnext50_32x4d_dice_cldice0.5
2025-08-18 23:33:10 INFO ===== Fold 1 / 5 =====
2025-08-18 23:33:10 INFO Loading model unet with settings {'name': 'unet', 'encoder_name': 'se_resnext50_32x4d', 'encoder_weights': 'imagenet', 'classes': 1, 'activation': None, 'dropout': 0.2}
2025-08-18 23:35:13 INFO Epoch 001 | Train Loss: 0.7378 | Val Loss: 1.0000 | Dice: 0.3453 | softDice: 0.1194 | clDice: 0.3930 | softclDice: 0.5839 | IoU: 0.2088 | Tversky: 0.3453 | Hausdorff: 447.2068 | HD95: 70.6356 | val_loss: 1.0000 | LR: 0.001000
2025-08-18 23:37:29 INFO Epoch 002 | Train Loss: 0.6327 | Val Loss: 1.0000 | Dice: 0.1973 | softDice: 0.1881 | clDice: 0.3737 | softclDice: 0.5136 | IoU: 0.1095 | Tversky: 0.1973 | Hausdorff: 845.3146 | HD95: 241.7809 | val_loss: 1.0000 | LR: 0.001000
2025-08-18 23:39:41 INFO Epoch 003 | Train Loss: 0.6072 | Val Loss: 1.0000 | Dice: 0.2237 | softDice: 0.2184 | clDice: 0.3707 | softclDice: 0.5606 | IoU: 0.1261 | Tversky: 0.2237 | Hausdorff: 770.7645 | HD95: 181.3486 | val_loss: 1.0000 | LR: 0.001000
2025-08-18 23:42:07 INFO Epoch 004 | Train Loss: 0.6581 | Val Loss: 0.7520 | Dice: 0.1894 | softDice: 0.1866 | clDice: 0.2990 | softclDice: 0.5175 | IoU: 0.1049 | Tversky: 0.1894 | Hausdorff: 755.4228 | HD95: 147.9219 | val_loss: 0.7520 | LR: 0.001000
2025-08-18 23:44:12 INFO Epoch 005 | Train Loss: 0.6340 | Val Loss: 0.9261 | Dice: 0.2493 | softDice: 0.2466 | clDice: 0.2959 | softclDice: 0.6543 | IoU: 0.1425 | Tversky: 0.2493 | Hausdorff: 757.2535 | HD95: 232.3215 | val_loss: 0.9261 | LR: 0.001000
2025-08-18 23:46:10 INFO Epoch 006 | Train Loss: 0.6432 | Val Loss: 0.8225 | Dice: 0.2175 | softDice: 0.2156 | clDice: 0.3593 | softclDice: 0.5170 | IoU: 0.1222 | Tversky: 0.2175 | Hausdorff: 703.7957 | HD95: 177.9921 | val_loss: 0.8225 | LR: 0.001000
2025-08-18 23:48:20 INFO Epoch 007 | Train Loss: 0.6361 | Val Loss: 0.8260 | Dice: 0.1383 | softDice: 0.1391 | clDice: 0.1938 | softclDice: 0.7702 | IoU: 0.0746 | Tversky: 0.1383 | Hausdorff: 840.3871 | HD95: 224.2464 | val_loss: 0.8260 | LR: 0.001000
2025-08-18 23:50:42 INFO Epoch 008 | Train Loss: 0.6593 | Val Loss: 0.7729 | Dice: 0.1243 | softDice: 0.1316 | clDice: 0.1829 | softclDice: 0.6781 | IoU: 0.0664 | Tversky: 0.1243 | Hausdorff: 868.9153 | HD95: 409.2469 | val_loss: 0.7729 | LR: 0.001000
2025-08-18 23:52:54 INFO Epoch 009 | Train Loss: 0.6824 | Val Loss: 0.7705 | Dice: 0.1376 | softDice: 0.1467 | clDice: 0.1948 | softclDice: 0.7031 | IoU: 0.0740 | Tversky: 0.1376 | Hausdorff: 834.1275 | HD95: 434.7318 | val_loss: 0.7705 | LR: 0.001000
2025-08-18 23:55:14 INFO Epoch 010 | Train Loss: 0.6915 | Val Loss: 0.8835 | Dice: 0.1305 | softDice: 0.1316 | clDice: 0.1571 | softclDice: 0.6545 | IoU: 0.0699 | Tversky: 0.1305 | Hausdorff: 862.7556 | HD95: 502.3860 | val_loss: 0.8835 | LR: 0.000500
2025-08-18 23:57:36 INFO Epoch 011 | Train Loss: 0.6797 | Val Loss: 0.7764 | Dice: 0.1327 | softDice: 0.1396 | clDice: 0.2033 | softclDice: 0.6727 | IoU: 0.0712 | Tversky: 0.1327 | Hausdorff: 869.1942 | HD95: 413.2838 | val_loss: 0.7764 | LR: 0.000500
2025-08-18 23:59:46 INFO Epoch 012 | Train Loss: 0.6600 | Val Loss: 0.7311 | Dice: 0.1386 | softDice: 0.1466 | clDice: 0.2017 | softclDice: 0.7357 | IoU: 0.0745 | Tversky: 0.1386 | Hausdorff: 869.1942 | HD95: 414.0986 | val_loss: 0.7311 | LR: 0.000500
2025-08-19 00:02:04 INFO Epoch 013 | Train Loss: 0.6361 | Val Loss: 0.7384 | Dice: 0.1344 | softDice: 0.1408 | clDice: 0.2015 | softclDice: 0.7000 | IoU: 0.0722 | Tversky: 0.1344 | Hausdorff: 869.1942 | HD95: 397.8387 | val_loss: 0.7384 | LR: 0.000500
2025-08-19 00:04:06 INFO Epoch 014 | Train Loss: 0.6621 | Val Loss: 0.9342 | Dice: 0.1500 | softDice: 0.1501 | clDice: 0.2866 | softclDice: 0.5969 | IoU: 0.0812 | Tversky: 0.1500 | Hausdorff: 846.0611 | HD95: 184.6232 | val_loss: 0.9342 | LR: 0.000500
2025-08-19 00:06:07 INFO Epoch 015 | Train Loss: 0.6589 | Val Loss: 0.7480 | Dice: 0.1636 | softDice: 0.1645 | clDice: 0.2783 | softclDice: 0.6048 | IoU: 0.0892 | Tversky: 0.1636 | Hausdorff: 846.0611 | HD95: 180.8615 | val_loss: 0.7480 | LR: 0.000500
2025-08-19 00:08:10 INFO Epoch 016 | Train Loss: 0.6386 | Val Loss: 0.7311 | Dice: 0.1638 | softDice: 0.1662 | clDice: 0.2648 | softclDice: 0.7818 | IoU: 0.0893 | Tversky: 0.1638 | Hausdorff: 850.7142 | HD95: 230.6402 | val_loss: 0.7311 | LR: 0.000500
2025-08-19 00:10:18 INFO Epoch 017 | Train Loss: 0.6514 | Val Loss: 0.7500 | Dice: 0.1425 | softDice: 0.1442 | clDice: 0.2378 | softclDice: 0.4684 | IoU: 0.0768 | Tversky: 0.1425 | Hausdorff: 847.6382 | HD95: 194.4936 | val_loss: 0.7500 | LR: 0.000500
2025-08-19 00:12:30 INFO Epoch 018 | Train Loss: 0.6488 | Val Loss: 0.6979 | Dice: 0.1489 | softDice: 0.1514 | clDice: 0.2326 | softclDice: 0.5243 | IoU: 0.0805 | Tversky: 0.1489 | Hausdorff: 853.1291 | HD95: 214.9865 | val_loss: 0.6979 | LR: 0.000500
2025-08-19 00:14:58 INFO Epoch 019 | Train Loss: 0.6618 | Val Loss: 0.7055 | Dice: 0.1246 | softDice: 0.1260 | clDice: 0.1880 | softclDice: 0.5245 | IoU: 0.0665 | Tversky: 0.1246 | Hausdorff: 820.1083 | HD95: 284.5492 | val_loss: 0.7055 | LR: 0.000500
2025-08-19 00:17:11 INFO Epoch 020 | Train Loss: 0.6762 | Val Loss: 0.9154 | Dice: 0.1355 | softDice: 0.1381 | clDice: 0.2050 | softclDice: 0.5998 | IoU: 0.0732 | Tversky: 0.1355 | Hausdorff: 848.0094 | HD95: 348.7833 | val_loss: 0.9154 | LR: 0.000500
2025-08-19 00:22:50 INFO Epoch 021 | Train Loss: 0.6677 | Val Loss: 0.7188 | Dice: 0.1201 | softDice: 0.1212 | clDice: 0.1855 | softclDice: 0.5309 | IoU: 0.0642 | Tversky: 0.1201 | Hausdorff: 868.1822 | HD95: 359.9598 | val_loss: 0.7188 | LR: 0.000500
2025-08-19 00:26:04 INFO Epoch 022 | Train Loss: 0.6646 | Val Loss: 0.7697 | Dice: 0.1155 | softDice: 0.1172 | clDice: 0.1996 | softclDice: 0.6057 | IoU: 0.0615 | Tversky: 0.1155 | Hausdorff: 853.3535 | HD95: 296.1302 | val_loss: 0.7697 | LR: 0.000500
2025-08-19 00:28:57 INFO Epoch 023 | Train Loss: 0.6564 | Val Loss: 0.8501 | Dice: 0.1068 | softDice: 0.1071 | clDice: 0.1869 | softclDice: 0.5431 | IoU: 0.0565 | Tversky: 0.1068 | Hausdorff: 853.3535 | HD95: 271.9689 | val_loss: 0.8501 | LR: 0.000500
2025-08-19 00:31:55 INFO Epoch 024 | Train Loss: 0.6557 | Val Loss: 0.6990 | Dice: 0.1027 | softDice: 0.1027 | clDice: 0.1751 | softclDice: 0.4832 | IoU: 0.0542 | Tversky: 0.1027 | Hausdorff: 853.0890 | HD95: 247.9804 | val_loss: 0.6990 | LR: 0.000250
2025-08-19 00:34:39 INFO Epoch 025 | Train Loss: 0.6449 | Val Loss: 0.7066 | Dice: 0.1005 | softDice: 0.0997 | clDice: 0.1619 | softclDice: 0.4905 | IoU: 0.0530 | Tversky: 0.1005 | Hausdorff: 844.1884 | HD95: 257.1999 | val_loss: 0.7066 | LR: 0.000250
2025-08-19 00:37:06 INFO Epoch 026 | Train Loss: 0.6290 | Val Loss: 0.7158 | Dice: 0.1225 | softDice: 0.1209 | clDice: 0.1979 | softclDice: 0.5309 | IoU: 0.0654 | Tversky: 0.1225 | Hausdorff: 852.9819 | HD95: 233.4358 | val_loss: 0.7158 | LR: 0.000250
2025-08-19 00:39:22 INFO Epoch 027 | Train Loss: 0.6400 | Val Loss: 0.7131 | Dice: 0.1252 | softDice: 0.1234 | clDice: 0.2116 | softclDice: 0.4888 | IoU: 0.0669 | Tversky: 0.1252 | Hausdorff: 852.5128 | HD95: 285.5845 | val_loss: 0.7131 | LR: 0.000250
2025-08-19 00:41:44 INFO Epoch 028 | Train Loss: 0.6266 | Val Loss: 0.7064 | Dice: 0.1305 | softDice: 0.1300 | clDice: 0.2087 | softclDice: 0.5965 | IoU: 0.0700 | Tversky: 0.1305 | Hausdorff: 853.2212 | HD95: 238.3829 | val_loss: 0.7064 | LR: 0.000250
2025-08-19 00:44:06 INFO Epoch 029 | Train Loss: 0.6143 | Val Loss: 0.6963 | Dice: 0.1347 | softDice: 0.1348 | clDice: 0.2257 | softclDice: 0.7163 | IoU: 0.0724 | Tversky: 0.1347 | Hausdorff: 852.9568 | HD95: 166.8560 | val_loss: 0.6963 | LR: 0.000250
2025-08-19 00:46:36 INFO Epoch 030 | Train Loss: 0.6488 | Val Loss: 0.7295 | Dice: 0.1116 | softDice: 0.1119 | clDice: 0.1525 | softclDice: 0.7598 | IoU: 0.0594 | Tversky: 0.1116 | Hausdorff: 839.3630 | HD95: 203.7475 | val_loss: 0.7295 | LR: 0.000250
2025-08-19 00:48:59 INFO Epoch 031 | Train Loss: 0.6232 | Val Loss: 0.7387 | Dice: 0.1222 | softDice: 0.1230 | clDice: 0.1831 | softclDice: 0.7831 | IoU: 0.0653 | Tversky: 0.1222 | Hausdorff: 841.6702 | HD95: 188.2986 | val_loss: 0.7387 | LR: 0.000250
2025-08-19 00:51:41 INFO Epoch 032 | Train Loss: 0.6206 | Val Loss: 0.7171 | Dice: 0.1116 | softDice: 0.1109 | clDice: 0.1695 | softclDice: 0.5348 | IoU: 0.0593 | Tversky: 0.1116 | Hausdorff: 852.8247 | HD95: 183.4552 | val_loss: 0.7171 | LR: 0.000250
2025-08-19 00:54:48 INFO Epoch 033 | Train Loss: 0.6319 | Val Loss: 0.7131 | Dice: 0.1164 | softDice: 0.1164 | clDice: 0.1797 | softclDice: 0.5773 | IoU: 0.0621 | Tversky: 0.1164 | Hausdorff: 853.2212 | HD95: 190.9327 | val_loss: 0.7131 | LR: 0.000250
2025-08-19 01:17:01 INFO Epoch 034 | Train Loss: 0.6282 | Val Loss: 0.8458 | Dice: 0.1154 | softDice: 0.1148 | clDice: 0.1744 | softclDice: 0.8356 | IoU: 0.0618 | Tversky: 0.1154 | Hausdorff: 844.1884 | HD95: 309.9862 | val_loss: 0.8458 | LR: 0.000250
2025-08-19 01:21:49 INFO Epoch 035 | Train Loss: 0.6308 | Val Loss: 0.6758 | Dice: 0.1142 | softDice: 0.1128 | clDice: 0.1698 | softclDice: 0.4353 | IoU: 0.0612 | Tversky: 0.1142 | Hausdorff: 844.1884 | HD95: 769.3102 | val_loss: 0.6758 | LR: 0.000250
2025-08-19 01:31:08 INFO Epoch 036 | Train Loss: 0.6520 | Val Loss: 0.6626 | Dice: 0.1145 | softDice: 0.1142 | clDice: 0.1550 | softclDice: 0.5084 | IoU: 0.0614 | Tversky: 0.1145 | Hausdorff: 853.3535 | HD95: 1012.3462 | val_loss: 0.6626 | LR: 0.000250
2025-08-19 03:53:37 INFO Epoch 037 | Train Loss: 0.6396 | Val Loss: 0.8007 | Dice: 0.1164 | softDice: 0.1154 | clDice: 0.1544 | softclDice: 0.8408 | IoU: 0.0625 | Tversky: 0.1164 | Hausdorff: 853.0890 | HD95: 561.3885 | val_loss: 0.8007 | LR: 0.000250
2025-08-19 04:24:38 INFO Epoch 038 | Train Loss: 0.6300 | Val Loss: 0.7338 | Dice: 0.1084 | softDice: 0.1073 | clDice: 0.1341 | softclDice: 0.8561 | IoU: 0.0578 | Tversky: 0.1084 | Hausdorff: 853.2212 | HD95: 832.9558 | val_loss: 0.7338 | LR: 0.000250
2025-08-19 04:27:32 INFO Epoch 039 | Train Loss: 0.6599 | Val Loss: 0.9224 | Dice: 0.1042 | softDice: 0.1054 | clDice: 0.1283 | softclDice: 0.8796 | IoU: 0.0555 | Tversky: 0.1042 | Hausdorff: 842.2664 | HD95: 327.1490 | val_loss: 0.9224 | LR: 0.000250
2025-08-19 04:30:13 INFO Epoch 040 | Train Loss: 0.6656 | Val Loss: 0.8989 | Dice: 0.0856 | softDice: 0.0856 | clDice: 0.1062 | softclDice: 0.8994 | IoU: 0.0450 | Tversky: 0.0856 | Hausdorff: 843.8335 | HD95: 240.0281 | val_loss: 0.8989 | LR: 0.000250
2025-08-19 04:32:53 INFO Epoch 041 | Train Loss: 0.6579 | Val Loss: 0.8975 | Dice: 0.1060 | softDice: 0.1067 | clDice: 0.1522 | softclDice: 0.8432 | IoU: 0.0562 | Tversky: 0.1060 | Hausdorff: 844.1625 | HD95: 271.7131 | val_loss: 0.8975 | LR: 0.000250
2025-08-19 04:35:33 INFO Epoch 042 | Train Loss: 0.6704 | Val Loss: 0.7311 | Dice: 0.1070 | softDice: 0.1049 | clDice: 0.1502 | softclDice: 0.6926 | IoU: 0.0568 | Tversky: 0.1070 | Hausdorff: 844.1884 | HD95: 265.6413 | val_loss: 0.7311 | LR: 0.000125
2025-08-19 04:38:18 INFO Epoch 043 | Train Loss: 0.6443 | Val Loss: 0.7640 | Dice: 0.1003 | softDice: 0.0985 | clDice: 0.1394 | softclDice: 0.7160 | IoU: 0.0530 | Tversky: 0.1003 | Hausdorff: 844.1884 | HD95: 211.2544 | val_loss: 0.7640 | LR: 0.000125
2025-08-19 04:40:56 INFO Epoch 044 | Train Loss: 0.6236 | Val Loss: 0.7242 | Dice: 0.1036 | softDice: 0.1021 | clDice: 0.1430 | softclDice: 0.5885 | IoU: 0.0549 | Tversky: 0.1036 | Hausdorff: 844.1884 | HD95: 205.5942 | val_loss: 0.7242 | LR: 0.000125
2025-08-19 04:43:46 INFO Epoch 045 | Train Loss: 0.6358 | Val Loss: 0.6981 | Dice: 0.1010 | softDice: 0.1004 | clDice: 0.1616 | softclDice: 0.4782 | IoU: 0.0534 | Tversky: 0.1010 | Hausdorff: 844.1884 | HD95: 195.3723 | val_loss: 0.6981 | LR: 0.000125
2025-08-19 04:46:48 INFO Epoch 046 | Train Loss: 0.6455 | Val Loss: 0.7331 | Dice: 0.1037 | softDice: 0.1022 | clDice: 0.1734 | softclDice: 0.5487 | IoU: 0.0549 | Tversky: 0.1037 | Hausdorff: 844.1884 | HD95: 208.1227 | val_loss: 0.7331 | LR: 0.000125
2025-08-19 04:49:50 INFO Epoch 047 | Train Loss: 0.6218 | Val Loss: 0.7686 | Dice: 0.1051 | softDice: 0.1037 | clDice: 0.1627 | softclDice: 0.5578 | IoU: 0.0557 | Tversky: 0.1051 | Hausdorff: 844.1884 | HD95: 209.8055 | val_loss: 0.7686 | LR: 0.000125
2025-08-19 04:52:45 INFO Epoch 048 | Train Loss: 0.6134 | Val Loss: 0.6952 | Dice: 0.1009 | softDice: 0.0994 | clDice: 0.1481 | softclDice: 0.5296 | IoU: 0.0533 | Tversky: 0.1009 | Hausdorff: 844.1884 | HD95: 228.6729 | val_loss: 0.6952 | LR: 0.000063
2025-08-19 04:55:43 INFO Epoch 049 | Train Loss: 0.6295 | Val Loss: 0.6756 | Dice: 0.1004 | softDice: 0.0992 | clDice: 0.1507 | softclDice: 0.4946 | IoU: 0.0530 | Tversky: 0.1004 | Hausdorff: 844.1884 | HD95: 229.0979 | val_loss: 0.6756 | LR: 0.000063
2025-08-19 04:58:36 INFO Epoch 050 | Train Loss: 0.6147 | Val Loss: 0.6744 | Dice: 0.1010 | softDice: 0.0999 | clDice: 0.1542 | softclDice: 0.4873 | IoU: 0.0534 | Tversky: 0.1010 | Hausdorff: 844.1884 | HD95: 230.0248 | val_loss: 0.6744 | LR: 0.000063
2025-08-19 04:58:36 INFO Training completed.
2025-08-19 05:00:05 INFO Fold 1 results: Dice: 0.0856 | softDice: 0.0856 | clDice: 0.1062 | softclDice: 0.8994 | IoU: 0.0450 | Tversky: 0.0856 | Hausdorff: 843.8335 | HD95: 240.0281 | val_loss: 0.8989
2025-08-19 05:00:05 INFO ===== Fold 2 / 5 =====
2025-08-19 05:00:05 INFO Loading model unet with settings {'name': 'unet', 'encoder_name': 'se_resnext50_32x4d', 'encoder_weights': 'imagenet', 'classes': 1, 'activation': None, 'dropout': 0.2}
2025-08-19 05:01:58 INFO Epoch 001 | Train Loss: 0.7190 | Val Loss: 1.0000 | Dice: 0.2784 | softDice: 0.1900 | clDice: 0.4331 | softclDice: 0.5214 | IoU: 0.1624 | Tversky: 0.2784 | Hausdorff: 519.1164 | HD95: 84.1516 | val_loss: 1.0000 | LR: 0.001000
2025-08-19 05:03:47 INFO Epoch 002 | Train Loss: 0.6055 | Val Loss: 0.9410 | Dice: 0.3048 | softDice: 0.2705 | clDice: 0.4315 | softclDice: 0.5231 | IoU: 0.1800 | Tversky: 0.3048 | Hausdorff: 513.6992 | HD95: 99.8016 | val_loss: 0.9410 | LR: 0.001000
2025-08-19 05:05:36 INFO Epoch 003 | Train Loss: 0.6082 | Val Loss: 0.7875 | Dice: 0.3155 | softDice: 0.2943 | clDice: 0.4009 | softclDice: 0.5740 | IoU: 0.1887 | Tversky: 0.3155 | Hausdorff: 365.6545 | HD95: 124.1355 | val_loss: 0.7875 | LR: 0.001000
2025-08-19 05:07:39 INFO Epoch 004 | Train Loss: 0.6158 | Val Loss: 0.8416 | Dice: 0.1128 | softDice: 0.1126 | clDice: 0.1873 | softclDice: 0.6989 | IoU: 0.0600 | Tversky: 0.1128 | Hausdorff: 773.4312 | HD95: 282.6893 | val_loss: 0.8416 | LR: 0.001000
2025-08-19 05:09:40 INFO Epoch 005 | Train Loss: 0.6596 | Val Loss: 0.9703 | Dice: 0.1669 | softDice: 0.1743 | clDice: 0.3173 | softclDice: 0.5282 | IoU: 0.0912 | Tversky: 0.1669 | Hausdorff: 779.4899 | HD95: 341.6167 | val_loss: 0.9703 | LR: 0.001000
2025-08-19 05:11:33 INFO Epoch 006 | Train Loss: 0.6370 | Val Loss: 0.9712 | Dice: 0.2294 | softDice: 0.2274 | clDice: 0.3355 | softclDice: 0.5690 | IoU: 0.1299 | Tversky: 0.2294 | Hausdorff: 730.0808 | HD95: 195.0872 | val_loss: 0.9712 | LR: 0.001000
2025-08-19 05:13:39 INFO Epoch 007 | Train Loss: 0.6420 | Val Loss: 1.0000 | Dice: 0.1648 | softDice: 0.1638 | clDice: 0.3029 | softclDice: 0.5217 | IoU: 0.0901 | Tversky: 0.1648 | Hausdorff: 762.2689 | HD95: 141.8614 | val_loss: 1.0000 | LR: 0.001000
2025-08-19 05:15:45 INFO Epoch 008 | Train Loss: 0.6699 | Val Loss: 0.7913 | Dice: 0.1727 | softDice: 0.1740 | clDice: 0.2338 | softclDice: 0.6935 | IoU: 0.0958 | Tversky: 0.1727 | Hausdorff: 754.9414 | HD95: 146.6548 | val_loss: 0.7913 | LR: 0.001000
2025-08-19 05:17:56 INFO Epoch 009 | Train Loss: 0.6693 | Val Loss: 0.7291 | Dice: 0.1737 | softDice: 0.1783 | clDice: 0.2697 | softclDice: 0.6749 | IoU: 0.0954 | Tversky: 0.1737 | Hausdorff: 782.1144 | HD95: 282.3312 | val_loss: 0.7291 | LR: 0.001000
2025-08-19 05:19:58 INFO Epoch 010 | Train Loss: 0.6794 | Val Loss: 0.8677 | Dice: 0.1687 | softDice: 0.1644 | clDice: 0.1502 | softclDice: 0.8874 | IoU: 0.0925 | Tversky: 0.1687 | Hausdorff: 746.7952 | HD95: 146.5281 | val_loss: 0.8677 | LR: 0.001000
2025-08-19 05:22:39 INFO Epoch 011 | Train Loss: 0.6796 | Val Loss: 0.7301 | Dice: 0.1039 | softDice: 0.1040 | clDice: 0.1241 | softclDice: 0.5920 | IoU: 0.0549 | Tversky: 0.1039 | Hausdorff: 778.7007 | HD95: 305.3673 | val_loss: 0.7301 | LR: 0.001000
2025-08-19 05:25:48 INFO Epoch 012 | Train Loss: 0.7070 | Val Loss: 0.8152 | Dice: 0.0984 | softDice: 0.0993 | clDice: 0.1365 | softclDice: 0.7412 | IoU: 0.0519 | Tversky: 0.0984 | Hausdorff: 781.0632 | HD95: 311.6437 | val_loss: 0.8152 | LR: 0.001000
2025-08-19 05:28:15 INFO Epoch 013 | Train Loss: 0.6831 | Val Loss: 0.7403 | Dice: 0.1355 | softDice: 0.1391 | clDice: 0.2027 | softclDice: 0.6011 | IoU: 0.0729 | Tversky: 0.1355 | Hausdorff: 775.6179 | HD95: 185.8114 | val_loss: 0.7403 | LR: 0.001000
2025-08-19 05:30:35 INFO Epoch 014 | Train Loss: 0.6579 | Val Loss: 0.7304 | Dice: 0.1542 | softDice: 0.1600 | clDice: 0.2791 | softclDice: 0.6583 | IoU: 0.0839 | Tversky: 0.1542 | Hausdorff: 781.6322 | HD95: 184.6050 | val_loss: 0.7304 | LR: 0.001000
2025-08-19 05:33:01 INFO Epoch 015 | Train Loss: 0.6961 | Val Loss: 0.7468 | Dice: 0.1499 | softDice: 0.1472 | clDice: 0.2845 | softclDice: 0.5319 | IoU: 0.0813 | Tversky: 0.1499 | Hausdorff: 781.8376 | HD95: 139.8085 | val_loss: 0.7468 | LR: 0.000500
2025-08-19 05:35:37 INFO Epoch 016 | Train Loss: 0.6632 | Val Loss: 0.7257 | Dice: 0.1352 | softDice: 0.1391 | clDice: 0.2479 | softclDice: 0.6027 | IoU: 0.0726 | Tversky: 0.1352 | Hausdorff: 782.1144 | HD95: 232.3424 | val_loss: 0.7257 | LR: 0.000500
2025-08-19 05:38:05 INFO Epoch 017 | Train Loss: 0.6534 | Val Loss: 0.7365 | Dice: 0.1469 | softDice: 0.1473 | clDice: 0.2812 | softclDice: 0.5923 | IoU: 0.0795 | Tversky: 0.1469 | Hausdorff: 782.1144 | HD95: 165.1443 | val_loss: 0.7365 | LR: 0.000500
2025-08-19 05:40:43 INFO Epoch 018 | Train Loss: 0.6514 | Val Loss: 0.7317 | Dice: 0.1332 | softDice: 0.1330 | clDice: 0.2414 | softclDice: 0.5217 | IoU: 0.0715 | Tversky: 0.1332 | Hausdorff: 781.8295 | HD95: 179.3011 | val_loss: 0.7317 | LR: 0.000500
2025-08-19 05:43:59 INFO Epoch 019 | Train Loss: 0.6659 | Val Loss: 0.7162 | Dice: 0.1026 | softDice: 0.1056 | clDice: 0.1859 | softclDice: 0.4908 | IoU: 0.0541 | Tversky: 0.1026 | Hausdorff: 782.1144 | HD95: 251.4019 | val_loss: 0.7162 | LR: 0.000500
2025-08-19 05:47:09 INFO Epoch 020 | Train Loss: 0.6586 | Val Loss: 0.7125 | Dice: 0.1057 | softDice: 0.1074 | clDice: 0.1997 | softclDice: 0.5092 | IoU: 0.0558 | Tversky: 0.1057 | Hausdorff: 782.1144 | HD95: 206.9800 | val_loss: 0.7125 | LR: 0.000500
2025-08-19 05:50:10 INFO Epoch 021 | Train Loss: 0.6838 | Val Loss: 0.7436 | Dice: 0.1027 | softDice: 0.1031 | clDice: 0.1250 | softclDice: 0.5718 | IoU: 0.0542 | Tversky: 0.1027 | Hausdorff: 724.7114 | HD95: 239.9154 | val_loss: 0.7436 | LR: 0.000500
2025-08-19 05:52:35 INFO Epoch 022 | Train Loss: 0.8049 | Val Loss: 0.9718 | Dice: 0.0749 | softDice: 0.0756 | clDice: 0.0893 | softclDice: 0.7654 | IoU: 0.0390 | Tversky: 0.0749 | Hausdorff: 722.4694 | HD95: 307.0290 | val_loss: 0.9718 | LR: 0.000500
2025-08-19 05:56:28 INFO Epoch 023 | Train Loss: 0.8102 | Val Loss: 0.8373 | Dice: 0.0939 | softDice: 0.0936 | clDice: 0.0878 | softclDice: 0.7478 | IoU: 0.0493 | Tversky: 0.0939 | Hausdorff: 765.2573 | HD95: 515.9225 | val_loss: 0.8373 | LR: 0.000500
2025-08-19 05:59:26 INFO Epoch 024 | Train Loss: 0.7823 | Val Loss: 1.0000 | Dice: 0.0795 | softDice: 0.0785 | clDice: 0.1343 | softclDice: 0.6412 | IoU: 0.0414 | Tversky: 0.0795 | Hausdorff: 765.4831 | HD95: 167.4247 | val_loss: 1.0000 | LR: 0.000500
2025-08-19 06:02:52 INFO Epoch 025 | Train Loss: 0.7144 | Val Loss: 0.7138 | Dice: 0.0912 | softDice: 0.0907 | clDice: 0.1394 | softclDice: 0.4405 | IoU: 0.0478 | Tversky: 0.0912 | Hausdorff: 768.6746 | HD95: 263.8781 | val_loss: 0.7138 | LR: 0.000500
2025-08-19 06:05:45 INFO Epoch 026 | Train Loss: 0.7018 | Val Loss: 0.7493 | Dice: 0.0906 | softDice: 0.0900 | clDice: 0.1416 | softclDice: 0.5034 | IoU: 0.0475 | Tversky: 0.0906 | Hausdorff: 769.6478 | HD95: 186.7689 | val_loss: 0.7493 | LR: 0.000250
2025-08-19 06:09:22 INFO Epoch 027 | Train Loss: 0.6927 | Val Loss: 0.7121 | Dice: 0.0917 | softDice: 0.0912 | clDice: 0.1345 | softclDice: 0.4452 | IoU: 0.0481 | Tversky: 0.0917 | Hausdorff: 773.0149 | HD95: 357.9327 | val_loss: 0.7121 | LR: 0.000250
2025-08-19 06:13:58 INFO Epoch 028 | Train Loss: 0.6658 | Val Loss: 0.7544 | Dice: 0.0931 | softDice: 0.0926 | clDice: 0.1016 | softclDice: 0.5626 | IoU: 0.0488 | Tversky: 0.0931 | Hausdorff: 766.7786 | HD95: 657.9985 | val_loss: 0.7544 | LR: 0.000250
2025-08-19 06:17:57 INFO Epoch 029 | Train Loss: 0.6863 | Val Loss: 0.7356 | Dice: 0.0924 | softDice: 0.0919 | clDice: 0.1191 | softclDice: 0.4690 | IoU: 0.0484 | Tversky: 0.0924 | Hausdorff: 771.6362 | HD95: 421.4063 | val_loss: 0.7356 | LR: 0.000250
2025-08-19 06:23:00 INFO Epoch 030 | Train Loss: 0.6498 | Val Loss: 0.7742 | Dice: 0.0920 | softDice: 0.0918 | clDice: 0.1076 | softclDice: 0.5881 | IoU: 0.0483 | Tversky: 0.0920 | Hausdorff: 776.9766 | HD95: 720.6050 | val_loss: 0.7742 | LR: 0.000250
2025-08-19 06:29:36 INFO Epoch 031 | Train Loss: 0.6688 | Val Loss: 0.6918 | Dice: 0.0906 | softDice: 0.0904 | clDice: 0.1292 | softclDice: 0.4031 | IoU: 0.0475 | Tversky: 0.0906 | Hausdorff: 782.1144 | HD95: 405.6929 | val_loss: 0.6918 | LR: 0.000250
2025-08-19 06:36:18 INFO Epoch 032 | Train Loss: 0.6551 | Val Loss: 0.6896 | Dice: 0.0908 | softDice: 0.0906 | clDice: 0.1196 | softclDice: 0.4091 | IoU: 0.0476 | Tversky: 0.0908 | Hausdorff: 782.1144 | HD95: 432.8921 | val_loss: 0.6896 | LR: 0.000250
2025-08-19 06:47:23 INFO Epoch 033 | Train Loss: 0.6559 | Val Loss: 0.6860 | Dice: 0.0912 | softDice: 0.0910 | clDice: 0.1318 | softclDice: 0.3907 | IoU: 0.0478 | Tversky: 0.0912 | Hausdorff: 782.1144 | HD95: 597.1235 | val_loss: 0.6860 | LR: 0.000250
2025-08-19 06:55:26 INFO Epoch 034 | Train Loss: 0.6478 | Val Loss: 0.6848 | Dice: 0.0906 | softDice: 0.0904 | clDice: 0.1430 | softclDice: 0.3909 | IoU: 0.0475 | Tversky: 0.0906 | Hausdorff: 782.1144 | HD95: 479.0286 | val_loss: 0.6848 | LR: 0.000250
2025-08-19 07:01:07 INFO Epoch 035 | Train Loss: 0.6551 | Val Loss: 0.6900 | Dice: 0.0898 | softDice: 0.0895 | clDice: 0.1553 | softclDice: 0.3960 | IoU: 0.0470 | Tversky: 0.0898 | Hausdorff: 782.1144 | HD95: 389.9123 | val_loss: 0.6900 | LR: 0.000250
2025-08-19 07:33:22 INFO Epoch 036 | Train Loss: 0.6453 | Val Loss: 0.6593 | Dice: 0.0915 | softDice: 0.0913 | clDice: 0.1170 | softclDice: 0.3552 | IoU: 0.0480 | Tversky: 0.0915 | Hausdorff: 782.1144 | HD95: 1038.5079 | val_loss: 0.6593 | LR: 0.000250
2025-08-19 07:37:22 INFO Epoch 037 | Train Loss: 0.6536 | Val Loss: 0.7031 | Dice: 0.0941 | softDice: 0.0932 | clDice: 0.1197 | softclDice: 0.5235 | IoU: 0.0494 | Tversky: 0.0941 | Hausdorff: 773.0556 | HD95: 609.6089 | val_loss: 0.7031 | LR: 0.000250
2025-08-19 07:40:59 INFO Epoch 038 | Train Loss: 0.6520 | Val Loss: 0.7005 | Dice: 0.0938 | softDice: 0.0928 | clDice: 0.1359 | softclDice: 0.4037 | IoU: 0.0492 | Tversky: 0.0938 | Hausdorff: 761.7747 | HD95: 452.6699 | val_loss: 0.7005 | LR: 0.000250
2025-08-19 07:44:59 INFO Epoch 039 | Train Loss: 0.6402 | Val Loss: 0.6971 | Dice: 0.0942 | softDice: 0.0934 | clDice: 0.1106 | softclDice: 0.4098 | IoU: 0.0495 | Tversky: 0.0942 | Hausdorff: 761.4753 | HD95: 655.4689 | val_loss: 0.6971 | LR: 0.000250
2025-08-19 07:48:04 INFO Epoch 040 | Train Loss: 0.6570 | Val Loss: 0.6976 | Dice: 0.1028 | softDice: 0.1023 | clDice: 0.1545 | softclDice: 0.4400 | IoU: 0.0542 | Tversky: 0.1028 | Hausdorff: 775.7583 | HD95: 194.0535 | val_loss: 0.6976 | LR: 0.000250
2025-08-19 07:50:39 INFO Epoch 041 | Train Loss: 0.6609 | Val Loss: 0.7245 | Dice: 0.1183 | softDice: 0.1178 | clDice: 0.1659 | softclDice: 0.5325 | IoU: 0.0629 | Tversky: 0.1183 | Hausdorff: 761.3457 | HD95: 226.2043 | val_loss: 0.7245 | LR: 0.000250
2025-08-19 07:56:17 INFO Epoch 042 | Train Loss: 0.6560 | Val Loss: 0.7231 | Dice: 0.1067 | softDice: 0.1058 | clDice: 0.1225 | softclDice: 0.5745 | IoU: 0.0564 | Tversky: 0.1067 | Hausdorff: 782.1144 | HD95: 418.4930 | val_loss: 0.7231 | LR: 0.000125
2025-08-19 08:00:58 INFO Epoch 043 | Train Loss: 0.6515 | Val Loss: 0.7151 | Dice: 0.1143 | softDice: 0.1137 | clDice: 0.1509 | softclDice: 0.6030 | IoU: 0.0606 | Tversky: 0.1143 | Hausdorff: 782.1144 | HD95: 275.7635 | val_loss: 0.7151 | LR: 0.000125
2025-08-19 08:04:37 INFO Epoch 044 | Train Loss: 0.6490 | Val Loss: 0.7072 | Dice: 0.1128 | softDice: 0.1119 | clDice: 0.1501 | softclDice: 0.5320 | IoU: 0.0598 | Tversky: 0.1128 | Hausdorff: 782.1144 | HD95: 266.0669 | val_loss: 0.7072 | LR: 0.000125
2025-08-19 08:08:06 INFO Epoch 045 | Train Loss: 0.6430 | Val Loss: 0.7111 | Dice: 0.1144 | softDice: 0.1135 | clDice: 0.1521 | softclDice: 0.4817 | IoU: 0.0607 | Tversky: 0.1144 | Hausdorff: 782.1144 | HD95: 255.9975 | val_loss: 0.7111 | LR: 0.000125
2025-08-19 08:11:05 INFO Epoch 046 | Train Loss: 0.6529 | Val Loss: 0.7075 | Dice: 0.1179 | softDice: 0.1168 | clDice: 0.1656 | softclDice: 0.4696 | IoU: 0.0627 | Tversky: 0.1179 | Hausdorff: 782.1144 | HD95: 214.6289 | val_loss: 0.7075 | LR: 0.000125
2025-08-19 08:13:57 INFO Epoch 047 | Train Loss: 0.6381 | Val Loss: 0.7105 | Dice: 0.1194 | softDice: 0.1180 | clDice: 0.1599 | softclDice: 0.4904 | IoU: 0.0636 | Tversky: 0.1194 | Hausdorff: 782.1144 | HD95: 213.7620 | val_loss: 0.7105 | LR: 0.000125
2025-08-19 08:16:51 INFO Epoch 048 | Train Loss: 0.6339 | Val Loss: 0.6931 | Dice: 0.1238 | softDice: 0.1220 | clDice: 0.1660 | softclDice: 0.4848 | IoU: 0.0660 | Tversky: 0.1238 | Hausdorff: 782.1144 | HD95: 195.6173 | val_loss: 0.6931 | LR: 0.000063
2025-08-19 08:19:53 INFO Epoch 049 | Train Loss: 0.6431 | Val Loss: 0.7113 | Dice: 0.1301 | softDice: 0.1297 | clDice: 0.1923 | softclDice: 0.4913 | IoU: 0.0696 | Tversky: 0.1301 | Hausdorff: 782.1144 | HD95: 245.4241 | val_loss: 0.7113 | LR: 0.000063
2025-08-19 08:22:50 INFO Epoch 050 | Train Loss: 0.6422 | Val Loss: 0.7105 | Dice: 0.1311 | softDice: 0.1310 | clDice: 0.1951 | softclDice: 0.5029 | IoU: 0.0702 | Tversky: 0.1311 | Hausdorff: 782.1144 | HD95: 199.2616 | val_loss: 0.7105 | LR: 0.000063
2025-08-19 08:22:50 INFO Training completed.
2025-08-19 08:24:01 INFO Fold 2 results: Dice: 0.1687 | softDice: 0.1644 | clDice: 0.1502 | softclDice: 0.8874 | IoU: 0.0925 | Tversky: 0.1687 | Hausdorff: 746.7952 | HD95: 146.5281 | val_loss: 0.8677
2025-08-19 08:24:01 INFO ===== Fold 3 / 5 =====
2025-08-19 08:24:01 INFO Loading model unet with settings {'name': 'unet', 'encoder_name': 'se_resnext50_32x4d', 'encoder_weights': 'imagenet', 'classes': 1, 'activation': None, 'dropout': 0.2}
2025-08-19 08:25:54 INFO Epoch 001 | Train Loss: 0.7149 | Val Loss: 1.0000 | Dice: 0.3646 | softDice: 0.2669 | clDice: 0.4013 | softclDice: 0.6253 | IoU: 0.2236 | Tversky: 0.3646 | Hausdorff: 377.8100 | HD95: 54.2961 | val_loss: 1.0000 | LR: 0.001000
2025-08-19 08:27:59 INFO Epoch 002 | Train Loss: 0.5854 | Val Loss: 0.7427 | Dice: 0.3710 | softDice: 0.3520 | clDice: 0.4702 | softclDice: 0.4927 | IoU: 0.2283 | Tversky: 0.3710 | Hausdorff: 478.2599 | HD95: 80.2336 | val_loss: 0.7427 | LR: 0.001000
2025-08-19 08:29:53 INFO Epoch 003 | Train Loss: 0.6049 | Val Loss: 0.9535 | Dice: 0.2676 | softDice: 0.2550 | clDice: 0.3364 | softclDice: 0.6138 | IoU: 0.1548 | Tversky: 0.2676 | Hausdorff: 734.8710 | HD95: 120.5882 | val_loss: 0.9535 | LR: 0.001000
2025-08-19 08:31:55 INFO Epoch 004 | Train Loss: 0.5965 | Val Loss: 0.7349 | Dice: 0.3354 | softDice: 0.3229 | clDice: 0.4366 | softclDice: 0.5035 | IoU: 0.2017 | Tversky: 0.3354 | Hausdorff: 696.2923 | HD95: 106.6264 | val_loss: 0.7349 | LR: 0.001000
2025-08-19 08:34:00 INFO Epoch 005 | Train Loss: 0.6990 | Val Loss: 0.8287 | Dice: 0.2489 | softDice: 0.2413 | clDice: 0.3247 | softclDice: 0.6858 | IoU: 0.1425 | Tversky: 0.2489 | Hausdorff: 774.5597 | HD95: 168.4464 | val_loss: 0.8287 | LR: 0.001000
2025-08-19 08:36:06 INFO Epoch 006 | Train Loss: 0.6836 | Val Loss: 0.8137 | Dice: 0.3145 | softDice: 0.3153 | clDice: 0.3591 | softclDice: 0.6339 | IoU: 0.1870 | Tversky: 0.3145 | Hausdorff: 449.1505 | HD95: 139.4733 | val_loss: 0.8137 | LR: 0.001000
2025-08-19 08:38:06 INFO Epoch 007 | Train Loss: 0.6315 | Val Loss: 0.7802 | Dice: 0.3306 | softDice: 0.3283 | clDice: 0.4002 | softclDice: 0.5733 | IoU: 0.1986 | Tversky: 0.3306 | Hausdorff: 627.1174 | HD95: 125.9228 | val_loss: 0.7802 | LR: 0.001000
2025-08-19 08:39:56 INFO Epoch 008 | Train Loss: 0.6024 | Val Loss: 0.7634 | Dice: 0.3545 | softDice: 0.3497 | clDice: 0.4264 | softclDice: 0.5405 | IoU: 0.2158 | Tversky: 0.3545 | Hausdorff: 697.4585 | HD95: 100.6879 | val_loss: 0.7634 | LR: 0.001000
2025-08-19 08:41:47 INFO Epoch 009 | Train Loss: 0.5854 | Val Loss: 0.7881 | Dice: 0.3257 | softDice: 0.3175 | clDice: 0.4212 | softclDice: 0.5008 | IoU: 0.1949 | Tversky: 0.3257 | Hausdorff: 712.1421 | HD95: 110.7934 | val_loss: 0.7881 | LR: 0.001000
2025-08-19 08:43:51 INFO Epoch 010 | Train Loss: 0.5847 | Val Loss: 0.7493 | Dice: 0.3132 | softDice: 0.3049 | clDice: 0.3825 | softclDice: 0.5218 | IoU: 0.1860 | Tversky: 0.3132 | Hausdorff: 781.6270 | HD95: 122.5236 | val_loss: 0.7493 | LR: 0.000500
2025-08-19 08:45:58 INFO Epoch 011 | Train Loss: 0.6032 | Val Loss: 0.7496 | Dice: 0.2831 | softDice: 0.2777 | clDice: 0.3372 | softclDice: 0.5683 | IoU: 0.1653 | Tversky: 0.2831 | Hausdorff: 814.2565 | HD95: 173.9316 | val_loss: 0.7496 | LR: 0.000500
2025-08-19 08:47:53 INFO Epoch 012 | Train Loss: 0.5842 | Val Loss: 0.7358 | Dice: 0.3118 | softDice: 0.3077 | clDice: 0.3600 | softclDice: 0.5494 | IoU: 0.1850 | Tversky: 0.3118 | Hausdorff: 777.9821 | HD95: 221.0636 | val_loss: 0.7358 | LR: 0.000500
2025-08-19 08:49:44 INFO Epoch 013 | Train Loss: 0.5857 | Val Loss: 0.7299 | Dice: 0.2993 | softDice: 0.2983 | clDice: 0.4185 | softclDice: 0.5226 | IoU: 0.1763 | Tversky: 0.2993 | Hausdorff: 826.4972 | HD95: 123.7820 | val_loss: 0.7299 | LR: 0.000500
2025-08-19 08:51:33 INFO Epoch 014 | Train Loss: 0.5935 | Val Loss: 0.7732 | Dice: 0.3010 | softDice: 0.3003 | clDice: 0.3722 | softclDice: 0.6102 | IoU: 0.1776 | Tversky: 0.3010 | Hausdorff: 856.2226 | HD95: 127.8859 | val_loss: 0.7732 | LR: 0.000500
2025-08-19 08:53:22 INFO Epoch 015 | Train Loss: 0.5965 | Val Loss: 0.7619 | Dice: 0.2755 | softDice: 0.2773 | clDice: 0.3555 | softclDice: 0.6224 | IoU: 0.1600 | Tversky: 0.2755 | Hausdorff: 825.3335 | HD95: 171.6782 | val_loss: 0.7619 | LR: 0.000500
2025-08-19 08:55:20 INFO Epoch 016 | Train Loss: 0.5813 | Val Loss: 0.7219 | Dice: 0.3263 | softDice: 0.3271 | clDice: 0.4381 | softclDice: 0.5491 | IoU: 0.1954 | Tversky: 0.3263 | Hausdorff: 817.9695 | HD95: 122.9887 | val_loss: 0.7219 | LR: 0.000500
2025-08-19 08:57:23 INFO Epoch 017 | Train Loss: 0.5774 | Val Loss: 0.7341 | Dice: 0.2724 | softDice: 0.2760 | clDice: 0.4006 | softclDice: 0.4902 | IoU: 0.1580 | Tversky: 0.2724 | Hausdorff: 858.9694 | HD95: 196.7661 | val_loss: 0.7341 | LR: 0.000500
2025-08-19 08:59:13 INFO Epoch 018 | Train Loss: 0.5674 | Val Loss: 0.7205 | Dice: 0.3352 | softDice: 0.3334 | clDice: 0.4578 | softclDice: 0.5033 | IoU: 0.2017 | Tversky: 0.3352 | Hausdorff: 747.3973 | HD95: 100.3407 | val_loss: 0.7205 | LR: 0.000500
2025-08-19 09:01:05 INFO Epoch 019 | Train Loss: 0.5627 | Val Loss: 0.7175 | Dice: 0.3273 | softDice: 0.3282 | clDice: 0.4506 | softclDice: 0.4662 | IoU: 0.1958 | Tversky: 0.3273 | Hausdorff: 375.6693 | HD95: 89.6813 | val_loss: 0.7175 | LR: 0.000500
2025-08-19 09:03:09 INFO Epoch 020 | Train Loss: 0.5884 | Val Loss: 0.7453 | Dice: 0.3045 | softDice: 0.3038 | clDice: 0.4187 | softclDice: 0.5090 | IoU: 0.1800 | Tversky: 0.3045 | Hausdorff: 560.2209 | HD95: 109.6660 | val_loss: 0.7453 | LR: 0.000500
2025-08-19 09:05:14 INFO Epoch 021 | Train Loss: 0.6395 | Val Loss: 0.7313 | Dice: 0.2341 | softDice: 0.2290 | clDice: 0.2970 | softclDice: 0.4805 | IoU: 0.1328 | Tversky: 0.2341 | Hausdorff: 821.0515 | HD95: 325.3635 | val_loss: 0.7313 | LR: 0.000500
2025-08-19 09:07:14 INFO Epoch 022 | Train Loss: 0.6095 | Val Loss: 0.7237 | Dice: 0.2990 | softDice: 0.3003 | clDice: 0.4407 | softclDice: 0.4842 | IoU: 0.1760 | Tversky: 0.2990 | Hausdorff: 709.0728 | HD95: 95.8716 | val_loss: 0.7237 | LR: 0.000500
2025-08-19 09:09:12 INFO Epoch 023 | Train Loss: 0.6385 | Val Loss: 0.8349 | Dice: 0.2539 | softDice: 0.2577 | clDice: 0.3575 | softclDice: 0.5407 | IoU: 0.1458 | Tversky: 0.2539 | Hausdorff: 557.0885 | HD95: 143.3235 | val_loss: 0.8349 | LR: 0.000500
2025-08-19 09:11:04 INFO Epoch 024 | Train Loss: 0.6275 | Val Loss: 0.7312 | Dice: 0.2430 | softDice: 0.2422 | clDice: 0.3584 | softclDice: 0.5868 | IoU: 0.1386 | Tversky: 0.2430 | Hausdorff: 719.5270 | HD95: 161.0555 | val_loss: 0.7312 | LR: 0.000500
2025-08-19 09:12:55 INFO Epoch 025 | Train Loss: 0.6205 | Val Loss: 0.7301 | Dice: 0.2365 | softDice: 0.2382 | clDice: 0.3532 | softclDice: 0.5647 | IoU: 0.1343 | Tversky: 0.2365 | Hausdorff: 849.9092 | HD95: 186.3902 | val_loss: 0.7301 | LR: 0.000250
2025-08-19 09:14:53 INFO Epoch 026 | Train Loss: 0.6013 | Val Loss: 0.7117 | Dice: 0.2326 | softDice: 0.2350 | clDice: 0.3573 | softclDice: 0.6592 | IoU: 0.1318 | Tversky: 0.2326 | Hausdorff: 863.5493 | HD95: 178.9123 | val_loss: 0.7117 | LR: 0.000250
2025-08-19 09:16:47 INFO Epoch 027 | Train Loss: 0.5984 | Val Loss: 0.7087 | Dice: 0.2406 | softDice: 0.2419 | clDice: 0.3828 | softclDice: 0.5561 | IoU: 0.1371 | Tversky: 0.2406 | Hausdorff: 749.1849 | HD95: 148.5072 | val_loss: 0.7087 | LR: 0.000250
2025-08-19 09:18:46 INFO Epoch 028 | Train Loss: 0.6060 | Val Loss: 0.7038 | Dice: 0.2290 | softDice: 0.2310 | clDice: 0.3468 | softclDice: 0.5844 | IoU: 0.1296 | Tversky: 0.2290 | Hausdorff: 847.9927 | HD95: 133.1921 | val_loss: 0.7038 | LR: 0.000250
2025-08-19 09:20:48 INFO Epoch 029 | Train Loss: 0.6153 | Val Loss: 0.7133 | Dice: 0.2510 | softDice: 0.2525 | clDice: 0.3724 | softclDice: 0.4822 | IoU: 0.1437 | Tversky: 0.2510 | Hausdorff: 838.8240 | HD95: 124.2032 | val_loss: 0.7133 | LR: 0.000250
2025-08-19 09:22:53 INFO Epoch 030 | Train Loss: 0.5932 | Val Loss: 0.7041 | Dice: 0.2489 | softDice: 0.2514 | clDice: 0.3753 | softclDice: 0.4434 | IoU: 0.1423 | Tversky: 0.2489 | Hausdorff: 769.4243 | HD95: 126.6834 | val_loss: 0.7041 | LR: 0.000250
2025-08-19 09:24:51 INFO Epoch 031 | Train Loss: 0.5823 | Val Loss: 0.7067 | Dice: 0.2825 | softDice: 0.2834 | clDice: 0.4173 | softclDice: 0.4597 | IoU: 0.1647 | Tversky: 0.2825 | Hausdorff: 778.0965 | HD95: 116.1728 | val_loss: 0.7067 | LR: 0.000250
2025-08-19 09:26:53 INFO Epoch 032 | Train Loss: 0.5814 | Val Loss: 0.7125 | Dice: 0.2682 | softDice: 0.2698 | clDice: 0.3854 | softclDice: 0.5663 | IoU: 0.1551 | Tversky: 0.2682 | Hausdorff: 795.1964 | HD95: 135.2148 | val_loss: 0.7125 | LR: 0.000250
2025-08-19 09:28:48 INFO Epoch 033 | Train Loss: 0.5856 | Val Loss: 0.7239 | Dice: 0.2654 | softDice: 0.2653 | clDice: 0.3731 | softclDice: 0.5621 | IoU: 0.1532 | Tversky: 0.2654 | Hausdorff: 835.2296 | HD95: 133.3187 | val_loss: 0.7239 | LR: 0.000250
2025-08-19 09:30:50 INFO Epoch 034 | Train Loss: 0.5753 | Val Loss: 0.7236 | Dice: 0.2775 | softDice: 0.2776 | clDice: 0.3906 | softclDice: 0.5490 | IoU: 0.1615 | Tversky: 0.2775 | Hausdorff: 838.8018 | HD95: 132.6924 | val_loss: 0.7236 | LR: 0.000125
2025-08-19 09:32:44 INFO Epoch 035 | Train Loss: 0.5639 | Val Loss: 0.7237 | Dice: 0.2798 | softDice: 0.2799 | clDice: 0.3977 | softclDice: 0.5542 | IoU: 0.1631 | Tversky: 0.2798 | Hausdorff: 813.7011 | HD95: 128.2824 | val_loss: 0.7237 | LR: 0.000125
2025-08-19 09:34:40 INFO Epoch 036 | Train Loss: 0.5681 | Val Loss: 0.7180 | Dice: 0.2804 | softDice: 0.2803 | clDice: 0.4015 | softclDice: 0.5310 | IoU: 0.1635 | Tversky: 0.2804 | Hausdorff: 831.3924 | HD95: 125.8900 | val_loss: 0.7180 | LR: 0.000125
2025-08-19 09:36:45 INFO Epoch 037 | Train Loss: 0.5583 | Val Loss: 0.7136 | Dice: 0.2819 | softDice: 0.2819 | clDice: 0.4005 | softclDice: 0.5918 | IoU: 0.1645 | Tversky: 0.2819 | Hausdorff: 840.4913 | HD95: 130.6274 | val_loss: 0.7136 | LR: 0.000125
2025-08-19 09:38:37 INFO Epoch 038 | Train Loss: 0.5566 | Val Loss: 0.7269 | Dice: 0.2940 | softDice: 0.2933 | clDice: 0.4126 | softclDice: 0.6006 | IoU: 0.1728 | Tversky: 0.2940 | Hausdorff: 845.2465 | HD95: 125.1838 | val_loss: 0.7269 | LR: 0.000125
2025-08-19 09:40:24 INFO Epoch 039 | Train Loss: 0.5700 | Val Loss: 0.7033 | Dice: 0.3018 | softDice: 0.3004 | clDice: 0.4268 | softclDice: 0.6143 | IoU: 0.1781 | Tversky: 0.3018 | Hausdorff: 653.5274 | HD95: 112.3569 | val_loss: 0.7033 | LR: 0.000125
2025-08-19 09:42:11 INFO Epoch 040 | Train Loss: 0.5638 | Val Loss: 0.7220 | Dice: 0.2948 | softDice: 0.2958 | clDice: 0.4139 | softclDice: 0.5579 | IoU: 0.1734 | Tversky: 0.2948 | Hausdorff: 593.7239 | HD95: 113.9872 | val_loss: 0.7220 | LR: 0.000125
2025-08-19 09:43:59 INFO Epoch 041 | Train Loss: 0.5662 | Val Loss: 0.7176 | Dice: 0.3004 | softDice: 0.3009 | clDice: 0.4227 | softclDice: 0.5371 | IoU: 0.1773 | Tversky: 0.3004 | Hausdorff: 593.2462 | HD95: 112.2263 | val_loss: 0.7176 | LR: 0.000125
2025-08-19 09:45:45 INFO Epoch 042 | Train Loss: 0.5632 | Val Loss: 0.7177 | Dice: 0.3144 | softDice: 0.3148 | clDice: 0.4419 | softclDice: 0.5248 | IoU: 0.1869 | Tversky: 0.3144 | Hausdorff: 455.6759 | HD95: 105.2040 | val_loss: 0.7177 | LR: 0.000125
2025-08-19 09:47:30 INFO Epoch 043 | Train Loss: 0.5652 | Val Loss: 0.7199 | Dice: 0.3148 | softDice: 0.3156 | clDice: 0.4421 | softclDice: 0.5297 | IoU: 0.1873 | Tversky: 0.3148 | Hausdorff: 467.5333 | HD95: 103.5641 | val_loss: 0.7199 | LR: 0.000125
2025-08-19 09:49:21 INFO Epoch 044 | Train Loss: 0.5579 | Val Loss: 0.7215 | Dice: 0.3106 | softDice: 0.3105 | clDice: 0.4293 | softclDice: 0.5395 | IoU: 0.1844 | Tversky: 0.3106 | Hausdorff: 656.3956 | HD95: 113.1122 | val_loss: 0.7215 | LR: 0.000125
2025-08-19 09:51:17 INFO Epoch 045 | Train Loss: 0.5586 | Val Loss: 0.7137 | Dice: 0.3249 | softDice: 0.3257 | clDice: 0.4434 | softclDice: 0.5409 | IoU: 0.1944 | Tversky: 0.3249 | Hausdorff: 571.4778 | HD95: 104.5765 | val_loss: 0.7137 | LR: 0.000063
2025-08-19 09:53:12 INFO Epoch 046 | Train Loss: 0.5543 | Val Loss: 0.7086 | Dice: 0.3182 | softDice: 0.3201 | clDice: 0.4416 | softclDice: 0.5383 | IoU: 0.1896 | Tversky: 0.3182 | Hausdorff: 537.1899 | HD95: 106.6442 | val_loss: 0.7086 | LR: 0.000063
2025-08-19 09:55:07 INFO Epoch 047 | Train Loss: 0.5460 | Val Loss: 0.7035 | Dice: 0.3285 | softDice: 0.3291 | clDice: 0.4615 | softclDice: 0.5080 | IoU: 0.1969 | Tversky: 0.3285 | Hausdorff: 471.1024 | HD95: 93.2453 | val_loss: 0.7035 | LR: 0.000063
2025-08-19 09:56:56 INFO Epoch 048 | Train Loss: 0.5477 | Val Loss: 0.7042 | Dice: 0.3273 | softDice: 0.3284 | clDice: 0.4563 | softclDice: 0.5185 | IoU: 0.1960 | Tversky: 0.3273 | Hausdorff: 479.8236 | HD95: 99.3742 | val_loss: 0.7042 | LR: 0.000063
2025-08-19 09:58:56 INFO Epoch 049 | Train Loss: 0.5479 | Val Loss: 0.7055 | Dice: 0.3253 | softDice: 0.3260 | clDice: 0.4507 | softclDice: 0.5512 | IoU: 0.1946 | Tversky: 0.3253 | Hausdorff: 611.7880 | HD95: 98.5404 | val_loss: 0.7055 | LR: 0.000063
2025-08-19 10:00:49 INFO Epoch 050 | Train Loss: 0.5475 | Val Loss: 0.7068 | Dice: 0.3277 | softDice: 0.3274 | clDice: 0.4520 | softclDice: 0.5558 | IoU: 0.1963 | Tversky: 0.3277 | Hausdorff: 644.4745 | HD95: 98.3531 | val_loss: 0.7068 | LR: 0.000063
2025-08-19 10:00:49 INFO Training completed.
2025-08-19 10:01:55 INFO Fold 3 results: Dice: 0.2489 | softDice: 0.2413 | clDice: 0.3247 | softclDice: 0.6858 | IoU: 0.1425 | Tversky: 0.2489 | Hausdorff: 774.5597 | HD95: 168.4464 | val_loss: 0.8287
2025-08-19 10:01:55 INFO ===== Fold 4 / 5 =====
2025-08-19 10:01:55 INFO Loading model unet with settings {'name': 'unet', 'encoder_name': 'se_resnext50_32x4d', 'encoder_weights': 'imagenet', 'classes': 1, 'activation': None, 'dropout': 0.2}
2025-08-19 10:04:01 INFO Epoch 001 | Train Loss: 0.7270 | Val Loss: 1.0000 | Dice: 0.2854 | softDice: 0.1952 | clDice: 0.3510 | softclDice: 0.5852 | IoU: 0.1669 | Tversky: 0.2854 | Hausdorff: 774.8351 | HD95: 586.2717 | val_loss: 1.0000 | LR: 0.001000
2025-08-19 10:05:55 INFO Epoch 002 | Train Loss: 0.6120 | Val Loss: 1.0000 | Dice: 0.3591 | softDice: 0.3203 | clDice: 0.4539 | softclDice: 0.5167 | IoU: 0.2200 | Tversky: 0.3591 | Hausdorff: 499.4257 | HD95: 93.9468 | val_loss: 1.0000 | LR: 0.001000
2025-08-19 10:07:54 INFO Epoch 003 | Train Loss: 0.6239 | Val Loss: 0.7961 | Dice: 0.2545 | softDice: 0.2402 | clDice: 0.3396 | softclDice: 0.5987 | IoU: 0.1463 | Tversky: 0.2545 | Hausdorff: 549.7700 | HD95: 192.3770 | val_loss: 0.7961 | LR: 0.001000
2025-08-19 10:09:51 INFO Epoch 004 | Train Loss: 0.6975 | Val Loss: 0.9232 | Dice: 0.1314 | softDice: 0.1298 | clDice: 0.1434 | softclDice: 0.7766 | IoU: 0.0704 | Tversky: 0.1314 | Hausdorff: 734.6334 | HD95: 250.6888 | val_loss: 0.9232 | LR: 0.001000
2025-08-19 10:12:01 INFO Epoch 005 | Train Loss: 0.7792 | Val Loss: 0.7790 | Dice: 0.1637 | softDice: 0.1640 | clDice: 0.2282 | softclDice: 0.6016 | IoU: 0.0895 | Tversky: 0.1637 | Hausdorff: 544.3645 | HD95: 167.9284 | val_loss: 0.7790 | LR: 0.001000
2025-08-19 10:13:59 INFO Epoch 006 | Train Loss: 0.7154 | Val Loss: 0.8055 | Dice: 0.2072 | softDice: 0.2063 | clDice: 0.2865 | softclDice: 0.7018 | IoU: 0.1158 | Tversky: 0.2072 | Hausdorff: 614.3399 | HD95: 178.0806 | val_loss: 0.8055 | LR: 0.001000
2025-08-19 10:15:58 INFO Epoch 007 | Train Loss: 0.7021 | Val Loss: 0.7724 | Dice: 0.1782 | softDice: 0.1791 | clDice: 0.2666 | softclDice: 0.6456 | IoU: 0.0983 | Tversky: 0.1782 | Hausdorff: 745.0270 | HD95: 185.8714 | val_loss: 0.7724 | LR: 0.001000
2025-08-19 10:18:06 INFO Epoch 008 | Train Loss: 0.6967 | Val Loss: 0.7616 | Dice: 0.1614 | softDice: 0.1631 | clDice: 0.2392 | softclDice: 0.6311 | IoU: 0.0881 | Tversky: 0.1614 | Hausdorff: 748.3609 | HD95: 171.7139 | val_loss: 0.7616 | LR: 0.001000
2025-08-19 10:20:11 INFO Epoch 009 | Train Loss: 0.6951 | Val Loss: 0.7732 | Dice: 0.1715 | softDice: 0.1719 | clDice: 0.2381 | softclDice: 0.7587 | IoU: 0.0941 | Tversky: 0.1715 | Hausdorff: 773.7931 | HD95: 181.3233 | val_loss: 0.7732 | LR: 0.001000
2025-08-19 10:22:32 INFO Epoch 010 | Train Loss: 0.6686 | Val Loss: 0.7323 | Dice: 0.1393 | softDice: 0.1426 | clDice: 0.1803 | softclDice: 0.6936 | IoU: 0.0750 | Tversky: 0.1393 | Hausdorff: 773.9298 | HD95: 247.5909 | val_loss: 0.7323 | LR: 0.001000
2025-08-19 10:24:39 INFO Epoch 011 | Train Loss: 0.7012 | Val Loss: 0.7499 | Dice: 0.1510 | softDice: 0.1548 | clDice: 0.2267 | softclDice: 0.6219 | IoU: 0.0819 | Tversky: 0.1510 | Hausdorff: 772.2066 | HD95: 227.2439 | val_loss: 0.7499 | LR: 0.001000
2025-08-19 10:26:43 INFO Epoch 012 | Train Loss: 0.7032 | Val Loss: 0.7580 | Dice: 0.1698 | softDice: 0.1682 | clDice: 0.2381 | softclDice: 0.5849 | IoU: 0.0930 | Tversky: 0.1698 | Hausdorff: 774.8897 | HD95: 191.7998 | val_loss: 0.7580 | LR: 0.001000
2025-08-19 10:28:51 INFO Epoch 013 | Train Loss: 0.7084 | Val Loss: 0.8035 | Dice: 0.1653 | softDice: 0.1678 | clDice: 0.2633 | softclDice: 0.6719 | IoU: 0.0903 | Tversky: 0.1653 | Hausdorff: 774.8897 | HD95: 238.5077 | val_loss: 0.8035 | LR: 0.001000
2025-08-19 10:30:53 INFO Epoch 014 | Train Loss: 0.6975 | Val Loss: 0.7351 | Dice: 0.1868 | softDice: 0.1875 | clDice: 0.2923 | softclDice: 0.5683 | IoU: 0.1032 | Tversky: 0.1868 | Hausdorff: 774.8897 | HD95: 189.5631 | val_loss: 0.7351 | LR: 0.001000
2025-08-19 10:33:00 INFO Epoch 015 | Train Loss: 0.6787 | Val Loss: 0.7286 | Dice: 0.1936 | softDice: 0.1939 | clDice: 0.2697 | softclDice: 0.6604 | IoU: 0.1075 | Tversky: 0.1936 | Hausdorff: 774.8897 | HD95: 189.4751 | val_loss: 0.7286 | LR: 0.001000
2025-08-19 10:35:03 INFO Epoch 016 | Train Loss: 0.6856 | Val Loss: 0.7594 | Dice: 0.1610 | softDice: 0.1612 | clDice: 0.2197 | softclDice: 0.6140 | IoU: 0.0877 | Tversky: 0.1610 | Hausdorff: 774.8351 | HD95: 300.0351 | val_loss: 0.7594 | LR: 0.001000
2025-08-19 10:37:07 INFO Epoch 017 | Train Loss: 0.7625 | Val Loss: 0.8607 | Dice: 0.1692 | softDice: 0.1702 | clDice: 0.2425 | softclDice: 0.8994 | IoU: 0.0928 | Tversky: 0.1692 | Hausdorff: 617.5143 | HD95: 177.2591 | val_loss: 0.8607 | LR: 0.001000
2025-08-19 10:39:17 INFO Epoch 018 | Train Loss: 0.7231 | Val Loss: 0.7901 | Dice: 0.1399 | softDice: 0.1410 | clDice: 0.1946 | softclDice: 0.6622 | IoU: 0.0754 | Tversky: 0.1399 | Hausdorff: 774.8351 | HD95: 249.1605 | val_loss: 0.7901 | LR: 0.001000
2025-08-19 10:41:06 INFO Epoch 019 | Train Loss: 0.8668 | Val Loss: 0.9714 | Dice: 0.0503 | softDice: 0.0484 | clDice: 0.0660 | softclDice: 0.9468 | IoU: 0.0259 | Tversky: 0.0503 | Hausdorff: 975.0527 | HD95: 764.5553 | val_loss: 0.9714 | LR: 0.001000
2025-08-19 10:42:58 INFO Epoch 020 | Train Loss: 0.8756 | Val Loss: 0.8860 | Dice: 0.1411 | softDice: 0.1519 | clDice: 0.1953 | softclDice: 0.7965 | IoU: 0.0760 | Tversky: 0.1411 | Hausdorff: 745.7916 | HD95: 264.5752 | val_loss: 0.8860 | LR: 0.001000
2025-08-19 10:45:12 INFO Epoch 021 | Train Loss: 0.7891 | Val Loss: 0.9755 | Dice: 0.1907 | softDice: 0.1904 | clDice: 0.2810 | softclDice: 0.7059 | IoU: 0.1057 | Tversky: 0.1907 | Hausdorff: 774.4570 | HD95: 265.3730 | val_loss: 0.9755 | LR: 0.000500
2025-08-19 10:47:10 INFO Epoch 022 | Train Loss: 0.7466 | Val Loss: 0.8556 | Dice: 0.1906 | softDice: 0.1919 | clDice: 0.2864 | softclDice: 0.6802 | IoU: 0.1056 | Tversky: 0.1906 | Hausdorff: 774.0340 | HD95: 201.6586 | val_loss: 0.8556 | LR: 0.000500
2025-08-19 10:49:15 INFO Epoch 023 | Train Loss: 0.7314 | Val Loss: 0.8353 | Dice: 0.1885 | softDice: 0.1904 | clDice: 0.2855 | softclDice: 0.6734 | IoU: 0.1043 | Tversky: 0.1885 | Hausdorff: 774.2443 | HD95: 223.7919 | val_loss: 0.8353 | LR: 0.000500
2025-08-19 10:51:10 INFO Epoch 024 | Train Loss: 0.7261 | Val Loss: 0.8325 | Dice: 0.1906 | softDice: 0.1938 | clDice: 0.2889 | softclDice: 0.6661 | IoU: 0.1056 | Tversky: 0.1906 | Hausdorff: 774.5643 | HD95: 187.8758 | val_loss: 0.8325 | LR: 0.000500
2025-08-19 10:53:05 INFO Epoch 025 | Train Loss: 0.7206 | Val Loss: 0.8319 | Dice: 0.1990 | softDice: 0.2007 | clDice: 0.2954 | softclDice: 0.6665 | IoU: 0.1108 | Tversky: 0.1990 | Hausdorff: 774.5643 | HD95: 241.7693 | val_loss: 0.8319 | LR: 0.000500
2025-08-19 10:55:03 INFO Epoch 026 | Train Loss: 0.7209 | Val Loss: 0.8296 | Dice: 0.2061 | softDice: 0.2070 | clDice: 0.3061 | softclDice: 0.6603 | IoU: 0.1152 | Tversky: 0.2061 | Hausdorff: 774.6721 | HD95: 221.6422 | val_loss: 0.8296 | LR: 0.000500
2025-08-19 10:56:58 INFO Epoch 027 | Train Loss: 0.7103 | Val Loss: 0.8300 | Dice: 0.2064 | softDice: 0.2078 | clDice: 0.3027 | softclDice: 0.6601 | IoU: 0.1154 | Tversky: 0.2064 | Hausdorff: 774.7263 | HD95: 224.2273 | val_loss: 0.8300 | LR: 0.000250
2025-08-19 10:58:59 INFO Epoch 028 | Train Loss: 0.7082 | Val Loss: 0.8280 | Dice: 0.2097 | softDice: 0.2106 | clDice: 0.3023 | softclDice: 0.6573 | IoU: 0.1175 | Tversky: 0.2097 | Hausdorff: 774.5643 | HD95: 224.6097 | val_loss: 0.8280 | LR: 0.000250
2025-08-19 11:00:55 INFO Epoch 029 | Train Loss: 0.7039 | Val Loss: 0.8254 | Dice: 0.2137 | softDice: 0.2140 | clDice: 0.3028 | softclDice: 0.6533 | IoU: 0.1200 | Tversky: 0.2137 | Hausdorff: 774.4570 | HD95: 227.7369 | val_loss: 0.8254 | LR: 0.000250
2025-08-19 11:02:57 INFO Epoch 030 | Train Loss: 0.7089 | Val Loss: 0.8250 | Dice: 0.2145 | softDice: 0.2148 | clDice: 0.3021 | softclDice: 0.6520 | IoU: 0.1204 | Tversky: 0.2145 | Hausdorff: 774.5106 | HD95: 228.3303 | val_loss: 0.8250 | LR: 0.000250
2025-08-19 11:05:04 INFO Epoch 031 | Train Loss: 0.6969 | Val Loss: 0.8240 | Dice: 0.2248 | softDice: 0.2228 | clDice: 0.3131 | softclDice: 0.6507 | IoU: 0.1270 | Tversky: 0.2248 | Hausdorff: 774.4036 | HD95: 220.0571 | val_loss: 0.8240 | LR: 0.000250
2025-08-19 11:06:59 INFO Epoch 032 | Train Loss: 0.7008 | Val Loss: 0.8209 | Dice: 0.2166 | softDice: 0.2165 | clDice: 0.3077 | softclDice: 0.6435 | IoU: 0.1218 | Tversky: 0.2166 | Hausdorff: 774.6721 | HD95: 248.7664 | val_loss: 0.8209 | LR: 0.000250
2025-08-19 11:09:05 INFO Epoch 033 | Train Loss: 0.6915 | Val Loss: 0.8182 | Dice: 0.2197 | softDice: 0.2189 | clDice: 0.3124 | softclDice: 0.6388 | IoU: 0.1238 | Tversky: 0.2197 | Hausdorff: 774.6721 | HD95: 234.0888 | val_loss: 0.8182 | LR: 0.000125
2025-08-19 11:10:58 INFO Epoch 034 | Train Loss: 0.6917 | Val Loss: 0.8182 | Dice: 0.2186 | softDice: 0.2182 | clDice: 0.3063 | softclDice: 0.6387 | IoU: 0.1231 | Tversky: 0.2186 | Hausdorff: 774.5643 | HD95: 254.6446 | val_loss: 0.8182 | LR: 0.000125
2025-08-19 11:12:53 INFO Epoch 035 | Train Loss: 0.6799 | Val Loss: 0.8151 | Dice: 0.2147 | softDice: 0.2151 | clDice: 0.3040 | softclDice: 0.6317 | IoU: 0.1206 | Tversky: 0.2147 | Hausdorff: 774.7263 | HD95: 226.2730 | val_loss: 0.8151 | LR: 0.000125
2025-08-19 11:14:57 INFO Epoch 036 | Train Loss: 0.6862 | Val Loss: 0.8140 | Dice: 0.2170 | softDice: 0.2177 | clDice: 0.3027 | softclDice: 0.6311 | IoU: 0.1221 | Tversky: 0.2170 | Hausdorff: 774.6181 | HD95: 238.9820 | val_loss: 0.8140 | LR: 0.000125
2025-08-19 11:16:52 INFO Epoch 037 | Train Loss: 0.6803 | Val Loss: 0.8111 | Dice: 0.2222 | softDice: 0.2222 | clDice: 0.3094 | softclDice: 0.6251 | IoU: 0.1253 | Tversky: 0.2222 | Hausdorff: 774.6181 | HD95: 251.5819 | val_loss: 0.8111 | LR: 0.000125
2025-08-19 11:18:56 INFO Epoch 038 | Train Loss: 0.6827 | Val Loss: 0.8092 | Dice: 0.2282 | softDice: 0.2271 | clDice: 0.3129 | softclDice: 0.6223 | IoU: 0.1291 | Tversky: 0.2282 | Hausdorff: 774.5106 | HD95: 224.0220 | val_loss: 0.8092 | LR: 0.000125
2025-08-19 11:20:50 INFO Epoch 039 | Train Loss: 0.6900 | Val Loss: 0.8072 | Dice: 0.2291 | softDice: 0.2279 | clDice: 0.3134 | softclDice: 0.6185 | IoU: 0.1297 | Tversky: 0.2291 | Hausdorff: 774.5643 | HD95: 248.7759 | val_loss: 0.8072 | LR: 0.000063
2025-08-19 11:22:43 INFO Epoch 040 | Train Loss: 0.6796 | Val Loss: 0.8060 | Dice: 0.2290 | softDice: 0.2283 | clDice: 0.3132 | softclDice: 0.6166 | IoU: 0.1297 | Tversky: 0.2290 | Hausdorff: 774.5643 | HD95: 248.7468 | val_loss: 0.8060 | LR: 0.000063
2025-08-19 11:24:43 INFO Epoch 041 | Train Loss: 0.6807 | Val Loss: 0.8064 | Dice: 0.2288 | softDice: 0.2275 | clDice: 0.3195 | softclDice: 0.6158 | IoU: 0.1295 | Tversky: 0.2288 | Hausdorff: 774.6721 | HD95: 247.8611 | val_loss: 0.8064 | LR: 0.000063
2025-08-19 11:26:40 INFO Epoch 042 | Train Loss: 0.6771 | Val Loss: 0.8043 | Dice: 0.2343 | softDice: 0.2321 | clDice: 0.3194 | softclDice: 0.6144 | IoU: 0.1330 | Tversky: 0.2343 | Hausdorff: 774.5106 | HD95: 247.6125 | val_loss: 0.8043 | LR: 0.000063
2025-08-19 11:28:36 INFO Epoch 043 | Train Loss: 0.6780 | Val Loss: 0.8061 | Dice: 0.2363 | softDice: 0.2339 | clDice: 0.3197 | softclDice: 0.6172 | IoU: 0.1344 | Tversky: 0.2363 | Hausdorff: 774.4570 | HD95: 242.8648 | val_loss: 0.8061 | LR: 0.000063
2025-08-19 11:30:35 INFO Epoch 044 | Train Loss: 0.6725 | Val Loss: 0.8283 | Dice: 0.2390 | softDice: 0.2363 | clDice: 0.3214 | softclDice: 0.6143 | IoU: 0.1360 | Tversky: 0.2390 | Hausdorff: 774.4036 | HD95: 245.1026 | val_loss: 0.8283 | LR: 0.000063
2025-08-19 11:32:30 INFO Epoch 045 | Train Loss: 0.6763 | Val Loss: 0.8019 | Dice: 0.2344 | softDice: 0.2324 | clDice: 0.3210 | softclDice: 0.6085 | IoU: 0.1331 | Tversky: 0.2344 | Hausdorff: 774.6181 | HD95: 247.8403 | val_loss: 0.8019 | LR: 0.000031
2025-08-19 11:34:36 INFO Epoch 046 | Train Loss: 0.6735 | Val Loss: 0.8019 | Dice: 0.2391 | softDice: 0.2361 | clDice: 0.3238 | softclDice: 0.6103 | IoU: 0.1361 | Tversky: 0.2391 | Hausdorff: 774.5643 | HD95: 246.2656 | val_loss: 0.8019 | LR: 0.000031
2025-08-19 11:36:29 INFO Epoch 047 | Train Loss: 0.6767 | Val Loss: 0.8018 | Dice: 0.2407 | softDice: 0.2375 | clDice: 0.3219 | softclDice: 0.6157 | IoU: 0.1372 | Tversky: 0.2407 | Hausdorff: 774.4570 | HD95: 236.3004 | val_loss: 0.8018 | LR: 0.000031
2025-08-19 11:38:23 INFO Epoch 048 | Train Loss: 0.6755 | Val Loss: 0.8013 | Dice: 0.2359 | softDice: 0.2330 | clDice: 0.3252 | softclDice: 0.6074 | IoU: 0.1340 | Tversky: 0.2359 | Hausdorff: 774.6181 | HD95: 250.9154 | val_loss: 0.8013 | LR: 0.000031
2025-08-19 11:40:21 INFO Epoch 049 | Train Loss: 0.6713 | Val Loss: 0.8012 | Dice: 0.2365 | softDice: 0.2341 | clDice: 0.3211 | softclDice: 0.6080 | IoU: 0.1344 | Tversky: 0.2365 | Hausdorff: 774.5106 | HD95: 249.0507 | val_loss: 0.8012 | LR: 0.000031
2025-08-19 11:42:18 INFO Epoch 050 | Train Loss: 0.6675 | Val Loss: 0.8000 | Dice: 0.2304 | softDice: 0.2288 | clDice: 0.3242 | softclDice: 0.6041 | IoU: 0.1305 | Tversky: 0.2304 | Hausdorff: 774.7263 | HD95: 256.7577 | val_loss: 0.8000 | LR: 0.000031
2025-08-19 11:42:18 INFO Training completed.
2025-08-19 11:43:22 INFO Fold 4 results: Dice: 0.0503 | softDice: 0.0484 | clDice: 0.0660 | softclDice: 0.9468 | IoU: 0.0259 | Tversky: 0.0503 | Hausdorff: 975.0527 | HD95: 764.5553 | val_loss: 0.9714
2025-08-19 11:43:22 INFO ===== Fold 5 / 5 =====
2025-08-19 11:43:22 INFO Loading model unet with settings {'name': 'unet', 'encoder_name': 'se_resnext50_32x4d', 'encoder_weights': 'imagenet', 'classes': 1, 'activation': None, 'dropout': 0.2}
2025-08-19 11:45:15 INFO Epoch 001 | Train Loss: 0.7137 | Val Loss: 1.0000 | Dice: 0.2787 | softDice: 0.2207 | clDice: 0.4274 | softclDice: 0.5519 | IoU: 0.1625 | Tversky: 0.2787 | Hausdorff: 459.0526 | HD95: 90.0168 | val_loss: 1.0000 | LR: 0.001000
2025-08-19 11:47:05 INFO Epoch 002 | Train Loss: 0.5963 | Val Loss: 0.8667 | Dice: 0.2381 | softDice: 0.2188 | clDice: 0.2851 | softclDice: 0.7508 | IoU: 0.1353 | Tversky: 0.2381 | Hausdorff: 682.4747 | HD95: 131.3956 | val_loss: 0.8667 | LR: 0.001000
2025-08-19 11:48:59 INFO Epoch 003 | Train Loss: 0.6252 | Val Loss: 0.9711 | Dice: 0.1807 | softDice: 0.1718 | clDice: 0.2473 | softclDice: 0.7187 | IoU: 0.1012 | Tversky: 0.1807 | Hausdorff: 711.5467 | HD95: 255.6994 | val_loss: 0.9711 | LR: 0.001000
2025-08-19 11:51:03 INFO Epoch 004 | Train Loss: 0.6601 | Val Loss: 0.7568 | Dice: 0.1717 | softDice: 0.1707 | clDice: 0.2860 | softclDice: 0.6068 | IoU: 0.0954 | Tversky: 0.1717 | Hausdorff: 753.5536 | HD95: 349.5726 | val_loss: 0.7568 | LR: 0.001000
2025-08-19 11:53:17 INFO Epoch 005 | Train Loss: 0.6827 | Val Loss: 0.9770 | Dice: 0.1407 | softDice: 0.1445 | clDice: 0.2460 | softclDice: 0.6358 | IoU: 0.0760 | Tversky: 0.1407 | Hausdorff: 819.8834 | HD95: 318.6720 | val_loss: 0.9770 | LR: 0.001000
2025-08-19 11:55:21 INFO Epoch 006 | Train Loss: 0.7015 | Val Loss: 0.7451 | Dice: 0.1695 | softDice: 0.1697 | clDice: 0.2435 | softclDice: 0.7548 | IoU: 0.0929 | Tversky: 0.1695 | Hausdorff: 819.8170 | HD95: 335.6041 | val_loss: 0.7451 | LR: 0.001000
2025-08-19 11:57:29 INFO Epoch 007 | Train Loss: 0.6586 | Val Loss: 0.7418 | Dice: 0.1869 | softDice: 0.1841 | clDice: 0.2975 | softclDice: 0.7066 | IoU: 0.1036 | Tversky: 0.1869 | Hausdorff: 812.0396 | HD95: 242.0120 | val_loss: 0.7418 | LR: 0.001000
2025-08-19 11:59:41 INFO Epoch 008 | Train Loss: 0.6421 | Val Loss: 0.7500 | Dice: 0.1951 | softDice: 0.1915 | clDice: 0.2999 | softclDice: 0.6432 | IoU: 0.1085 | Tversky: 0.1951 | Hausdorff: 774.1140 | HD95: 272.6489 | val_loss: 0.7500 | LR: 0.001000
2025-08-19 12:01:57 INFO Epoch 009 | Train Loss: 0.6654 | Val Loss: 0.7486 | Dice: 0.1671 | softDice: 0.1653 | clDice: 0.2370 | softclDice: 0.5852 | IoU: 0.0915 | Tversky: 0.1671 | Hausdorff: 763.6539 | HD95: 363.1363 | val_loss: 0.7486 | LR: 0.001000
2025-08-19 12:04:20 INFO Epoch 010 | Train Loss: 0.6665 | Val Loss: 0.7142 | Dice: 0.1612 | softDice: 0.1628 | clDice: 0.2790 | softclDice: 0.6015 | IoU: 0.0884 | Tversky: 0.1612 | Hausdorff: 818.7935 | HD95: 295.6509 | val_loss: 0.7142 | LR: 0.001000
2025-08-19 12:06:43 INFO Epoch 011 | Train Loss: 0.6510 | Val Loss: 0.7338 | Dice: 0.1550 | softDice: 0.1572 | clDice: 0.2626 | softclDice: 0.6391 | IoU: 0.0844 | Tversky: 0.1550 | Hausdorff: 819.8834 | HD95: 270.5035 | val_loss: 0.7338 | LR: 0.001000
2025-08-19 12:08:57 INFO Epoch 012 | Train Loss: 0.6623 | Val Loss: 0.7192 | Dice: 0.1857 | softDice: 0.1834 | clDice: 0.3147 | softclDice: 0.5845 | IoU: 0.1029 | Tversky: 0.1857 | Hausdorff: 819.8834 | HD95: 247.3842 | val_loss: 0.7192 | LR: 0.001000
2025-08-19 12:11:13 INFO Epoch 013 | Train Loss: 0.6123 | Val Loss: 0.7118 | Dice: 0.1735 | softDice: 0.1737 | clDice: 0.2894 | softclDice: 0.8043 | IoU: 0.0953 | Tversky: 0.1735 | Hausdorff: 819.8834 | HD95: 247.0168 | val_loss: 0.7118 | LR: 0.001000
2025-08-19 12:13:34 INFO Epoch 014 | Train Loss: 0.6142 | Val Loss: 0.6998 | Dice: 0.1750 | softDice: 0.1755 | clDice: 0.3218 | softclDice: 0.6016 | IoU: 0.0963 | Tversky: 0.1750 | Hausdorff: 819.8834 | HD95: 273.1782 | val_loss: 0.6998 | LR: 0.001000
2025-08-19 12:15:48 INFO Epoch 015 | Train Loss: 0.6315 | Val Loss: 0.7179 | Dice: 0.1797 | softDice: 0.1770 | clDice: 0.3163 | softclDice: 0.6443 | IoU: 0.0991 | Tversky: 0.1797 | Hausdorff: 819.8834 | HD95: 250.1196 | val_loss: 0.7179 | LR: 0.001000
2025-08-19 12:17:56 INFO Epoch 016 | Train Loss: 0.6385 | Val Loss: 0.7268 | Dice: 0.1831 | softDice: 0.1820 | clDice: 0.3144 | softclDice: 0.5992 | IoU: 0.1013 | Tversky: 0.1831 | Hausdorff: 819.8834 | HD95: 244.8999 | val_loss: 0.7268 | LR: 0.001000
2025-08-19 12:20:07 INFO Epoch 017 | Train Loss: 0.6137 | Val Loss: 0.7593 | Dice: 0.1681 | softDice: 0.1678 | clDice: 0.2700 | softclDice: 0.6472 | IoU: 0.0922 | Tversky: 0.1681 | Hausdorff: 805.6689 | HD95: 231.7939 | val_loss: 0.7593 | LR: 0.001000
2025-08-19 12:22:18 INFO Epoch 018 | Train Loss: 0.6077 | Val Loss: 0.7279 | Dice: 0.1786 | softDice: 0.1824 | clDice: 0.2307 | softclDice: 0.5660 | IoU: 0.0988 | Tversky: 0.1786 | Hausdorff: 755.8014 | HD95: 318.5726 | val_loss: 0.7279 | LR: 0.001000
2025-08-19 12:24:33 INFO Epoch 019 | Train Loss: 0.6624 | Val Loss: 0.8624 | Dice: 0.1473 | softDice: 0.1491 | clDice: 0.2350 | softclDice: 0.7089 | IoU: 0.0799 | Tversky: 0.1473 | Hausdorff: 800.0260 | HD95: 378.5963 | val_loss: 0.8624 | LR: 0.001000
2025-08-19 12:26:46 INFO Epoch 020 | Train Loss: 0.6825 | Val Loss: 0.8315 | Dice: 0.1036 | softDice: 0.1096 | clDice: 0.1167 | softclDice: 0.8532 | IoU: 0.0548 | Tversky: 0.1036 | Hausdorff: 819.8834 | HD95: 308.5687 | val_loss: 0.8315 | LR: 0.000500
2025-08-19 12:28:52 INFO Epoch 021 | Train Loss: 0.6795 | Val Loss: 0.7169 | Dice: 0.1209 | softDice: 0.1243 | clDice: 0.1634 | softclDice: 0.6281 | IoU: 0.0646 | Tversky: 0.1209 | Hausdorff: 819.8834 | HD95: 340.0219 | val_loss: 0.7169 | LR: 0.000500
2025-08-19 12:31:01 INFO Epoch 022 | Train Loss: 0.6453 | Val Loss: 0.7043 | Dice: 0.1485 | softDice: 0.1423 | clDice: 0.1722 | softclDice: 0.7261 | IoU: 0.0805 | Tversky: 0.1485 | Hausdorff: 818.3788 | HD95: 246.7793 | val_loss: 0.7043 | LR: 0.000500
2025-08-19 12:33:25 INFO Epoch 023 | Train Loss: 0.6514 | Val Loss: 0.7156 | Dice: 0.1476 | softDice: 0.1535 | clDice: 0.2137 | softclDice: 0.8886 | IoU: 0.0800 | Tversky: 0.1476 | Hausdorff: 819.6844 | HD95: 345.0077 | val_loss: 0.7156 | LR: 0.000500
2025-08-19 12:35:37 INFO Epoch 024 | Train Loss: 0.6499 | Val Loss: 0.7344 | Dice: 0.1399 | softDice: 0.1415 | clDice: 0.2307 | softclDice: 0.7886 | IoU: 0.0757 | Tversky: 0.1399 | Hausdorff: 819.8834 | HD95: 343.1411 | val_loss: 0.7344 | LR: 0.000500
2025-08-19 12:38:03 INFO Epoch 025 | Train Loss: 0.6852 | Val Loss: 0.8789 | Dice: 0.0868 | softDice: 0.0864 | clDice: 0.1278 | softclDice: 0.9176 | IoU: 0.0465 | Tversky: 0.0868 | Hausdorff: 911.2835 | HD95: 522.0762 | val_loss: 0.8789 | LR: 0.000500
2025-08-19 12:40:35 INFO Epoch 026 | Train Loss: 0.6844 | Val Loss: 0.6984 | Dice: 0.1242 | softDice: 0.1229 | clDice: 0.2004 | softclDice: 0.5181 | IoU: 0.0668 | Tversky: 0.1242 | Hausdorff: 819.4637 | HD95: 358.6081 | val_loss: 0.6984 | LR: 0.000500
2025-08-19 12:43:23 INFO Epoch 027 | Train Loss: 0.6598 | Val Loss: 0.7029 | Dice: 0.1246 | softDice: 0.1212 | clDice: 0.2045 | softclDice: 0.6623 | IoU: 0.0666 | Tversky: 0.1246 | Hausdorff: 819.6025 | HD95: 299.3698 | val_loss: 0.7029 | LR: 0.000500
2025-08-19 12:45:55 INFO Epoch 028 | Train Loss: 0.6660 | Val Loss: 0.7337 | Dice: 0.1560 | softDice: 0.1521 | clDice: 0.2253 | softclDice: 0.7220 | IoU: 0.0850 | Tversky: 0.1560 | Hausdorff: 819.8834 | HD95: 429.5056 | val_loss: 0.7337 | LR: 0.000500
2025-08-19 12:48:19 INFO Epoch 029 | Train Loss: 0.6609 | Val Loss: 0.7185 | Dice: 0.1406 | softDice: 0.1359 | clDice: 0.2135 | softclDice: 0.8296 | IoU: 0.0759 | Tversky: 0.1406 | Hausdorff: 819.8834 | HD95: 351.3397 | val_loss: 0.7185 | LR: 0.000500
2025-08-19 12:50:54 INFO Epoch 030 | Train Loss: 0.6367 | Val Loss: 0.7074 | Dice: 0.1343 | softDice: 0.1316 | clDice: 0.2412 | softclDice: 0.7326 | IoU: 0.0722 | Tversky: 0.1343 | Hausdorff: 819.8834 | HD95: 273.9332 | val_loss: 0.7074 | LR: 0.000500
2025-08-19 12:53:37 INFO Epoch 031 | Train Loss: 0.6330 | Val Loss: 0.7447 | Dice: 0.1299 | softDice: 0.1285 | clDice: 0.1843 | softclDice: 0.8721 | IoU: 0.0698 | Tversky: 0.1299 | Hausdorff: 813.3245 | HD95: 333.7837 | val_loss: 0.7447 | LR: 0.000500
2025-08-19 12:56:10 INFO Epoch 032 | Train Loss: 0.6602 | Val Loss: 0.8447 | Dice: 0.1125 | softDice: 0.1135 | clDice: 0.1477 | softclDice: 0.8847 | IoU: 0.0598 | Tversky: 0.1125 | Hausdorff: 810.8218 | HD95: 298.4294 | val_loss: 0.8447 | LR: 0.000250
2025-08-19 12:58:39 INFO Epoch 033 | Train Loss: 0.6370 | Val Loss: 0.7326 | Dice: 0.1294 | softDice: 0.1266 | clDice: 0.1761 | softclDice: 0.7485 | IoU: 0.0694 | Tversky: 0.1294 | Hausdorff: 819.8834 | HD95: 299.4057 | val_loss: 0.7326 | LR: 0.000250
2025-08-19 13:00:55 INFO Epoch 034 | Train Loss: 0.6343 | Val Loss: 0.6936 | Dice: 0.1243 | softDice: 0.1242 | clDice: 0.1859 | softclDice: 0.5870 | IoU: 0.0667 | Tversky: 0.1243 | Hausdorff: 819.8834 | HD95: 294.0085 | val_loss: 0.6936 | LR: 0.000250
2025-08-19 13:03:20 INFO Epoch 035 | Train Loss: 0.6370 | Val Loss: 0.6970 | Dice: 0.1260 | softDice: 0.1254 | clDice: 0.1802 | softclDice: 0.6276 | IoU: 0.0677 | Tversky: 0.1260 | Hausdorff: 819.8834 | HD95: 297.9841 | val_loss: 0.6970 | LR: 0.000250
2025-08-19 13:06:01 INFO Epoch 036 | Train Loss: 0.6298 | Val Loss: 0.7018 | Dice: 0.1222 | softDice: 0.1222 | clDice: 0.1763 | softclDice: 0.5994 | IoU: 0.0654 | Tversky: 0.1222 | Hausdorff: 819.8834 | HD95: 306.6686 | val_loss: 0.7018 | LR: 0.000250
2025-08-19 13:08:24 INFO Epoch 037 | Train Loss: 0.6318 | Val Loss: 0.6895 | Dice: 0.1259 | softDice: 0.1252 | clDice: 0.1858 | softclDice: 0.6342 | IoU: 0.0676 | Tversky: 0.1259 | Hausdorff: 819.8834 | HD95: 344.1895 | val_loss: 0.6895 | LR: 0.000250
2025-08-19 13:10:53 INFO Epoch 038 | Train Loss: 0.6268 | Val Loss: 0.6893 | Dice: 0.1299 | softDice: 0.1297 | clDice: 0.1959 | softclDice: 0.6023 | IoU: 0.0699 | Tversky: 0.1299 | Hausdorff: 819.8834 | HD95: 311.9662 | val_loss: 0.6893 | LR: 0.000250
2025-08-19 13:13:16 INFO Epoch 039 | Train Loss: 0.6187 | Val Loss: 0.6834 | Dice: 0.1353 | softDice: 0.1344 | clDice: 0.1988 | softclDice: 0.6856 | IoU: 0.0730 | Tversky: 0.1353 | Hausdorff: 819.8834 | HD95: 306.7494 | val_loss: 0.6834 | LR: 0.000250
2025-08-19 13:15:33 INFO Epoch 040 | Train Loss: 0.6214 | Val Loss: 0.6954 | Dice: 0.1354 | softDice: 0.1343 | clDice: 0.1959 | softclDice: 0.6689 | IoU: 0.0731 | Tversky: 0.1354 | Hausdorff: 819.8834 | HD95: 281.2784 | val_loss: 0.6954 | LR: 0.000250
2025-08-19 13:17:55 INFO Epoch 041 | Train Loss: 0.6318 | Val Loss: 0.7093 | Dice: 0.1451 | softDice: 0.1439 | clDice: 0.2129 | softclDice: 0.6927 | IoU: 0.0785 | Tversky: 0.1451 | Hausdorff: 819.8834 | HD95: 268.7092 | val_loss: 0.7093 | LR: 0.000250
2025-08-19 13:20:01 INFO Epoch 042 | Train Loss: 0.6196 | Val Loss: 0.7279 | Dice: 0.1574 | softDice: 0.1555 | clDice: 0.2236 | softclDice: 0.8402 | IoU: 0.0859 | Tversky: 0.1574 | Hausdorff: 819.8834 | HD95: 325.2975 | val_loss: 0.7279 | LR: 0.000250
2025-08-19 13:22:13 INFO Epoch 043 | Train Loss: 0.6090 | Val Loss: 0.7004 | Dice: 0.1529 | softDice: 0.1523 | clDice: 0.2277 | softclDice: 0.7505 | IoU: 0.0833 | Tversky: 0.1529 | Hausdorff: 819.8834 | HD95: 352.8595 | val_loss: 0.7004 | LR: 0.000250
2025-08-19 13:24:47 INFO Epoch 044 | Train Loss: 0.6188 | Val Loss: 0.7143 | Dice: 0.1424 | softDice: 0.1404 | clDice: 0.2157 | softclDice: 0.7377 | IoU: 0.0772 | Tversky: 0.1424 | Hausdorff: 819.8834 | HD95: 371.6203 | val_loss: 0.7143 | LR: 0.000250
2025-08-19 13:27:05 INFO Epoch 045 | Train Loss: 0.6191 | Val Loss: 0.6864 | Dice: 0.1444 | softDice: 0.1414 | clDice: 0.2209 | softclDice: 0.7274 | IoU: 0.0784 | Tversky: 0.1444 | Hausdorff: 819.8834 | HD95: 362.1046 | val_loss: 0.6864 | LR: 0.000125
2025-08-19 13:29:38 INFO Epoch 046 | Train Loss: 0.6013 | Val Loss: 0.6901 | Dice: 0.1403 | softDice: 0.1376 | clDice: 0.2093 | softclDice: 0.7866 | IoU: 0.0759 | Tversky: 0.1403 | Hausdorff: 819.8834 | HD95: 360.4914 | val_loss: 0.6901 | LR: 0.000125
2025-08-19 13:31:54 INFO Epoch 047 | Train Loss: 0.6062 | Val Loss: 0.6926 | Dice: 0.1414 | softDice: 0.1395 | clDice: 0.2091 | softclDice: 0.7865 | IoU: 0.0765 | Tversky: 0.1414 | Hausdorff: 819.8834 | HD95: 383.4468 | val_loss: 0.6926 | LR: 0.000125
2025-08-19 13:34:19 INFO Epoch 048 | Train Loss: 0.6047 | Val Loss: 0.6839 | Dice: 0.1409 | softDice: 0.1380 | clDice: 0.2105 | softclDice: 0.7338 | IoU: 0.0761 | Tversky: 0.1409 | Hausdorff: 819.8834 | HD95: 352.9977 | val_loss: 0.6839 | LR: 0.000125
2025-08-19 13:36:46 INFO Epoch 049 | Train Loss: 0.6203 | Val Loss: 0.6821 | Dice: 0.1330 | softDice: 0.1311 | clDice: 0.2056 | softclDice: 0.7132 | IoU: 0.0716 | Tversky: 0.1330 | Hausdorff: 819.8834 | HD95: 342.6949 | val_loss: 0.6821 | LR: 0.000125
2025-08-19 13:39:09 INFO Epoch 050 | Train Loss: 0.6001 | Val Loss: 0.6856 | Dice: 0.1374 | softDice: 0.1353 | clDice: 0.2081 | softclDice: 0.7356 | IoU: 0.0741 | Tversky: 0.1374 | Hausdorff: 819.8834 | HD95: 351.7621 | val_loss: 0.6856 | LR: 0.000125
2025-08-19 13:39:09 INFO Training completed.
2025-08-19 13:40:44 INFO Fold 5 results: Dice: 0.0868 | softDice: 0.0864 | clDice: 0.1278 | softclDice: 0.9176 | IoU: 0.0465 | Tversky: 0.0868 | Hausdorff: 911.2835 | HD95: 522.0762 | val_loss: 0.8789
2025-08-19 13:40:44 INFO ===== Cross-validation results =====
2025-08-19 13:40:44 INFO Dice: 0.1281 | softDice: 0.1252 | clDice: 0.1550 | softclDice: 0.8674 | IoU: 0.0705 | Tversky: 0.1281 | Hausdorff: 850.3049 | HD95: 368.3268 | val_loss: 0.8891
