2025-08-18 23:33:05 INFO Starting training with configuration: {'model': {'name': 'unet', 'encoder_name': 'se_resnext50_32x4d', 'encoder_weights': 'imagenet', 'classes': 1, 'activation': None, 'dropout': 0.2}, 'dataset': {'root': '/data/smadper@alumno.upv.es/TFM/datasets/laticifers', 'patch_size': [512, 512], 'stride': [256, 256], 'num_patches': 50, 'num_workers': 4, 'feature_dirs': {'image': '/data/smadper@alumno.upv.es/TFM/datasets/laticifers/enhanced_images', 'mask': '/data/smadper@alumno.upv.es/TFM/datasets/laticifers/masks', 'distance': '/data/smadper@alumno.upv.es/TFM/datasets/laticifers/distance_maps_pt'}}, 'train': {'batch_size': 32, 'num_epochs': 50, 'learning_rate': 0.001, 'accumulation_steps': 1, 'save_dir': '/data/smadper@alumno.upv.es/TFM/checkpoints_cv2/unet/20250818_233305_unet_se_resnext50_32x4d_dice_cldice0.4', 'log_interval': 1, 'patience': 100, 'mixed_precision': True, 'experiment_name': 'unet_se_resnext50_32x4d_dice_cldice0.4', 'timestamp': '20250818_233305'}, 'test': {'batch_size': 1}, 'loss': {'name': 'dice_cldice', 'cldice_alpha': 0.5, 'use_topographic': False, 'combine_with': None, 'weights': {'main': 1.0, 'combined': 0.0}, 'topo': {'alpha': 2.0, 'beta': 1.0}}}
2025-08-18 23:33:05 INFO Experiment name: unet_se_resnext50_32x4d_dice_cldice0.4
2025-08-18 23:33:05 INFO ===== Fold 1 / 5 =====
2025-08-18 23:33:05 INFO Loading model unet with settings {'name': 'unet', 'encoder_name': 'se_resnext50_32x4d', 'encoder_weights': 'imagenet', 'classes': 1, 'activation': None, 'dropout': 0.2}
2025-08-18 23:35:09 INFO Epoch 001 | Train Loss: 0.7348 | Val Loss: 1.0000 | Dice: 0.1772 | softDice: 0.0887 | clDice: 0.2312 | softclDice: 0.6505 | IoU: 0.0974 | Tversky: 0.1772 | Hausdorff: 641.1147 | HD95: 137.8534 | val_loss: 1.0000 | LR: 0.001000
2025-08-18 23:37:22 INFO Epoch 002 | Train Loss: 0.6489 | Val Loss: 1.0000 | Dice: 0.2077 | softDice: 0.1620 | clDice: 0.3856 | softclDice: 0.5288 | IoU: 0.1161 | Tversky: 0.2077 | Hausdorff: 787.4395 | HD95: 118.0496 | val_loss: 1.0000 | LR: 0.001000
2025-08-18 23:39:33 INFO Epoch 003 | Train Loss: 0.6203 | Val Loss: 0.9040 | Dice: 0.2377 | softDice: 0.2261 | clDice: 0.3560 | softclDice: 0.5390 | IoU: 0.1354 | Tversky: 0.2377 | Hausdorff: 749.8545 | HD95: 140.3306 | val_loss: 0.9040 | LR: 0.001000
2025-08-18 23:42:30 INFO Epoch 004 | Train Loss: 0.6376 | Val Loss: 1.0000 | Dice: 0.1122 | softDice: 0.1149 | clDice: 0.2258 | softclDice: 0.6049 | IoU: 0.0595 | Tversky: 0.1122 | Hausdorff: 868.2056 | HD95: 395.0566 | val_loss: 1.0000 | LR: 0.001000
2025-08-18 23:44:56 INFO Epoch 005 | Train Loss: 0.6387 | Val Loss: 0.9024 | Dice: 0.1413 | softDice: 0.1425 | clDice: 0.2207 | softclDice: 0.8123 | IoU: 0.0762 | Tversky: 0.1413 | Hausdorff: 816.2902 | HD95: 187.9293 | val_loss: 0.9024 | LR: 0.001000
2025-08-18 23:47:04 INFO Epoch 006 | Train Loss: 0.6354 | Val Loss: 0.7891 | Dice: 0.1436 | softDice: 0.1446 | clDice: 0.2182 | softclDice: 0.6218 | IoU: 0.0775 | Tversky: 0.1436 | Hausdorff: 851.8847 | HD95: 299.3772 | val_loss: 0.7891 | LR: 0.001000
2025-08-18 23:49:00 INFO Epoch 007 | Train Loss: 0.7619 | Val Loss: 0.8858 | Dice: 0.1848 | softDice: 0.1809 | clDice: 0.2352 | softclDice: 0.7527 | IoU: 0.1025 | Tversky: 0.1848 | Hausdorff: 824.6653 | HD95: 217.7151 | val_loss: 0.8858 | LR: 0.001000
2025-08-18 23:51:00 INFO Epoch 008 | Train Loss: 0.7015 | Val Loss: 0.8389 | Dice: 0.1814 | softDice: 0.1795 | clDice: 0.2510 | softclDice: 0.7017 | IoU: 0.1000 | Tversky: 0.1814 | Hausdorff: 821.5973 | HD95: 194.5542 | val_loss: 0.8389 | LR: 0.001000
2025-08-18 23:53:04 INFO Epoch 009 | Train Loss: 0.7296 | Val Loss: 0.9222 | Dice: 0.1951 | softDice: 0.1931 | clDice: 0.2586 | softclDice: 0.7442 | IoU: 0.1085 | Tversky: 0.1951 | Hausdorff: 830.7636 | HD95: 189.7591 | val_loss: 0.9222 | LR: 0.001000
2025-08-18 23:55:05 INFO Epoch 010 | Train Loss: 0.7030 | Val Loss: 0.8396 | Dice: 0.2105 | softDice: 0.2084 | clDice: 0.2807 | softclDice: 0.7121 | IoU: 0.1178 | Tversky: 0.2105 | Hausdorff: 821.0028 | HD95: 192.8363 | val_loss: 0.8396 | LR: 0.001000
2025-08-18 23:57:12 INFO Epoch 011 | Train Loss: 0.7016 | Val Loss: 0.8278 | Dice: 0.2154 | softDice: 0.2132 | clDice: 0.2936 | softclDice: 0.6726 | IoU: 0.1209 | Tversky: 0.2154 | Hausdorff: 814.8500 | HD95: 197.7609 | val_loss: 0.8278 | LR: 0.001000
2025-08-18 23:59:07 INFO Epoch 012 | Train Loss: 0.6764 | Val Loss: 0.8127 | Dice: 0.2300 | softDice: 0.2306 | clDice: 0.3091 | softclDice: 0.6398 | IoU: 0.1301 | Tversky: 0.2300 | Hausdorff: 820.6214 | HD95: 251.1587 | val_loss: 0.8127 | LR: 0.000500
2025-08-19 00:01:25 INFO Epoch 013 | Train Loss: 0.6615 | Val Loss: 0.7984 | Dice: 0.2270 | softDice: 0.2266 | clDice: 0.3189 | softclDice: 0.6066 | IoU: 0.1283 | Tversky: 0.2270 | Hausdorff: 824.2950 | HD95: 270.9073 | val_loss: 0.7984 | LR: 0.000500
2025-08-19 00:03:18 INFO Epoch 014 | Train Loss: 0.6362 | Val Loss: 0.7791 | Dice: 0.2243 | softDice: 0.2253 | clDice: 0.3246 | softclDice: 0.5787 | IoU: 0.1265 | Tversky: 0.2243 | Hausdorff: 820.0552 | HD95: 188.9812 | val_loss: 0.7791 | LR: 0.000500
2025-08-19 00:05:15 INFO Epoch 015 | Train Loss: 0.6466 | Val Loss: 0.7577 | Dice: 0.1968 | softDice: 0.1978 | clDice: 0.2996 | softclDice: 0.6806 | IoU: 0.1093 | Tversky: 0.1968 | Hausdorff: 830.7327 | HD95: 220.0483 | val_loss: 0.7577 | LR: 0.000500
2025-08-19 00:07:09 INFO Epoch 016 | Train Loss: 0.6248 | Val Loss: 0.7564 | Dice: 0.2035 | softDice: 0.2064 | clDice: 0.3053 | softclDice: 0.6766 | IoU: 0.1135 | Tversky: 0.2035 | Hausdorff: 825.9598 | HD95: 296.8393 | val_loss: 0.7564 | LR: 0.000500
2025-08-19 00:09:08 INFO Epoch 017 | Train Loss: 0.6468 | Val Loss: 0.8577 | Dice: 0.1745 | softDice: 0.1790 | clDice: 0.2772 | softclDice: 0.5800 | IoU: 0.0957 | Tversky: 0.1745 | Hausdorff: 825.5655 | HD95: 199.8485 | val_loss: 0.8577 | LR: 0.000500
2025-08-19 00:11:10 INFO Epoch 018 | Train Loss: 0.6405 | Val Loss: 0.7398 | Dice: 0.1639 | softDice: 0.1669 | clDice: 0.2742 | softclDice: 0.6577 | IoU: 0.0893 | Tversky: 0.1639 | Hausdorff: 820.0415 | HD95: 173.9369 | val_loss: 0.7398 | LR: 0.000500
2025-08-19 00:13:18 INFO Epoch 019 | Train Loss: 0.6564 | Val Loss: 0.8309 | Dice: 0.1628 | softDice: 0.1680 | clDice: 0.2515 | softclDice: 0.7964 | IoU: 0.0887 | Tversky: 0.1628 | Hausdorff: 845.7389 | HD95: 255.5990 | val_loss: 0.8309 | LR: 0.000500
2025-08-19 00:15:34 INFO Epoch 020 | Train Loss: 0.6529 | Val Loss: 0.7653 | Dice: 0.1372 | softDice: 0.1420 | clDice: 0.2092 | softclDice: 0.5508 | IoU: 0.0738 | Tversky: 0.1372 | Hausdorff: 851.6373 | HD95: 302.1102 | val_loss: 0.7653 | LR: 0.000500
2025-08-19 00:17:47 INFO Epoch 021 | Train Loss: 0.6589 | Val Loss: 0.7241 | Dice: 0.1399 | softDice: 0.1446 | clDice: 0.1829 | softclDice: 0.5249 | IoU: 0.0753 | Tversky: 0.1399 | Hausdorff: 803.2196 | HD95: 305.5934 | val_loss: 0.7241 | LR: 0.000500
2025-08-19 00:20:12 INFO Epoch 022 | Train Loss: 0.6529 | Val Loss: 0.7652 | Dice: 0.1249 | softDice: 0.1286 | clDice: 0.2003 | softclDice: 0.8293 | IoU: 0.0667 | Tversky: 0.1249 | Hausdorff: 835.3688 | HD95: 278.6856 | val_loss: 0.7652 | LR: 0.000500
2025-08-19 00:22:40 INFO Epoch 023 | Train Loss: 0.7375 | Val Loss: 0.8606 | Dice: 0.1354 | softDice: 0.1347 | clDice: 0.1987 | softclDice: 0.7973 | IoU: 0.0727 | Tversky: 0.1354 | Hausdorff: 801.5645 | HD95: 470.2639 | val_loss: 0.8606 | LR: 0.000500
2025-08-19 00:24:53 INFO Epoch 024 | Train Loss: 0.7026 | Val Loss: 0.7501 | Dice: 0.1613 | softDice: 0.1646 | clDice: 0.2572 | softclDice: 0.6370 | IoU: 0.0878 | Tversky: 0.1613 | Hausdorff: 779.5694 | HD95: 199.2164 | val_loss: 0.7501 | LR: 0.000500
2025-08-19 00:27:03 INFO Epoch 025 | Train Loss: 0.7170 | Val Loss: 0.9041 | Dice: 0.1006 | softDice: 0.1053 | clDice: 0.1175 | softclDice: 0.8558 | IoU: 0.0530 | Tversky: 0.1006 | Hausdorff: 834.0441 | HD95: 406.1817 | val_loss: 0.9041 | LR: 0.000500
2025-08-19 00:29:09 INFO Epoch 026 | Train Loss: 0.7746 | Val Loss: 0.8681 | Dice: 0.1205 | softDice: 0.1262 | clDice: 0.1716 | softclDice: 0.7894 | IoU: 0.0644 | Tversky: 0.1205 | Hausdorff: 834.1620 | HD95: 335.2552 | val_loss: 0.8681 | LR: 0.000500
2025-08-19 00:31:20 INFO Epoch 027 | Train Loss: 0.7586 | Val Loss: 0.8549 | Dice: 0.1349 | softDice: 0.1413 | clDice: 0.1973 | softclDice: 0.7592 | IoU: 0.0727 | Tversky: 0.1349 | Hausdorff: 834.2942 | HD95: 321.2554 | val_loss: 0.8549 | LR: 0.000250
2025-08-19 00:33:30 INFO Epoch 028 | Train Loss: 0.7403 | Val Loss: 0.8498 | Dice: 0.1235 | softDice: 0.1289 | clDice: 0.1817 | softclDice: 0.7625 | IoU: 0.0660 | Tversky: 0.1235 | Hausdorff: 833.6335 | HD95: 323.9941 | val_loss: 0.8498 | LR: 0.000250
2025-08-19 00:35:30 INFO Epoch 029 | Train Loss: 0.7361 | Val Loss: 0.8502 | Dice: 0.1229 | softDice: 0.1279 | clDice: 0.1810 | softclDice: 0.7629 | IoU: 0.0657 | Tversky: 0.1229 | Hausdorff: 833.6335 | HD95: 327.1724 | val_loss: 0.8502 | LR: 0.000250
2025-08-19 00:37:24 INFO Epoch 030 | Train Loss: 0.7257 | Val Loss: 0.8478 | Dice: 0.1398 | softDice: 0.1455 | clDice: 0.2067 | softclDice: 0.7486 | IoU: 0.0755 | Tversky: 0.1398 | Hausdorff: 833.5015 | HD95: 317.2537 | val_loss: 0.8478 | LR: 0.000250
2025-08-19 00:39:19 INFO Epoch 031 | Train Loss: 0.7298 | Val Loss: 0.8468 | Dice: 0.1436 | softDice: 0.1494 | clDice: 0.2120 | softclDice: 0.7486 | IoU: 0.0778 | Tversky: 0.1436 | Hausdorff: 833.8977 | HD95: 318.2444 | val_loss: 0.8468 | LR: 0.000250
2025-08-19 00:41:15 INFO Epoch 032 | Train Loss: 0.7246 | Val Loss: 0.8415 | Dice: 0.1403 | softDice: 0.1453 | clDice: 0.2079 | softclDice: 0.7408 | IoU: 0.0758 | Tversky: 0.1403 | Hausdorff: 833.3695 | HD95: 313.0582 | val_loss: 0.8415 | LR: 0.000250
2025-08-19 00:43:12 INFO Epoch 033 | Train Loss: 0.7144 | Val Loss: 0.8315 | Dice: 0.1498 | softDice: 0.1566 | clDice: 0.2249 | softclDice: 0.7269 | IoU: 0.0812 | Tversky: 0.1498 | Hausdorff: 833.2376 | HD95: 296.0239 | val_loss: 0.8315 | LR: 0.000125
2025-08-19 00:45:12 INFO Epoch 034 | Train Loss: 0.7105 | Val Loss: 0.8274 | Dice: 0.1363 | softDice: 0.1411 | clDice: 0.2015 | softclDice: 0.7331 | IoU: 0.0733 | Tversky: 0.1363 | Hausdorff: 833.2376 | HD95: 315.7730 | val_loss: 0.8274 | LR: 0.000125
2025-08-19 00:47:09 INFO Epoch 035 | Train Loss: 0.7061 | Val Loss: 0.8256 | Dice: 0.1297 | softDice: 0.1327 | clDice: 0.1985 | softclDice: 0.7390 | IoU: 0.0696 | Tversky: 0.1297 | Hausdorff: 832.9739 | HD95: 320.0650 | val_loss: 0.8256 | LR: 0.000125
2025-08-19 00:49:08 INFO Epoch 036 | Train Loss: 0.7003 | Val Loss: 0.8211 | Dice: 0.1296 | softDice: 0.1331 | clDice: 0.1957 | softclDice: 0.7468 | IoU: 0.0695 | Tversky: 0.1296 | Hausdorff: 833.3695 | HD95: 319.6871 | val_loss: 0.8211 | LR: 0.000125
2025-08-19 00:51:07 INFO Epoch 037 | Train Loss: 0.7064 | Val Loss: 0.8145 | Dice: 0.1410 | softDice: 0.1476 | clDice: 0.2137 | softclDice: 0.7161 | IoU: 0.0760 | Tversky: 0.1410 | Hausdorff: 833.2376 | HD95: 321.4682 | val_loss: 0.8145 | LR: 0.000125
2025-08-19 00:53:06 INFO Epoch 038 | Train Loss: 0.7049 | Val Loss: 0.8224 | Dice: 0.1391 | softDice: 0.1441 | clDice: 0.2107 | softclDice: 0.7249 | IoU: 0.0750 | Tversky: 0.1391 | Hausdorff: 833.2376 | HD95: 321.1807 | val_loss: 0.8224 | LR: 0.000125
2025-08-19 00:55:03 INFO Epoch 039 | Train Loss: 0.7122 | Val Loss: 0.8269 | Dice: 0.1406 | softDice: 0.1457 | clDice: 0.2096 | softclDice: 0.7378 | IoU: 0.0759 | Tversky: 0.1406 | Hausdorff: 833.8977 | HD95: 320.5810 | val_loss: 0.8269 | LR: 0.000063
2025-08-19 00:57:02 INFO Epoch 040 | Train Loss: 0.6992 | Val Loss: 0.8176 | Dice: 0.1402 | softDice: 0.1449 | clDice: 0.2122 | softclDice: 0.7358 | IoU: 0.0756 | Tversky: 0.1402 | Hausdorff: 833.6335 | HD95: 319.8003 | val_loss: 0.8176 | LR: 0.000063
2025-08-19 00:59:01 INFO Epoch 041 | Train Loss: 0.6956 | Val Loss: 0.8183 | Dice: 0.1437 | softDice: 0.1479 | clDice: 0.2194 | softclDice: 0.7355 | IoU: 0.0776 | Tversky: 0.1437 | Hausdorff: 833.7656 | HD95: 309.8688 | val_loss: 0.8183 | LR: 0.000063
2025-08-19 01:00:59 INFO Epoch 042 | Train Loss: 0.6952 | Val Loss: 0.8139 | Dice: 0.1464 | softDice: 0.1508 | clDice: 0.2251 | softclDice: 0.7330 | IoU: 0.0791 | Tversky: 0.1464 | Hausdorff: 833.7656 | HD95: 297.1302 | val_loss: 0.8139 | LR: 0.000063
2025-08-19 01:02:56 INFO Epoch 043 | Train Loss: 0.6974 | Val Loss: 0.8144 | Dice: 0.1466 | softDice: 0.1495 | clDice: 0.2262 | softclDice: 0.7365 | IoU: 0.0793 | Tversky: 0.1466 | Hausdorff: 833.7656 | HD95: 271.0913 | val_loss: 0.8144 | LR: 0.000063
2025-08-19 01:04:55 INFO Epoch 044 | Train Loss: 0.6915 | Val Loss: 0.8147 | Dice: 0.1484 | softDice: 0.1513 | clDice: 0.2317 | softclDice: 0.7341 | IoU: 0.0803 | Tversky: 0.1484 | Hausdorff: 833.6335 | HD95: 267.7298 | val_loss: 0.8147 | LR: 0.000063
2025-08-19 01:06:50 INFO Epoch 045 | Train Loss: 0.6947 | Val Loss: 0.8162 | Dice: 0.1505 | softDice: 0.1522 | clDice: 0.2369 | softclDice: 0.7319 | IoU: 0.0816 | Tversky: 0.1505 | Hausdorff: 833.5015 | HD95: 268.0758 | val_loss: 0.8162 | LR: 0.000031
2025-08-19 01:08:48 INFO Epoch 046 | Train Loss: 0.6880 | Val Loss: 0.8157 | Dice: 0.1498 | softDice: 0.1519 | clDice: 0.2329 | softclDice: 0.7308 | IoU: 0.0812 | Tversky: 0.1498 | Hausdorff: 833.5015 | HD95: 274.2778 | val_loss: 0.8157 | LR: 0.000031
2025-08-19 01:10:47 INFO Epoch 047 | Train Loss: 0.6898 | Val Loss: 0.8141 | Dice: 0.1478 | softDice: 0.1494 | clDice: 0.2314 | softclDice: 0.7354 | IoU: 0.0800 | Tversky: 0.1478 | Hausdorff: 833.3695 | HD95: 270.8891 | val_loss: 0.8141 | LR: 0.000031
2025-08-19 01:12:42 INFO Epoch 048 | Train Loss: 0.6895 | Val Loss: 0.8152 | Dice: 0.1449 | softDice: 0.1465 | clDice: 0.2279 | softclDice: 0.7431 | IoU: 0.0783 | Tversky: 0.1449 | Hausdorff: 833.2376 | HD95: 274.5608 | val_loss: 0.8152 | LR: 0.000031
2025-08-19 01:14:39 INFO Epoch 049 | Train Loss: 0.6885 | Val Loss: 0.8156 | Dice: 0.1479 | softDice: 0.1499 | clDice: 0.2335 | softclDice: 0.7386 | IoU: 0.0801 | Tversky: 0.1479 | Hausdorff: 833.1057 | HD95: 281.6787 | val_loss: 0.8156 | LR: 0.000031
2025-08-19 01:16:37 INFO Epoch 050 | Train Loss: 0.6854 | Val Loss: 0.8145 | Dice: 0.1480 | softDice: 0.1505 | clDice: 0.2338 | softclDice: 0.7294 | IoU: 0.0801 | Tversky: 0.1480 | Hausdorff: 833.5015 | HD95: 280.1214 | val_loss: 0.8145 | LR: 0.000031
2025-08-19 01:16:37 INFO Training completed.
2025-08-19 01:17:50 INFO Fold 1 results: Dice: 0.1006 | softDice: 0.1053 | clDice: 0.1175 | softclDice: 0.8558 | IoU: 0.0530 | Tversky: 0.1006 | Hausdorff: 834.0441 | HD95: 406.1817 | val_loss: 0.9041
2025-08-19 01:17:50 INFO ===== Fold 2 / 5 =====
2025-08-19 01:17:50 INFO Loading model unet with settings {'name': 'unet', 'encoder_name': 'se_resnext50_32x4d', 'encoder_weights': 'imagenet', 'classes': 1, 'activation': None, 'dropout': 0.2}
2025-08-19 01:19:42 INFO Epoch 001 | Train Loss: 0.7230 | Val Loss: 1.0000 | Dice: 0.2563 | softDice: 0.1805 | clDice: 0.3978 | softclDice: 0.5121 | IoU: 0.1473 | Tversky: 0.2563 | Hausdorff: 569.3913 | HD95: 109.3782 | val_loss: 1.0000 | LR: 0.001000
2025-08-19 01:21:32 INFO Epoch 002 | Train Loss: 0.6027 | Val Loss: 0.8612 | Dice: 0.2998 | softDice: 0.2757 | clDice: 0.4137 | softclDice: 0.5760 | IoU: 0.1766 | Tversky: 0.2998 | Hausdorff: 480.9869 | HD95: 85.5032 | val_loss: 0.8612 | LR: 0.001000
2025-08-19 01:23:18 INFO Epoch 003 | Train Loss: 0.5706 | Val Loss: 0.9294 | Dice: 0.1876 | softDice: 0.1681 | clDice: 0.2131 | softclDice: 0.8677 | IoU: 0.1040 | Tversky: 0.1876 | Hausdorff: 589.2567 | HD95: 304.9587 | val_loss: 0.9294 | LR: 0.001000
2025-08-19 01:25:05 INFO Epoch 004 | Train Loss: 0.6224 | Val Loss: 0.7448 | Dice: 0.2536 | softDice: 0.2542 | clDice: 0.3455 | softclDice: 0.5204 | IoU: 0.1455 | Tversky: 0.2536 | Hausdorff: 654.8159 | HD95: 256.6285 | val_loss: 0.7448 | LR: 0.001000
2025-08-19 01:26:51 INFO Epoch 005 | Train Loss: 0.6720 | Val Loss: 0.7838 | Dice: 0.2621 | softDice: 0.2542 | clDice: 0.3563 | softclDice: 0.5788 | IoU: 0.1516 | Tversky: 0.2621 | Hausdorff: 530.3766 | HD95: 112.7728 | val_loss: 0.7838 | LR: 0.001000
2025-08-19 01:28:40 INFO Epoch 006 | Train Loss: 0.6321 | Val Loss: 0.7736 | Dice: 0.2393 | softDice: 0.2368 | clDice: 0.3272 | softclDice: 0.5554 | IoU: 0.1364 | Tversky: 0.2393 | Hausdorff: 601.2871 | HD95: 120.0554 | val_loss: 0.7736 | LR: 0.001000
2025-08-19 01:30:35 INFO Epoch 007 | Train Loss: 0.6777 | Val Loss: 0.8633 | Dice: 0.2043 | softDice: 0.2028 | clDice: 0.2539 | softclDice: 0.6800 | IoU: 0.1141 | Tversky: 0.2043 | Hausdorff: 722.5162 | HD95: 172.2125 | val_loss: 0.8633 | LR: 0.001000
2025-08-19 01:32:31 INFO Epoch 008 | Train Loss: 0.7248 | Val Loss: 0.7969 | Dice: 0.2036 | softDice: 0.2001 | clDice: 0.2916 | softclDice: 0.6708 | IoU: 0.1137 | Tversky: 0.2036 | Hausdorff: 743.3995 | HD95: 185.3960 | val_loss: 0.7969 | LR: 0.001000
2025-08-19 01:34:20 INFO Epoch 009 | Train Loss: 0.7451 | Val Loss: 0.8681 | Dice: 0.2120 | softDice: 0.2113 | clDice: 0.2973 | softclDice: 0.6567 | IoU: 0.1196 | Tversky: 0.2120 | Hausdorff: 745.4858 | HD95: 148.5539 | val_loss: 0.8681 | LR: 0.001000
2025-08-19 01:36:12 INFO Epoch 010 | Train Loss: 0.7171 | Val Loss: 0.8125 | Dice: 0.2248 | softDice: 0.2220 | clDice: 0.3079 | softclDice: 0.6648 | IoU: 0.1277 | Tversky: 0.2248 | Hausdorff: 740.9772 | HD95: 143.3356 | val_loss: 0.8125 | LR: 0.000500
2025-08-19 01:38:02 INFO Epoch 011 | Train Loss: 0.7109 | Val Loss: 0.8167 | Dice: 0.2174 | softDice: 0.2102 | clDice: 0.2932 | softclDice: 0.6738 | IoU: 0.1226 | Tversky: 0.2174 | Hausdorff: 743.3429 | HD95: 150.0322 | val_loss: 0.8167 | LR: 0.000500
2025-08-19 01:40:01 INFO Epoch 012 | Train Loss: 0.7002 | Val Loss: 0.8044 | Dice: 0.2295 | softDice: 0.2227 | clDice: 0.3092 | softclDice: 0.6612 | IoU: 0.1305 | Tversky: 0.2295 | Hausdorff: 743.7715 | HD95: 141.6580 | val_loss: 0.8044 | LR: 0.000500
2025-08-19 01:42:00 INFO Epoch 013 | Train Loss: 0.6926 | Val Loss: 0.7992 | Dice: 0.2268 | softDice: 0.2212 | clDice: 0.3143 | softclDice: 0.6418 | IoU: 0.1287 | Tversky: 0.2268 | Hausdorff: 724.1691 | HD95: 138.4126 | val_loss: 0.7992 | LR: 0.000500
2025-08-19 01:44:02 INFO Epoch 014 | Train Loss: 0.6822 | Val Loss: 0.8094 | Dice: 0.2061 | softDice: 0.2002 | clDice: 0.2809 | softclDice: 0.6889 | IoU: 0.1156 | Tversky: 0.2061 | Hausdorff: 721.8316 | HD95: 145.1445 | val_loss: 0.8094 | LR: 0.000500
2025-08-19 01:46:05 INFO Epoch 015 | Train Loss: 0.6715 | Val Loss: 0.7943 | Dice: 0.2113 | softDice: 0.2084 | clDice: 0.2937 | softclDice: 0.6399 | IoU: 0.1190 | Tversky: 0.2113 | Hausdorff: 731.8068 | HD95: 177.2102 | val_loss: 0.7943 | LR: 0.000500
2025-08-19 01:48:10 INFO Epoch 016 | Train Loss: 0.6666 | Val Loss: 0.7697 | Dice: 0.2342 | softDice: 0.2312 | clDice: 0.3241 | softclDice: 0.6252 | IoU: 0.1333 | Tversky: 0.2342 | Hausdorff: 781.9346 | HD95: 159.1171 | val_loss: 0.7697 | LR: 0.000250
2025-08-19 01:50:15 INFO Epoch 017 | Train Loss: 0.6624 | Val Loss: 0.7729 | Dice: 0.2310 | softDice: 0.2278 | clDice: 0.3173 | softclDice: 0.6472 | IoU: 0.1314 | Tversky: 0.2310 | Hausdorff: 734.2402 | HD95: 162.7887 | val_loss: 0.7729 | LR: 0.000250
2025-08-19 01:52:27 INFO Epoch 018 | Train Loss: 0.6497 | Val Loss: 0.7692 | Dice: 0.2238 | softDice: 0.2210 | clDice: 0.3145 | softclDice: 0.6369 | IoU: 0.1267 | Tversky: 0.2238 | Hausdorff: 724.8043 | HD95: 172.0466 | val_loss: 0.7692 | LR: 0.000250
2025-08-19 01:54:30 INFO Epoch 019 | Train Loss: 0.6381 | Val Loss: 0.7566 | Dice: 0.2336 | softDice: 0.2310 | clDice: 0.3291 | softclDice: 0.6028 | IoU: 0.1328 | Tversky: 0.2336 | Hausdorff: 735.3188 | HD95: 159.4162 | val_loss: 0.7566 | LR: 0.000250
2025-08-19 01:56:36 INFO Epoch 020 | Train Loss: 0.6396 | Val Loss: 0.7710 | Dice: 0.2246 | softDice: 0.2191 | clDice: 0.3061 | softclDice: 0.6346 | IoU: 0.1272 | Tversky: 0.2246 | Hausdorff: 737.7642 | HD95: 159.5835 | val_loss: 0.7710 | LR: 0.000250
2025-08-19 01:58:47 INFO Epoch 021 | Train Loss: 0.6390 | Val Loss: 0.7552 | Dice: 0.2303 | softDice: 0.2260 | clDice: 0.3194 | softclDice: 0.6527 | IoU: 0.1308 | Tversky: 0.2303 | Hausdorff: 756.0609 | HD95: 169.6744 | val_loss: 0.7552 | LR: 0.000250
2025-08-19 02:00:50 INFO Epoch 022 | Train Loss: 0.6436 | Val Loss: 0.7738 | Dice: 0.2268 | softDice: 0.2212 | clDice: 0.3025 | softclDice: 0.6564 | IoU: 0.1288 | Tversky: 0.2268 | Hausdorff: 777.6660 | HD95: 191.8840 | val_loss: 0.7738 | LR: 0.000125
2025-08-19 02:02:56 INFO Epoch 023 | Train Loss: 0.6463 | Val Loss: 0.7716 | Dice: 0.2325 | softDice: 0.2280 | clDice: 0.3104 | softclDice: 0.6401 | IoU: 0.1324 | Tversky: 0.2325 | Hausdorff: 776.8010 | HD95: 185.1927 | val_loss: 0.7716 | LR: 0.000125
2025-08-19 02:04:59 INFO Epoch 024 | Train Loss: 0.6397 | Val Loss: 0.7634 | Dice: 0.2452 | softDice: 0.2402 | clDice: 0.3254 | softclDice: 0.6427 | IoU: 0.1403 | Tversky: 0.2452 | Hausdorff: 749.4106 | HD95: 166.2057 | val_loss: 0.7634 | LR: 0.000125
2025-08-19 02:07:06 INFO Epoch 025 | Train Loss: 0.6214 | Val Loss: 0.7480 | Dice: 0.2421 | softDice: 0.2388 | clDice: 0.3299 | softclDice: 0.6700 | IoU: 0.1381 | Tversky: 0.2421 | Hausdorff: 741.1948 | HD95: 164.1044 | val_loss: 0.7480 | LR: 0.000125
2025-08-19 02:09:19 INFO Epoch 026 | Train Loss: 0.6233 | Val Loss: 0.7410 | Dice: 0.2345 | softDice: 0.2315 | clDice: 0.3271 | softclDice: 0.6704 | IoU: 0.1331 | Tversky: 0.2345 | Hausdorff: 728.8660 | HD95: 164.6383 | val_loss: 0.7410 | LR: 0.000125
2025-08-19 02:11:25 INFO Epoch 027 | Train Loss: 0.6282 | Val Loss: 0.7528 | Dice: 0.2358 | softDice: 0.2304 | clDice: 0.3237 | softclDice: 0.6687 | IoU: 0.1339 | Tversky: 0.2358 | Hausdorff: 717.3886 | HD95: 140.3548 | val_loss: 0.7528 | LR: 0.000125
2025-08-19 02:13:32 INFO Epoch 028 | Train Loss: 0.6231 | Val Loss: 0.7439 | Dice: 0.2428 | softDice: 0.2394 | clDice: 0.3294 | softclDice: 0.6489 | IoU: 0.1384 | Tversky: 0.2428 | Hausdorff: 654.9067 | HD95: 134.6285 | val_loss: 0.7439 | LR: 0.000125
2025-08-19 02:15:40 INFO Epoch 029 | Train Loss: 0.6222 | Val Loss: 0.7370 | Dice: 0.2385 | softDice: 0.2346 | clDice: 0.3343 | softclDice: 0.6544 | IoU: 0.1356 | Tversky: 0.2385 | Hausdorff: 644.7699 | HD95: 132.6370 | val_loss: 0.7370 | LR: 0.000125
2025-08-19 02:17:48 INFO Epoch 030 | Train Loss: 0.6219 | Val Loss: 0.7368 | Dice: 0.2304 | softDice: 0.2260 | clDice: 0.3303 | softclDice: 0.6832 | IoU: 0.1304 | Tversky: 0.2304 | Hausdorff: 728.5140 | HD95: 134.5242 | val_loss: 0.7368 | LR: 0.000125
2025-08-19 02:19:59 INFO Epoch 031 | Train Loss: 0.6288 | Val Loss: 0.7388 | Dice: 0.2331 | softDice: 0.2282 | clDice: 0.3318 | softclDice: 0.7175 | IoU: 0.1321 | Tversky: 0.2331 | Hausdorff: 748.9100 | HD95: 150.6414 | val_loss: 0.7388 | LR: 0.000125
2025-08-19 02:22:06 INFO Epoch 032 | Train Loss: 0.6265 | Val Loss: 0.7442 | Dice: 0.2231 | softDice: 0.2196 | clDice: 0.3247 | softclDice: 0.6815 | IoU: 0.1258 | Tversky: 0.2231 | Hausdorff: 736.6133 | HD95: 162.7492 | val_loss: 0.7442 | LR: 0.000125
2025-08-19 02:24:04 INFO Epoch 033 | Train Loss: 0.6129 | Val Loss: 0.7308 | Dice: 0.2263 | softDice: 0.2227 | clDice: 0.3308 | softclDice: 0.6756 | IoU: 0.1278 | Tversky: 0.2263 | Hausdorff: 755.7345 | HD95: 161.1754 | val_loss: 0.7308 | LR: 0.000125
2025-08-19 02:26:11 INFO Epoch 034 | Train Loss: 0.6204 | Val Loss: 0.7319 | Dice: 0.2154 | softDice: 0.2136 | clDice: 0.3113 | softclDice: 0.7510 | IoU: 0.1209 | Tversky: 0.2154 | Hausdorff: 776.9722 | HD95: 174.5283 | val_loss: 0.7319 | LR: 0.000125
2025-08-19 02:28:18 INFO Epoch 035 | Train Loss: 0.6277 | Val Loss: 0.7406 | Dice: 0.2286 | softDice: 0.2250 | clDice: 0.3233 | softclDice: 0.7183 | IoU: 0.1295 | Tversky: 0.2286 | Hausdorff: 778.5028 | HD95: 179.7392 | val_loss: 0.7406 | LR: 0.000125
2025-08-19 02:30:27 INFO Epoch 036 | Train Loss: 0.6206 | Val Loss: 0.7327 | Dice: 0.2340 | softDice: 0.2312 | clDice: 0.3385 | softclDice: 0.6878 | IoU: 0.1329 | Tversky: 0.2340 | Hausdorff: 778.4473 | HD95: 178.6149 | val_loss: 0.7327 | LR: 0.000125
2025-08-19 02:32:34 INFO Epoch 037 | Train Loss: 0.6121 | Val Loss: 0.7311 | Dice: 0.2395 | softDice: 0.2357 | clDice: 0.3537 | softclDice: 0.6474 | IoU: 0.1364 | Tversky: 0.2395 | Hausdorff: 717.1086 | HD95: 162.2633 | val_loss: 0.7311 | LR: 0.000125
2025-08-19 02:34:42 INFO Epoch 038 | Train Loss: 0.6185 | Val Loss: 0.7359 | Dice: 0.2457 | softDice: 0.2436 | clDice: 0.3719 | softclDice: 0.5777 | IoU: 0.1406 | Tversky: 0.2457 | Hausdorff: 692.2530 | HD95: 154.3603 | val_loss: 0.7359 | LR: 0.000125
2025-08-19 02:36:43 INFO Epoch 039 | Train Loss: 0.6159 | Val Loss: 0.7314 | Dice: 0.2375 | softDice: 0.2375 | clDice: 0.3672 | softclDice: 0.5433 | IoU: 0.1352 | Tversky: 0.2375 | Hausdorff: 628.4585 | HD95: 135.8322 | val_loss: 0.7314 | LR: 0.000063
2025-08-19 02:38:48 INFO Epoch 040 | Train Loss: 0.6125 | Val Loss: 0.7364 | Dice: 0.2336 | softDice: 0.2311 | clDice: 0.3484 | softclDice: 0.5768 | IoU: 0.1328 | Tversky: 0.2336 | Hausdorff: 660.0180 | HD95: 141.8575 | val_loss: 0.7364 | LR: 0.000063
2025-08-19 02:41:02 INFO Epoch 041 | Train Loss: 0.6155 | Val Loss: 0.7305 | Dice: 0.2343 | softDice: 0.2339 | clDice: 0.3550 | softclDice: 0.5741 | IoU: 0.1332 | Tversky: 0.2343 | Hausdorff: 704.7529 | HD95: 141.6098 | val_loss: 0.7305 | LR: 0.000063
2025-08-19 02:43:10 INFO Epoch 042 | Train Loss: 0.6099 | Val Loss: 0.7287 | Dice: 0.2310 | softDice: 0.2301 | clDice: 0.3498 | softclDice: 0.5747 | IoU: 0.1311 | Tversky: 0.2310 | Hausdorff: 703.6287 | HD95: 137.1891 | val_loss: 0.7287 | LR: 0.000063
2025-08-19 02:45:24 INFO Epoch 043 | Train Loss: 0.6043 | Val Loss: 0.7252 | Dice: 0.2281 | softDice: 0.2271 | clDice: 0.3423 | softclDice: 0.6005 | IoU: 0.1291 | Tversky: 0.2281 | Hausdorff: 704.9192 | HD95: 138.2704 | val_loss: 0.7252 | LR: 0.000063
2025-08-19 02:47:37 INFO Epoch 044 | Train Loss: 0.6106 | Val Loss: 0.7224 | Dice: 0.2278 | softDice: 0.2284 | clDice: 0.3411 | softclDice: 0.6066 | IoU: 0.1289 | Tversky: 0.2278 | Hausdorff: 738.5575 | HD95: 141.3769 | val_loss: 0.7224 | LR: 0.000063
2025-08-19 02:49:50 INFO Epoch 045 | Train Loss: 0.6086 | Val Loss: 0.7303 | Dice: 0.2252 | softDice: 0.2254 | clDice: 0.3352 | softclDice: 0.6441 | IoU: 0.1272 | Tversky: 0.2252 | Hausdorff: 758.2336 | HD95: 157.5249 | val_loss: 0.7303 | LR: 0.000063
2025-08-19 02:52:03 INFO Epoch 046 | Train Loss: 0.6017 | Val Loss: 0.7363 | Dice: 0.2259 | softDice: 0.2258 | clDice: 0.3170 | softclDice: 0.7040 | IoU: 0.1278 | Tversky: 0.2259 | Hausdorff: 759.4357 | HD95: 179.1807 | val_loss: 0.7363 | LR: 0.000063
2025-08-19 02:54:08 INFO Epoch 047 | Train Loss: 0.6127 | Val Loss: 0.7437 | Dice: 0.2273 | softDice: 0.2277 | clDice: 0.3221 | softclDice: 0.6619 | IoU: 0.1286 | Tversky: 0.2273 | Hausdorff: 758.2867 | HD95: 184.3302 | val_loss: 0.7437 | LR: 0.000063
2025-08-19 02:56:19 INFO Epoch 048 | Train Loss: 0.6040 | Val Loss: 0.7341 | Dice: 0.2308 | softDice: 0.2314 | clDice: 0.3225 | softclDice: 0.6654 | IoU: 0.1309 | Tversky: 0.2308 | Hausdorff: 759.9244 | HD95: 182.1366 | val_loss: 0.7341 | LR: 0.000063
2025-08-19 02:58:25 INFO Epoch 049 | Train Loss: 0.6053 | Val Loss: 0.7333 | Dice: 0.2322 | softDice: 0.2325 | clDice: 0.3291 | softclDice: 0.6562 | IoU: 0.1318 | Tversky: 0.2322 | Hausdorff: 758.7715 | HD95: 180.5785 | val_loss: 0.7333 | LR: 0.000063
2025-08-19 03:00:32 INFO Epoch 050 | Train Loss: 0.6008 | Val Loss: 0.7352 | Dice: 0.2324 | softDice: 0.2331 | clDice: 0.3270 | softclDice: 0.6546 | IoU: 0.1319 | Tversky: 0.2324 | Hausdorff: 760.1552 | HD95: 181.2152 | val_loss: 0.7352 | LR: 0.000031
2025-08-19 03:00:32 INFO Training completed.
2025-08-19 03:01:38 INFO Fold 2 results: Dice: 0.1876 | softDice: 0.1681 | clDice: 0.2131 | softclDice: 0.8677 | IoU: 0.1040 | Tversky: 0.1876 | Hausdorff: 589.2567 | HD95: 304.9587 | val_loss: 0.9294
2025-08-19 03:01:38 INFO ===== Fold 3 / 5 =====
2025-08-19 03:01:38 INFO Loading model unet with settings {'name': 'unet', 'encoder_name': 'se_resnext50_32x4d', 'encoder_weights': 'imagenet', 'classes': 1, 'activation': None, 'dropout': 0.2}
2025-08-19 03:03:38 INFO Epoch 001 | Train Loss: 0.7135 | Val Loss: 1.0000 | Dice: 0.4032 | softDice: 0.3080 | clDice: 0.4584 | softclDice: 0.5668 | IoU: 0.2529 | Tversky: 0.4032 | Hausdorff: 498.1006 | HD95: 59.2413 | val_loss: 1.0000 | LR: 0.001000
2025-08-19 03:05:41 INFO Epoch 002 | Train Loss: 0.5790 | Val Loss: 0.7882 | Dice: 0.3202 | softDice: 0.3066 | clDice: 0.3859 | softclDice: 0.5990 | IoU: 0.1911 | Tversky: 0.3202 | Hausdorff: 780.5822 | HD95: 140.0269 | val_loss: 0.7882 | LR: 0.001000
2025-08-19 03:07:40 INFO Epoch 003 | Train Loss: 0.6220 | Val Loss: 0.7789 | Dice: 0.2819 | softDice: 0.2770 | clDice: 0.3535 | softclDice: 0.5963 | IoU: 0.1643 | Tversky: 0.2819 | Hausdorff: 511.8468 | HD95: 195.8651 | val_loss: 0.7789 | LR: 0.001000
2025-08-19 03:09:37 INFO Epoch 004 | Train Loss: 0.6668 | Val Loss: 0.7488 | Dice: 0.2649 | softDice: 0.2578 | clDice: 0.3739 | softclDice: 0.5170 | IoU: 0.1528 | Tversky: 0.2649 | Hausdorff: 474.7622 | HD95: 160.6882 | val_loss: 0.7488 | LR: 0.001000
2025-08-19 03:11:54 INFO Epoch 005 | Train Loss: 0.6579 | Val Loss: 0.8544 | Dice: 0.2058 | softDice: 0.2007 | clDice: 0.2921 | softclDice: 0.6276 | IoU: 0.1149 | Tversky: 0.2058 | Hausdorff: 840.6154 | HD95: 232.5332 | val_loss: 0.8544 | LR: 0.001000
2025-08-19 03:14:13 INFO Epoch 006 | Train Loss: 0.6582 | Val Loss: 0.7813 | Dice: 0.1456 | softDice: 0.1431 | clDice: 0.2135 | softclDice: 0.6374 | IoU: 0.0786 | Tversky: 0.1456 | Hausdorff: 848.0963 | HD95: 204.7920 | val_loss: 0.7813 | LR: 0.001000
2025-08-19 03:16:39 INFO Epoch 007 | Train Loss: 0.6887 | Val Loss: 0.7536 | Dice: 0.1809 | softDice: 0.1773 | clDice: 0.2973 | softclDice: 0.6713 | IoU: 0.0996 | Tversky: 0.1809 | Hausdorff: 845.6272 | HD95: 203.0358 | val_loss: 0.7536 | LR: 0.001000
2025-08-19 03:19:04 INFO Epoch 008 | Train Loss: 0.6799 | Val Loss: 0.7503 | Dice: 0.1576 | softDice: 0.1524 | clDice: 0.2252 | softclDice: 0.7124 | IoU: 0.0856 | Tversky: 0.1576 | Hausdorff: 847.9773 | HD95: 182.6612 | val_loss: 0.7503 | LR: 0.001000
2025-08-19 03:21:20 INFO Epoch 009 | Train Loss: 0.7184 | Val Loss: 0.9501 | Dice: 0.1529 | softDice: 0.1547 | clDice: 0.2327 | softclDice: 0.6491 | IoU: 0.0829 | Tversky: 0.1529 | Hausdorff: 840.6154 | HD95: 262.6918 | val_loss: 0.9501 | LR: 0.001000
2025-08-19 03:23:43 INFO Epoch 010 | Train Loss: 0.6740 | Val Loss: 0.7749 | Dice: 0.1738 | softDice: 0.1730 | clDice: 0.2584 | softclDice: 0.5967 | IoU: 0.0953 | Tversky: 0.1738 | Hausdorff: 840.6154 | HD95: 203.9832 | val_loss: 0.7749 | LR: 0.000500
2025-08-19 03:25:58 INFO Epoch 011 | Train Loss: 0.6612 | Val Loss: 0.7478 | Dice: 0.1636 | softDice: 0.1605 | clDice: 0.2571 | softclDice: 0.5616 | IoU: 0.0892 | Tversky: 0.1636 | Hausdorff: 840.6154 | HD95: 203.6928 | val_loss: 0.7478 | LR: 0.000500
2025-08-19 03:28:01 INFO Epoch 012 | Train Loss: 0.6543 | Val Loss: 0.7492 | Dice: 0.1677 | softDice: 0.1677 | clDice: 0.2479 | softclDice: 0.5310 | IoU: 0.0916 | Tversky: 0.1677 | Hausdorff: 863.7491 | HD95: 353.0361 | val_loss: 0.7492 | LR: 0.000500
2025-08-19 03:30:01 INFO Epoch 013 | Train Loss: 0.6487 | Val Loss: 0.7220 | Dice: 0.1708 | softDice: 0.1711 | clDice: 0.2757 | softclDice: 0.5100 | IoU: 0.0935 | Tversky: 0.1708 | Hausdorff: 861.3467 | HD95: 186.5606 | val_loss: 0.7220 | LR: 0.000500
2025-08-19 03:32:19 INFO Epoch 014 | Train Loss: 0.6555 | Val Loss: 0.7143 | Dice: 0.1594 | softDice: 0.1609 | clDice: 0.2813 | softclDice: 0.4620 | IoU: 0.0867 | Tversky: 0.1594 | Hausdorff: 861.5465 | HD95: 295.1509 | val_loss: 0.7143 | LR: 0.000500
2025-08-19 03:34:29 INFO Epoch 015 | Train Loss: 0.6901 | Val Loss: 0.8662 | Dice: 0.1144 | softDice: 0.1117 | clDice: 0.1480 | softclDice: 0.7794 | IoU: 0.0607 | Tversky: 0.1144 | Hausdorff: 863.7491 | HD95: 276.3788 | val_loss: 0.8662 | LR: 0.000500
2025-08-19 03:36:56 INFO Epoch 016 | Train Loss: 0.7667 | Val Loss: 0.8560 | Dice: 0.1407 | softDice: 0.1426 | clDice: 0.1984 | softclDice: 0.7384 | IoU: 0.0758 | Tversky: 0.1407 | Hausdorff: 862.7838 | HD95: 313.6192 | val_loss: 0.8560 | LR: 0.000500
2025-08-19 03:39:18 INFO Epoch 017 | Train Loss: 0.7508 | Val Loss: 0.7787 | Dice: 0.1449 | softDice: 0.1481 | clDice: 0.2028 | softclDice: 0.6949 | IoU: 0.0782 | Tversky: 0.1449 | Hausdorff: 861.3467 | HD95: 229.1634 | val_loss: 0.7787 | LR: 0.000500
2025-08-19 03:41:37 INFO Epoch 018 | Train Loss: 0.6835 | Val Loss: 0.7449 | Dice: 0.1600 | softDice: 0.1550 | clDice: 0.2072 | softclDice: 0.6293 | IoU: 0.0873 | Tversky: 0.1600 | Hausdorff: 840.4156 | HD95: 196.6041 | val_loss: 0.7449 | LR: 0.000500
2025-08-19 03:44:15 INFO Epoch 019 | Train Loss: 0.7157 | Val Loss: 0.8002 | Dice: 0.1119 | softDice: 0.1220 | clDice: 0.1498 | softclDice: 0.8048 | IoU: 0.0594 | Tversky: 0.1119 | Hausdorff: 863.5493 | HD95: 346.3990 | val_loss: 0.8002 | LR: 0.000500
2025-08-19 03:47:00 INFO Epoch 020 | Train Loss: 0.7286 | Val Loss: 0.7968 | Dice: 0.1079 | softDice: 0.1123 | clDice: 0.1607 | softclDice: 0.9009 | IoU: 0.0571 | Tversky: 0.1079 | Hausdorff: 863.6675 | HD95: 467.4502 | val_loss: 0.7968 | LR: 0.000250
2025-08-19 03:49:24 INFO Epoch 021 | Train Loss: 0.7276 | Val Loss: 0.7811 | Dice: 0.1211 | softDice: 0.1273 | clDice: 0.1664 | softclDice: 0.7766 | IoU: 0.0647 | Tversky: 0.1211 | Hausdorff: 859.1336 | HD95: 389.5418 | val_loss: 0.7811 | LR: 0.000250
2025-08-19 03:51:55 INFO Epoch 022 | Train Loss: 0.6894 | Val Loss: 0.7726 | Dice: 0.1453 | softDice: 0.1406 | clDice: 0.1841 | softclDice: 0.7727 | IoU: 0.0784 | Tversky: 0.1453 | Hausdorff: 858.3365 | HD95: 416.2874 | val_loss: 0.7726 | LR: 0.000250
2025-08-19 03:54:16 INFO Epoch 023 | Train Loss: 0.6977 | Val Loss: 0.7441 | Dice: 0.1271 | softDice: 0.1295 | clDice: 0.1717 | softclDice: 0.7470 | IoU: 0.0679 | Tversky: 0.1271 | Hausdorff: 863.7491 | HD95: 503.8583 | val_loss: 0.7441 | LR: 0.000250
2025-08-19 03:56:41 INFO Epoch 024 | Train Loss: 0.6979 | Val Loss: 0.7497 | Dice: 0.1357 | softDice: 0.1399 | clDice: 0.1917 | softclDice: 0.7266 | IoU: 0.0729 | Tversky: 0.1357 | Hausdorff: 863.6277 | HD95: 406.9383 | val_loss: 0.7497 | LR: 0.000250
2025-08-19 03:59:13 INFO Epoch 025 | Train Loss: 0.7058 | Val Loss: 0.7786 | Dice: 0.1205 | softDice: 0.1267 | clDice: 0.1833 | softclDice: 0.7185 | IoU: 0.0644 | Tversky: 0.1205 | Hausdorff: 863.7491 | HD95: 352.1549 | val_loss: 0.7786 | LR: 0.000250
2025-08-19 04:01:42 INFO Epoch 026 | Train Loss: 0.6840 | Val Loss: 0.7687 | Dice: 0.1264 | softDice: 0.1313 | clDice: 0.1918 | softclDice: 0.7026 | IoU: 0.0677 | Tversky: 0.1264 | Hausdorff: 861.5465 | HD95: 431.2524 | val_loss: 0.7687 | LR: 0.000125
2025-08-19 04:04:19 INFO Epoch 027 | Train Loss: 0.7068 | Val Loss: 0.7569 | Dice: 0.1290 | softDice: 0.1354 | clDice: 0.1893 | softclDice: 0.6941 | IoU: 0.0691 | Tversky: 0.1290 | Hausdorff: 863.5521 | HD95: 431.1882 | val_loss: 0.7569 | LR: 0.000125
2025-08-19 04:07:02 INFO Epoch 028 | Train Loss: 0.6896 | Val Loss: 0.7501 | Dice: 0.1380 | softDice: 0.1408 | clDice: 0.1966 | softclDice: 0.7190 | IoU: 0.0742 | Tversky: 0.1380 | Hausdorff: 861.5465 | HD95: 457.9160 | val_loss: 0.7501 | LR: 0.000125
2025-08-19 04:09:42 INFO Epoch 029 | Train Loss: 0.6913 | Val Loss: 0.7676 | Dice: 0.1276 | softDice: 0.1346 | clDice: 0.1894 | softclDice: 0.7239 | IoU: 0.0683 | Tversky: 0.1276 | Hausdorff: 861.5465 | HD95: 399.8728 | val_loss: 0.7676 | LR: 0.000125
2025-08-19 04:12:17 INFO Epoch 030 | Train Loss: 0.6929 | Val Loss: 0.7835 | Dice: 0.1361 | softDice: 0.1448 | clDice: 0.1998 | softclDice: 0.7063 | IoU: 0.0731 | Tversky: 0.1361 | Hausdorff: 861.5465 | HD95: 375.3377 | val_loss: 0.7835 | LR: 0.000125
2025-08-19 04:14:54 INFO Epoch 031 | Train Loss: 0.6962 | Val Loss: 0.8044 | Dice: 0.1276 | softDice: 0.1357 | clDice: 0.1849 | softclDice: 0.6808 | IoU: 0.0682 | Tversky: 0.1276 | Hausdorff: 861.5465 | HD95: 388.8685 | val_loss: 0.8044 | LR: 0.000125
2025-08-19 04:17:32 INFO Epoch 032 | Train Loss: 0.7032 | Val Loss: 0.8011 | Dice: 0.1276 | softDice: 0.1351 | clDice: 0.1871 | softclDice: 0.6807 | IoU: 0.0683 | Tversky: 0.1276 | Hausdorff: 861.5465 | HD95: 370.5021 | val_loss: 0.8011 | LR: 0.000063
2025-08-19 04:20:06 INFO Epoch 033 | Train Loss: 0.6986 | Val Loss: 0.8029 | Dice: 0.1258 | softDice: 0.1335 | clDice: 0.1842 | softclDice: 0.6942 | IoU: 0.0673 | Tversky: 0.1258 | Hausdorff: 861.5465 | HD95: 344.1327 | val_loss: 0.8029 | LR: 0.000063
2025-08-19 04:22:33 INFO Epoch 034 | Train Loss: 0.6875 | Val Loss: 0.7676 | Dice: 0.1336 | softDice: 0.1410 | clDice: 0.2039 | softclDice: 0.6550 | IoU: 0.0717 | Tversky: 0.1336 | Hausdorff: 861.5465 | HD95: 359.7740 | val_loss: 0.7676 | LR: 0.000063
2025-08-19 04:25:00 INFO Epoch 035 | Train Loss: 0.6973 | Val Loss: 0.7729 | Dice: 0.1354 | softDice: 0.1432 | clDice: 0.2069 | softclDice: 0.6439 | IoU: 0.0727 | Tversky: 0.1354 | Hausdorff: 861.5465 | HD95: 353.6720 | val_loss: 0.7729 | LR: 0.000063
2025-08-19 04:27:28 INFO Epoch 036 | Train Loss: 0.6990 | Val Loss: 0.7804 | Dice: 0.1342 | softDice: 0.1426 | clDice: 0.2045 | softclDice: 0.6548 | IoU: 0.0721 | Tversky: 0.1342 | Hausdorff: 861.5465 | HD95: 336.8980 | val_loss: 0.7804 | LR: 0.000063
2025-08-19 04:29:52 INFO Epoch 037 | Train Loss: 0.6830 | Val Loss: 0.7746 | Dice: 0.1336 | softDice: 0.1422 | clDice: 0.2095 | softclDice: 0.6421 | IoU: 0.0717 | Tversky: 0.1336 | Hausdorff: 861.5465 | HD95: 342.3222 | val_loss: 0.7746 | LR: 0.000063
2025-08-19 04:32:15 INFO Epoch 038 | Train Loss: 0.6884 | Val Loss: 0.7588 | Dice: 0.1359 | softDice: 0.1455 | clDice: 0.2161 | softclDice: 0.6476 | IoU: 0.0730 | Tversky: 0.1359 | Hausdorff: 861.5465 | HD95: 362.0442 | val_loss: 0.7588 | LR: 0.000031
2025-08-19 04:34:35 INFO Epoch 039 | Train Loss: 0.6837 | Val Loss: 0.7708 | Dice: 0.1358 | softDice: 0.1453 | clDice: 0.2148 | softclDice: 0.6404 | IoU: 0.0730 | Tversky: 0.1358 | Hausdorff: 861.5465 | HD95: 355.9743 | val_loss: 0.7708 | LR: 0.000031
2025-08-19 04:36:59 INFO Epoch 040 | Train Loss: 0.6863 | Val Loss: 0.7679 | Dice: 0.1371 | softDice: 0.1468 | clDice: 0.2160 | softclDice: 0.6395 | IoU: 0.0737 | Tversky: 0.1371 | Hausdorff: 861.5465 | HD95: 358.3763 | val_loss: 0.7679 | LR: 0.000031
2025-08-19 04:39:17 INFO Epoch 041 | Train Loss: 0.6767 | Val Loss: 0.7717 | Dice: 0.1360 | softDice: 0.1454 | clDice: 0.2132 | softclDice: 0.6376 | IoU: 0.0731 | Tversky: 0.1360 | Hausdorff: 861.5465 | HD95: 360.9140 | val_loss: 0.7717 | LR: 0.000031
2025-08-19 04:41:36 INFO Epoch 042 | Train Loss: 0.6785 | Val Loss: 0.7600 | Dice: 0.1382 | softDice: 0.1475 | clDice: 0.2174 | softclDice: 0.6191 | IoU: 0.0743 | Tversky: 0.1382 | Hausdorff: 861.5465 | HD95: 358.3628 | val_loss: 0.7600 | LR: 0.000031
2025-08-19 04:43:55 INFO Epoch 043 | Train Loss: 0.6878 | Val Loss: 0.7723 | Dice: 0.1388 | softDice: 0.1485 | clDice: 0.2149 | softclDice: 0.6232 | IoU: 0.0747 | Tversky: 0.1388 | Hausdorff: 861.5465 | HD95: 367.6509 | val_loss: 0.7723 | LR: 0.000031
2025-08-19 04:46:19 INFO Epoch 044 | Train Loss: 0.6746 | Val Loss: 0.7650 | Dice: 0.1400 | softDice: 0.1500 | clDice: 0.2171 | softclDice: 0.6256 | IoU: 0.0754 | Tversky: 0.1400 | Hausdorff: 861.5465 | HD95: 367.1353 | val_loss: 0.7650 | LR: 0.000016
2025-08-19 04:48:40 INFO Epoch 045 | Train Loss: 0.6762 | Val Loss: 0.7723 | Dice: 0.1402 | softDice: 0.1503 | clDice: 0.2171 | softclDice: 0.6261 | IoU: 0.0754 | Tversky: 0.1402 | Hausdorff: 861.5465 | HD95: 373.3027 | val_loss: 0.7723 | LR: 0.000016
2025-08-19 04:50:51 INFO Epoch 046 | Train Loss: 0.6761 | Val Loss: 0.7705 | Dice: 0.1402 | softDice: 0.1501 | clDice: 0.2163 | softclDice: 0.6284 | IoU: 0.0755 | Tversky: 0.1402 | Hausdorff: 861.5465 | HD95: 367.3635 | val_loss: 0.7705 | LR: 0.000016
2025-08-19 04:53:07 INFO Epoch 047 | Train Loss: 0.6685 | Val Loss: 0.7634 | Dice: 0.1399 | softDice: 0.1493 | clDice: 0.2188 | softclDice: 0.6225 | IoU: 0.0753 | Tversky: 0.1399 | Hausdorff: 861.5465 | HD95: 360.6402 | val_loss: 0.7634 | LR: 0.000016
2025-08-19 04:55:11 INFO Epoch 048 | Train Loss: 0.6760 | Val Loss: 0.7521 | Dice: 0.1412 | softDice: 0.1510 | clDice: 0.2196 | softclDice: 0.6175 | IoU: 0.0760 | Tversky: 0.1412 | Hausdorff: 861.5465 | HD95: 363.8977 | val_loss: 0.7521 | LR: 0.000016
2025-08-19 04:57:16 INFO Epoch 049 | Train Loss: 0.6689 | Val Loss: 0.7571 | Dice: 0.1414 | softDice: 0.1510 | clDice: 0.2196 | softclDice: 0.6300 | IoU: 0.0761 | Tversky: 0.1414 | Hausdorff: 861.5465 | HD95: 365.4302 | val_loss: 0.7571 | LR: 0.000016
2025-08-19 04:59:17 INFO Epoch 050 | Train Loss: 0.6750 | Val Loss: 0.7589 | Dice: 0.1396 | softDice: 0.1490 | clDice: 0.2177 | softclDice: 0.6221 | IoU: 0.0751 | Tversky: 0.1396 | Hausdorff: 861.5465 | HD95: 366.4687 | val_loss: 0.7589 | LR: 0.000008
2025-08-19 04:59:17 INFO Training completed.
2025-08-19 05:00:44 INFO Fold 3 results: Dice: 0.1079 | softDice: 0.1123 | clDice: 0.1607 | softclDice: 0.9009 | IoU: 0.0571 | Tversky: 0.1079 | Hausdorff: 863.6675 | HD95: 467.4502 | val_loss: 0.7968
2025-08-19 05:00:44 INFO ===== Fold 4 / 5 =====
2025-08-19 05:00:44 INFO Loading model unet with settings {'name': 'unet', 'encoder_name': 'se_resnext50_32x4d', 'encoder_weights': 'imagenet', 'classes': 1, 'activation': None, 'dropout': 0.2}
2025-08-19 05:02:36 INFO Epoch 001 | Train Loss: 0.7190 | Val Loss: 1.0000 | Dice: 0.2122 | softDice: 0.1712 | clDice: 0.3821 | softclDice: 0.5151 | IoU: 0.1189 | Tversky: 0.2122 | Hausdorff: 521.3751 | HD95: 86.0188 | val_loss: 1.0000 | LR: 0.001000
2025-08-19 05:04:26 INFO Epoch 002 | Train Loss: 0.6093 | Val Loss: 0.8149 | Dice: 0.3037 | softDice: 0.2851 | clDice: 0.4281 | softclDice: 0.5117 | IoU: 0.1794 | Tversky: 0.3037 | Hausdorff: 547.9192 | HD95: 91.8058 | val_loss: 0.8149 | LR: 0.001000
2025-08-19 05:06:23 INFO Epoch 003 | Train Loss: 0.6025 | Val Loss: 1.0000 | Dice: 0.1814 | softDice: 0.1798 | clDice: 0.2754 | softclDice: 0.6025 | IoU: 0.1001 | Tversky: 0.1814 | Hausdorff: 749.5783 | HD95: 376.2002 | val_loss: 1.0000 | LR: 0.001000
2025-08-19 05:08:13 INFO Epoch 004 | Train Loss: 0.6333 | Val Loss: 0.7587 | Dice: 0.2557 | softDice: 0.2483 | clDice: 0.3627 | softclDice: 0.4778 | IoU: 0.1471 | Tversky: 0.2557 | Hausdorff: 536.5175 | HD95: 120.6148 | val_loss: 0.7587 | LR: 0.001000
2025-08-19 05:10:15 INFO Epoch 005 | Train Loss: 0.6531 | Val Loss: 0.7366 | Dice: 0.1842 | softDice: 0.1840 | clDice: 0.2879 | softclDice: 0.6114 | IoU: 0.1017 | Tversky: 0.1842 | Hausdorff: 732.5758 | HD95: 223.2344 | val_loss: 0.7366 | LR: 0.001000
2025-08-19 05:12:05 INFO Epoch 006 | Train Loss: 0.6236 | Val Loss: 0.8359 | Dice: 0.1944 | softDice: 0.1889 | clDice: 0.2777 | softclDice: 0.7929 | IoU: 0.1081 | Tversky: 0.1944 | Hausdorff: 744.4651 | HD95: 230.7278 | val_loss: 0.8359 | LR: 0.001000
2025-08-19 05:14:20 INFO Epoch 007 | Train Loss: 0.6657 | Val Loss: 0.7943 | Dice: 0.1372 | softDice: 0.1406 | clDice: 0.2382 | softclDice: 0.4784 | IoU: 0.0739 | Tversky: 0.1372 | Hausdorff: 774.8351 | HD95: 240.2112 | val_loss: 0.7943 | LR: 0.001000
2025-08-19 05:16:29 INFO Epoch 008 | Train Loss: 0.6392 | Val Loss: 0.9163 | Dice: 0.1453 | softDice: 0.1481 | clDice: 0.2583 | softclDice: 0.5033 | IoU: 0.0785 | Tversky: 0.1453 | Hausdorff: 774.0125 | HD95: 206.3236 | val_loss: 0.9163 | LR: 0.001000
2025-08-19 05:18:34 INFO Epoch 009 | Train Loss: 0.6376 | Val Loss: 0.7473 | Dice: 0.1796 | softDice: 0.1810 | clDice: 0.3136 | softclDice: 0.5066 | IoU: 0.0991 | Tversky: 0.1796 | Hausdorff: 774.8351 | HD95: 197.4067 | val_loss: 0.7473 | LR: 0.001000
2025-08-19 05:20:48 INFO Epoch 010 | Train Loss: 0.6504 | Val Loss: 0.7299 | Dice: 0.1480 | softDice: 0.1505 | clDice: 0.2709 | softclDice: 0.4468 | IoU: 0.0801 | Tversky: 0.1480 | Hausdorff: 774.3503 | HD95: 169.0406 | val_loss: 0.7299 | LR: 0.001000
2025-08-19 05:22:53 INFO Epoch 011 | Train Loss: 0.6259 | Val Loss: 0.7207 | Dice: 0.1789 | softDice: 0.1783 | clDice: 0.3010 | softclDice: 0.5695 | IoU: 0.0985 | Tversky: 0.1789 | Hausdorff: 774.7806 | HD95: 197.2704 | val_loss: 0.7207 | LR: 0.001000
2025-08-19 05:25:08 INFO Epoch 012 | Train Loss: 0.6384 | Val Loss: 0.7168 | Dice: 0.1951 | softDice: 0.1925 | clDice: 0.3337 | softclDice: 0.5932 | IoU: 0.1084 | Tversky: 0.1951 | Hausdorff: 773.2788 | HD95: 171.9912 | val_loss: 0.7168 | LR: 0.001000
2025-08-19 05:27:16 INFO Epoch 013 | Train Loss: 0.6156 | Val Loss: 0.7113 | Dice: 0.1751 | softDice: 0.1764 | clDice: 0.3089 | softclDice: 0.7225 | IoU: 0.0963 | Tversky: 0.1751 | Hausdorff: 774.7806 | HD95: 188.2443 | val_loss: 0.7113 | LR: 0.001000
2025-08-19 05:29:30 INFO Epoch 014 | Train Loss: 0.6280 | Val Loss: 0.6823 | Dice: 0.1704 | softDice: 0.1723 | clDice: 0.3000 | softclDice: 0.5496 | IoU: 0.0935 | Tversky: 0.1704 | Hausdorff: 774.8351 | HD95: 180.8251 | val_loss: 0.6823 | LR: 0.001000
2025-08-19 05:31:42 INFO Epoch 015 | Train Loss: 0.6296 | Val Loss: 0.8803 | Dice: 0.1774 | softDice: 0.1796 | clDice: 0.3049 | softclDice: 0.8956 | IoU: 0.0978 | Tversky: 0.1774 | Hausdorff: 774.7806 | HD95: 176.9578 | val_loss: 0.8803 | LR: 0.001000
2025-08-19 05:33:50 INFO Epoch 016 | Train Loss: 0.6126 | Val Loss: 0.7962 | Dice: 0.1665 | softDice: 0.1690 | clDice: 0.2813 | softclDice: 0.4637 | IoU: 0.0911 | Tversky: 0.1665 | Hausdorff: 774.8351 | HD95: 193.1663 | val_loss: 0.7962 | LR: 0.001000
2025-08-19 05:35:55 INFO Epoch 017 | Train Loss: 0.6409 | Val Loss: 0.7052 | Dice: 0.2141 | softDice: 0.2156 | clDice: 0.3418 | softclDice: 0.5467 | IoU: 0.1204 | Tversky: 0.2141 | Hausdorff: 774.8351 | HD95: 231.0198 | val_loss: 0.7052 | LR: 0.001000
2025-08-19 05:38:17 INFO Epoch 018 | Train Loss: 0.6611 | Val Loss: 0.8082 | Dice: 0.1326 | softDice: 0.1337 | clDice: 0.2070 | softclDice: 0.5798 | IoU: 0.0712 | Tversky: 0.1326 | Hausdorff: 739.8632 | HD95: 178.5163 | val_loss: 0.8082 | LR: 0.001000
2025-08-19 05:40:22 INFO Epoch 019 | Train Loss: 0.7225 | Val Loss: 0.7997 | Dice: 0.1671 | softDice: 0.1659 | clDice: 0.2600 | softclDice: 0.6632 | IoU: 0.0913 | Tversky: 0.1671 | Hausdorff: 695.7549 | HD95: 225.1677 | val_loss: 0.7997 | LR: 0.001000
2025-08-19 05:42:41 INFO Epoch 020 | Train Loss: 0.6504 | Val Loss: 0.8016 | Dice: 0.1708 | softDice: 0.1717 | clDice: 0.3007 | softclDice: 0.5247 | IoU: 0.0936 | Tversky: 0.1708 | Hausdorff: 774.8351 | HD95: 177.3710 | val_loss: 0.8016 | LR: 0.000500
2025-08-19 05:44:49 INFO Epoch 021 | Train Loss: 0.6185 | Val Loss: 0.7528 | Dice: 0.1724 | softDice: 0.1736 | clDice: 0.2996 | softclDice: 0.5611 | IoU: 0.0946 | Tversky: 0.1724 | Hausdorff: 774.8351 | HD95: 178.5499 | val_loss: 0.7528 | LR: 0.000500
2025-08-19 05:47:06 INFO Epoch 022 | Train Loss: 0.6315 | Val Loss: 0.7467 | Dice: 0.1812 | softDice: 0.1809 | clDice: 0.3052 | softclDice: 0.6086 | IoU: 0.0999 | Tversky: 0.1812 | Hausdorff: 774.8351 | HD95: 175.0226 | val_loss: 0.7467 | LR: 0.000500
2025-08-19 05:49:23 INFO Epoch 023 | Train Loss: 0.6119 | Val Loss: 0.7118 | Dice: 0.1887 | softDice: 0.1882 | clDice: 0.3061 | softclDice: 0.7361 | IoU: 0.1045 | Tversky: 0.1887 | Hausdorff: 774.8351 | HD95: 180.7198 | val_loss: 0.7118 | LR: 0.000500
2025-08-19 05:51:41 INFO Epoch 024 | Train Loss: 0.6493 | Val Loss: 0.7022 | Dice: 0.1934 | softDice: 0.1930 | clDice: 0.3110 | softclDice: 0.5870 | IoU: 0.1073 | Tversky: 0.1934 | Hausdorff: 774.8351 | HD95: 176.8345 | val_loss: 0.7022 | LR: 0.000500
2025-08-19 05:53:51 INFO Epoch 025 | Train Loss: 0.6457 | Val Loss: 0.7365 | Dice: 0.1695 | softDice: 0.1678 | clDice: 0.2149 | softclDice: 0.7584 | IoU: 0.0928 | Tversky: 0.1695 | Hausdorff: 774.8351 | HD95: 278.7069 | val_loss: 0.7365 | LR: 0.000500
2025-08-19 05:56:17 INFO Epoch 026 | Train Loss: 0.6306 | Val Loss: 0.6913 | Dice: 0.1417 | softDice: 0.1370 | clDice: 0.1895 | softclDice: 0.5104 | IoU: 0.0764 | Tversky: 0.1417 | Hausdorff: 774.2539 | HD95: 207.2785 | val_loss: 0.6913 | LR: 0.000250
2025-08-19 05:59:03 INFO Epoch 027 | Train Loss: 0.6428 | Val Loss: 0.6615 | Dice: 0.1337 | softDice: 0.1333 | clDice: 0.1971 | softclDice: 0.5637 | IoU: 0.0718 | Tversky: 0.1337 | Hausdorff: 774.6721 | HD95: 292.2840 | val_loss: 0.6615 | LR: 0.000250
2025-08-19 06:01:39 INFO Epoch 028 | Train Loss: 0.6290 | Val Loss: 0.6647 | Dice: 0.1405 | softDice: 0.1363 | clDice: 0.2007 | softclDice: 0.5502 | IoU: 0.0757 | Tversky: 0.1405 | Hausdorff: 774.7806 | HD95: 248.1563 | val_loss: 0.6647 | LR: 0.000250
2025-08-19 06:04:14 INFO Epoch 029 | Train Loss: 0.6198 | Val Loss: 0.6349 | Dice: 0.1452 | softDice: 0.1392 | clDice: 0.2129 | softclDice: 0.5954 | IoU: 0.0785 | Tversky: 0.1452 | Hausdorff: 774.7806 | HD95: 241.2557 | val_loss: 0.6349 | LR: 0.000250
2025-08-19 06:06:41 INFO Epoch 030 | Train Loss: 0.6238 | Val Loss: 0.6551 | Dice: 0.1450 | softDice: 0.1401 | clDice: 0.2201 | softclDice: 0.5005 | IoU: 0.0784 | Tversky: 0.1450 | Hausdorff: 774.8351 | HD95: 232.7057 | val_loss: 0.6551 | LR: 0.000250
2025-08-19 06:09:13 INFO Epoch 031 | Train Loss: 0.6151 | Val Loss: 0.6555 | Dice: 0.1454 | softDice: 0.1414 | clDice: 0.2166 | softclDice: 0.5890 | IoU: 0.0786 | Tversky: 0.1454 | Hausdorff: 774.8351 | HD95: 303.1234 | val_loss: 0.6555 | LR: 0.000250
2025-08-19 06:11:56 INFO Epoch 032 | Train Loss: 0.6128 | Val Loss: 0.6602 | Dice: 0.1404 | softDice: 0.1357 | clDice: 0.2067 | softclDice: 0.5176 | IoU: 0.0757 | Tversky: 0.1404 | Hausdorff: 774.8351 | HD95: 218.2872 | val_loss: 0.6602 | LR: 0.000250
2025-08-19 06:14:28 INFO Epoch 033 | Train Loss: 0.6078 | Val Loss: 0.6666 | Dice: 0.1506 | softDice: 0.1455 | clDice: 0.2197 | softclDice: 0.6921 | IoU: 0.0816 | Tversky: 0.1506 | Hausdorff: 774.8351 | HD95: 264.0698 | val_loss: 0.6666 | LR: 0.000250
2025-08-19 06:17:35 INFO Epoch 034 | Train Loss: 0.6111 | Val Loss: 0.6888 | Dice: 0.1357 | softDice: 0.1346 | clDice: 0.2129 | softclDice: 0.6843 | IoU: 0.0730 | Tversky: 0.1357 | Hausdorff: 774.7263 | HD95: 187.6225 | val_loss: 0.6888 | LR: 0.000250
2025-08-19 06:20:39 INFO Epoch 035 | Train Loss: 0.6068 | Val Loss: 0.6810 | Dice: 0.1320 | softDice: 0.1312 | clDice: 0.2182 | softclDice: 0.5855 | IoU: 0.0710 | Tversky: 0.1320 | Hausdorff: 774.7806 | HD95: 175.6906 | val_loss: 0.6810 | LR: 0.000125
2025-08-19 06:23:35 INFO Epoch 036 | Train Loss: 0.6202 | Val Loss: 0.6788 | Dice: 0.1323 | softDice: 0.1316 | clDice: 0.2180 | softclDice: 0.5715 | IoU: 0.0712 | Tversky: 0.1323 | Hausdorff: 774.6721 | HD95: 165.1912 | val_loss: 0.6788 | LR: 0.000125
2025-08-19 06:26:07 INFO Epoch 037 | Train Loss: 0.6144 | Val Loss: 0.6729 | Dice: 0.1450 | softDice: 0.1416 | clDice: 0.2291 | softclDice: 0.6022 | IoU: 0.0785 | Tversky: 0.1450 | Hausdorff: 774.7806 | HD95: 219.0815 | val_loss: 0.6729 | LR: 0.000125
2025-08-19 06:29:14 INFO Epoch 038 | Train Loss: 0.6048 | Val Loss: 0.6571 | Dice: 0.1297 | softDice: 0.1293 | clDice: 0.2068 | softclDice: 0.5933 | IoU: 0.0697 | Tversky: 0.1297 | Hausdorff: 774.8351 | HD95: 135.6706 | val_loss: 0.6571 | LR: 0.000125
2025-08-19 06:32:29 INFO Epoch 039 | Train Loss: 0.6163 | Val Loss: 0.6637 | Dice: 0.1287 | softDice: 0.1279 | clDice: 0.2016 | softclDice: 0.5514 | IoU: 0.0691 | Tversky: 0.1287 | Hausdorff: 774.7806 | HD95: 137.4607 | val_loss: 0.6637 | LR: 0.000125
2025-08-19 06:35:34 INFO Epoch 040 | Train Loss: 0.6044 | Val Loss: 0.6628 | Dice: 0.1307 | softDice: 0.1299 | clDice: 0.2074 | softclDice: 0.4823 | IoU: 0.0702 | Tversky: 0.1307 | Hausdorff: 774.7806 | HD95: 140.7997 | val_loss: 0.6628 | LR: 0.000125
2025-08-19 06:38:27 INFO Epoch 041 | Train Loss: 0.6182 | Val Loss: 0.6734 | Dice: 0.1330 | softDice: 0.1317 | clDice: 0.2042 | softclDice: 0.5331 | IoU: 0.0716 | Tversky: 0.1330 | Hausdorff: 748.8160 | HD95: 163.9880 | val_loss: 0.6734 | LR: 0.000063
2025-08-19 06:41:25 INFO Epoch 042 | Train Loss: 0.6120 | Val Loss: 0.6648 | Dice: 0.1317 | softDice: 0.1305 | clDice: 0.2061 | softclDice: 0.4718 | IoU: 0.0708 | Tversky: 0.1317 | Hausdorff: 748.8160 | HD95: 148.9354 | val_loss: 0.6648 | LR: 0.000063
2025-08-19 06:44:22 INFO Epoch 043 | Train Loss: 0.5980 | Val Loss: 0.6653 | Dice: 0.1346 | softDice: 0.1337 | clDice: 0.2124 | softclDice: 0.5307 | IoU: 0.0725 | Tversky: 0.1346 | Hausdorff: 771.7570 | HD95: 148.5894 | val_loss: 0.6653 | LR: 0.000063
2025-08-19 06:47:21 INFO Epoch 044 | Train Loss: 0.6076 | Val Loss: 0.6691 | Dice: 0.1358 | softDice: 0.1351 | clDice: 0.2134 | softclDice: 0.5569 | IoU: 0.0733 | Tversky: 0.1358 | Hausdorff: 748.8160 | HD95: 171.8878 | val_loss: 0.6691 | LR: 0.000063
2025-08-19 06:50:05 INFO Epoch 045 | Train Loss: 0.6097 | Val Loss: 0.6631 | Dice: 0.1330 | softDice: 0.1323 | clDice: 0.2111 | softclDice: 0.5475 | IoU: 0.0716 | Tversky: 0.1330 | Hausdorff: 748.8160 | HD95: 153.7435 | val_loss: 0.6631 | LR: 0.000063
2025-08-19 06:53:07 INFO Epoch 046 | Train Loss: 0.6135 | Val Loss: 0.6620 | Dice: 0.1310 | softDice: 0.1306 | clDice: 0.2096 | softclDice: 0.5881 | IoU: 0.0705 | Tversky: 0.1310 | Hausdorff: 774.7263 | HD95: 140.1897 | val_loss: 0.6620 | LR: 0.000063
2025-08-19 06:55:56 INFO Epoch 047 | Train Loss: 0.5922 | Val Loss: 0.6628 | Dice: 0.1294 | softDice: 0.1290 | clDice: 0.2091 | softclDice: 0.6415 | IoU: 0.0696 | Tversky: 0.1294 | Hausdorff: 774.7806 | HD95: 135.5545 | val_loss: 0.6628 | LR: 0.000031
2025-08-19 06:58:51 INFO Epoch 048 | Train Loss: 0.5879 | Val Loss: 0.6650 | Dice: 0.1266 | softDice: 0.1263 | clDice: 0.2003 | softclDice: 0.6726 | IoU: 0.0679 | Tversky: 0.1266 | Hausdorff: 774.7806 | HD95: 137.5826 | val_loss: 0.6650 | LR: 0.000031
2025-08-19 07:01:47 INFO Epoch 049 | Train Loss: 0.6130 | Val Loss: 0.6553 | Dice: 0.1264 | softDice: 0.1260 | clDice: 0.2032 | softclDice: 0.6071 | IoU: 0.0678 | Tversky: 0.1264 | Hausdorff: 774.8351 | HD95: 140.3395 | val_loss: 0.6553 | LR: 0.000031
2025-08-19 07:04:37 INFO Epoch 050 | Train Loss: 0.6131 | Val Loss: 0.6676 | Dice: 0.1271 | softDice: 0.1268 | clDice: 0.2036 | softclDice: 0.6444 | IoU: 0.0682 | Tversky: 0.1271 | Hausdorff: 774.8351 | HD95: 138.7110 | val_loss: 0.6676 | LR: 0.000031
2025-08-19 07:04:37 INFO Training completed.
2025-08-19 07:06:01 INFO Fold 4 results: Dice: 0.1774 | softDice: 0.1796 | clDice: 0.3049 | softclDice: 0.8956 | IoU: 0.0978 | Tversky: 0.1774 | Hausdorff: 774.7806 | HD95: 176.9578 | val_loss: 0.8803
2025-08-19 07:06:01 INFO ===== Fold 5 / 5 =====
2025-08-19 07:06:01 INFO Loading model unet with settings {'name': 'unet', 'encoder_name': 'se_resnext50_32x4d', 'encoder_weights': 'imagenet', 'classes': 1, 'activation': None, 'dropout': 0.2}
2025-08-19 07:07:58 INFO Epoch 001 | Train Loss: 0.7082 | Val Loss: 1.0000 | Dice: 0.3170 | softDice: 0.2292 | clDice: 0.4146 | softclDice: 0.5905 | IoU: 0.1886 | Tversky: 0.3170 | Hausdorff: 682.4524 | HD95: 83.7284 | val_loss: 1.0000 | LR: 0.001000
2025-08-19 07:09:56 INFO Epoch 002 | Train Loss: 0.5966 | Val Loss: 1.0000 | Dice: 0.3056 | softDice: 0.2831 | clDice: 0.3879 | softclDice: 0.5642 | IoU: 0.1816 | Tversky: 0.3056 | Hausdorff: 750.6835 | HD95: 127.3131 | val_loss: 1.0000 | LR: 0.001000
2025-08-19 07:12:06 INFO Epoch 003 | Train Loss: 0.6448 | Val Loss: 0.9599 | Dice: 0.1638 | softDice: 0.1620 | clDice: 0.2227 | softclDice: 0.7443 | IoU: 0.0900 | Tversky: 0.1638 | Hausdorff: 763.8109 | HD95: 252.7539 | val_loss: 0.9599 | LR: 0.001000
2025-08-19 07:14:02 INFO Epoch 004 | Train Loss: 0.6888 | Val Loss: 0.7850 | Dice: 0.2078 | softDice: 0.2059 | clDice: 0.2906 | softclDice: 0.6178 | IoU: 0.1166 | Tversky: 0.2078 | Hausdorff: 811.3854 | HD95: 313.3208 | val_loss: 0.7850 | LR: 0.001000
2025-08-19 07:16:07 INFO Epoch 005 | Train Loss: 0.7298 | Val Loss: 1.0000 | Dice: 0.1686 | softDice: 0.1675 | clDice: 0.1977 | softclDice: 0.7965 | IoU: 0.0926 | Tversky: 0.1686 | Hausdorff: 819.8834 | HD95: 329.3848 | val_loss: 1.0000 | LR: 0.001000
2025-08-19 07:18:16 INFO Epoch 006 | Train Loss: 0.7492 | Val Loss: 1.0000 | Dice: 0.1807 | softDice: 0.1761 | clDice: 0.2546 | softclDice: 0.7145 | IoU: 0.1002 | Tversky: 0.1807 | Hausdorff: 749.9000 | HD95: 271.4994 | val_loss: 1.0000 | LR: 0.001000
2025-08-19 07:20:18 INFO Epoch 007 | Train Loss: 0.6667 | Val Loss: 0.8532 | Dice: 0.1940 | softDice: 0.1915 | clDice: 0.3113 | softclDice: 0.8812 | IoU: 0.1080 | Tversky: 0.1940 | Hausdorff: 819.6905 | HD95: 239.3002 | val_loss: 0.8532 | LR: 0.001000
2025-08-19 07:22:30 INFO Epoch 008 | Train Loss: 0.6559 | Val Loss: 0.7687 | Dice: 0.1921 | softDice: 0.1919 | clDice: 0.2960 | softclDice: 0.6136 | IoU: 0.1068 | Tversky: 0.1921 | Hausdorff: 659.6671 | HD95: 266.8194 | val_loss: 0.7687 | LR: 0.001000
2025-08-19 07:24:34 INFO Epoch 009 | Train Loss: 0.6590 | Val Loss: 0.9105 | Dice: 0.1686 | softDice: 0.1705 | clDice: 0.2860 | softclDice: 0.6149 | IoU: 0.0928 | Tversky: 0.1686 | Hausdorff: 815.4684 | HD95: 300.3109 | val_loss: 0.9105 | LR: 0.001000
2025-08-19 07:26:43 INFO Epoch 010 | Train Loss: 0.6572 | Val Loss: 0.7266 | Dice: 0.1867 | softDice: 0.1894 | clDice: 0.2940 | softclDice: 0.6346 | IoU: 0.1036 | Tversky: 0.1867 | Hausdorff: 818.4993 | HD95: 275.9991 | val_loss: 0.7266 | LR: 0.001000
2025-08-19 07:28:40 INFO Epoch 011 | Train Loss: 0.6692 | Val Loss: 0.8268 | Dice: 0.1886 | softDice: 0.1821 | clDice: 0.2786 | softclDice: 0.7668 | IoU: 0.1045 | Tversky: 0.1886 | Hausdorff: 658.8067 | HD95: 264.0024 | val_loss: 0.8268 | LR: 0.001000
2025-08-19 07:30:56 INFO Epoch 012 | Train Loss: 0.7056 | Val Loss: 0.9252 | Dice: 0.1374 | softDice: 0.1374 | clDice: 0.2325 | softclDice: 0.6899 | IoU: 0.0744 | Tversky: 0.1374 | Hausdorff: 819.8834 | HD95: 307.8751 | val_loss: 0.9252 | LR: 0.001000
2025-08-19 07:33:43 INFO Epoch 013 | Train Loss: 0.6885 | Val Loss: 0.8131 | Dice: 0.1212 | softDice: 0.1228 | clDice: 0.2263 | softclDice: 0.5594 | IoU: 0.0649 | Tversky: 0.1212 | Hausdorff: 819.8170 | HD95: 183.7635 | val_loss: 0.8131 | LR: 0.001000
2025-08-19 07:35:56 INFO Epoch 014 | Train Loss: 0.6586 | Val Loss: 0.8207 | Dice: 0.1227 | softDice: 0.1212 | clDice: 0.2253 | softclDice: 0.7745 | IoU: 0.0665 | Tversky: 0.1227 | Hausdorff: 840.2621 | HD95: 366.6559 | val_loss: 0.8207 | LR: 0.001000
2025-08-19 07:38:01 INFO Epoch 015 | Train Loss: 0.7264 | Val Loss: 0.7679 | Dice: 0.1852 | softDice: 0.1849 | clDice: 0.2896 | softclDice: 0.7099 | IoU: 0.1026 | Tversky: 0.1852 | Hausdorff: 819.8834 | HD95: 301.6548 | val_loss: 0.7679 | LR: 0.001000
2025-08-19 07:40:06 INFO Epoch 016 | Train Loss: 0.7054 | Val Loss: 0.7531 | Dice: 0.1703 | softDice: 0.1699 | clDice: 0.2936 | softclDice: 0.5882 | IoU: 0.0937 | Tversky: 0.1703 | Hausdorff: 819.8834 | HD95: 311.9217 | val_loss: 0.7531 | LR: 0.000500
2025-08-19 07:42:07 INFO Epoch 017 | Train Loss: 0.6862 | Val Loss: 0.7372 | Dice: 0.1866 | softDice: 0.1863 | clDice: 0.3095 | softclDice: 0.6114 | IoU: 0.1035 | Tversky: 0.1866 | Hausdorff: 819.8834 | HD95: 315.9937 | val_loss: 0.7372 | LR: 0.000500
2025-08-19 07:44:21 INFO Epoch 018 | Train Loss: 0.6684 | Val Loss: 0.7303 | Dice: 0.1748 | softDice: 0.1745 | clDice: 0.3023 | softclDice: 0.5796 | IoU: 0.0964 | Tversky: 0.1748 | Hausdorff: 819.8834 | HD95: 309.2637 | val_loss: 0.7303 | LR: 0.000500
2025-08-19 07:46:40 INFO Epoch 019 | Train Loss: 0.6542 | Val Loss: 0.6929 | Dice: 0.1642 | softDice: 0.1652 | clDice: 0.2978 | softclDice: 0.5868 | IoU: 0.0900 | Tversky: 0.1642 | Hausdorff: 819.8834 | HD95: 278.7075 | val_loss: 0.6929 | LR: 0.000500
2025-08-19 07:49:01 INFO Epoch 020 | Train Loss: 0.6475 | Val Loss: 0.7099 | Dice: 0.1562 | softDice: 0.1571 | clDice: 0.2770 | softclDice: 0.7474 | IoU: 0.0852 | Tversky: 0.1562 | Hausdorff: 819.8834 | HD95: 227.5751 | val_loss: 0.7099 | LR: 0.000500
2025-08-19 07:51:23 INFO Epoch 021 | Train Loss: 0.6664 | Val Loss: 0.7093 | Dice: 0.1496 | softDice: 0.1508 | clDice: 0.2750 | softclDice: 0.5261 | IoU: 0.0814 | Tversky: 0.1496 | Hausdorff: 819.8834 | HD95: 191.1988 | val_loss: 0.7093 | LR: 0.000500
2025-08-19 07:53:54 INFO Epoch 022 | Train Loss: 0.6437 | Val Loss: 0.7049 | Dice: 0.1506 | softDice: 0.1515 | clDice: 0.2747 | softclDice: 0.5402 | IoU: 0.0821 | Tversky: 0.1506 | Hausdorff: 819.8834 | HD95: 167.9961 | val_loss: 0.7049 | LR: 0.000500
2025-08-19 07:56:25 INFO Epoch 023 | Train Loss: 0.6278 | Val Loss: 0.7128 | Dice: 0.1529 | softDice: 0.1544 | clDice: 0.2822 | softclDice: 0.5727 | IoU: 0.0835 | Tversky: 0.1529 | Hausdorff: 819.8834 | HD95: 182.8521 | val_loss: 0.7128 | LR: 0.000500
2025-08-19 07:58:55 INFO Epoch 024 | Train Loss: 0.6205 | Val Loss: 0.7148 | Dice: 0.1506 | softDice: 0.1542 | clDice: 0.2613 | softclDice: 0.5433 | IoU: 0.0820 | Tversky: 0.1506 | Hausdorff: 819.8834 | HD95: 265.2228 | val_loss: 0.7148 | LR: 0.000500
2025-08-19 08:01:18 INFO Epoch 025 | Train Loss: 0.6330 | Val Loss: 0.7161 | Dice: 0.1548 | softDice: 0.1571 | clDice: 0.2777 | softclDice: 0.4785 | IoU: 0.0846 | Tversky: 0.1548 | Hausdorff: 819.8834 | HD95: 202.6447 | val_loss: 0.7161 | LR: 0.000250
2025-08-19 08:03:54 INFO Epoch 026 | Train Loss: 0.6286 | Val Loss: 0.7242 | Dice: 0.1512 | softDice: 0.1533 | clDice: 0.2774 | softclDice: 0.4675 | IoU: 0.0825 | Tversky: 0.1512 | Hausdorff: 819.8834 | HD95: 207.0097 | val_loss: 0.7242 | LR: 0.000250
2025-08-19 08:06:15 INFO Epoch 027 | Train Loss: 0.6213 | Val Loss: 0.6996 | Dice: 0.1560 | softDice: 0.1584 | clDice: 0.2819 | softclDice: 0.4785 | IoU: 0.0853 | Tversky: 0.1560 | Hausdorff: 819.8834 | HD95: 204.2529 | val_loss: 0.6996 | LR: 0.000250
2025-08-19 08:08:40 INFO Epoch 028 | Train Loss: 0.6119 | Val Loss: 0.6873 | Dice: 0.1417 | softDice: 0.1446 | clDice: 0.2591 | softclDice: 0.4628 | IoU: 0.0767 | Tversky: 0.1417 | Hausdorff: 819.8834 | HD95: 209.0670 | val_loss: 0.6873 | LR: 0.000250
2025-08-19 08:11:10 INFO Epoch 029 | Train Loss: 0.6212 | Val Loss: 0.7321 | Dice: 0.1445 | softDice: 0.1470 | clDice: 0.2625 | softclDice: 0.5143 | IoU: 0.0784 | Tversky: 0.1445 | Hausdorff: 819.8834 | HD95: 198.3055 | val_loss: 0.7321 | LR: 0.000250
2025-08-19 08:13:53 INFO Epoch 030 | Train Loss: 0.6159 | Val Loss: 0.6869 | Dice: 0.1362 | softDice: 0.1381 | clDice: 0.2497 | softclDice: 0.4681 | IoU: 0.0734 | Tversky: 0.1362 | Hausdorff: 819.0259 | HD95: 193.7321 | val_loss: 0.6869 | LR: 0.000250
2025-08-19 08:16:45 INFO Epoch 031 | Train Loss: 0.6274 | Val Loss: 0.6828 | Dice: 0.1303 | softDice: 0.1285 | clDice: 0.2243 | softclDice: 0.4737 | IoU: 0.0700 | Tversky: 0.1303 | Hausdorff: 819.8834 | HD95: 192.6654 | val_loss: 0.6828 | LR: 0.000250
2025-08-19 08:19:40 INFO Epoch 032 | Train Loss: 0.6281 | Val Loss: 0.6915 | Dice: 0.1214 | softDice: 0.1234 | clDice: 0.2261 | softclDice: 0.5151 | IoU: 0.0649 | Tversky: 0.1214 | Hausdorff: 819.8834 | HD95: 214.3630 | val_loss: 0.6915 | LR: 0.000250
2025-08-19 08:22:58 INFO Epoch 033 | Train Loss: 0.6126 | Val Loss: 0.6698 | Dice: 0.1107 | softDice: 0.1125 | clDice: 0.1806 | softclDice: 0.5599 | IoU: 0.0589 | Tversky: 0.1107 | Hausdorff: 819.8834 | HD95: 152.5515 | val_loss: 0.6698 | LR: 0.000250
2025-08-19 08:26:08 INFO Epoch 034 | Train Loss: 0.6391 | Val Loss: 0.8108 | Dice: 0.1068 | softDice: 0.1061 | clDice: 0.1677 | softclDice: 0.5170 | IoU: 0.0571 | Tversky: 0.1068 | Hausdorff: 773.0095 | HD95: 203.5537 | val_loss: 0.8108 | LR: 0.000250
2025-08-19 08:29:58 INFO Epoch 035 | Train Loss: 0.6555 | Val Loss: 0.6699 | Dice: 0.0972 | softDice: 0.0977 | clDice: 0.1598 | softclDice: 0.5172 | IoU: 0.0515 | Tversky: 0.0972 | Hausdorff: 819.8834 | HD95: 225.1107 | val_loss: 0.6699 | LR: 0.000250
2025-08-19 08:33:13 INFO Epoch 036 | Train Loss: 0.6383 | Val Loss: 0.6517 | Dice: 0.1077 | softDice: 0.1087 | clDice: 0.1970 | softclDice: 0.6156 | IoU: 0.0572 | Tversky: 0.1077 | Hausdorff: 819.8834 | HD95: 185.2434 | val_loss: 0.6517 | LR: 0.000250
2025-08-19 08:36:00 INFO Epoch 037 | Train Loss: 0.6597 | Val Loss: 0.7057 | Dice: 0.1537 | softDice: 0.1535 | clDice: 0.2936 | softclDice: 0.8228 | IoU: 0.0837 | Tversky: 0.1537 | Hausdorff: 819.8834 | HD95: 169.6823 | val_loss: 0.7057 | LR: 0.000250
2025-08-19 08:38:39 INFO Epoch 038 | Train Loss: 0.6654 | Val Loss: 0.7180 | Dice: 0.1514 | softDice: 0.1506 | clDice: 0.2874 | softclDice: 0.7645 | IoU: 0.0824 | Tversky: 0.1514 | Hausdorff: 819.8834 | HD95: 178.6286 | val_loss: 0.7180 | LR: 0.000250
2025-08-19 08:41:03 INFO Epoch 039 | Train Loss: 0.6556 | Val Loss: 0.7085 | Dice: 0.1603 | softDice: 0.1599 | clDice: 0.3020 | softclDice: 0.6316 | IoU: 0.0878 | Tversky: 0.1603 | Hausdorff: 819.0126 | HD95: 206.9225 | val_loss: 0.7085 | LR: 0.000250
2025-08-19 08:43:39 INFO Epoch 040 | Train Loss: 0.6233 | Val Loss: 0.7031 | Dice: 0.1558 | softDice: 0.1559 | clDice: 0.2962 | softclDice: 0.6060 | IoU: 0.0851 | Tversky: 0.1558 | Hausdorff: 819.8170 | HD95: 172.0403 | val_loss: 0.7031 | LR: 0.000250
2025-08-19 08:46:15 INFO Epoch 041 | Train Loss: 0.6457 | Val Loss: 0.6983 | Dice: 0.1598 | softDice: 0.1598 | clDice: 0.3001 | softclDice: 0.6572 | IoU: 0.0874 | Tversky: 0.1598 | Hausdorff: 819.8834 | HD95: 198.2742 | val_loss: 0.6983 | LR: 0.000250
2025-08-19 08:48:33 INFO Epoch 042 | Train Loss: 0.6392 | Val Loss: 0.7095 | Dice: 0.1578 | softDice: 0.1574 | clDice: 0.2944 | softclDice: 0.5659 | IoU: 0.0863 | Tversky: 0.1578 | Hausdorff: 819.8834 | HD95: 182.8335 | val_loss: 0.7095 | LR: 0.000125
2025-08-19 08:50:52 INFO Epoch 043 | Train Loss: 0.6402 | Val Loss: 0.7072 | Dice: 0.1567 | softDice: 0.1565 | clDice: 0.2960 | softclDice: 0.5636 | IoU: 0.0856 | Tversky: 0.1567 | Hausdorff: 819.8834 | HD95: 182.5612 | val_loss: 0.7072 | LR: 0.000125
2025-08-19 08:53:09 INFO Epoch 044 | Train Loss: 0.6239 | Val Loss: 0.7044 | Dice: 0.1575 | softDice: 0.1575 | clDice: 0.2993 | softclDice: 0.5646 | IoU: 0.0861 | Tversky: 0.1575 | Hausdorff: 819.8834 | HD95: 192.5442 | val_loss: 0.7044 | LR: 0.000125
2025-08-19 08:55:34 INFO Epoch 045 | Train Loss: 0.6261 | Val Loss: 0.6972 | Dice: 0.1550 | softDice: 0.1553 | clDice: 0.2934 | softclDice: 0.5968 | IoU: 0.0846 | Tversky: 0.1550 | Hausdorff: 819.8834 | HD95: 182.3682 | val_loss: 0.6972 | LR: 0.000125
2025-08-19 08:57:59 INFO Epoch 046 | Train Loss: 0.6122 | Val Loss: 0.6991 | Dice: 0.1551 | softDice: 0.1555 | clDice: 0.2917 | softclDice: 0.6310 | IoU: 0.0846 | Tversky: 0.1551 | Hausdorff: 819.8834 | HD95: 200.9403 | val_loss: 0.6991 | LR: 0.000125
2025-08-19 09:00:25 INFO Epoch 047 | Train Loss: 0.6162 | Val Loss: 0.7037 | Dice: 0.1550 | softDice: 0.1553 | clDice: 0.2965 | softclDice: 0.5917 | IoU: 0.0845 | Tversky: 0.1550 | Hausdorff: 819.8834 | HD95: 200.4968 | val_loss: 0.7037 | LR: 0.000125
2025-08-19 09:03:05 INFO Epoch 048 | Train Loss: 0.6325 | Val Loss: 0.6935 | Dice: 0.1535 | softDice: 0.1539 | clDice: 0.2911 | softclDice: 0.6418 | IoU: 0.0837 | Tversky: 0.1535 | Hausdorff: 819.8834 | HD95: 177.5381 | val_loss: 0.6935 | LR: 0.000063
2025-08-19 09:05:42 INFO Epoch 049 | Train Loss: 0.6196 | Val Loss: 0.6925 | Dice: 0.1504 | softDice: 0.1513 | clDice: 0.2854 | softclDice: 0.6796 | IoU: 0.0818 | Tversky: 0.1504 | Hausdorff: 819.8834 | HD95: 177.2624 | val_loss: 0.6925 | LR: 0.000063
2025-08-19 09:08:09 INFO Epoch 050 | Train Loss: 0.6256 | Val Loss: 0.6975 | Dice: 0.1505 | softDice: 0.1515 | clDice: 0.2846 | softclDice: 0.7307 | IoU: 0.0819 | Tversky: 0.1505 | Hausdorff: 819.8834 | HD95: 177.3932 | val_loss: 0.6975 | LR: 0.000063
2025-08-19 09:08:09 INFO Training completed.
2025-08-19 09:09:29 INFO Fold 5 results: Dice: 0.1940 | softDice: 0.1915 | clDice: 0.3113 | softclDice: 0.8812 | IoU: 0.1080 | Tversky: 0.1940 | Hausdorff: 819.6905 | HD95: 239.3002 | val_loss: 0.8532
2025-08-19 09:09:29 INFO ===== Cross-validation results =====
2025-08-19 09:09:29 INFO Dice: 0.1535 | softDice: 0.1513 | clDice: 0.2215 | softclDice: 0.8802 | IoU: 0.0840 | Tversky: 0.1535 | Hausdorff: 776.2879 | HD95: 318.9697 | val_loss: 0.8727
