2025-08-18 23:32:55 INFO Starting training with configuration: {'model': {'name': 'unet', 'encoder_name': 'se_resnext50_32x4d', 'encoder_weights': 'imagenet', 'classes': 1, 'activation': None, 'dropout': 0.2}, 'dataset': {'root': '/data/smadper@alumno.upv.es/TFM/datasets/laticifers', 'patch_size': [512, 512], 'stride': [256, 256], 'num_patches': 50, 'num_workers': 4, 'feature_dirs': {'image': '/data/smadper@alumno.upv.es/TFM/datasets/laticifers/enhanced_images', 'mask': '/data/smadper@alumno.upv.es/TFM/datasets/laticifers/masks', 'distance': '/data/smadper@alumno.upv.es/TFM/datasets/laticifers/distance_maps_pt'}}, 'train': {'batch_size': 32, 'num_epochs': 50, 'learning_rate': 0.001, 'accumulation_steps': 1, 'save_dir': '/data/smadper@alumno.upv.es/TFM/checkpoints_cv2/unet/20250818_233255_unet_se_resnext50_32x4d_dice_cldice0.3', 'log_interval': 1, 'patience': 100, 'mixed_precision': True, 'experiment_name': 'unet_se_resnext50_32x4d_dice_cldice0.3', 'timestamp': '20250818_233255'}, 'test': {'batch_size': 1}, 'loss': {'name': 'dice_cldice', 'cldice_alpha': 0.4, 'use_topographic': False, 'combine_with': None, 'weights': {'main': 1.0, 'combined': 0.0}, 'topo': {'alpha': 2.0, 'beta': 1.0}}}
2025-08-18 23:32:55 INFO Experiment name: unet_se_resnext50_32x4d_dice_cldice0.3
2025-08-18 23:32:55 INFO ===== Fold 1 / 5 =====
2025-08-18 23:32:55 INFO Loading model unet with settings {'name': 'unet', 'encoder_name': 'se_resnext50_32x4d', 'encoder_weights': 'imagenet', 'classes': 1, 'activation': None, 'dropout': 0.2}
2025-08-18 23:34:46 INFO Epoch 001 | Train Loss: 0.7530 | Val Loss: 1.0000 | Dice: 0.2536 | softDice: 0.1426 | clDice: 0.4048 | softclDice: 0.5423 | IoU: 0.1453 | Tversky: 0.2536 | Hausdorff: 679.9108 | HD95: 104.3099 | val_loss: 1.0000 | LR: 0.001000
2025-08-18 23:36:34 INFO Epoch 002 | Train Loss: 0.6554 | Val Loss: 1.0000 | Dice: 0.2939 | softDice: 0.2511 | clDice: 0.4252 | softclDice: 0.5502 | IoU: 0.1726 | Tversky: 0.2939 | Hausdorff: 817.4265 | HD95: 128.8413 | val_loss: 1.0000 | LR: 0.001000
2025-08-18 23:38:23 INFO Epoch 003 | Train Loss: 0.6145 | Val Loss: 0.8388 | Dice: 0.2302 | softDice: 0.2254 | clDice: 0.3401 | softclDice: 0.5498 | IoU: 0.1306 | Tversky: 0.2302 | Hausdorff: 849.9309 | HD95: 382.2019 | val_loss: 0.8388 | LR: 0.001000
2025-08-18 23:40:11 INFO Epoch 004 | Train Loss: 0.6694 | Val Loss: 0.9315 | Dice: 0.1495 | softDice: 0.1521 | clDice: 0.1604 | softclDice: 0.8247 | IoU: 0.0816 | Tversky: 0.1495 | Hausdorff: 822.9230 | HD95: 386.8703 | val_loss: 0.9315 | LR: 0.001000
2025-08-18 23:41:57 INFO Epoch 005 | Train Loss: 0.7089 | Val Loss: 0.8960 | Dice: 0.1506 | softDice: 0.1533 | clDice: 0.1496 | softclDice: 0.8985 | IoU: 0.0818 | Tversky: 0.1506 | Hausdorff: 773.7792 | HD95: 347.2019 | val_loss: 0.8960 | LR: 0.001000
2025-08-18 23:43:49 INFO Epoch 006 | Train Loss: 0.7254 | Val Loss: 0.8559 | Dice: 0.1991 | softDice: 0.2119 | clDice: 0.2407 | softclDice: 0.8726 | IoU: 0.1107 | Tversky: 0.1991 | Hausdorff: 786.4038 | HD95: 323.8810 | val_loss: 0.8559 | LR: 0.001000
2025-08-18 23:45:42 INFO Epoch 007 | Train Loss: 0.6964 | Val Loss: 0.8377 | Dice: 0.1948 | softDice: 0.1996 | clDice: 0.2509 | softclDice: 0.9112 | IoU: 0.1080 | Tversky: 0.1948 | Hausdorff: 839.9279 | HD95: 311.9143 | val_loss: 0.8377 | LR: 0.001000
2025-08-18 23:47:43 INFO Epoch 008 | Train Loss: 0.7014 | Val Loss: 0.8552 | Dice: 0.1477 | softDice: 0.1527 | clDice: 0.2009 | softclDice: 0.7927 | IoU: 0.0801 | Tversky: 0.1477 | Hausdorff: 869.1942 | HD95: 319.3698 | val_loss: 0.8552 | LR: 0.001000
2025-08-18 23:49:47 INFO Epoch 009 | Train Loss: 0.7089 | Val Loss: 0.8505 | Dice: 0.1673 | softDice: 0.1688 | clDice: 0.1791 | softclDice: 0.9187 | IoU: 0.0915 | Tversky: 0.1673 | Hausdorff: 869.1942 | HD95: 440.8505 | val_loss: 0.8505 | LR: 0.001000
2025-08-18 23:51:47 INFO Epoch 010 | Train Loss: 0.7479 | Val Loss: 0.8605 | Dice: 0.1467 | softDice: 0.1564 | clDice: 0.1945 | softclDice: 0.6929 | IoU: 0.0794 | Tversky: 0.1467 | Hausdorff: 834.1154 | HD95: 295.8541 | val_loss: 0.8605 | LR: 0.001000
2025-08-18 23:53:42 INFO Epoch 011 | Train Loss: 0.7153 | Val Loss: 0.9295 | Dice: 0.1485 | softDice: 0.1557 | clDice: 0.2007 | softclDice: 0.7278 | IoU: 0.0803 | Tversky: 0.1485 | Hausdorff: 869.1942 | HD95: 369.2905 | val_loss: 0.9295 | LR: 0.001000
2025-08-18 23:55:36 INFO Epoch 012 | Train Loss: 0.7211 | Val Loss: 0.8739 | Dice: 0.1606 | softDice: 0.1655 | clDice: 0.1637 | softclDice: 0.8350 | IoU: 0.0875 | Tversky: 0.1606 | Hausdorff: 867.4189 | HD95: 445.5723 | val_loss: 0.8739 | LR: 0.001000
2025-08-18 23:57:33 INFO Epoch 013 | Train Loss: 0.7318 | Val Loss: 0.7996 | Dice: 0.1548 | softDice: 0.1647 | clDice: 0.2050 | softclDice: 0.7316 | IoU: 0.0840 | Tversky: 0.1548 | Hausdorff: 869.1942 | HD95: 370.6335 | val_loss: 0.7996 | LR: 0.001000
2025-08-18 23:59:30 INFO Epoch 014 | Train Loss: 0.7107 | Val Loss: 0.8753 | Dice: 0.1316 | softDice: 0.1347 | clDice: 0.1714 | softclDice: 0.8965 | IoU: 0.0706 | Tversky: 0.1316 | Hausdorff: 811.3133 | HD95: 360.9816 | val_loss: 0.8753 | LR: 0.001000
2025-08-19 00:01:22 INFO Epoch 015 | Train Loss: 0.6982 | Val Loss: 0.8166 | Dice: 0.1654 | softDice: 0.1734 | clDice: 0.2106 | softclDice: 0.8504 | IoU: 0.0905 | Tversky: 0.1654 | Hausdorff: 833.4674 | HD95: 389.8570 | val_loss: 0.8166 | LR: 0.001000
2025-08-19 00:03:33 INFO Epoch 016 | Train Loss: 0.7194 | Val Loss: 0.8253 | Dice: 0.1374 | softDice: 0.1408 | clDice: 0.2083 | softclDice: 0.6422 | IoU: 0.0739 | Tversky: 0.1374 | Hausdorff: 853.3535 | HD95: 241.8002 | val_loss: 0.8253 | LR: 0.001000
2025-08-19 00:05:32 INFO Epoch 017 | Train Loss: 0.7066 | Val Loss: 0.8307 | Dice: 0.1562 | softDice: 0.1635 | clDice: 0.2153 | softclDice: 0.7315 | IoU: 0.0849 | Tversky: 0.1562 | Hausdorff: 844.1884 | HD95: 254.2172 | val_loss: 0.8307 | LR: 0.001000
2025-08-19 00:07:32 INFO Epoch 018 | Train Loss: 0.7193 | Val Loss: 0.8350 | Dice: 0.1718 | softDice: 0.1796 | clDice: 0.2520 | softclDice: 0.6263 | IoU: 0.0945 | Tversky: 0.1718 | Hausdorff: 836.8038 | HD95: 261.7196 | val_loss: 0.8350 | LR: 0.001000
2025-08-19 00:09:50 INFO Epoch 019 | Train Loss: 0.7156 | Val Loss: 0.8523 | Dice: 0.1552 | softDice: 0.1607 | clDice: 0.2384 | softclDice: 0.7491 | IoU: 0.0850 | Tversky: 0.1552 | Hausdorff: 834.8622 | HD95: 232.1096 | val_loss: 0.8523 | LR: 0.000500
2025-08-19 00:12:01 INFO Epoch 020 | Train Loss: 0.7628 | Val Loss: 0.8718 | Dice: 0.1265 | softDice: 0.1305 | clDice: 0.1678 | softclDice: 0.6557 | IoU: 0.0679 | Tversky: 0.1265 | Hausdorff: 834.2140 | HD95: 331.8370 | val_loss: 0.8718 | LR: 0.000500
2025-08-19 00:14:23 INFO Epoch 021 | Train Loss: 0.7239 | Val Loss: 0.8077 | Dice: 0.1217 | softDice: 0.1278 | clDice: 0.1849 | softclDice: 0.6064 | IoU: 0.0650 | Tversky: 0.1217 | Hausdorff: 835.4332 | HD95: 260.4516 | val_loss: 0.8077 | LR: 0.000500
2025-08-19 00:16:32 INFO Epoch 022 | Train Loss: 0.7232 | Val Loss: 0.8174 | Dice: 0.1311 | softDice: 0.1361 | clDice: 0.1996 | softclDice: 0.6260 | IoU: 0.0705 | Tversky: 0.1311 | Hausdorff: 843.4416 | HD95: 289.3836 | val_loss: 0.8174 | LR: 0.000500
2025-08-19 00:18:36 INFO Epoch 023 | Train Loss: 0.7060 | Val Loss: 0.8269 | Dice: 0.1402 | softDice: 0.1464 | clDice: 0.2055 | softclDice: 0.6236 | IoU: 0.0757 | Tversky: 0.1402 | Hausdorff: 834.6056 | HD95: 395.7270 | val_loss: 0.8269 | LR: 0.000500
2025-08-19 00:20:42 INFO Epoch 024 | Train Loss: 0.7077 | Val Loss: 0.8048 | Dice: 0.1406 | softDice: 0.1442 | clDice: 0.2040 | softclDice: 0.6714 | IoU: 0.0759 | Tversky: 0.1406 | Hausdorff: 842.3808 | HD95: 416.8216 | val_loss: 0.8048 | LR: 0.000500
2025-08-19 00:22:56 INFO Epoch 025 | Train Loss: 0.7020 | Val Loss: 0.8263 | Dice: 0.1354 | softDice: 0.1398 | clDice: 0.2066 | softclDice: 0.6678 | IoU: 0.0734 | Tversky: 0.1354 | Hausdorff: 835.9109 | HD95: 398.2779 | val_loss: 0.8263 | LR: 0.000250
2025-08-19 00:25:12 INFO Epoch 026 | Train Loss: 0.7166 | Val Loss: 0.8085 | Dice: 0.1450 | softDice: 0.1506 | clDice: 0.2302 | softclDice: 0.6187 | IoU: 0.0790 | Tversky: 0.1450 | Hausdorff: 844.6581 | HD95: 344.5428 | val_loss: 0.8085 | LR: 0.000250
2025-08-19 00:27:34 INFO Epoch 027 | Train Loss: 0.7195 | Val Loss: 0.8187 | Dice: 0.1400 | softDice: 0.1402 | clDice: 0.2294 | softclDice: 0.6173 | IoU: 0.0760 | Tversky: 0.1400 | Hausdorff: 844.1884 | HD95: 342.7041 | val_loss: 0.8187 | LR: 0.000250
2025-08-19 00:29:56 INFO Epoch 028 | Train Loss: 0.7072 | Val Loss: 0.8096 | Dice: 0.1409 | softDice: 0.1412 | clDice: 0.2383 | softclDice: 0.6059 | IoU: 0.0765 | Tversky: 0.1409 | Hausdorff: 844.1884 | HD95: 308.4900 | val_loss: 0.8096 | LR: 0.000250
2025-08-19 00:32:12 INFO Epoch 029 | Train Loss: 0.7097 | Val Loss: 0.8294 | Dice: 0.1369 | softDice: 0.1352 | clDice: 0.2285 | softclDice: 0.7204 | IoU: 0.0739 | Tversky: 0.1369 | Hausdorff: 844.1884 | HD95: 345.0193 | val_loss: 0.8294 | LR: 0.000250
2025-08-19 00:34:38 INFO Epoch 030 | Train Loss: 0.7032 | Val Loss: 0.7978 | Dice: 0.1446 | softDice: 0.1440 | clDice: 0.2453 | softclDice: 0.6050 | IoU: 0.0787 | Tversky: 0.1446 | Hausdorff: 844.1884 | HD95: 292.8797 | val_loss: 0.7978 | LR: 0.000250
2025-08-19 00:36:52 INFO Epoch 031 | Train Loss: 0.6902 | Val Loss: 0.8000 | Dice: 0.1428 | softDice: 0.1439 | clDice: 0.2441 | softclDice: 0.5893 | IoU: 0.0775 | Tversky: 0.1428 | Hausdorff: 844.1884 | HD95: 320.8379 | val_loss: 0.8000 | LR: 0.000250
2025-08-19 00:38:59 INFO Epoch 032 | Train Loss: 0.6799 | Val Loss: 0.7954 | Dice: 0.1536 | softDice: 0.1551 | clDice: 0.2570 | softclDice: 0.6014 | IoU: 0.0837 | Tversky: 0.1536 | Hausdorff: 844.0894 | HD95: 315.2038 | val_loss: 0.7954 | LR: 0.000250
2025-08-19 00:41:19 INFO Epoch 033 | Train Loss: 0.7020 | Val Loss: 0.9087 | Dice: 0.1347 | softDice: 0.1344 | clDice: 0.2168 | softclDice: 0.8568 | IoU: 0.0728 | Tversky: 0.1347 | Hausdorff: 844.1884 | HD95: 292.1881 | val_loss: 0.9087 | LR: 0.000250
2025-08-19 00:43:30 INFO Epoch 034 | Train Loss: 0.7870 | Val Loss: 0.8538 | Dice: 0.1308 | softDice: 0.1284 | clDice: 0.2141 | softclDice: 0.6825 | IoU: 0.0705 | Tversky: 0.1308 | Hausdorff: 842.7423 | HD95: 259.8023 | val_loss: 0.8538 | LR: 0.000250
2025-08-19 00:45:35 INFO Epoch 035 | Train Loss: 0.7243 | Val Loss: 0.8211 | Dice: 0.1466 | softDice: 0.1441 | clDice: 0.2492 | softclDice: 0.6778 | IoU: 0.0797 | Tversky: 0.1466 | Hausdorff: 843.6417 | HD95: 267.2022 | val_loss: 0.8211 | LR: 0.000250
2025-08-19 00:47:43 INFO Epoch 036 | Train Loss: 0.6979 | Val Loss: 0.8068 | Dice: 0.1506 | softDice: 0.1505 | clDice: 0.2596 | softclDice: 0.6207 | IoU: 0.0820 | Tversky: 0.1506 | Hausdorff: 843.0186 | HD95: 277.3448 | val_loss: 0.8068 | LR: 0.000250
2025-08-19 00:49:48 INFO Epoch 037 | Train Loss: 0.6795 | Val Loss: 0.7970 | Dice: 0.1540 | softDice: 0.1562 | clDice: 0.2608 | softclDice: 0.6483 | IoU: 0.0839 | Tversky: 0.1540 | Hausdorff: 832.1112 | HD95: 280.4367 | val_loss: 0.7970 | LR: 0.000250
2025-08-19 00:51:52 INFO Epoch 038 | Train Loss: 0.6873 | Val Loss: 0.8200 | Dice: 0.1483 | softDice: 0.1500 | clDice: 0.2489 | softclDice: 0.6475 | IoU: 0.0808 | Tversky: 0.1483 | Hausdorff: 841.8575 | HD95: 247.4932 | val_loss: 0.8200 | LR: 0.000125
2025-08-19 00:53:59 INFO Epoch 039 | Train Loss: 0.6905 | Val Loss: 0.8212 | Dice: 0.1464 | softDice: 0.1487 | clDice: 0.2466 | softclDice: 0.6293 | IoU: 0.0797 | Tversky: 0.1464 | Hausdorff: 842.4537 | HD95: 240.7439 | val_loss: 0.8212 | LR: 0.000125
2025-08-19 00:56:04 INFO Epoch 040 | Train Loss: 0.6794 | Val Loss: 0.8120 | Dice: 0.1468 | softDice: 0.1481 | clDice: 0.2473 | softclDice: 0.6457 | IoU: 0.0799 | Tversky: 0.1468 | Hausdorff: 844.0267 | HD95: 290.7455 | val_loss: 0.8120 | LR: 0.000125
2025-08-19 00:58:11 INFO Epoch 041 | Train Loss: 0.6772 | Val Loss: 0.8100 | Dice: 0.1496 | softDice: 0.1513 | clDice: 0.2536 | softclDice: 0.6388 | IoU: 0.0814 | Tversky: 0.1496 | Hausdorff: 842.9159 | HD95: 340.8407 | val_loss: 0.8100 | LR: 0.000125
2025-08-19 01:00:16 INFO Epoch 042 | Train Loss: 0.6801 | Val Loss: 0.8086 | Dice: 0.1487 | softDice: 0.1504 | clDice: 0.2519 | softclDice: 0.6440 | IoU: 0.0809 | Tversky: 0.1487 | Hausdorff: 836.6562 | HD95: 348.7333 | val_loss: 0.8086 | LR: 0.000125
2025-08-19 01:02:24 INFO Epoch 043 | Train Loss: 0.6751 | Val Loss: 0.8068 | Dice: 0.1469 | softDice: 0.1485 | clDice: 0.2467 | softclDice: 0.6466 | IoU: 0.0798 | Tversky: 0.1469 | Hausdorff: 843.4668 | HD95: 351.5218 | val_loss: 0.8068 | LR: 0.000125
2025-08-19 01:04:36 INFO Epoch 044 | Train Loss: 0.6707 | Val Loss: 0.8074 | Dice: 0.1464 | softDice: 0.1496 | clDice: 0.2453 | softclDice: 0.6467 | IoU: 0.0796 | Tversky: 0.1464 | Hausdorff: 842.6602 | HD95: 333.4171 | val_loss: 0.8074 | LR: 0.000063
2025-08-19 01:06:49 INFO Epoch 045 | Train Loss: 0.6666 | Val Loss: 0.8057 | Dice: 0.1495 | softDice: 0.1529 | clDice: 0.2504 | softclDice: 0.6436 | IoU: 0.0814 | Tversky: 0.1495 | Hausdorff: 838.7360 | HD95: 341.9280 | val_loss: 0.8057 | LR: 0.000063
2025-08-19 01:08:57 INFO Epoch 046 | Train Loss: 0.6709 | Val Loss: 0.7993 | Dice: 0.1507 | softDice: 0.1553 | clDice: 0.2519 | softclDice: 0.6316 | IoU: 0.0821 | Tversky: 0.1507 | Hausdorff: 840.8361 | HD95: 345.3601 | val_loss: 0.7993 | LR: 0.000063
2025-08-19 01:11:04 INFO Epoch 047 | Train Loss: 0.6593 | Val Loss: 0.7954 | Dice: 0.1516 | softDice: 0.1560 | clDice: 0.2551 | softclDice: 0.6423 | IoU: 0.0826 | Tversky: 0.1516 | Hausdorff: 841.7544 | HD95: 342.9503 | val_loss: 0.7954 | LR: 0.000063
2025-08-19 01:13:21 INFO Epoch 048 | Train Loss: 0.6623 | Val Loss: 0.7860 | Dice: 0.1530 | softDice: 0.1574 | clDice: 0.2610 | softclDice: 0.6397 | IoU: 0.0834 | Tversky: 0.1530 | Hausdorff: 835.3831 | HD95: 326.2978 | val_loss: 0.7860 | LR: 0.000063
2025-08-19 01:15:36 INFO Epoch 049 | Train Loss: 0.6655 | Val Loss: 0.7870 | Dice: 0.1542 | softDice: 0.1570 | clDice: 0.2623 | softclDice: 0.6696 | IoU: 0.0841 | Tversky: 0.1542 | Hausdorff: 833.5134 | HD95: 324.8219 | val_loss: 0.7870 | LR: 0.000063
2025-08-19 01:17:51 INFO Epoch 050 | Train Loss: 0.6617 | Val Loss: 0.7877 | Dice: 0.1523 | softDice: 0.1550 | clDice: 0.2617 | softclDice: 0.6646 | IoU: 0.0829 | Tversky: 0.1523 | Hausdorff: 834.0535 | HD95: 350.4356 | val_loss: 0.7877 | LR: 0.000063
2025-08-19 01:17:51 INFO Training completed.
2025-08-19 01:19:11 INFO Fold 1 results: Dice: 0.1673 | softDice: 0.1688 | clDice: 0.1791 | softclDice: 0.9187 | IoU: 0.0915 | Tversky: 0.1673 | Hausdorff: 869.1942 | HD95: 440.8505 | val_loss: 0.8505
2025-08-19 01:19:11 INFO ===== Fold 2 / 5 =====
2025-08-19 01:19:11 INFO Loading model unet with settings {'name': 'unet', 'encoder_name': 'se_resnext50_32x4d', 'encoder_weights': 'imagenet', 'classes': 1, 'activation': None, 'dropout': 0.2}
2025-08-19 01:21:14 INFO Epoch 001 | Train Loss: 0.7401 | Val Loss: 1.0000 | Dice: 0.2845 | softDice: 0.2091 | clDice: 0.3828 | softclDice: 0.5742 | IoU: 0.1660 | Tversky: 0.2845 | Hausdorff: 707.0516 | HD95: 259.4765 | val_loss: 1.0000 | LR: 0.001000
2025-08-19 01:23:16 INFO Epoch 002 | Train Loss: 0.6214 | Val Loss: 1.0000 | Dice: 0.2955 | softDice: 0.2719 | clDice: 0.3816 | softclDice: 0.5458 | IoU: 0.1744 | Tversky: 0.2955 | Hausdorff: 694.1874 | HD95: 358.4189 | val_loss: 1.0000 | LR: 0.001000
2025-08-19 01:25:12 INFO Epoch 003 | Train Loss: 0.5847 | Val Loss: 0.8067 | Dice: 0.3496 | softDice: 0.3355 | clDice: 0.4358 | softclDice: 0.5237 | IoU: 0.2123 | Tversky: 0.3496 | Hausdorff: 331.0200 | HD95: 93.3457 | val_loss: 0.8067 | LR: 0.001000
2025-08-19 01:27:09 INFO Epoch 004 | Train Loss: 0.6215 | Val Loss: 0.7814 | Dice: 0.3135 | softDice: 0.3107 | clDice: 0.4171 | softclDice: 0.4698 | IoU: 0.1864 | Tversky: 0.3135 | Hausdorff: 518.9000 | HD95: 120.4800 | val_loss: 0.7814 | LR: 0.001000
2025-08-19 01:29:11 INFO Epoch 005 | Train Loss: 0.6702 | Val Loss: nan | Dice: 0.2249 | softDice: 0.1891 | clDice: 0.3117 | softclDice: 0.5214 | IoU: 0.1270 | Tversky: 0.2249 | Hausdorff: 715.0456 | HD95: 167.2857 | val_loss: nan | LR: 0.001000
2025-08-19 01:31:02 INFO Epoch 006 | Train Loss: 0.7031 | Val Loss: 0.8832 | Dice: 0.2333 | softDice: 0.2154 | clDice: 0.2876 | softclDice: 0.7195 | IoU: 0.1324 | Tversky: 0.2333 | Hausdorff: 645.2046 | HD95: 159.9061 | val_loss: 0.8832 | LR: 0.001000
2025-08-19 01:33:00 INFO Epoch 007 | Train Loss: 0.6844 | Val Loss: 0.8814 | Dice: 0.1750 | softDice: 0.1698 | clDice: 0.2442 | softclDice: 0.7409 | IoU: 0.0963 | Tversky: 0.1750 | Hausdorff: 729.3618 | HD95: 281.7763 | val_loss: 0.8814 | LR: 0.001000
2025-08-19 01:34:55 INFO Epoch 008 | Train Loss: 0.7056 | Val Loss: 0.9234 | Dice: 0.1301 | softDice: 0.1265 | clDice: 0.1587 | softclDice: 0.8536 | IoU: 0.0713 | Tversky: 0.1301 | Hausdorff: 926.2012 | HD95: 461.8375 | val_loss: 0.9234 | LR: 0.001000
2025-08-19 01:36:50 INFO Epoch 009 | Train Loss: 0.7179 | Val Loss: 0.8082 | Dice: 0.2387 | softDice: 0.2349 | clDice: 0.3315 | softclDice: 0.6191 | IoU: 0.1361 | Tversky: 0.2387 | Hausdorff: 736.6910 | HD95: 128.9671 | val_loss: 0.8082 | LR: 0.001000
2025-08-19 01:38:45 INFO Epoch 010 | Train Loss: 0.7056 | Val Loss: 0.8075 | Dice: 0.2565 | softDice: 0.2502 | clDice: 0.3147 | softclDice: 0.5554 | IoU: 0.1474 | Tversky: 0.2565 | Hausdorff: 597.3655 | HD95: 150.0664 | val_loss: 0.8075 | LR: 0.000500
2025-08-19 01:40:34 INFO Epoch 011 | Train Loss: 0.6690 | Val Loss: 0.8182 | Dice: 0.2690 | softDice: 0.2589 | clDice: 0.3691 | softclDice: 0.5709 | IoU: 0.1559 | Tversky: 0.2690 | Hausdorff: 521.3223 | HD95: 119.7378 | val_loss: 0.8182 | LR: 0.000500
2025-08-19 01:42:26 INFO Epoch 012 | Train Loss: 0.6814 | Val Loss: 0.8040 | Dice: 0.2561 | softDice: 0.2494 | clDice: 0.3618 | softclDice: 0.5357 | IoU: 0.1473 | Tversky: 0.2561 | Hausdorff: 554.4908 | HD95: 118.5412 | val_loss: 0.8040 | LR: 0.000500
2025-08-19 01:44:22 INFO Epoch 013 | Train Loss: 0.6604 | Val Loss: 0.7902 | Dice: 0.2858 | softDice: 0.2825 | clDice: 0.3954 | softclDice: 0.5310 | IoU: 0.1672 | Tversky: 0.2858 | Hausdorff: 505.4547 | HD95: 115.5933 | val_loss: 0.7902 | LR: 0.000500
2025-08-19 01:46:15 INFO Epoch 014 | Train Loss: 0.6665 | Val Loss: 0.8232 | Dice: 0.2836 | softDice: 0.2758 | clDice: 0.3887 | softclDice: 0.5944 | IoU: 0.1659 | Tversky: 0.2836 | Hausdorff: 507.2534 | HD95: 128.9193 | val_loss: 0.8232 | LR: 0.000500
2025-08-19 01:48:11 INFO Epoch 015 | Train Loss: 0.6668 | Val Loss: 0.7951 | Dice: 0.2824 | softDice: 0.2797 | clDice: 0.3847 | softclDice: 0.5110 | IoU: 0.1648 | Tversky: 0.2824 | Hausdorff: 453.6959 | HD95: 120.0177 | val_loss: 0.7951 | LR: 0.000500
2025-08-19 01:50:07 INFO Epoch 016 | Train Loss: 0.6599 | Val Loss: 0.7986 | Dice: 0.2726 | softDice: 0.2684 | clDice: 0.3746 | softclDice: 0.5298 | IoU: 0.1582 | Tversky: 0.2726 | Hausdorff: 518.2467 | HD95: 129.3610 | val_loss: 0.7986 | LR: 0.000250
2025-08-19 01:52:02 INFO Epoch 017 | Train Loss: 0.6570 | Val Loss: 0.7830 | Dice: 0.2684 | softDice: 0.2668 | clDice: 0.3637 | softclDice: 0.4934 | IoU: 0.1553 | Tversky: 0.2684 | Hausdorff: 513.7992 | HD95: 130.0673 | val_loss: 0.7830 | LR: 0.000250
2025-08-19 01:54:01 INFO Epoch 018 | Train Loss: 0.6587 | Val Loss: 0.7876 | Dice: 0.2835 | softDice: 0.2829 | clDice: 0.3885 | softclDice: 0.4935 | IoU: 0.1656 | Tversky: 0.2835 | Hausdorff: 525.1790 | HD95: 128.1771 | val_loss: 0.7876 | LR: 0.000250
2025-08-19 01:55:55 INFO Epoch 019 | Train Loss: 0.6487 | Val Loss: 0.7855 | Dice: 0.2896 | softDice: 0.2875 | clDice: 0.3925 | softclDice: 0.4913 | IoU: 0.1697 | Tversky: 0.2896 | Hausdorff: 533.2620 | HD95: 122.9031 | val_loss: 0.7855 | LR: 0.000250
2025-08-19 01:57:53 INFO Epoch 020 | Train Loss: 0.6464 | Val Loss: 0.7943 | Dice: 0.2751 | softDice: 0.2748 | clDice: 0.3644 | softclDice: 0.5203 | IoU: 0.1598 | Tversky: 0.2751 | Hausdorff: 551.6899 | HD95: 147.3040 | val_loss: 0.7943 | LR: 0.000250
2025-08-19 01:59:50 INFO Epoch 021 | Train Loss: 0.6480 | Val Loss: 0.7795 | Dice: 0.2774 | softDice: 0.2762 | clDice: 0.3897 | softclDice: 0.4830 | IoU: 0.1614 | Tversky: 0.2774 | Hausdorff: 497.5472 | HD95: 119.3603 | val_loss: 0.7795 | LR: 0.000250
2025-08-19 02:01:47 INFO Epoch 022 | Train Loss: 0.6418 | Val Loss: 0.7779 | Dice: 0.2773 | softDice: 0.2772 | clDice: 0.3801 | softclDice: 0.4839 | IoU: 0.1614 | Tversky: 0.2773 | Hausdorff: 528.5837 | HD95: 130.8322 | val_loss: 0.7779 | LR: 0.000250
2025-08-19 02:03:48 INFO Epoch 023 | Train Loss: 0.6337 | Val Loss: 0.7706 | Dice: 0.2611 | softDice: 0.2650 | clDice: 0.3639 | softclDice: 0.4697 | IoU: 0.1505 | Tversky: 0.2611 | Hausdorff: 507.3019 | HD95: 144.3839 | val_loss: 0.7706 | LR: 0.000250
2025-08-19 02:05:39 INFO Epoch 024 | Train Loss: 0.6695 | Val Loss: 0.7848 | Dice: 0.2719 | softDice: 0.2756 | clDice: 0.3738 | softclDice: 0.4869 | IoU: 0.1578 | Tversky: 0.2719 | Hausdorff: 526.4925 | HD95: 117.3744 | val_loss: 0.7848 | LR: 0.000250
2025-08-19 02:07:32 INFO Epoch 025 | Train Loss: 0.6617 | Val Loss: 0.8305 | Dice: 0.2809 | softDice: 0.2825 | clDice: 0.3700 | softclDice: 0.5244 | IoU: 0.1637 | Tversky: 0.2809 | Hausdorff: 526.2688 | HD95: 125.2958 | val_loss: 0.8305 | LR: 0.000250
2025-08-19 02:09:28 INFO Epoch 026 | Train Loss: 0.6718 | Val Loss: 0.7853 | Dice: 0.2544 | softDice: 0.2593 | clDice: 0.3553 | softclDice: 0.5098 | IoU: 0.1461 | Tversky: 0.2544 | Hausdorff: 558.1000 | HD95: 123.7252 | val_loss: 0.7853 | LR: 0.000250
2025-08-19 02:11:19 INFO Epoch 027 | Train Loss: 0.6698 | Val Loss: 0.7784 | Dice: 0.2648 | softDice: 0.2691 | clDice: 0.3741 | softclDice: 0.4754 | IoU: 0.1531 | Tversky: 0.2648 | Hausdorff: 508.5666 | HD95: 115.9291 | val_loss: 0.7784 | LR: 0.000250
2025-08-19 02:13:15 INFO Epoch 028 | Train Loss: 0.6600 | Val Loss: 0.7765 | Dice: 0.2609 | softDice: 0.2656 | clDice: 0.3588 | softclDice: 0.4729 | IoU: 0.1505 | Tversky: 0.2609 | Hausdorff: 508.4478 | HD95: 117.3788 | val_loss: 0.7765 | LR: 0.000250
2025-08-19 02:15:07 INFO Epoch 029 | Train Loss: 0.6540 | Val Loss: 0.7637 | Dice: 0.2592 | softDice: 0.2629 | clDice: 0.3671 | softclDice: 0.4616 | IoU: 0.1494 | Tversky: 0.2592 | Hausdorff: 509.4022 | HD95: 121.9466 | val_loss: 0.7637 | LR: 0.000250
2025-08-19 02:17:01 INFO Epoch 030 | Train Loss: 0.6532 | Val Loss: 0.7681 | Dice: 0.2697 | softDice: 0.2714 | clDice: 0.3794 | softclDice: 0.4711 | IoU: 0.1565 | Tversky: 0.2697 | Hausdorff: 505.8811 | HD95: 122.5320 | val_loss: 0.7681 | LR: 0.000250
2025-08-19 02:18:55 INFO Epoch 031 | Train Loss: 0.6720 | Val Loss: 0.7836 | Dice: 0.2595 | softDice: 0.2641 | clDice: 0.3635 | softclDice: 0.5024 | IoU: 0.1497 | Tversky: 0.2595 | Hausdorff: 684.3079 | HD95: 138.7848 | val_loss: 0.7836 | LR: 0.000250
2025-08-19 02:20:47 INFO Epoch 032 | Train Loss: 0.6618 | Val Loss: 0.7707 | Dice: 0.2466 | softDice: 0.2499 | clDice: 0.3454 | softclDice: 0.5151 | IoU: 0.1412 | Tversky: 0.2466 | Hausdorff: 697.3695 | HD95: 147.6201 | val_loss: 0.7707 | LR: 0.000250
2025-08-19 02:22:39 INFO Epoch 033 | Train Loss: 0.6520 | Val Loss: 0.7868 | Dice: 0.2550 | softDice: 0.2582 | clDice: 0.3561 | softclDice: 0.5344 | IoU: 0.1466 | Tversky: 0.2550 | Hausdorff: 775.5900 | HD95: 145.6664 | val_loss: 0.7868 | LR: 0.000250
2025-08-19 02:24:27 INFO Epoch 034 | Train Loss: 0.6642 | Val Loss: 0.7765 | Dice: 0.2668 | softDice: 0.2713 | clDice: 0.3656 | softclDice: 0.5371 | IoU: 0.1543 | Tversky: 0.2668 | Hausdorff: 775.5900 | HD95: 138.2975 | val_loss: 0.7765 | LR: 0.000250
2025-08-19 02:26:20 INFO Epoch 035 | Train Loss: 0.6460 | Val Loss: 0.7907 | Dice: 0.2608 | softDice: 0.2633 | clDice: 0.3608 | softclDice: 0.6416 | IoU: 0.1503 | Tversky: 0.2608 | Hausdorff: 775.5900 | HD95: 183.4104 | val_loss: 0.7907 | LR: 0.000125
2025-08-19 02:28:17 INFO Epoch 036 | Train Loss: 0.6903 | Val Loss: 0.8602 | Dice: 0.2231 | softDice: 0.2137 | clDice: 0.2869 | softclDice: 0.6820 | IoU: 0.1267 | Tversky: 0.2231 | Hausdorff: 766.4760 | HD95: 231.0304 | val_loss: 0.8602 | LR: 0.000125
2025-08-19 02:30:16 INFO Epoch 037 | Train Loss: 0.6926 | Val Loss: 0.8059 | Dice: 0.2615 | softDice: 0.2578 | clDice: 0.3617 | softclDice: 0.5629 | IoU: 0.1510 | Tversky: 0.2615 | Hausdorff: 680.3695 | HD95: 156.8558 | val_loss: 0.8059 | LR: 0.000125
2025-08-19 02:32:16 INFO Epoch 038 | Train Loss: 0.6666 | Val Loss: 0.7969 | Dice: 0.2659 | softDice: 0.2616 | clDice: 0.3684 | softclDice: 0.5463 | IoU: 0.1539 | Tversky: 0.2659 | Hausdorff: 680.5053 | HD95: 147.7406 | val_loss: 0.7969 | LR: 0.000125
2025-08-19 02:34:13 INFO Epoch 039 | Train Loss: 0.6537 | Val Loss: 0.7926 | Dice: 0.2698 | softDice: 0.2660 | clDice: 0.3772 | softclDice: 0.5803 | IoU: 0.1565 | Tversky: 0.2698 | Hausdorff: 717.4265 | HD95: 139.6818 | val_loss: 0.7926 | LR: 0.000125
2025-08-19 02:36:13 INFO Epoch 040 | Train Loss: 0.6712 | Val Loss: 0.8075 | Dice: 0.2719 | softDice: 0.2679 | clDice: 0.3645 | softclDice: 0.5607 | IoU: 0.1581 | Tversky: 0.2719 | Hausdorff: 719.0335 | HD95: 142.5322 | val_loss: 0.8075 | LR: 0.000125
2025-08-19 02:38:01 INFO Epoch 041 | Train Loss: 0.6587 | Val Loss: 0.7950 | Dice: 0.2771 | softDice: 0.2738 | clDice: 0.3809 | softclDice: 0.5389 | IoU: 0.1615 | Tversky: 0.2771 | Hausdorff: 671.2936 | HD95: 136.3135 | val_loss: 0.7950 | LR: 0.000063
2025-08-19 02:39:50 INFO Epoch 042 | Train Loss: 0.6555 | Val Loss: 0.7960 | Dice: 0.2780 | softDice: 0.2752 | clDice: 0.3804 | softclDice: 0.5361 | IoU: 0.1621 | Tversky: 0.2780 | Hausdorff: 671.9160 | HD95: 137.3179 | val_loss: 0.7960 | LR: 0.000063
2025-08-19 02:41:42 INFO Epoch 043 | Train Loss: 0.6423 | Val Loss: 0.7937 | Dice: 0.2811 | softDice: 0.2778 | clDice: 0.3847 | softclDice: 0.5305 | IoU: 0.1642 | Tversky: 0.2811 | Hausdorff: 672.0407 | HD95: 136.4619 | val_loss: 0.7937 | LR: 0.000063
2025-08-19 02:43:34 INFO Epoch 044 | Train Loss: 0.6414 | Val Loss: 0.7892 | Dice: 0.2823 | softDice: 0.2801 | clDice: 0.3889 | softclDice: 0.5201 | IoU: 0.1650 | Tversky: 0.2823 | Hausdorff: 711.7191 | HD95: 133.4605 | val_loss: 0.7892 | LR: 0.000063
2025-08-19 02:45:27 INFO Epoch 045 | Train Loss: 0.6436 | Val Loss: 0.7911 | Dice: 0.2833 | softDice: 0.2813 | clDice: 0.3872 | softclDice: 0.5148 | IoU: 0.1657 | Tversky: 0.2833 | Hausdorff: 671.4180 | HD95: 132.5122 | val_loss: 0.7911 | LR: 0.000063
2025-08-19 02:47:27 INFO Epoch 046 | Train Loss: 0.6395 | Val Loss: 0.7895 | Dice: 0.2852 | softDice: 0.2834 | clDice: 0.3909 | softclDice: 0.5129 | IoU: 0.1669 | Tversky: 0.2852 | Hausdorff: 712.3705 | HD95: 132.7081 | val_loss: 0.7895 | LR: 0.000063
2025-08-19 02:49:21 INFO Epoch 047 | Train Loss: 0.6349 | Val Loss: 0.7897 | Dice: 0.2870 | softDice: 0.2859 | clDice: 0.3910 | softclDice: 0.5078 | IoU: 0.1681 | Tversky: 0.2870 | Hausdorff: 672.0999 | HD95: 131.5564 | val_loss: 0.7897 | LR: 0.000031
2025-08-19 02:51:20 INFO Epoch 048 | Train Loss: 0.6342 | Val Loss: 0.7882 | Dice: 0.2888 | softDice: 0.2879 | clDice: 0.3938 | softclDice: 0.5008 | IoU: 0.1694 | Tversky: 0.2888 | Hausdorff: 711.3099 | HD95: 130.6246 | val_loss: 0.7882 | LR: 0.000031
2025-08-19 02:53:15 INFO Epoch 049 | Train Loss: 0.6367 | Val Loss: 0.7849 | Dice: 0.2864 | softDice: 0.2859 | clDice: 0.3939 | softclDice: 0.5015 | IoU: 0.1676 | Tversky: 0.2864 | Hausdorff: 713.5257 | HD95: 131.4823 | val_loss: 0.7849 | LR: 0.000031
2025-08-19 02:55:09 INFO Epoch 050 | Train Loss: 0.6363 | Val Loss: 0.7831 | Dice: 0.2850 | softDice: 0.2848 | clDice: 0.3945 | softclDice: 0.5012 | IoU: 0.1667 | Tversky: 0.2850 | Hausdorff: 722.8014 | HD95: 132.3859 | val_loss: 0.7831 | LR: 0.000031
2025-08-19 02:55:09 INFO Training completed.
2025-08-19 02:56:11 INFO Fold 2 results: Dice: 0.1301 | softDice: 0.1265 | clDice: 0.1587 | softclDice: 0.8536 | IoU: 0.0713 | Tversky: 0.1301 | Hausdorff: 926.2012 | HD95: 461.8375 | val_loss: 0.9234
2025-08-19 02:56:11 INFO ===== Fold 3 / 5 =====
2025-08-19 02:56:11 INFO Loading model unet with settings {'name': 'unet', 'encoder_name': 'se_resnext50_32x4d', 'encoder_weights': 'imagenet', 'classes': 1, 'activation': None, 'dropout': 0.2}
2025-08-19 02:58:06 INFO Epoch 001 | Train Loss: 0.7220 | Val Loss: 1.0000 | Dice: 0.2666 | softDice: 0.1894 | clDice: 0.2804 | softclDice: 0.7336 | IoU: 0.1543 | Tversky: 0.2666 | Hausdorff: 344.6434 | HD95: 117.1957 | val_loss: 1.0000 | LR: 0.001000
2025-08-19 03:00:01 INFO Epoch 002 | Train Loss: 0.5784 | Val Loss: 0.9744 | Dice: 0.4001 | softDice: 0.3825 | clDice: 0.4560 | softclDice: 0.5462 | IoU: 0.2506 | Tversky: 0.4001 | Hausdorff: 490.6450 | HD95: 87.6668 | val_loss: 0.9744 | LR: 0.001000
2025-08-19 03:01:58 INFO Epoch 003 | Train Loss: 0.5622 | Val Loss: 0.7839 | Dice: 0.3830 | softDice: 0.3746 | clDice: 0.4851 | softclDice: 0.4852 | IoU: 0.2375 | Tversky: 0.3830 | Hausdorff: 399.9679 | HD95: 78.3776 | val_loss: 0.7839 | LR: 0.001000
2025-08-19 03:03:57 INFO Epoch 004 | Train Loss: 0.5827 | Val Loss: 0.7894 | Dice: 0.3820 | softDice: 0.3740 | clDice: 0.4679 | softclDice: 0.4965 | IoU: 0.2365 | Tversky: 0.3820 | Hausdorff: 357.9722 | HD95: 79.3727 | val_loss: 0.7894 | LR: 0.001000
2025-08-19 03:05:53 INFO Epoch 005 | Train Loss: 0.6440 | Val Loss: 0.9503 | Dice: 0.3241 | softDice: 0.3070 | clDice: 0.3955 | softclDice: 0.5484 | IoU: 0.1937 | Tversky: 0.3241 | Hausdorff: 635.9323 | HD95: 125.8922 | val_loss: 0.9503 | LR: 0.001000
2025-08-19 03:07:47 INFO Epoch 006 | Train Loss: 0.6271 | Val Loss: 0.8287 | Dice: 0.2752 | softDice: 0.2694 | clDice: 0.3574 | softclDice: 0.5831 | IoU: 0.1601 | Tversky: 0.2752 | Hausdorff: 606.8211 | HD95: 194.0423 | val_loss: 0.8287 | LR: 0.001000
2025-08-19 03:09:47 INFO Epoch 007 | Train Loss: 0.6618 | Val Loss: 0.8144 | Dice: 0.3224 | softDice: 0.3119 | clDice: 0.3908 | softclDice: 0.5635 | IoU: 0.1924 | Tversky: 0.3224 | Hausdorff: 580.8602 | HD95: 121.8877 | val_loss: 0.8144 | LR: 0.001000
2025-08-19 03:11:43 INFO Epoch 008 | Train Loss: 0.6394 | Val Loss: 0.8325 | Dice: 0.2616 | softDice: 0.2589 | clDice: 0.3315 | softclDice: 0.5957 | IoU: 0.1507 | Tversky: 0.2616 | Hausdorff: 606.7403 | HD95: 127.7628 | val_loss: 0.8325 | LR: 0.001000
2025-08-19 03:13:41 INFO Epoch 009 | Train Loss: 0.6666 | Val Loss: 0.8259 | Dice: 0.3115 | softDice: 0.3051 | clDice: 0.3875 | softclDice: 0.5771 | IoU: 0.1847 | Tversky: 0.3115 | Hausdorff: 655.7425 | HD95: 126.3556 | val_loss: 0.8259 | LR: 0.000500
2025-08-19 03:15:38 INFO Epoch 010 | Train Loss: 0.6172 | Val Loss: 0.7972 | Dice: 0.3126 | softDice: 0.3088 | clDice: 0.4155 | softclDice: 0.5406 | IoU: 0.1855 | Tversky: 0.3126 | Hausdorff: 829.3982 | HD95: 135.8345 | val_loss: 0.7972 | LR: 0.000500
2025-08-19 03:17:35 INFO Epoch 011 | Train Loss: 0.6125 | Val Loss: 0.7953 | Dice: 0.3342 | softDice: 0.3281 | clDice: 0.4343 | softclDice: 0.5017 | IoU: 0.2008 | Tversky: 0.3342 | Hausdorff: 438.0682 | HD95: 114.5118 | val_loss: 0.7953 | LR: 0.000500
2025-08-19 03:19:35 INFO Epoch 012 | Train Loss: 0.5875 | Val Loss: 0.7787 | Dice: 0.3500 | softDice: 0.3452 | clDice: 0.4664 | softclDice: 0.4752 | IoU: 0.2124 | Tversky: 0.3500 | Hausdorff: 683.0014 | HD95: 111.6011 | val_loss: 0.7787 | LR: 0.000500
2025-08-19 03:21:30 INFO Epoch 013 | Train Loss: 0.6069 | Val Loss: 0.8014 | Dice: 0.2972 | softDice: 0.2918 | clDice: 0.4042 | softclDice: 0.5362 | IoU: 0.1748 | Tversky: 0.2972 | Hausdorff: 701.4762 | HD95: 151.7957 | val_loss: 0.8014 | LR: 0.000500
2025-08-19 03:23:27 INFO Epoch 014 | Train Loss: 0.5970 | Val Loss: 0.7829 | Dice: 0.3211 | softDice: 0.3174 | clDice: 0.4038 | softclDice: 0.4919 | IoU: 0.1916 | Tversky: 0.3211 | Hausdorff: 533.1336 | HD95: 148.4233 | val_loss: 0.7829 | LR: 0.000500
2025-08-19 03:25:25 INFO Epoch 015 | Train Loss: 0.6028 | Val Loss: 0.8124 | Dice: 0.2581 | softDice: 0.2574 | clDice: 0.3268 | softclDice: 0.5981 | IoU: 0.1486 | Tversky: 0.2581 | Hausdorff: 698.6360 | HD95: 147.3297 | val_loss: 0.8124 | LR: 0.000500
2025-08-19 03:27:22 INFO Epoch 016 | Train Loss: 0.6382 | Val Loss: 0.8197 | Dice: 0.2677 | softDice: 0.2716 | clDice: 0.3286 | softclDice: 0.7753 | IoU: 0.1547 | Tversky: 0.2677 | Hausdorff: 822.3823 | HD95: 202.8035 | val_loss: 0.8197 | LR: 0.000500
2025-08-19 03:29:23 INFO Epoch 017 | Train Loss: 0.6098 | Val Loss: 0.8008 | Dice: 0.2943 | softDice: 0.2930 | clDice: 0.3942 | softclDice: 0.6507 | IoU: 0.1727 | Tversky: 0.2943 | Hausdorff: 700.6702 | HD95: 190.7597 | val_loss: 0.8008 | LR: 0.000500
2025-08-19 03:31:17 INFO Epoch 018 | Train Loss: 0.6032 | Val Loss: 0.7940 | Dice: 0.3194 | softDice: 0.3170 | clDice: 0.3968 | softclDice: 0.5843 | IoU: 0.1903 | Tversky: 0.3194 | Hausdorff: 797.5642 | HD95: 185.3934 | val_loss: 0.7940 | LR: 0.000250
2025-08-19 03:33:13 INFO Epoch 019 | Train Loss: 0.5791 | Val Loss: 0.7802 | Dice: 0.3308 | softDice: 0.3265 | clDice: 0.4310 | softclDice: 0.6060 | IoU: 0.1984 | Tversky: 0.3308 | Hausdorff: 791.0545 | HD95: 171.4584 | val_loss: 0.7802 | LR: 0.000250
2025-08-19 03:35:09 INFO Epoch 020 | Train Loss: 0.5844 | Val Loss: 0.7960 | Dice: 0.3472 | softDice: 0.3425 | clDice: 0.4282 | softclDice: 0.6003 | IoU: 0.2104 | Tversky: 0.3472 | Hausdorff: 634.3262 | HD95: 142.4534 | val_loss: 0.7960 | LR: 0.000250
2025-08-19 03:37:05 INFO Epoch 021 | Train Loss: 0.5755 | Val Loss: 0.7897 | Dice: 0.3299 | softDice: 0.3317 | clDice: 0.4369 | softclDice: 0.6551 | IoU: 0.1980 | Tversky: 0.3299 | Hausdorff: 642.3202 | HD95: 140.5643 | val_loss: 0.7897 | LR: 0.000250
2025-08-19 03:39:02 INFO Epoch 022 | Train Loss: 0.5880 | Val Loss: 0.7817 | Dice: 0.3695 | softDice: 0.3633 | clDice: 0.4673 | softclDice: 0.5177 | IoU: 0.2270 | Tversky: 0.3695 | Hausdorff: 720.1808 | HD95: 91.8911 | val_loss: 0.7817 | LR: 0.000250
2025-08-19 03:40:54 INFO Epoch 023 | Train Loss: 0.5668 | Val Loss: 0.7823 | Dice: 0.3434 | softDice: 0.3423 | clDice: 0.4490 | softclDice: 0.5311 | IoU: 0.2076 | Tversky: 0.3434 | Hausdorff: 739.2401 | HD95: 148.4519 | val_loss: 0.7823 | LR: 0.000250
2025-08-19 03:42:50 INFO Epoch 024 | Train Loss: 0.5691 | Val Loss: 0.7809 | Dice: 0.3665 | softDice: 0.3651 | clDice: 0.4623 | softclDice: 0.5040 | IoU: 0.2247 | Tversky: 0.3665 | Hausdorff: 480.3287 | HD95: 97.6056 | val_loss: 0.7809 | LR: 0.000125
2025-08-19 03:44:44 INFO Epoch 025 | Train Loss: 0.5519 | Val Loss: 0.7824 | Dice: 0.3760 | softDice: 0.3736 | clDice: 0.4766 | softclDice: 0.5007 | IoU: 0.2318 | Tversky: 0.3760 | Hausdorff: 472.8607 | HD95: 90.2930 | val_loss: 0.7824 | LR: 0.000125
2025-08-19 03:46:34 INFO Epoch 026 | Train Loss: 0.5494 | Val Loss: 0.7799 | Dice: 0.3885 | softDice: 0.3844 | clDice: 0.4920 | softclDice: 0.4810 | IoU: 0.2415 | Tversky: 0.3885 | Hausdorff: 471.2097 | HD95: 78.2381 | val_loss: 0.7799 | LR: 0.000125
2025-08-19 03:48:28 INFO Epoch 027 | Train Loss: 0.5488 | Val Loss: 0.7795 | Dice: 0.3903 | softDice: 0.3870 | clDice: 0.4934 | softclDice: 0.4724 | IoU: 0.2429 | Tversky: 0.3903 | Hausdorff: 468.1804 | HD95: 80.7766 | val_loss: 0.7795 | LR: 0.000125
2025-08-19 03:50:20 INFO Epoch 028 | Train Loss: 0.5527 | Val Loss: 0.7800 | Dice: 0.3935 | softDice: 0.3894 | clDice: 0.4969 | softclDice: 0.4725 | IoU: 0.2453 | Tversky: 0.3935 | Hausdorff: 459.0666 | HD95: 76.9122 | val_loss: 0.7800 | LR: 0.000125
2025-08-19 03:52:12 INFO Epoch 029 | Train Loss: 0.5419 | Val Loss: 0.7754 | Dice: 0.3949 | softDice: 0.3905 | clDice: 0.5057 | softclDice: 0.4721 | IoU: 0.2464 | Tversky: 0.3949 | Hausdorff: 425.2951 | HD95: 74.1525 | val_loss: 0.7754 | LR: 0.000125
2025-08-19 03:54:09 INFO Epoch 030 | Train Loss: 0.5454 | Val Loss: 0.7660 | Dice: 0.3922 | softDice: 0.3896 | clDice: 0.5075 | softclDice: 0.4665 | IoU: 0.2442 | Tversky: 0.3922 | Hausdorff: 460.1220 | HD95: 79.2309 | val_loss: 0.7660 | LR: 0.000125
2025-08-19 03:55:59 INFO Epoch 031 | Train Loss: 0.5390 | Val Loss: 0.7664 | Dice: 0.3784 | softDice: 0.3773 | clDice: 0.4919 | softclDice: 0.4731 | IoU: 0.2336 | Tversky: 0.3784 | Hausdorff: 585.2295 | HD95: 95.6199 | val_loss: 0.7664 | LR: 0.000125
2025-08-19 03:57:54 INFO Epoch 032 | Train Loss: 0.5419 | Val Loss: 0.7717 | Dice: 0.3890 | softDice: 0.3876 | clDice: 0.4976 | softclDice: 0.4878 | IoU: 0.2418 | Tversky: 0.3890 | Hausdorff: 587.0549 | HD95: 89.2664 | val_loss: 0.7717 | LR: 0.000125
2025-08-19 03:59:42 INFO Epoch 033 | Train Loss: 0.5412 | Val Loss: 0.7989 | Dice: 0.3931 | softDice: 0.3907 | clDice: 0.5056 | softclDice: 0.5366 | IoU: 0.2449 | Tversky: 0.3931 | Hausdorff: 470.6359 | HD95: 80.9221 | val_loss: 0.7989 | LR: 0.000125
2025-08-19 04:01:35 INFO Epoch 034 | Train Loss: 0.5434 | Val Loss: 0.7684 | Dice: 0.3813 | softDice: 0.3811 | clDice: 0.4955 | softclDice: 0.4708 | IoU: 0.2359 | Tversky: 0.3813 | Hausdorff: 464.5226 | HD95: 87.8254 | val_loss: 0.7684 | LR: 0.000125
2025-08-19 04:03:33 INFO Epoch 035 | Train Loss: 0.5326 | Val Loss: 0.7716 | Dice: 0.3883 | softDice: 0.3872 | clDice: 0.4979 | softclDice: 0.4851 | IoU: 0.2413 | Tversky: 0.3883 | Hausdorff: 461.1616 | HD95: 79.1954 | val_loss: 0.7716 | LR: 0.000125
2025-08-19 04:05:33 INFO Epoch 036 | Train Loss: 0.5352 | Val Loss: 0.7725 | Dice: 0.3788 | softDice: 0.3793 | clDice: 0.4872 | softclDice: 0.4875 | IoU: 0.2340 | Tversky: 0.3788 | Hausdorff: 442.7464 | HD95: 93.0750 | val_loss: 0.7725 | LR: 0.000063
2025-08-19 04:07:32 INFO Epoch 037 | Train Loss: 0.5370 | Val Loss: 0.7654 | Dice: 0.3828 | softDice: 0.3831 | clDice: 0.4962 | softclDice: 0.4819 | IoU: 0.2370 | Tversky: 0.3828 | Hausdorff: 411.9748 | HD95: 91.5198 | val_loss: 0.7654 | LR: 0.000063
2025-08-19 04:09:21 INFO Epoch 038 | Train Loss: 0.5365 | Val Loss: 0.7686 | Dice: 0.3871 | softDice: 0.3873 | clDice: 0.4957 | softclDice: 0.4772 | IoU: 0.2403 | Tversky: 0.3871 | Hausdorff: 407.7605 | HD95: 85.9499 | val_loss: 0.7686 | LR: 0.000063
2025-08-19 04:11:08 INFO Epoch 039 | Train Loss: 0.5422 | Val Loss: 0.7716 | Dice: 0.3824 | softDice: 0.3832 | clDice: 0.4879 | softclDice: 0.4843 | IoU: 0.2366 | Tversky: 0.3824 | Hausdorff: 439.7273 | HD95: 88.0443 | val_loss: 0.7716 | LR: 0.000063
2025-08-19 04:12:53 INFO Epoch 040 | Train Loss: 0.5350 | Val Loss: 0.7647 | Dice: 0.3853 | softDice: 0.3851 | clDice: 0.5001 | softclDice: 0.4955 | IoU: 0.2388 | Tversky: 0.3853 | Hausdorff: 423.1340 | HD95: 80.8063 | val_loss: 0.7647 | LR: 0.000063
2025-08-19 04:14:37 INFO Epoch 041 | Train Loss: 0.5265 | Val Loss: 0.7778 | Dice: 0.3943 | softDice: 0.3921 | clDice: 0.5096 | softclDice: 0.5413 | IoU: 0.2459 | Tversky: 0.3943 | Hausdorff: 428.4296 | HD95: 69.8714 | val_loss: 0.7778 | LR: 0.000063
2025-08-19 04:16:22 INFO Epoch 042 | Train Loss: 0.5400 | Val Loss: 0.7621 | Dice: 0.4021 | softDice: 0.3990 | clDice: 0.5138 | softclDice: 0.4576 | IoU: 0.2520 | Tversky: 0.4021 | Hausdorff: 295.5718 | HD95: 66.4779 | val_loss: 0.7621 | LR: 0.000063
2025-08-19 04:18:07 INFO Epoch 043 | Train Loss: 0.5371 | Val Loss: 0.7555 | Dice: 0.3863 | softDice: 0.3871 | clDice: 0.5016 | softclDice: 0.4720 | IoU: 0.2397 | Tversky: 0.3863 | Hausdorff: 376.1592 | HD95: 78.6620 | val_loss: 0.7555 | LR: 0.000063
2025-08-19 04:19:53 INFO Epoch 044 | Train Loss: 0.5274 | Val Loss: 0.7531 | Dice: 0.3910 | softDice: 0.3905 | clDice: 0.5123 | softclDice: 0.4886 | IoU: 0.2433 | Tversky: 0.3910 | Hausdorff: 358.2170 | HD95: 75.0938 | val_loss: 0.7531 | LR: 0.000063
2025-08-19 04:21:38 INFO Epoch 045 | Train Loss: 0.5384 | Val Loss: 0.7633 | Dice: 0.3893 | softDice: 0.3882 | clDice: 0.4991 | softclDice: 0.4967 | IoU: 0.2422 | Tversky: 0.3893 | Hausdorff: 418.9095 | HD95: 74.8254 | val_loss: 0.7633 | LR: 0.000063
2025-08-19 04:23:25 INFO Epoch 046 | Train Loss: 0.5450 | Val Loss: 0.7595 | Dice: 0.3994 | softDice: 0.3970 | clDice: 0.5130 | softclDice: 0.4707 | IoU: 0.2500 | Tversky: 0.3994 | Hausdorff: 333.4826 | HD95: 69.0639 | val_loss: 0.7595 | LR: 0.000063
2025-08-19 04:25:11 INFO Epoch 047 | Train Loss: 0.5381 | Val Loss: 0.7665 | Dice: 0.4048 | softDice: 0.3989 | clDice: 0.5209 | softclDice: 0.4556 | IoU: 0.2543 | Tversky: 0.4048 | Hausdorff: 418.3391 | HD95: 65.3307 | val_loss: 0.7665 | LR: 0.000063
2025-08-19 04:26:59 INFO Epoch 048 | Train Loss: 0.5399 | Val Loss: 0.7665 | Dice: 0.4095 | softDice: 0.4056 | clDice: 0.5200 | softclDice: 0.4549 | IoU: 0.2580 | Tversky: 0.4095 | Hausdorff: 341.2547 | HD95: 60.8851 | val_loss: 0.7665 | LR: 0.000063
2025-08-19 04:28:47 INFO Epoch 049 | Train Loss: 0.5288 | Val Loss: 0.7656 | Dice: 0.4143 | softDice: 0.4085 | clDice: 0.5266 | softclDice: 0.4704 | IoU: 0.2617 | Tversky: 0.4143 | Hausdorff: 340.1192 | HD95: 58.6181 | val_loss: 0.7656 | LR: 0.000063
2025-08-19 04:30:39 INFO Epoch 050 | Train Loss: 0.5295 | Val Loss: 0.7661 | Dice: 0.4170 | softDice: 0.4123 | clDice: 0.5302 | softclDice: 0.4543 | IoU: 0.2637 | Tversky: 0.4170 | Hausdorff: 316.0477 | HD95: 59.1055 | val_loss: 0.7661 | LR: 0.000031
2025-08-19 04:30:39 INFO Training completed.
2025-08-19 04:31:45 INFO Fold 3 results: Dice: 0.2677 | softDice: 0.2716 | clDice: 0.3286 | softclDice: 0.7753 | IoU: 0.1547 | Tversky: 0.2677 | Hausdorff: 822.3823 | HD95: 202.8035 | val_loss: 0.8197
2025-08-19 04:31:45 INFO ===== Fold 4 / 5 =====
2025-08-19 04:31:45 INFO Loading model unet with settings {'name': 'unet', 'encoder_name': 'se_resnext50_32x4d', 'encoder_weights': 'imagenet', 'classes': 1, 'activation': None, 'dropout': 0.2}
2025-08-19 04:33:42 INFO Epoch 001 | Train Loss: 0.7435 | Val Loss: 1.0000 | Dice: 0.2463 | softDice: 0.1819 | clDice: 0.3843 | softclDice: 0.5859 | IoU: 0.1410 | Tversky: 0.2463 | Hausdorff: 630.5183 | HD95: 161.6981 | val_loss: 1.0000 | LR: 0.001000
2025-08-19 04:35:40 INFO Epoch 002 | Train Loss: 0.6197 | Val Loss: 0.9415 | Dice: 0.3248 | softDice: 0.2994 | clDice: 0.4327 | softclDice: 0.4965 | IoU: 0.1949 | Tversky: 0.3248 | Hausdorff: 440.9474 | HD95: 105.3786 | val_loss: 0.9415 | LR: 0.001000
2025-08-19 04:37:36 INFO Epoch 003 | Train Loss: 0.6018 | Val Loss: 0.8193 | Dice: 0.2933 | softDice: 0.2819 | clDice: 0.3563 | softclDice: 0.5794 | IoU: 0.1725 | Tversky: 0.2933 | Hausdorff: 584.1604 | HD95: 161.9266 | val_loss: 0.8193 | LR: 0.001000
2025-08-19 04:39:28 INFO Epoch 004 | Train Loss: 0.6952 | Val Loss: 0.8912 | Dice: 0.2768 | softDice: 0.2673 | clDice: 0.3474 | softclDice: 0.5515 | IoU: 0.1611 | Tversky: 0.2768 | Hausdorff: 514.5337 | HD95: 128.3336 | val_loss: 0.8912 | LR: 0.001000
2025-08-19 04:41:28 INFO Epoch 005 | Train Loss: 0.7431 | Val Loss: 0.9016 | Dice: 0.2376 | softDice: 0.2335 | clDice: 0.3317 | softclDice: 0.6054 | IoU: 0.1351 | Tversky: 0.2376 | Hausdorff: 626.1313 | HD95: 145.5359 | val_loss: 0.9016 | LR: 0.001000
2025-08-19 04:43:20 INFO Epoch 006 | Train Loss: 0.6900 | Val Loss: 0.8198 | Dice: 0.2460 | softDice: 0.2402 | clDice: 0.3269 | softclDice: 0.6534 | IoU: 0.1407 | Tversky: 0.2460 | Hausdorff: 774.8351 | HD95: 157.6784 | val_loss: 0.8198 | LR: 0.001000
2025-08-19 04:45:19 INFO Epoch 007 | Train Loss: 0.7085 | Val Loss: 0.8802 | Dice: 0.2215 | softDice: 0.2186 | clDice: 0.3189 | softclDice: 0.6096 | IoU: 0.1249 | Tversky: 0.2215 | Hausdorff: 626.9706 | HD95: 225.0012 | val_loss: 0.8802 | LR: 0.001000
2025-08-19 04:47:14 INFO Epoch 008 | Train Loss: 0.6823 | Val Loss: 0.8252 | Dice: 0.2399 | softDice: 0.2432 | clDice: 0.3658 | softclDice: 0.6156 | IoU: 0.1370 | Tversky: 0.2399 | Hausdorff: 689.4111 | HD95: 153.8553 | val_loss: 0.8252 | LR: 0.001000
2025-08-19 04:49:14 INFO Epoch 009 | Train Loss: 0.6821 | Val Loss: 0.7875 | Dice: 0.2197 | softDice: 0.2211 | clDice: 0.3305 | softclDice: 0.5704 | IoU: 0.1238 | Tversky: 0.2197 | Hausdorff: 756.9948 | HD95: 179.4061 | val_loss: 0.7875 | LR: 0.001000
2025-08-19 04:51:09 INFO Epoch 010 | Train Loss: 0.6645 | Val Loss: 0.7719 | Dice: 0.2215 | softDice: 0.2216 | clDice: 0.3548 | softclDice: 0.6219 | IoU: 0.1249 | Tversky: 0.2215 | Hausdorff: 747.4278 | HD95: 192.7390 | val_loss: 0.7719 | LR: 0.001000
2025-08-19 04:53:07 INFO Epoch 011 | Train Loss: 0.6689 | Val Loss: 0.7787 | Dice: 0.2046 | softDice: 0.2090 | clDice: 0.3298 | softclDice: 0.4915 | IoU: 0.1145 | Tversky: 0.2046 | Hausdorff: 691.9320 | HD95: 177.7052 | val_loss: 0.7787 | LR: 0.001000
2025-08-19 04:55:05 INFO Epoch 012 | Train Loss: 0.7595 | Val Loss: 0.9000 | Dice: 0.1176 | softDice: 0.1131 | clDice: 0.1563 | softclDice: 0.8341 | IoU: 0.0633 | Tversky: 0.1176 | Hausdorff: 697.4800 | HD95: 384.0448 | val_loss: 0.9000 | LR: 0.001000
2025-08-19 04:57:03 INFO Epoch 013 | Train Loss: 0.7709 | Val Loss: 0.9466 | Dice: 0.0570 | softDice: 0.0568 | clDice: 0.0579 | softclDice: 0.8979 | IoU: 0.0296 | Tversky: 0.0570 | Hausdorff: 774.6413 | HD95: 443.7312 | val_loss: 0.9466 | LR: 0.001000
2025-08-19 04:59:06 INFO Epoch 014 | Train Loss: 0.7995 | Val Loss: 0.8896 | Dice: 0.1557 | softDice: 0.1488 | clDice: 0.2153 | softclDice: 0.7718 | IoU: 0.0847 | Tversky: 0.1557 | Hausdorff: 682.4003 | HD95: 310.3056 | val_loss: 0.8896 | LR: 0.001000
2025-08-19 05:01:06 INFO Epoch 015 | Train Loss: 0.8163 | Val Loss: 0.8732 | Dice: 0.2244 | softDice: 0.2252 | clDice: 0.3124 | softclDice: 0.7403 | IoU: 0.1269 | Tversky: 0.2244 | Hausdorff: 667.0779 | HD95: 162.1598 | val_loss: 0.8732 | LR: 0.001000
2025-08-19 05:03:08 INFO Epoch 016 | Train Loss: 0.7748 | Val Loss: 0.8903 | Dice: 0.1684 | softDice: 0.1601 | clDice: 0.2428 | softclDice: 0.7360 | IoU: 0.0922 | Tversky: 0.1684 | Hausdorff: 734.0053 | HD95: 181.1431 | val_loss: 0.8903 | LR: 0.000500
2025-08-19 05:05:00 INFO Epoch 017 | Train Loss: 0.7596 | Val Loss: 0.8679 | Dice: 0.2306 | softDice: 0.2281 | clDice: 0.3178 | softclDice: 0.6850 | IoU: 0.1306 | Tversky: 0.2306 | Hausdorff: 693.6708 | HD95: 147.1036 | val_loss: 0.8679 | LR: 0.000500
2025-08-19 05:06:55 INFO Epoch 018 | Train Loss: 0.7492 | Val Loss: 0.8673 | Dice: 0.2075 | softDice: 0.2048 | clDice: 0.2861 | softclDice: 0.6828 | IoU: 0.1161 | Tversky: 0.2075 | Hausdorff: 668.7705 | HD95: 177.9245 | val_loss: 0.8673 | LR: 0.000500
2025-08-19 05:08:50 INFO Epoch 019 | Train Loss: 0.7531 | Val Loss: 0.8658 | Dice: 0.2157 | softDice: 0.2124 | clDice: 0.2937 | softclDice: 0.6728 | IoU: 0.1213 | Tversky: 0.2157 | Hausdorff: 656.6674 | HD95: 182.8613 | val_loss: 0.8658 | LR: 0.000500
2025-08-19 05:10:52 INFO Epoch 020 | Train Loss: 0.7458 | Val Loss: 0.8616 | Dice: 0.2153 | softDice: 0.2121 | clDice: 0.2981 | softclDice: 0.6638 | IoU: 0.1210 | Tversky: 0.2153 | Hausdorff: 670.1959 | HD95: 182.4964 | val_loss: 0.8616 | LR: 0.000500
2025-08-19 05:12:47 INFO Epoch 021 | Train Loss: 0.7450 | Val Loss: 0.8510 | Dice: 0.2250 | softDice: 0.2211 | clDice: 0.3143 | softclDice: 0.6645 | IoU: 0.1270 | Tversky: 0.2250 | Hausdorff: 725.9453 | HD95: 167.3791 | val_loss: 0.8510 | LR: 0.000500
2025-08-19 05:14:45 INFO Epoch 022 | Train Loss: 0.7386 | Val Loss: 0.8444 | Dice: 0.2222 | softDice: 0.2186 | clDice: 0.3082 | softclDice: 0.6552 | IoU: 0.1252 | Tversky: 0.2222 | Hausdorff: 708.1306 | HD95: 166.6412 | val_loss: 0.8444 | LR: 0.000250
2025-08-19 05:16:48 INFO Epoch 023 | Train Loss: 0.7254 | Val Loss: 0.8352 | Dice: 0.2194 | softDice: 0.2178 | clDice: 0.3292 | softclDice: 0.6499 | IoU: 0.1234 | Tversky: 0.2194 | Hausdorff: 725.0170 | HD95: 152.5645 | val_loss: 0.8352 | LR: 0.000250
2025-08-19 05:18:53 INFO Epoch 024 | Train Loss: 0.7289 | Val Loss: 0.8354 | Dice: 0.2172 | softDice: 0.2159 | clDice: 0.3179 | softclDice: 0.6768 | IoU: 0.1220 | Tversky: 0.2172 | Hausdorff: 727.0880 | HD95: 173.7020 | val_loss: 0.8354 | LR: 0.000250
2025-08-19 05:20:56 INFO Epoch 025 | Train Loss: 0.7185 | Val Loss: 0.8295 | Dice: 0.2195 | softDice: 0.2177 | clDice: 0.3203 | softclDice: 0.7053 | IoU: 0.1235 | Tversky: 0.2195 | Hausdorff: 754.8074 | HD95: 175.9056 | val_loss: 0.8295 | LR: 0.000250
2025-08-19 05:22:56 INFO Epoch 026 | Train Loss: 0.7232 | Val Loss: 0.8413 | Dice: 0.2022 | softDice: 0.1984 | clDice: 0.2692 | softclDice: 0.8314 | IoU: 0.1127 | Tversky: 0.2022 | Hausdorff: 774.8351 | HD95: 200.4641 | val_loss: 0.8413 | LR: 0.000250
2025-08-19 05:24:55 INFO Epoch 027 | Train Loss: 0.7737 | Val Loss: 0.8420 | Dice: 0.2091 | softDice: 0.2049 | clDice: 0.3068 | softclDice: 0.7113 | IoU: 0.1170 | Tversky: 0.2091 | Hausdorff: 724.8991 | HD95: 162.8341 | val_loss: 0.8420 | LR: 0.000250
2025-08-19 05:26:52 INFO Epoch 028 | Train Loss: 0.7240 | Val Loss: 0.8398 | Dice: 0.1973 | softDice: 0.1951 | clDice: 0.2866 | softclDice: 0.6522 | IoU: 0.1097 | Tversky: 0.1973 | Hausdorff: 724.8253 | HD95: 167.8524 | val_loss: 0.8398 | LR: 0.000125
2025-08-19 05:28:48 INFO Epoch 029 | Train Loss: 0.7192 | Val Loss: 0.8378 | Dice: 0.1968 | softDice: 0.1944 | clDice: 0.2847 | softclDice: 0.6756 | IoU: 0.1095 | Tversky: 0.1968 | Hausdorff: 751.0166 | HD95: 170.4427 | val_loss: 0.8378 | LR: 0.000125
2025-08-19 05:30:47 INFO Epoch 030 | Train Loss: 0.7145 | Val Loss: 0.8309 | Dice: 0.2050 | softDice: 0.2026 | clDice: 0.2978 | softclDice: 0.6680 | IoU: 0.1145 | Tversky: 0.2050 | Hausdorff: 755.1268 | HD95: 169.0342 | val_loss: 0.8309 | LR: 0.000125
2025-08-19 05:32:43 INFO Epoch 031 | Train Loss: 0.7158 | Val Loss: 0.8289 | Dice: 0.2078 | softDice: 0.2059 | clDice: 0.3041 | softclDice: 0.6386 | IoU: 0.1161 | Tversky: 0.2078 | Hausdorff: 755.7563 | HD95: 171.1054 | val_loss: 0.8289 | LR: 0.000125
2025-08-19 05:34:40 INFO Epoch 032 | Train Loss: 0.7128 | Val Loss: 0.8147 | Dice: 0.2165 | softDice: 0.2142 | clDice: 0.3062 | softclDice: 0.6585 | IoU: 0.1217 | Tversky: 0.2165 | Hausdorff: 752.4771 | HD95: 172.3937 | val_loss: 0.8147 | LR: 0.000125
2025-08-19 05:36:41 INFO Epoch 033 | Train Loss: 0.7072 | Val Loss: 0.8122 | Dice: 0.2143 | softDice: 0.2111 | clDice: 0.2983 | softclDice: 0.6761 | IoU: 0.1203 | Tversky: 0.2143 | Hausdorff: 756.4716 | HD95: 178.6754 | val_loss: 0.8122 | LR: 0.000125
2025-08-19 05:38:43 INFO Epoch 034 | Train Loss: 0.6991 | Val Loss: 0.8169 | Dice: 0.2166 | softDice: 0.2130 | clDice: 0.3188 | softclDice: 0.6509 | IoU: 0.1217 | Tversky: 0.2166 | Hausdorff: 752.1923 | HD95: 170.7555 | val_loss: 0.8169 | LR: 0.000063
2025-08-19 05:40:47 INFO Epoch 035 | Train Loss: 0.6891 | Val Loss: 0.8105 | Dice: 0.2168 | softDice: 0.2134 | clDice: 0.3223 | softclDice: 0.6689 | IoU: 0.1218 | Tversky: 0.2168 | Hausdorff: 753.8285 | HD95: 169.6872 | val_loss: 0.8105 | LR: 0.000063
2025-08-19 05:42:51 INFO Epoch 036 | Train Loss: 0.6905 | Val Loss: 0.8058 | Dice: 0.2162 | softDice: 0.2127 | clDice: 0.3267 | softclDice: 0.6792 | IoU: 0.1215 | Tversky: 0.2162 | Hausdorff: 752.4771 | HD95: 170.1766 | val_loss: 0.8058 | LR: 0.000063
2025-08-19 05:44:57 INFO Epoch 037 | Train Loss: 0.6969 | Val Loss: 0.8053 | Dice: 0.2144 | softDice: 0.2112 | clDice: 0.3209 | softclDice: 0.6986 | IoU: 0.1203 | Tversky: 0.2144 | Hausdorff: 757.7433 | HD95: 169.5333 | val_loss: 0.8053 | LR: 0.000063
2025-08-19 05:46:51 INFO Epoch 038 | Train Loss: 0.7003 | Val Loss: 0.8064 | Dice: 0.2149 | softDice: 0.2122 | clDice: 0.3232 | softclDice: 0.7145 | IoU: 0.1207 | Tversky: 0.2149 | Hausdorff: 757.7433 | HD95: 168.6796 | val_loss: 0.8064 | LR: 0.000063
2025-08-19 05:48:45 INFO Epoch 039 | Train Loss: 0.6977 | Val Loss: 0.8155 | Dice: 0.2157 | softDice: 0.2119 | clDice: 0.3167 | softclDice: 0.6780 | IoU: 0.1211 | Tversky: 0.2157 | Hausdorff: 754.5131 | HD95: 173.5127 | val_loss: 0.8155 | LR: 0.000063
2025-08-19 05:50:40 INFO Epoch 040 | Train Loss: 0.6964 | Val Loss: 0.8126 | Dice: 0.2139 | softDice: 0.2100 | clDice: 0.3166 | softclDice: 0.6653 | IoU: 0.1200 | Tversky: 0.2139 | Hausdorff: 752.4771 | HD95: 170.9255 | val_loss: 0.8126 | LR: 0.000031
2025-08-19 05:52:34 INFO Epoch 041 | Train Loss: 0.6911 | Val Loss: 0.8096 | Dice: 0.2147 | softDice: 0.2115 | clDice: 0.3115 | softclDice: 0.6872 | IoU: 0.1205 | Tversky: 0.2147 | Hausdorff: 755.4704 | HD95: 167.9435 | val_loss: 0.8096 | LR: 0.000031
2025-08-19 05:54:30 INFO Epoch 042 | Train Loss: 0.6941 | Val Loss: 0.8106 | Dice: 0.2144 | softDice: 0.2113 | clDice: 0.3191 | softclDice: 0.6879 | IoU: 0.1203 | Tversky: 0.2144 | Hausdorff: 757.7433 | HD95: 168.8661 | val_loss: 0.8106 | LR: 0.000031
2025-08-19 05:56:26 INFO Epoch 043 | Train Loss: 0.6941 | Val Loss: 0.8050 | Dice: 0.2141 | softDice: 0.2112 | clDice: 0.3201 | softclDice: 0.6722 | IoU: 0.1202 | Tversky: 0.2141 | Hausdorff: 755.7072 | HD95: 167.6639 | val_loss: 0.8050 | LR: 0.000031
2025-08-19 05:58:21 INFO Epoch 044 | Train Loss: 0.6838 | Val Loss: 0.8059 | Dice: 0.2153 | softDice: 0.2126 | clDice: 0.3144 | softclDice: 0.6883 | IoU: 0.1209 | Tversky: 0.2153 | Hausdorff: 774.8351 | HD95: 173.2707 | val_loss: 0.8059 | LR: 0.000031
2025-08-19 06:00:17 INFO Epoch 045 | Train Loss: 0.6893 | Val Loss: 0.8029 | Dice: 0.2135 | softDice: 0.2111 | clDice: 0.3156 | softclDice: 0.6817 | IoU: 0.1198 | Tversky: 0.2135 | Hausdorff: 771.7667 | HD95: 168.8348 | val_loss: 0.8029 | LR: 0.000031
2025-08-19 06:02:13 INFO Epoch 046 | Train Loss: 0.6833 | Val Loss: 0.7978 | Dice: 0.2122 | softDice: 0.2104 | clDice: 0.3123 | softclDice: 0.6818 | IoU: 0.1190 | Tversky: 0.2122 | Hausdorff: 769.5712 | HD95: 167.9624 | val_loss: 0.7978 | LR: 0.000016
2025-08-19 06:04:10 INFO Epoch 047 | Train Loss: 0.6919 | Val Loss: 0.7983 | Dice: 0.2128 | softDice: 0.2111 | clDice: 0.3052 | softclDice: 0.6820 | IoU: 0.1194 | Tversky: 0.2128 | Hausdorff: 769.5712 | HD95: 170.8992 | val_loss: 0.7983 | LR: 0.000016
2025-08-19 06:06:08 INFO Epoch 048 | Train Loss: 0.6939 | Val Loss: 0.7944 | Dice: 0.2119 | softDice: 0.2103 | clDice: 0.3178 | softclDice: 0.6839 | IoU: 0.1188 | Tversky: 0.2119 | Hausdorff: 770.7391 | HD95: 170.0401 | val_loss: 0.7944 | LR: 0.000016
2025-08-19 06:08:03 INFO Epoch 049 | Train Loss: 0.6708 | Val Loss: 0.7958 | Dice: 0.2121 | softDice: 0.2102 | clDice: 0.3154 | softclDice: 0.6905 | IoU: 0.1189 | Tversky: 0.2121 | Hausdorff: 771.7852 | HD95: 172.1450 | val_loss: 0.7958 | LR: 0.000016
2025-08-19 06:09:59 INFO Epoch 050 | Train Loss: 0.6811 | Val Loss: 0.7951 | Dice: 0.2128 | softDice: 0.2109 | clDice: 0.3183 | softclDice: 0.6784 | IoU: 0.1194 | Tversky: 0.2128 | Hausdorff: 771.7903 | HD95: 172.6294 | val_loss: 0.7951 | LR: 0.000016
2025-08-19 06:09:59 INFO Training completed.
2025-08-19 06:10:59 INFO Fold 4 results: Dice: 0.0570 | softDice: 0.0568 | clDice: 0.0579 | softclDice: 0.8979 | IoU: 0.0296 | Tversky: 0.0570 | Hausdorff: 774.6413 | HD95: 443.7312 | val_loss: 0.9466
2025-08-19 06:10:59 INFO ===== Fold 5 / 5 =====
2025-08-19 06:10:59 INFO Loading model unet with settings {'name': 'unet', 'encoder_name': 'se_resnext50_32x4d', 'encoder_weights': 'imagenet', 'classes': 1, 'activation': None, 'dropout': 0.2}
2025-08-19 06:12:43 INFO Epoch 001 | Train Loss: 0.7249 | Val Loss: 1.0000 | Dice: 0.3026 | softDice: 0.2246 | clDice: 0.4139 | softclDice: 0.5737 | IoU: 0.1785 | Tversky: 0.3026 | Hausdorff: 603.6078 | HD95: 98.6023 | val_loss: 1.0000 | LR: 0.001000
2025-08-19 06:14:29 INFO Epoch 002 | Train Loss: 0.6085 | Val Loss: 0.8955 | Dice: 0.1760 | softDice: 0.1633 | clDice: 0.2230 | softclDice: 0.7422 | IoU: 0.0969 | Tversky: 0.1760 | Hausdorff: 587.9164 | HD95: 191.6862 | val_loss: 0.8955 | LR: 0.001000
2025-08-19 06:16:15 INFO Epoch 003 | Train Loss: 0.6238 | Val Loss: 0.8268 | Dice: 0.3060 | softDice: 0.2896 | clDice: 0.4107 | softclDice: 0.5759 | IoU: 0.1812 | Tversky: 0.3060 | Hausdorff: 413.3387 | HD95: 103.8677 | val_loss: 0.8268 | LR: 0.001000
2025-08-19 06:18:02 INFO Epoch 004 | Train Loss: 0.6233 | Val Loss: 0.8157 | Dice: 0.2743 | softDice: 0.2707 | clDice: 0.3600 | softclDice: 0.5599 | IoU: 0.1600 | Tversky: 0.2743 | Hausdorff: 709.1203 | HD95: 157.0445 | val_loss: 0.8157 | LR: 0.001000
2025-08-19 06:19:48 INFO Epoch 005 | Train Loss: 0.6143 | Val Loss: 0.8068 | Dice: 0.3033 | softDice: 0.2952 | clDice: 0.3995 | softclDice: 0.5463 | IoU: 0.1794 | Tversky: 0.3033 | Hausdorff: 757.4269 | HD95: 112.3575 | val_loss: 0.8068 | LR: 0.001000
2025-08-19 06:21:40 INFO Epoch 006 | Train Loss: 0.6703 | Val Loss: 0.8620 | Dice: 0.2204 | softDice: 0.2230 | clDice: 0.3173 | softclDice: 0.6819 | IoU: 0.1250 | Tversky: 0.2204 | Hausdorff: 658.5010 | HD95: 281.0879 | val_loss: 0.8620 | LR: 0.001000
2025-08-19 06:23:29 INFO Epoch 007 | Train Loss: 0.6374 | Val Loss: 0.7950 | Dice: 0.2291 | softDice: 0.2287 | clDice: 0.3028 | softclDice: 0.5728 | IoU: 0.1301 | Tversky: 0.2291 | Hausdorff: 689.7450 | HD95: 182.2565 | val_loss: 0.7950 | LR: 0.001000
2025-08-19 06:25:18 INFO Epoch 008 | Train Loss: 0.6828 | Val Loss: 0.8250 | Dice: 0.1995 | softDice: 0.1943 | clDice: 0.2322 | softclDice: 0.6040 | IoU: 0.1116 | Tversky: 0.1995 | Hausdorff: 805.3856 | HD95: 373.3889 | val_loss: 0.8250 | LR: 0.001000
2025-08-19 06:27:10 INFO Epoch 009 | Train Loss: 0.6980 | Val Loss: 0.8350 | Dice: 0.1685 | softDice: 0.1653 | clDice: 0.2549 | softclDice: 0.6238 | IoU: 0.0923 | Tversky: 0.1685 | Hausdorff: 815.8176 | HD95: 311.9411 | val_loss: 0.8350 | LR: 0.001000
2025-08-19 06:29:02 INFO Epoch 010 | Train Loss: 0.7045 | Val Loss: 0.8267 | Dice: 0.2169 | softDice: 0.2149 | clDice: 0.3059 | softclDice: 0.6179 | IoU: 0.1223 | Tversky: 0.2169 | Hausdorff: 811.7703 | HD95: 248.7022 | val_loss: 0.8267 | LR: 0.001000
2025-08-19 06:30:50 INFO Epoch 011 | Train Loss: 0.6599 | Val Loss: 0.7997 | Dice: 0.2166 | softDice: 0.2173 | clDice: 0.3178 | softclDice: 0.6074 | IoU: 0.1223 | Tversky: 0.2166 | Hausdorff: 811.5157 | HD95: 255.1839 | val_loss: 0.7997 | LR: 0.001000
2025-08-19 06:32:43 INFO Epoch 012 | Train Loss: 0.6492 | Val Loss: 0.7961 | Dice: 0.2138 | softDice: 0.2132 | clDice: 0.3334 | softclDice: 0.6358 | IoU: 0.1203 | Tversky: 0.2138 | Hausdorff: 813.7244 | HD95: 255.3764 | val_loss: 0.7961 | LR: 0.001000
2025-08-19 06:34:31 INFO Epoch 013 | Train Loss: 0.6408 | Val Loss: 0.8007 | Dice: 0.2621 | softDice: 0.2599 | clDice: 0.3813 | softclDice: 0.5530 | IoU: 0.1518 | Tversky: 0.2621 | Hausdorff: 634.2799 | HD95: 141.5228 | val_loss: 0.8007 | LR: 0.000500
2025-08-19 06:36:17 INFO Epoch 014 | Train Loss: 0.6246 | Val Loss: 0.7881 | Dice: 0.2602 | softDice: 0.2615 | clDice: 0.3567 | softclDice: 0.6046 | IoU: 0.1508 | Tversky: 0.2602 | Hausdorff: 807.2878 | HD95: 220.0919 | val_loss: 0.7881 | LR: 0.000500
2025-08-19 06:38:04 INFO Epoch 015 | Train Loss: 0.6236 | Val Loss: 0.7940 | Dice: 0.2633 | softDice: 0.2613 | clDice: 0.3603 | softclDice: 0.5986 | IoU: 0.1525 | Tversky: 0.2633 | Hausdorff: 731.3263 | HD95: 133.4434 | val_loss: 0.7940 | LR: 0.000500
2025-08-19 06:39:54 INFO Epoch 016 | Train Loss: 0.6137 | Val Loss: 0.7851 | Dice: 0.2410 | softDice: 0.2398 | clDice: 0.3381 | softclDice: 0.6230 | IoU: 0.1376 | Tversky: 0.2410 | Hausdorff: 814.9228 | HD95: 232.1218 | val_loss: 0.7851 | LR: 0.000500
2025-08-19 06:41:42 INFO Epoch 017 | Train Loss: 0.6115 | Val Loss: 0.7909 | Dice: 0.2846 | softDice: 0.2829 | clDice: 0.3857 | softclDice: 0.5501 | IoU: 0.1667 | Tversky: 0.2846 | Hausdorff: 690.5844 | HD95: 133.0307 | val_loss: 0.7909 | LR: 0.000500
2025-08-19 06:43:27 INFO Epoch 018 | Train Loss: 0.6034 | Val Loss: 0.7793 | Dice: 0.3025 | softDice: 0.2985 | clDice: 0.4263 | softclDice: 0.4954 | IoU: 0.1789 | Tversky: 0.3025 | Hausdorff: 496.2550 | HD95: 113.3349 | val_loss: 0.7793 | LR: 0.000500
2025-08-19 06:45:14 INFO Epoch 019 | Train Loss: 0.6038 | Val Loss: 0.7870 | Dice: 0.2997 | softDice: 0.2962 | clDice: 0.4124 | softclDice: 0.5481 | IoU: 0.1771 | Tversky: 0.2997 | Hausdorff: 635.8251 | HD95: 127.9588 | val_loss: 0.7870 | LR: 0.000500
2025-08-19 06:47:03 INFO Epoch 020 | Train Loss: 0.6244 | Val Loss: 0.7769 | Dice: 0.2733 | softDice: 0.2748 | clDice: 0.3931 | softclDice: 0.4890 | IoU: 0.1594 | Tversky: 0.2733 | Hausdorff: 683.0194 | HD95: 151.9857 | val_loss: 0.7769 | LR: 0.000500
2025-08-19 06:48:51 INFO Epoch 021 | Train Loss: 0.6157 | Val Loss: 0.8041 | Dice: 0.2650 | softDice: 0.2638 | clDice: 0.3555 | softclDice: 0.5286 | IoU: 0.1536 | Tversky: 0.2650 | Hausdorff: 602.1401 | HD95: 158.1260 | val_loss: 0.8041 | LR: 0.000500
2025-08-19 06:50:39 INFO Epoch 022 | Train Loss: 0.6312 | Val Loss: 0.7949 | Dice: 0.2742 | softDice: 0.2724 | clDice: 0.3910 | softclDice: 0.5242 | IoU: 0.1599 | Tversky: 0.2742 | Hausdorff: 605.1054 | HD95: 158.0531 | val_loss: 0.7949 | LR: 0.000500
2025-08-19 06:52:25 INFO Epoch 023 | Train Loss: 0.6058 | Val Loss: 0.7875 | Dice: 0.2829 | softDice: 0.2800 | clDice: 0.3963 | softclDice: 0.5020 | IoU: 0.1657 | Tversky: 0.2829 | Hausdorff: 572.5252 | HD95: 157.9753 | val_loss: 0.7875 | LR: 0.000500
2025-08-19 06:54:13 INFO Epoch 024 | Train Loss: 0.6023 | Val Loss: 0.7882 | Dice: 0.2450 | softDice: 0.2418 | clDice: 0.3436 | softclDice: 0.5174 | IoU: 0.1401 | Tversky: 0.2450 | Hausdorff: 517.0613 | HD95: 126.7168 | val_loss: 0.7882 | LR: 0.000500
2025-08-19 06:56:06 INFO Epoch 025 | Train Loss: 0.6272 | Val Loss: 0.8197 | Dice: 0.1883 | softDice: 0.1885 | clDice: 0.2615 | softclDice: 0.6489 | IoU: 0.1048 | Tversky: 0.1883 | Hausdorff: 713.6779 | HD95: 148.7726 | val_loss: 0.8197 | LR: 0.000500
2025-08-19 06:58:01 INFO Epoch 026 | Train Loss: 0.6513 | Val Loss: 0.7923 | Dice: 0.2172 | softDice: 0.2220 | clDice: 0.3196 | softclDice: 0.7253 | IoU: 0.1223 | Tversky: 0.2172 | Hausdorff: 818.0799 | HD95: 240.3028 | val_loss: 0.7923 | LR: 0.000250
2025-08-19 06:59:57 INFO Epoch 027 | Train Loss: 0.6391 | Val Loss: 0.7764 | Dice: 0.2080 | softDice: 0.2106 | clDice: 0.3224 | softclDice: 0.5879 | IoU: 0.1167 | Tversky: 0.2080 | Hausdorff: 819.6844 | HD95: 230.4753 | val_loss: 0.7764 | LR: 0.000250
2025-08-19 07:01:51 INFO Epoch 028 | Train Loss: 0.6431 | Val Loss: 0.7742 | Dice: 0.2126 | softDice: 0.2143 | clDice: 0.3268 | softclDice: 0.5679 | IoU: 0.1195 | Tversky: 0.2126 | Hausdorff: 816.4498 | HD95: 215.7496 | val_loss: 0.7742 | LR: 0.000250
2025-08-19 07:03:44 INFO Epoch 029 | Train Loss: 0.6383 | Val Loss: 0.7731 | Dice: 0.2137 | softDice: 0.2152 | clDice: 0.3241 | softclDice: 0.6074 | IoU: 0.1202 | Tversky: 0.2137 | Hausdorff: 816.5400 | HD95: 211.9206 | val_loss: 0.7731 | LR: 0.000250
2025-08-19 07:05:36 INFO Epoch 030 | Train Loss: 0.6280 | Val Loss: 0.7761 | Dice: 0.2193 | softDice: 0.2210 | clDice: 0.3306 | softclDice: 0.6121 | IoU: 0.1237 | Tversky: 0.2193 | Hausdorff: 791.9070 | HD95: 210.5229 | val_loss: 0.7761 | LR: 0.000250
2025-08-19 07:07:30 INFO Epoch 031 | Train Loss: 0.6285 | Val Loss: 0.7684 | Dice: 0.2180 | softDice: 0.2207 | clDice: 0.3290 | softclDice: 0.5620 | IoU: 0.1230 | Tversky: 0.2180 | Hausdorff: 788.1800 | HD95: 181.9583 | val_loss: 0.7684 | LR: 0.000250
2025-08-19 07:09:23 INFO Epoch 032 | Train Loss: 0.6175 | Val Loss: 0.7730 | Dice: 0.2310 | softDice: 0.2327 | clDice: 0.3402 | softclDice: 0.6049 | IoU: 0.1311 | Tversky: 0.2310 | Hausdorff: 778.5287 | HD95: 189.4312 | val_loss: 0.7730 | LR: 0.000250
2025-08-19 07:11:09 INFO Epoch 033 | Train Loss: 0.6185 | Val Loss: 0.7734 | Dice: 0.2517 | softDice: 0.2536 | clDice: 0.3564 | softclDice: 0.6016 | IoU: 0.1444 | Tversky: 0.2517 | Hausdorff: 782.1144 | HD95: 142.8824 | val_loss: 0.7734 | LR: 0.000250
2025-08-19 07:13:01 INFO Epoch 034 | Train Loss: 0.6101 | Val Loss: 0.7714 | Dice: 0.2383 | softDice: 0.2396 | clDice: 0.3500 | softclDice: 0.6369 | IoU: 0.1357 | Tversky: 0.2383 | Hausdorff: 791.5982 | HD95: 190.5165 | val_loss: 0.7714 | LR: 0.000250
2025-08-19 07:14:50 INFO Epoch 035 | Train Loss: 0.6078 | Val Loss: 0.7697 | Dice: 0.2422 | softDice: 0.2441 | clDice: 0.3559 | softclDice: 0.5669 | IoU: 0.1383 | Tversky: 0.2422 | Hausdorff: 784.4596 | HD95: 173.1589 | val_loss: 0.7697 | LR: 0.000250
2025-08-19 07:16:40 INFO Epoch 036 | Train Loss: 0.6076 | Val Loss: 0.7644 | Dice: 0.2389 | softDice: 0.2415 | clDice: 0.3526 | softclDice: 0.5948 | IoU: 0.1361 | Tversky: 0.2389 | Hausdorff: 784.5278 | HD95: 193.8869 | val_loss: 0.7644 | LR: 0.000250
2025-08-19 07:18:26 INFO Epoch 037 | Train Loss: 0.6093 | Val Loss: 0.7682 | Dice: 0.2621 | softDice: 0.2639 | clDice: 0.3662 | softclDice: 0.6074 | IoU: 0.1512 | Tversky: 0.2621 | Hausdorff: 779.9367 | HD95: 147.2818 | val_loss: 0.7682 | LR: 0.000250
2025-08-19 07:20:12 INFO Epoch 038 | Train Loss: 0.6061 | Val Loss: 0.7725 | Dice: 0.2630 | softDice: 0.2648 | clDice: 0.3703 | softclDice: 0.5873 | IoU: 0.1519 | Tversky: 0.2630 | Hausdorff: 780.3571 | HD95: 177.5081 | val_loss: 0.7725 | LR: 0.000250
2025-08-19 07:22:00 INFO Epoch 039 | Train Loss: 0.6002 | Val Loss: 0.7722 | Dice: 0.2683 | softDice: 0.2717 | clDice: 0.3648 | softclDice: 0.5900 | IoU: 0.1556 | Tversky: 0.2683 | Hausdorff: 790.1720 | HD95: 209.2473 | val_loss: 0.7722 | LR: 0.000250
2025-08-19 07:23:47 INFO Epoch 040 | Train Loss: 0.6031 | Val Loss: 0.7721 | Dice: 0.2607 | softDice: 0.2654 | clDice: 0.3648 | softclDice: 0.5836 | IoU: 0.1506 | Tversky: 0.2607 | Hausdorff: 805.7772 | HD95: 220.5759 | val_loss: 0.7721 | LR: 0.000250
2025-08-19 07:25:31 INFO Epoch 041 | Train Loss: 0.6017 | Val Loss: 0.7795 | Dice: 0.2753 | softDice: 0.2789 | clDice: 0.3732 | softclDice: 0.5854 | IoU: 0.1603 | Tversky: 0.2753 | Hausdorff: 778.8788 | HD95: 211.3163 | val_loss: 0.7795 | LR: 0.000250
2025-08-19 07:27:18 INFO Epoch 042 | Train Loss: 0.5841 | Val Loss: 0.7871 | Dice: 0.2694 | softDice: 0.2733 | clDice: 0.3726 | softclDice: 0.5937 | IoU: 0.1566 | Tversky: 0.2694 | Hausdorff: 762.4253 | HD95: 183.9633 | val_loss: 0.7871 | LR: 0.000125
2025-08-19 07:29:04 INFO Epoch 043 | Train Loss: 0.5948 | Val Loss: 0.7822 | Dice: 0.2731 | softDice: 0.2766 | clDice: 0.3800 | softclDice: 0.5446 | IoU: 0.1591 | Tversky: 0.2731 | Hausdorff: 745.7756 | HD95: 167.9774 | val_loss: 0.7822 | LR: 0.000125
2025-08-19 07:30:48 INFO Epoch 044 | Train Loss: 0.5904 | Val Loss: 0.7696 | Dice: 0.2938 | softDice: 0.2957 | clDice: 0.4023 | softclDice: 0.4778 | IoU: 0.1730 | Tversky: 0.2938 | Hausdorff: 754.9278 | HD95: 132.7857 | val_loss: 0.7696 | LR: 0.000125
2025-08-19 07:32:33 INFO Epoch 045 | Train Loss: 0.5788 | Val Loss: 0.7685 | Dice: 0.2992 | softDice: 0.2995 | clDice: 0.4093 | softclDice: 0.5140 | IoU: 0.1767 | Tversky: 0.2992 | Hausdorff: 765.3662 | HD95: 125.9375 | val_loss: 0.7685 | LR: 0.000125
2025-08-19 07:34:17 INFO Epoch 046 | Train Loss: 0.5847 | Val Loss: 0.7721 | Dice: 0.2991 | softDice: 0.3000 | clDice: 0.4014 | softclDice: 0.5671 | IoU: 0.1767 | Tversky: 0.2991 | Hausdorff: 771.0277 | HD95: 141.1879 | val_loss: 0.7721 | LR: 0.000125
2025-08-19 07:36:01 INFO Epoch 047 | Train Loss: 0.5876 | Val Loss: 0.7698 | Dice: 0.2994 | softDice: 0.3004 | clDice: 0.4034 | softclDice: 0.5219 | IoU: 0.1770 | Tversky: 0.2994 | Hausdorff: 769.2437 | HD95: 129.3506 | val_loss: 0.7698 | LR: 0.000125
2025-08-19 07:37:47 INFO Epoch 048 | Train Loss: 0.5804 | Val Loss: 0.7708 | Dice: 0.3012 | softDice: 0.3034 | clDice: 0.4075 | softclDice: 0.5234 | IoU: 0.1783 | Tversky: 0.3012 | Hausdorff: 770.2146 | HD95: 149.5057 | val_loss: 0.7708 | LR: 0.000063
2025-08-19 07:39:32 INFO Epoch 049 | Train Loss: 0.5718 | Val Loss: 0.7705 | Dice: 0.2994 | softDice: 0.3013 | clDice: 0.4005 | softclDice: 0.5392 | IoU: 0.1770 | Tversky: 0.2994 | Hausdorff: 772.7512 | HD95: 139.0515 | val_loss: 0.7705 | LR: 0.000063
2025-08-19 07:41:16 INFO Epoch 050 | Train Loss: 0.5754 | Val Loss: 0.7690 | Dice: 0.3021 | softDice: 0.3035 | clDice: 0.4117 | softclDice: 0.5248 | IoU: 0.1788 | Tversky: 0.3021 | Hausdorff: 769.6306 | HD95: 133.5584 | val_loss: 0.7690 | LR: 0.000063
2025-08-19 07:41:16 INFO Training completed.
2025-08-19 07:42:07 INFO Fold 5 results: Dice: 0.1760 | softDice: 0.1633 | clDice: 0.2230 | softclDice: 0.7422 | IoU: 0.0969 | Tversky: 0.1760 | Hausdorff: 587.9164 | HD95: 191.6862 | val_loss: 0.8955
2025-08-19 07:42:07 INFO ===== Cross-validation results =====
2025-08-19 07:42:07 INFO Dice: 0.1596 | softDice: 0.1574 | clDice: 0.1895 | softclDice: 0.8375 | IoU: 0.0888 | Tversky: 0.1596 | Hausdorff: 796.0671 | HD95: 348.1818 | val_loss: 0.8871
