2025-08-21 01:02:28 INFO Starting training with configuration: {'model': {'name': 'unet', 'encoder_name': 'se_resnext50_32x4d', 'encoder_weights': 'imagenet', 'classes': 1, 'activation': None, 'dropout': 0.2}, 'dataset': {'root': '/data/smadper@alumno.upv.es/TFM/datasets/laticifers', 'patch_size': [512, 512], 'stride': [256, 256], 'num_patches': 50, 'num_workers': 4, 'feature_dirs': {'image': '/data/smadper@alumno.upv.es/TFM/datasets/laticifers/enhanced_images', 'mask': '/data/smadper@alumno.upv.es/TFM/datasets/laticifers/masks', 'distance': '/data/smadper@alumno.upv.es/TFM/datasets/laticifers/distance_maps_pt'}}, 'train': {'batch_size': 32, 'num_epochs': 70, 'learning_rate': 0.001, 'accumulation_steps': 1, 'save_dir': '/data/smadper@alumno.upv.es/TFM/checkpoints_cv2/unet/20250821_010228_unet_se_resnext50_32x4d_bce0.5_dice0.5', 'log_interval': 1, 'patience': 20, 'mixed_precision': True, 'experiment_name': 'unet_se_resnext50_32x4d_bce0.5_dice0.5', 'timestamp': '20250821_010228'}, 'test': {'batch_size': 1}, 'loss': {'name': 'bce', 'cldice_alpha': 0.3, 'tversky_alpha': 0.3, 'tversky_beta': 0.7, 'focal_tversky_gamma': 0.75, 'use_topographic': False, 'combine_with': 'dice', 'weights': {'main': 0.5, 'combined': 0.5}, 'topo': {'alpha': 2.0, 'beta': 1.0}}}
2025-08-21 01:02:28 INFO Experiment name: unet_se_resnext50_32x4d_bce0.5_dice0.5
2025-08-21 01:02:28 INFO ===== Fold 1 / 5 =====
2025-08-21 01:02:28 INFO Loading model unet with settings {'name': 'unet', 'encoder_name': 'se_resnext50_32x4d', 'encoder_weights': 'imagenet', 'classes': 1, 'activation': None, 'dropout': 0.2}
2025-08-21 01:04:09 INFO Epoch 001 | Train Loss: 0.6513 | Val Loss: 0.6187 | Dice: 0.4195 | softDice: 0.2091 | clDice: 0.4841 | softclDice: 0.7868 | IoU: 0.2655 | Tversky: 0.4195 | Hausdorff: 432.6733 | HD95: 77.6045 | val_loss: 0.6187 | LR: 0.001000
2025-08-21 01:05:52 INFO Epoch 002 | Train Loss: 0.4479 | Val Loss: 0.5777 | Dice: 0.4320 | softDice: 0.3243 | clDice: 0.4790 | softclDice: 0.6584 | IoU: 0.2757 | Tversky: 0.4320 | Hausdorff: 285.0142 | HD95: 75.9178 | val_loss: 0.5777 | LR: 0.001000
2025-08-21 01:07:30 INFO Epoch 003 | Train Loss: 0.4022 | Val Loss: 0.5688 | Dice: 0.4342 | softDice: 0.3647 | clDice: 0.4754 | softclDice: 0.6026 | IoU: 0.2776 | Tversky: 0.4342 | Hausdorff: 323.3590 | HD95: 60.5122 | val_loss: 0.5688 | LR: 0.001000
2025-08-21 01:09:10 INFO Epoch 004 | Train Loss: 0.3880 | Val Loss: 0.5667 | Dice: 0.4505 | softDice: 0.3916 | clDice: 0.5027 | softclDice: 0.5553 | IoU: 0.2909 | Tversky: 0.4505 | Hausdorff: 493.3271 | HD95: 55.9719 | val_loss: 0.5667 | LR: 0.001000
2025-08-21 01:10:49 INFO Epoch 005 | Train Loss: 0.3826 | Val Loss: 0.5658 | Dice: 0.4682 | softDice: 0.4133 | clDice: 0.5226 | softclDice: 0.5328 | IoU: 0.3059 | Tversky: 0.4682 | Hausdorff: 226.5998 | HD95: 50.0063 | val_loss: 0.5658 | LR: 0.001000
2025-08-21 01:12:33 INFO Epoch 006 | Train Loss: 0.3762 | Val Loss: 0.5622 | Dice: 0.4680 | softDice: 0.4140 | clDice: 0.5185 | softclDice: 0.5290 | IoU: 0.3057 | Tversky: 0.4680 | Hausdorff: 237.9526 | HD95: 46.4284 | val_loss: 0.5622 | LR: 0.001000
2025-08-21 01:14:14 INFO Epoch 007 | Train Loss: 0.3764 | Val Loss: 0.5660 | Dice: 0.4776 | softDice: 0.4293 | clDice: 0.5357 | softclDice: 0.5064 | IoU: 0.3140 | Tversky: 0.4776 | Hausdorff: 251.1443 | HD95: 44.5219 | val_loss: 0.5660 | LR: 0.001000
2025-08-21 01:15:59 INFO Epoch 008 | Train Loss: 0.3739 | Val Loss: 0.5627 | Dice: 0.4728 | softDice: 0.4136 | clDice: 0.5287 | softclDice: 0.5230 | IoU: 0.3099 | Tversky: 0.4728 | Hausdorff: 243.8706 | HD95: 40.3495 | val_loss: 0.5627 | LR: 0.001000
2025-08-21 01:17:38 INFO Epoch 009 | Train Loss: 0.3750 | Val Loss: nan | Dice: 0.4693 | softDice: 0.4421 | clDice: 0.5189 | softclDice: 0.4907 | IoU: 0.3070 | Tversky: 0.4693 | Hausdorff: 228.4313 | HD95: 51.3221 | val_loss: nan | LR: 0.001000
2025-08-21 01:19:21 INFO Epoch 010 | Train Loss: 0.3715 | Val Loss: 0.5674 | Dice: 0.4743 | softDice: 0.4219 | clDice: 0.5296 | softclDice: 0.5180 | IoU: 0.3112 | Tversky: 0.4743 | Hausdorff: 378.1860 | HD95: 43.2380 | val_loss: 0.5674 | LR: 0.001000
2025-08-21 01:21:04 INFO Epoch 011 | Train Loss: 0.3704 | Val Loss: 0.5662 | Dice: 0.4710 | softDice: 0.4201 | clDice: 0.5241 | softclDice: 0.5175 | IoU: 0.3084 | Tversky: 0.4710 | Hausdorff: 246.1407 | HD95: 37.6943 | val_loss: 0.5662 | LR: 0.001000
2025-08-21 01:22:41 INFO Epoch 012 | Train Loss: 0.3663 | Val Loss: 0.5639 | Dice: 0.4703 | softDice: 0.4224 | clDice: 0.5200 | softclDice: 0.5162 | IoU: 0.3078 | Tversky: 0.4703 | Hausdorff: 381.9765 | HD95: 42.7252 | val_loss: 0.5639 | LR: 0.000500
2025-08-21 01:24:22 INFO Epoch 013 | Train Loss: 0.3667 | Val Loss: 0.5619 | Dice: 0.4815 | softDice: 0.4310 | clDice: 0.5329 | softclDice: 0.5090 | IoU: 0.3175 | Tversky: 0.4815 | Hausdorff: 229.1596 | HD95: 39.5112 | val_loss: 0.5619 | LR: 0.000500
2025-08-21 01:25:58 INFO Epoch 014 | Train Loss: 0.3617 | Val Loss: 0.5622 | Dice: 0.4831 | softDice: 0.4383 | clDice: 0.5338 | softclDice: 0.4990 | IoU: 0.3188 | Tversky: 0.4831 | Hausdorff: 237.8696 | HD95: 39.0717 | val_loss: 0.5622 | LR: 0.000500
2025-08-21 01:27:35 INFO Epoch 015 | Train Loss: 0.3634 | Val Loss: 0.5628 | Dice: 0.4817 | softDice: 0.4339 | clDice: 0.5341 | softclDice: 0.5024 | IoU: 0.3176 | Tversky: 0.4817 | Hausdorff: 235.7924 | HD95: 35.5800 | val_loss: 0.5628 | LR: 0.000500
2025-08-21 01:29:12 INFO Epoch 016 | Train Loss: 0.3609 | Val Loss: 0.5621 | Dice: 0.4765 | softDice: 0.4319 | clDice: 0.5254 | softclDice: 0.5101 | IoU: 0.3131 | Tversky: 0.4765 | Hausdorff: 364.5853 | HD95: 39.8398 | val_loss: 0.5621 | LR: 0.000500
2025-08-21 01:30:51 INFO Epoch 017 | Train Loss: 0.3620 | Val Loss: 0.5611 | Dice: 0.4867 | softDice: 0.4360 | clDice: 0.5388 | softclDice: 0.5000 | IoU: 0.3219 | Tversky: 0.4867 | Hausdorff: 234.3115 | HD95: 38.3239 | val_loss: 0.5611 | LR: 0.000500
2025-08-21 01:32:30 INFO Epoch 018 | Train Loss: 0.3620 | Val Loss: 0.5621 | Dice: 0.4806 | softDice: 0.4376 | clDice: 0.5300 | softclDice: 0.5026 | IoU: 0.3167 | Tversky: 0.4806 | Hausdorff: 241.1476 | HD95: 36.5566 | val_loss: 0.5621 | LR: 0.000500
2025-08-21 01:34:12 INFO Epoch 019 | Train Loss: 0.3611 | Val Loss: 0.5605 | Dice: 0.4754 | softDice: 0.4279 | clDice: 0.5219 | softclDice: 0.5161 | IoU: 0.3122 | Tversky: 0.4754 | Hausdorff: 236.8221 | HD95: 40.3173 | val_loss: 0.5605 | LR: 0.000500
2025-08-21 01:35:49 INFO Epoch 020 | Train Loss: 0.3611 | Val Loss: 0.5618 | Dice: 0.4796 | softDice: 0.4324 | clDice: 0.5302 | softclDice: 0.5076 | IoU: 0.3159 | Tversky: 0.4796 | Hausdorff: 228.8048 | HD95: 32.5221 | val_loss: 0.5618 | LR: 0.000500
2025-08-21 01:37:31 INFO Epoch 021 | Train Loss: 0.3614 | Val Loss: 0.5603 | Dice: 0.4863 | softDice: 0.4323 | clDice: 0.5393 | softclDice: 0.5010 | IoU: 0.3216 | Tversky: 0.4863 | Hausdorff: 222.0293 | HD95: 33.8192 | val_loss: 0.5603 | LR: 0.000500
2025-08-21 01:39:13 INFO Epoch 022 | Train Loss: 0.3613 | Val Loss: 0.5602 | Dice: 0.4798 | softDice: 0.4340 | clDice: 0.5270 | softclDice: 0.5108 | IoU: 0.3161 | Tversky: 0.4798 | Hausdorff: 233.0390 | HD95: 37.1872 | val_loss: 0.5602 | LR: 0.000500
2025-08-21 01:40:55 INFO Epoch 023 | Train Loss: 0.3577 | Val Loss: 0.5628 | Dice: 0.4759 | softDice: 0.4320 | clDice: 0.5228 | softclDice: 0.5106 | IoU: 0.3126 | Tversky: 0.4759 | Hausdorff: 240.1928 | HD95: 37.4527 | val_loss: 0.5628 | LR: 0.000500
2025-08-21 01:42:37 INFO Epoch 024 | Train Loss: 0.3581 | Val Loss: 0.5626 | Dice: 0.4847 | softDice: 0.4401 | clDice: 0.5357 | softclDice: 0.4989 | IoU: 0.3203 | Tversky: 0.4847 | Hausdorff: 239.7349 | HD95: 35.7176 | val_loss: 0.5626 | LR: 0.000500
2025-08-21 01:44:29 INFO Epoch 025 | Train Loss: 0.3598 | Val Loss: 0.5621 | Dice: 0.4867 | softDice: 0.4408 | clDice: 0.5403 | softclDice: 0.4959 | IoU: 0.3221 | Tversky: 0.4867 | Hausdorff: 233.1150 | HD95: 36.7802 | val_loss: 0.5621 | LR: 0.000500
2025-08-21 01:46:07 INFO Epoch 026 | Train Loss: 0.3580 | Val Loss: 0.5626 | Dice: 0.4853 | softDice: 0.4371 | clDice: 0.5366 | softclDice: 0.4990 | IoU: 0.3208 | Tversky: 0.4853 | Hausdorff: 243.5267 | HD95: 32.6518 | val_loss: 0.5626 | LR: 0.000500
2025-08-21 01:47:47 INFO Epoch 027 | Train Loss: 0.3592 | Val Loss: 0.5617 | Dice: 0.4787 | softDice: 0.4335 | clDice: 0.5236 | softclDice: 0.5105 | IoU: 0.3150 | Tversky: 0.4787 | Hausdorff: 237.7138 | HD95: 39.7646 | val_loss: 0.5617 | LR: 0.000500
2025-08-21 01:49:25 INFO Epoch 028 | Train Loss: 0.3573 | Val Loss: 0.5617 | Dice: 0.4856 | softDice: 0.4365 | clDice: 0.5377 | softclDice: 0.4984 | IoU: 0.3210 | Tversky: 0.4856 | Hausdorff: 227.3787 | HD95: 37.2951 | val_loss: 0.5617 | LR: 0.000250
2025-08-21 01:51:03 INFO Epoch 029 | Train Loss: 0.3543 | Val Loss: 0.5616 | Dice: 0.4818 | softDice: 0.4394 | clDice: 0.5283 | softclDice: 0.5027 | IoU: 0.3177 | Tversky: 0.4818 | Hausdorff: 234.8887 | HD95: 36.9559 | val_loss: 0.5616 | LR: 0.000250
2025-08-21 01:52:44 INFO Epoch 030 | Train Loss: 0.3552 | Val Loss: 0.5614 | Dice: 0.4723 | softDice: 0.4284 | clDice: 0.5146 | softclDice: 0.5198 | IoU: 0.3096 | Tversky: 0.4723 | Hausdorff: 233.1810 | HD95: 35.7324 | val_loss: 0.5614 | LR: 0.000250
2025-08-21 01:54:25 INFO Epoch 031 | Train Loss: 0.3520 | Val Loss: 0.5624 | Dice: 0.4799 | softDice: 0.4349 | clDice: 0.5237 | softclDice: 0.5091 | IoU: 0.3161 | Tversky: 0.4799 | Hausdorff: 240.5415 | HD95: 31.7133 | val_loss: 0.5624 | LR: 0.000250
2025-08-21 01:56:03 INFO Epoch 032 | Train Loss: 0.3497 | Val Loss: 0.5629 | Dice: 0.4788 | softDice: 0.4392 | clDice: 0.5237 | softclDice: 0.5073 | IoU: 0.3152 | Tversky: 0.4788 | Hausdorff: 229.9632 | HD95: 40.3755 | val_loss: 0.5629 | LR: 0.000250
2025-08-21 01:57:52 INFO Epoch 033 | Train Loss: 0.3558 | Val Loss: 0.5636 | Dice: 0.4769 | softDice: 0.4336 | clDice: 0.5236 | softclDice: 0.5073 | IoU: 0.3136 | Tversky: 0.4769 | Hausdorff: 242.4103 | HD95: 34.7130 | val_loss: 0.5636 | LR: 0.000250
2025-08-21 01:59:36 INFO Epoch 034 | Train Loss: 0.3501 | Val Loss: 0.5612 | Dice: 0.4815 | softDice: 0.4388 | clDice: 0.5281 | softclDice: 0.5059 | IoU: 0.3174 | Tversky: 0.4815 | Hausdorff: 234.5611 | HD95: 36.1339 | val_loss: 0.5612 | LR: 0.000125
2025-08-21 02:01:21 INFO Epoch 035 | Train Loss: 0.3510 | Val Loss: 0.5619 | Dice: 0.4800 | softDice: 0.4387 | clDice: 0.5249 | softclDice: 0.5067 | IoU: 0.3161 | Tversky: 0.4800 | Hausdorff: 234.0359 | HD95: 34.5863 | val_loss: 0.5619 | LR: 0.000125
2025-08-21 02:03:06 INFO Epoch 036 | Train Loss: 0.3508 | Val Loss: 0.5627 | Dice: 0.4808 | softDice: 0.4382 | clDice: 0.5249 | softclDice: 0.5072 | IoU: 0.3169 | Tversky: 0.4808 | Hausdorff: 231.8330 | HD95: 32.5087 | val_loss: 0.5627 | LR: 0.000125
2025-08-21 02:04:46 INFO Epoch 037 | Train Loss: 0.3485 | Val Loss: 0.5647 | Dice: 0.4799 | softDice: 0.4407 | clDice: 0.5258 | softclDice: 0.5040 | IoU: 0.3161 | Tversky: 0.4799 | Hausdorff: 226.6192 | HD95: 34.3082 | val_loss: 0.5647 | LR: 0.000125
2025-08-21 02:06:31 INFO Epoch 038 | Train Loss: 0.3485 | Val Loss: 0.5637 | Dice: 0.4809 | softDice: 0.4397 | clDice: 0.5273 | softclDice: 0.5055 | IoU: 0.3170 | Tversky: 0.4809 | Hausdorff: 233.6737 | HD95: 32.6116 | val_loss: 0.5637 | LR: 0.000125
2025-08-21 02:08:11 INFO Epoch 039 | Train Loss: 0.3474 | Val Loss: 0.5626 | Dice: 0.4756 | softDice: 0.4343 | clDice: 0.5162 | softclDice: 0.5132 | IoU: 0.3124 | Tversky: 0.4756 | Hausdorff: 219.2121 | HD95: 35.2518 | val_loss: 0.5626 | LR: 0.000125
2025-08-21 02:09:47 INFO Epoch 040 | Train Loss: 0.3477 | Val Loss: 0.5639 | Dice: 0.4797 | softDice: 0.4372 | clDice: 0.5250 | softclDice: 0.5085 | IoU: 0.3159 | Tversky: 0.4797 | Hausdorff: 231.3122 | HD95: 33.7610 | val_loss: 0.5639 | LR: 0.000063
2025-08-21 02:11:29 INFO Early stopping at epoch 41 | Best Dice: 0.4867 at epoch 1
2025-08-21 02:12:16 INFO Fold 1 results: Dice: 0.4693 | softDice: 0.4421 | clDice: 0.5189 | softclDice: 0.4907 | IoU: 0.3070 | Tversky: 0.4693 | Hausdorff: 228.4313 | HD95: 51.3221 | val_loss: nan
2025-08-21 02:12:16 INFO ===== Fold 2 / 5 =====
2025-08-21 02:12:16 INFO Loading model unet with settings {'name': 'unet', 'encoder_name': 'se_resnext50_32x4d', 'encoder_weights': 'imagenet', 'classes': 1, 'activation': None, 'dropout': 0.2}
2025-08-21 02:13:58 INFO Epoch 001 | Train Loss: 0.7355 | Val Loss: 0.6850 | Dice: 0.3848 | softDice: 0.1591 | clDice: 0.4156 | softclDice: 0.8625 | IoU: 0.2384 | Tversky: 0.3848 | Hausdorff: 659.1379 | HD95: 104.9033 | val_loss: 0.6850 | LR: 0.001000
2025-08-21 02:15:36 INFO Epoch 002 | Train Loss: 0.5097 | Val Loss: 0.5785 | Dice: 0.3406 | softDice: 0.2258 | clDice: 0.3674 | softclDice: 0.7205 | IoU: 0.2068 | Tversky: 0.3406 | Hausdorff: 352.3954 | HD95: 125.5635 | val_loss: 0.5785 | LR: 0.001000
2025-08-21 02:17:18 INFO Epoch 003 | Train Loss: 0.4255 | Val Loss: 0.5721 | Dice: 0.4599 | softDice: 0.3646 | clDice: 0.5066 | softclDice: 0.5755 | IoU: 0.2992 | Tversky: 0.4599 | Hausdorff: 310.8572 | HD95: 45.8168 | val_loss: 0.5721 | LR: 0.001000
2025-08-21 02:19:01 INFO Epoch 004 | Train Loss: 0.3965 | Val Loss: 0.5708 | Dice: 0.4607 | softDice: 0.3900 | clDice: 0.5036 | softclDice: 0.5567 | IoU: 0.2998 | Tversky: 0.4607 | Hausdorff: 579.0573 | HD95: 40.3609 | val_loss: 0.5708 | LR: 0.001000
2025-08-21 02:20:41 INFO Epoch 005 | Train Loss: 0.3886 | Val Loss: 0.5771 | Dice: 0.4757 | softDice: 0.4181 | clDice: 0.5335 | softclDice: 0.5200 | IoU: 0.3124 | Tversky: 0.4757 | Hausdorff: 318.8481 | HD95: 36.5086 | val_loss: 0.5771 | LR: 0.001000
2025-08-21 02:22:20 INFO Epoch 006 | Train Loss: 0.3801 | Val Loss: 0.5712 | Dice: 0.4748 | softDice: 0.4093 | clDice: 0.5261 | softclDice: 0.5222 | IoU: 0.3118 | Tversky: 0.4748 | Hausdorff: 302.9662 | HD95: 40.4169 | val_loss: 0.5712 | LR: 0.001000
2025-08-21 02:23:59 INFO Epoch 007 | Train Loss: 0.3766 | Val Loss: 0.5705 | Dice: 0.4671 | softDice: 0.4211 | clDice: 0.5096 | softclDice: 0.5269 | IoU: 0.3054 | Tversky: 0.4671 | Hausdorff: 283.1963 | HD95: 33.5390 | val_loss: 0.5705 | LR: 0.001000
2025-08-21 02:25:39 INFO Epoch 008 | Train Loss: 0.3772 | Val Loss: 0.5702 | Dice: 0.4753 | softDice: 0.4271 | clDice: 0.5260 | softclDice: 0.5123 | IoU: 0.3123 | Tversky: 0.4753 | Hausdorff: 298.6717 | HD95: 39.9782 | val_loss: 0.5702 | LR: 0.001000
2025-08-21 02:27:18 INFO Epoch 009 | Train Loss: 0.3734 | Val Loss: 0.5706 | Dice: 0.4850 | softDice: 0.4347 | clDice: 0.5379 | softclDice: 0.5006 | IoU: 0.3206 | Tversky: 0.4850 | Hausdorff: 290.1897 | HD95: 33.4584 | val_loss: 0.5706 | LR: 0.001000
2025-08-21 02:28:58 INFO Epoch 010 | Train Loss: 0.3709 | Val Loss: 0.5671 | Dice: 0.4809 | softDice: 0.4269 | clDice: 0.5285 | softclDice: 0.5097 | IoU: 0.3171 | Tversky: 0.4809 | Hausdorff: 291.7591 | HD95: 32.6351 | val_loss: 0.5671 | LR: 0.001000
2025-08-21 02:30:36 INFO Epoch 011 | Train Loss: 0.3674 | Val Loss: 0.5708 | Dice: 0.4819 | softDice: 0.4356 | clDice: 0.5316 | softclDice: 0.5038 | IoU: 0.3180 | Tversky: 0.4819 | Hausdorff: 300.5303 | HD95: 32.8014 | val_loss: 0.5708 | LR: 0.001000
2025-08-21 02:32:18 INFO Epoch 012 | Train Loss: 0.3687 | Val Loss: 0.5704 | Dice: 0.4829 | softDice: 0.4289 | clDice: 0.5319 | softclDice: 0.5065 | IoU: 0.3188 | Tversky: 0.4829 | Hausdorff: 295.3217 | HD95: 29.8834 | val_loss: 0.5704 | LR: 0.001000
2025-08-21 02:33:54 INFO Epoch 013 | Train Loss: 0.3699 | Val Loss: 0.5690 | Dice: 0.4899 | softDice: 0.4394 | clDice: 0.5462 | softclDice: 0.4867 | IoU: 0.3249 | Tversky: 0.4899 | Hausdorff: 289.4388 | HD95: 31.0033 | val_loss: 0.5690 | LR: 0.001000
2025-08-21 02:35:35 INFO Epoch 014 | Train Loss: 0.3667 | Val Loss: 0.5675 | Dice: 0.4706 | softDice: 0.4250 | clDice: 0.5112 | softclDice: 0.5209 | IoU: 0.3083 | Tversky: 0.4706 | Hausdorff: 291.2121 | HD95: 38.0734 | val_loss: 0.5675 | LR: 0.001000
2025-08-21 02:37:15 INFO Epoch 015 | Train Loss: 0.3636 | Val Loss: nan | Dice: 0.4822 | softDice: 0.4280 | clDice: 0.5326 | softclDice: 0.5442 | IoU: 0.3182 | Tversky: 0.4822 | Hausdorff: 313.1869 | HD95: 41.3586 | val_loss: nan | LR: 0.001000
2025-08-21 02:38:57 INFO Epoch 016 | Train Loss: 0.3660 | Val Loss: 0.5656 | Dice: 0.4871 | softDice: 0.4370 | clDice: 0.5329 | softclDice: 0.4993 | IoU: 0.3224 | Tversky: 0.4871 | Hausdorff: 278.9426 | HD95: 32.8517 | val_loss: 0.5656 | LR: 0.001000
2025-08-21 02:40:40 INFO Epoch 017 | Train Loss: 0.3662 | Val Loss: 0.5682 | Dice: 0.4767 | softDice: 0.4345 | clDice: 0.5195 | softclDice: 0.5075 | IoU: 0.3137 | Tversky: 0.4767 | Hausdorff: 304.8578 | HD95: 36.8312 | val_loss: 0.5682 | LR: 0.001000
2025-08-21 02:42:21 INFO Epoch 018 | Train Loss: 0.3658 | Val Loss: 0.5684 | Dice: 0.4805 | softDice: 0.4355 | clDice: 0.5249 | softclDice: 0.5054 | IoU: 0.3168 | Tversky: 0.4805 | Hausdorff: 289.2135 | HD95: 33.5982 | val_loss: 0.5684 | LR: 0.001000
2025-08-21 02:44:00 INFO Epoch 019 | Train Loss: 0.3642 | Val Loss: 0.5660 | Dice: 0.4814 | softDice: 0.4336 | clDice: 0.5259 | softclDice: 0.5051 | IoU: 0.3175 | Tversky: 0.4814 | Hausdorff: 270.0913 | HD95: 33.4747 | val_loss: 0.5660 | LR: 0.001000
2025-08-21 02:45:44 INFO Epoch 020 | Train Loss: 0.3621 | Val Loss: 0.5689 | Dice: 0.4875 | softDice: 0.4435 | clDice: 0.5375 | softclDice: 0.4927 | IoU: 0.3228 | Tversky: 0.4875 | Hausdorff: 321.8259 | HD95: 36.5865 | val_loss: 0.5689 | LR: 0.001000
2025-08-21 02:47:20 INFO Epoch 021 | Train Loss: 0.3637 | Val Loss: 0.5688 | Dice: 0.4792 | softDice: 0.4346 | clDice: 0.5221 | softclDice: 0.5090 | IoU: 0.3157 | Tversky: 0.4792 | Hausdorff: 297.1542 | HD95: 34.4200 | val_loss: 0.5688 | LR: 0.001000
2025-08-21 02:48:57 INFO Epoch 022 | Train Loss: 0.3657 | Val Loss: 0.5698 | Dice: 0.4787 | softDice: 0.4368 | clDice: 0.5240 | softclDice: 0.5064 | IoU: 0.3152 | Tversky: 0.4787 | Hausdorff: 286.4567 | HD95: 32.8014 | val_loss: 0.5698 | LR: 0.000500
2025-08-21 02:50:38 INFO Epoch 023 | Train Loss: 0.3618 | Val Loss: 0.5679 | Dice: 0.4816 | softDice: 0.4370 | clDice: 0.5248 | softclDice: 0.5060 | IoU: 0.3178 | Tversky: 0.4816 | Hausdorff: 296.7507 | HD95: 31.8516 | val_loss: 0.5679 | LR: 0.000500
2025-08-21 02:52:17 INFO Epoch 024 | Train Loss: 0.3577 | Val Loss: 0.5697 | Dice: 0.4871 | softDice: 0.4436 | clDice: 0.5358 | softclDice: 0.4955 | IoU: 0.3225 | Tversky: 0.4871 | Hausdorff: 293.0951 | HD95: 31.2000 | val_loss: 0.5697 | LR: 0.000500
2025-08-21 02:53:56 INFO Epoch 025 | Train Loss: 0.3578 | Val Loss: 0.5699 | Dice: 0.4888 | softDice: 0.4452 | clDice: 0.5392 | softclDice: 0.4906 | IoU: 0.3240 | Tversky: 0.4888 | Hausdorff: 290.1619 | HD95: 29.2667 | val_loss: 0.5699 | LR: 0.000500
2025-08-21 02:55:37 INFO Epoch 026 | Train Loss: 0.3584 | Val Loss: 0.5711 | Dice: 0.4832 | softDice: 0.4422 | clDice: 0.5296 | softclDice: 0.5003 | IoU: 0.3191 | Tversky: 0.4832 | Hausdorff: 292.2625 | HD95: 30.5406 | val_loss: 0.5711 | LR: 0.000500
2025-08-21 02:57:18 INFO Epoch 027 | Train Loss: 0.3555 | Val Loss: 0.5706 | Dice: 0.4916 | softDice: 0.4491 | clDice: 0.5419 | softclDice: 0.4878 | IoU: 0.3263 | Tversky: 0.4916 | Hausdorff: 292.9063 | HD95: 28.0295 | val_loss: 0.5706 | LR: 0.000500
2025-08-21 02:58:58 INFO Epoch 028 | Train Loss: 0.3565 | Val Loss: 0.5703 | Dice: 0.4776 | softDice: 0.4391 | clDice: 0.5210 | softclDice: 0.5048 | IoU: 0.3142 | Tversky: 0.4776 | Hausdorff: 293.0304 | HD95: 33.0430 | val_loss: 0.5703 | LR: 0.000250
2025-08-21 03:00:39 INFO Epoch 029 | Train Loss: 0.3538 | Val Loss: 0.5708 | Dice: 0.4888 | softDice: 0.4466 | clDice: 0.5400 | softclDice: 0.4891 | IoU: 0.3240 | Tversky: 0.4888 | Hausdorff: 300.0352 | HD95: 28.6375 | val_loss: 0.5708 | LR: 0.000250
2025-08-21 03:02:22 INFO Epoch 030 | Train Loss: 0.3539 | Val Loss: 0.5690 | Dice: 0.4842 | softDice: 0.4430 | clDice: 0.5285 | softclDice: 0.5005 | IoU: 0.3200 | Tversky: 0.4842 | Hausdorff: 286.2850 | HD95: 30.8324 | val_loss: 0.5690 | LR: 0.000250
2025-08-21 03:04:01 INFO Epoch 031 | Train Loss: 0.3501 | Val Loss: 0.5701 | Dice: 0.4834 | softDice: 0.4440 | clDice: 0.5266 | softclDice: 0.4989 | IoU: 0.3193 | Tversky: 0.4834 | Hausdorff: 293.1343 | HD95: 29.8166 | val_loss: 0.5701 | LR: 0.000250
2025-08-21 03:05:44 INFO Epoch 032 | Train Loss: 0.3514 | Val Loss: 0.5721 | Dice: 0.4900 | softDice: 0.4505 | clDice: 0.5397 | softclDice: 0.4898 | IoU: 0.3250 | Tversky: 0.4900 | Hausdorff: 292.2794 | HD95: 27.0988 | val_loss: 0.5721 | LR: 0.000250
2025-08-21 03:07:29 INFO Epoch 033 | Train Loss: 0.3503 | Val Loss: 0.5704 | Dice: 0.4872 | softDice: 0.4463 | clDice: 0.5333 | softclDice: 0.4953 | IoU: 0.3225 | Tversky: 0.4872 | Hausdorff: 290.1413 | HD95: 29.4939 | val_loss: 0.5704 | LR: 0.000250
2025-08-21 03:09:07 INFO Epoch 034 | Train Loss: 0.3518 | Val Loss: 0.5699 | Dice: 0.4856 | softDice: 0.4445 | clDice: 0.5307 | softclDice: 0.4980 | IoU: 0.3211 | Tversky: 0.4856 | Hausdorff: 288.4149 | HD95: 31.5241 | val_loss: 0.5699 | LR: 0.000125
2025-08-21 03:10:52 INFO Early stopping at epoch 35 | Best Dice: 0.4916 at epoch 1
2025-08-21 03:11:38 INFO Fold 2 results: Dice: 0.4899 | softDice: 0.4394 | clDice: 0.5462 | softclDice: 0.4867 | IoU: 0.3249 | Tversky: 0.4899 | Hausdorff: 289.4388 | HD95: 31.0033 | val_loss: 0.5690
2025-08-21 03:11:38 INFO ===== Fold 3 / 5 =====
2025-08-21 03:11:38 INFO Loading model unet with settings {'name': 'unet', 'encoder_name': 'se_resnext50_32x4d', 'encoder_weights': 'imagenet', 'classes': 1, 'activation': None, 'dropout': 0.2}
2025-08-21 03:13:24 INFO Epoch 001 | Train Loss: 0.4933 | Val Loss: 0.5771 | Dice: 0.4543 | softDice: 0.3746 | clDice: 0.5190 | softclDice: 0.6025 | IoU: 0.2945 | Tversky: 0.4543 | Hausdorff: 245.3136 | HD95: 47.1228 | val_loss: 0.5771 | LR: 0.001000
2025-08-21 03:15:10 INFO Epoch 002 | Train Loss: 0.3974 | Val Loss: 0.5709 | Dice: 0.4641 | softDice: 0.4082 | clDice: 0.5185 | softclDice: 0.5362 | IoU: 0.3031 | Tversky: 0.4641 | Hausdorff: 322.3133 | HD95: 45.6879 | val_loss: 0.5709 | LR: 0.001000
2025-08-21 03:16:48 INFO Epoch 003 | Train Loss: 0.3841 | Val Loss: 0.5731 | Dice: 0.4825 | softDice: 0.4296 | clDice: 0.5466 | softclDice: 0.5030 | IoU: 0.3187 | Tversky: 0.4825 | Hausdorff: 261.5857 | HD95: 35.6213 | val_loss: 0.5731 | LR: 0.001000
2025-08-21 03:18:23 INFO Epoch 004 | Train Loss: 0.3786 | Val Loss: 0.5694 | Dice: 0.4623 | softDice: 0.4127 | clDice: 0.5094 | softclDice: 0.5282 | IoU: 0.3020 | Tversky: 0.4623 | Hausdorff: 295.6692 | HD95: 47.4986 | val_loss: 0.5694 | LR: 0.001000
2025-08-21 03:20:00 INFO Epoch 005 | Train Loss: 0.3739 | Val Loss: 0.5680 | Dice: 0.4746 | softDice: 0.4265 | clDice: 0.5224 | softclDice: 0.5118 | IoU: 0.3122 | Tversky: 0.4746 | Hausdorff: 251.8501 | HD95: 39.3518 | val_loss: 0.5680 | LR: 0.001000
2025-08-21 03:21:44 INFO Epoch 006 | Train Loss: 0.3715 | Val Loss: 0.5735 | Dice: 0.4713 | softDice: 0.4292 | clDice: 0.5305 | softclDice: 0.5034 | IoU: 0.3094 | Tversky: 0.4713 | Hausdorff: 262.2494 | HD95: 45.8551 | val_loss: 0.5735 | LR: 0.001000
2025-08-21 03:23:19 INFO Epoch 007 | Train Loss: 0.3728 | Val Loss: 0.5667 | Dice: 0.4822 | softDice: 0.4284 | clDice: 0.5320 | softclDice: 0.5058 | IoU: 0.3188 | Tversky: 0.4822 | Hausdorff: 264.3061 | HD95: 35.1634 | val_loss: 0.5667 | LR: 0.001000
2025-08-21 03:24:57 INFO Epoch 008 | Train Loss: 0.3710 | Val Loss: 0.5698 | Dice: 0.4766 | softDice: 0.4294 | clDice: 0.5284 | softclDice: 0.5075 | IoU: 0.3141 | Tversky: 0.4766 | Hausdorff: 249.9379 | HD95: 40.5514 | val_loss: 0.5698 | LR: 0.001000
2025-08-21 03:26:42 INFO Epoch 009 | Train Loss: 0.3699 | Val Loss: 0.5702 | Dice: 0.4921 | softDice: 0.4332 | clDice: 0.5531 | softclDice: 0.4872 | IoU: 0.3271 | Tversky: 0.4921 | Hausdorff: 258.0185 | HD95: 35.3875 | val_loss: 0.5702 | LR: 0.001000
2025-08-21 03:28:24 INFO Epoch 010 | Train Loss: 0.3701 | Val Loss: 0.5722 | Dice: 0.4867 | softDice: 0.4442 | clDice: 0.5461 | softclDice: 0.4828 | IoU: 0.3226 | Tversky: 0.4867 | Hausdorff: 251.8735 | HD95: 40.8596 | val_loss: 0.5722 | LR: 0.001000
2025-08-21 03:30:08 INFO Epoch 011 | Train Loss: 0.3692 | Val Loss: 0.5665 | Dice: 0.4823 | softDice: 0.4271 | clDice: 0.5344 | softclDice: 0.5009 | IoU: 0.3189 | Tversky: 0.4823 | Hausdorff: 262.8181 | HD95: 37.0416 | val_loss: 0.5665 | LR: 0.001000
2025-08-21 03:31:46 INFO Epoch 012 | Train Loss: 0.3656 | Val Loss: 0.5663 | Dice: 0.4817 | softDice: 0.4339 | clDice: 0.5299 | softclDice: 0.5027 | IoU: 0.3183 | Tversky: 0.4817 | Hausdorff: 250.2468 | HD95: 39.9380 | val_loss: 0.5663 | LR: 0.001000
2025-08-21 03:33:26 INFO Epoch 013 | Train Loss: 0.3624 | Val Loss: 0.5716 | Dice: 0.4888 | softDice: 0.4396 | clDice: 0.5454 | softclDice: 0.4885 | IoU: 0.3245 | Tversky: 0.4888 | Hausdorff: 276.8098 | HD95: 32.8712 | val_loss: 0.5716 | LR: 0.001000
2025-08-21 03:35:10 INFO Epoch 014 | Train Loss: 0.3644 | Val Loss: 0.5755 | Dice: 0.4799 | softDice: 0.4352 | clDice: 0.5422 | softclDice: 0.4912 | IoU: 0.3166 | Tversky: 0.4799 | Hausdorff: 241.3954 | HD95: 34.6772 | val_loss: 0.5755 | LR: 0.001000
2025-08-21 03:36:47 INFO Epoch 015 | Train Loss: 0.3614 | Val Loss: 0.5728 | Dice: 0.4920 | softDice: 0.4484 | clDice: 0.5507 | softclDice: 0.4783 | IoU: 0.3272 | Tversky: 0.4920 | Hausdorff: 250.7920 | HD95: 33.0663 | val_loss: 0.5728 | LR: 0.001000
2025-08-21 03:38:27 INFO Epoch 016 | Train Loss: 0.3633 | Val Loss: 0.5718 | Dice: 0.4894 | softDice: 0.4451 | clDice: 0.5436 | softclDice: 0.4853 | IoU: 0.3249 | Tversky: 0.4894 | Hausdorff: 304.8213 | HD95: 35.2841 | val_loss: 0.5718 | LR: 0.001000
2025-08-21 03:40:12 INFO Epoch 017 | Train Loss: 0.3641 | Val Loss: 0.5693 | Dice: 0.4757 | softDice: 0.4308 | clDice: 0.5261 | softclDice: 0.5038 | IoU: 0.3134 | Tversky: 0.4757 | Hausdorff: 245.7212 | HD95: 39.7900 | val_loss: 0.5693 | LR: 0.001000
2025-08-21 03:41:53 INFO Epoch 018 | Train Loss: 0.3605 | Val Loss: 0.5735 | Dice: 0.4858 | softDice: 0.4390 | clDice: 0.5443 | softclDice: 0.4894 | IoU: 0.3217 | Tversky: 0.4858 | Hausdorff: 256.2255 | HD95: 32.6735 | val_loss: 0.5735 | LR: 0.000500
2025-08-21 03:43:31 INFO Epoch 019 | Train Loss: 0.3595 | Val Loss: 0.5675 | Dice: 0.4895 | softDice: 0.4444 | clDice: 0.5425 | softclDice: 0.4886 | IoU: 0.3252 | Tversky: 0.4895 | Hausdorff: 247.2250 | HD95: 36.8673 | val_loss: 0.5675 | LR: 0.000500
2025-08-21 03:45:10 INFO Epoch 020 | Train Loss: 0.3566 | Val Loss: 0.5684 | Dice: 0.4816 | softDice: 0.4370 | clDice: 0.5299 | softclDice: 0.4992 | IoU: 0.3184 | Tversky: 0.4816 | Hausdorff: 218.8977 | HD95: 33.4099 | val_loss: 0.5684 | LR: 0.000500
2025-08-21 03:46:55 INFO Epoch 021 | Train Loss: 0.3557 | Val Loss: 0.5669 | Dice: 0.4913 | softDice: 0.4486 | clDice: 0.5461 | softclDice: 0.4835 | IoU: 0.3268 | Tversky: 0.4913 | Hausdorff: 247.3010 | HD95: 40.9879 | val_loss: 0.5669 | LR: 0.000500
2025-08-21 03:48:34 INFO Epoch 022 | Train Loss: 0.3532 | Val Loss: 0.5700 | Dice: 0.4938 | softDice: 0.4520 | clDice: 0.5521 | softclDice: 0.4728 | IoU: 0.3289 | Tversky: 0.4938 | Hausdorff: 242.9250 | HD95: 38.6009 | val_loss: 0.5700 | LR: 0.000500
2025-08-21 03:50:12 INFO Epoch 023 | Train Loss: 0.3549 | Val Loss: 0.5655 | Dice: 0.4885 | softDice: 0.4429 | clDice: 0.5378 | softclDice: 0.4927 | IoU: 0.3243 | Tversky: 0.4885 | Hausdorff: 221.2278 | HD95: 36.1494 | val_loss: 0.5655 | LR: 0.000500
2025-08-21 03:51:52 INFO Epoch 024 | Train Loss: 0.3546 | Val Loss: 0.5681 | Dice: 0.4898 | softDice: 0.4474 | clDice: 0.5410 | softclDice: 0.4857 | IoU: 0.3254 | Tversky: 0.4898 | Hausdorff: 237.7507 | HD95: 37.1168 | val_loss: 0.5681 | LR: 0.000500
2025-08-21 03:53:30 INFO Epoch 025 | Train Loss: 0.3542 | Val Loss: 0.5676 | Dice: 0.4896 | softDice: 0.4451 | clDice: 0.5411 | softclDice: 0.4867 | IoU: 0.3253 | Tversky: 0.4896 | Hausdorff: 244.6806 | HD95: 33.8443 | val_loss: 0.5676 | LR: 0.000500
2025-08-21 03:55:07 INFO Epoch 026 | Train Loss: 0.3573 | Val Loss: 0.5672 | Dice: 0.4885 | softDice: 0.4445 | clDice: 0.5395 | softclDice: 0.4879 | IoU: 0.3244 | Tversky: 0.4885 | Hausdorff: 249.6396 | HD95: 43.5626 | val_loss: 0.5672 | LR: 0.000500
2025-08-21 03:56:49 INFO Epoch 027 | Train Loss: 0.3526 | Val Loss: 0.5688 | Dice: 0.4939 | softDice: 0.4494 | clDice: 0.5481 | softclDice: 0.4800 | IoU: 0.3290 | Tversky: 0.4939 | Hausdorff: 238.7708 | HD95: 33.1651 | val_loss: 0.5688 | LR: 0.000500
2025-08-21 03:58:27 INFO Epoch 028 | Train Loss: 0.3541 | Val Loss: 0.5667 | Dice: 0.4884 | softDice: 0.4449 | clDice: 0.5368 | softclDice: 0.4907 | IoU: 0.3242 | Tversky: 0.4884 | Hausdorff: 221.9392 | HD95: 34.5096 | val_loss: 0.5667 | LR: 0.000500
2025-08-21 04:00:04 INFO Epoch 029 | Train Loss: 0.3548 | Val Loss: 0.5715 | Dice: 0.4932 | softDice: 0.4533 | clDice: 0.5498 | softclDice: 0.4749 | IoU: 0.3284 | Tversky: 0.4932 | Hausdorff: 243.9586 | HD95: 34.3654 | val_loss: 0.5715 | LR: 0.000250
2025-08-21 04:01:50 INFO Epoch 030 | Train Loss: 0.3505 | Val Loss: 0.5689 | Dice: 0.4905 | softDice: 0.4498 | clDice: 0.5434 | softclDice: 0.4828 | IoU: 0.3260 | Tversky: 0.4905 | Hausdorff: 239.7609 | HD95: 33.3780 | val_loss: 0.5689 | LR: 0.000250
2025-08-21 04:03:27 INFO Epoch 031 | Train Loss: 0.3484 | Val Loss: 0.5718 | Dice: 0.4931 | softDice: 0.4537 | clDice: 0.5498 | softclDice: 0.4767 | IoU: 0.3283 | Tversky: 0.4931 | Hausdorff: 243.9227 | HD95: 31.2737 | val_loss: 0.5718 | LR: 0.000250
2025-08-21 04:05:08 INFO Epoch 032 | Train Loss: 0.3496 | Val Loss: 0.5701 | Dice: 0.4912 | softDice: 0.4497 | clDice: 0.5460 | softclDice: 0.4798 | IoU: 0.3267 | Tversky: 0.4912 | Hausdorff: 240.0496 | HD95: 34.1817 | val_loss: 0.5701 | LR: 0.000250
2025-08-21 04:06:46 INFO Epoch 033 | Train Loss: 0.3509 | Val Loss: 0.5690 | Dice: 0.4902 | softDice: 0.4483 | clDice: 0.5409 | softclDice: 0.4864 | IoU: 0.3258 | Tversky: 0.4902 | Hausdorff: 240.5606 | HD95: 33.8323 | val_loss: 0.5690 | LR: 0.000250
2025-08-21 04:08:24 INFO Epoch 034 | Train Loss: 0.3474 | Val Loss: 0.5681 | Dice: 0.4930 | softDice: 0.4474 | clDice: 0.5475 | softclDice: 0.4839 | IoU: 0.3283 | Tversky: 0.4930 | Hausdorff: 240.1263 | HD95: 32.0834 | val_loss: 0.5681 | LR: 0.000250
2025-08-21 04:10:00 INFO Epoch 035 | Train Loss: 0.3516 | Val Loss: 0.5690 | Dice: 0.4935 | softDice: 0.4515 | clDice: 0.5489 | softclDice: 0.4786 | IoU: 0.3286 | Tversky: 0.4935 | Hausdorff: 236.9854 | HD95: 32.1085 | val_loss: 0.5690 | LR: 0.000125
2025-08-21 04:11:37 INFO Epoch 036 | Train Loss: 0.3473 | Val Loss: 0.5711 | Dice: 0.4869 | softDice: 0.4474 | clDice: 0.5388 | softclDice: 0.4875 | IoU: 0.3229 | Tversky: 0.4869 | Hausdorff: 235.7112 | HD95: 34.1941 | val_loss: 0.5711 | LR: 0.000125
2025-08-21 04:13:13 INFO Epoch 037 | Train Loss: 0.3474 | Val Loss: 0.5698 | Dice: 0.4925 | softDice: 0.4505 | clDice: 0.5456 | softclDice: 0.4819 | IoU: 0.3277 | Tversky: 0.4925 | Hausdorff: 239.1768 | HD95: 30.6503 | val_loss: 0.5698 | LR: 0.000125
2025-08-21 04:14:49 INFO Epoch 038 | Train Loss: 0.3436 | Val Loss: 0.5709 | Dice: 0.4899 | softDice: 0.4507 | clDice: 0.5408 | softclDice: 0.4836 | IoU: 0.3255 | Tversky: 0.4899 | Hausdorff: 236.6098 | HD95: 34.3006 | val_loss: 0.5709 | LR: 0.000125
2025-08-21 04:16:25 INFO Epoch 039 | Train Loss: 0.3427 | Val Loss: 0.5712 | Dice: 0.4913 | softDice: 0.4516 | clDice: 0.5424 | softclDice: 0.4811 | IoU: 0.3266 | Tversky: 0.4913 | Hausdorff: 237.7340 | HD95: 32.7525 | val_loss: 0.5712 | LR: 0.000125
2025-08-21 04:18:05 INFO Epoch 040 | Train Loss: 0.3429 | Val Loss: 0.5700 | Dice: 0.4895 | softDice: 0.4491 | clDice: 0.5393 | softclDice: 0.4856 | IoU: 0.3251 | Tversky: 0.4895 | Hausdorff: 237.6488 | HD95: 32.7079 | val_loss: 0.5700 | LR: 0.000125
2025-08-21 04:19:44 INFO Epoch 041 | Train Loss: 0.3429 | Val Loss: 0.5727 | Dice: 0.4869 | softDice: 0.4495 | clDice: 0.5380 | softclDice: 0.4853 | IoU: 0.3228 | Tversky: 0.4869 | Hausdorff: 237.3447 | HD95: 34.3633 | val_loss: 0.5727 | LR: 0.000063
2025-08-21 04:21:20 INFO Early stopping at epoch 42 | Best Dice: 0.4939 at epoch 1
2025-08-21 04:22:08 INFO Fold 3 results: Dice: 0.4938 | softDice: 0.4520 | clDice: 0.5521 | softclDice: 0.4728 | IoU: 0.3289 | Tversky: 0.4938 | Hausdorff: 242.9250 | HD95: 38.6009 | val_loss: 0.5700
2025-08-21 04:22:08 INFO ===== Fold 4 / 5 =====
2025-08-21 04:22:08 INFO Loading model unet with settings {'name': 'unet', 'encoder_name': 'se_resnext50_32x4d', 'encoder_weights': 'imagenet', 'classes': 1, 'activation': None, 'dropout': 0.2}
2025-08-21 04:23:50 INFO Epoch 001 | Train Loss: 0.5611 | Val Loss: 0.6748 | Dice: 0.4359 | softDice: 0.2880 | clDice: 0.4684 | softclDice: 0.7337 | IoU: 0.2789 | Tversky: 0.4359 | Hausdorff: 383.8811 | HD95: 92.9159 | val_loss: 0.6748 | LR: 0.001000
2025-08-21 04:25:40 INFO Epoch 002 | Train Loss: 0.4121 | Val Loss: 0.5959 | Dice: 0.4402 | softDice: 0.3785 | clDice: 0.5012 | softclDice: 0.5907 | IoU: 0.2823 | Tversky: 0.4402 | Hausdorff: 228.4037 | HD95: 51.1512 | val_loss: 0.5959 | LR: 0.001000
2025-08-21 04:27:23 INFO Epoch 003 | Train Loss: 0.3926 | Val Loss: 0.5766 | Dice: 0.4651 | softDice: 0.4121 | clDice: 0.5169 | softclDice: 0.5383 | IoU: 0.3032 | Tversky: 0.4651 | Hausdorff: 386.9820 | HD95: 48.9050 | val_loss: 0.5766 | LR: 0.001000
2025-08-21 04:29:06 INFO Epoch 004 | Train Loss: 0.3834 | Val Loss: 0.5890 | Dice: 0.4618 | softDice: 0.4069 | clDice: 0.5241 | softclDice: 0.5291 | IoU: 0.3006 | Tversky: 0.4618 | Hausdorff: 315.4936 | HD95: 47.4829 | val_loss: 0.5890 | LR: 0.001000
2025-08-21 04:30:47 INFO Epoch 005 | Train Loss: 0.3761 | Val Loss: 0.5737 | Dice: 0.4784 | softDice: 0.4230 | clDice: 0.5298 | softclDice: 0.5126 | IoU: 0.3147 | Tversky: 0.4784 | Hausdorff: 433.8948 | HD95: 37.5717 | val_loss: 0.5737 | LR: 0.001000
2025-08-21 04:32:26 INFO Epoch 006 | Train Loss: 0.3728 | Val Loss: 0.5696 | Dice: 0.4470 | softDice: 0.4011 | clDice: 0.4855 | softclDice: 0.5479 | IoU: 0.2881 | Tversky: 0.4470 | Hausdorff: 228.1730 | HD95: 54.7131 | val_loss: 0.5696 | LR: 0.001000
2025-08-21 04:34:08 INFO Epoch 007 | Train Loss: 0.3703 | Val Loss: 0.5800 | Dice: 0.4742 | softDice: 0.4165 | clDice: 0.5313 | softclDice: 0.5188 | IoU: 0.3111 | Tversky: 0.4742 | Hausdorff: 274.6203 | HD95: 39.8007 | val_loss: 0.5800 | LR: 0.001000
2025-08-21 04:35:48 INFO Epoch 008 | Train Loss: 0.3719 | Val Loss: 0.5742 | Dice: 0.4784 | softDice: 0.4284 | clDice: 0.5284 | softclDice: 0.5086 | IoU: 0.3146 | Tversky: 0.4784 | Hausdorff: 218.5854 | HD95: 34.0191 | val_loss: 0.5742 | LR: 0.001000
2025-08-21 04:37:23 INFO Epoch 009 | Train Loss: 0.3679 | Val Loss: 0.5726 | Dice: 0.4763 | softDice: 0.4357 | clDice: 0.5213 | softclDice: 0.5069 | IoU: 0.3128 | Tversky: 0.4763 | Hausdorff: 195.5008 | HD95: 37.5634 | val_loss: 0.5726 | LR: 0.001000
2025-08-21 04:39:04 INFO Epoch 010 | Train Loss: 0.3641 | Val Loss: 0.5725 | Dice: 0.4782 | softDice: 0.4308 | clDice: 0.5263 | softclDice: 0.5071 | IoU: 0.3145 | Tversky: 0.4782 | Hausdorff: 223.8463 | HD95: 33.7852 | val_loss: 0.5725 | LR: 0.001000
2025-08-21 04:40:43 INFO Epoch 011 | Train Loss: 0.3685 | Val Loss: 0.5725 | Dice: 0.4903 | softDice: 0.4357 | clDice: 0.5517 | softclDice: 0.4883 | IoU: 0.3250 | Tversky: 0.4903 | Hausdorff: 219.6572 | HD95: 29.9499 | val_loss: 0.5725 | LR: 0.001000
2025-08-21 04:42:24 INFO Epoch 012 | Train Loss: 0.3663 | Val Loss: 0.5752 | Dice: 0.4855 | softDice: 0.4391 | clDice: 0.5394 | softclDice: 0.4945 | IoU: 0.3208 | Tversky: 0.4855 | Hausdorff: 220.4902 | HD95: 32.2414 | val_loss: 0.5752 | LR: 0.000500
2025-08-21 04:44:09 INFO Epoch 013 | Train Loss: 0.3623 | Val Loss: 0.5725 | Dice: 0.4909 | softDice: 0.4423 | clDice: 0.5448 | softclDice: 0.4880 | IoU: 0.3256 | Tversky: 0.4909 | Hausdorff: 229.4762 | HD95: 31.2099 | val_loss: 0.5725 | LR: 0.000500
2025-08-21 04:45:53 INFO Epoch 014 | Train Loss: 0.3604 | Val Loss: 0.5712 | Dice: 0.4909 | softDice: 0.4452 | clDice: 0.5451 | softclDice: 0.4851 | IoU: 0.3255 | Tversky: 0.4909 | Hausdorff: 218.7166 | HD95: 31.4830 | val_loss: 0.5712 | LR: 0.000500
2025-08-21 04:47:39 INFO Epoch 015 | Train Loss: 0.3622 | Val Loss: 0.5693 | Dice: 0.4923 | softDice: 0.4441 | clDice: 0.5456 | softclDice: 0.4845 | IoU: 0.3268 | Tversky: 0.4923 | Hausdorff: 220.9335 | HD95: 34.7615 | val_loss: 0.5693 | LR: 0.000500
2025-08-21 04:49:20 INFO Epoch 016 | Train Loss: 0.3591 | Val Loss: 0.5706 | Dice: 0.4905 | softDice: 0.4445 | clDice: 0.5408 | softclDice: 0.4905 | IoU: 0.3252 | Tversky: 0.4905 | Hausdorff: 221.1051 | HD95: 28.5775 | val_loss: 0.5706 | LR: 0.000500
2025-08-21 04:51:08 INFO Epoch 017 | Train Loss: 0.3593 | Val Loss: 0.5697 | Dice: 0.4924 | softDice: 0.4407 | clDice: 0.5499 | softclDice: 0.4843 | IoU: 0.3269 | Tversky: 0.4924 | Hausdorff: 203.1852 | HD95: 29.4853 | val_loss: 0.5697 | LR: 0.000500
2025-08-21 04:52:52 INFO Epoch 018 | Train Loss: 0.3569 | Val Loss: 0.5747 | Dice: 0.4814 | softDice: 0.4399 | clDice: 0.5302 | softclDice: 0.4970 | IoU: 0.3173 | Tversky: 0.4814 | Hausdorff: 205.7900 | HD95: 31.7904 | val_loss: 0.5747 | LR: 0.000500
2025-08-21 04:54:30 INFO Epoch 019 | Train Loss: 0.3601 | Val Loss: 0.5708 | Dice: 0.4929 | softDice: 0.4442 | clDice: 0.5473 | softclDice: 0.4838 | IoU: 0.3274 | Tversky: 0.4929 | Hausdorff: 225.9139 | HD95: 30.3180 | val_loss: 0.5708 | LR: 0.000500
2025-08-21 04:56:09 INFO Epoch 020 | Train Loss: 0.3581 | Val Loss: 0.5717 | Dice: 0.4838 | softDice: 0.4379 | clDice: 0.5326 | softclDice: 0.5011 | IoU: 0.3194 | Tversky: 0.4838 | Hausdorff: 224.6495 | HD95: 30.1025 | val_loss: 0.5717 | LR: 0.000500
2025-08-21 04:57:52 INFO Epoch 021 | Train Loss: 0.3595 | Val Loss: 0.5712 | Dice: 0.4837 | softDice: 0.4367 | clDice: 0.5316 | softclDice: 0.5023 | IoU: 0.3193 | Tversky: 0.4837 | Hausdorff: 225.0147 | HD95: 30.7568 | val_loss: 0.5712 | LR: 0.000250
2025-08-21 04:59:31 INFO Epoch 022 | Train Loss: 0.3535 | Val Loss: 0.5714 | Dice: 0.4928 | softDice: 0.4498 | clDice: 0.5471 | softclDice: 0.4799 | IoU: 0.3273 | Tversky: 0.4928 | Hausdorff: 202.2110 | HD95: 32.7376 | val_loss: 0.5714 | LR: 0.000250
2025-08-21 05:01:17 INFO Epoch 023 | Train Loss: 0.3560 | Val Loss: 0.5712 | Dice: 0.4935 | softDice: 0.4493 | clDice: 0.5479 | softclDice: 0.4814 | IoU: 0.3278 | Tversky: 0.4935 | Hausdorff: 206.2741 | HD95: 31.2274 | val_loss: 0.5712 | LR: 0.000250
2025-08-21 05:02:58 INFO Epoch 024 | Train Loss: 0.3542 | Val Loss: 0.5713 | Dice: 0.4901 | softDice: 0.4475 | clDice: 0.5399 | softclDice: 0.4872 | IoU: 0.3249 | Tversky: 0.4901 | Hausdorff: 197.4888 | HD95: 31.5180 | val_loss: 0.5713 | LR: 0.000250
2025-08-21 05:04:35 INFO Epoch 025 | Train Loss: 0.3511 | Val Loss: 0.5741 | Dice: 0.4867 | softDice: 0.4447 | clDice: 0.5387 | softclDice: 0.4911 | IoU: 0.3219 | Tversky: 0.4867 | Hausdorff: 225.7103 | HD95: 31.4023 | val_loss: 0.5741 | LR: 0.000250
2025-08-21 05:06:17 INFO Epoch 026 | Train Loss: 0.3543 | Val Loss: 0.5702 | Dice: 0.4944 | softDice: 0.4476 | clDice: 0.5499 | softclDice: 0.4793 | IoU: 0.3286 | Tversky: 0.4944 | Hausdorff: 219.0585 | HD95: 30.4065 | val_loss: 0.5702 | LR: 0.000250
2025-08-21 05:07:54 INFO Epoch 027 | Train Loss: 0.3523 | Val Loss: 0.5728 | Dice: 0.4918 | softDice: 0.4476 | clDice: 0.5447 | softclDice: 0.4836 | IoU: 0.3264 | Tversky: 0.4918 | Hausdorff: 204.0761 | HD95: 27.7026 | val_loss: 0.5728 | LR: 0.000125
2025-08-21 05:09:38 INFO Epoch 028 | Train Loss: 0.3520 | Val Loss: 0.5716 | Dice: 0.4987 | softDice: 0.4536 | clDice: 0.5564 | softclDice: 0.4742 | IoU: 0.3325 | Tversky: 0.4987 | Hausdorff: 208.4797 | HD95: 27.2509 | val_loss: 0.5716 | LR: 0.000125
2025-08-21 05:11:15 INFO Epoch 029 | Train Loss: 0.3516 | Val Loss: 0.5707 | Dice: 0.4943 | softDice: 0.4494 | clDice: 0.5482 | softclDice: 0.4808 | IoU: 0.3286 | Tversky: 0.4943 | Hausdorff: 192.9901 | HD95: 29.6069 | val_loss: 0.5707 | LR: 0.000125
2025-08-21 05:12:58 INFO Epoch 030 | Train Loss: 0.3480 | Val Loss: 0.5707 | Dice: 0.4949 | softDice: 0.4515 | clDice: 0.5483 | softclDice: 0.4794 | IoU: 0.3292 | Tversky: 0.4949 | Hausdorff: 210.0919 | HD95: 29.5821 | val_loss: 0.5707 | LR: 0.000125
2025-08-21 05:14:35 INFO Epoch 031 | Train Loss: 0.3497 | Val Loss: 0.5707 | Dice: 0.4958 | softDice: 0.4498 | clDice: 0.5486 | softclDice: 0.4819 | IoU: 0.3299 | Tversky: 0.4958 | Hausdorff: 228.4741 | HD95: 27.5193 | val_loss: 0.5707 | LR: 0.000125
2025-08-21 05:16:14 INFO Epoch 032 | Train Loss: 0.3469 | Val Loss: 0.5712 | Dice: 0.4947 | softDice: 0.4508 | clDice: 0.5479 | softclDice: 0.4812 | IoU: 0.3289 | Tversky: 0.4947 | Hausdorff: 229.6670 | HD95: 28.2662 | val_loss: 0.5712 | LR: 0.000125
2025-08-21 05:17:53 INFO Epoch 033 | Train Loss: 0.3492 | Val Loss: 0.5713 | Dice: 0.4911 | softDice: 0.4485 | clDice: 0.5400 | softclDice: 0.4865 | IoU: 0.3257 | Tversky: 0.4911 | Hausdorff: 226.5077 | HD95: 28.3530 | val_loss: 0.5713 | LR: 0.000063
2025-08-21 05:19:34 INFO Epoch 034 | Train Loss: 0.3447 | Val Loss: 0.5725 | Dice: 0.4917 | softDice: 0.4500 | clDice: 0.5434 | softclDice: 0.4844 | IoU: 0.3263 | Tversky: 0.4917 | Hausdorff: 205.2313 | HD95: 27.9753 | val_loss: 0.5725 | LR: 0.000063
2025-08-21 05:21:12 INFO Epoch 035 | Train Loss: 0.3467 | Val Loss: 0.5710 | Dice: 0.4950 | softDice: 0.4511 | clDice: 0.5474 | softclDice: 0.4801 | IoU: 0.3292 | Tversky: 0.4950 | Hausdorff: 202.5747 | HD95: 28.0297 | val_loss: 0.5710 | LR: 0.000063
2025-08-21 05:22:51 INFO Epoch 036 | Train Loss: 0.3477 | Val Loss: 0.5725 | Dice: 0.4925 | softDice: 0.4496 | clDice: 0.5443 | softclDice: 0.4837 | IoU: 0.3270 | Tversky: 0.4925 | Hausdorff: 191.5565 | HD95: 26.4999 | val_loss: 0.5725 | LR: 0.000063
2025-08-21 05:24:35 INFO Epoch 037 | Train Loss: 0.3473 | Val Loss: 0.5719 | Dice: 0.4938 | softDice: 0.4501 | clDice: 0.5470 | softclDice: 0.4822 | IoU: 0.3281 | Tversky: 0.4938 | Hausdorff: 191.2809 | HD95: 27.7325 | val_loss: 0.5719 | LR: 0.000063
2025-08-21 05:26:15 INFO Epoch 038 | Train Loss: 0.3452 | Val Loss: 0.5721 | Dice: 0.4914 | softDice: 0.4482 | clDice: 0.5418 | softclDice: 0.4870 | IoU: 0.3260 | Tversky: 0.4914 | Hausdorff: 205.2090 | HD95: 28.3422 | val_loss: 0.5721 | LR: 0.000063
2025-08-21 05:27:55 INFO Epoch 039 | Train Loss: 0.3479 | Val Loss: 0.5712 | Dice: 0.4951 | softDice: 0.4503 | clDice: 0.5479 | softclDice: 0.4824 | IoU: 0.3293 | Tversky: 0.4951 | Hausdorff: 228.1076 | HD95: 26.7016 | val_loss: 0.5712 | LR: 0.000031
2025-08-21 05:29:36 INFO Early stopping at epoch 40 | Best Dice: 0.4987 at epoch 1
2025-08-21 05:30:23 INFO Fold 4 results: Dice: 0.4987 | softDice: 0.4536 | clDice: 0.5564 | softclDice: 0.4742 | IoU: 0.3325 | Tversky: 0.4987 | Hausdorff: 208.4797 | HD95: 27.2509 | val_loss: 0.5716
2025-08-21 05:30:23 INFO ===== Fold 5 / 5 =====
2025-08-21 05:30:23 INFO Loading model unet with settings {'name': 'unet', 'encoder_name': 'se_resnext50_32x4d', 'encoder_weights': 'imagenet', 'classes': 1, 'activation': None, 'dropout': 0.2}
2025-08-21 05:32:06 INFO Epoch 001 | Train Loss: 0.5760 | Val Loss: 0.5786 | Dice: 0.4315 | softDice: 0.2800 | clDice: 0.4820 | softclDice: 0.7081 | IoU: 0.2753 | Tversky: 0.4315 | Hausdorff: 638.5818 | HD95: 59.4056 | val_loss: 0.5786 | LR: 0.001000
2025-08-21 05:33:50 INFO Epoch 002 | Train Loss: 0.4205 | Val Loss: 0.5683 | Dice: 0.4495 | softDice: 0.3776 | clDice: 0.4948 | softclDice: 0.5789 | IoU: 0.2902 | Tversky: 0.4495 | Hausdorff: 448.5717 | HD95: 50.1706 | val_loss: 0.5683 | LR: 0.001000
2025-08-21 05:35:31 INFO Epoch 003 | Train Loss: 0.3942 | Val Loss: 0.5658 | Dice: 0.4513 | softDice: 0.3938 | clDice: 0.4984 | softclDice: 0.5557 | IoU: 0.2917 | Tversky: 0.4513 | Hausdorff: 244.7568 | HD95: 51.0785 | val_loss: 0.5658 | LR: 0.001000
2025-08-21 05:37:10 INFO Epoch 004 | Train Loss: 0.3844 | Val Loss: 0.5696 | Dice: 0.4684 | softDice: 0.4131 | clDice: 0.5300 | softclDice: 0.5229 | IoU: 0.3061 | Tversky: 0.4684 | Hausdorff: 336.4541 | HD95: 46.6899 | val_loss: 0.5696 | LR: 0.001000
2025-08-21 05:38:53 INFO Epoch 005 | Train Loss: 0.3809 | Val Loss: 0.5650 | Dice: 0.4739 | softDice: 0.4208 | clDice: 0.5295 | softclDice: 0.5151 | IoU: 0.3108 | Tversky: 0.4739 | Hausdorff: 245.6426 | HD95: 40.5286 | val_loss: 0.5650 | LR: 0.001000
2025-08-21 05:40:35 INFO Epoch 006 | Train Loss: 0.3765 | Val Loss: 0.5716 | Dice: 0.4780 | softDice: 0.4298 | clDice: 0.5484 | softclDice: 0.4939 | IoU: 0.3144 | Tversky: 0.4780 | Hausdorff: 207.5361 | HD95: 39.5012 | val_loss: 0.5716 | LR: 0.001000
2025-08-21 05:42:17 INFO Epoch 007 | Train Loss: 0.3795 | Val Loss: 0.5652 | Dice: 0.4745 | softDice: 0.4209 | clDice: 0.5316 | softclDice: 0.5108 | IoU: 0.3114 | Tversky: 0.4745 | Hausdorff: 216.2395 | HD95: 43.4591 | val_loss: 0.5652 | LR: 0.001000
2025-08-21 05:43:58 INFO Epoch 008 | Train Loss: 0.3735 | Val Loss: 0.5639 | Dice: 0.4696 | softDice: 0.4228 | clDice: 0.5154 | softclDice: 0.5191 | IoU: 0.3071 | Tversky: 0.4696 | Hausdorff: 321.8109 | HD95: 45.7830 | val_loss: 0.5639 | LR: 0.001000
2025-08-21 05:45:34 INFO Epoch 009 | Train Loss: 0.3727 | Val Loss: 0.5656 | Dice: 0.4696 | softDice: 0.4244 | clDice: 0.5217 | softclDice: 0.5095 | IoU: 0.3072 | Tversky: 0.4696 | Hausdorff: 209.6117 | HD95: 42.4236 | val_loss: 0.5656 | LR: 0.001000
2025-08-21 05:47:17 INFO Epoch 010 | Train Loss: 0.3706 | Val Loss: 0.5679 | Dice: 0.4769 | softDice: 0.4346 | clDice: 0.5388 | softclDice: 0.4904 | IoU: 0.3135 | Tversky: 0.4769 | Hausdorff: 216.2226 | HD95: 41.7431 | val_loss: 0.5679 | LR: 0.001000
2025-08-21 05:48:54 INFO Epoch 011 | Train Loss: 0.3689 | Val Loss: 0.5669 | Dice: 0.4668 | softDice: 0.4246 | clDice: 0.5183 | softclDice: 0.5101 | IoU: 0.3048 | Tversky: 0.4668 | Hausdorff: 309.3530 | HD95: 42.3529 | val_loss: 0.5669 | LR: 0.001000
2025-08-21 05:50:36 INFO Epoch 012 | Train Loss: 0.3700 | Val Loss: 0.5661 | Dice: 0.4661 | softDice: 0.4227 | clDice: 0.5158 | softclDice: 0.5150 | IoU: 0.3042 | Tversky: 0.4661 | Hausdorff: 203.0667 | HD95: 39.6535 | val_loss: 0.5661 | LR: 0.001000
2025-08-21 05:52:19 INFO Epoch 013 | Train Loss: 0.3681 | Val Loss: 0.5660 | Dice: 0.4688 | softDice: 0.4272 | clDice: 0.5207 | softclDice: 0.5070 | IoU: 0.3065 | Tversky: 0.4688 | Hausdorff: 230.9496 | HD95: 48.8636 | val_loss: 0.5660 | LR: 0.001000
2025-08-21 05:54:03 INFO Epoch 014 | Train Loss: 0.3680 | Val Loss: 0.5669 | Dice: 0.4790 | softDice: 0.4340 | clDice: 0.5363 | softclDice: 0.4961 | IoU: 0.3153 | Tversky: 0.4790 | Hausdorff: 388.2979 | HD95: 43.8797 | val_loss: 0.5669 | LR: 0.000500
2025-08-21 05:55:38 INFO Epoch 015 | Train Loss: 0.3647 | Val Loss: 0.5623 | Dice: 0.4863 | softDice: 0.4383 | clDice: 0.5425 | softclDice: 0.4902 | IoU: 0.3216 | Tversky: 0.4863 | Hausdorff: 220.6754 | HD95: 38.9219 | val_loss: 0.5623 | LR: 0.000500
2025-08-21 05:57:14 INFO Epoch 016 | Train Loss: 0.3634 | Val Loss: 0.5639 | Dice: 0.4877 | softDice: 0.4445 | clDice: 0.5436 | softclDice: 0.4842 | IoU: 0.3229 | Tversky: 0.4877 | Hausdorff: 203.8800 | HD95: 37.3927 | val_loss: 0.5639 | LR: 0.000500
2025-08-21 05:58:52 INFO Epoch 017 | Train Loss: 0.3609 | Val Loss: 0.5618 | Dice: 0.4820 | softDice: 0.4369 | clDice: 0.5337 | softclDice: 0.4955 | IoU: 0.3179 | Tversky: 0.4820 | Hausdorff: 211.0424 | HD95: 40.1685 | val_loss: 0.5618 | LR: 0.000500
2025-08-21 06:00:25 INFO Epoch 018 | Train Loss: 0.3626 | Val Loss: 0.5629 | Dice: 0.4889 | softDice: 0.4407 | clDice: 0.5439 | softclDice: 0.4874 | IoU: 0.3240 | Tversky: 0.4889 | Hausdorff: 189.3713 | HD95: 36.6373 | val_loss: 0.5629 | LR: 0.000500
2025-08-21 06:02:02 INFO Epoch 019 | Train Loss: 0.3609 | Val Loss: 0.5652 | Dice: 0.4862 | softDice: 0.4421 | clDice: 0.5461 | softclDice: 0.4841 | IoU: 0.3215 | Tversky: 0.4862 | Hausdorff: 214.0935 | HD95: 35.5039 | val_loss: 0.5652 | LR: 0.000500
2025-08-21 06:03:37 INFO Epoch 020 | Train Loss: 0.3580 | Val Loss: 0.5640 | Dice: 0.4946 | softDice: 0.4479 | clDice: 0.5595 | softclDice: 0.4719 | IoU: 0.3290 | Tversky: 0.4946 | Hausdorff: 207.2284 | HD95: 34.3498 | val_loss: 0.5640 | LR: 0.000500
2025-08-21 06:05:13 INFO Epoch 021 | Train Loss: 0.3606 | Val Loss: 0.5656 | Dice: 0.4870 | softDice: 0.4445 | clDice: 0.5443 | softclDice: 0.4834 | IoU: 0.3222 | Tversky: 0.4870 | Hausdorff: 215.6719 | HD95: 36.7497 | val_loss: 0.5656 | LR: 0.000500
2025-08-21 06:06:48 INFO Epoch 022 | Train Loss: 0.3613 | Val Loss: 0.5648 | Dice: 0.4876 | softDice: 0.4446 | clDice: 0.5480 | softclDice: 0.4812 | IoU: 0.3227 | Tversky: 0.4876 | Hausdorff: 205.4695 | HD95: 36.3845 | val_loss: 0.5648 | LR: 0.000500
2025-08-21 06:08:22 INFO Epoch 023 | Train Loss: 0.3583 | Val Loss: 0.5626 | Dice: 0.4843 | softDice: 0.4406 | clDice: 0.5359 | softclDice: 0.4951 | IoU: 0.3199 | Tversky: 0.4843 | Hausdorff: 192.5150 | HD95: 38.7758 | val_loss: 0.5626 | LR: 0.000250
2025-08-21 06:09:58 INFO Epoch 024 | Train Loss: 0.3587 | Val Loss: 0.5640 | Dice: 0.4819 | softDice: 0.4414 | clDice: 0.5345 | softclDice: 0.4917 | IoU: 0.3179 | Tversky: 0.4819 | Hausdorff: 197.7144 | HD95: 35.2119 | val_loss: 0.5640 | LR: 0.000250
2025-08-21 06:11:34 INFO Epoch 025 | Train Loss: 0.3545 | Val Loss: 0.5642 | Dice: 0.4888 | softDice: 0.4445 | clDice: 0.5461 | softclDice: 0.4840 | IoU: 0.3239 | Tversky: 0.4888 | Hausdorff: 189.1180 | HD95: 34.0677 | val_loss: 0.5642 | LR: 0.000250
2025-08-21 06:13:09 INFO Epoch 026 | Train Loss: 0.3555 | Val Loss: 0.5625 | Dice: 0.4883 | softDice: 0.4443 | clDice: 0.5437 | softclDice: 0.4855 | IoU: 0.3234 | Tversky: 0.4883 | Hausdorff: 196.2147 | HD95: 32.6943 | val_loss: 0.5625 | LR: 0.000250
2025-08-21 06:14:46 INFO Epoch 027 | Train Loss: 0.3535 | Val Loss: 0.5640 | Dice: 0.4821 | softDice: 0.4410 | clDice: 0.5359 | softclDice: 0.4916 | IoU: 0.3180 | Tversky: 0.4821 | Hausdorff: 197.7620 | HD95: 34.7688 | val_loss: 0.5640 | LR: 0.000250
2025-08-21 06:16:21 INFO Epoch 028 | Train Loss: 0.3516 | Val Loss: 0.5637 | Dice: 0.4790 | softDice: 0.4378 | clDice: 0.5290 | softclDice: 0.4984 | IoU: 0.3154 | Tversky: 0.4790 | Hausdorff: 223.7246 | HD95: 38.9855 | val_loss: 0.5637 | LR: 0.000250
2025-08-21 06:17:56 INFO Epoch 029 | Train Loss: 0.3543 | Val Loss: 0.5638 | Dice: 0.4865 | softDice: 0.4429 | clDice: 0.5423 | softclDice: 0.4861 | IoU: 0.3218 | Tversky: 0.4865 | Hausdorff: 211.9719 | HD95: 33.7727 | val_loss: 0.5638 | LR: 0.000125
2025-08-21 06:19:30 INFO Epoch 030 | Train Loss: 0.3526 | Val Loss: 0.5645 | Dice: 0.4861 | softDice: 0.4456 | clDice: 0.5396 | softclDice: 0.4870 | IoU: 0.3215 | Tversky: 0.4861 | Hausdorff: 206.9609 | HD95: 35.3387 | val_loss: 0.5645 | LR: 0.000125
2025-08-21 06:21:06 INFO Epoch 031 | Train Loss: 0.3509 | Val Loss: 0.5642 | Dice: 0.4878 | softDice: 0.4455 | clDice: 0.5425 | softclDice: 0.4849 | IoU: 0.3229 | Tversky: 0.4878 | Hausdorff: 200.2326 | HD95: 33.7724 | val_loss: 0.5642 | LR: 0.000125
2025-08-21 06:22:43 INFO Epoch 032 | Train Loss: 0.3510 | Val Loss: 0.5650 | Dice: 0.4881 | softDice: 0.4467 | clDice: 0.5437 | softclDice: 0.4829 | IoU: 0.3232 | Tversky: 0.4881 | Hausdorff: 205.8646 | HD95: 33.6914 | val_loss: 0.5650 | LR: 0.000125
2025-08-21 06:24:18 INFO Epoch 033 | Train Loss: 0.3499 | Val Loss: 0.5663 | Dice: 0.4838 | softDice: 0.4437 | clDice: 0.5399 | softclDice: 0.4872 | IoU: 0.3194 | Tversky: 0.4838 | Hausdorff: 201.9790 | HD95: 35.2736 | val_loss: 0.5663 | LR: 0.000125
2025-08-21 06:25:54 INFO Epoch 034 | Train Loss: 0.3502 | Val Loss: 0.5665 | Dice: 0.4840 | softDice: 0.4444 | clDice: 0.5417 | softclDice: 0.4856 | IoU: 0.3196 | Tversky: 0.4840 | Hausdorff: 207.3732 | HD95: 37.4115 | val_loss: 0.5665 | LR: 0.000125
2025-08-21 06:27:28 INFO Epoch 035 | Train Loss: 0.3493 | Val Loss: 0.5668 | Dice: 0.4878 | softDice: 0.4476 | clDice: 0.5494 | softclDice: 0.4775 | IoU: 0.3230 | Tversky: 0.4878 | Hausdorff: 209.5493 | HD95: 34.8287 | val_loss: 0.5668 | LR: 0.000063
2025-08-21 06:29:03 INFO Epoch 036 | Train Loss: 0.3513 | Val Loss: 0.5658 | Dice: 0.4864 | softDice: 0.4452 | clDice: 0.5416 | softclDice: 0.4852 | IoU: 0.3217 | Tversky: 0.4864 | Hausdorff: 197.9658 | HD95: 33.7439 | val_loss: 0.5658 | LR: 0.000063
2025-08-21 06:30:38 INFO Epoch 037 | Train Loss: 0.3481 | Val Loss: 0.5661 | Dice: 0.4834 | softDice: 0.4430 | clDice: 0.5385 | softclDice: 0.4899 | IoU: 0.3191 | Tversky: 0.4834 | Hausdorff: 204.6760 | HD95: 33.5611 | val_loss: 0.5661 | LR: 0.000063
2025-08-21 06:32:14 INFO Early stopping at epoch 38 | Best Dice: 0.4946 at epoch 1
2025-08-21 06:33:01 INFO Fold 5 results: Dice: 0.4946 | softDice: 0.4479 | clDice: 0.5595 | softclDice: 0.4719 | IoU: 0.3290 | Tversky: 0.4946 | Hausdorff: 207.2284 | HD95: 34.3498 | val_loss: 0.5640
2025-08-21 06:33:01 INFO ===== Cross-validation results =====
2025-08-21 06:33:01 INFO Dice: 0.4893 | softDice: 0.4470 | clDice: 0.5466 | softclDice: 0.4793 | IoU: 0.3244 | Tversky: 0.4893 | Hausdorff: 235.3006 | HD95: 36.5054 | val_loss: nan
