2025-08-21 01:04:53 INFO Starting training with configuration: {'model': {'name': 'unet', 'encoder_name': 'se_resnext50_32x4d', 'encoder_weights': 'imagenet', 'classes': 1, 'activation': None, 'dropout': 0.2}, 'dataset': {'root': '/data/smadper@alumno.upv.es/TFM/datasets/laticifers', 'patch_size': [512, 512], 'stride': [256, 256], 'num_patches': 50, 'num_workers': 4, 'feature_dirs': {'image': '/data/smadper@alumno.upv.es/TFM/datasets/laticifers/enhanced_images', 'mask': '/data/smadper@alumno.upv.es/TFM/datasets/laticifers/masks', 'distance': '/data/smadper@alumno.upv.es/TFM/datasets/laticifers/distance_maps_pt'}}, 'train': {'batch_size': 32, 'num_epochs': 70, 'learning_rate': 0.001, 'accumulation_steps': 1, 'save_dir': '/data/smadper@alumno.upv.es/TFM/checkpoints_cv2/unet/20250821_010453_unet_se_resnext50_32x4d_dice_cldice0.1', 'log_interval': 1, 'patience': 20, 'mixed_precision': True, 'experiment_name': 'unet_se_resnext50_32x4d_dice_cldice0.1', 'timestamp': '20250821_010453'}, 'test': {'batch_size': 1}, 'loss': {'name': 'dice_cldice', 'cldice_alpha': 0.3, 'tversky_alpha': 0.3, 'tversky_beta': 0.7, 'focal_tversky_gamma': 0.75, 'use_topographic': False, 'combine_with': None, 'weights': {'main': 1.0, 'combined': 0.0}, 'topo': {'alpha': 2.0, 'beta': 1.0}}}
2025-08-21 01:04:53 INFO Experiment name: unet_se_resnext50_32x4d_dice_cldice0.1
2025-08-21 01:04:53 INFO ===== Fold 1 / 5 =====
2025-08-21 01:04:53 INFO Loading model unet with settings {'name': 'unet', 'encoder_name': 'se_resnext50_32x4d', 'encoder_weights': 'imagenet', 'classes': 1, 'activation': None, 'dropout': 0.2}
2025-08-21 01:08:27 INFO Epoch 001 | Train Loss: 0.7639 | Val Loss: 1.0000 | Dice: 0.3196 | softDice: 0.1985 | clDice: 0.4108 | softclDice: 0.6047 | IoU: 0.1905 | Tversky: 0.3196 | Hausdorff: 507.3524 | HD95: 141.9805 | val_loss: 1.0000 | LR: 0.001000
2025-08-21 01:11:55 INFO Epoch 002 | Train Loss: 0.6390 | Val Loss: 0.9778 | Dice: 0.3885 | softDice: 0.3326 | clDice: 0.4810 | softclDice: 0.5220 | IoU: 0.2412 | Tversky: 0.3885 | Hausdorff: 589.9499 | HD95: 92.4504 | val_loss: 0.9778 | LR: 0.001000
2025-08-21 01:15:19 INFO Epoch 003 | Train Loss: 0.5805 | Val Loss: 0.8733 | Dice: 0.4087 | softDice: 0.3819 | clDice: 0.4891 | softclDice: 0.5112 | IoU: 0.2569 | Tversky: 0.4087 | Hausdorff: 285.7314 | HD95: 88.8341 | val_loss: 0.8733 | LR: 0.001000
2025-08-21 01:18:42 INFO Epoch 004 | Train Loss: 0.5840 | Val Loss: 0.9134 | Dice: 0.3809 | softDice: 0.3704 | clDice: 0.4613 | softclDice: 0.5005 | IoU: 0.2355 | Tversky: 0.3809 | Hausdorff: 556.5168 | HD95: 96.7965 | val_loss: 0.9134 | LR: 0.001000
2025-08-21 01:22:04 INFO Epoch 005 | Train Loss: 0.5732 | Val Loss: 0.9569 | Dice: 0.3868 | softDice: 0.3770 | clDice: 0.4736 | softclDice: 0.5059 | IoU: 0.2400 | Tversky: 0.3868 | Hausdorff: 558.9939 | HD95: 85.1099 | val_loss: 0.9569 | LR: 0.001000
2025-08-21 01:25:29 INFO Epoch 006 | Train Loss: 0.5637 | Val Loss: 0.8386 | Dice: 0.4102 | softDice: 0.4005 | clDice: 0.5060 | softclDice: 0.4748 | IoU: 0.2582 | Tversky: 0.4102 | Hausdorff: 413.4126 | HD95: 72.0696 | val_loss: 0.8386 | LR: 0.001000
2025-08-21 01:28:54 INFO Epoch 007 | Train Loss: 0.5553 | Val Loss: 0.9293 | Dice: 0.4066 | softDice: 0.4042 | clDice: 0.5079 | softclDice: 0.4546 | IoU: 0.2553 | Tversky: 0.4066 | Hausdorff: 525.9988 | HD95: 86.4490 | val_loss: 0.9293 | LR: 0.001000
2025-08-21 01:32:19 INFO Epoch 008 | Train Loss: 0.5475 | Val Loss: 0.9304 | Dice: 0.4142 | softDice: 0.4116 | clDice: 0.5061 | softclDice: 0.4584 | IoU: 0.2614 | Tversky: 0.4142 | Hausdorff: 303.4694 | HD95: 72.6444 | val_loss: 0.9304 | LR: 0.001000
2025-08-21 01:35:58 INFO Epoch 009 | Train Loss: 0.5533 | Val Loss: 0.8673 | Dice: 0.2604 | softDice: 0.2679 | clDice: 0.3659 | softclDice: 0.6725 | IoU: 0.1500 | Tversky: 0.2604 | Hausdorff: 767.6773 | HD95: 188.7318 | val_loss: 0.8673 | LR: 0.001000
2025-08-21 01:39:35 INFO Epoch 010 | Train Loss: 0.6513 | Val Loss: 0.9378 | Dice: 0.2995 | softDice: 0.2895 | clDice: 0.3722 | softclDice: 0.7268 | IoU: 0.1764 | Tversky: 0.2995 | Hausdorff: 657.0136 | HD95: 132.9595 | val_loss: 0.9378 | LR: 0.001000
2025-08-21 01:43:00 INFO Epoch 011 | Train Loss: 0.6971 | Val Loss: 0.8658 | Dice: 0.2955 | softDice: 0.2923 | clDice: 0.3497 | softclDice: 0.6007 | IoU: 0.1738 | Tversky: 0.2955 | Hausdorff: 762.1649 | HD95: 145.2261 | val_loss: 0.8658 | LR: 0.001000
2025-08-21 01:46:42 INFO Epoch 012 | Train Loss: 0.7007 | Val Loss: 0.9260 | Dice: 0.1990 | softDice: 0.1964 | clDice: 0.2657 | softclDice: 0.7851 | IoU: 0.1107 | Tversky: 0.1990 | Hausdorff: 809.7519 | HD95: 176.3133 | val_loss: 0.9260 | LR: 0.000500
2025-08-21 01:50:16 INFO Epoch 013 | Train Loss: 0.7233 | Val Loss: 0.9045 | Dice: 0.2256 | softDice: 0.2200 | clDice: 0.2953 | softclDice: 0.6945 | IoU: 0.1273 | Tversky: 0.2256 | Hausdorff: 714.1128 | HD95: 160.1384 | val_loss: 0.9045 | LR: 0.000500
2025-08-21 01:53:42 INFO Epoch 014 | Train Loss: 0.6996 | Val Loss: 0.9751 | Dice: 0.2702 | softDice: 0.2648 | clDice: 0.3177 | softclDice: 0.6740 | IoU: 0.1564 | Tversky: 0.2702 | Hausdorff: 694.1374 | HD95: 158.8341 | val_loss: 0.9751 | LR: 0.000500
2025-08-21 01:57:06 INFO Epoch 015 | Train Loss: 0.6746 | Val Loss: 0.8877 | Dice: 0.3126 | softDice: 0.3037 | clDice: 0.3647 | softclDice: 0.6321 | IoU: 0.1854 | Tversky: 0.3126 | Hausdorff: 721.7302 | HD95: 120.1619 | val_loss: 0.8877 | LR: 0.000500
2025-08-21 02:00:34 INFO Epoch 016 | Train Loss: 0.6482 | Val Loss: 0.8758 | Dice: 0.3292 | softDice: 0.3206 | clDice: 0.3965 | softclDice: 0.5969 | IoU: 0.1972 | Tversky: 0.3292 | Hausdorff: 665.9873 | HD95: 113.7079 | val_loss: 0.8758 | LR: 0.000500
2025-08-21 02:03:54 INFO Epoch 017 | Train Loss: 0.6336 | Val Loss: 0.8671 | Dice: 0.3376 | softDice: 0.3295 | clDice: 0.4061 | softclDice: 0.5710 | IoU: 0.2033 | Tversky: 0.3376 | Hausdorff: 642.6069 | HD95: 114.8089 | val_loss: 0.8671 | LR: 0.000500
2025-08-21 02:07:16 INFO Epoch 018 | Train Loss: 0.6232 | Val Loss: 0.8875 | Dice: 0.3328 | softDice: 0.3286 | clDice: 0.3981 | softclDice: 0.5840 | IoU: 0.1999 | Tversky: 0.3328 | Hausdorff: 704.1617 | HD95: 123.0772 | val_loss: 0.8875 | LR: 0.000250
2025-08-21 02:10:41 INFO Epoch 019 | Train Loss: 0.6161 | Val Loss: 0.8574 | Dice: 0.3552 | softDice: 0.3499 | clDice: 0.4361 | softclDice: 0.5483 | IoU: 0.2162 | Tversky: 0.3552 | Hausdorff: 635.2790 | HD95: 104.3494 | val_loss: 0.8574 | LR: 0.000250
2025-08-21 02:14:08 INFO Epoch 020 | Train Loss: 0.6025 | Val Loss: 0.9005 | Dice: 0.3536 | softDice: 0.3493 | clDice: 0.4334 | softclDice: 0.5558 | IoU: 0.2149 | Tversky: 0.3536 | Hausdorff: 667.1363 | HD95: 108.4878 | val_loss: 0.9005 | LR: 0.000250
2025-08-21 02:17:35 INFO Epoch 021 | Train Loss: 0.6038 | Val Loss: 0.8790 | Dice: 0.3811 | softDice: 0.3748 | clDice: 0.4460 | softclDice: 0.5465 | IoU: 0.2356 | Tversky: 0.3811 | Hausdorff: 578.7400 | HD95: 86.1660 | val_loss: 0.8790 | LR: 0.000250
2025-08-21 02:21:06 INFO Epoch 022 | Train Loss: 0.5962 | Val Loss: 0.9188 | Dice: 0.3809 | softDice: 0.3774 | clDice: 0.4601 | softclDice: 0.5294 | IoU: 0.2354 | Tversky: 0.3809 | Hausdorff: 617.3846 | HD95: 93.8406 | val_loss: 0.9188 | LR: 0.000250
2025-08-21 02:24:36 INFO Epoch 023 | Train Loss: 0.5852 | Val Loss: 0.9175 | Dice: 0.3802 | softDice: 0.3777 | clDice: 0.4628 | softclDice: 0.5207 | IoU: 0.2349 | Tversky: 0.3802 | Hausdorff: 611.6820 | HD95: 95.7199 | val_loss: 0.9175 | LR: 0.000250
2025-08-21 02:28:02 INFO Epoch 024 | Train Loss: 0.5782 | Val Loss: 0.8688 | Dice: 0.3926 | softDice: 0.3875 | clDice: 0.4775 | softclDice: 0.5075 | IoU: 0.2444 | Tversky: 0.3926 | Hausdorff: 582.2247 | HD95: 82.9148 | val_loss: 0.8688 | LR: 0.000125
2025-08-21 02:31:27 INFO Epoch 025 | Train Loss: 0.5691 | Val Loss: 0.8695 | Dice: 0.4007 | softDice: 0.3942 | clDice: 0.4844 | softclDice: 0.5095 | IoU: 0.2507 | Tversky: 0.4007 | Hausdorff: 497.3052 | HD95: 76.9261 | val_loss: 0.8695 | LR: 0.000125
2025-08-21 02:34:49 INFO Epoch 026 | Train Loss: 0.5703 | Val Loss: 0.8679 | Dice: 0.3986 | softDice: 0.3923 | clDice: 0.4838 | softclDice: 0.5019 | IoU: 0.2490 | Tversky: 0.3986 | Hausdorff: 453.6725 | HD95: 77.7388 | val_loss: 0.8679 | LR: 0.000125
2025-08-21 02:38:19 INFO Early stopping at epoch 27 | Best Dice: 0.4142 at epoch 12
2025-08-21 02:40:10 INFO Fold 1 results: Dice: 0.4066 | softDice: 0.4042 | clDice: 0.5079 | softclDice: 0.4546 | IoU: 0.2553 | Tversky: 0.4066 | Hausdorff: 525.9988 | HD95: 86.4490 | val_loss: 0.9293
2025-08-21 02:40:10 INFO ===== Fold 2 / 5 =====
2025-08-21 02:40:10 INFO Loading model unet with settings {'name': 'unet', 'encoder_name': 'se_resnext50_32x4d', 'encoder_weights': 'imagenet', 'classes': 1, 'activation': None, 'dropout': 0.2}
2025-08-21 02:43:49 INFO Epoch 001 | Train Loss: 0.7654 | Val Loss: 1.0000 | Dice: 0.3973 | softDice: 0.2900 | clDice: 0.4874 | softclDice: 0.5513 | IoU: 0.2480 | Tversky: 0.3973 | Hausdorff: 568.9715 | HD95: 66.8936 | val_loss: 1.0000 | LR: 0.001000
2025-08-21 02:47:21 INFO Epoch 002 | Train Loss: 0.5893 | Val Loss: 1.0000 | Dice: 0.4330 | softDice: 0.4101 | clDice: 0.4944 | softclDice: 0.5072 | IoU: 0.2768 | Tversky: 0.4330 | Hausdorff: 473.3574 | HD95: 55.6209 | val_loss: 1.0000 | LR: 0.001000
2025-08-21 02:50:56 INFO Epoch 003 | Train Loss: 0.5633 | Val Loss: 0.8611 | Dice: 0.4368 | softDice: 0.4256 | clDice: 0.5138 | softclDice: 0.4691 | IoU: 0.2798 | Tversky: 0.4368 | Hausdorff: 421.6142 | HD95: 50.5556 | val_loss: 0.8611 | LR: 0.001000
2025-08-21 02:54:23 INFO Epoch 004 | Train Loss: 0.5646 | Val Loss: 0.8820 | Dice: 0.4292 | softDice: 0.4213 | clDice: 0.5096 | softclDice: 0.4693 | IoU: 0.2737 | Tversky: 0.4292 | Hausdorff: 399.2166 | HD95: 58.3979 | val_loss: 0.8820 | LR: 0.001000
2025-08-21 02:57:54 INFO Epoch 005 | Train Loss: 0.5615 | Val Loss: 0.8668 | Dice: 0.4066 | softDice: 0.4018 | clDice: 0.4782 | softclDice: 0.5043 | IoU: 0.2556 | Tversky: 0.4066 | Hausdorff: 475.8599 | HD95: 61.0953 | val_loss: 0.8668 | LR: 0.001000
2025-08-21 03:01:15 INFO Epoch 006 | Train Loss: 0.5554 | Val Loss: 0.8858 | Dice: 0.4353 | softDice: 0.4265 | clDice: 0.5158 | softclDice: 0.4658 | IoU: 0.2785 | Tversky: 0.4353 | Hausdorff: 344.5840 | HD95: 62.4598 | val_loss: 0.8858 | LR: 0.001000
2025-08-21 03:04:37 INFO Epoch 007 | Train Loss: 0.5452 | Val Loss: 0.8400 | Dice: 0.4216 | softDice: 0.4148 | clDice: 0.5077 | softclDice: 0.4773 | IoU: 0.2674 | Tversky: 0.4216 | Hausdorff: 360.2240 | HD95: 64.8185 | val_loss: 0.8400 | LR: 0.001000
2025-08-21 03:08:03 INFO Epoch 008 | Train Loss: 0.5642 | Val Loss: 0.8310 | Dice: 0.4103 | softDice: 0.4027 | clDice: 0.5321 | softclDice: 0.4574 | IoU: 0.2584 | Tversky: 0.4103 | Hausdorff: 320.0872 | HD95: 65.5086 | val_loss: 0.8310 | LR: 0.001000
2025-08-21 03:11:36 INFO Epoch 009 | Train Loss: 0.5701 | Val Loss: 0.8512 | Dice: 0.3354 | softDice: 0.3337 | clDice: 0.4180 | softclDice: 0.5230 | IoU: 0.2017 | Tversky: 0.3354 | Hausdorff: 429.0323 | HD95: 135.0188 | val_loss: 0.8512 | LR: 0.001000
2025-08-21 03:14:58 INFO Epoch 010 | Train Loss: 0.5565 | Val Loss: 0.8531 | Dice: 0.4417 | softDice: 0.4357 | clDice: 0.5390 | softclDice: 0.4417 | IoU: 0.2838 | Tversky: 0.4417 | Hausdorff: 338.5496 | HD95: 60.4651 | val_loss: 0.8531 | LR: 0.001000
2025-08-21 03:18:28 INFO Epoch 011 | Train Loss: 0.5398 | Val Loss: 0.8282 | Dice: 0.4261 | softDice: 0.4200 | clDice: 0.5314 | softclDice: 0.4478 | IoU: 0.2709 | Tversky: 0.4261 | Hausdorff: 336.4342 | HD95: 67.6232 | val_loss: 0.8282 | LR: 0.001000
2025-08-21 03:21:56 INFO Epoch 012 | Train Loss: 0.5673 | Val Loss: 0.8847 | Dice: 0.3422 | softDice: 0.3299 | clDice: 0.4119 | softclDice: 0.6240 | IoU: 0.2069 | Tversky: 0.3422 | Hausdorff: 324.5962 | HD95: 87.1793 | val_loss: 0.8847 | LR: 0.001000
2025-08-21 03:25:30 INFO Epoch 013 | Train Loss: 0.5737 | Val Loss: 0.8327 | Dice: 0.4204 | softDice: 0.4162 | clDice: 0.5125 | softclDice: 0.4517 | IoU: 0.2665 | Tversky: 0.4204 | Hausdorff: 320.9514 | HD95: 59.1496 | val_loss: 0.8327 | LR: 0.001000
2025-08-21 03:29:02 INFO Epoch 014 | Train Loss: 0.5473 | Val Loss: 0.9287 | Dice: 0.4240 | softDice: 0.4222 | clDice: 0.5256 | softclDice: 0.4377 | IoU: 0.2693 | Tversky: 0.4240 | Hausdorff: 312.2995 | HD95: 56.3672 | val_loss: 0.9287 | LR: 0.001000
2025-08-21 03:32:24 INFO Epoch 015 | Train Loss: 0.5813 | Val Loss: 0.8646 | Dice: 0.3853 | softDice: 0.3710 | clDice: 0.4881 | softclDice: 0.5761 | IoU: 0.2390 | Tversky: 0.3853 | Hausdorff: 476.4717 | HD95: 86.7504 | val_loss: 0.8646 | LR: 0.001000
2025-08-21 03:35:51 INFO Epoch 016 | Train Loss: 0.6877 | Val Loss: 0.8882 | Dice: 0.2451 | softDice: 0.2401 | clDice: 0.3044 | softclDice: 0.6523 | IoU: 0.1403 | Tversky: 0.2451 | Hausdorff: 557.6834 | HD95: 132.5854 | val_loss: 0.8882 | LR: 0.001000
2025-08-21 03:39:13 INFO Epoch 017 | Train Loss: 0.6775 | Val Loss: 0.8566 | Dice: 0.3295 | softDice: 0.3214 | clDice: 0.4213 | softclDice: 0.5370 | IoU: 0.1977 | Tversky: 0.3295 | Hausdorff: 484.7449 | HD95: 106.7752 | val_loss: 0.8566 | LR: 0.000500
2025-08-21 03:42:42 INFO Epoch 018 | Train Loss: 0.6575 | Val Loss: 0.8773 | Dice: 0.2820 | softDice: 0.2798 | clDice: 0.3635 | softclDice: 0.6178 | IoU: 0.1653 | Tversky: 0.2820 | Hausdorff: 506.8842 | HD95: 127.6924 | val_loss: 0.8773 | LR: 0.000500
2025-08-21 03:46:08 INFO Epoch 019 | Train Loss: 0.6530 | Val Loss: 0.8722 | Dice: 0.3679 | softDice: 0.3624 | clDice: 0.4517 | softclDice: 0.5181 | IoU: 0.2259 | Tversky: 0.3679 | Hausdorff: 369.5329 | HD95: 88.1388 | val_loss: 0.8722 | LR: 0.000500
2025-08-21 03:49:40 INFO Epoch 020 | Train Loss: 0.6024 | Val Loss: 0.8306 | Dice: 0.3568 | softDice: 0.3556 | clDice: 0.4620 | softclDice: 0.5325 | IoU: 0.2174 | Tversky: 0.3568 | Hausdorff: 401.5800 | HD95: 125.5531 | val_loss: 0.8306 | LR: 0.000500
2025-08-21 03:53:14 INFO Epoch 021 | Train Loss: 0.6312 | Val Loss: 0.8305 | Dice: 0.3200 | softDice: 0.3198 | clDice: 0.4350 | softclDice: 0.4966 | IoU: 0.1907 | Tversky: 0.3200 | Hausdorff: 393.2687 | HD95: 104.1133 | val_loss: 0.8305 | LR: 0.000500
2025-08-21 03:56:54 INFO Epoch 022 | Train Loss: 0.6049 | Val Loss: 0.8390 | Dice: 0.3553 | softDice: 0.3496 | clDice: 0.4701 | softclDice: 0.5336 | IoU: 0.2164 | Tversky: 0.3553 | Hausdorff: 449.3356 | HD95: 88.0745 | val_loss: 0.8390 | LR: 0.000500
2025-08-21 04:00:20 INFO Epoch 023 | Train Loss: 0.6194 | Val Loss: 0.8378 | Dice: 0.3571 | softDice: 0.3524 | clDice: 0.4568 | softclDice: 0.5137 | IoU: 0.2177 | Tversky: 0.3571 | Hausdorff: 363.0069 | HD95: 94.4688 | val_loss: 0.8378 | LR: 0.000250
2025-08-21 04:03:57 INFO Epoch 024 | Train Loss: 0.5985 | Val Loss: 0.8531 | Dice: 0.3571 | softDice: 0.3493 | clDice: 0.4779 | softclDice: 0.5881 | IoU: 0.2176 | Tversky: 0.3571 | Hausdorff: 394.9882 | HD95: 90.9306 | val_loss: 0.8531 | LR: 0.000250
2025-08-21 04:07:40 INFO Epoch 025 | Train Loss: 0.6595 | Val Loss: 0.8756 | Dice: 0.2438 | softDice: 0.2419 | clDice: 0.3352 | softclDice: 0.7403 | IoU: 0.1391 | Tversky: 0.2438 | Hausdorff: 532.6085 | HD95: 141.0768 | val_loss: 0.8756 | LR: 0.000250
2025-08-21 04:11:06 INFO Epoch 026 | Train Loss: 0.6675 | Val Loss: 0.8397 | Dice: 0.3046 | softDice: 0.3004 | clDice: 0.4164 | softclDice: 0.5523 | IoU: 0.1802 | Tversky: 0.3046 | Hausdorff: 394.1659 | HD95: 115.5277 | val_loss: 0.8397 | LR: 0.000250
2025-08-21 04:14:33 INFO Epoch 027 | Train Loss: 0.6179 | Val Loss: 0.8408 | Dice: 0.3480 | softDice: 0.3415 | clDice: 0.4704 | softclDice: 0.5244 | IoU: 0.2113 | Tversky: 0.3480 | Hausdorff: 345.0895 | HD95: 96.0491 | val_loss: 0.8408 | LR: 0.000250
2025-08-21 04:17:59 INFO Epoch 028 | Train Loss: 0.6018 | Val Loss: 0.8321 | Dice: 0.3699 | softDice: 0.3660 | clDice: 0.4859 | softclDice: 0.4988 | IoU: 0.2273 | Tversky: 0.3699 | Hausdorff: 422.2665 | HD95: 88.9565 | val_loss: 0.8321 | LR: 0.000250
2025-08-21 04:21:25 INFO Epoch 029 | Train Loss: 0.6010 | Val Loss: 0.8399 | Dice: 0.3649 | softDice: 0.3636 | clDice: 0.4852 | softclDice: 0.5046 | IoU: 0.2234 | Tversky: 0.3649 | Hausdorff: 444.8979 | HD95: 92.6028 | val_loss: 0.8399 | LR: 0.000125
2025-08-21 04:24:49 INFO Epoch 030 | Train Loss: 0.5893 | Val Loss: 0.8411 | Dice: 0.3725 | softDice: 0.3711 | clDice: 0.4856 | softclDice: 0.5015 | IoU: 0.2292 | Tversky: 0.3725 | Hausdorff: 449.0333 | HD95: 91.0139 | val_loss: 0.8411 | LR: 0.000125
2025-08-21 04:28:14 INFO Early stopping at epoch 31 | Best Dice: 0.4417 at epoch 16
2025-08-21 04:30:05 INFO Fold 2 results: Dice: 0.4240 | softDice: 0.4222 | clDice: 0.5256 | softclDice: 0.4377 | IoU: 0.2693 | Tversky: 0.4240 | Hausdorff: 312.2995 | HD95: 56.3672 | val_loss: 0.9287
2025-08-21 04:30:05 INFO ===== Fold 3 / 5 =====
2025-08-21 04:30:05 INFO Loading model unet with settings {'name': 'unet', 'encoder_name': 'se_resnext50_32x4d', 'encoder_weights': 'imagenet', 'classes': 1, 'activation': None, 'dropout': 0.2}
2025-08-21 04:33:43 INFO Epoch 001 | Train Loss: 0.7499 | Val Loss: 1.0000 | Dice: 0.3320 | softDice: 0.2562 | clDice: 0.4517 | softclDice: 0.5366 | IoU: 0.1993 | Tversky: 0.3320 | Hausdorff: 435.6641 | HD95: 61.6392 | val_loss: 1.0000 | LR: 0.001000
2025-08-21 04:37:08 INFO Epoch 002 | Train Loss: 0.6280 | Val Loss: 1.0000 | Dice: 0.3710 | softDice: 0.3364 | clDice: 0.4642 | softclDice: 0.5105 | IoU: 0.2281 | Tversky: 0.3710 | Hausdorff: 533.2035 | HD95: 91.1704 | val_loss: 1.0000 | LR: 0.001000
2025-08-21 04:40:33 INFO Epoch 003 | Train Loss: 0.5859 | Val Loss: 0.8356 | Dice: 0.3950 | softDice: 0.3782 | clDice: 0.5044 | softclDice: 0.4616 | IoU: 0.2464 | Tversky: 0.3950 | Hausdorff: 460.9607 | HD95: 74.1062 | val_loss: 0.8356 | LR: 0.001000
2025-08-21 04:43:57 INFO Epoch 004 | Train Loss: 0.5757 | Val Loss: 0.9107 | Dice: 0.3798 | softDice: 0.3722 | clDice: 0.4796 | softclDice: 0.4568 | IoU: 0.2348 | Tversky: 0.3798 | Hausdorff: 292.7799 | HD95: 82.1521 | val_loss: 0.9107 | LR: 0.001000
2025-08-21 04:47:20 INFO Epoch 005 | Train Loss: 0.6077 | Val Loss: 0.8980 | Dice: 0.4014 | softDice: 0.3901 | clDice: 0.4810 | softclDice: 0.5048 | IoU: 0.2518 | Tversky: 0.4014 | Hausdorff: 302.2372 | HD95: 65.9594 | val_loss: 0.8980 | LR: 0.001000
2025-08-21 04:50:52 INFO Epoch 006 | Train Loss: 0.5645 | Val Loss: 0.8664 | Dice: 0.4234 | softDice: 0.4157 | clDice: 0.5186 | softclDice: 0.4640 | IoU: 0.2691 | Tversky: 0.4234 | Hausdorff: 263.7585 | HD95: 54.4139 | val_loss: 0.8664 | LR: 0.001000
2025-08-21 04:54:28 INFO Epoch 007 | Train Loss: 0.5618 | Val Loss: 0.8359 | Dice: 0.4195 | softDice: 0.4109 | clDice: 0.5303 | softclDice: 0.4846 | IoU: 0.2658 | Tversky: 0.4195 | Hausdorff: 568.4498 | HD95: 62.2643 | val_loss: 0.8359 | LR: 0.001000
2025-08-21 04:57:55 INFO Epoch 008 | Train Loss: 0.5647 | Val Loss: 0.9343 | Dice: 0.3867 | softDice: 0.3870 | clDice: 0.4815 | softclDice: 0.4642 | IoU: 0.2399 | Tversky: 0.3867 | Hausdorff: 400.2479 | HD95: 82.2742 | val_loss: 0.9343 | LR: 0.001000
2025-08-21 05:01:35 INFO Epoch 009 | Train Loss: 0.5683 | Val Loss: 0.8500 | Dice: 0.3913 | softDice: 0.3821 | clDice: 0.4784 | softclDice: 0.5323 | IoU: 0.2435 | Tversky: 0.3913 | Hausdorff: 324.0366 | HD95: 85.3732 | val_loss: 0.8500 | LR: 0.000500
2025-08-21 05:05:09 INFO Epoch 010 | Train Loss: 0.6347 | Val Loss: 0.8404 | Dice: 0.3762 | softDice: 0.3717 | clDice: 0.4252 | softclDice: 0.4913 | IoU: 0.2319 | Tversky: 0.3762 | Hausdorff: 485.7573 | HD95: 88.0361 | val_loss: 0.8404 | LR: 0.000500
2025-08-21 05:08:39 INFO Epoch 011 | Train Loss: 0.5701 | Val Loss: 0.8309 | Dice: 0.4226 | softDice: 0.4171 | clDice: 0.5247 | softclDice: 0.4469 | IoU: 0.2684 | Tversky: 0.4226 | Hausdorff: 522.1331 | HD95: 58.7571 | val_loss: 0.8309 | LR: 0.000500
2025-08-21 05:12:11 INFO Epoch 012 | Train Loss: 0.5516 | Val Loss: 0.8359 | Dice: 0.4260 | softDice: 0.4213 | clDice: 0.5290 | softclDice: 0.4651 | IoU: 0.2711 | Tversky: 0.4260 | Hausdorff: 333.9589 | HD95: 55.9568 | val_loss: 0.8359 | LR: 0.000500
2025-08-21 05:15:36 INFO Epoch 013 | Train Loss: 0.5418 | Val Loss: 0.8231 | Dice: 0.4313 | softDice: 0.4283 | clDice: 0.5403 | softclDice: 0.4278 | IoU: 0.2754 | Tversky: 0.4313 | Hausdorff: 293.5869 | HD95: 52.7239 | val_loss: 0.8231 | LR: 0.000500
2025-08-21 05:19:00 INFO Epoch 014 | Train Loss: 0.5384 | Val Loss: 0.9069 | Dice: 0.4432 | softDice: 0.4384 | clDice: 0.5417 | softclDice: 0.4349 | IoU: 0.2853 | Tversky: 0.4432 | Hausdorff: 262.2398 | HD95: 51.2555 | val_loss: 0.9069 | LR: 0.000500
2025-08-21 05:22:26 INFO Epoch 015 | Train Loss: 0.5327 | Val Loss: 0.8543 | Dice: 0.4381 | softDice: 0.4347 | clDice: 0.5435 | softclDice: 0.4226 | IoU: 0.2810 | Tversky: 0.4381 | Hausdorff: 294.4649 | HD95: 47.4704 | val_loss: 0.8543 | LR: 0.000500
2025-08-21 05:25:51 INFO Epoch 016 | Train Loss: 0.5362 | Val Loss: 0.8768 | Dice: 0.4339 | softDice: 0.4324 | clDice: 0.5426 | softclDice: 0.4140 | IoU: 0.2774 | Tversky: 0.4339 | Hausdorff: 304.3210 | HD95: 54.5803 | val_loss: 0.8768 | LR: 0.000500
2025-08-21 05:29:18 INFO Epoch 017 | Train Loss: 0.5278 | Val Loss: 0.8230 | Dice: 0.4440 | softDice: 0.4387 | clDice: 0.5480 | softclDice: 0.4257 | IoU: 0.2858 | Tversky: 0.4440 | Hausdorff: 314.6581 | HD95: 48.7820 | val_loss: 0.8230 | LR: 0.000500
2025-08-21 05:32:44 INFO Epoch 018 | Train Loss: 0.5319 | Val Loss: 0.8311 | Dice: 0.4174 | softDice: 0.4151 | clDice: 0.5176 | softclDice: 0.4571 | IoU: 0.2641 | Tversky: 0.4174 | Hausdorff: 255.3049 | HD95: 54.5638 | val_loss: 0.8311 | LR: 0.000500
2025-08-21 05:36:18 INFO Epoch 019 | Train Loss: 0.5330 | Val Loss: 0.9078 | Dice: 0.4200 | softDice: 0.4190 | clDice: 0.5138 | softclDice: 0.4493 | IoU: 0.2662 | Tversky: 0.4200 | Hausdorff: 371.6787 | HD95: 60.3227 | val_loss: 0.9078 | LR: 0.000500
2025-08-21 05:39:45 INFO Epoch 020 | Train Loss: 0.5350 | Val Loss: 0.8313 | Dice: 0.4319 | softDice: 0.4277 | clDice: 0.5344 | softclDice: 0.4516 | IoU: 0.2760 | Tversky: 0.4319 | Hausdorff: 312.4712 | HD95: 52.6478 | val_loss: 0.8313 | LR: 0.000500
2025-08-21 05:43:13 INFO Epoch 021 | Train Loss: 0.5287 | Val Loss: 0.8171 | Dice: 0.4407 | softDice: 0.4369 | clDice: 0.5541 | softclDice: 0.4068 | IoU: 0.2831 | Tversky: 0.4407 | Hausdorff: 305.2106 | HD95: 48.5725 | val_loss: 0.8171 | LR: 0.000500
2025-08-21 05:46:36 INFO Epoch 022 | Train Loss: 0.5223 | Val Loss: 0.8220 | Dice: 0.4451 | softDice: 0.4408 | clDice: 0.5499 | softclDice: 0.4249 | IoU: 0.2868 | Tversky: 0.4451 | Hausdorff: 329.3111 | HD95: 45.2555 | val_loss: 0.8220 | LR: 0.000500
2025-08-21 05:50:00 INFO Epoch 023 | Train Loss: 0.5236 | Val Loss: 0.9762 | Dice: 0.4421 | softDice: 0.4389 | clDice: 0.5233 | softclDice: 0.4563 | IoU: 0.2842 | Tversky: 0.4421 | Hausdorff: 539.4090 | HD95: 54.2910 | val_loss: 0.9762 | LR: 0.000500
2025-08-21 05:53:29 INFO Epoch 024 | Train Loss: 0.5209 | Val Loss: 0.8846 | Dice: 0.4511 | softDice: 0.4477 | clDice: 0.5563 | softclDice: 0.4225 | IoU: 0.2917 | Tversky: 0.4511 | Hausdorff: 270.1411 | HD95: 46.2593 | val_loss: 0.8846 | LR: 0.000500
2025-08-21 05:57:05 INFO Epoch 025 | Train Loss: 0.5213 | Val Loss: 0.8559 | Dice: 0.4479 | softDice: 0.4442 | clDice: 0.5397 | softclDice: 0.4575 | IoU: 0.2891 | Tversky: 0.4479 | Hausdorff: 277.4611 | HD95: 50.2997 | val_loss: 0.8559 | LR: 0.000500
2025-08-21 06:00:33 INFO Epoch 026 | Train Loss: 0.5197 | Val Loss: 0.8168 | Dice: 0.4350 | softDice: 0.4348 | clDice: 0.5269 | softclDice: 0.4188 | IoU: 0.2783 | Tversky: 0.4350 | Hausdorff: 291.8676 | HD95: 50.2162 | val_loss: 0.8168 | LR: 0.000500
2025-08-21 06:04:12 INFO Epoch 027 | Train Loss: 0.5290 | Val Loss: 0.8543 | Dice: 0.4527 | softDice: 0.4475 | clDice: 0.5586 | softclDice: 0.4172 | IoU: 0.2931 | Tversky: 0.4527 | Hausdorff: 288.6878 | HD95: 44.3412 | val_loss: 0.8543 | LR: 0.000500
2025-08-21 06:07:47 INFO Epoch 028 | Train Loss: 0.5177 | Val Loss: 0.9045 | Dice: 0.4471 | softDice: 0.4446 | clDice: 0.5539 | softclDice: 0.4147 | IoU: 0.2885 | Tversky: 0.4471 | Hausdorff: 277.7926 | HD95: 46.1196 | val_loss: 0.9045 | LR: 0.000500
2025-08-21 06:11:28 INFO Epoch 029 | Train Loss: 0.5234 | Val Loss: 0.8201 | Dice: 0.4384 | softDice: 0.4372 | clDice: 0.5528 | softclDice: 0.4151 | IoU: 0.2812 | Tversky: 0.4384 | Hausdorff: 298.4778 | HD95: 46.6476 | val_loss: 0.8201 | LR: 0.000500
2025-08-21 06:14:54 INFO Epoch 030 | Train Loss: 0.5238 | Val Loss: 0.8530 | Dice: 0.4433 | softDice: 0.4394 | clDice: 0.5521 | softclDice: 0.4165 | IoU: 0.2853 | Tversky: 0.4433 | Hausdorff: 275.8538 | HD95: 48.8272 | val_loss: 0.8530 | LR: 0.000500
2025-08-21 06:18:17 INFO Epoch 031 | Train Loss: 0.5275 | Val Loss: 1.0000 | Dice: 0.3847 | softDice: 0.3851 | clDice: 0.4709 | softclDice: 0.4893 | IoU: 0.2387 | Tversky: 0.3847 | Hausdorff: 365.5728 | HD95: 78.1703 | val_loss: 1.0000 | LR: 0.000500
2025-08-21 06:21:40 INFO Epoch 032 | Train Loss: 0.5469 | Val Loss: 0.8522 | Dice: 0.4288 | softDice: 0.4246 | clDice: 0.5402 | softclDice: 0.4133 | IoU: 0.2734 | Tversky: 0.4288 | Hausdorff: 340.5179 | HD95: 58.7778 | val_loss: 0.8522 | LR: 0.000250
2025-08-21 06:25:03 INFO Epoch 033 | Train Loss: 0.5302 | Val Loss: 0.8187 | Dice: 0.4445 | softDice: 0.4405 | clDice: 0.5582 | softclDice: 0.4076 | IoU: 0.2862 | Tversky: 0.4445 | Hausdorff: 333.3045 | HD95: 50.1104 | val_loss: 0.8187 | LR: 0.000250
2025-08-21 06:28:34 INFO Epoch 034 | Train Loss: 0.5219 | Val Loss: 0.9015 | Dice: 0.4379 | softDice: 0.4376 | clDice: 0.5482 | softclDice: 0.4030 | IoU: 0.2807 | Tversky: 0.4379 | Hausdorff: 324.6787 | HD95: 56.0847 | val_loss: 0.9015 | LR: 0.000250
2025-08-21 06:32:05 INFO Epoch 035 | Train Loss: 0.5206 | Val Loss: 0.9069 | Dice: 0.4502 | softDice: 0.4475 | clDice: 0.5548 | softclDice: 0.4277 | IoU: 0.2911 | Tversky: 0.4502 | Hausdorff: 307.7645 | HD95: 45.3861 | val_loss: 0.9069 | LR: 0.000250
2025-08-21 06:35:44 INFO Epoch 036 | Train Loss: 0.5168 | Val Loss: 0.8121 | Dice: 0.4455 | softDice: 0.4441 | clDice: 0.5740 | softclDice: 0.3942 | IoU: 0.2869 | Tversky: 0.4455 | Hausdorff: 299.8736 | HD95: 44.1664 | val_loss: 0.8121 | LR: 0.000250
2025-08-21 06:39:17 INFO Epoch 037 | Train Loss: 0.5116 | Val Loss: 0.8483 | Dice: 0.4547 | softDice: 0.4528 | clDice: 0.5687 | softclDice: 0.4025 | IoU: 0.2948 | Tversky: 0.4547 | Hausdorff: 254.8137 | HD95: 44.2514 | val_loss: 0.8483 | LR: 0.000250
2025-08-21 06:42:50 INFO Epoch 038 | Train Loss: 0.5089 | Val Loss: 0.8144 | Dice: 0.4553 | softDice: 0.4532 | clDice: 0.5750 | softclDice: 0.3975 | IoU: 0.2952 | Tversky: 0.4553 | Hausdorff: 253.9504 | HD95: 44.8182 | val_loss: 0.8144 | LR: 0.000250
2025-08-21 06:46:26 INFO Epoch 039 | Train Loss: 0.5119 | Val Loss: 0.8172 | Dice: 0.4350 | softDice: 0.4347 | clDice: 0.5438 | softclDice: 0.4166 | IoU: 0.2783 | Tversky: 0.4350 | Hausdorff: 269.0328 | HD95: 49.2111 | val_loss: 0.8172 | LR: 0.000250
2025-08-21 06:49:59 INFO Epoch 040 | Train Loss: 0.5157 | Val Loss: 0.8150 | Dice: 0.4182 | softDice: 0.4205 | clDice: 0.5277 | softclDice: 0.4292 | IoU: 0.2647 | Tversky: 0.4182 | Hausdorff: 333.3974 | HD95: 56.8808 | val_loss: 0.8150 | LR: 0.000250
2025-08-21 06:53:26 INFO Epoch 041 | Train Loss: 0.5269 | Val Loss: 0.8094 | Dice: 0.4327 | softDice: 0.4325 | clDice: 0.5536 | softclDice: 0.4198 | IoU: 0.2764 | Tversky: 0.4327 | Hausdorff: 256.5972 | HD95: 50.1180 | val_loss: 0.8094 | LR: 0.000250
2025-08-21 06:56:48 INFO Epoch 042 | Train Loss: 0.5436 | Val Loss: 0.8256 | Dice: 0.4190 | softDice: 0.4187 | clDice: 0.5266 | softclDice: 0.4559 | IoU: 0.2655 | Tversky: 0.4190 | Hausdorff: 328.1268 | HD95: 58.0439 | val_loss: 0.8256 | LR: 0.000250
2025-08-21 07:00:12 INFO Epoch 043 | Train Loss: 0.5510 | Val Loss: 0.8807 | Dice: 0.4212 | softDice: 0.4207 | clDice: 0.5248 | softclDice: 0.4279 | IoU: 0.2672 | Tversky: 0.4212 | Hausdorff: 316.9360 | HD95: 63.1674 | val_loss: 0.8807 | LR: 0.000250
2025-08-21 07:03:41 INFO Epoch 044 | Train Loss: 0.5379 | Val Loss: 0.8241 | Dice: 0.4247 | softDice: 0.4212 | clDice: 0.5311 | softclDice: 0.4398 | IoU: 0.2701 | Tversky: 0.4247 | Hausdorff: 300.4234 | HD95: 56.2926 | val_loss: 0.8241 | LR: 0.000250
2025-08-21 07:07:19 INFO Epoch 045 | Train Loss: 0.5347 | Val Loss: 0.8304 | Dice: 0.4089 | softDice: 0.4070 | clDice: 0.5073 | softclDice: 0.4525 | IoU: 0.2574 | Tversky: 0.4089 | Hausdorff: 323.7069 | HD95: 76.4981 | val_loss: 0.8304 | LR: 0.000250
2025-08-21 07:10:57 INFO Epoch 046 | Train Loss: 0.5329 | Val Loss: 0.8173 | Dice: 0.4412 | softDice: 0.4387 | clDice: 0.5569 | softclDice: 0.4157 | IoU: 0.2835 | Tversky: 0.4412 | Hausdorff: 293.0293 | HD95: 50.1389 | val_loss: 0.8173 | LR: 0.000250
2025-08-21 07:14:41 INFO Epoch 047 | Train Loss: 0.5201 | Val Loss: 0.8221 | Dice: 0.4351 | softDice: 0.4319 | clDice: 0.5593 | softclDice: 0.4343 | IoU: 0.2784 | Tversky: 0.4351 | Hausdorff: 302.1433 | HD95: 50.9104 | val_loss: 0.8221 | LR: 0.000125
2025-08-21 07:18:06 INFO Epoch 048 | Train Loss: 0.5350 | Val Loss: 0.8221 | Dice: 0.4360 | softDice: 0.4340 | clDice: 0.5472 | softclDice: 0.4305 | IoU: 0.2793 | Tversky: 0.4360 | Hausdorff: 297.7976 | HD95: 54.9058 | val_loss: 0.8221 | LR: 0.000125
2025-08-21 07:21:39 INFO Epoch 049 | Train Loss: 0.5198 | Val Loss: 0.8170 | Dice: 0.4408 | softDice: 0.4388 | clDice: 0.5633 | softclDice: 0.4263 | IoU: 0.2830 | Tversky: 0.4408 | Hausdorff: 330.2891 | HD95: 49.5018 | val_loss: 0.8170 | LR: 0.000125
2025-08-21 07:25:08 INFO Epoch 050 | Train Loss: 0.5203 | Val Loss: 0.8160 | Dice: 0.4369 | softDice: 0.4366 | clDice: 0.5503 | softclDice: 0.4081 | IoU: 0.2800 | Tversky: 0.4369 | Hausdorff: 319.9472 | HD95: 48.8270 | val_loss: 0.8160 | LR: 0.000125
2025-08-21 07:28:33 INFO Epoch 051 | Train Loss: 0.5170 | Val Loss: 0.8194 | Dice: 0.4439 | softDice: 0.4421 | clDice: 0.5635 | softclDice: 0.4290 | IoU: 0.2858 | Tversky: 0.4439 | Hausdorff: 294.2011 | HD95: 48.1697 | val_loss: 0.8194 | LR: 0.000125
2025-08-21 07:31:55 INFO Epoch 052 | Train Loss: 0.5193 | Val Loss: 0.8194 | Dice: 0.4539 | softDice: 0.4514 | clDice: 0.5611 | softclDice: 0.4146 | IoU: 0.2941 | Tversky: 0.4539 | Hausdorff: 285.8582 | HD95: 45.8786 | val_loss: 0.8194 | LR: 0.000125
2025-08-21 07:35:24 INFO Epoch 053 | Train Loss: 0.5147 | Val Loss: 0.8184 | Dice: 0.4471 | softDice: 0.4453 | clDice: 0.5605 | softclDice: 0.4163 | IoU: 0.2884 | Tversky: 0.4471 | Hausdorff: 288.4219 | HD95: 45.4420 | val_loss: 0.8184 | LR: 0.000063
2025-08-21 07:38:54 INFO Epoch 054 | Train Loss: 0.5115 | Val Loss: 0.8171 | Dice: 0.4487 | softDice: 0.4463 | clDice: 0.5627 | softclDice: 0.4161 | IoU: 0.2897 | Tversky: 0.4487 | Hausdorff: 289.8090 | HD95: 44.4140 | val_loss: 0.8171 | LR: 0.000063
2025-08-21 07:42:31 INFO Epoch 055 | Train Loss: 0.5103 | Val Loss: 0.8146 | Dice: 0.4491 | softDice: 0.4476 | clDice: 0.5688 | softclDice: 0.4074 | IoU: 0.2900 | Tversky: 0.4491 | Hausdorff: 289.4796 | HD95: 42.3836 | val_loss: 0.8146 | LR: 0.000063
2025-08-21 07:46:09 INFO Epoch 056 | Train Loss: 0.5071 | Val Loss: 0.8163 | Dice: 0.4551 | softDice: 0.4521 | clDice: 0.5720 | softclDice: 0.4080 | IoU: 0.2951 | Tversky: 0.4551 | Hausdorff: 296.8886 | HD95: 43.9997 | val_loss: 0.8163 | LR: 0.000063
2025-08-21 07:49:42 INFO Epoch 057 | Train Loss: 0.5090 | Val Loss: 0.8170 | Dice: 0.4549 | softDice: 0.4520 | clDice: 0.5710 | softclDice: 0.4100 | IoU: 0.2949 | Tversky: 0.4549 | Hausdorff: 297.0739 | HD95: 43.6647 | val_loss: 0.8170 | LR: 0.000063
2025-08-21 07:53:23 INFO Epoch 058 | Train Loss: 0.5065 | Val Loss: 0.8148 | Dice: 0.4553 | softDice: 0.4532 | clDice: 0.5741 | softclDice: 0.4062 | IoU: 0.2952 | Tversky: 0.4553 | Hausdorff: 296.8966 | HD95: 44.4105 | val_loss: 0.8148 | LR: 0.000063
2025-08-21 07:56:47 INFO Epoch 059 | Train Loss: 0.5033 | Val Loss: 0.8166 | Dice: 0.4483 | softDice: 0.4467 | clDice: 0.5709 | softclDice: 0.4170 | IoU: 0.2893 | Tversky: 0.4483 | Hausdorff: 292.4188 | HD95: 44.2525 | val_loss: 0.8166 | LR: 0.000031
2025-08-21 08:00:15 INFO Early stopping at epoch 60 | Best Dice: 0.4553 at epoch 1
2025-08-21 08:02:07 INFO Fold 3 results: Dice: 0.4455 | softDice: 0.4441 | clDice: 0.5740 | softclDice: 0.3942 | IoU: 0.2869 | Tversky: 0.4455 | Hausdorff: 299.8736 | HD95: 44.1664 | val_loss: 0.8121
2025-08-21 08:02:07 INFO ===== Fold 4 / 5 =====
2025-08-21 08:02:07 INFO Loading model unet with settings {'name': 'unet', 'encoder_name': 'se_resnext50_32x4d', 'encoder_weights': 'imagenet', 'classes': 1, 'activation': None, 'dropout': 0.2}
2025-08-21 08:05:52 INFO Epoch 001 | Train Loss: 0.7513 | Val Loss: 1.0000 | Dice: 0.4244 | softDice: 0.3059 | clDice: 0.4890 | softclDice: 0.5467 | IoU: 0.2697 | Tversky: 0.4244 | Hausdorff: 379.5146 | HD95: 62.2699 | val_loss: 1.0000 | LR: 0.001000
2025-08-21 08:09:20 INFO Epoch 002 | Train Loss: 0.5812 | Val Loss: 0.9203 | Dice: 0.3929 | softDice: 0.3778 | clDice: 0.4698 | softclDice: 0.5268 | IoU: 0.2452 | Tversky: 0.3929 | Hausdorff: 274.8619 | HD95: 80.3282 | val_loss: 0.9203 | LR: 0.001000
2025-08-21 08:12:46 INFO Epoch 003 | Train Loss: 0.5616 | Val Loss: 1.0000 | Dice: 0.4232 | softDice: 0.4142 | clDice: 0.5039 | softclDice: 0.4780 | IoU: 0.2691 | Tversky: 0.4232 | Hausdorff: 358.8845 | HD95: 71.4494 | val_loss: 1.0000 | LR: 0.001000
2025-08-21 08:16:22 INFO Epoch 004 | Train Loss: 0.5509 | Val Loss: 0.8353 | Dice: 0.4258 | softDice: 0.4185 | clDice: 0.5224 | softclDice: 0.4547 | IoU: 0.2706 | Tversky: 0.4258 | Hausdorff: 312.7109 | HD95: 64.5640 | val_loss: 0.8353 | LR: 0.001000
2025-08-21 08:19:57 INFO Epoch 005 | Train Loss: 0.5688 | Val Loss: 0.8335 | Dice: 0.4232 | softDice: 0.4131 | clDice: 0.5325 | softclDice: 0.4572 | IoU: 0.2685 | Tversky: 0.4232 | Hausdorff: 316.9298 | HD95: 84.2902 | val_loss: 0.8335 | LR: 0.001000
2025-08-21 08:23:38 INFO Epoch 006 | Train Loss: 0.5623 | Val Loss: 1.0000 | Dice: 0.3786 | softDice: 0.3729 | clDice: 0.4492 | softclDice: 0.5335 | IoU: 0.2342 | Tversky: 0.3786 | Hausdorff: 444.0371 | HD95: 87.2444 | val_loss: 1.0000 | LR: 0.001000
2025-08-21 08:27:30 INFO Epoch 007 | Train Loss: 0.5548 | Val Loss: 0.8330 | Dice: 0.4162 | softDice: 0.4108 | clDice: 0.5390 | softclDice: 0.4641 | IoU: 0.2629 | Tversky: 0.4162 | Hausdorff: 309.0507 | HD95: 53.7567 | val_loss: 0.8330 | LR: 0.001000
2025-08-21 08:31:07 INFO Epoch 008 | Train Loss: 0.5495 | Val Loss: 0.8519 | Dice: 0.4385 | softDice: 0.4334 | clDice: 0.5318 | softclDice: 0.4366 | IoU: 0.2811 | Tversky: 0.4385 | Hausdorff: 315.9596 | HD95: 59.7655 | val_loss: 0.8519 | LR: 0.001000
2025-08-21 08:34:33 INFO Epoch 009 | Train Loss: 0.5544 | Val Loss: 0.8620 | Dice: 0.3947 | softDice: 0.3909 | clDice: 0.4816 | softclDice: 0.4816 | IoU: 0.2465 | Tversky: 0.3947 | Hausdorff: 455.6526 | HD95: 80.1864 | val_loss: 0.8620 | LR: 0.001000
2025-08-21 08:38:03 INFO Epoch 010 | Train Loss: 0.5793 | Val Loss: 0.9805 | Dice: 0.3176 | softDice: 0.3121 | clDice: 0.3908 | softclDice: 0.5610 | IoU: 0.1895 | Tversky: 0.3176 | Hausdorff: 395.6605 | HD95: 101.6655 | val_loss: 0.9805 | LR: 0.001000
2025-08-21 08:41:27 INFO Epoch 011 | Train Loss: 0.5962 | Val Loss: 0.8468 | Dice: 0.4049 | softDice: 0.3975 | clDice: 0.4953 | softclDice: 0.4999 | IoU: 0.2540 | Tversky: 0.4049 | Hausdorff: 257.3263 | HD95: 64.0191 | val_loss: 0.8468 | LR: 0.001000
2025-08-21 08:44:50 INFO Epoch 012 | Train Loss: 0.6053 | Val Loss: 0.8633 | Dice: 0.3462 | softDice: 0.3424 | clDice: 0.4413 | softclDice: 0.5758 | IoU: 0.2097 | Tversky: 0.3462 | Hausdorff: 419.9069 | HD95: 105.5856 | val_loss: 0.8633 | LR: 0.001000
2025-08-21 08:48:14 INFO Epoch 013 | Train Loss: 0.6881 | Val Loss: 0.9198 | Dice: 0.3371 | softDice: 0.3320 | clDice: 0.4167 | softclDice: 0.5536 | IoU: 0.2034 | Tversky: 0.3371 | Hausdorff: 580.2453 | HD95: 136.0878 | val_loss: 0.9198 | LR: 0.000500
2025-08-21 08:51:43 INFO Epoch 014 | Train Loss: 0.6147 | Val Loss: 0.8527 | Dice: 0.3933 | softDice: 0.3815 | clDice: 0.4763 | softclDice: 0.5166 | IoU: 0.2450 | Tversky: 0.3933 | Hausdorff: 331.2276 | HD95: 85.7620 | val_loss: 0.8527 | LR: 0.000500
2025-08-21 08:55:19 INFO Epoch 015 | Train Loss: 0.5799 | Val Loss: 0.8383 | Dice: 0.4096 | softDice: 0.4029 | clDice: 0.5044 | softclDice: 0.4688 | IoU: 0.2578 | Tversky: 0.4096 | Hausdorff: 215.8964 | HD95: 65.5732 | val_loss: 0.8383 | LR: 0.000500
2025-08-21 08:59:02 INFO Epoch 016 | Train Loss: 0.5990 | Val Loss: 0.8393 | Dice: 0.3615 | softDice: 0.3580 | clDice: 0.4654 | softclDice: 0.4813 | IoU: 0.2215 | Tversky: 0.3615 | Hausdorff: 603.1938 | HD95: 99.7175 | val_loss: 0.8393 | LR: 0.000500
2025-08-21 09:02:32 INFO Epoch 017 | Train Loss: 0.5863 | Val Loss: 0.8528 | Dice: 0.4098 | softDice: 0.4010 | clDice: 0.5157 | softclDice: 0.5239 | IoU: 0.2579 | Tversky: 0.4098 | Hausdorff: 472.8430 | HD95: 66.9495 | val_loss: 0.8528 | LR: 0.000500
2025-08-21 09:06:07 INFO Epoch 018 | Train Loss: 0.5841 | Val Loss: 0.8397 | Dice: 0.3969 | softDice: 0.3908 | clDice: 0.5020 | softclDice: 0.4784 | IoU: 0.2479 | Tversky: 0.3969 | Hausdorff: 278.3575 | HD95: 72.3705 | val_loss: 0.8397 | LR: 0.000500
2025-08-21 09:09:39 INFO Epoch 019 | Train Loss: 0.5650 | Val Loss: 0.8371 | Dice: 0.4130 | softDice: 0.4064 | clDice: 0.5218 | softclDice: 0.4614 | IoU: 0.2605 | Tversky: 0.4130 | Hausdorff: 218.8445 | HD95: 64.0305 | val_loss: 0.8371 | LR: 0.000250
2025-08-21 09:13:06 INFO Epoch 020 | Train Loss: 0.5683 | Val Loss: 0.8293 | Dice: 0.4152 | softDice: 0.4105 | clDice: 0.5189 | softclDice: 0.4560 | IoU: 0.2623 | Tversky: 0.4152 | Hausdorff: 220.1699 | HD95: 62.8454 | val_loss: 0.8293 | LR: 0.000250
2025-08-21 09:16:35 INFO Epoch 021 | Train Loss: 0.5589 | Val Loss: 0.8489 | Dice: 0.4229 | softDice: 0.4204 | clDice: 0.5265 | softclDice: 0.4330 | IoU: 0.2686 | Tversky: 0.4229 | Hausdorff: 332.9525 | HD95: 64.1914 | val_loss: 0.8489 | LR: 0.000250
2025-08-21 09:20:00 INFO Epoch 022 | Train Loss: 0.5463 | Val Loss: 0.8235 | Dice: 0.4273 | softDice: 0.4253 | clDice: 0.5354 | softclDice: 0.4252 | IoU: 0.2721 | Tversky: 0.4273 | Hausdorff: 309.3493 | HD95: 61.5143 | val_loss: 0.8235 | LR: 0.000250
2025-08-21 09:23:30 INFO Epoch 023 | Train Loss: 0.5461 | Val Loss: 0.8249 | Dice: 0.4163 | softDice: 0.4152 | clDice: 0.5224 | softclDice: 0.4344 | IoU: 0.2633 | Tversky: 0.4163 | Hausdorff: 471.8666 | HD95: 69.5223 | val_loss: 0.8249 | LR: 0.000250
2025-08-21 09:27:09 INFO Epoch 024 | Train Loss: 0.5388 | Val Loss: 0.8262 | Dice: 0.4281 | softDice: 0.4252 | clDice: 0.5303 | softclDice: 0.4335 | IoU: 0.2726 | Tversky: 0.4281 | Hausdorff: 399.0233 | HD95: 58.4936 | val_loss: 0.8262 | LR: 0.000250
2025-08-21 09:30:44 INFO Epoch 025 | Train Loss: 0.5391 | Val Loss: 0.8210 | Dice: 0.4346 | softDice: 0.4314 | clDice: 0.5456 | softclDice: 0.4209 | IoU: 0.2778 | Tversky: 0.4346 | Hausdorff: 285.1048 | HD95: 51.4640 | val_loss: 0.8210 | LR: 0.000250
2025-08-21 09:34:27 INFO Epoch 026 | Train Loss: 0.5396 | Val Loss: 0.8253 | Dice: 0.4300 | softDice: 0.4259 | clDice: 0.5441 | softclDice: 0.4429 | IoU: 0.2741 | Tversky: 0.4300 | Hausdorff: 219.0500 | HD95: 55.6689 | val_loss: 0.8253 | LR: 0.000250
2025-08-21 09:38:13 INFO Epoch 027 | Train Loss: 0.5383 | Val Loss: 0.8238 | Dice: 0.4221 | softDice: 0.4201 | clDice: 0.5310 | softclDice: 0.4389 | IoU: 0.2678 | Tversky: 0.4221 | Hausdorff: 280.9041 | HD95: 57.7498 | val_loss: 0.8238 | LR: 0.000250
2025-08-21 09:41:51 INFO Epoch 028 | Train Loss: 0.5373 | Val Loss: 0.8204 | Dice: 0.4244 | softDice: 0.4224 | clDice: 0.5300 | softclDice: 0.4360 | IoU: 0.2696 | Tversky: 0.4244 | Hausdorff: 324.8202 | HD95: 58.6398 | val_loss: 0.8204 | LR: 0.000250
2025-08-21 09:45:29 INFO Epoch 029 | Train Loss: 0.5382 | Val Loss: 0.8193 | Dice: 0.4308 | softDice: 0.4278 | clDice: 0.5486 | softclDice: 0.4502 | IoU: 0.2746 | Tversky: 0.4308 | Hausdorff: 275.8406 | HD95: 53.6993 | val_loss: 0.8193 | LR: 0.000250
2025-08-21 09:48:55 INFO Epoch 030 | Train Loss: 0.5428 | Val Loss: 0.8296 | Dice: 0.4086 | softDice: 0.4059 | clDice: 0.5115 | softclDice: 0.4842 | IoU: 0.2569 | Tversky: 0.4086 | Hausdorff: 366.9087 | HD95: 66.6625 | val_loss: 0.8296 | LR: 0.000250
2025-08-21 09:52:18 INFO Epoch 031 | Train Loss: 0.5531 | Val Loss: 0.8275 | Dice: 0.4382 | softDice: 0.4342 | clDice: 0.5326 | softclDice: 0.4435 | IoU: 0.2807 | Tversky: 0.4382 | Hausdorff: 231.6127 | HD95: 55.2533 | val_loss: 0.8275 | LR: 0.000250
2025-08-21 09:55:45 INFO Epoch 032 | Train Loss: 0.5398 | Val Loss: 0.8207 | Dice: 0.4390 | softDice: 0.4358 | clDice: 0.5478 | softclDice: 0.4259 | IoU: 0.2813 | Tversky: 0.4390 | Hausdorff: 208.0827 | HD95: 47.6765 | val_loss: 0.8207 | LR: 0.000250
2025-08-21 09:59:09 INFO Epoch 033 | Train Loss: 0.5310 | Val Loss: 0.8184 | Dice: 0.4391 | softDice: 0.4364 | clDice: 0.5553 | softclDice: 0.4229 | IoU: 0.2815 | Tversky: 0.4391 | Hausdorff: 241.3573 | HD95: 48.3525 | val_loss: 0.8184 | LR: 0.000250
2025-08-21 10:02:41 INFO Epoch 034 | Train Loss: 0.5342 | Val Loss: 0.8201 | Dice: 0.4150 | softDice: 0.4129 | clDice: 0.5356 | softclDice: 0.4339 | IoU: 0.2622 | Tversky: 0.4150 | Hausdorff: 348.3264 | HD95: 66.1903 | val_loss: 0.8201 | LR: 0.000250
2025-08-21 10:06:12 INFO Epoch 035 | Train Loss: 0.5432 | Val Loss: 0.8204 | Dice: 0.4206 | softDice: 0.4176 | clDice: 0.5300 | softclDice: 0.4223 | IoU: 0.2666 | Tversky: 0.4206 | Hausdorff: 351.7250 | HD95: 62.5377 | val_loss: 0.8204 | LR: 0.000250
2025-08-21 10:09:53 INFO Epoch 036 | Train Loss: 0.5415 | Val Loss: 0.8158 | Dice: 0.4323 | softDice: 0.4288 | clDice: 0.5535 | softclDice: 0.4152 | IoU: 0.2759 | Tversky: 0.4323 | Hausdorff: 276.8437 | HD95: 56.1872 | val_loss: 0.8158 | LR: 0.000250
2025-08-21 10:13:37 INFO Epoch 037 | Train Loss: 0.5388 | Val Loss: 0.8201 | Dice: 0.4333 | softDice: 0.4290 | clDice: 0.5507 | softclDice: 0.4320 | IoU: 0.2767 | Tversky: 0.4333 | Hausdorff: 267.6369 | HD95: 52.6473 | val_loss: 0.8201 | LR: 0.000250
2025-08-21 10:17:22 INFO Epoch 038 | Train Loss: 0.5355 | Val Loss: 0.8230 | Dice: 0.4433 | softDice: 0.4387 | clDice: 0.5466 | softclDice: 0.4255 | IoU: 0.2849 | Tversky: 0.4433 | Hausdorff: 287.8628 | HD95: 51.3511 | val_loss: 0.8230 | LR: 0.000250
2025-08-21 10:20:59 INFO Epoch 039 | Train Loss: 0.5319 | Val Loss: 0.8254 | Dice: 0.4056 | softDice: 0.4063 | clDice: 0.5278 | softclDice: 0.5356 | IoU: 0.2547 | Tversky: 0.4056 | Hausdorff: 247.5973 | HD95: 63.7873 | val_loss: 0.8254 | LR: 0.000250
2025-08-21 10:24:42 INFO Epoch 040 | Train Loss: 0.5455 | Val Loss: 0.8173 | Dice: 0.4113 | softDice: 0.4134 | clDice: 0.5265 | softclDice: 0.4270 | IoU: 0.2595 | Tversky: 0.4113 | Hausdorff: 317.0149 | HD95: 65.6951 | val_loss: 0.8173 | LR: 0.000250
2025-08-21 10:28:11 INFO Epoch 041 | Train Loss: 0.5331 | Val Loss: 0.8199 | Dice: 0.4346 | softDice: 0.4319 | clDice: 0.5494 | softclDice: 0.4354 | IoU: 0.2779 | Tversky: 0.4346 | Hausdorff: 236.5926 | HD95: 51.7093 | val_loss: 0.8199 | LR: 0.000250
2025-08-21 10:31:37 INFO Epoch 042 | Train Loss: 0.5234 | Val Loss: 0.8154 | Dice: 0.4241 | softDice: 0.4228 | clDice: 0.5444 | softclDice: 0.4329 | IoU: 0.2695 | Tversky: 0.4241 | Hausdorff: 237.5464 | HD95: 56.5890 | val_loss: 0.8154 | LR: 0.000250
2025-08-21 10:35:03 INFO Epoch 043 | Train Loss: 0.5637 | Val Loss: 0.8433 | Dice: 0.3889 | softDice: 0.3878 | clDice: 0.4802 | softclDice: 0.5217 | IoU: 0.2417 | Tversky: 0.3889 | Hausdorff: 464.6865 | HD95: 96.4056 | val_loss: 0.8433 | LR: 0.000250
2025-08-21 10:38:26 INFO Epoch 044 | Train Loss: 0.5620 | Val Loss: 0.8254 | Dice: 0.4153 | softDice: 0.4140 | clDice: 0.5252 | softclDice: 0.4651 | IoU: 0.2624 | Tversky: 0.4153 | Hausdorff: 327.1665 | HD95: 65.6223 | val_loss: 0.8254 | LR: 0.000250
2025-08-21 10:41:53 INFO Epoch 045 | Train Loss: 0.5403 | Val Loss: 0.8204 | Dice: 0.4347 | softDice: 0.4306 | clDice: 0.5425 | softclDice: 0.4261 | IoU: 0.2779 | Tversky: 0.4347 | Hausdorff: 306.9968 | HD95: 53.3727 | val_loss: 0.8204 | LR: 0.000250
2025-08-21 10:45:26 INFO Epoch 046 | Train Loss: 0.5420 | Val Loss: 0.8191 | Dice: 0.4230 | softDice: 0.4195 | clDice: 0.5352 | softclDice: 0.4255 | IoU: 0.2685 | Tversky: 0.4230 | Hausdorff: 404.3332 | HD95: 61.5702 | val_loss: 0.8191 | LR: 0.000250
2025-08-21 10:49:07 INFO Epoch 047 | Train Loss: 0.5530 | Val Loss: 0.8360 | Dice: 0.4083 | softDice: 0.4034 | clDice: 0.5153 | softclDice: 0.4848 | IoU: 0.2566 | Tversky: 0.4083 | Hausdorff: 440.9943 | HD95: 69.6417 | val_loss: 0.8360 | LR: 0.000250
2025-08-21 10:52:35 INFO Epoch 048 | Train Loss: 0.5546 | Val Loss: 0.8217 | Dice: 0.4188 | softDice: 0.4159 | clDice: 0.5309 | softclDice: 0.4318 | IoU: 0.2653 | Tversky: 0.4188 | Hausdorff: 328.1486 | HD95: 68.7175 | val_loss: 0.8217 | LR: 0.000125
2025-08-21 10:56:19 INFO Epoch 049 | Train Loss: 0.5446 | Val Loss: 0.8205 | Dice: 0.4253 | softDice: 0.4222 | clDice: 0.5407 | softclDice: 0.4346 | IoU: 0.2704 | Tversky: 0.4253 | Hausdorff: 319.8271 | HD95: 59.9513 | val_loss: 0.8205 | LR: 0.000125
2025-08-21 11:00:01 INFO Epoch 050 | Train Loss: 0.5335 | Val Loss: 0.8163 | Dice: 0.4312 | softDice: 0.4274 | clDice: 0.5513 | softclDice: 0.4239 | IoU: 0.2751 | Tversky: 0.4312 | Hausdorff: 302.3120 | HD95: 54.3999 | val_loss: 0.8163 | LR: 0.000125
2025-08-21 11:03:31 INFO Epoch 051 | Train Loss: 0.5426 | Val Loss: 0.8127 | Dice: 0.3986 | softDice: 0.3999 | clDice: 0.5220 | softclDice: 0.4554 | IoU: 0.2495 | Tversky: 0.3986 | Hausdorff: 449.0772 | HD95: 71.5107 | val_loss: 0.8127 | LR: 0.000125
2025-08-21 11:07:07 INFO Epoch 052 | Train Loss: 0.5459 | Val Loss: 0.8189 | Dice: 0.4037 | softDice: 0.4040 | clDice: 0.5169 | softclDice: 0.4352 | IoU: 0.2537 | Tversky: 0.4037 | Hausdorff: 387.6082 | HD95: 76.3905 | val_loss: 0.8189 | LR: 0.000125
2025-08-21 11:10:33 INFO Epoch 053 | Train Loss: 0.5377 | Val Loss: 0.8218 | Dice: 0.4182 | softDice: 0.4169 | clDice: 0.5270 | softclDice: 0.4317 | IoU: 0.2649 | Tversky: 0.4182 | Hausdorff: 437.2464 | HD95: 67.5412 | val_loss: 0.8218 | LR: 0.000125
2025-08-21 11:13:57 INFO Epoch 054 | Train Loss: 0.5377 | Val Loss: 0.8200 | Dice: 0.4229 | softDice: 0.4212 | clDice: 0.5390 | softclDice: 0.4370 | IoU: 0.2685 | Tversky: 0.4229 | Hausdorff: 431.4540 | HD95: 62.7023 | val_loss: 0.8200 | LR: 0.000125
2025-08-21 11:17:24 INFO Epoch 055 | Train Loss: 0.5314 | Val Loss: 0.8173 | Dice: 0.4301 | softDice: 0.4266 | clDice: 0.5460 | softclDice: 0.4392 | IoU: 0.2742 | Tversky: 0.4301 | Hausdorff: 414.2571 | HD95: 56.6478 | val_loss: 0.8173 | LR: 0.000125
2025-08-21 11:20:48 INFO Epoch 056 | Train Loss: 0.5325 | Val Loss: 0.8210 | Dice: 0.4151 | softDice: 0.4140 | clDice: 0.5313 | softclDice: 0.4503 | IoU: 0.2623 | Tversky: 0.4151 | Hausdorff: 419.2120 | HD95: 64.7686 | val_loss: 0.8210 | LR: 0.000125
2025-08-21 11:24:21 INFO Epoch 057 | Train Loss: 0.5283 | Val Loss: 0.8218 | Dice: 0.4242 | softDice: 0.4203 | clDice: 0.5425 | softclDice: 0.4516 | IoU: 0.2694 | Tversky: 0.4242 | Hausdorff: 390.2914 | HD95: 54.4560 | val_loss: 0.8218 | LR: 0.000063
2025-08-21 11:27:54 INFO Epoch 058 | Train Loss: 0.5372 | Val Loss: 0.8157 | Dice: 0.4239 | softDice: 0.4199 | clDice: 0.5438 | softclDice: 0.4498 | IoU: 0.2692 | Tversky: 0.4239 | Hausdorff: 386.0299 | HD95: 55.0328 | val_loss: 0.8157 | LR: 0.000063
2025-08-21 11:31:33 INFO Epoch 059 | Train Loss: 0.5367 | Val Loss: 0.8236 | Dice: 0.4221 | softDice: 0.4188 | clDice: 0.5367 | softclDice: 0.4539 | IoU: 0.2678 | Tversky: 0.4221 | Hausdorff: 354.4729 | HD95: 60.7412 | val_loss: 0.8236 | LR: 0.000063
2025-08-21 11:35:20 INFO Epoch 060 | Train Loss: 0.5315 | Val Loss: 0.8245 | Dice: 0.4259 | softDice: 0.4214 | clDice: 0.5472 | softclDice: 0.4750 | IoU: 0.2708 | Tversky: 0.4259 | Hausdorff: 292.5144 | HD95: 55.9974 | val_loss: 0.8245 | LR: 0.000063
2025-08-21 11:38:51 INFO Epoch 061 | Train Loss: 0.5421 | Val Loss: 0.8274 | Dice: 0.4197 | softDice: 0.4132 | clDice: 0.5373 | softclDice: 0.4899 | IoU: 0.2660 | Tversky: 0.4197 | Hausdorff: 263.5218 | HD95: 65.1292 | val_loss: 0.8274 | LR: 0.000063
2025-08-21 11:42:23 INFO Epoch 062 | Train Loss: 0.5494 | Val Loss: 0.8236 | Dice: 0.4168 | softDice: 0.4128 | clDice: 0.5321 | softclDice: 0.4760 | IoU: 0.2637 | Tversky: 0.4168 | Hausdorff: 296.0765 | HD95: 64.8385 | val_loss: 0.8236 | LR: 0.000063
2025-08-21 11:45:57 INFO Epoch 063 | Train Loss: 0.5384 | Val Loss: 0.8219 | Dice: 0.4197 | softDice: 0.4172 | clDice: 0.5372 | softclDice: 0.4596 | IoU: 0.2660 | Tversky: 0.4197 | Hausdorff: 305.1543 | HD95: 61.4198 | val_loss: 0.8219 | LR: 0.000031
2025-08-21 11:49:23 INFO Epoch 064 | Train Loss: 0.5328 | Val Loss: 0.8203 | Dice: 0.4223 | softDice: 0.4202 | clDice: 0.5398 | softclDice: 0.4646 | IoU: 0.2681 | Tversky: 0.4223 | Hausdorff: 304.3644 | HD95: 60.4324 | val_loss: 0.8203 | LR: 0.000031
2025-08-21 11:52:47 INFO Epoch 065 | Train Loss: 0.5278 | Val Loss: 0.8207 | Dice: 0.4282 | softDice: 0.4253 | clDice: 0.5444 | softclDice: 0.4621 | IoU: 0.2728 | Tversky: 0.4282 | Hausdorff: 298.4606 | HD95: 57.7295 | val_loss: 0.8207 | LR: 0.000031
2025-08-21 11:56:22 INFO Epoch 066 | Train Loss: 0.5262 | Val Loss: 0.8213 | Dice: 0.4302 | softDice: 0.4259 | clDice: 0.5456 | softclDice: 0.4625 | IoU: 0.2743 | Tversky: 0.4302 | Hausdorff: 297.4541 | HD95: 55.9351 | val_loss: 0.8213 | LR: 0.000031
2025-08-21 11:59:59 INFO Epoch 067 | Train Loss: 0.5271 | Val Loss: 0.8223 | Dice: 0.4330 | softDice: 0.4286 | clDice: 0.5453 | softclDice: 0.4544 | IoU: 0.2766 | Tversky: 0.4330 | Hausdorff: 298.0727 | HD95: 55.1578 | val_loss: 0.8223 | LR: 0.000031
2025-08-21 12:03:28 INFO Epoch 068 | Train Loss: 0.5210 | Val Loss: 0.8217 | Dice: 0.4342 | softDice: 0.4296 | clDice: 0.5459 | softclDice: 0.4546 | IoU: 0.2775 | Tversky: 0.4342 | Hausdorff: 306.8622 | HD95: 54.6361 | val_loss: 0.8217 | LR: 0.000031
2025-08-21 12:07:00 INFO Epoch 069 | Train Loss: 0.5237 | Val Loss: 0.8184 | Dice: 0.4346 | softDice: 0.4306 | clDice: 0.5482 | softclDice: 0.4525 | IoU: 0.2779 | Tversky: 0.4346 | Hausdorff: 312.7969 | HD95: 53.7502 | val_loss: 0.8184 | LR: 0.000016
2025-08-21 12:10:25 INFO Early stopping at epoch 70 | Best Dice: 0.4433 at epoch 1
2025-08-21 12:12:25 INFO Fold 4 results: Dice: 0.4323 | softDice: 0.4288 | clDice: 0.5535 | softclDice: 0.4152 | IoU: 0.2759 | Tversky: 0.4323 | Hausdorff: 276.8437 | HD95: 56.1872 | val_loss: 0.8158
2025-08-21 12:12:25 INFO ===== Fold 5 / 5 =====
2025-08-21 12:12:25 INFO Loading model unet with settings {'name': 'unet', 'encoder_name': 'se_resnext50_32x4d', 'encoder_weights': 'imagenet', 'classes': 1, 'activation': None, 'dropout': 0.2}
2025-08-21 12:16:04 INFO Epoch 001 | Train Loss: 0.7479 | Val Loss: 1.0000 | Dice: 0.4199 | softDice: 0.2966 | clDice: 0.4768 | softclDice: 0.6094 | IoU: 0.2660 | Tversky: 0.4199 | Hausdorff: 355.5186 | HD95: 65.4702 | val_loss: 1.0000 | LR: 0.001000
2025-08-21 12:19:26 INFO Epoch 002 | Train Loss: 0.5877 | Val Loss: 1.0000 | Dice: 0.4256 | softDice: 0.4024 | clDice: 0.4747 | softclDice: 0.5319 | IoU: 0.2705 | Tversky: 0.4256 | Hausdorff: 292.8800 | HD95: 63.3068 | val_loss: 1.0000 | LR: 0.001000
2025-08-21 12:22:49 INFO Epoch 003 | Train Loss: 0.5629 | Val Loss: 0.9017 | Dice: 0.3760 | softDice: 0.3758 | clDice: 0.4224 | softclDice: 0.5395 | IoU: 0.2317 | Tversky: 0.3760 | Hausdorff: 339.4231 | HD95: 96.1636 | val_loss: 0.9017 | LR: 0.001000
2025-08-21 12:26:12 INFO Epoch 004 | Train Loss: 0.5603 | Val Loss: 0.9793 | Dice: 0.4437 | softDice: 0.4350 | clDice: 0.5236 | softclDice: 0.4580 | IoU: 0.2853 | Tversky: 0.4437 | Hausdorff: 242.0217 | HD95: 59.4972 | val_loss: 0.9793 | LR: 0.001000
2025-08-21 12:29:36 INFO Epoch 005 | Train Loss: 0.5556 | Val Loss: 0.8267 | Dice: 0.4323 | softDice: 0.4247 | clDice: 0.5343 | softclDice: 0.4335 | IoU: 0.2759 | Tversky: 0.4323 | Hausdorff: 220.8931 | HD95: 60.6326 | val_loss: 0.8267 | LR: 0.001000
2025-08-21 12:33:08 INFO Epoch 006 | Train Loss: 0.5542 | Val Loss: 0.8814 | Dice: 0.3930 | softDice: 0.3890 | clDice: 0.4970 | softclDice: 0.4819 | IoU: 0.2453 | Tversky: 0.3930 | Hausdorff: 579.7151 | HD95: 81.5181 | val_loss: 0.8814 | LR: 0.001000
2025-08-21 12:36:32 INFO Epoch 007 | Train Loss: 0.5720 | Val Loss: 0.9359 | Dice: 0.2583 | softDice: 0.2467 | clDice: 0.2779 | softclDice: 0.7776 | IoU: 0.1504 | Tversky: 0.2583 | Hausdorff: 745.5409 | HD95: 168.1649 | val_loss: 0.9359 | LR: 0.001000
2025-08-21 12:40:05 INFO Epoch 008 | Train Loss: 0.6181 | Val Loss: 0.8560 | Dice: 0.3927 | softDice: 0.3823 | clDice: 0.4636 | softclDice: 0.5306 | IoU: 0.2445 | Tversky: 0.3927 | Hausdorff: 260.6805 | HD95: 94.8036 | val_loss: 0.8560 | LR: 0.001000
2025-08-21 12:43:34 INFO Epoch 009 | Train Loss: 0.5574 | Val Loss: 0.8332 | Dice: 0.4276 | softDice: 0.4187 | clDice: 0.5190 | softclDice: 0.4532 | IoU: 0.2721 | Tversky: 0.4276 | Hausdorff: 324.1804 | HD95: 65.2190 | val_loss: 0.8332 | LR: 0.001000
2025-08-21 12:46:59 INFO Epoch 010 | Train Loss: 0.5500 | Val Loss: 0.8423 | Dice: 0.4195 | softDice: 0.4104 | clDice: 0.5089 | softclDice: 0.4834 | IoU: 0.2656 | Tversky: 0.4195 | Hausdorff: 238.1642 | HD95: 76.5973 | val_loss: 0.8423 | LR: 0.001000
2025-08-21 12:50:22 INFO Epoch 011 | Train Loss: 0.5601 | Val Loss: 0.8270 | Dice: 0.4173 | softDice: 0.4134 | clDice: 0.5217 | softclDice: 0.4595 | IoU: 0.2638 | Tversky: 0.4173 | Hausdorff: 443.4241 | HD95: 65.5424 | val_loss: 0.8270 | LR: 0.000500
2025-08-21 12:53:42 INFO Epoch 012 | Train Loss: 0.5468 | Val Loss: 0.8222 | Dice: 0.4303 | softDice: 0.4293 | clDice: 0.5108 | softclDice: 0.4305 | IoU: 0.2744 | Tversky: 0.4303 | Hausdorff: 519.6963 | HD95: 66.6475 | val_loss: 0.8222 | LR: 0.000500
2025-08-21 12:57:09 INFO Epoch 013 | Train Loss: 0.5372 | Val Loss: 0.8262 | Dice: 0.4182 | softDice: 0.4173 | clDice: 0.4903 | softclDice: 0.4557 | IoU: 0.2646 | Tversky: 0.4182 | Hausdorff: 547.9591 | HD95: 74.0270 | val_loss: 0.8262 | LR: 0.000500
2025-08-21 13:00:44 INFO Epoch 014 | Train Loss: 0.5587 | Val Loss: 0.9259 | Dice: 0.3107 | softDice: 0.3128 | clDice: 0.3824 | softclDice: 0.5763 | IoU: 0.1842 | Tversky: 0.3107 | Hausdorff: 624.1601 | HD95: 125.7477 | val_loss: 0.9259 | LR: 0.000500
2025-08-21 13:04:15 INFO Epoch 015 | Train Loss: 0.6062 | Val Loss: 0.8297 | Dice: 0.3997 | softDice: 0.3955 | clDice: 0.5089 | softclDice: 0.4455 | IoU: 0.2500 | Tversky: 0.3997 | Hausdorff: 365.0102 | HD95: 73.6460 | val_loss: 0.8297 | LR: 0.000500
2025-08-21 13:07:44 INFO Epoch 016 | Train Loss: 0.5557 | Val Loss: 0.8331 | Dice: 0.4046 | softDice: 0.4027 | clDice: 0.4996 | softclDice: 0.4564 | IoU: 0.2539 | Tversky: 0.4046 | Hausdorff: 408.2818 | HD95: 73.6587 | val_loss: 0.8331 | LR: 0.000500
2025-08-21 13:11:14 INFO Epoch 017 | Train Loss: 0.5423 | Val Loss: 0.8217 | Dice: 0.4264 | softDice: 0.4236 | clDice: 0.5339 | softclDice: 0.4225 | IoU: 0.2712 | Tversky: 0.4264 | Hausdorff: 278.0179 | HD95: 63.9343 | val_loss: 0.8217 | LR: 0.000500
2025-08-21 13:14:35 INFO Epoch 018 | Train Loss: 0.5509 | Val Loss: 0.9570 | Dice: 0.4361 | softDice: 0.4309 | clDice: 0.5269 | softclDice: 0.4550 | IoU: 0.2790 | Tversky: 0.4361 | Hausdorff: 422.4392 | HD95: 63.5196 | val_loss: 0.9570 | LR: 0.000500
2025-08-21 13:17:57 INFO Epoch 019 | Train Loss: 0.5417 | Val Loss: 0.8263 | Dice: 0.4067 | softDice: 0.4081 | clDice: 0.5028 | softclDice: 0.4389 | IoU: 0.2556 | Tversky: 0.4067 | Hausdorff: 510.1810 | HD95: 81.9621 | val_loss: 0.8263 | LR: 0.000500
2025-08-21 13:21:18 INFO Epoch 020 | Train Loss: 0.5379 | Val Loss: 0.8209 | Dice: 0.4332 | softDice: 0.4305 | clDice: 0.5493 | softclDice: 0.4184 | IoU: 0.2766 | Tversky: 0.4332 | Hausdorff: 310.6216 | HD95: 57.2694 | val_loss: 0.8209 | LR: 0.000500
2025-08-21 13:24:47 INFO Epoch 021 | Train Loss: 0.5337 | Val Loss: 0.8764 | Dice: 0.4242 | softDice: 0.4248 | clDice: 0.5282 | softclDice: 0.4282 | IoU: 0.2694 | Tversky: 0.4242 | Hausdorff: 367.5787 | HD95: 67.1182 | val_loss: 0.8764 | LR: 0.000500
2025-08-21 13:28:16 INFO Epoch 022 | Train Loss: 0.5303 | Val Loss: 0.8175 | Dice: 0.4243 | softDice: 0.4248 | clDice: 0.5017 | softclDice: 0.4233 | IoU: 0.2695 | Tversky: 0.4243 | Hausdorff: 245.5673 | HD95: 66.9262 | val_loss: 0.8175 | LR: 0.000500
2025-08-21 13:31:55 INFO Epoch 023 | Train Loss: 0.5708 | Val Loss: 0.8318 | Dice: 0.4076 | softDice: 0.4008 | clDice: 0.5133 | softclDice: 0.4728 | IoU: 0.2563 | Tversky: 0.4076 | Hausdorff: 470.1401 | HD95: 86.7052 | val_loss: 0.8318 | LR: 0.000500
2025-08-21 13:35:19 INFO Epoch 024 | Train Loss: 0.5850 | Val Loss: 0.8354 | Dice: 0.4076 | softDice: 0.4046 | clDice: 0.4997 | softclDice: 0.4740 | IoU: 0.2562 | Tversky: 0.4076 | Hausdorff: 405.5729 | HD95: 76.2969 | val_loss: 0.8354 | LR: 0.000500
2025-08-21 13:38:51 INFO Epoch 025 | Train Loss: 0.5850 | Val Loss: 0.8388 | Dice: 0.3701 | softDice: 0.3717 | clDice: 0.4942 | softclDice: 0.5454 | IoU: 0.2276 | Tversky: 0.3701 | Hausdorff: 586.2563 | HD95: 100.8534 | val_loss: 0.8388 | LR: 0.000500
2025-08-21 13:42:54 INFO Epoch 026 | Train Loss: 0.6108 | Val Loss: 0.9464 | Dice: 0.1874 | softDice: 0.1894 | clDice: 0.3310 | softclDice: 0.7846 | IoU: 0.1036 | Tversky: 0.1874 | Hausdorff: 793.0492 | HD95: 377.1280 | val_loss: 0.9464 | LR: 0.000500
2025-08-21 13:46:18 INFO Epoch 027 | Train Loss: 0.7159 | Val Loss: 0.8635 | Dice: 0.3702 | softDice: 0.3621 | clDice: 0.4333 | softclDice: 0.5604 | IoU: 0.2276 | Tversky: 0.3702 | Hausdorff: 518.5275 | HD95: 92.5648 | val_loss: 0.8635 | LR: 0.000500
2025-08-21 13:49:44 INFO Epoch 028 | Train Loss: 0.6184 | Val Loss: 0.8483 | Dice: 0.4002 | softDice: 0.3931 | clDice: 0.4796 | softclDice: 0.5028 | IoU: 0.2505 | Tversky: 0.4002 | Hausdorff: 316.0380 | HD95: 82.3328 | val_loss: 0.8483 | LR: 0.000250
2025-08-21 13:53:06 INFO Epoch 029 | Train Loss: 0.5970 | Val Loss: 0.8327 | Dice: 0.3976 | softDice: 0.3924 | clDice: 0.5012 | softclDice: 0.4566 | IoU: 0.2485 | Tversky: 0.3976 | Hausdorff: 316.2124 | HD95: 79.4488 | val_loss: 0.8327 | LR: 0.000250
2025-08-21 13:56:26 INFO Epoch 030 | Train Loss: 0.5859 | Val Loss: 0.8272 | Dice: 0.3918 | softDice: 0.3888 | clDice: 0.4930 | softclDice: 0.4484 | IoU: 0.2441 | Tversky: 0.3918 | Hausdorff: 375.1575 | HD95: 82.7557 | val_loss: 0.8272 | LR: 0.000250
2025-08-21 13:59:53 INFO Epoch 031 | Train Loss: 0.5779 | Val Loss: 0.8297 | Dice: 0.4183 | softDice: 0.4119 | clDice: 0.5206 | softclDice: 0.4428 | IoU: 0.2647 | Tversky: 0.4183 | Hausdorff: 304.6462 | HD95: 69.7198 | val_loss: 0.8297 | LR: 0.000250
2025-08-21 14:03:19 INFO Epoch 032 | Train Loss: 0.5701 | Val Loss: 0.8249 | Dice: 0.4078 | softDice: 0.4045 | clDice: 0.5077 | softclDice: 0.4463 | IoU: 0.2565 | Tversky: 0.4078 | Hausdorff: 414.0776 | HD95: 75.8136 | val_loss: 0.8249 | LR: 0.000250
2025-08-21 14:06:49 INFO Epoch 033 | Train Loss: 0.5674 | Val Loss: 0.8243 | Dice: 0.4214 | softDice: 0.4172 | clDice: 0.5236 | softclDice: 0.4375 | IoU: 0.2672 | Tversky: 0.4214 | Hausdorff: 323.9943 | HD95: 64.9967 | val_loss: 0.8243 | LR: 0.000250
2025-08-21 14:10:23 INFO Epoch 034 | Train Loss: 0.5614 | Val Loss: 0.8274 | Dice: 0.4183 | softDice: 0.4161 | clDice: 0.5261 | softclDice: 0.4213 | IoU: 0.2649 | Tversky: 0.4183 | Hausdorff: 318.7385 | HD95: 71.8946 | val_loss: 0.8274 | LR: 0.000125
2025-08-21 14:13:48 INFO Epoch 035 | Train Loss: 0.5466 | Val Loss: 0.8300 | Dice: 0.4287 | softDice: 0.4237 | clDice: 0.5322 | softclDice: 0.4374 | IoU: 0.2730 | Tversky: 0.4287 | Hausdorff: 284.1818 | HD95: 65.7917 | val_loss: 0.8300 | LR: 0.000125
2025-08-21 14:17:12 INFO Epoch 036 | Train Loss: 0.5427 | Val Loss: 0.8288 | Dice: 0.4250 | softDice: 0.4224 | clDice: 0.5302 | softclDice: 0.4361 | IoU: 0.2701 | Tversky: 0.4250 | Hausdorff: 332.7978 | HD95: 64.1265 | val_loss: 0.8288 | LR: 0.000125
2025-08-21 14:20:31 INFO Epoch 037 | Train Loss: 0.5398 | Val Loss: 0.8291 | Dice: 0.4316 | softDice: 0.4268 | clDice: 0.5369 | softclDice: 0.4426 | IoU: 0.2754 | Tversky: 0.4316 | Hausdorff: 297.6815 | HD95: 60.6333 | val_loss: 0.8291 | LR: 0.000125
2025-08-21 14:23:53 INFO Epoch 038 | Train Loss: 0.5421 | Val Loss: 0.8273 | Dice: 0.4249 | softDice: 0.4228 | clDice: 0.5301 | softclDice: 0.4340 | IoU: 0.2700 | Tversky: 0.4249 | Hausdorff: 322.8288 | HD95: 65.2826 | val_loss: 0.8273 | LR: 0.000125
2025-08-21 14:27:19 INFO Epoch 039 | Train Loss: 0.5387 | Val Loss: 0.8255 | Dice: 0.4310 | softDice: 0.4272 | clDice: 0.5399 | softclDice: 0.4354 | IoU: 0.2749 | Tversky: 0.4310 | Hausdorff: 279.7662 | HD95: 63.1711 | val_loss: 0.8255 | LR: 0.000125
2025-08-21 14:30:49 INFO Epoch 040 | Train Loss: 0.5350 | Val Loss: 0.8238 | Dice: 0.4304 | softDice: 0.4271 | clDice: 0.5439 | softclDice: 0.4272 | IoU: 0.2744 | Tversky: 0.4304 | Hausdorff: 283.1449 | HD95: 61.6364 | val_loss: 0.8238 | LR: 0.000063
2025-08-21 14:34:16 INFO Early stopping at epoch 41 | Best Dice: 0.4437 at epoch 26
2025-08-21 14:35:58 INFO Fold 5 results: Dice: 0.4332 | softDice: 0.4305 | clDice: 0.5493 | softclDice: 0.4184 | IoU: 0.2766 | Tversky: 0.4332 | Hausdorff: 310.6216 | HD95: 57.2694 | val_loss: 0.8209
2025-08-21 14:35:58 INFO ===== Cross-validation results =====
2025-08-21 14:35:58 INFO Dice: 0.4283 | softDice: 0.4260 | clDice: 0.5421 | softclDice: 0.4240 | IoU: 0.2728 | Tversky: 0.4283 | Hausdorff: 345.1274 | HD95: 60.0878 | val_loss: 0.8614
