2025-08-21 01:03:44 INFO Starting training with configuration: {'model': {'name': 'unet', 'encoder_name': 'se_resnext50_32x4d', 'encoder_weights': 'imagenet', 'classes': 1, 'activation': None, 'dropout': 0.2}, 'dataset': {'root': '/data/smadper@alumno.upv.es/TFM/datasets/laticifers', 'patch_size': [512, 512], 'stride': [256, 256], 'num_patches': 50, 'num_workers': 4, 'feature_dirs': {'image': '/data/smadper@alumno.upv.es/TFM/datasets/laticifers/enhanced_images', 'mask': '/data/smadper@alumno.upv.es/TFM/datasets/laticifers/masks', 'distance': '/data/smadper@alumno.upv.es/TFM/datasets/laticifers/distance_maps_pt'}}, 'train': {'batch_size': 32, 'num_epochs': 70, 'learning_rate': 0.001, 'accumulation_steps': 1, 'save_dir': '/data/smadper@alumno.upv.es/TFM/checkpoints_cv2/unet/20250821_010344_unet_se_resnext50_32x4d_bce1.0_dice0.5', 'log_interval': 1, 'patience': 20, 'mixed_precision': True, 'experiment_name': 'unet_se_resnext50_32x4d_bce1.0_dice0.5', 'timestamp': '20250821_010344'}, 'test': {'batch_size': 1}, 'loss': {'name': 'bce', 'cldice_alpha': 0.3, 'tversky_alpha': 0.3, 'tversky_beta': 0.7, 'focal_tversky_gamma': 0.75, 'use_topographic': False, 'combine_with': 'dice', 'weights': {'main': 1.0, 'combined': 0.5}, 'topo': {'alpha': 2.0, 'beta': 1.0}}}
2025-08-21 01:03:44 INFO Experiment name: unet_se_resnext50_32x4d_bce1.0_dice0.5
2025-08-21 01:03:44 INFO ===== Fold 1 / 5 =====
2025-08-21 01:03:44 INFO Loading model unet with settings {'name': 'unet', 'encoder_name': 'se_resnext50_32x4d', 'encoder_weights': 'imagenet', 'classes': 1, 'activation': None, 'dropout': 0.2}
2025-08-21 01:05:25 INFO Epoch 001 | Train Loss: 0.8966 | Val Loss: 0.8702 | Dice: 0.0152 | softDice: 0.1073 | clDice: 0.0179 | softclDice: 0.9063 | IoU: 0.0077 | Tversky: 0.0152 | Hausdorff: 708.2374 | HD95: 457.7681 | val_loss: 0.8702 | LR: 0.001000
2025-08-21 01:07:05 INFO Epoch 002 | Train Loss: 0.5895 | Val Loss: 0.6440 | Dice: 0.4053 | softDice: 0.2624 | clDice: 0.4503 | softclDice: 0.7342 | IoU: 0.2543 | Tversky: 0.4053 | Hausdorff: 265.0293 | HD95: 63.1265 | val_loss: 0.6440 | LR: 0.001000
2025-08-21 01:08:44 INFO Epoch 003 | Train Loss: 0.5135 | Val Loss: 0.6191 | Dice: 0.4139 | softDice: 0.3108 | clDice: 0.4445 | softclDice: 0.6518 | IoU: 0.2613 | Tversky: 0.4139 | Hausdorff: 266.3219 | HD95: 62.2115 | val_loss: 0.6191 | LR: 0.001000
2025-08-21 01:10:24 INFO Epoch 004 | Train Loss: 0.4855 | Val Loss: 0.6305 | Dice: 0.4371 | softDice: 0.3525 | clDice: 0.4678 | softclDice: 0.6221 | IoU: 0.2800 | Tversky: 0.4371 | Hausdorff: 660.5020 | HD95: 61.3710 | val_loss: 0.6305 | LR: 0.001000
2025-08-21 01:12:01 INFO Epoch 005 | Train Loss: 0.4711 | Val Loss: 0.6085 | Dice: 0.4246 | softDice: 0.3483 | clDice: 0.4553 | softclDice: 0.6012 | IoU: 0.2698 | Tversky: 0.4246 | Hausdorff: 243.5560 | HD95: 53.3465 | val_loss: 0.6085 | LR: 0.001000
2025-08-21 01:13:38 INFO Epoch 006 | Train Loss: 0.4620 | Val Loss: 0.6145 | Dice: 0.4334 | softDice: 0.3652 | clDice: 0.4692 | softclDice: 0.5846 | IoU: 0.2769 | Tversky: 0.4334 | Hausdorff: 401.5454 | HD95: 58.1173 | val_loss: 0.6145 | LR: 0.001000
2025-08-21 01:15:16 INFO Epoch 007 | Train Loss: 0.4581 | Val Loss: 0.6214 | Dice: 0.4615 | softDice: 0.3832 | clDice: 0.5112 | softclDice: 0.5545 | IoU: 0.3003 | Tversky: 0.4615 | Hausdorff: 257.5573 | HD95: 42.5038 | val_loss: 0.6214 | LR: 0.001000
2025-08-21 01:16:53 INFO Epoch 008 | Train Loss: 0.4567 | Val Loss: 0.6101 | Dice: 0.4651 | softDice: 0.3889 | clDice: 0.5100 | softclDice: 0.5477 | IoU: 0.3034 | Tversky: 0.4651 | Hausdorff: 240.9653 | HD95: 46.6995 | val_loss: 0.6101 | LR: 0.001000
2025-08-21 01:18:29 INFO Epoch 009 | Train Loss: 0.4542 | Val Loss: 0.6097 | Dice: 0.4530 | softDice: 0.3899 | clDice: 0.4927 | softclDice: 0.5539 | IoU: 0.2931 | Tversky: 0.4530 | Hausdorff: 235.6442 | HD95: 51.6398 | val_loss: 0.6097 | LR: 0.001000
2025-08-21 01:20:06 INFO Epoch 010 | Train Loss: 0.4504 | Val Loss: 0.6078 | Dice: 0.4586 | softDice: 0.3874 | clDice: 0.4966 | softclDice: 0.5531 | IoU: 0.2979 | Tversky: 0.4586 | Hausdorff: 380.3745 | HD95: 40.6758 | val_loss: 0.6078 | LR: 0.001000
2025-08-21 01:21:46 INFO Epoch 011 | Train Loss: 0.4500 | Val Loss: 0.6178 | Dice: 0.4714 | softDice: 0.3975 | clDice: 0.5209 | softclDice: 0.5386 | IoU: 0.3087 | Tversky: 0.4714 | Hausdorff: 366.4781 | HD95: 38.2120 | val_loss: 0.6178 | LR: 0.001000
2025-08-21 01:23:23 INFO Epoch 012 | Train Loss: 0.4466 | Val Loss: 0.6090 | Dice: 0.4487 | softDice: 0.3890 | clDice: 0.4829 | softclDice: 0.5596 | IoU: 0.2898 | Tversky: 0.4487 | Hausdorff: 235.1493 | HD95: 47.3982 | val_loss: 0.6090 | LR: 0.001000
2025-08-21 01:25:02 INFO Epoch 013 | Train Loss: 0.4499 | Val Loss: 0.6078 | Dice: 0.4664 | softDice: 0.3981 | clDice: 0.5114 | softclDice: 0.5379 | IoU: 0.3045 | Tversky: 0.4664 | Hausdorff: 236.1912 | HD95: 54.4122 | val_loss: 0.6078 | LR: 0.001000
2025-08-21 01:26:42 INFO Epoch 014 | Train Loss: 0.4450 | Val Loss: 0.6088 | Dice: 0.4706 | softDice: 0.3976 | clDice: 0.5161 | softclDice: 0.5351 | IoU: 0.3081 | Tversky: 0.4706 | Hausdorff: 229.9375 | HD95: 37.4849 | val_loss: 0.6088 | LR: 0.001000
2025-08-21 01:28:25 INFO Epoch 015 | Train Loss: 0.4461 | Val Loss: 0.6136 | Dice: 0.4704 | softDice: 0.3943 | clDice: 0.5155 | softclDice: 0.5391 | IoU: 0.3078 | Tversky: 0.4704 | Hausdorff: 388.7427 | HD95: 42.6065 | val_loss: 0.6136 | LR: 0.001000
2025-08-21 01:30:03 INFO Epoch 016 | Train Loss: 0.4439 | Val Loss: 0.6133 | Dice: 0.4720 | softDice: 0.4083 | clDice: 0.5167 | softclDice: 0.5302 | IoU: 0.3093 | Tversky: 0.4720 | Hausdorff: 235.1837 | HD95: 35.6376 | val_loss: 0.6133 | LR: 0.000500
2025-08-21 01:31:45 INFO Epoch 017 | Train Loss: 0.4404 | Val Loss: 0.6094 | Dice: 0.4603 | softDice: 0.4016 | clDice: 0.4990 | softclDice: 0.5432 | IoU: 0.2995 | Tversky: 0.4603 | Hausdorff: 223.4384 | HD95: 39.2032 | val_loss: 0.6094 | LR: 0.000500
2025-08-21 01:33:22 INFO Epoch 018 | Train Loss: 0.4414 | Val Loss: 0.6097 | Dice: 0.4767 | softDice: 0.4155 | clDice: 0.5219 | softclDice: 0.5236 | IoU: 0.3133 | Tversky: 0.4767 | Hausdorff: 226.1851 | HD95: 38.5396 | val_loss: 0.6097 | LR: 0.000500
2025-08-21 01:35:00 INFO Epoch 019 | Train Loss: 0.4384 | Val Loss: 0.6088 | Dice: 0.4683 | softDice: 0.4039 | clDice: 0.5091 | softclDice: 0.5362 | IoU: 0.3062 | Tversky: 0.4683 | Hausdorff: 225.5588 | HD95: 34.7126 | val_loss: 0.6088 | LR: 0.000500
2025-08-21 01:36:36 INFO Epoch 020 | Train Loss: 0.4394 | Val Loss: 0.6071 | Dice: 0.4682 | softDice: 0.4036 | clDice: 0.5061 | softclDice: 0.5403 | IoU: 0.3061 | Tversky: 0.4682 | Hausdorff: 222.4787 | HD95: 35.9586 | val_loss: 0.6071 | LR: 0.000500
2025-08-21 01:38:13 INFO Epoch 021 | Train Loss: 0.4387 | Val Loss: 0.6053 | Dice: 0.4767 | softDice: 0.4095 | clDice: 0.5175 | softclDice: 0.5264 | IoU: 0.3133 | Tversky: 0.4767 | Hausdorff: 221.5750 | HD95: 35.3221 | val_loss: 0.6053 | LR: 0.000500
2025-08-21 01:39:49 INFO Epoch 022 | Train Loss: 0.4380 | Val Loss: 0.6077 | Dice: 0.4723 | softDice: 0.4079 | clDice: 0.5131 | softclDice: 0.5314 | IoU: 0.3096 | Tversky: 0.4723 | Hausdorff: 224.1793 | HD95: 36.6085 | val_loss: 0.6077 | LR: 0.000500
2025-08-21 01:41:27 INFO Epoch 023 | Train Loss: 0.4358 | Val Loss: 0.6103 | Dice: 0.4734 | softDice: 0.4090 | clDice: 0.5179 | softclDice: 0.5287 | IoU: 0.3106 | Tversky: 0.4734 | Hausdorff: 225.4615 | HD95: 35.8719 | val_loss: 0.6103 | LR: 0.000500
2025-08-21 01:43:04 INFO Epoch 024 | Train Loss: 0.4358 | Val Loss: 0.6151 | Dice: 0.4667 | softDice: 0.4040 | clDice: 0.5083 | softclDice: 0.5368 | IoU: 0.3047 | Tversky: 0.4667 | Hausdorff: 220.5936 | HD95: 33.7823 | val_loss: 0.6151 | LR: 0.000500
2025-08-21 01:44:44 INFO Epoch 025 | Train Loss: 0.4368 | Val Loss: 0.6117 | Dice: 0.4730 | softDice: 0.4101 | clDice: 0.5169 | softclDice: 0.5271 | IoU: 0.3102 | Tversky: 0.4730 | Hausdorff: 223.6001 | HD95: 34.2243 | val_loss: 0.6117 | LR: 0.000500
2025-08-21 01:46:22 INFO Epoch 026 | Train Loss: 0.4349 | Val Loss: 0.6107 | Dice: 0.4675 | softDice: 0.4069 | clDice: 0.5062 | softclDice: 0.5361 | IoU: 0.3054 | Tversky: 0.4675 | Hausdorff: 379.3964 | HD95: 35.1618 | val_loss: 0.6107 | LR: 0.000500
2025-08-21 01:47:59 INFO Epoch 027 | Train Loss: 0.4364 | Val Loss: 0.6134 | Dice: 0.4661 | softDice: 0.4032 | clDice: 0.5052 | softclDice: 0.5393 | IoU: 0.3043 | Tversky: 0.4661 | Hausdorff: 380.7218 | HD95: 35.7166 | val_loss: 0.6134 | LR: 0.000250
2025-08-21 01:49:37 INFO Epoch 028 | Train Loss: 0.4327 | Val Loss: 0.6078 | Dice: 0.4628 | softDice: 0.4047 | clDice: 0.5014 | softclDice: 0.5372 | IoU: 0.3015 | Tversky: 0.4628 | Hausdorff: 223.2825 | HD95: 42.0758 | val_loss: 0.6078 | LR: 0.000250
2025-08-21 01:51:14 INFO Epoch 029 | Train Loss: 0.4293 | Val Loss: 0.6084 | Dice: 0.4653 | softDice: 0.4112 | clDice: 0.5042 | softclDice: 0.5321 | IoU: 0.3036 | Tversky: 0.4653 | Hausdorff: 219.2924 | HD95: 41.1501 | val_loss: 0.6084 | LR: 0.000250
2025-08-21 01:52:56 INFO Epoch 030 | Train Loss: 0.4336 | Val Loss: 0.6066 | Dice: 0.4666 | softDice: 0.4087 | clDice: 0.5045 | softclDice: 0.5339 | IoU: 0.3048 | Tversky: 0.4666 | Hausdorff: 220.7767 | HD95: 40.5106 | val_loss: 0.6066 | LR: 0.000250
2025-08-21 01:54:34 INFO Epoch 031 | Train Loss: 0.4278 | Val Loss: 0.6082 | Dice: 0.4697 | softDice: 0.4131 | clDice: 0.5078 | softclDice: 0.5295 | IoU: 0.3073 | Tversky: 0.4697 | Hausdorff: 225.6950 | HD95: 34.9712 | val_loss: 0.6082 | LR: 0.000250
2025-08-21 01:56:13 INFO Epoch 032 | Train Loss: 0.4265 | Val Loss: 0.6114 | Dice: 0.4637 | softDice: 0.4083 | clDice: 0.5027 | softclDice: 0.5360 | IoU: 0.3023 | Tversky: 0.4637 | Hausdorff: 222.6942 | HD95: 34.6281 | val_loss: 0.6114 | LR: 0.000250
2025-08-21 01:57:56 INFO Epoch 033 | Train Loss: 0.4349 | Val Loss: 0.6094 | Dice: 0.4752 | softDice: 0.4144 | clDice: 0.5182 | softclDice: 0.5247 | IoU: 0.3120 | Tversky: 0.4752 | Hausdorff: 234.8835 | HD95: 33.8250 | val_loss: 0.6094 | LR: 0.000125
2025-08-21 01:59:34 INFO Epoch 034 | Train Loss: 0.4278 | Val Loss: 0.6089 | Dice: 0.4740 | softDice: 0.4144 | clDice: 0.5151 | softclDice: 0.5269 | IoU: 0.3110 | Tversky: 0.4740 | Hausdorff: 226.3779 | HD95: 32.6159 | val_loss: 0.6089 | LR: 0.000125
2025-08-21 02:01:13 INFO Epoch 035 | Train Loss: 0.4289 | Val Loss: 0.6082 | Dice: 0.4753 | softDice: 0.4157 | clDice: 0.5163 | softclDice: 0.5246 | IoU: 0.3122 | Tversky: 0.4753 | Hausdorff: 226.6057 | HD95: 34.1937 | val_loss: 0.6082 | LR: 0.000125
2025-08-21 02:02:57 INFO Epoch 036 | Train Loss: 0.4282 | Val Loss: 0.6087 | Dice: 0.4776 | softDice: 0.4159 | clDice: 0.5194 | softclDice: 0.5225 | IoU: 0.3141 | Tversky: 0.4776 | Hausdorff: 226.0590 | HD95: 31.8495 | val_loss: 0.6087 | LR: 0.000125
2025-08-21 02:04:36 INFO Epoch 037 | Train Loss: 0.4263 | Val Loss: 0.6118 | Dice: 0.4768 | softDice: 0.4185 | clDice: 0.5187 | softclDice: 0.5216 | IoU: 0.3135 | Tversky: 0.4768 | Hausdorff: 231.2793 | HD95: 31.3620 | val_loss: 0.6118 | LR: 0.000125
2025-08-21 02:06:21 INFO Epoch 038 | Train Loss: 0.4278 | Val Loss: 0.6074 | Dice: 0.4769 | softDice: 0.4173 | clDice: 0.5177 | softclDice: 0.5212 | IoU: 0.3135 | Tversky: 0.4769 | Hausdorff: 226.6290 | HD95: 32.5849 | val_loss: 0.6074 | LR: 0.000125
2025-08-21 02:07:58 INFO Epoch 039 | Train Loss: 0.4237 | Val Loss: 0.6090 | Dice: 0.4772 | softDice: 0.4169 | clDice: 0.5200 | softclDice: 0.5218 | IoU: 0.3138 | Tversky: 0.4772 | Hausdorff: 226.6463 | HD95: 32.2178 | val_loss: 0.6090 | LR: 0.000063
2025-08-21 02:09:37 INFO Epoch 040 | Train Loss: 0.4246 | Val Loss: 0.6081 | Dice: 0.4780 | softDice: 0.4173 | clDice: 0.5190 | softclDice: 0.5220 | IoU: 0.3145 | Tversky: 0.4780 | Hausdorff: 232.1193 | HD95: 32.1343 | val_loss: 0.6081 | LR: 0.000063
2025-08-21 02:11:15 INFO Epoch 041 | Train Loss: 0.4220 | Val Loss: 0.6103 | Dice: 0.4761 | softDice: 0.4161 | clDice: 0.5185 | softclDice: 0.5229 | IoU: 0.3129 | Tversky: 0.4761 | Hausdorff: 231.1697 | HD95: 32.8382 | val_loss: 0.6103 | LR: 0.000063
2025-08-21 02:12:52 INFO Epoch 042 | Train Loss: 0.4243 | Val Loss: 0.6094 | Dice: 0.4758 | softDice: 0.4173 | clDice: 0.5164 | softclDice: 0.5231 | IoU: 0.3126 | Tversky: 0.4758 | Hausdorff: 230.9234 | HD95: 31.8996 | val_loss: 0.6094 | LR: 0.000063
2025-08-21 02:14:29 INFO Epoch 043 | Train Loss: 0.4222 | Val Loss: 0.6104 | Dice: 0.4775 | softDice: 0.4195 | clDice: 0.5199 | softclDice: 0.5210 | IoU: 0.3140 | Tversky: 0.4775 | Hausdorff: 225.2318 | HD95: 31.2703 | val_loss: 0.6104 | LR: 0.000063
2025-08-21 02:16:07 INFO Early stopping at epoch 44 | Best Dice: 0.4780 at epoch 1
2025-08-21 02:16:53 INFO Fold 1 results: Dice: 0.4775 | softDice: 0.4195 | clDice: 0.5199 | softclDice: 0.5210 | IoU: 0.3140 | Tversky: 0.4775 | Hausdorff: 225.2318 | HD95: 31.2703 | val_loss: 0.6104
2025-08-21 02:16:53 INFO ===== Fold 2 / 5 =====
2025-08-21 02:16:53 INFO Loading model unet with settings {'name': 'unet', 'encoder_name': 'se_resnext50_32x4d', 'encoder_weights': 'imagenet', 'classes': 1, 'activation': None, 'dropout': 0.2}
2025-08-21 02:18:32 INFO Epoch 001 | Train Loss: 1.0688 | Val Loss: 5.7535 | Dice: 0.0354 | softDice: 0.1120 | clDice: 0.0337 | softclDice: 0.9410 | IoU: 0.0182 | Tversky: 0.0354 | Hausdorff: 781.0334 | HD95: 635.5877 | val_loss: 5.7535 | LR: 0.001000
2025-08-21 02:20:10 INFO Epoch 002 | Train Loss: 0.6821 | Val Loss: 0.6881 | Dice: 0.4218 | softDice: 0.2180 | clDice: 0.4479 | softclDice: 0.8073 | IoU: 0.2678 | Tversky: 0.4218 | Hausdorff: 577.3309 | HD95: 59.7257 | val_loss: 0.6881 | LR: 0.001000
2025-08-21 02:21:48 INFO Epoch 003 | Train Loss: 0.5390 | Val Loss: 0.6576 | Dice: 0.4501 | softDice: 0.3147 | clDice: 0.4867 | softclDice: 0.6894 | IoU: 0.2910 | Tversky: 0.4501 | Hausdorff: 382.4998 | HD95: 47.2837 | val_loss: 0.6576 | LR: 0.001000
2025-08-21 02:23:29 INFO Epoch 004 | Train Loss: 0.4875 | Val Loss: 0.6442 | Dice: 0.4403 | softDice: 0.3406 | clDice: 0.4798 | softclDice: 0.6109 | IoU: 0.2828 | Tversky: 0.4403 | Hausdorff: 282.7133 | HD95: 55.5146 | val_loss: 0.6442 | LR: 0.001000
2025-08-21 02:25:07 INFO Epoch 005 | Train Loss: 0.4679 | Val Loss: 0.6255 | Dice: 0.4510 | softDice: 0.3690 | clDice: 0.4892 | softclDice: 0.5737 | IoU: 0.2918 | Tversky: 0.4510 | Hausdorff: 294.6250 | HD95: 46.2467 | val_loss: 0.6255 | LR: 0.001000
2025-08-21 02:26:47 INFO Epoch 006 | Train Loss: 0.4624 | Val Loss: 0.6292 | Dice: 0.4580 | softDice: 0.3878 | clDice: 0.4998 | softclDice: 0.5615 | IoU: 0.2976 | Tversky: 0.4580 | Hausdorff: 323.9817 | HD95: 42.0389 | val_loss: 0.6292 | LR: 0.001000
2025-08-21 02:28:25 INFO Epoch 007 | Train Loss: 0.4564 | Val Loss: 0.6243 | Dice: 0.4649 | softDice: 0.3961 | clDice: 0.5100 | softclDice: 0.5436 | IoU: 0.3034 | Tversky: 0.4649 | Hausdorff: 298.2216 | HD95: 40.8931 | val_loss: 0.6243 | LR: 0.001000
2025-08-21 02:30:04 INFO Epoch 008 | Train Loss: 0.4482 | Val Loss: 0.6252 | Dice: 0.4699 | softDice: 0.4030 | clDice: 0.5120 | softclDice: 0.5379 | IoU: 0.3077 | Tversky: 0.4699 | Hausdorff: 295.1234 | HD95: 38.6475 | val_loss: 0.6252 | LR: 0.001000
2025-08-21 02:31:43 INFO Epoch 009 | Train Loss: 0.4501 | Val Loss: 0.6242 | Dice: 0.4696 | softDice: 0.4016 | clDice: 0.5107 | softclDice: 0.5397 | IoU: 0.3073 | Tversky: 0.4696 | Hausdorff: 289.1914 | HD95: 35.7904 | val_loss: 0.6242 | LR: 0.001000
2025-08-21 02:33:22 INFO Epoch 010 | Train Loss: 0.4506 | Val Loss: 0.6260 | Dice: 0.4799 | softDice: 0.4108 | clDice: 0.5286 | softclDice: 0.5273 | IoU: 0.3163 | Tversky: 0.4799 | Hausdorff: 292.6926 | HD95: 33.3193 | val_loss: 0.6260 | LR: 0.001000
2025-08-21 02:35:02 INFO Epoch 011 | Train Loss: 0.4464 | Val Loss: 0.6240 | Dice: 0.4754 | softDice: 0.4091 | clDice: 0.5198 | softclDice: 0.5305 | IoU: 0.3125 | Tversky: 0.4754 | Hausdorff: 289.1842 | HD95: 38.9095 | val_loss: 0.6240 | LR: 0.001000
2025-08-21 02:36:45 INFO Epoch 012 | Train Loss: 0.4418 | Val Loss: 0.6294 | Dice: 0.4656 | softDice: 0.4008 | clDice: 0.5102 | softclDice: 0.5384 | IoU: 0.3040 | Tversky: 0.4656 | Hausdorff: 262.7061 | HD95: 42.0033 | val_loss: 0.6294 | LR: 0.001000
2025-08-21 02:38:23 INFO Epoch 013 | Train Loss: 0.4431 | Val Loss: 0.6205 | Dice: 0.4732 | softDice: 0.4069 | clDice: 0.5157 | softclDice: 0.5319 | IoU: 0.3105 | Tversky: 0.4732 | Hausdorff: 270.9953 | HD95: 35.9601 | val_loss: 0.6205 | LR: 0.001000
2025-08-21 02:40:02 INFO Epoch 014 | Train Loss: 0.4429 | Val Loss: 0.6209 | Dice: 0.4734 | softDice: 0.4081 | clDice: 0.5148 | softclDice: 0.5315 | IoU: 0.3108 | Tversky: 0.4734 | Hausdorff: 295.3694 | HD95: 32.6723 | val_loss: 0.6209 | LR: 0.001000
2025-08-21 02:41:40 INFO Epoch 015 | Train Loss: 0.4429 | Val Loss: 0.6201 | Dice: 0.4707 | softDice: 0.4060 | clDice: 0.5098 | softclDice: 0.5319 | IoU: 0.3084 | Tversky: 0.4707 | Hausdorff: 265.1552 | HD95: 32.7986 | val_loss: 0.6201 | LR: 0.001000
2025-08-21 02:43:20 INFO Epoch 016 | Train Loss: 0.4416 | Val Loss: 0.6194 | Dice: 0.4651 | softDice: 0.4018 | clDice: 0.5049 | softclDice: 0.5382 | IoU: 0.3036 | Tversky: 0.4651 | Hausdorff: 265.0901 | HD95: 40.1919 | val_loss: 0.6194 | LR: 0.001000
2025-08-21 02:44:57 INFO Epoch 017 | Train Loss: 0.4377 | Val Loss: 0.6192 | Dice: 0.4716 | softDice: 0.4091 | clDice: 0.5112 | softclDice: 0.5325 | IoU: 0.3091 | Tversky: 0.4716 | Hausdorff: 272.0998 | HD95: 36.6226 | val_loss: 0.6192 | LR: 0.001000
2025-08-21 02:46:34 INFO Epoch 018 | Train Loss: 0.4398 | Val Loss: 0.6224 | Dice: 0.4783 | softDice: 0.4172 | clDice: 0.5193 | softclDice: 0.5223 | IoU: 0.3149 | Tversky: 0.4783 | Hausdorff: 294.9369 | HD95: 34.9912 | val_loss: 0.6224 | LR: 0.001000
2025-08-21 02:48:13 INFO Epoch 019 | Train Loss: 0.4433 | Val Loss: 0.6195 | Dice: 0.4785 | softDice: 0.4106 | clDice: 0.5239 | softclDice: 0.5210 | IoU: 0.3152 | Tversky: 0.4785 | Hausdorff: 287.9183 | HD95: 31.3759 | val_loss: 0.6195 | LR: 0.001000
2025-08-21 02:49:51 INFO Epoch 020 | Train Loss: 0.4395 | Val Loss: 0.6203 | Dice: 0.4829 | softDice: 0.4157 | clDice: 0.5259 | softclDice: 0.5245 | IoU: 0.3188 | Tversky: 0.4829 | Hausdorff: 286.6652 | HD95: 29.3326 | val_loss: 0.6203 | LR: 0.001000
2025-08-21 02:51:30 INFO Epoch 021 | Train Loss: 0.4381 | Val Loss: 0.6270 | Dice: 0.4850 | softDice: 0.4107 | clDice: 0.5329 | softclDice: 0.5128 | IoU: 0.3206 | Tversky: 0.4850 | Hausdorff: 294.3187 | HD95: 33.4661 | val_loss: 0.6270 | LR: 0.001000
2025-08-21 02:53:09 INFO Epoch 022 | Train Loss: 0.4387 | Val Loss: 0.6244 | Dice: 0.4787 | softDice: 0.4173 | clDice: 0.5266 | softclDice: 0.5169 | IoU: 0.3152 | Tversky: 0.4787 | Hausdorff: 265.1605 | HD95: 31.9696 | val_loss: 0.6244 | LR: 0.001000
2025-08-21 02:54:47 INFO Epoch 023 | Train Loss: 0.4367 | Val Loss: 0.6232 | Dice: 0.4787 | softDice: 0.4168 | clDice: 0.5231 | softclDice: 0.5219 | IoU: 0.3152 | Tversky: 0.4787 | Hausdorff: 282.0247 | HD95: 28.4051 | val_loss: 0.6232 | LR: 0.000500
2025-08-21 02:56:26 INFO Epoch 024 | Train Loss: 0.4304 | Val Loss: 0.6220 | Dice: 0.4814 | softDice: 0.4213 | clDice: 0.5252 | softclDice: 0.5163 | IoU: 0.3175 | Tversky: 0.4814 | Hausdorff: 278.2755 | HD95: 29.1379 | val_loss: 0.6220 | LR: 0.000500
2025-08-21 02:58:03 INFO Epoch 025 | Train Loss: 0.4342 | Val Loss: 0.6221 | Dice: 0.4779 | softDice: 0.4207 | clDice: 0.5216 | softclDice: 0.5163 | IoU: 0.3145 | Tversky: 0.4779 | Hausdorff: 287.8752 | HD95: 31.8926 | val_loss: 0.6221 | LR: 0.000500
2025-08-21 02:59:41 INFO Epoch 026 | Train Loss: 0.4281 | Val Loss: 0.6225 | Dice: 0.4899 | softDice: 0.4235 | clDice: 0.5371 | softclDice: 0.5072 | IoU: 0.3249 | Tversky: 0.4899 | Hausdorff: 290.4599 | HD95: 28.6899 | val_loss: 0.6225 | LR: 0.000500
2025-08-21 03:01:20 INFO Epoch 027 | Train Loss: 0.4331 | Val Loss: 0.6219 | Dice: 0.4760 | softDice: 0.4154 | clDice: 0.5192 | softclDice: 0.5217 | IoU: 0.3129 | Tversky: 0.4760 | Hausdorff: 308.3590 | HD95: 30.8878 | val_loss: 0.6219 | LR: 0.000500
2025-08-21 03:02:59 INFO Epoch 028 | Train Loss: 0.4255 | Val Loss: 0.6228 | Dice: 0.4807 | softDice: 0.4216 | clDice: 0.5208 | softclDice: 0.5196 | IoU: 0.3170 | Tversky: 0.4807 | Hausdorff: 291.5943 | HD95: 29.6480 | val_loss: 0.6228 | LR: 0.000500
2025-08-21 03:04:36 INFO Epoch 029 | Train Loss: 0.4263 | Val Loss: 0.6215 | Dice: 0.4803 | softDice: 0.4179 | clDice: 0.5238 | softclDice: 0.5188 | IoU: 0.3166 | Tversky: 0.4803 | Hausdorff: 289.6822 | HD95: 29.9595 | val_loss: 0.6215 | LR: 0.000250
2025-08-21 03:06:14 INFO Epoch 030 | Train Loss: 0.4250 | Val Loss: 0.6224 | Dice: 0.4814 | softDice: 0.4216 | clDice: 0.5254 | softclDice: 0.5161 | IoU: 0.3175 | Tversky: 0.4814 | Hausdorff: 297.1042 | HD95: 31.5456 | val_loss: 0.6224 | LR: 0.000250
2025-08-21 03:07:57 INFO Epoch 031 | Train Loss: 0.4248 | Val Loss: 0.6217 | Dice: 0.4782 | softDice: 0.4182 | clDice: 0.5206 | softclDice: 0.5202 | IoU: 0.3148 | Tversky: 0.4782 | Hausdorff: 291.0189 | HD95: 31.3967 | val_loss: 0.6217 | LR: 0.000250
2025-08-21 03:09:35 INFO Epoch 032 | Train Loss: 0.4203 | Val Loss: 0.6245 | Dice: 0.4780 | softDice: 0.4239 | clDice: 0.5198 | softclDice: 0.5164 | IoU: 0.3147 | Tversky: 0.4780 | Hausdorff: 308.3367 | HD95: 33.8900 | val_loss: 0.6245 | LR: 0.000250
2025-08-21 03:11:13 INFO Epoch 033 | Train Loss: 0.4247 | Val Loss: 0.6232 | Dice: 0.4761 | softDice: 0.4155 | clDice: 0.5186 | softclDice: 0.5226 | IoU: 0.3130 | Tversky: 0.4761 | Hausdorff: 298.0260 | HD95: 31.9952 | val_loss: 0.6232 | LR: 0.000250
2025-08-21 03:12:51 INFO Epoch 034 | Train Loss: 0.4219 | Val Loss: 0.6227 | Dice: 0.4770 | softDice: 0.4178 | clDice: 0.5185 | softclDice: 0.5213 | IoU: 0.3138 | Tversky: 0.4770 | Hausdorff: 299.2274 | HD95: 31.0107 | val_loss: 0.6227 | LR: 0.000250
2025-08-21 03:14:27 INFO Epoch 035 | Train Loss: 0.4241 | Val Loss: 0.6219 | Dice: 0.4788 | softDice: 0.4189 | clDice: 0.5189 | softclDice: 0.5211 | IoU: 0.3153 | Tversky: 0.4788 | Hausdorff: 305.7962 | HD95: 32.6795 | val_loss: 0.6219 | LR: 0.000125
2025-08-21 03:16:05 INFO Epoch 036 | Train Loss: 0.4178 | Val Loss: 0.6241 | Dice: 0.4780 | softDice: 0.4220 | clDice: 0.5208 | softclDice: 0.5176 | IoU: 0.3146 | Tversky: 0.4780 | Hausdorff: 311.5662 | HD95: 33.6274 | val_loss: 0.6241 | LR: 0.000125
2025-08-21 03:17:44 INFO Epoch 037 | Train Loss: 0.4171 | Val Loss: 0.6242 | Dice: 0.4789 | softDice: 0.4222 | clDice: 0.5222 | softclDice: 0.5165 | IoU: 0.3153 | Tversky: 0.4789 | Hausdorff: 299.2356 | HD95: 31.9447 | val_loss: 0.6242 | LR: 0.000125
2025-08-21 03:19:22 INFO Epoch 038 | Train Loss: 0.4163 | Val Loss: 0.6254 | Dice: 0.4790 | softDice: 0.4240 | clDice: 0.5211 | softclDice: 0.5172 | IoU: 0.3155 | Tversky: 0.4790 | Hausdorff: 299.2008 | HD95: 30.2727 | val_loss: 0.6254 | LR: 0.000125
2025-08-21 03:20:58 INFO Epoch 039 | Train Loss: 0.4167 | Val Loss: 0.6255 | Dice: 0.4780 | softDice: 0.4236 | clDice: 0.5198 | softclDice: 0.5176 | IoU: 0.3146 | Tversky: 0.4780 | Hausdorff: 307.5244 | HD95: 30.6983 | val_loss: 0.6255 | LR: 0.000125
2025-08-21 03:22:36 INFO Early stopping at epoch 40 | Best Dice: 0.4899 at epoch 1
2025-08-21 03:23:23 INFO Fold 2 results: Dice: 0.4899 | softDice: 0.4235 | clDice: 0.5371 | softclDice: 0.5072 | IoU: 0.3249 | Tversky: 0.4899 | Hausdorff: 290.4599 | HD95: 28.6899 | val_loss: 0.6225
2025-08-21 03:23:23 INFO ===== Fold 3 / 5 =====
2025-08-21 03:23:23 INFO Loading model unet with settings {'name': 'unet', 'encoder_name': 'se_resnext50_32x4d', 'encoder_weights': 'imagenet', 'classes': 1, 'activation': None, 'dropout': 0.2}
2025-08-21 03:25:01 INFO Epoch 001 | Train Loss: 0.5883 | Val Loss: 0.6305 | Dice: 0.4134 | softDice: 0.3230 | clDice: 0.4477 | softclDice: 0.6539 | IoU: 0.2614 | Tversky: 0.4134 | Hausdorff: 292.2158 | HD95: 62.0055 | val_loss: 0.6305 | LR: 0.001000
2025-08-21 03:26:40 INFO Epoch 002 | Train Loss: 0.4772 | Val Loss: 0.6361 | Dice: 0.4758 | softDice: 0.3971 | clDice: 0.5280 | softclDice: 0.5447 | IoU: 0.3130 | Tversky: 0.4758 | Hausdorff: 255.9974 | HD95: 36.8428 | val_loss: 0.6361 | LR: 0.001000
2025-08-21 03:28:19 INFO Epoch 003 | Train Loss: 0.4642 | Val Loss: 0.6212 | Dice: 0.4535 | softDice: 0.3842 | clDice: 0.4936 | softclDice: 0.5576 | IoU: 0.2942 | Tversky: 0.4535 | Hausdorff: 249.7976 | HD95: 44.1908 | val_loss: 0.6212 | LR: 0.001000
2025-08-21 03:29:56 INFO Epoch 004 | Train Loss: 0.4551 | Val Loss: 0.6308 | Dice: 0.4705 | softDice: 0.4034 | clDice: 0.5155 | softclDice: 0.5335 | IoU: 0.3086 | Tversky: 0.4705 | Hausdorff: 237.5183 | HD95: 37.4702 | val_loss: 0.6308 | LR: 0.001000
2025-08-21 03:31:33 INFO Epoch 005 | Train Loss: 0.4514 | Val Loss: 0.6219 | Dice: 0.4765 | softDice: 0.4053 | clDice: 0.5177 | softclDice: 0.5356 | IoU: 0.3136 | Tversky: 0.4765 | Hausdorff: 245.9827 | HD95: 34.7145 | val_loss: 0.6219 | LR: 0.001000
2025-08-21 03:33:10 INFO Epoch 006 | Train Loss: 0.4484 | Val Loss: 0.6262 | Dice: 0.4546 | softDice: 0.3934 | clDice: 0.4975 | softclDice: 0.5428 | IoU: 0.2953 | Tversky: 0.4546 | Hausdorff: 240.6598 | HD95: 48.7586 | val_loss: 0.6262 | LR: 0.001000
2025-08-21 03:34:50 INFO Epoch 007 | Train Loss: 0.4446 | Val Loss: 0.6305 | Dice: 0.4800 | softDice: 0.4119 | clDice: 0.5291 | softclDice: 0.5203 | IoU: 0.3168 | Tversky: 0.4800 | Hausdorff: 250.1100 | HD95: 35.6739 | val_loss: 0.6305 | LR: 0.001000
2025-08-21 03:36:29 INFO Epoch 008 | Train Loss: 0.4416 | Val Loss: 0.6240 | Dice: 0.4788 | softDice: 0.4106 | clDice: 0.5267 | softclDice: 0.5244 | IoU: 0.3158 | Tversky: 0.4788 | Hausdorff: 246.3316 | HD95: 35.2545 | val_loss: 0.6240 | LR: 0.001000
2025-08-21 03:38:08 INFO Epoch 009 | Train Loss: 0.4449 | Val Loss: 0.6223 | Dice: 0.4769 | softDice: 0.4109 | clDice: 0.5233 | softclDice: 0.5207 | IoU: 0.3143 | Tversky: 0.4769 | Hausdorff: 239.9437 | HD95: 40.7466 | val_loss: 0.6223 | LR: 0.000500
2025-08-21 03:39:48 INFO Epoch 010 | Train Loss: 0.4356 | Val Loss: 0.6200 | Dice: 0.4770 | softDice: 0.4180 | clDice: 0.5259 | softclDice: 0.5132 | IoU: 0.3146 | Tversky: 0.4770 | Hausdorff: 244.5610 | HD95: 42.1433 | val_loss: 0.6200 | LR: 0.000500
2025-08-21 03:41:24 INFO Epoch 011 | Train Loss: 0.4361 | Val Loss: 0.6226 | Dice: 0.4744 | softDice: 0.4165 | clDice: 0.5183 | softclDice: 0.5219 | IoU: 0.3122 | Tversky: 0.4744 | Hausdorff: 246.5323 | HD95: 37.3617 | val_loss: 0.6226 | LR: 0.000500
2025-08-21 03:43:04 INFO Epoch 012 | Train Loss: 0.4335 | Val Loss: 0.6224 | Dice: 0.4891 | softDice: 0.4237 | clDice: 0.5415 | softclDice: 0.5004 | IoU: 0.3249 | Tversky: 0.4891 | Hausdorff: 239.3774 | HD95: 32.1173 | val_loss: 0.6224 | LR: 0.000500
2025-08-21 03:44:43 INFO Epoch 013 | Train Loss: 0.4332 | Val Loss: 0.6232 | Dice: 0.4823 | softDice: 0.4205 | clDice: 0.5328 | softclDice: 0.5082 | IoU: 0.3191 | Tversky: 0.4823 | Hausdorff: 246.3429 | HD95: 41.1377 | val_loss: 0.6232 | LR: 0.000500
2025-08-21 03:46:21 INFO Epoch 014 | Train Loss: 0.4295 | Val Loss: 0.6216 | Dice: 0.4888 | softDice: 0.4250 | clDice: 0.5385 | softclDice: 0.5015 | IoU: 0.3246 | Tversky: 0.4888 | Hausdorff: 242.7929 | HD95: 35.8164 | val_loss: 0.6216 | LR: 0.000500
2025-08-21 03:47:59 INFO Epoch 015 | Train Loss: 0.4327 | Val Loss: 0.6200 | Dice: 0.4749 | softDice: 0.4133 | clDice: 0.5226 | softclDice: 0.5164 | IoU: 0.3127 | Tversky: 0.4749 | Hausdorff: 247.3309 | HD95: 40.7989 | val_loss: 0.6200 | LR: 0.000500
2025-08-21 03:49:37 INFO Epoch 016 | Train Loss: 0.4334 | Val Loss: 0.6199 | Dice: 0.4869 | softDice: 0.4215 | clDice: 0.5371 | softclDice: 0.5084 | IoU: 0.3230 | Tversky: 0.4869 | Hausdorff: 244.1048 | HD95: 35.0463 | val_loss: 0.6199 | LR: 0.000250
2025-08-21 03:51:15 INFO Epoch 017 | Train Loss: 0.4273 | Val Loss: 0.6197 | Dice: 0.4827 | softDice: 0.4214 | clDice: 0.5284 | softclDice: 0.5100 | IoU: 0.3193 | Tversky: 0.4827 | Hausdorff: 244.6225 | HD95: 37.1778 | val_loss: 0.6197 | LR: 0.000250
2025-08-21 03:52:53 INFO Epoch 018 | Train Loss: 0.4302 | Val Loss: 0.6208 | Dice: 0.4861 | softDice: 0.4227 | clDice: 0.5352 | softclDice: 0.5045 | IoU: 0.3223 | Tversky: 0.4861 | Hausdorff: 245.0147 | HD95: 32.5548 | val_loss: 0.6208 | LR: 0.000250
2025-08-21 03:54:31 INFO Epoch 019 | Train Loss: 0.4257 | Val Loss: 0.6229 | Dice: 0.4816 | softDice: 0.4234 | clDice: 0.5282 | softclDice: 0.5101 | IoU: 0.3184 | Tversky: 0.4816 | Hausdorff: 250.0869 | HD95: 34.4644 | val_loss: 0.6229 | LR: 0.000250
2025-08-21 03:56:09 INFO Epoch 020 | Train Loss: 0.4265 | Val Loss: 0.6207 | Dice: 0.4841 | softDice: 0.4214 | clDice: 0.5310 | softclDice: 0.5113 | IoU: 0.3204 | Tversky: 0.4841 | Hausdorff: 247.4580 | HD95: 32.4545 | val_loss: 0.6207 | LR: 0.000250
2025-08-21 03:57:47 INFO Epoch 021 | Train Loss: 0.4293 | Val Loss: 0.6183 | Dice: 0.4833 | softDice: 0.4188 | clDice: 0.5305 | softclDice: 0.5125 | IoU: 0.3199 | Tversky: 0.4833 | Hausdorff: 251.2184 | HD95: 37.6678 | val_loss: 0.6183 | LR: 0.000250
2025-08-21 03:59:25 INFO Epoch 022 | Train Loss: 0.4258 | Val Loss: 0.6227 | Dice: 0.4904 | softDice: 0.4271 | clDice: 0.5409 | softclDice: 0.5018 | IoU: 0.3259 | Tversky: 0.4904 | Hausdorff: 252.4737 | HD95: 31.2796 | val_loss: 0.6227 | LR: 0.000250
2025-08-21 04:01:04 INFO Epoch 023 | Train Loss: 0.4219 | Val Loss: 0.6253 | Dice: 0.4877 | softDice: 0.4277 | clDice: 0.5399 | softclDice: 0.5001 | IoU: 0.3236 | Tversky: 0.4877 | Hausdorff: 252.4819 | HD95: 32.8020 | val_loss: 0.6253 | LR: 0.000250
2025-08-21 04:02:42 INFO Epoch 024 | Train Loss: 0.4239 | Val Loss: 0.6191 | Dice: 0.4907 | softDice: 0.4265 | clDice: 0.5440 | softclDice: 0.4981 | IoU: 0.3262 | Tversky: 0.4907 | Hausdorff: 251.3177 | HD95: 36.8989 | val_loss: 0.6191 | LR: 0.000250
2025-08-21 04:04:19 INFO Epoch 025 | Train Loss: 0.4271 | Val Loss: 0.6187 | Dice: 0.4858 | softDice: 0.4220 | clDice: 0.5327 | softclDice: 0.5091 | IoU: 0.3219 | Tversky: 0.4858 | Hausdorff: 251.9941 | HD95: 34.6376 | val_loss: 0.6187 | LR: 0.000250
2025-08-21 04:05:57 INFO Epoch 026 | Train Loss: 0.4224 | Val Loss: 0.6200 | Dice: 0.4801 | softDice: 0.4168 | clDice: 0.5278 | softclDice: 0.5126 | IoU: 0.3169 | Tversky: 0.4801 | Hausdorff: 250.8634 | HD95: 38.3465 | val_loss: 0.6200 | LR: 0.000250
2025-08-21 04:07:35 INFO Epoch 027 | Train Loss: 0.4301 | Val Loss: 0.6234 | Dice: 0.4773 | softDice: 0.4190 | clDice: 0.5234 | softclDice: 0.5129 | IoU: 0.3146 | Tversky: 0.4773 | Hausdorff: 251.3770 | HD95: 38.3547 | val_loss: 0.6234 | LR: 0.000125
2025-08-21 04:09:13 INFO Epoch 028 | Train Loss: 0.4233 | Val Loss: 0.6213 | Dice: 0.4827 | softDice: 0.4230 | clDice: 0.5306 | softclDice: 0.5083 | IoU: 0.3193 | Tversky: 0.4827 | Hausdorff: 247.6926 | HD95: 36.2889 | val_loss: 0.6213 | LR: 0.000125
2025-08-21 04:10:50 INFO Epoch 029 | Train Loss: 0.4229 | Val Loss: 0.6200 | Dice: 0.4884 | softDice: 0.4269 | clDice: 0.5367 | softclDice: 0.5027 | IoU: 0.3242 | Tversky: 0.4884 | Hausdorff: 250.4593 | HD95: 33.0501 | val_loss: 0.6200 | LR: 0.000125
2025-08-21 04:12:28 INFO Epoch 030 | Train Loss: 0.4175 | Val Loss: 0.6217 | Dice: 0.4847 | softDice: 0.4251 | clDice: 0.5315 | softclDice: 0.5065 | IoU: 0.3209 | Tversky: 0.4847 | Hausdorff: 246.9732 | HD95: 32.3084 | val_loss: 0.6217 | LR: 0.000125
2025-08-21 04:14:07 INFO Epoch 031 | Train Loss: 0.4164 | Val Loss: 0.6221 | Dice: 0.4821 | softDice: 0.4224 | clDice: 0.5278 | softclDice: 0.5093 | IoU: 0.3188 | Tversky: 0.4821 | Hausdorff: 250.0807 | HD95: 36.3971 | val_loss: 0.6221 | LR: 0.000125
2025-08-21 04:15:44 INFO Epoch 032 | Train Loss: 0.4166 | Val Loss: 0.6234 | Dice: 0.4909 | softDice: 0.4299 | clDice: 0.5420 | softclDice: 0.4976 | IoU: 0.3263 | Tversky: 0.4909 | Hausdorff: 250.3485 | HD95: 32.0484 | val_loss: 0.6234 | LR: 0.000125
2025-08-21 04:17:22 INFO Epoch 033 | Train Loss: 0.4178 | Val Loss: 0.6237 | Dice: 0.4811 | softDice: 0.4224 | clDice: 0.5294 | softclDice: 0.5107 | IoU: 0.3178 | Tversky: 0.4811 | Hausdorff: 234.9679 | HD95: 37.2475 | val_loss: 0.6237 | LR: 0.000063
2025-08-21 04:19:00 INFO Epoch 034 | Train Loss: 0.4150 | Val Loss: 0.6209 | Dice: 0.4885 | softDice: 0.4281 | clDice: 0.5368 | softclDice: 0.5022 | IoU: 0.3243 | Tversky: 0.4885 | Hausdorff: 244.2714 | HD95: 33.7724 | val_loss: 0.6209 | LR: 0.000063
2025-08-21 04:20:37 INFO Epoch 035 | Train Loss: 0.4134 | Val Loss: 0.6214 | Dice: 0.4787 | softDice: 0.4211 | clDice: 0.5235 | softclDice: 0.5130 | IoU: 0.3157 | Tversky: 0.4787 | Hausdorff: 245.6276 | HD95: 36.6871 | val_loss: 0.6214 | LR: 0.000063
2025-08-21 04:22:16 INFO Epoch 036 | Train Loss: 0.4145 | Val Loss: 0.6223 | Dice: 0.4824 | softDice: 0.4252 | clDice: 0.5291 | softclDice: 0.5085 | IoU: 0.3190 | Tversky: 0.4824 | Hausdorff: 250.2394 | HD95: 37.9580 | val_loss: 0.6223 | LR: 0.000063
2025-08-21 04:23:52 INFO Epoch 037 | Train Loss: 0.4112 | Val Loss: 0.6226 | Dice: 0.4830 | softDice: 0.4241 | clDice: 0.5291 | softclDice: 0.5073 | IoU: 0.3195 | Tversky: 0.4830 | Hausdorff: 250.5500 | HD95: 35.0178 | val_loss: 0.6226 | LR: 0.000063
2025-08-21 04:25:32 INFO Epoch 038 | Train Loss: 0.4143 | Val Loss: 0.6223 | Dice: 0.4807 | softDice: 0.4236 | clDice: 0.5268 | softclDice: 0.5090 | IoU: 0.3175 | Tversky: 0.4807 | Hausdorff: 244.8693 | HD95: 38.0401 | val_loss: 0.6223 | LR: 0.000063
2025-08-21 04:27:11 INFO Epoch 039 | Train Loss: 0.4165 | Val Loss: 0.6235 | Dice: 0.4872 | softDice: 0.4274 | clDice: 0.5377 | softclDice: 0.5011 | IoU: 0.3231 | Tversky: 0.4872 | Hausdorff: 239.5395 | HD95: 33.0331 | val_loss: 0.6235 | LR: 0.000031
2025-08-21 04:28:50 INFO Epoch 040 | Train Loss: 0.4146 | Val Loss: 0.6237 | Dice: 0.4807 | softDice: 0.4239 | clDice: 0.5273 | softclDice: 0.5101 | IoU: 0.3175 | Tversky: 0.4807 | Hausdorff: 221.2728 | HD95: 36.5024 | val_loss: 0.6237 | LR: 0.000031
2025-08-21 04:30:28 INFO Epoch 041 | Train Loss: 0.4104 | Val Loss: 0.6244 | Dice: 0.4809 | softDice: 0.4246 | clDice: 0.5277 | softclDice: 0.5083 | IoU: 0.3177 | Tversky: 0.4809 | Hausdorff: 245.2817 | HD95: 35.0429 | val_loss: 0.6244 | LR: 0.000031
2025-08-21 04:32:05 INFO Epoch 042 | Train Loss: 0.4151 | Val Loss: 0.6232 | Dice: 0.4793 | softDice: 0.4220 | clDice: 0.5251 | softclDice: 0.5119 | IoU: 0.3163 | Tversky: 0.4793 | Hausdorff: 245.7217 | HD95: 34.4338 | val_loss: 0.6232 | LR: 0.000031
2025-08-21 04:33:43 INFO Early stopping at epoch 43 | Best Dice: 0.4909 at epoch 1
2025-08-21 04:34:31 INFO Fold 3 results: Dice: 0.4909 | softDice: 0.4299 | clDice: 0.5420 | softclDice: 0.4976 | IoU: 0.3263 | Tversky: 0.4909 | Hausdorff: 250.3485 | HD95: 32.0484 | val_loss: 0.6234
2025-08-21 04:34:31 INFO ===== Fold 4 / 5 =====
2025-08-21 04:34:31 INFO Loading model unet with settings {'name': 'unet', 'encoder_name': 'se_resnext50_32x4d', 'encoder_weights': 'imagenet', 'classes': 1, 'activation': None, 'dropout': 0.2}
2025-08-21 04:36:13 INFO Epoch 001 | Train Loss: 0.7447 | Val Loss: 0.6949 | Dice: 0.4197 | softDice: 0.2779 | clDice: 0.4744 | softclDice: 0.7632 | IoU: 0.2661 | Tversky: 0.4197 | Hausdorff: 644.0885 | HD95: 71.9350 | val_loss: 0.6949 | LR: 0.001000
2025-08-21 04:37:53 INFO Epoch 002 | Train Loss: 0.5119 | Val Loss: 0.6377 | Dice: 0.4417 | softDice: 0.3404 | clDice: 0.4816 | softclDice: 0.6148 | IoU: 0.2838 | Tversky: 0.4417 | Hausdorff: 232.4224 | HD95: 50.4624 | val_loss: 0.6377 | LR: 0.001000
2025-08-21 04:39:29 INFO Epoch 003 | Train Loss: 0.4738 | Val Loss: 0.6265 | Dice: 0.4288 | softDice: 0.3516 | clDice: 0.4576 | softclDice: 0.5989 | IoU: 0.2731 | Tversky: 0.4288 | Hausdorff: 247.6569 | HD95: 43.0488 | val_loss: 0.6265 | LR: 0.001000
2025-08-21 04:41:08 INFO Epoch 004 | Train Loss: 0.4604 | Val Loss: 0.6286 | Dice: 0.4587 | softDice: 0.3830 | clDice: 0.4969 | softclDice: 0.5571 | IoU: 0.2978 | Tversky: 0.4587 | Hausdorff: 221.9260 | HD95: 40.6837 | val_loss: 0.6286 | LR: 0.001000
2025-08-21 04:42:46 INFO Epoch 005 | Train Loss: 0.4538 | Val Loss: 0.6270 | Dice: 0.4757 | softDice: 0.3948 | clDice: 0.5238 | softclDice: 0.5327 | IoU: 0.3124 | Tversky: 0.4757 | Hausdorff: 204.0813 | HD95: 36.8702 | val_loss: 0.6270 | LR: 0.001000
2025-08-21 04:44:25 INFO Epoch 006 | Train Loss: 0.4524 | Val Loss: 0.6373 | Dice: 0.4800 | softDice: 0.3989 | clDice: 0.5353 | softclDice: 0.5240 | IoU: 0.3160 | Tversky: 0.4800 | Hausdorff: 228.3646 | HD95: 33.9648 | val_loss: 0.6373 | LR: 0.001000
2025-08-21 04:46:05 INFO Epoch 007 | Train Loss: 0.4467 | Val Loss: 0.6261 | Dice: 0.4786 | softDice: 0.4019 | clDice: 0.5206 | softclDice: 0.5333 | IoU: 0.3148 | Tversky: 0.4786 | Hausdorff: 219.8416 | HD95: 32.7604 | val_loss: 0.6261 | LR: 0.001000
2025-08-21 04:47:42 INFO Epoch 008 | Train Loss: 0.4453 | Val Loss: 0.6262 | Dice: 0.4645 | softDice: 0.3966 | clDice: 0.5044 | softclDice: 0.5409 | IoU: 0.3027 | Tversky: 0.4645 | Hausdorff: 218.5327 | HD95: 34.7865 | val_loss: 0.6262 | LR: 0.001000
2025-08-21 04:49:21 INFO Epoch 009 | Train Loss: 0.4434 | Val Loss: 0.6262 | Dice: 0.4751 | softDice: 0.4062 | clDice: 0.5203 | softclDice: 0.5267 | IoU: 0.3117 | Tversky: 0.4751 | Hausdorff: 238.1621 | HD95: 36.8853 | val_loss: 0.6262 | LR: 0.001000
2025-08-21 04:50:58 INFO Epoch 010 | Train Loss: 0.4411 | Val Loss: 0.6305 | Dice: 0.4768 | softDice: 0.4083 | clDice: 0.5244 | softclDice: 0.5180 | IoU: 0.3132 | Tversky: 0.4768 | Hausdorff: 212.6926 | HD95: 36.0379 | val_loss: 0.6305 | LR: 0.001000
2025-08-21 04:52:38 INFO Epoch 011 | Train Loss: 0.4418 | Val Loss: 0.6332 | Dice: 0.4805 | softDice: 0.4117 | clDice: 0.5303 | softclDice: 0.5176 | IoU: 0.3165 | Tversky: 0.4805 | Hausdorff: 242.8782 | HD95: 32.9996 | val_loss: 0.6332 | LR: 0.001000
2025-08-21 04:54:17 INFO Epoch 012 | Train Loss: 0.4425 | Val Loss: 0.6268 | Dice: 0.4810 | softDice: 0.4142 | clDice: 0.5284 | softclDice: 0.5182 | IoU: 0.3170 | Tversky: 0.4810 | Hausdorff: 225.1263 | HD95: 32.0045 | val_loss: 0.6268 | LR: 0.001000
2025-08-21 04:55:55 INFO Epoch 013 | Train Loss: 0.4361 | Val Loss: 0.6252 | Dice: 0.4686 | softDice: 0.4050 | clDice: 0.5092 | softclDice: 0.5280 | IoU: 0.3062 | Tversky: 0.4686 | Hausdorff: 213.4804 | HD95: 41.9375 | val_loss: 0.6252 | LR: 0.001000
2025-08-21 04:57:33 INFO Epoch 014 | Train Loss: 0.4407 | Val Loss: 0.6262 | Dice: 0.4840 | softDice: 0.4136 | clDice: 0.5311 | softclDice: 0.5174 | IoU: 0.3195 | Tversky: 0.4840 | Hausdorff: 229.0021 | HD95: 35.9802 | val_loss: 0.6262 | LR: 0.001000
2025-08-21 04:59:12 INFO Epoch 015 | Train Loss: 0.4379 | Val Loss: 0.6293 | Dice: 0.4765 | softDice: 0.4121 | clDice: 0.5216 | softclDice: 0.5202 | IoU: 0.3130 | Tversky: 0.4765 | Hausdorff: 228.5856 | HD95: 32.8657 | val_loss: 0.6293 | LR: 0.001000
2025-08-21 05:00:50 INFO Epoch 016 | Train Loss: 0.4322 | Val Loss: 0.6265 | Dice: 0.4757 | softDice: 0.4089 | clDice: 0.5215 | softclDice: 0.5191 | IoU: 0.3124 | Tversky: 0.4757 | Hausdorff: 199.4684 | HD95: 34.2037 | val_loss: 0.6265 | LR: 0.001000
2025-08-21 05:02:30 INFO Epoch 017 | Train Loss: 0.4363 | Val Loss: 0.6247 | Dice: 0.4834 | softDice: 0.4181 | clDice: 0.5294 | softclDice: 0.5106 | IoU: 0.3189 | Tversky: 0.4834 | Hausdorff: 217.1724 | HD95: 36.2097 | val_loss: 0.6247 | LR: 0.001000
2025-08-21 05:04:09 INFO Epoch 018 | Train Loss: 0.4345 | Val Loss: 0.6251 | Dice: 0.4813 | softDice: 0.4077 | clDice: 0.5265 | softclDice: 0.5189 | IoU: 0.3172 | Tversky: 0.4813 | Hausdorff: 220.3075 | HD95: 35.0417 | val_loss: 0.6251 | LR: 0.001000
2025-08-21 05:05:47 INFO Epoch 019 | Train Loss: 0.4355 | Val Loss: 0.6259 | Dice: 0.4831 | softDice: 0.4176 | clDice: 0.5295 | softclDice: 0.5113 | IoU: 0.3188 | Tversky: 0.4831 | Hausdorff: 197.6706 | HD95: 32.8356 | val_loss: 0.6259 | LR: 0.001000
2025-08-21 05:07:26 INFO Epoch 020 | Train Loss: 0.4357 | Val Loss: 0.6279 | Dice: 0.4895 | softDice: 0.4195 | clDice: 0.5368 | softclDice: 0.5085 | IoU: 0.3244 | Tversky: 0.4895 | Hausdorff: 210.0351 | HD95: 29.7074 | val_loss: 0.6279 | LR: 0.001000
2025-08-21 05:09:03 INFO Epoch 021 | Train Loss: 0.4308 | Val Loss: 0.6242 | Dice: 0.4734 | softDice: 0.4035 | clDice: 0.5132 | softclDice: 0.5286 | IoU: 0.3104 | Tversky: 0.4734 | Hausdorff: 236.3112 | HD95: 36.0038 | val_loss: 0.6242 | LR: 0.001000
2025-08-21 05:10:43 INFO Epoch 022 | Train Loss: 0.4349 | Val Loss: 0.6339 | Dice: 0.4743 | softDice: 0.4082 | clDice: 0.5169 | softclDice: 0.5250 | IoU: 0.3112 | Tversky: 0.4743 | Hausdorff: 203.3048 | HD95: 30.4078 | val_loss: 0.6339 | LR: 0.001000
2025-08-21 05:12:20 INFO Epoch 023 | Train Loss: 0.4283 | Val Loss: 0.6306 | Dice: 0.4792 | softDice: 0.4117 | clDice: 0.5262 | softclDice: 0.5148 | IoU: 0.3154 | Tversky: 0.4792 | Hausdorff: 244.1546 | HD95: 31.3178 | val_loss: 0.6306 | LR: 0.001000
2025-08-21 05:13:58 INFO Epoch 024 | Train Loss: 0.4324 | Val Loss: 0.6224 | Dice: 0.4745 | softDice: 0.4094 | clDice: 0.5168 | softclDice: 0.5231 | IoU: 0.3114 | Tversky: 0.4745 | Hausdorff: 232.3473 | HD95: 34.9929 | val_loss: 0.6224 | LR: 0.001000
2025-08-21 05:15:35 INFO Epoch 025 | Train Loss: 0.4250 | Val Loss: 0.6257 | Dice: 0.4772 | softDice: 0.4140 | clDice: 0.5169 | softclDice: 0.5222 | IoU: 0.3137 | Tversky: 0.4772 | Hausdorff: 214.4723 | HD95: 34.9542 | val_loss: 0.6257 | LR: 0.001000
2025-08-21 05:17:14 INFO Epoch 026 | Train Loss: 0.4291 | Val Loss: 0.6282 | Dice: 0.4827 | softDice: 0.4241 | clDice: 0.5321 | softclDice: 0.5042 | IoU: 0.3185 | Tversky: 0.4827 | Hausdorff: 234.2714 | HD95: 36.7583 | val_loss: 0.6282 | LR: 0.001000
2025-08-21 05:18:53 INFO Epoch 027 | Train Loss: 0.4289 | Val Loss: 0.6357 | Dice: 0.4705 | softDice: 0.4165 | clDice: 0.5111 | softclDice: 0.5227 | IoU: 0.3079 | Tversky: 0.4705 | Hausdorff: 225.7628 | HD95: 35.2161 | val_loss: 0.6357 | LR: 0.001000
2025-08-21 05:20:32 INFO Epoch 028 | Train Loss: 0.4277 | Val Loss: 0.6264 | Dice: 0.4774 | softDice: 0.4196 | clDice: 0.5227 | softclDice: 0.5127 | IoU: 0.3139 | Tversky: 0.4774 | Hausdorff: 218.4720 | HD95: 35.5283 | val_loss: 0.6264 | LR: 0.001000
2025-08-21 05:22:11 INFO Epoch 029 | Train Loss: 0.4265 | Val Loss: 0.6246 | Dice: 0.4847 | softDice: 0.4127 | clDice: 0.5314 | softclDice: 0.5142 | IoU: 0.3203 | Tversky: 0.4847 | Hausdorff: 218.8704 | HD95: 30.7239 | val_loss: 0.6246 | LR: 0.001000
2025-08-21 05:23:48 INFO Epoch 030 | Train Loss: 0.4297 | Val Loss: 0.6301 | Dice: 0.4923 | softDice: 0.4171 | clDice: 0.5407 | softclDice: 0.5061 | IoU: 0.3269 | Tversky: 0.4923 | Hausdorff: 223.4156 | HD95: 28.7590 | val_loss: 0.6301 | LR: 0.000500
2025-08-21 05:25:26 INFO Epoch 031 | Train Loss: 0.4228 | Val Loss: 0.6291 | Dice: 0.4855 | softDice: 0.4205 | clDice: 0.5341 | softclDice: 0.5071 | IoU: 0.3208 | Tversky: 0.4855 | Hausdorff: 233.7596 | HD95: 34.5710 | val_loss: 0.6291 | LR: 0.000500
2025-08-21 05:27:04 INFO Epoch 032 | Train Loss: 0.4246 | Val Loss: 0.6269 | Dice: 0.4778 | softDice: 0.4144 | clDice: 0.5191 | softclDice: 0.5238 | IoU: 0.3142 | Tversky: 0.4778 | Hausdorff: 197.4556 | HD95: 30.1527 | val_loss: 0.6269 | LR: 0.000500
2025-08-21 05:28:40 INFO Epoch 033 | Train Loss: 0.4179 | Val Loss: 0.6319 | Dice: 0.4776 | softDice: 0.4207 | clDice: 0.5202 | softclDice: 0.5156 | IoU: 0.3140 | Tversky: 0.4776 | Hausdorff: 213.4013 | HD95: 28.6792 | val_loss: 0.6319 | LR: 0.000500
2025-08-21 05:30:17 INFO Epoch 034 | Train Loss: 0.4199 | Val Loss: 0.6281 | Dice: 0.4864 | softDice: 0.4225 | clDice: 0.5337 | softclDice: 0.5055 | IoU: 0.3218 | Tversky: 0.4864 | Hausdorff: 204.0109 | HD95: 28.3168 | val_loss: 0.6281 | LR: 0.000500
2025-08-21 05:31:55 INFO Epoch 035 | Train Loss: 0.4191 | Val Loss: 0.6282 | Dice: 0.4851 | softDice: 0.4199 | clDice: 0.5316 | softclDice: 0.5071 | IoU: 0.3206 | Tversky: 0.4851 | Hausdorff: 226.0915 | HD95: 30.2366 | val_loss: 0.6282 | LR: 0.000500
2025-08-21 05:33:33 INFO Epoch 036 | Train Loss: 0.4214 | Val Loss: 0.6294 | Dice: 0.4652 | softDice: 0.4079 | clDice: 0.5022 | softclDice: 0.5324 | IoU: 0.3034 | Tversky: 0.4652 | Hausdorff: 205.0783 | HD95: 34.7569 | val_loss: 0.6294 | LR: 0.000250
2025-08-21 05:35:11 INFO Epoch 037 | Train Loss: 0.4174 | Val Loss: 0.6283 | Dice: 0.4822 | softDice: 0.4212 | clDice: 0.5253 | softclDice: 0.5111 | IoU: 0.3180 | Tversky: 0.4822 | Hausdorff: 227.8506 | HD95: 30.2097 | val_loss: 0.6283 | LR: 0.000250
2025-08-21 05:36:48 INFO Epoch 038 | Train Loss: 0.4139 | Val Loss: 0.6309 | Dice: 0.4785 | softDice: 0.4205 | clDice: 0.5184 | softclDice: 0.5149 | IoU: 0.3148 | Tversky: 0.4785 | Hausdorff: 215.4701 | HD95: 27.5383 | val_loss: 0.6309 | LR: 0.000250
2025-08-21 05:38:23 INFO Epoch 039 | Train Loss: 0.4116 | Val Loss: 0.6294 | Dice: 0.4738 | softDice: 0.4167 | clDice: 0.5130 | softclDice: 0.5192 | IoU: 0.3107 | Tversky: 0.4738 | Hausdorff: 202.4284 | HD95: 29.9380 | val_loss: 0.6294 | LR: 0.000250
2025-08-21 05:40:02 INFO Epoch 040 | Train Loss: 0.4113 | Val Loss: 0.6271 | Dice: 0.4758 | softDice: 0.4185 | clDice: 0.5173 | softclDice: 0.5159 | IoU: 0.3125 | Tversky: 0.4758 | Hausdorff: 222.5897 | HD95: 30.1401 | val_loss: 0.6271 | LR: 0.000250
2025-08-21 05:41:38 INFO Epoch 041 | Train Loss: 0.4107 | Val Loss: 0.6305 | Dice: 0.4802 | softDice: 0.4221 | clDice: 0.5240 | softclDice: 0.5113 | IoU: 0.3162 | Tversky: 0.4802 | Hausdorff: 224.9068 | HD95: 27.7272 | val_loss: 0.6305 | LR: 0.000250
2025-08-21 05:43:17 INFO Epoch 042 | Train Loss: 0.4127 | Val Loss: 0.6323 | Dice: 0.4776 | softDice: 0.4213 | clDice: 0.5203 | softclDice: 0.5136 | IoU: 0.3140 | Tversky: 0.4776 | Hausdorff: 224.0950 | HD95: 27.6395 | val_loss: 0.6323 | LR: 0.000125
2025-08-21 05:44:54 INFO Epoch 043 | Train Loss: 0.4089 | Val Loss: 0.6292 | Dice: 0.4792 | softDice: 0.4197 | clDice: 0.5211 | softclDice: 0.5156 | IoU: 0.3154 | Tversky: 0.4792 | Hausdorff: 223.1861 | HD95: 26.6808 | val_loss: 0.6292 | LR: 0.000125
2025-08-21 05:46:32 INFO Early stopping at epoch 44 | Best Dice: 0.4923 at epoch 1
2025-08-21 05:47:19 INFO Fold 4 results: Dice: 0.4827 | softDice: 0.4241 | clDice: 0.5321 | softclDice: 0.5042 | IoU: 0.3185 | Tversky: 0.4827 | Hausdorff: 234.2714 | HD95: 36.7583 | val_loss: 0.6282
2025-08-21 05:47:19 INFO ===== Fold 5 / 5 =====
2025-08-21 05:47:19 INFO Loading model unet with settings {'name': 'unet', 'encoder_name': 'se_resnext50_32x4d', 'encoder_weights': 'imagenet', 'classes': 1, 'activation': None, 'dropout': 0.2}
2025-08-21 05:48:57 INFO Epoch 001 | Train Loss: 0.7224 | Val Loss: 0.6522 | Dice: 0.4251 | softDice: 0.2713 | clDice: 0.4745 | softclDice: 0.7338 | IoU: 0.2701 | Tversky: 0.4251 | Hausdorff: 253.5262 | HD95: 65.3242 | val_loss: 0.6522 | LR: 0.001000
2025-08-21 05:50:36 INFO Epoch 002 | Train Loss: 0.5005 | Val Loss: 0.6267 | Dice: 0.4525 | softDice: 0.3461 | clDice: 0.4917 | softclDice: 0.6029 | IoU: 0.2928 | Tversky: 0.4525 | Hausdorff: 299.7489 | HD95: 52.8986 | val_loss: 0.6267 | LR: 0.001000
2025-08-21 05:52:13 INFO Epoch 003 | Train Loss: 0.4727 | Val Loss: 0.6289 | Dice: 0.4465 | softDice: 0.3579 | clDice: 0.4827 | softclDice: 0.5897 | IoU: 0.2877 | Tversky: 0.4465 | Hausdorff: 416.3140 | HD95: 48.8722 | val_loss: 0.6289 | LR: 0.001000
2025-08-21 05:53:52 INFO Epoch 004 | Train Loss: 0.4634 | Val Loss: 0.6207 | Dice: 0.4666 | softDice: 0.3994 | clDice: 0.5164 | softclDice: 0.5348 | IoU: 0.3046 | Tversky: 0.4666 | Hausdorff: 255.9646 | HD95: 46.4930 | val_loss: 0.6207 | LR: 0.001000
2025-08-21 05:55:29 INFO Epoch 005 | Train Loss: 0.4571 | Val Loss: 0.6163 | Dice: 0.4641 | softDice: 0.3940 | clDice: 0.5106 | softclDice: 0.5385 | IoU: 0.3025 | Tversky: 0.4641 | Hausdorff: 321.3884 | HD95: 50.5487 | val_loss: 0.6163 | LR: 0.001000
2025-08-21 05:57:05 INFO Epoch 006 | Train Loss: 0.4514 | Val Loss: 0.6172 | Dice: 0.4671 | softDice: 0.3951 | clDice: 0.5144 | softclDice: 0.5412 | IoU: 0.3050 | Tversky: 0.4671 | Hausdorff: 194.5497 | HD95: 51.3709 | val_loss: 0.6172 | LR: 0.001000
2025-08-21 05:58:40 INFO Epoch 007 | Train Loss: 0.4493 | Val Loss: 0.6187 | Dice: 0.4495 | softDice: 0.3910 | clDice: 0.4879 | softclDice: 0.5521 | IoU: 0.2903 | Tversky: 0.4495 | Hausdorff: 227.1759 | HD95: 46.0826 | val_loss: 0.6187 | LR: 0.001000
2025-08-21 06:00:16 INFO Epoch 008 | Train Loss: 0.4487 | Val Loss: 0.6171 | Dice: 0.4757 | softDice: 0.4020 | clDice: 0.5257 | softclDice: 0.5310 | IoU: 0.3124 | Tversky: 0.4757 | Hausdorff: 209.5441 | HD95: 40.3781 | val_loss: 0.6171 | LR: 0.001000
2025-08-21 06:01:52 INFO Epoch 009 | Train Loss: 0.4463 | Val Loss: 0.6219 | Dice: 0.4857 | softDice: 0.4162 | clDice: 0.5426 | softclDice: 0.5140 | IoU: 0.3211 | Tversky: 0.4857 | Hausdorff: 228.9924 | HD95: 38.3935 | val_loss: 0.6219 | LR: 0.001000
2025-08-21 06:03:29 INFO Epoch 010 | Train Loss: 0.4427 | Val Loss: 0.6159 | Dice: 0.4866 | softDice: 0.4229 | clDice: 0.5399 | softclDice: 0.5060 | IoU: 0.3219 | Tversky: 0.4866 | Hausdorff: 188.6231 | HD95: 32.8456 | val_loss: 0.6159 | LR: 0.001000
2025-08-21 06:05:05 INFO Epoch 011 | Train Loss: 0.4443 | Val Loss: 0.6139 | Dice: 0.4761 | softDice: 0.4060 | clDice: 0.5251 | softclDice: 0.5249 | IoU: 0.3127 | Tversky: 0.4761 | Hausdorff: 220.1512 | HD95: 37.8311 | val_loss: 0.6139 | LR: 0.001000
2025-08-21 06:06:40 INFO Epoch 012 | Train Loss: 0.4399 | Val Loss: 0.6102 | Dice: 0.4750 | softDice: 0.4054 | clDice: 0.5255 | softclDice: 0.5199 | IoU: 0.3118 | Tversky: 0.4750 | Hausdorff: 212.9082 | HD95: 43.5138 | val_loss: 0.6102 | LR: 0.001000
2025-08-21 06:08:15 INFO Epoch 013 | Train Loss: 0.4426 | Val Loss: 0.6116 | Dice: 0.4693 | softDice: 0.4061 | clDice: 0.5177 | softclDice: 0.5259 | IoU: 0.3070 | Tversky: 0.4693 | Hausdorff: 222.4695 | HD95: 45.7778 | val_loss: 0.6116 | LR: 0.001000
2025-08-21 06:09:51 INFO Epoch 014 | Train Loss: 0.4390 | Val Loss: 0.6132 | Dice: 0.4848 | softDice: 0.4166 | clDice: 0.5420 | softclDice: 0.5051 | IoU: 0.3203 | Tversky: 0.4848 | Hausdorff: 190.7900 | HD95: 37.8472 | val_loss: 0.6132 | LR: 0.001000
2025-08-21 06:11:27 INFO Epoch 015 | Train Loss: 0.4350 | Val Loss: 0.6190 | Dice: 0.4773 | softDice: 0.4206 | clDice: 0.5272 | softclDice: 0.5096 | IoU: 0.3138 | Tversky: 0.4773 | Hausdorff: 217.1418 | HD95: 42.0881 | val_loss: 0.6190 | LR: 0.001000
2025-08-21 06:13:03 INFO Epoch 016 | Train Loss: 0.4373 | Val Loss: 0.6099 | Dice: 0.4824 | softDice: 0.4119 | clDice: 0.5330 | softclDice: 0.5147 | IoU: 0.3183 | Tversky: 0.4824 | Hausdorff: 205.1016 | HD95: 33.8653 | val_loss: 0.6099 | LR: 0.001000
2025-08-21 06:14:39 INFO Epoch 017 | Train Loss: 0.4362 | Val Loss: 0.6169 | Dice: 0.4672 | softDice: 0.4098 | clDice: 0.5149 | softclDice: 0.5231 | IoU: 0.3053 | Tversky: 0.4672 | Hausdorff: 211.8318 | HD95: 43.0366 | val_loss: 0.6169 | LR: 0.001000
2025-08-21 06:16:14 INFO Epoch 018 | Train Loss: 0.4353 | Val Loss: 0.6139 | Dice: 0.4737 | softDice: 0.4109 | clDice: 0.5207 | softclDice: 0.5192 | IoU: 0.3108 | Tversky: 0.4737 | Hausdorff: 223.5840 | HD95: 38.4581 | val_loss: 0.6139 | LR: 0.001000
2025-08-21 06:17:49 INFO Epoch 019 | Train Loss: 0.4369 | Val Loss: 0.6158 | Dice: 0.4752 | softDice: 0.4117 | clDice: 0.5274 | softclDice: 0.5125 | IoU: 0.3120 | Tversky: 0.4752 | Hausdorff: 221.2729 | HD95: 41.0642 | val_loss: 0.6158 | LR: 0.001000
2025-08-21 06:19:25 INFO Epoch 020 | Train Loss: 0.4360 | Val Loss: 0.6129 | Dice: 0.4858 | softDice: 0.4212 | clDice: 0.5354 | softclDice: 0.5055 | IoU: 0.3212 | Tversky: 0.4858 | Hausdorff: 231.2784 | HD95: 35.4507 | val_loss: 0.6129 | LR: 0.001000
2025-08-21 06:21:01 INFO Epoch 021 | Train Loss: 0.4355 | Val Loss: 0.6223 | Dice: 0.4786 | softDice: 0.4172 | clDice: 0.5293 | softclDice: 0.5148 | IoU: 0.3149 | Tversky: 0.4786 | Hausdorff: 216.0271 | HD95: 36.0700 | val_loss: 0.6223 | LR: 0.001000
2025-08-21 06:22:37 INFO Epoch 022 | Train Loss: 0.4337 | Val Loss: 0.6119 | Dice: 0.4645 | softDice: 0.4049 | clDice: 0.5085 | softclDice: 0.5306 | IoU: 0.3029 | Tversky: 0.4645 | Hausdorff: 201.4560 | HD95: 47.1138 | val_loss: 0.6119 | LR: 0.000500
2025-08-21 06:24:11 INFO Epoch 023 | Train Loss: 0.4337 | Val Loss: 0.6113 | Dice: 0.4806 | softDice: 0.4158 | clDice: 0.5299 | softclDice: 0.5121 | IoU: 0.3167 | Tversky: 0.4806 | Hausdorff: 224.2676 | HD95: 35.7024 | val_loss: 0.6113 | LR: 0.000500
2025-08-21 06:25:48 INFO Epoch 024 | Train Loss: 0.4284 | Val Loss: 0.6142 | Dice: 0.4799 | softDice: 0.4207 | clDice: 0.5284 | softclDice: 0.5088 | IoU: 0.3162 | Tversky: 0.4799 | Hausdorff: 206.7919 | HD95: 37.0722 | val_loss: 0.6142 | LR: 0.000500
2025-08-21 06:27:24 INFO Epoch 025 | Train Loss: 0.4271 | Val Loss: 0.6121 | Dice: 0.4766 | softDice: 0.4109 | clDice: 0.5231 | softclDice: 0.5174 | IoU: 0.3133 | Tversky: 0.4766 | Hausdorff: 208.0388 | HD95: 35.0498 | val_loss: 0.6121 | LR: 0.000500
2025-08-21 06:28:59 INFO Epoch 026 | Train Loss: 0.4276 | Val Loss: 0.6129 | Dice: 0.4830 | softDice: 0.4239 | clDice: 0.5330 | softclDice: 0.5060 | IoU: 0.3188 | Tversky: 0.4830 | Hausdorff: 208.6360 | HD95: 35.5163 | val_loss: 0.6129 | LR: 0.000500
2025-08-21 06:30:36 INFO Epoch 027 | Train Loss: 0.4269 | Val Loss: 0.6126 | Dice: 0.4885 | softDice: 0.4263 | clDice: 0.5433 | softclDice: 0.4970 | IoU: 0.3236 | Tversky: 0.4885 | Hausdorff: 204.2626 | HD95: 34.4341 | val_loss: 0.6126 | LR: 0.000500
2025-08-21 06:32:11 INFO Epoch 028 | Train Loss: 0.4232 | Val Loss: 0.6130 | Dice: 0.4805 | softDice: 0.4188 | clDice: 0.5309 | softclDice: 0.5076 | IoU: 0.3166 | Tversky: 0.4805 | Hausdorff: 205.0015 | HD95: 35.7196 | val_loss: 0.6130 | LR: 0.000250
2025-08-21 06:33:46 INFO Epoch 029 | Train Loss: 0.4243 | Val Loss: 0.6125 | Dice: 0.4857 | softDice: 0.4258 | clDice: 0.5358 | softclDice: 0.5029 | IoU: 0.3211 | Tversky: 0.4857 | Hausdorff: 195.9109 | HD95: 35.2081 | val_loss: 0.6125 | LR: 0.000250
2025-08-21 06:35:21 INFO Epoch 030 | Train Loss: 0.4227 | Val Loss: 0.6125 | Dice: 0.4824 | softDice: 0.4236 | clDice: 0.5343 | softclDice: 0.5037 | IoU: 0.3183 | Tversky: 0.4824 | Hausdorff: 211.2742 | HD95: 38.9437 | val_loss: 0.6125 | LR: 0.000250
2025-08-21 06:36:54 INFO Epoch 031 | Train Loss: 0.4176 | Val Loss: 0.6152 | Dice: 0.4869 | softDice: 0.4292 | clDice: 0.5383 | softclDice: 0.4983 | IoU: 0.3222 | Tversky: 0.4869 | Hausdorff: 218.0152 | HD95: 33.5997 | val_loss: 0.6152 | LR: 0.000250
2025-08-21 06:38:31 INFO Epoch 032 | Train Loss: 0.4215 | Val Loss: 0.6109 | Dice: 0.4795 | softDice: 0.4213 | clDice: 0.5276 | softclDice: 0.5100 | IoU: 0.3158 | Tversky: 0.4795 | Hausdorff: 220.4553 | HD95: 38.7667 | val_loss: 0.6109 | LR: 0.000250
2025-08-21 06:40:06 INFO Epoch 033 | Train Loss: 0.4207 | Val Loss: 0.6151 | Dice: 0.4847 | softDice: 0.4241 | clDice: 0.5365 | softclDice: 0.5034 | IoU: 0.3202 | Tversky: 0.4847 | Hausdorff: 201.3902 | HD95: 32.8426 | val_loss: 0.6151 | LR: 0.000250
2025-08-21 06:41:42 INFO Epoch 034 | Train Loss: 0.4223 | Val Loss: 0.6139 | Dice: 0.4785 | softDice: 0.4214 | clDice: 0.5245 | softclDice: 0.5120 | IoU: 0.3148 | Tversky: 0.4785 | Hausdorff: 192.7635 | HD95: 35.0433 | val_loss: 0.6139 | LR: 0.000125
2025-08-21 06:43:18 INFO Epoch 035 | Train Loss: 0.4192 | Val Loss: 0.6146 | Dice: 0.4774 | softDice: 0.4207 | clDice: 0.5230 | softclDice: 0.5129 | IoU: 0.3139 | Tversky: 0.4774 | Hausdorff: 208.0035 | HD95: 37.1208 | val_loss: 0.6146 | LR: 0.000125
2025-08-21 06:44:52 INFO Early stopping at epoch 36 | Best Dice: 0.4885 at epoch 1
2025-08-21 06:45:39 INFO Fold 5 results: Dice: 0.4885 | softDice: 0.4263 | clDice: 0.5433 | softclDice: 0.4970 | IoU: 0.3236 | Tversky: 0.4885 | Hausdorff: 204.2626 | HD95: 34.4341 | val_loss: 0.6126
2025-08-21 06:45:39 INFO ===== Cross-validation results =====
2025-08-21 06:45:39 INFO Dice: 0.4859 | softDice: 0.4247 | clDice: 0.5349 | softclDice: 0.5054 | IoU: 0.3215 | Tversky: 0.4859 | Hausdorff: 240.9148 | HD95: 32.6402 | val_loss: 0.6194
