2025-08-21 01:04:58 INFO Starting training with configuration: {'model': {'name': 'unet', 'encoder_name': 'se_resnext50_32x4d', 'encoder_weights': 'imagenet', 'classes': 1, 'activation': None, 'dropout': 0.2}, 'dataset': {'root': '/data/smadper@alumno.upv.es/TFM/datasets/laticifers', 'patch_size': [512, 512], 'stride': [256, 256], 'num_patches': 50, 'num_workers': 4, 'feature_dirs': {'image': '/data/smadper@alumno.upv.es/TFM/datasets/laticifers/enhanced_images', 'mask': '/data/smadper@alumno.upv.es/TFM/datasets/laticifers/masks', 'distance': '/data/smadper@alumno.upv.es/TFM/datasets/laticifers/distance_maps_pt'}}, 'train': {'batch_size': 32, 'num_epochs': 70, 'learning_rate': 0.001, 'accumulation_steps': 1, 'save_dir': '/data/smadper@alumno.upv.es/TFM/checkpoints_cv2/unet/20250821_010458_unet_se_resnext50_32x4d_dice_cldice0.3', 'log_interval': 1, 'patience': 20, 'mixed_precision': True, 'experiment_name': 'unet_se_resnext50_32x4d_dice_cldice0.3', 'timestamp': '20250821_010458'}, 'test': {'batch_size': 1}, 'loss': {'name': 'dice_cldice', 'cldice_alpha': 0.3, 'tversky_alpha': 0.3, 'tversky_beta': 0.7, 'focal_tversky_gamma': 0.75, 'use_topographic': False, 'combine_with': None, 'weights': {'main': 1.0, 'combined': 0.0}, 'topo': {'alpha': 2.0, 'beta': 1.0}}}
2025-08-21 01:04:58 INFO Experiment name: unet_se_resnext50_32x4d_dice_cldice0.3
2025-08-21 01:04:58 INFO ===== Fold 1 / 5 =====
2025-08-21 01:04:58 INFO Loading model unet with settings {'name': 'unet', 'encoder_name': 'se_resnext50_32x4d', 'encoder_weights': 'imagenet', 'classes': 1, 'activation': None, 'dropout': 0.2}
2025-08-21 01:08:32 INFO Epoch 001 | Train Loss: 0.7630 | Val Loss: 1.0000 | Dice: 0.2755 | softDice: 0.1791 | clDice: 0.3930 | softclDice: 0.5963 | IoU: 0.1601 | Tversky: 0.2755 | Hausdorff: 787.3783 | HD95: 165.9471 | val_loss: 1.0000 | LR: 0.001000
2025-08-21 01:11:54 INFO Epoch 002 | Train Loss: 0.6284 | Val Loss: 1.0000 | Dice: 0.4129 | softDice: 0.3262 | clDice: 0.4695 | softclDice: 0.5508 | IoU: 0.2603 | Tversky: 0.4129 | Hausdorff: 611.9440 | HD95: 73.2536 | val_loss: 1.0000 | LR: 0.001000
2025-08-21 01:15:15 INFO Epoch 003 | Train Loss: 0.5723 | Val Loss: 0.8773 | Dice: 0.4121 | softDice: 0.3959 | clDice: 0.4833 | softclDice: 0.5222 | IoU: 0.2596 | Tversky: 0.4121 | Hausdorff: 611.3848 | HD95: 78.9641 | val_loss: 0.8773 | LR: 0.001000
2025-08-21 01:18:43 INFO Epoch 004 | Train Loss: 0.5619 | Val Loss: 0.8360 | Dice: 0.3676 | softDice: 0.3646 | clDice: 0.4699 | softclDice: 0.4812 | IoU: 0.2253 | Tversky: 0.3676 | Hausdorff: 531.9558 | HD95: 93.2084 | val_loss: 0.8360 | LR: 0.001000
2025-08-21 01:22:06 INFO Epoch 005 | Train Loss: 0.6105 | Val Loss: 0.8660 | Dice: 0.3713 | softDice: 0.3622 | clDice: 0.4508 | softclDice: 0.5669 | IoU: 0.2281 | Tversky: 0.3713 | Hausdorff: 733.1036 | HD95: 97.5452 | val_loss: 0.8660 | LR: 0.001000
2025-08-21 01:25:30 INFO Epoch 006 | Train Loss: 0.5802 | Val Loss: 0.8693 | Dice: 0.3974 | softDice: 0.3936 | clDice: 0.4746 | softclDice: 0.5669 | IoU: 0.2480 | Tversky: 0.3974 | Hausdorff: 683.1203 | HD95: 85.7574 | val_loss: 0.8693 | LR: 0.001000
2025-08-21 01:28:51 INFO Epoch 007 | Train Loss: 0.5995 | Val Loss: 0.8566 | Dice: 0.3779 | softDice: 0.3695 | clDice: 0.4614 | softclDice: 0.5237 | IoU: 0.2333 | Tversky: 0.3779 | Hausdorff: 299.7595 | HD95: 100.7519 | val_loss: 0.8566 | LR: 0.001000
2025-08-21 01:32:14 INFO Epoch 008 | Train Loss: 0.6196 | Val Loss: 0.8577 | Dice: 0.3306 | softDice: 0.3295 | clDice: 0.4197 | softclDice: 0.5529 | IoU: 0.1983 | Tversky: 0.3306 | Hausdorff: 440.5826 | HD95: 112.7547 | val_loss: 0.8577 | LR: 0.001000
2025-08-21 01:35:39 INFO Epoch 009 | Train Loss: 0.6452 | Val Loss: 0.8968 | Dice: 0.2434 | softDice: 0.2443 | clDice: 0.2938 | softclDice: 0.6058 | IoU: 0.1388 | Tversky: 0.2434 | Hausdorff: 788.0522 | HD95: 332.3446 | val_loss: 0.8968 | LR: 0.001000
2025-08-21 01:38:59 INFO Epoch 010 | Train Loss: 0.6159 | Val Loss: 0.8891 | Dice: 0.3379 | softDice: 0.3355 | clDice: 0.4271 | softclDice: 0.5114 | IoU: 0.2034 | Tversky: 0.3379 | Hausdorff: 726.4058 | HD95: 110.5096 | val_loss: 0.8891 | LR: 0.000500
2025-08-21 01:42:23 INFO Epoch 011 | Train Loss: 0.5922 | Val Loss: 0.8408 | Dice: 0.3188 | softDice: 0.3210 | clDice: 0.4275 | softclDice: 0.5242 | IoU: 0.1898 | Tversky: 0.3188 | Hausdorff: 690.8275 | HD95: 138.7436 | val_loss: 0.8408 | LR: 0.000500
2025-08-21 01:45:47 INFO Epoch 012 | Train Loss: 0.6191 | Val Loss: 0.8439 | Dice: 0.3586 | softDice: 0.3562 | clDice: 0.4584 | softclDice: 0.4883 | IoU: 0.2186 | Tversky: 0.3586 | Hausdorff: 460.8381 | HD95: 102.1436 | val_loss: 0.8439 | LR: 0.000500
2025-08-21 01:49:04 INFO Epoch 013 | Train Loss: 0.5830 | Val Loss: 0.8387 | Dice: 0.3823 | softDice: 0.3797 | clDice: 0.4834 | softclDice: 0.4747 | IoU: 0.2364 | Tversky: 0.3823 | Hausdorff: 413.9315 | HD95: 89.8295 | val_loss: 0.8387 | LR: 0.000500
2025-08-21 01:52:23 INFO Epoch 014 | Train Loss: 0.5754 | Val Loss: 0.8379 | Dice: 0.3976 | softDice: 0.3924 | clDice: 0.4956 | softclDice: 0.4707 | IoU: 0.2482 | Tversky: 0.3976 | Hausdorff: 407.9006 | HD95: 81.6454 | val_loss: 0.8379 | LR: 0.000500
2025-08-21 01:55:43 INFO Epoch 015 | Train Loss: 0.5592 | Val Loss: 0.8851 | Dice: 0.4100 | softDice: 0.4063 | clDice: 0.4981 | softclDice: 0.4751 | IoU: 0.2579 | Tversky: 0.4100 | Hausdorff: 421.3781 | HD95: 80.4905 | val_loss: 0.8851 | LR: 0.000500
2025-08-21 01:59:02 INFO Epoch 016 | Train Loss: 0.5546 | Val Loss: 0.9095 | Dice: 0.4139 | softDice: 0.4097 | clDice: 0.5014 | softclDice: 0.4704 | IoU: 0.2610 | Tversky: 0.4139 | Hausdorff: 397.7314 | HD95: 73.8667 | val_loss: 0.9095 | LR: 0.000250
2025-08-21 02:02:26 INFO Epoch 017 | Train Loss: 0.5479 | Val Loss: 0.8351 | Dice: 0.4159 | softDice: 0.4123 | clDice: 0.5138 | softclDice: 0.4598 | IoU: 0.2626 | Tversky: 0.4159 | Hausdorff: 404.4104 | HD95: 72.6291 | val_loss: 0.8351 | LR: 0.000250
2025-08-21 02:05:44 INFO Epoch 018 | Train Loss: 0.5436 | Val Loss: 0.8591 | Dice: 0.4201 | softDice: 0.4163 | clDice: 0.5162 | softclDice: 0.4590 | IoU: 0.2660 | Tversky: 0.4201 | Hausdorff: 271.3377 | HD95: 71.0024 | val_loss: 0.8591 | LR: 0.000250
2025-08-21 02:09:07 INFO Epoch 019 | Train Loss: 0.5406 | Val Loss: 0.8809 | Dice: 0.4182 | softDice: 0.4168 | clDice: 0.5119 | softclDice: 0.4557 | IoU: 0.2645 | Tversky: 0.4182 | Hausdorff: 428.0355 | HD95: 77.1291 | val_loss: 0.8809 | LR: 0.000250
2025-08-21 02:12:27 INFO Epoch 020 | Train Loss: 0.5362 | Val Loss: 0.8774 | Dice: 0.4147 | softDice: 0.4155 | clDice: 0.5137 | softclDice: 0.4428 | IoU: 0.2616 | Tversky: 0.4147 | Hausdorff: 409.6302 | HD95: 78.6641 | val_loss: 0.8774 | LR: 0.000250
2025-08-21 02:15:45 INFO Epoch 021 | Train Loss: 0.5368 | Val Loss: 0.8321 | Dice: 0.4261 | softDice: 0.4228 | clDice: 0.5271 | softclDice: 0.4490 | IoU: 0.2708 | Tversky: 0.4261 | Hausdorff: 406.8653 | HD95: 71.3785 | val_loss: 0.8321 | LR: 0.000250
2025-08-21 02:19:07 INFO Epoch 022 | Train Loss: 0.5386 | Val Loss: 0.8246 | Dice: 0.4184 | softDice: 0.4177 | clDice: 0.5309 | softclDice: 0.4284 | IoU: 0.2646 | Tversky: 0.4184 | Hausdorff: 406.5400 | HD95: 72.9776 | val_loss: 0.8246 | LR: 0.000250
2025-08-21 02:22:25 INFO Epoch 023 | Train Loss: 0.5334 | Val Loss: 0.8283 | Dice: 0.4140 | softDice: 0.4163 | clDice: 0.5177 | softclDice: 0.4405 | IoU: 0.2611 | Tversky: 0.4140 | Hausdorff: 503.9385 | HD95: 81.6034 | val_loss: 0.8283 | LR: 0.000250
2025-08-21 02:25:47 INFO Epoch 024 | Train Loss: 0.5343 | Val Loss: 0.8254 | Dice: 0.4124 | softDice: 0.4134 | clDice: 0.5236 | softclDice: 0.4360 | IoU: 0.2598 | Tversky: 0.4124 | Hausdorff: 415.1427 | HD95: 76.9107 | val_loss: 0.8254 | LR: 0.000250
2025-08-21 02:29:07 INFO Epoch 025 | Train Loss: 0.5339 | Val Loss: 0.8292 | Dice: 0.4255 | softDice: 0.4233 | clDice: 0.5247 | softclDice: 0.4413 | IoU: 0.2703 | Tversky: 0.4255 | Hausdorff: 272.7213 | HD95: 71.1944 | val_loss: 0.8292 | LR: 0.000250
2025-08-21 02:32:27 INFO Epoch 026 | Train Loss: 0.5327 | Val Loss: 0.8281 | Dice: 0.4150 | softDice: 0.4144 | clDice: 0.5222 | softclDice: 0.4451 | IoU: 0.2618 | Tversky: 0.4150 | Hausdorff: 408.6143 | HD95: 72.9716 | val_loss: 0.8281 | LR: 0.000250
2025-08-21 02:35:48 INFO Epoch 027 | Train Loss: 0.5333 | Val Loss: 0.8807 | Dice: 0.4348 | softDice: 0.4301 | clDice: 0.5307 | softclDice: 0.4533 | IoU: 0.2778 | Tversky: 0.4348 | Hausdorff: 407.0840 | HD95: 67.9172 | val_loss: 0.8807 | LR: 0.000250
2025-08-21 02:39:06 INFO Epoch 028 | Train Loss: 0.5284 | Val Loss: 0.8251 | Dice: 0.4189 | softDice: 0.4190 | clDice: 0.5258 | softclDice: 0.4301 | IoU: 0.2650 | Tversky: 0.4189 | Hausdorff: 405.7629 | HD95: 69.7933 | val_loss: 0.8251 | LR: 0.000125
2025-08-21 02:42:27 INFO Epoch 029 | Train Loss: 0.5235 | Val Loss: 0.8244 | Dice: 0.4260 | softDice: 0.4246 | clDice: 0.5350 | softclDice: 0.4276 | IoU: 0.2707 | Tversky: 0.4260 | Hausdorff: 406.1417 | HD95: 65.2590 | val_loss: 0.8244 | LR: 0.000125
2025-08-21 02:45:47 INFO Epoch 030 | Train Loss: 0.5241 | Val Loss: 0.8241 | Dice: 0.4327 | softDice: 0.4303 | clDice: 0.5421 | softclDice: 0.4242 | IoU: 0.2761 | Tversky: 0.4327 | Hausdorff: 405.2820 | HD95: 65.1038 | val_loss: 0.8241 | LR: 0.000125
2025-08-21 02:49:06 INFO Epoch 031 | Train Loss: 0.5202 | Val Loss: 0.8259 | Dice: 0.4340 | softDice: 0.4323 | clDice: 0.5376 | softclDice: 0.4324 | IoU: 0.2772 | Tversky: 0.4340 | Hausdorff: 406.2693 | HD95: 63.2683 | val_loss: 0.8259 | LR: 0.000125
2025-08-21 02:52:28 INFO Epoch 032 | Train Loss: 0.5171 | Val Loss: 0.8230 | Dice: 0.4343 | softDice: 0.4328 | clDice: 0.5455 | softclDice: 0.4223 | IoU: 0.2774 | Tversky: 0.4343 | Hausdorff: 406.0531 | HD95: 63.5696 | val_loss: 0.8230 | LR: 0.000125
2025-08-21 02:55:48 INFO Epoch 033 | Train Loss: 0.5214 | Val Loss: 0.8218 | Dice: 0.4272 | softDice: 0.4274 | clDice: 0.5357 | softclDice: 0.4207 | IoU: 0.2717 | Tversky: 0.4272 | Hausdorff: 405.9593 | HD95: 68.0355 | val_loss: 0.8218 | LR: 0.000125
2025-08-21 02:59:09 INFO Epoch 034 | Train Loss: 0.5175 | Val Loss: 0.8229 | Dice: 0.4329 | softDice: 0.4317 | clDice: 0.5429 | softclDice: 0.4225 | IoU: 0.2763 | Tversky: 0.4329 | Hausdorff: 406.0828 | HD95: 63.5406 | val_loss: 0.8229 | LR: 0.000125
2025-08-21 03:02:31 INFO Epoch 035 | Train Loss: 0.5171 | Val Loss: 0.8204 | Dice: 0.4317 | softDice: 0.4303 | clDice: 0.5523 | softclDice: 0.4182 | IoU: 0.2753 | Tversky: 0.4317 | Hausdorff: 272.5781 | HD95: 62.2345 | val_loss: 0.8204 | LR: 0.000125
2025-08-21 03:05:52 INFO Epoch 036 | Train Loss: 0.5175 | Val Loss: 0.8721 | Dice: 0.4356 | softDice: 0.4342 | clDice: 0.5429 | softclDice: 0.4250 | IoU: 0.2785 | Tversky: 0.4356 | Hausdorff: 412.4433 | HD95: 65.2375 | val_loss: 0.8721 | LR: 0.000125
2025-08-21 03:09:13 INFO Epoch 037 | Train Loss: 0.5221 | Val Loss: 0.8210 | Dice: 0.4260 | softDice: 0.4266 | clDice: 0.5373 | softclDice: 0.4223 | IoU: 0.2707 | Tversky: 0.4260 | Hausdorff: 431.5621 | HD95: 71.3089 | val_loss: 0.8210 | LR: 0.000125
2025-08-21 03:12:32 INFO Epoch 038 | Train Loss: 0.5207 | Val Loss: 0.8217 | Dice: 0.4293 | softDice: 0.4284 | clDice: 0.5417 | softclDice: 0.4246 | IoU: 0.2734 | Tversky: 0.4293 | Hausdorff: 435.6508 | HD95: 67.2317 | val_loss: 0.8217 | LR: 0.000125
2025-08-21 03:15:58 INFO Epoch 039 | Train Loss: 0.5193 | Val Loss: 0.8157 | Dice: 0.4211 | softDice: 0.4223 | clDice: 0.5446 | softclDice: 0.4093 | IoU: 0.2667 | Tversky: 0.4211 | Hausdorff: 412.6820 | HD95: 71.1480 | val_loss: 0.8157 | LR: 0.000125
2025-08-21 03:19:19 INFO Epoch 040 | Train Loss: 0.5162 | Val Loss: 0.8252 | Dice: 0.4289 | softDice: 0.4258 | clDice: 0.5364 | softclDice: 0.4333 | IoU: 0.2730 | Tversky: 0.4289 | Hausdorff: 397.9373 | HD95: 68.8071 | val_loss: 0.8252 | LR: 0.000125
2025-08-21 03:22:40 INFO Epoch 041 | Train Loss: 0.5194 | Val Loss: 0.8186 | Dice: 0.4187 | softDice: 0.4209 | clDice: 0.5376 | softclDice: 0.4208 | IoU: 0.2648 | Tversky: 0.4187 | Hausdorff: 541.6097 | HD95: 79.1408 | val_loss: 0.8186 | LR: 0.000125
2025-08-21 03:26:02 INFO Epoch 042 | Train Loss: 0.5251 | Val Loss: 0.8220 | Dice: 0.4173 | softDice: 0.4172 | clDice: 0.5354 | softclDice: 0.4408 | IoU: 0.2637 | Tversky: 0.4173 | Hausdorff: 546.0335 | HD95: 80.9096 | val_loss: 0.8220 | LR: 0.000125
2025-08-21 03:29:20 INFO Epoch 043 | Train Loss: 0.5307 | Val Loss: 0.8241 | Dice: 0.4253 | softDice: 0.4262 | clDice: 0.5345 | softclDice: 0.4267 | IoU: 0.2701 | Tversky: 0.4253 | Hausdorff: 441.2660 | HD95: 75.6631 | val_loss: 0.8241 | LR: 0.000125
2025-08-21 03:32:40 INFO Epoch 044 | Train Loss: 0.5236 | Val Loss: 0.8222 | Dice: 0.4342 | softDice: 0.4318 | clDice: 0.5446 | softclDice: 0.4253 | IoU: 0.2774 | Tversky: 0.4342 | Hausdorff: 410.5707 | HD95: 62.3585 | val_loss: 0.8222 | LR: 0.000125
2025-08-21 03:36:01 INFO Epoch 045 | Train Loss: 0.5239 | Val Loss: 0.8241 | Dice: 0.4338 | softDice: 0.4312 | clDice: 0.5446 | softclDice: 0.4284 | IoU: 0.2770 | Tversky: 0.4338 | Hausdorff: 409.6160 | HD95: 73.9071 | val_loss: 0.8241 | LR: 0.000063
2025-08-21 03:39:19 INFO Epoch 046 | Train Loss: 0.5180 | Val Loss: 0.8240 | Dice: 0.4381 | softDice: 0.4345 | clDice: 0.5474 | softclDice: 0.4292 | IoU: 0.2805 | Tversky: 0.4381 | Hausdorff: 409.2817 | HD95: 73.2901 | val_loss: 0.8240 | LR: 0.000063
2025-08-21 03:42:39 INFO Epoch 047 | Train Loss: 0.5139 | Val Loss: 0.8200 | Dice: 0.4291 | softDice: 0.4284 | clDice: 0.5377 | softclDice: 0.4252 | IoU: 0.2732 | Tversky: 0.4291 | Hausdorff: 417.0511 | HD95: 68.2891 | val_loss: 0.8200 | LR: 0.000063
2025-08-21 03:45:58 INFO Epoch 048 | Train Loss: 0.5172 | Val Loss: 0.8228 | Dice: 0.4269 | softDice: 0.4276 | clDice: 0.5318 | softclDice: 0.4278 | IoU: 0.2714 | Tversky: 0.4269 | Hausdorff: 416.2658 | HD95: 70.9102 | val_loss: 0.8228 | LR: 0.000063
2025-08-21 03:49:18 INFO Epoch 049 | Train Loss: 0.5151 | Val Loss: 0.8231 | Dice: 0.4303 | softDice: 0.4295 | clDice: 0.5382 | softclDice: 0.4307 | IoU: 0.2741 | Tversky: 0.4303 | Hausdorff: 408.9251 | HD95: 65.6477 | val_loss: 0.8231 | LR: 0.000063
2025-08-21 03:52:39 INFO Epoch 050 | Train Loss: 0.5149 | Val Loss: 0.8152 | Dice: 0.4337 | softDice: 0.4321 | clDice: 0.5498 | softclDice: 0.4142 | IoU: 0.2770 | Tversky: 0.4337 | Hausdorff: 407.6298 | HD95: 61.2426 | val_loss: 0.8152 | LR: 0.000063
2025-08-21 03:55:58 INFO Epoch 051 | Train Loss: 0.5141 | Val Loss: 0.8183 | Dice: 0.4243 | softDice: 0.4225 | clDice: 0.5387 | softclDice: 0.4192 | IoU: 0.2693 | Tversky: 0.4243 | Hausdorff: 412.9062 | HD95: 65.7351 | val_loss: 0.8183 | LR: 0.000063
2025-08-21 03:59:18 INFO Epoch 052 | Train Loss: 0.5179 | Val Loss: 0.8236 | Dice: 0.4354 | softDice: 0.4327 | clDice: 0.5460 | softclDice: 0.4272 | IoU: 0.2783 | Tversky: 0.4354 | Hausdorff: 409.8156 | HD95: 63.9762 | val_loss: 0.8236 | LR: 0.000063
2025-08-21 04:02:38 INFO Epoch 053 | Train Loss: 0.5126 | Val Loss: 0.8223 | Dice: 0.4358 | softDice: 0.4332 | clDice: 0.5473 | softclDice: 0.4240 | IoU: 0.2787 | Tversky: 0.4358 | Hausdorff: 408.5269 | HD95: 61.1074 | val_loss: 0.8223 | LR: 0.000063
2025-08-21 04:06:01 INFO Epoch 054 | Train Loss: 0.5113 | Val Loss: 0.8198 | Dice: 0.4368 | softDice: 0.4346 | clDice: 0.5529 | softclDice: 0.4184 | IoU: 0.2794 | Tversky: 0.4368 | Hausdorff: 408.2440 | HD95: 60.6805 | val_loss: 0.8198 | LR: 0.000063
2025-08-21 04:09:22 INFO Epoch 055 | Train Loss: 0.5154 | Val Loss: 0.8157 | Dice: 0.4297 | softDice: 0.4283 | clDice: 0.5460 | softclDice: 0.4208 | IoU: 0.2737 | Tversky: 0.4297 | Hausdorff: 412.1334 | HD95: 61.5620 | val_loss: 0.8157 | LR: 0.000063
2025-08-21 04:12:44 INFO Epoch 056 | Train Loss: 0.5176 | Val Loss: 0.8138 | Dice: 0.4297 | softDice: 0.4280 | clDice: 0.5481 | softclDice: 0.4199 | IoU: 0.2737 | Tversky: 0.4297 | Hausdorff: 410.8824 | HD95: 61.4892 | val_loss: 0.8138 | LR: 0.000063
2025-08-21 04:16:07 INFO Epoch 057 | Train Loss: 0.5173 | Val Loss: 0.8150 | Dice: 0.4224 | softDice: 0.4234 | clDice: 0.5402 | softclDice: 0.4203 | IoU: 0.2678 | Tversky: 0.4224 | Hausdorff: 413.8049 | HD95: 68.9781 | val_loss: 0.8150 | LR: 0.000063
2025-08-21 04:19:26 INFO Epoch 058 | Train Loss: 0.5137 | Val Loss: 0.8209 | Dice: 0.4220 | softDice: 0.4224 | clDice: 0.5366 | softclDice: 0.4365 | IoU: 0.2675 | Tversky: 0.4220 | Hausdorff: 410.0419 | HD95: 68.3657 | val_loss: 0.8209 | LR: 0.000063
2025-08-21 04:22:50 INFO Epoch 059 | Train Loss: 0.5266 | Val Loss: 0.8198 | Dice: 0.4189 | softDice: 0.4190 | clDice: 0.5435 | softclDice: 0.4420 | IoU: 0.2650 | Tversky: 0.4189 | Hausdorff: 412.2039 | HD95: 69.1986 | val_loss: 0.8198 | LR: 0.000063
2025-08-21 04:26:09 INFO Epoch 060 | Train Loss: 0.5260 | Val Loss: 0.8163 | Dice: 0.4107 | softDice: 0.4136 | clDice: 0.5265 | softclDice: 0.4309 | IoU: 0.2585 | Tversky: 0.4107 | Hausdorff: 556.5603 | HD95: 86.1767 | val_loss: 0.8163 | LR: 0.000063
2025-08-21 04:29:28 INFO Epoch 061 | Train Loss: 0.5248 | Val Loss: 0.8102 | Dice: 0.4053 | softDice: 0.4085 | clDice: 0.5327 | softclDice: 0.4501 | IoU: 0.2542 | Tversky: 0.4053 | Hausdorff: 456.9733 | HD95: 84.9587 | val_loss: 0.8102 | LR: 0.000063
2025-08-21 04:32:50 INFO Epoch 062 | Train Loss: 0.5233 | Val Loss: 0.8178 | Dice: 0.4167 | softDice: 0.4186 | clDice: 0.5353 | softclDice: 0.4219 | IoU: 0.2632 | Tversky: 0.4167 | Hausdorff: 435.8285 | HD95: 76.5234 | val_loss: 0.8178 | LR: 0.000063
2025-08-21 04:36:10 INFO Epoch 063 | Train Loss: 0.5269 | Val Loss: 0.8189 | Dice: 0.4209 | softDice: 0.4205 | clDice: 0.5406 | softclDice: 0.4355 | IoU: 0.2666 | Tversky: 0.4209 | Hausdorff: 435.9081 | HD95: 72.0307 | val_loss: 0.8189 | LR: 0.000063
2025-08-21 04:39:33 INFO Epoch 064 | Train Loss: 0.5198 | Val Loss: 0.8267 | Dice: 0.3959 | softDice: 0.3968 | clDice: 0.5062 | softclDice: 0.4978 | IoU: 0.2469 | Tversky: 0.3959 | Hausdorff: 440.4466 | HD95: 75.5149 | val_loss: 0.8267 | LR: 0.000063
2025-08-21 04:42:50 INFO Epoch 065 | Train Loss: 0.5519 | Val Loss: 0.8275 | Dice: 0.3985 | softDice: 0.3990 | clDice: 0.5105 | softclDice: 0.4592 | IoU: 0.2490 | Tversky: 0.3985 | Hausdorff: 430.1085 | HD95: 76.7340 | val_loss: 0.8275 | LR: 0.000063
2025-08-21 04:46:10 INFO Epoch 066 | Train Loss: 0.5434 | Val Loss: 0.8211 | Dice: 0.4107 | softDice: 0.4108 | clDice: 0.5252 | softclDice: 0.4366 | IoU: 0.2585 | Tversky: 0.4107 | Hausdorff: 404.3607 | HD95: 73.5103 | val_loss: 0.8211 | LR: 0.000063
2025-08-21 04:49:30 INFO Epoch 067 | Train Loss: 0.5348 | Val Loss: 0.8228 | Dice: 0.4249 | softDice: 0.4232 | clDice: 0.5383 | softclDice: 0.4303 | IoU: 0.2698 | Tversky: 0.4249 | Hausdorff: 403.8749 | HD95: 70.3369 | val_loss: 0.8228 | LR: 0.000031
2025-08-21 04:52:50 INFO Epoch 068 | Train Loss: 0.5293 | Val Loss: 0.8184 | Dice: 0.4143 | softDice: 0.4151 | clDice: 0.5328 | softclDice: 0.4249 | IoU: 0.2613 | Tversky: 0.4143 | Hausdorff: 410.1577 | HD95: 73.9503 | val_loss: 0.8184 | LR: 0.000031
2025-08-21 04:56:11 INFO Epoch 069 | Train Loss: 0.5221 | Val Loss: 0.8188 | Dice: 0.4174 | softDice: 0.4177 | clDice: 0.5341 | softclDice: 0.4259 | IoU: 0.2638 | Tversky: 0.4174 | Hausdorff: 410.1173 | HD95: 73.9690 | val_loss: 0.8188 | LR: 0.000031
2025-08-21 04:59:28 INFO Epoch 070 | Train Loss: 0.5250 | Val Loss: 0.8188 | Dice: 0.4222 | softDice: 0.4219 | clDice: 0.5385 | softclDice: 0.4242 | IoU: 0.2676 | Tversky: 0.4222 | Hausdorff: 410.5973 | HD95: 71.6886 | val_loss: 0.8188 | LR: 0.000031
2025-08-21 04:59:28 INFO Training completed.
2025-08-21 05:01:11 INFO Fold 1 results: Dice: 0.4211 | softDice: 0.4223 | clDice: 0.5446 | softclDice: 0.4093 | IoU: 0.2667 | Tversky: 0.4211 | Hausdorff: 412.6820 | HD95: 71.1480 | val_loss: 0.8157
2025-08-21 05:01:11 INFO ===== Fold 2 / 5 =====
2025-08-21 05:01:11 INFO Loading model unet with settings {'name': 'unet', 'encoder_name': 'se_resnext50_32x4d', 'encoder_weights': 'imagenet', 'classes': 1, 'activation': None, 'dropout': 0.2}
2025-08-21 05:04:43 INFO Epoch 001 | Train Loss: 0.7452 | Val Loss: 1.0000 | Dice: 0.3668 | softDice: 0.2927 | clDice: 0.4662 | softclDice: 0.5446 | IoU: 0.2248 | Tversky: 0.3668 | Hausdorff: 508.4817 | HD95: 78.9236 | val_loss: 1.0000 | LR: 0.001000
2025-08-21 05:08:03 INFO Epoch 002 | Train Loss: 0.5929 | Val Loss: 1.0000 | Dice: 0.3712 | softDice: 0.3482 | clDice: 0.4146 | softclDice: 0.5886 | IoU: 0.2282 | Tversky: 0.3712 | Hausdorff: 432.8369 | HD95: 101.7500 | val_loss: 1.0000 | LR: 0.001000
2025-08-21 05:11:26 INFO Epoch 003 | Train Loss: 0.5719 | Val Loss: 0.9115 | Dice: 0.4309 | softDice: 0.4193 | clDice: 0.5103 | softclDice: 0.4764 | IoU: 0.2750 | Tversky: 0.4309 | Hausdorff: 306.5071 | HD95: 67.9899 | val_loss: 0.9115 | LR: 0.001000
2025-08-21 05:14:50 INFO Epoch 004 | Train Loss: 0.5611 | Val Loss: 0.8321 | Dice: 0.4127 | softDice: 0.4063 | clDice: 0.5106 | softclDice: 0.4533 | IoU: 0.2603 | Tversky: 0.4127 | Hausdorff: 365.0924 | HD95: 63.3128 | val_loss: 0.8321 | LR: 0.001000
2025-08-21 05:18:14 INFO Epoch 005 | Train Loss: 0.5712 | Val Loss: 0.9792 | Dice: 0.4211 | softDice: 0.4168 | clDice: 0.5093 | softclDice: 0.4604 | IoU: 0.2670 | Tversky: 0.4211 | Hausdorff: 339.8711 | HD95: 69.1331 | val_loss: 0.9792 | LR: 0.001000
2025-08-21 05:21:32 INFO Epoch 006 | Train Loss: 0.5548 | Val Loss: 0.9598 | Dice: 0.4413 | softDice: 0.4328 | clDice: 0.5108 | softclDice: 0.4892 | IoU: 0.2834 | Tversky: 0.4413 | Hausdorff: 464.6953 | HD95: 63.5654 | val_loss: 0.9598 | LR: 0.001000
2025-08-21 05:24:54 INFO Epoch 007 | Train Loss: 0.5514 | Val Loss: 0.8426 | Dice: 0.4250 | softDice: 0.4195 | clDice: 0.5104 | softclDice: 0.4827 | IoU: 0.2702 | Tversky: 0.4250 | Hausdorff: 283.6275 | HD95: 56.1445 | val_loss: 0.8426 | LR: 0.001000
2025-08-21 05:28:18 INFO Epoch 008 | Train Loss: 0.5813 | Val Loss: 0.8431 | Dice: 0.4067 | softDice: 0.4006 | clDice: 0.5039 | softclDice: 0.4870 | IoU: 0.2558 | Tversky: 0.4067 | Hausdorff: 339.0375 | HD95: 63.7997 | val_loss: 0.8431 | LR: 0.001000
2025-08-21 05:31:40 INFO Epoch 009 | Train Loss: 0.5802 | Val Loss: 0.8359 | Dice: 0.4003 | softDice: 0.3958 | clDice: 0.5004 | softclDice: 0.4878 | IoU: 0.2505 | Tversky: 0.4003 | Hausdorff: 353.0133 | HD95: 74.8566 | val_loss: 0.8359 | LR: 0.001000
2025-08-21 05:35:06 INFO Epoch 010 | Train Loss: 0.5732 | Val Loss: 0.8318 | Dice: 0.4223 | softDice: 0.4167 | clDice: 0.5240 | softclDice: 0.4494 | IoU: 0.2679 | Tversky: 0.4223 | Hausdorff: 296.6109 | HD95: 55.9482 | val_loss: 0.8318 | LR: 0.001000
2025-08-21 05:38:27 INFO Epoch 011 | Train Loss: 0.5718 | Val Loss: 0.8470 | Dice: 0.4076 | softDice: 0.4019 | clDice: 0.5085 | softclDice: 0.5048 | IoU: 0.2563 | Tversky: 0.4076 | Hausdorff: 344.3419 | HD95: 72.4720 | val_loss: 0.8470 | LR: 0.001000
2025-08-21 05:41:48 INFO Epoch 012 | Train Loss: 0.5740 | Val Loss: 0.9551 | Dice: 0.4311 | softDice: 0.4281 | clDice: 0.5253 | softclDice: 0.4504 | IoU: 0.2751 | Tversky: 0.4311 | Hausdorff: 324.3595 | HD95: 59.0984 | val_loss: 0.9551 | LR: 0.001000
2025-08-21 05:45:13 INFO Epoch 013 | Train Loss: 0.5520 | Val Loss: 0.8790 | Dice: 0.4052 | softDice: 0.4061 | clDice: 0.5006 | softclDice: 0.4452 | IoU: 0.2544 | Tversky: 0.4052 | Hausdorff: 320.6766 | HD95: 67.1832 | val_loss: 0.8790 | LR: 0.001000
2025-08-21 05:48:36 INFO Epoch 014 | Train Loss: 0.5560 | Val Loss: 0.8231 | Dice: 0.4279 | softDice: 0.4240 | clDice: 0.5356 | softclDice: 0.4730 | IoU: 0.2725 | Tversky: 0.4279 | Hausdorff: 300.9962 | HD95: 55.9753 | val_loss: 0.8231 | LR: 0.001000
2025-08-21 05:52:00 INFO Epoch 015 | Train Loss: 0.5455 | Val Loss: 0.8282 | Dice: 0.4483 | softDice: 0.4417 | clDice: 0.5473 | softclDice: 0.4348 | IoU: 0.2892 | Tversky: 0.4483 | Hausdorff: 296.4939 | HD95: 48.1431 | val_loss: 0.8282 | LR: 0.001000
2025-08-21 05:55:22 INFO Epoch 016 | Train Loss: 0.5376 | Val Loss: 1.0000 | Dice: 0.4325 | softDice: 0.4286 | clDice: 0.4961 | softclDice: 0.4945 | IoU: 0.2763 | Tversky: 0.4325 | Hausdorff: 458.3269 | HD95: 66.2013 | val_loss: 1.0000 | LR: 0.001000
2025-08-21 05:58:45 INFO Epoch 017 | Train Loss: 0.5308 | Val Loss: 0.8782 | Dice: 0.4445 | softDice: 0.4415 | clDice: 0.5396 | softclDice: 0.4476 | IoU: 0.2860 | Tversky: 0.4445 | Hausdorff: 465.1441 | HD95: 50.3327 | val_loss: 0.8782 | LR: 0.001000
2025-08-21 06:02:08 INFO Epoch 018 | Train Loss: 0.5519 | Val Loss: 0.8927 | Dice: 0.3847 | softDice: 0.3812 | clDice: 0.4697 | softclDice: 0.5005 | IoU: 0.2385 | Tversky: 0.3847 | Hausdorff: 344.1736 | HD95: 79.2976 | val_loss: 0.8927 | LR: 0.001000
2025-08-21 06:05:30 INFO Epoch 019 | Train Loss: 0.5519 | Val Loss: 0.8502 | Dice: 0.4189 | softDice: 0.4153 | clDice: 0.4789 | softclDice: 0.5520 | IoU: 0.2652 | Tversky: 0.4189 | Hausdorff: 305.4471 | HD95: 61.5988 | val_loss: 0.8502 | LR: 0.001000
2025-08-21 06:08:53 INFO Epoch 020 | Train Loss: 0.5645 | Val Loss: 0.8825 | Dice: 0.4249 | softDice: 0.4219 | clDice: 0.5133 | softclDice: 0.4649 | IoU: 0.2700 | Tversky: 0.4249 | Hausdorff: 366.2931 | HD95: 65.6047 | val_loss: 0.8825 | LR: 0.000500
2025-08-21 06:12:15 INFO Epoch 021 | Train Loss: 0.5518 | Val Loss: 0.8285 | Dice: 0.4107 | softDice: 0.4084 | clDice: 0.5167 | softclDice: 0.4584 | IoU: 0.2587 | Tversky: 0.4107 | Hausdorff: 440.6651 | HD95: 73.9585 | val_loss: 0.8285 | LR: 0.000500
2025-08-21 06:15:37 INFO Epoch 022 | Train Loss: 0.5547 | Val Loss: 0.8423 | Dice: 0.4112 | softDice: 0.4088 | clDice: 0.5099 | softclDice: 0.4924 | IoU: 0.2591 | Tversky: 0.4112 | Hausdorff: 476.1793 | HD95: 70.5917 | val_loss: 0.8423 | LR: 0.000500
2025-08-21 06:18:59 INFO Epoch 023 | Train Loss: 0.5483 | Val Loss: 0.8215 | Dice: 0.4324 | softDice: 0.4300 | clDice: 0.5337 | softclDice: 0.4235 | IoU: 0.2761 | Tversky: 0.4324 | Hausdorff: 325.4766 | HD95: 57.8786 | val_loss: 0.8215 | LR: 0.000500
2025-08-21 06:22:21 INFO Epoch 024 | Train Loss: 0.5695 | Val Loss: 0.8465 | Dice: 0.3951 | softDice: 0.3875 | clDice: 0.4809 | softclDice: 0.5205 | IoU: 0.2467 | Tversky: 0.3951 | Hausdorff: 319.4410 | HD95: 64.3450 | val_loss: 0.8465 | LR: 0.000500
2025-08-21 06:25:43 INFO Epoch 025 | Train Loss: 0.5612 | Val Loss: 0.8309 | Dice: 0.4271 | softDice: 0.4216 | clDice: 0.5294 | softclDice: 0.4596 | IoU: 0.2719 | Tversky: 0.4271 | Hausdorff: 395.2007 | HD95: 58.4103 | val_loss: 0.8309 | LR: 0.000500
2025-08-21 06:29:01 INFO Epoch 026 | Train Loss: 0.5462 | Val Loss: 0.8343 | Dice: 0.4365 | softDice: 0.4309 | clDice: 0.5254 | softclDice: 0.4548 | IoU: 0.2796 | Tversky: 0.4365 | Hausdorff: 343.5207 | HD95: 60.7873 | val_loss: 0.8343 | LR: 0.000500
2025-08-21 06:32:24 INFO Epoch 027 | Train Loss: 0.5356 | Val Loss: 0.8306 | Dice: 0.4419 | softDice: 0.4383 | clDice: 0.5393 | softclDice: 0.4413 | IoU: 0.2839 | Tversky: 0.4419 | Hausdorff: 332.9266 | HD95: 50.8298 | val_loss: 0.8306 | LR: 0.000500
2025-08-21 06:35:49 INFO Epoch 028 | Train Loss: 0.5301 | Val Loss: 0.8227 | Dice: 0.4382 | softDice: 0.4353 | clDice: 0.5452 | softclDice: 0.4224 | IoU: 0.2808 | Tversky: 0.4382 | Hausdorff: 295.0496 | HD95: 51.6520 | val_loss: 0.8227 | LR: 0.000500
2025-08-21 06:39:11 INFO Epoch 029 | Train Loss: 0.5336 | Val Loss: 0.8244 | Dice: 0.4410 | softDice: 0.4371 | clDice: 0.5488 | softclDice: 0.4291 | IoU: 0.2830 | Tversky: 0.4410 | Hausdorff: 352.0814 | HD95: 55.0906 | val_loss: 0.8244 | LR: 0.000250
2025-08-21 06:42:34 INFO Epoch 030 | Train Loss: 0.5289 | Val Loss: 0.8272 | Dice: 0.4446 | softDice: 0.4399 | clDice: 0.5430 | softclDice: 0.4317 | IoU: 0.2862 | Tversky: 0.4446 | Hausdorff: 350.6219 | HD95: 54.5760 | val_loss: 0.8272 | LR: 0.000250
2025-08-21 06:45:57 INFO Epoch 031 | Train Loss: 0.5271 | Val Loss: 0.8207 | Dice: 0.4327 | softDice: 0.4313 | clDice: 0.5418 | softclDice: 0.4230 | IoU: 0.2763 | Tversky: 0.4327 | Hausdorff: 306.2956 | HD95: 51.8677 | val_loss: 0.8207 | LR: 0.000250
2025-08-21 06:49:18 INFO Epoch 032 | Train Loss: 0.5270 | Val Loss: 0.8240 | Dice: 0.4355 | softDice: 0.4303 | clDice: 0.5424 | softclDice: 0.4474 | IoU: 0.2786 | Tversky: 0.4355 | Hausdorff: 315.4994 | HD95: 55.2231 | val_loss: 0.8240 | LR: 0.000250
2025-08-21 06:52:40 INFO Epoch 033 | Train Loss: 0.5408 | Val Loss: 0.8290 | Dice: 0.4375 | softDice: 0.4319 | clDice: 0.5437 | softclDice: 0.4551 | IoU: 0.2803 | Tversky: 0.4375 | Hausdorff: 385.6082 | HD95: 55.8706 | val_loss: 0.8290 | LR: 0.000250
2025-08-21 06:56:01 INFO Epoch 034 | Train Loss: 0.5878 | Val Loss: 0.8397 | Dice: 0.3836 | softDice: 0.3788 | clDice: 0.4807 | softclDice: 0.4971 | IoU: 0.2375 | Tversky: 0.3836 | Hausdorff: 306.6058 | HD95: 78.0059 | val_loss: 0.8397 | LR: 0.000250
2025-08-21 06:59:22 INFO Epoch 035 | Train Loss: 0.5570 | Val Loss: 0.8267 | Dice: 0.4332 | softDice: 0.4310 | clDice: 0.5354 | softclDice: 0.4366 | IoU: 0.2767 | Tversky: 0.4332 | Hausdorff: 321.4343 | HD95: 55.6275 | val_loss: 0.8267 | LR: 0.000250
2025-08-21 07:02:44 INFO Epoch 036 | Train Loss: 0.5380 | Val Loss: 0.8249 | Dice: 0.4391 | softDice: 0.4362 | clDice: 0.5439 | softclDice: 0.4306 | IoU: 0.2815 | Tversky: 0.4391 | Hausdorff: 311.5410 | HD95: 52.1625 | val_loss: 0.8249 | LR: 0.000250
2025-08-21 07:06:06 INFO Epoch 037 | Train Loss: 0.5336 | Val Loss: 0.8218 | Dice: 0.4327 | softDice: 0.4282 | clDice: 0.5515 | softclDice: 0.4433 | IoU: 0.2763 | Tversky: 0.4327 | Hausdorff: 310.7120 | HD95: 52.4216 | val_loss: 0.8218 | LR: 0.000125
2025-08-21 07:09:30 INFO Epoch 038 | Train Loss: 0.5396 | Val Loss: 0.8305 | Dice: 0.4320 | softDice: 0.4271 | clDice: 0.5462 | softclDice: 0.4621 | IoU: 0.2757 | Tversky: 0.4320 | Hausdorff: 293.9451 | HD95: 57.4588 | val_loss: 0.8305 | LR: 0.000125
2025-08-21 07:12:51 INFO Epoch 039 | Train Loss: 0.5466 | Val Loss: 0.8264 | Dice: 0.4269 | softDice: 0.4243 | clDice: 0.5326 | softclDice: 0.4450 | IoU: 0.2715 | Tversky: 0.4269 | Hausdorff: 290.0981 | HD95: 61.2144 | val_loss: 0.8264 | LR: 0.000125
2025-08-21 07:16:18 INFO Epoch 040 | Train Loss: 0.5396 | Val Loss: 0.8270 | Dice: 0.4375 | softDice: 0.4340 | clDice: 0.5423 | softclDice: 0.4403 | IoU: 0.2802 | Tversky: 0.4375 | Hausdorff: 267.6065 | HD95: 56.2411 | val_loss: 0.8270 | LR: 0.000125
2025-08-21 07:19:42 INFO Epoch 041 | Train Loss: 0.5345 | Val Loss: 0.8214 | Dice: 0.4305 | softDice: 0.4281 | clDice: 0.5441 | softclDice: 0.4475 | IoU: 0.2745 | Tversky: 0.4305 | Hausdorff: 272.6158 | HD95: 54.9766 | val_loss: 0.8214 | LR: 0.000125
2025-08-21 07:23:04 INFO Epoch 042 | Train Loss: 0.5387 | Val Loss: 0.8251 | Dice: 0.4303 | softDice: 0.4287 | clDice: 0.5405 | softclDice: 0.4473 | IoU: 0.2743 | Tversky: 0.4303 | Hausdorff: 313.5423 | HD95: 53.5200 | val_loss: 0.8251 | LR: 0.000125
2025-08-21 07:26:26 INFO Epoch 043 | Train Loss: 0.5334 | Val Loss: 0.8253 | Dice: 0.4355 | softDice: 0.4334 | clDice: 0.5429 | softclDice: 0.4383 | IoU: 0.2785 | Tversky: 0.4355 | Hausdorff: 317.3558 | HD95: 53.2599 | val_loss: 0.8253 | LR: 0.000063
2025-08-21 07:29:46 INFO Epoch 044 | Train Loss: 0.5318 | Val Loss: 0.8244 | Dice: 0.4376 | softDice: 0.4356 | clDice: 0.5464 | softclDice: 0.4365 | IoU: 0.2802 | Tversky: 0.4376 | Hausdorff: 319.6088 | HD95: 52.5762 | val_loss: 0.8244 | LR: 0.000063
2025-08-21 07:33:06 INFO Epoch 045 | Train Loss: 0.5339 | Val Loss: 0.8195 | Dice: 0.4345 | softDice: 0.4333 | clDice: 0.5464 | softclDice: 0.4401 | IoU: 0.2777 | Tversky: 0.4345 | Hausdorff: 308.8420 | HD95: 51.8896 | val_loss: 0.8195 | LR: 0.000063
2025-08-21 07:36:32 INFO Epoch 046 | Train Loss: 0.5264 | Val Loss: 0.8178 | Dice: 0.4343 | softDice: 0.4334 | clDice: 0.5505 | softclDice: 0.4422 | IoU: 0.2775 | Tversky: 0.4343 | Hausdorff: 309.5264 | HD95: 50.5096 | val_loss: 0.8178 | LR: 0.000063
2025-08-21 07:39:53 INFO Epoch 047 | Train Loss: 0.5243 | Val Loss: 0.8178 | Dice: 0.4361 | softDice: 0.4355 | clDice: 0.5513 | softclDice: 0.4440 | IoU: 0.2790 | Tversky: 0.4361 | Hausdorff: 308.3408 | HD95: 50.3776 | val_loss: 0.8178 | LR: 0.000063
2025-08-21 07:43:17 INFO Epoch 048 | Train Loss: 0.5254 | Val Loss: 0.8187 | Dice: 0.4361 | softDice: 0.4354 | clDice: 0.5511 | softclDice: 0.4451 | IoU: 0.2790 | Tversky: 0.4361 | Hausdorff: 284.4153 | HD95: 49.5632 | val_loss: 0.8187 | LR: 0.000063
2025-08-21 07:46:41 INFO Epoch 049 | Train Loss: 0.5282 | Val Loss: 0.8218 | Dice: 0.4385 | softDice: 0.4385 | clDice: 0.5490 | softclDice: 0.4347 | IoU: 0.2810 | Tversky: 0.4385 | Hausdorff: 288.9442 | HD95: 49.8035 | val_loss: 0.8218 | LR: 0.000063
2025-08-21 07:50:03 INFO Epoch 050 | Train Loss: 0.5245 | Val Loss: 0.8193 | Dice: 0.4362 | softDice: 0.4368 | clDice: 0.5461 | softclDice: 0.4330 | IoU: 0.2791 | Tversky: 0.4362 | Hausdorff: 308.1720 | HD95: 50.7604 | val_loss: 0.8193 | LR: 0.000063
2025-08-21 07:53:30 INFO Epoch 051 | Train Loss: 0.5232 | Val Loss: 0.8177 | Dice: 0.4357 | softDice: 0.4367 | clDice: 0.5427 | softclDice: 0.4308 | IoU: 0.2787 | Tversky: 0.4357 | Hausdorff: 310.7885 | HD95: 51.2063 | val_loss: 0.8177 | LR: 0.000063
2025-08-21 07:56:56 INFO Epoch 052 | Train Loss: 0.5226 | Val Loss: 0.8156 | Dice: 0.4360 | softDice: 0.4367 | clDice: 0.5469 | softclDice: 0.4337 | IoU: 0.2789 | Tversky: 0.4360 | Hausdorff: 308.6768 | HD95: 52.2142 | val_loss: 0.8156 | LR: 0.000063
2025-08-21 08:00:22 INFO Epoch 053 | Train Loss: 0.5249 | Val Loss: 0.8150 | Dice: 0.4316 | softDice: 0.4332 | clDice: 0.5475 | softclDice: 0.4359 | IoU: 0.2753 | Tversky: 0.4316 | Hausdorff: 312.2467 | HD95: 53.3864 | val_loss: 0.8150 | LR: 0.000063
2025-08-21 08:03:42 INFO Epoch 054 | Train Loss: 0.5258 | Val Loss: 0.8200 | Dice: 0.4373 | softDice: 0.4381 | clDice: 0.5486 | softclDice: 0.4270 | IoU: 0.2800 | Tversky: 0.4373 | Hausdorff: 310.6216 | HD95: 50.3991 | val_loss: 0.8200 | LR: 0.000063
2025-08-21 08:07:03 INFO Epoch 055 | Train Loss: 0.5219 | Val Loss: 0.8192 | Dice: 0.4393 | softDice: 0.4396 | clDice: 0.5481 | softclDice: 0.4262 | IoU: 0.2816 | Tversky: 0.4393 | Hausdorff: 307.1634 | HD95: 49.2141 | val_loss: 0.8192 | LR: 0.000063
2025-08-21 08:10:27 INFO Epoch 056 | Train Loss: 0.5193 | Val Loss: 0.8179 | Dice: 0.4360 | softDice: 0.4364 | clDice: 0.5502 | softclDice: 0.4312 | IoU: 0.2789 | Tversky: 0.4360 | Hausdorff: 308.4967 | HD95: 48.4941 | val_loss: 0.8179 | LR: 0.000063
2025-08-21 08:13:49 INFO Epoch 057 | Train Loss: 0.5146 | Val Loss: 0.8183 | Dice: 0.4383 | softDice: 0.4381 | clDice: 0.5525 | softclDice: 0.4308 | IoU: 0.2808 | Tversky: 0.4383 | Hausdorff: 304.4309 | HD95: 48.2916 | val_loss: 0.8183 | LR: 0.000063
2025-08-21 08:17:15 INFO Epoch 058 | Train Loss: 0.5201 | Val Loss: 0.8136 | Dice: 0.4345 | softDice: 0.4345 | clDice: 0.5536 | softclDice: 0.4431 | IoU: 0.2777 | Tversky: 0.4345 | Hausdorff: 306.2583 | HD95: 51.2497 | val_loss: 0.8136 | LR: 0.000063
2025-08-21 08:20:39 INFO Epoch 059 | Train Loss: 0.5183 | Val Loss: 0.8057 | Dice: 0.4287 | softDice: 0.4291 | clDice: 0.5516 | softclDice: 0.4582 | IoU: 0.2730 | Tversky: 0.4287 | Hausdorff: 314.2502 | HD95: 52.5984 | val_loss: 0.8057 | LR: 0.000063
2025-08-21 08:24:03 INFO Epoch 060 | Train Loss: 0.5284 | Val Loss: 0.8086 | Dice: 0.4308 | softDice: 0.4309 | clDice: 0.5499 | softclDice: 0.4314 | IoU: 0.2746 | Tversky: 0.4308 | Hausdorff: 307.0414 | HD95: 54.1332 | val_loss: 0.8086 | LR: 0.000063
2025-08-21 08:27:27 INFO Epoch 061 | Train Loss: 0.5310 | Val Loss: 0.8218 | Dice: 0.4411 | softDice: 0.4404 | clDice: 0.5515 | softclDice: 0.4233 | IoU: 0.2831 | Tversky: 0.4411 | Hausdorff: 307.7463 | HD95: 50.4331 | val_loss: 0.8218 | LR: 0.000063
2025-08-21 08:30:51 INFO Epoch 062 | Train Loss: 0.5242 | Val Loss: 0.8192 | Dice: 0.4408 | softDice: 0.4403 | clDice: 0.5544 | softclDice: 0.4279 | IoU: 0.2829 | Tversky: 0.4408 | Hausdorff: 326.1118 | HD95: 49.1066 | val_loss: 0.8192 | LR: 0.000063
2025-08-21 08:34:15 INFO Epoch 063 | Train Loss: 0.5162 | Val Loss: 0.8144 | Dice: 0.4391 | softDice: 0.4384 | clDice: 0.5549 | softclDice: 0.4324 | IoU: 0.2815 | Tversky: 0.4391 | Hausdorff: 323.6332 | HD95: 49.2149 | val_loss: 0.8144 | LR: 0.000063
2025-08-21 08:37:37 INFO Epoch 064 | Train Loss: 0.5170 | Val Loss: 0.8183 | Dice: 0.4413 | softDice: 0.4406 | clDice: 0.5543 | softclDice: 0.4329 | IoU: 0.2833 | Tversky: 0.4413 | Hausdorff: 323.3901 | HD95: 50.1701 | val_loss: 0.8183 | LR: 0.000063
2025-08-21 08:40:59 INFO Epoch 065 | Train Loss: 0.5188 | Val Loss: 0.8120 | Dice: 0.4392 | softDice: 0.4386 | clDice: 0.5547 | softclDice: 0.4318 | IoU: 0.2815 | Tversky: 0.4392 | Hausdorff: 322.6580 | HD95: 49.3377 | val_loss: 0.8120 | LR: 0.000031
2025-08-21 08:44:21 INFO Epoch 066 | Train Loss: 0.5165 | Val Loss: 0.8140 | Dice: 0.4382 | softDice: 0.4380 | clDice: 0.5556 | softclDice: 0.4350 | IoU: 0.2807 | Tversky: 0.4382 | Hausdorff: 327.0628 | HD95: 49.4576 | val_loss: 0.8140 | LR: 0.000031
2025-08-21 08:47:42 INFO Epoch 067 | Train Loss: 0.5208 | Val Loss: 0.8142 | Dice: 0.4403 | softDice: 0.4399 | clDice: 0.5541 | softclDice: 0.4284 | IoU: 0.2825 | Tversky: 0.4403 | Hausdorff: 322.8368 | HD95: 50.6092 | val_loss: 0.8142 | LR: 0.000031
2025-08-21 08:51:08 INFO Epoch 068 | Train Loss: 0.5187 | Val Loss: 0.8145 | Dice: 0.4396 | softDice: 0.4393 | clDice: 0.5562 | softclDice: 0.4263 | IoU: 0.2819 | Tversky: 0.4396 | Hausdorff: 322.1986 | HD95: 49.1861 | val_loss: 0.8145 | LR: 0.000031
2025-08-21 08:54:29 INFO Epoch 069 | Train Loss: 0.5212 | Val Loss: 0.8201 | Dice: 0.4412 | softDice: 0.4407 | clDice: 0.5550 | softclDice: 0.4236 | IoU: 0.2832 | Tversky: 0.4412 | Hausdorff: 320.3344 | HD95: 50.3975 | val_loss: 0.8201 | LR: 0.000031
2025-08-21 08:57:50 INFO Epoch 070 | Train Loss: 0.5175 | Val Loss: 0.8162 | Dice: 0.4404 | softDice: 0.4399 | clDice: 0.5558 | softclDice: 0.4271 | IoU: 0.2825 | Tversky: 0.4404 | Hausdorff: 321.0624 | HD95: 49.4701 | val_loss: 0.8162 | LR: 0.000031
2025-08-21 08:57:50 INFO Training completed.
2025-08-21 08:59:33 INFO Fold 2 results: Dice: 0.4382 | softDice: 0.4353 | clDice: 0.5452 | softclDice: 0.4224 | IoU: 0.2808 | Tversky: 0.4382 | Hausdorff: 295.0496 | HD95: 51.6520 | val_loss: 0.8227
2025-08-21 08:59:33 INFO ===== Fold 3 / 5 =====
2025-08-21 08:59:33 INFO Loading model unet with settings {'name': 'unet', 'encoder_name': 'se_resnext50_32x4d', 'encoder_weights': 'imagenet', 'classes': 1, 'activation': None, 'dropout': 0.2}
2025-08-21 09:02:58 INFO Epoch 001 | Train Loss: 0.7531 | Val Loss: 1.0000 | Dice: 0.3974 | softDice: 0.2696 | clDice: 0.4832 | softclDice: 0.5663 | IoU: 0.2485 | Tversky: 0.3974 | Hausdorff: 554.7837 | HD95: 54.0212 | val_loss: 1.0000 | LR: 0.001000
2025-08-21 09:06:20 INFO Epoch 002 | Train Loss: 0.5903 | Val Loss: 1.0000 | Dice: 0.3777 | softDice: 0.3533 | clDice: 0.4282 | softclDice: 0.5716 | IoU: 0.2334 | Tversky: 0.3777 | Hausdorff: 268.9192 | HD95: 62.6309 | val_loss: 1.0000 | LR: 0.001000
2025-08-21 09:09:42 INFO Epoch 003 | Train Loss: 0.5733 | Val Loss: 0.8591 | Dice: 0.4021 | softDice: 0.3896 | clDice: 0.4709 | softclDice: 0.5351 | IoU: 0.2523 | Tversky: 0.4021 | Hausdorff: 287.2908 | HD95: 71.3083 | val_loss: 0.8591 | LR: 0.001000
2025-08-21 09:13:07 INFO Epoch 004 | Train Loss: 0.5572 | Val Loss: 0.8997 | Dice: 0.3991 | softDice: 0.3917 | clDice: 0.4686 | softclDice: 0.5249 | IoU: 0.2499 | Tversky: 0.3991 | Hausdorff: 707.0165 | HD95: 73.4893 | val_loss: 0.8997 | LR: 0.001000
2025-08-21 09:16:37 INFO Epoch 005 | Train Loss: 0.5555 | Val Loss: 0.8463 | Dice: 0.3528 | softDice: 0.3522 | clDice: 0.4570 | softclDice: 0.5293 | IoU: 0.2147 | Tversky: 0.3528 | Hausdorff: 766.6497 | HD95: 210.6108 | val_loss: 0.8463 | LR: 0.001000
2025-08-21 09:20:00 INFO Epoch 006 | Train Loss: 0.5600 | Val Loss: 0.8437 | Dice: 0.4291 | softDice: 0.4176 | clDice: 0.5137 | softclDice: 0.4875 | IoU: 0.2737 | Tversky: 0.4291 | Hausdorff: 244.4250 | HD95: 67.8509 | val_loss: 0.8437 | LR: 0.001000
2025-08-21 09:23:22 INFO Epoch 007 | Train Loss: 0.5681 | Val Loss: 0.8813 | Dice: 0.4085 | softDice: 0.3976 | clDice: 0.4783 | softclDice: 0.5202 | IoU: 0.2574 | Tversky: 0.4085 | Hausdorff: 309.7674 | HD95: 85.1660 | val_loss: 0.8813 | LR: 0.001000
2025-08-21 09:26:42 INFO Epoch 008 | Train Loss: 0.5559 | Val Loss: 0.9565 | Dice: 0.4325 | softDice: 0.4245 | clDice: 0.5090 | softclDice: 0.4763 | IoU: 0.2768 | Tversky: 0.4325 | Hausdorff: 256.0824 | HD95: 61.2209 | val_loss: 0.9565 | LR: 0.001000
2025-08-21 09:30:06 INFO Epoch 009 | Train Loss: 0.5451 | Val Loss: 0.8371 | Dice: 0.4209 | softDice: 0.4176 | clDice: 0.5021 | softclDice: 0.4672 | IoU: 0.2670 | Tversky: 0.4209 | Hausdorff: 310.7956 | HD95: 60.6654 | val_loss: 0.8371 | LR: 0.001000
2025-08-21 09:33:29 INFO Epoch 010 | Train Loss: 0.5425 | Val Loss: 1.0000 | Dice: 0.4115 | softDice: 0.4098 | clDice: 0.4850 | softclDice: 0.4866 | IoU: 0.2597 | Tversky: 0.4115 | Hausdorff: 405.3436 | HD95: 64.3593 | val_loss: 1.0000 | LR: 0.001000
2025-08-21 09:36:52 INFO Epoch 011 | Train Loss: 0.5426 | Val Loss: 0.8271 | Dice: 0.4308 | softDice: 0.4274 | clDice: 0.5456 | softclDice: 0.4510 | IoU: 0.2751 | Tversky: 0.4308 | Hausdorff: 273.5868 | HD95: 52.7782 | val_loss: 0.8271 | LR: 0.001000
2025-08-21 09:40:12 INFO Epoch 012 | Train Loss: 0.5658 | Val Loss: 0.9329 | Dice: 0.4334 | softDice: 0.4275 | clDice: 0.5157 | softclDice: 0.4675 | IoU: 0.2774 | Tversky: 0.4334 | Hausdorff: 458.2645 | HD95: 65.1807 | val_loss: 0.9329 | LR: 0.001000
2025-08-21 09:43:36 INFO Epoch 013 | Train Loss: 0.5714 | Val Loss: 0.8360 | Dice: 0.3679 | softDice: 0.3698 | clDice: 0.4642 | softclDice: 0.4822 | IoU: 0.2258 | Tversky: 0.3679 | Hausdorff: 753.5649 | HD95: 131.9460 | val_loss: 0.8360 | LR: 0.001000
2025-08-21 09:46:58 INFO Epoch 014 | Train Loss: 0.5569 | Val Loss: 0.9360 | Dice: 0.4330 | softDice: 0.4288 | clDice: 0.5053 | softclDice: 0.4972 | IoU: 0.2769 | Tversky: 0.4330 | Hausdorff: 731.3106 | HD95: 61.0774 | val_loss: 0.9360 | LR: 0.001000
2025-08-21 09:50:20 INFO Epoch 015 | Train Loss: 0.5331 | Val Loss: 0.8274 | Dice: 0.4401 | softDice: 0.4368 | clDice: 0.5446 | softclDice: 0.4401 | IoU: 0.2826 | Tversky: 0.4401 | Hausdorff: 377.8676 | HD95: 50.9950 | val_loss: 0.8274 | LR: 0.001000
2025-08-21 09:53:43 INFO Epoch 016 | Train Loss: 0.5347 | Val Loss: 0.8573 | Dice: 0.4250 | softDice: 0.4224 | clDice: 0.5336 | softclDice: 0.4359 | IoU: 0.2704 | Tversky: 0.4250 | Hausdorff: 546.9223 | HD95: 58.4511 | val_loss: 0.8573 | LR: 0.001000
2025-08-21 09:57:05 INFO Epoch 017 | Train Loss: 0.5374 | Val Loss: 0.9120 | Dice: 0.4302 | softDice: 0.4268 | clDice: 0.5127 | softclDice: 0.4680 | IoU: 0.2748 | Tversky: 0.4302 | Hausdorff: 561.8545 | HD95: 59.8199 | val_loss: 0.9120 | LR: 0.000500
2025-08-21 10:00:26 INFO Epoch 018 | Train Loss: 0.5289 | Val Loss: 0.8298 | Dice: 0.4326 | softDice: 0.4275 | clDice: 0.5322 | softclDice: 0.4459 | IoU: 0.2766 | Tversky: 0.4326 | Hausdorff: 275.9683 | HD95: 53.2856 | val_loss: 0.8298 | LR: 0.000500
2025-08-21 10:03:48 INFO Epoch 019 | Train Loss: 0.5313 | Val Loss: 0.8550 | Dice: 0.4444 | softDice: 0.4400 | clDice: 0.5498 | softclDice: 0.4211 | IoU: 0.2863 | Tversky: 0.4444 | Hausdorff: 303.2329 | HD95: 51.1509 | val_loss: 0.8550 | LR: 0.000500
2025-08-21 10:07:12 INFO Epoch 020 | Train Loss: 0.5271 | Val Loss: 0.8497 | Dice: 0.4472 | softDice: 0.4450 | clDice: 0.5557 | softclDice: 0.4028 | IoU: 0.2885 | Tversky: 0.4472 | Hausdorff: 286.0866 | HD95: 46.8819 | val_loss: 0.8497 | LR: 0.000500
2025-08-21 10:10:33 INFO Epoch 021 | Train Loss: 0.5283 | Val Loss: 0.8213 | Dice: 0.4509 | softDice: 0.4476 | clDice: 0.5639 | softclDice: 0.4170 | IoU: 0.2916 | Tversky: 0.4509 | Hausdorff: 258.9096 | HD95: 46.5903 | val_loss: 0.8213 | LR: 0.000500
2025-08-21 10:13:56 INFO Epoch 022 | Train Loss: 0.5264 | Val Loss: 0.9056 | Dice: 0.4410 | softDice: 0.4404 | clDice: 0.5423 | softclDice: 0.4208 | IoU: 0.2835 | Tversky: 0.4410 | Hausdorff: 292.4245 | HD95: 48.0102 | val_loss: 0.9056 | LR: 0.000500
2025-08-21 10:17:19 INFO Epoch 023 | Train Loss: 0.5213 | Val Loss: 0.8321 | Dice: 0.4279 | softDice: 0.4262 | clDice: 0.5237 | softclDice: 0.4701 | IoU: 0.2726 | Tversky: 0.4279 | Hausdorff: 218.3134 | HD95: 51.9418 | val_loss: 0.8321 | LR: 0.000500
2025-08-21 10:20:42 INFO Epoch 024 | Train Loss: 0.5325 | Val Loss: 0.8521 | Dice: 0.4365 | softDice: 0.4357 | clDice: 0.5412 | softclDice: 0.4290 | IoU: 0.2797 | Tversky: 0.4365 | Hausdorff: 547.4951 | HD95: 51.8553 | val_loss: 0.8521 | LR: 0.000500
2025-08-21 10:24:05 INFO Epoch 025 | Train Loss: 0.5245 | Val Loss: 0.8810 | Dice: 0.4447 | softDice: 0.4427 | clDice: 0.5430 | softclDice: 0.4428 | IoU: 0.2865 | Tversky: 0.4447 | Hausdorff: 709.0677 | HD95: 53.7736 | val_loss: 0.8810 | LR: 0.000500
2025-08-21 10:27:26 INFO Epoch 026 | Train Loss: 0.5290 | Val Loss: 0.8529 | Dice: 0.4488 | softDice: 0.4453 | clDice: 0.5533 | softclDice: 0.4291 | IoU: 0.2899 | Tversky: 0.4488 | Hausdorff: 559.8378 | HD95: 47.1160 | val_loss: 0.8529 | LR: 0.000500
2025-08-21 10:30:49 INFO Epoch 027 | Train Loss: 0.5211 | Val Loss: 0.8246 | Dice: 0.4187 | softDice: 0.4188 | clDice: 0.5186 | softclDice: 0.4457 | IoU: 0.2653 | Tversky: 0.4187 | Hausdorff: 429.1253 | HD95: 69.2957 | val_loss: 0.8246 | LR: 0.000250
2025-08-21 10:34:13 INFO Epoch 028 | Train Loss: 0.5319 | Val Loss: 0.8255 | Dice: 0.4334 | softDice: 0.4321 | clDice: 0.5498 | softclDice: 0.4535 | IoU: 0.2771 | Tversky: 0.4334 | Hausdorff: 284.7159 | HD95: 50.9567 | val_loss: 0.8255 | LR: 0.000250
2025-08-21 10:37:36 INFO Epoch 029 | Train Loss: 0.5219 | Val Loss: 0.8757 | Dice: 0.4511 | softDice: 0.4491 | clDice: 0.5567 | softclDice: 0.4163 | IoU: 0.2918 | Tversky: 0.4511 | Hausdorff: 321.3147 | HD95: 47.6448 | val_loss: 0.8757 | LR: 0.000250
2025-08-21 10:41:01 INFO Epoch 030 | Train Loss: 0.5163 | Val Loss: 0.8498 | Dice: 0.4429 | softDice: 0.4428 | clDice: 0.5544 | softclDice: 0.4116 | IoU: 0.2850 | Tversky: 0.4429 | Hausdorff: 307.1627 | HD95: 46.6475 | val_loss: 0.8498 | LR: 0.000250
2025-08-21 10:44:22 INFO Epoch 031 | Train Loss: 0.5196 | Val Loss: 0.8508 | Dice: 0.4615 | softDice: 0.4578 | clDice: 0.5670 | softclDice: 0.4122 | IoU: 0.3005 | Tversky: 0.4615 | Hausdorff: 250.9944 | HD95: 44.0486 | val_loss: 0.8508 | LR: 0.000250
2025-08-21 10:47:48 INFO Epoch 032 | Train Loss: 0.5135 | Val Loss: 0.8123 | Dice: 0.4443 | softDice: 0.4436 | clDice: 0.5715 | softclDice: 0.4174 | IoU: 0.2861 | Tversky: 0.4443 | Hausdorff: 250.8395 | HD95: 45.0926 | val_loss: 0.8123 | LR: 0.000250
2025-08-21 10:51:09 INFO Epoch 033 | Train Loss: 0.5193 | Val Loss: 0.8764 | Dice: 0.4544 | softDice: 0.4514 | clDice: 0.5588 | softclDice: 0.4146 | IoU: 0.2946 | Tversky: 0.4544 | Hausdorff: 257.2099 | HD95: 46.2118 | val_loss: 0.8764 | LR: 0.000250
2025-08-21 10:54:34 INFO Epoch 034 | Train Loss: 0.5131 | Val Loss: 0.8998 | Dice: 0.4491 | softDice: 0.4500 | clDice: 0.5545 | softclDice: 0.4028 | IoU: 0.2902 | Tversky: 0.4491 | Hausdorff: 293.7178 | HD95: 47.7763 | val_loss: 0.8998 | LR: 0.000250
2025-08-21 10:57:57 INFO Epoch 035 | Train Loss: 0.5111 | Val Loss: 0.8184 | Dice: 0.4432 | softDice: 0.4436 | clDice: 0.5574 | softclDice: 0.4120 | IoU: 0.2852 | Tversky: 0.4432 | Hausdorff: 286.8620 | HD95: 45.0462 | val_loss: 0.8184 | LR: 0.000250
2025-08-21 11:01:20 INFO Epoch 036 | Train Loss: 0.5082 | Val Loss: 0.8158 | Dice: 0.4547 | softDice: 0.4529 | clDice: 0.5705 | softclDice: 0.4063 | IoU: 0.2947 | Tversky: 0.4547 | Hausdorff: 257.6526 | HD95: 41.7585 | val_loss: 0.8158 | LR: 0.000250
2025-08-21 11:04:44 INFO Epoch 037 | Train Loss: 0.5157 | Val Loss: 0.8344 | Dice: 0.4434 | softDice: 0.4433 | clDice: 0.5521 | softclDice: 0.4438 | IoU: 0.2853 | Tversky: 0.4434 | Hausdorff: 429.5260 | HD95: 45.5808 | val_loss: 0.8344 | LR: 0.000250
2025-08-21 11:08:07 INFO Epoch 038 | Train Loss: 0.5216 | Val Loss: 0.8394 | Dice: 0.4149 | softDice: 0.4141 | clDice: 0.5226 | softclDice: 0.4960 | IoU: 0.2623 | Tversky: 0.4149 | Hausdorff: 575.2565 | HD95: 68.0397 | val_loss: 0.8394 | LR: 0.000125
2025-08-21 11:11:29 INFO Epoch 039 | Train Loss: 0.5369 | Val Loss: 0.8550 | Dice: 0.4422 | softDice: 0.4407 | clDice: 0.5444 | softclDice: 0.4416 | IoU: 0.2843 | Tversky: 0.4422 | Hausdorff: 411.9473 | HD95: 46.9555 | val_loss: 0.8550 | LR: 0.000125
2025-08-21 11:14:52 INFO Epoch 040 | Train Loss: 0.5199 | Val Loss: 0.8510 | Dice: 0.4495 | softDice: 0.4484 | clDice: 0.5533 | softclDice: 0.4222 | IoU: 0.2905 | Tversky: 0.4495 | Hausdorff: 409.0639 | HD95: 46.6084 | val_loss: 0.8510 | LR: 0.000125
2025-08-21 11:18:12 INFO Epoch 041 | Train Loss: 0.5146 | Val Loss: 0.8467 | Dice: 0.4492 | softDice: 0.4493 | clDice: 0.5606 | softclDice: 0.4090 | IoU: 0.2902 | Tversky: 0.4492 | Hausdorff: 404.5701 | HD95: 48.2792 | val_loss: 0.8467 | LR: 0.000125
2025-08-21 11:21:36 INFO Epoch 042 | Train Loss: 0.5113 | Val Loss: 0.8152 | Dice: 0.4411 | softDice: 0.4412 | clDice: 0.5574 | softclDice: 0.4294 | IoU: 0.2834 | Tversky: 0.4411 | Hausdorff: 405.7332 | HD95: 46.1523 | val_loss: 0.8152 | LR: 0.000125
2025-08-21 11:24:59 INFO Epoch 043 | Train Loss: 0.5120 | Val Loss: 0.8183 | Dice: 0.4529 | softDice: 0.4510 | clDice: 0.5640 | softclDice: 0.4121 | IoU: 0.2932 | Tversky: 0.4529 | Hausdorff: 307.4191 | HD95: 43.7218 | val_loss: 0.8183 | LR: 0.000125
2025-08-21 11:28:26 INFO Epoch 044 | Train Loss: 0.5097 | Val Loss: 0.8468 | Dice: 0.4496 | softDice: 0.4493 | clDice: 0.5622 | softclDice: 0.4074 | IoU: 0.2905 | Tversky: 0.4496 | Hausdorff: 400.3110 | HD95: 45.0600 | val_loss: 0.8468 | LR: 0.000063
2025-08-21 11:31:49 INFO Epoch 045 | Train Loss: 0.5099 | Val Loss: 0.8470 | Dice: 0.4541 | softDice: 0.4529 | clDice: 0.5657 | softclDice: 0.4034 | IoU: 0.2942 | Tversky: 0.4541 | Hausdorff: 362.4343 | HD95: 43.7843 | val_loss: 0.8470 | LR: 0.000063
2025-08-21 11:35:14 INFO Epoch 046 | Train Loss: 0.5068 | Val Loss: 0.8164 | Dice: 0.4511 | softDice: 0.4498 | clDice: 0.5643 | softclDice: 0.4105 | IoU: 0.2917 | Tversky: 0.4511 | Hausdorff: 400.0975 | HD95: 43.1392 | val_loss: 0.8164 | LR: 0.000063
2025-08-21 11:38:38 INFO Epoch 047 | Train Loss: 0.5089 | Val Loss: 0.8487 | Dice: 0.4568 | softDice: 0.4549 | clDice: 0.5671 | softclDice: 0.4085 | IoU: 0.2965 | Tversky: 0.4568 | Hausdorff: 397.5607 | HD95: 42.8257 | val_loss: 0.8487 | LR: 0.000063
2025-08-21 11:42:00 INFO Epoch 048 | Train Loss: 0.5098 | Val Loss: 0.8497 | Dice: 0.4559 | softDice: 0.4539 | clDice: 0.5644 | softclDice: 0.4127 | IoU: 0.2957 | Tversky: 0.4559 | Hausdorff: 358.9684 | HD95: 42.1006 | val_loss: 0.8497 | LR: 0.000063
2025-08-21 11:45:24 INFO Epoch 049 | Train Loss: 0.5051 | Val Loss: 0.8494 | Dice: 0.4528 | softDice: 0.4513 | clDice: 0.5589 | softclDice: 0.4162 | IoU: 0.2931 | Tversky: 0.4528 | Hausdorff: 411.2909 | HD95: 43.3665 | val_loss: 0.8494 | LR: 0.000063
2025-08-21 11:48:49 INFO Epoch 050 | Train Loss: 0.5073 | Val Loss: 0.8451 | Dice: 0.4541 | softDice: 0.4537 | clDice: 0.5657 | softclDice: 0.4011 | IoU: 0.2942 | Tversky: 0.4541 | Hausdorff: 403.4057 | HD95: 42.5686 | val_loss: 0.8451 | LR: 0.000031
2025-08-21 11:52:17 INFO Epoch 051 | Train Loss: 0.5057 | Val Loss: 0.8458 | Dice: 0.4540 | softDice: 0.4533 | clDice: 0.5652 | softclDice: 0.4047 | IoU: 0.2941 | Tversky: 0.4540 | Hausdorff: 405.3870 | HD95: 42.1077 | val_loss: 0.8458 | LR: 0.000031
2025-08-21 11:55:41 INFO Epoch 052 | Train Loss: 0.5007 | Val Loss: 0.8131 | Dice: 0.4545 | softDice: 0.4534 | clDice: 0.5683 | softclDice: 0.4045 | IoU: 0.2946 | Tversky: 0.4545 | Hausdorff: 403.1648 | HD95: 41.7371 | val_loss: 0.8131 | LR: 0.000031
2025-08-21 11:59:04 INFO Early stopping at epoch 53 | Best Dice: 0.4615 at epoch 1
2025-08-21 12:00:46 INFO Fold 3 results: Dice: 0.4541 | softDice: 0.4537 | clDice: 0.5657 | softclDice: 0.4011 | IoU: 0.2942 | Tversky: 0.4541 | Hausdorff: 403.4057 | HD95: 42.5686 | val_loss: 0.8451
2025-08-21 12:00:46 INFO ===== Fold 4 / 5 =====
2025-08-21 12:00:46 INFO Loading model unet with settings {'name': 'unet', 'encoder_name': 'se_resnext50_32x4d', 'encoder_weights': 'imagenet', 'classes': 1, 'activation': None, 'dropout': 0.2}
2025-08-21 12:04:12 INFO Epoch 001 | Train Loss: 0.7679 | Val Loss: 1.0000 | Dice: 0.3825 | softDice: 0.1755 | clDice: 0.4655 | softclDice: 0.5256 | IoU: 0.2367 | Tversky: 0.3825 | Hausdorff: 502.2553 | HD95: 53.1203 | val_loss: 1.0000 | LR: 0.001000
2025-08-21 12:07:32 INFO Epoch 002 | Train Loss: 0.6213 | Val Loss: 1.0000 | Dice: 0.4138 | softDice: 0.3722 | clDice: 0.4623 | softclDice: 0.5422 | IoU: 0.2610 | Tversky: 0.4138 | Hausdorff: 516.1090 | HD95: 63.2257 | val_loss: 1.0000 | LR: 0.001000
2025-08-21 12:11:01 INFO Epoch 003 | Train Loss: 0.5734 | Val Loss: 0.8689 | Dice: 0.3687 | softDice: 0.3613 | clDice: 0.4709 | softclDice: 0.4967 | IoU: 0.2267 | Tversky: 0.3687 | Hausdorff: 492.7172 | HD95: 87.0912 | val_loss: 0.8689 | LR: 0.001000
2025-08-21 12:14:22 INFO Epoch 004 | Train Loss: 0.5645 | Val Loss: 0.8476 | Dice: 0.4181 | softDice: 0.4059 | clDice: 0.4967 | softclDice: 0.5010 | IoU: 0.2644 | Tversky: 0.4181 | Hausdorff: 267.7582 | HD95: 72.4698 | val_loss: 0.8476 | LR: 0.001000
2025-08-21 12:17:42 INFO Epoch 005 | Train Loss: 0.5612 | Val Loss: 1.0000 | Dice: 0.4206 | softDice: 0.4138 | clDice: 0.4916 | softclDice: 0.5108 | IoU: 0.2665 | Tversky: 0.4206 | Hausdorff: 505.1996 | HD95: 63.3552 | val_loss: 1.0000 | LR: 0.001000
2025-08-21 12:21:08 INFO Epoch 006 | Train Loss: 0.5685 | Val Loss: 0.8230 | Dice: 0.3877 | softDice: 0.3840 | clDice: 0.5004 | softclDice: 0.4397 | IoU: 0.2412 | Tversky: 0.3877 | Hausdorff: 337.5443 | HD95: 73.3959 | val_loss: 0.8230 | LR: 0.001000
2025-08-21 12:24:30 INFO Epoch 007 | Train Loss: 0.5494 | Val Loss: 0.8846 | Dice: 0.4304 | softDice: 0.4238 | clDice: 0.5157 | softclDice: 0.4723 | IoU: 0.2747 | Tversky: 0.4304 | Hausdorff: 240.5677 | HD95: 61.8339 | val_loss: 0.8846 | LR: 0.001000
2025-08-21 12:27:54 INFO Epoch 008 | Train Loss: 0.5463 | Val Loss: 0.8766 | Dice: 0.4426 | softDice: 0.4374 | clDice: 0.5339 | softclDice: 0.4319 | IoU: 0.2844 | Tversky: 0.4426 | Hausdorff: 302.5042 | HD95: 53.3929 | val_loss: 0.8766 | LR: 0.001000
2025-08-21 12:31:18 INFO Epoch 009 | Train Loss: 0.5366 | Val Loss: 0.8271 | Dice: 0.4288 | softDice: 0.4237 | clDice: 0.5390 | softclDice: 0.4588 | IoU: 0.2731 | Tversky: 0.4288 | Hausdorff: 333.2483 | HD95: 51.4296 | val_loss: 0.8271 | LR: 0.001000
2025-08-21 12:34:48 INFO Epoch 010 | Train Loss: 0.5437 | Val Loss: 0.8749 | Dice: 0.3592 | softDice: 0.3636 | clDice: 0.4682 | softclDice: 0.4412 | IoU: 0.2199 | Tversky: 0.3592 | Hausdorff: 717.9681 | HD95: 121.3998 | val_loss: 0.8749 | LR: 0.001000
2025-08-21 12:38:11 INFO Epoch 011 | Train Loss: 0.5471 | Val Loss: 0.8586 | Dice: 0.4340 | softDice: 0.4286 | clDice: 0.5288 | softclDice: 0.4472 | IoU: 0.2774 | Tversky: 0.4340 | Hausdorff: 267.5863 | HD95: 65.5226 | val_loss: 0.8586 | LR: 0.001000
2025-08-21 12:41:35 INFO Epoch 012 | Train Loss: 0.5867 | Val Loss: 0.8450 | Dice: 0.3828 | softDice: 0.3803 | clDice: 0.4752 | softclDice: 0.4958 | IoU: 0.2374 | Tversky: 0.3828 | Hausdorff: 472.2637 | HD95: 94.7932 | val_loss: 0.8450 | LR: 0.000500
2025-08-21 12:45:01 INFO Epoch 013 | Train Loss: 0.6159 | Val Loss: 0.8587 | Dice: 0.3616 | softDice: 0.3619 | clDice: 0.4593 | softclDice: 0.4664 | IoU: 0.2216 | Tversky: 0.3616 | Hausdorff: 412.2970 | HD95: 95.2313 | val_loss: 0.8587 | LR: 0.000500
2025-08-21 12:48:21 INFO Epoch 014 | Train Loss: 0.5693 | Val Loss: 0.8604 | Dice: 0.4200 | softDice: 0.4128 | clDice: 0.5089 | softclDice: 0.4646 | IoU: 0.2660 | Tversky: 0.4200 | Hausdorff: 359.1671 | HD95: 68.0558 | val_loss: 0.8604 | LR: 0.000500
2025-08-21 12:51:42 INFO Epoch 015 | Train Loss: 0.5521 | Val Loss: 0.8269 | Dice: 0.4330 | softDice: 0.4286 | clDice: 0.5388 | softclDice: 0.4358 | IoU: 0.2765 | Tversky: 0.4330 | Hausdorff: 322.8296 | HD95: 54.2458 | val_loss: 0.8269 | LR: 0.000500
2025-08-21 12:55:07 INFO Epoch 016 | Train Loss: 0.5430 | Val Loss: 0.8368 | Dice: 0.4146 | softDice: 0.4128 | clDice: 0.5267 | softclDice: 0.4754 | IoU: 0.2617 | Tversky: 0.4146 | Hausdorff: 294.9305 | HD95: 55.1820 | val_loss: 0.8368 | LR: 0.000500
2025-08-21 12:58:31 INFO Epoch 017 | Train Loss: 0.5375 | Val Loss: 0.8202 | Dice: 0.4384 | softDice: 0.4340 | clDice: 0.5484 | softclDice: 0.4201 | IoU: 0.2809 | Tversky: 0.4384 | Hausdorff: 291.8805 | HD95: 48.9810 | val_loss: 0.8202 | LR: 0.000500
2025-08-21 13:01:56 INFO Epoch 018 | Train Loss: 0.5358 | Val Loss: 0.8457 | Dice: 0.4375 | softDice: 0.4360 | clDice: 0.5427 | softclDice: 0.4157 | IoU: 0.2803 | Tversky: 0.4375 | Hausdorff: 235.4085 | HD95: 53.4355 | val_loss: 0.8457 | LR: 0.000500
2025-08-21 13:05:20 INFO Epoch 019 | Train Loss: 0.5435 | Val Loss: 0.8329 | Dice: 0.4167 | softDice: 0.4142 | clDice: 0.5296 | softclDice: 0.4832 | IoU: 0.2634 | Tversky: 0.4167 | Hausdorff: 277.9454 | HD95: 59.3742 | val_loss: 0.8329 | LR: 0.000500
2025-08-21 13:08:44 INFO Epoch 020 | Train Loss: 0.5419 | Val Loss: 0.8318 | Dice: 0.4242 | softDice: 0.4203 | clDice: 0.5383 | softclDice: 0.4826 | IoU: 0.2693 | Tversky: 0.4242 | Hausdorff: 245.1364 | HD95: 59.7439 | val_loss: 0.8318 | LR: 0.000500
2025-08-21 13:12:09 INFO Epoch 021 | Train Loss: 0.5698 | Val Loss: 0.8298 | Dice: 0.4087 | softDice: 0.4093 | clDice: 0.5040 | softclDice: 0.4629 | IoU: 0.2571 | Tversky: 0.4087 | Hausdorff: 314.7518 | HD95: 65.8227 | val_loss: 0.8298 | LR: 0.000500
2025-08-21 13:15:31 INFO Epoch 022 | Train Loss: 0.5434 | Val Loss: 0.8202 | Dice: 0.4331 | softDice: 0.4315 | clDice: 0.5435 | softclDice: 0.4159 | IoU: 0.2767 | Tversky: 0.4331 | Hausdorff: 264.8527 | HD95: 54.9840 | val_loss: 0.8202 | LR: 0.000500
2025-08-21 13:18:56 INFO Epoch 023 | Train Loss: 0.5347 | Val Loss: 0.8267 | Dice: 0.4372 | softDice: 0.4313 | clDice: 0.5390 | softclDice: 0.4359 | IoU: 0.2798 | Tversky: 0.4372 | Hausdorff: 288.1537 | HD95: 60.1288 | val_loss: 0.8267 | LR: 0.000250
2025-08-21 13:22:18 INFO Epoch 024 | Train Loss: 0.5358 | Val Loss: 0.8253 | Dice: 0.4241 | softDice: 0.4222 | clDice: 0.5312 | softclDice: 0.4405 | IoU: 0.2692 | Tversky: 0.4241 | Hausdorff: 421.2421 | HD95: 60.9170 | val_loss: 0.8253 | LR: 0.000250
2025-08-21 13:25:40 INFO Epoch 025 | Train Loss: 0.5333 | Val Loss: 0.8246 | Dice: 0.4394 | softDice: 0.4356 | clDice: 0.5435 | softclDice: 0.4276 | IoU: 0.2816 | Tversky: 0.4394 | Hausdorff: 361.3973 | HD95: 55.3465 | val_loss: 0.8246 | LR: 0.000250
2025-08-21 13:29:06 INFO Epoch 026 | Train Loss: 0.5347 | Val Loss: 0.8224 | Dice: 0.4189 | softDice: 0.4190 | clDice: 0.5367 | softclDice: 0.4291 | IoU: 0.2653 | Tversky: 0.4189 | Hausdorff: 436.9743 | HD95: 57.9538 | val_loss: 0.8224 | LR: 0.000250
2025-08-21 13:32:27 INFO Epoch 027 | Train Loss: 0.5219 | Val Loss: 0.8200 | Dice: 0.4356 | softDice: 0.4327 | clDice: 0.5527 | softclDice: 0.4199 | IoU: 0.2785 | Tversky: 0.4356 | Hausdorff: 317.0340 | HD95: 49.9025 | val_loss: 0.8200 | LR: 0.000250
2025-08-21 13:35:54 INFO Epoch 028 | Train Loss: 0.5245 | Val Loss: 0.8130 | Dice: 0.4412 | softDice: 0.4393 | clDice: 0.5643 | softclDice: 0.3994 | IoU: 0.2832 | Tversky: 0.4412 | Hausdorff: 289.9527 | HD95: 48.1957 | val_loss: 0.8130 | LR: 0.000250
2025-08-21 13:39:14 INFO Epoch 029 | Train Loss: 0.5218 | Val Loss: 0.8428 | Dice: 0.4442 | softDice: 0.4423 | clDice: 0.5541 | softclDice: 0.4043 | IoU: 0.2858 | Tversky: 0.4442 | Hausdorff: 299.6251 | HD95: 48.8775 | val_loss: 0.8428 | LR: 0.000250
2025-08-21 13:42:39 INFO Epoch 030 | Train Loss: 0.5244 | Val Loss: 0.8147 | Dice: 0.4293 | softDice: 0.4278 | clDice: 0.5628 | softclDice: 0.4383 | IoU: 0.2735 | Tversky: 0.4293 | Hausdorff: 260.3360 | HD95: 51.4844 | val_loss: 0.8147 | LR: 0.000250
2025-08-21 13:46:03 INFO Epoch 031 | Train Loss: 0.5270 | Val Loss: 0.8184 | Dice: 0.4369 | softDice: 0.4358 | clDice: 0.5469 | softclDice: 0.4138 | IoU: 0.2798 | Tversky: 0.4369 | Hausdorff: 272.2517 | HD95: 52.2854 | val_loss: 0.8184 | LR: 0.000250
2025-08-21 13:49:25 INFO Epoch 032 | Train Loss: 0.5207 | Val Loss: 0.8103 | Dice: 0.4238 | softDice: 0.4238 | clDice: 0.5502 | softclDice: 0.4341 | IoU: 0.2691 | Tversky: 0.4238 | Hausdorff: 360.0302 | HD95: 56.5745 | val_loss: 0.8103 | LR: 0.000250
2025-08-21 13:52:53 INFO Epoch 033 | Train Loss: 0.5387 | Val Loss: 0.8363 | Dice: 0.4029 | softDice: 0.4037 | clDice: 0.5316 | softclDice: 0.5620 | IoU: 0.2526 | Tversky: 0.4029 | Hausdorff: 404.2282 | HD95: 65.5430 | val_loss: 0.8363 | LR: 0.000250
2025-08-21 13:56:14 INFO Epoch 034 | Train Loss: 0.5671 | Val Loss: 0.8364 | Dice: 0.4226 | softDice: 0.4186 | clDice: 0.5173 | softclDice: 0.4745 | IoU: 0.2680 | Tversky: 0.4226 | Hausdorff: 454.1486 | HD95: 70.2919 | val_loss: 0.8364 | LR: 0.000250
2025-08-21 13:59:39 INFO Epoch 035 | Train Loss: 0.5496 | Val Loss: 0.8140 | Dice: 0.4296 | softDice: 0.4284 | clDice: 0.5475 | softclDice: 0.4090 | IoU: 0.2737 | Tversky: 0.4296 | Hausdorff: 431.8041 | HD95: 59.2887 | val_loss: 0.8140 | LR: 0.000250
2025-08-21 14:03:03 INFO Epoch 036 | Train Loss: 0.5355 | Val Loss: 0.8159 | Dice: 0.4375 | softDice: 0.4356 | clDice: 0.5464 | softclDice: 0.4094 | IoU: 0.2803 | Tversky: 0.4375 | Hausdorff: 407.3097 | HD95: 55.9538 | val_loss: 0.8159 | LR: 0.000250
2025-08-21 14:06:26 INFO Epoch 037 | Train Loss: 0.5399 | Val Loss: 0.8205 | Dice: 0.4174 | softDice: 0.4150 | clDice: 0.5269 | softclDice: 0.4263 | IoU: 0.2639 | Tversky: 0.4174 | Hausdorff: 421.9103 | HD95: 69.0870 | val_loss: 0.8205 | LR: 0.000250
2025-08-21 14:09:51 INFO Epoch 038 | Train Loss: 0.5601 | Val Loss: 0.8180 | Dice: 0.4077 | softDice: 0.4086 | clDice: 0.5275 | softclDice: 0.4331 | IoU: 0.2565 | Tversky: 0.4077 | Hausdorff: 369.6624 | HD95: 67.6682 | val_loss: 0.8180 | LR: 0.000125
2025-08-21 14:13:13 INFO Epoch 039 | Train Loss: 0.5520 | Val Loss: 0.8182 | Dice: 0.4232 | softDice: 0.4230 | clDice: 0.5424 | softclDice: 0.4204 | IoU: 0.2686 | Tversky: 0.4232 | Hausdorff: 332.4518 | HD95: 56.7189 | val_loss: 0.8182 | LR: 0.000125
2025-08-21 14:16:36 INFO Epoch 040 | Train Loss: 0.5381 | Val Loss: 0.8205 | Dice: 0.4331 | softDice: 0.4313 | clDice: 0.5462 | softclDice: 0.4188 | IoU: 0.2766 | Tversky: 0.4331 | Hausdorff: 308.8223 | HD95: 50.2364 | val_loss: 0.8205 | LR: 0.000125
2025-08-21 14:20:00 INFO Epoch 041 | Train Loss: 0.5398 | Val Loss: 0.8175 | Dice: 0.4360 | softDice: 0.4344 | clDice: 0.5487 | softclDice: 0.4084 | IoU: 0.2790 | Tversky: 0.4360 | Hausdorff: 307.6809 | HD95: 50.8524 | val_loss: 0.8175 | LR: 0.000125
2025-08-21 14:23:25 INFO Epoch 042 | Train Loss: 0.5282 | Val Loss: 0.8156 | Dice: 0.4393 | softDice: 0.4369 | clDice: 0.5570 | softclDice: 0.4113 | IoU: 0.2817 | Tversky: 0.4393 | Hausdorff: 241.6298 | HD95: 47.4938 | val_loss: 0.8156 | LR: 0.000125
2025-08-21 14:26:49 INFO Epoch 043 | Train Loss: 0.5215 | Val Loss: 0.8162 | Dice: 0.4372 | softDice: 0.4350 | clDice: 0.5501 | softclDice: 0.4084 | IoU: 0.2799 | Tversky: 0.4372 | Hausdorff: 277.2718 | HD95: 48.7886 | val_loss: 0.8162 | LR: 0.000125
2025-08-21 14:30:12 INFO Epoch 044 | Train Loss: 0.5232 | Val Loss: 0.8152 | Dice: 0.4364 | softDice: 0.4338 | clDice: 0.5505 | softclDice: 0.4118 | IoU: 0.2793 | Tversky: 0.4364 | Hausdorff: 423.4308 | HD95: 49.7426 | val_loss: 0.8152 | LR: 0.000063
2025-08-21 14:33:37 INFO Epoch 045 | Train Loss: 0.5297 | Val Loss: 0.8104 | Dice: 0.4303 | softDice: 0.4276 | clDice: 0.5519 | softclDice: 0.4257 | IoU: 0.2743 | Tversky: 0.4303 | Hausdorff: 410.4896 | HD95: 52.3241 | val_loss: 0.8104 | LR: 0.000063
2025-08-21 14:37:01 INFO Epoch 046 | Train Loss: 0.5278 | Val Loss: 0.8099 | Dice: 0.4267 | softDice: 0.4247 | clDice: 0.5512 | softclDice: 0.4371 | IoU: 0.2714 | Tversky: 0.4267 | Hausdorff: 421.7362 | HD95: 55.1912 | val_loss: 0.8099 | LR: 0.000063
2025-08-21 14:40:25 INFO Epoch 047 | Train Loss: 0.5293 | Val Loss: 0.8146 | Dice: 0.4300 | softDice: 0.4282 | clDice: 0.5461 | softclDice: 0.4159 | IoU: 0.2741 | Tversky: 0.4300 | Hausdorff: 431.8966 | HD95: 60.4618 | val_loss: 0.8146 | LR: 0.000063
2025-08-21 14:43:49 INFO Epoch 048 | Train Loss: 0.5254 | Val Loss: 0.8182 | Dice: 0.4354 | softDice: 0.4326 | clDice: 0.5533 | softclDice: 0.4281 | IoU: 0.2784 | Tversky: 0.4354 | Hausdorff: 364.1468 | HD95: 51.2711 | val_loss: 0.8182 | LR: 0.000063
2025-08-21 14:47:16 INFO Epoch 049 | Train Loss: 0.5316 | Val Loss: 0.8205 | Dice: 0.4390 | softDice: 0.4361 | clDice: 0.5554 | softclDice: 0.4282 | IoU: 0.2814 | Tversky: 0.4390 | Hausdorff: 330.5340 | HD95: 51.5576 | val_loss: 0.8205 | LR: 0.000063
2025-08-21 14:50:40 INFO Epoch 050 | Train Loss: 0.5265 | Val Loss: 0.8141 | Dice: 0.4296 | softDice: 0.4289 | clDice: 0.5516 | softclDice: 0.4282 | IoU: 0.2739 | Tversky: 0.4296 | Hausdorff: 250.0044 | HD95: 52.0146 | val_loss: 0.8141 | LR: 0.000063
2025-08-21 14:54:05 INFO Epoch 051 | Train Loss: 0.5224 | Val Loss: 0.8103 | Dice: 0.4299 | softDice: 0.4293 | clDice: 0.5470 | softclDice: 0.4230 | IoU: 0.2741 | Tversky: 0.4299 | Hausdorff: 266.7458 | HD95: 52.8448 | val_loss: 0.8103 | LR: 0.000063
2025-08-21 14:57:29 INFO Epoch 052 | Train Loss: 0.5204 | Val Loss: 0.8167 | Dice: 0.4306 | softDice: 0.4295 | clDice: 0.5460 | softclDice: 0.4263 | IoU: 0.2747 | Tversky: 0.4306 | Hausdorff: 245.5506 | HD95: 52.2289 | val_loss: 0.8167 | LR: 0.000031
2025-08-21 15:00:53 INFO Epoch 053 | Train Loss: 0.5221 | Val Loss: 0.8201 | Dice: 0.4342 | softDice: 0.4322 | clDice: 0.5502 | softclDice: 0.4401 | IoU: 0.2776 | Tversky: 0.4342 | Hausdorff: 235.1758 | HD95: 51.0328 | val_loss: 0.8201 | LR: 0.000031
2025-08-21 15:04:18 INFO Epoch 054 | Train Loss: 0.5236 | Val Loss: 0.8168 | Dice: 0.4362 | softDice: 0.4347 | clDice: 0.5519 | softclDice: 0.4338 | IoU: 0.2792 | Tversky: 0.4362 | Hausdorff: 231.8131 | HD95: 50.4216 | val_loss: 0.8168 | LR: 0.000031
2025-08-21 15:07:43 INFO Epoch 055 | Train Loss: 0.5246 | Val Loss: 0.8172 | Dice: 0.4345 | softDice: 0.4332 | clDice: 0.5538 | softclDice: 0.4452 | IoU: 0.2779 | Tversky: 0.4345 | Hausdorff: 236.7246 | HD95: 50.2932 | val_loss: 0.8172 | LR: 0.000031
2025-08-21 15:11:09 INFO Epoch 056 | Train Loss: 0.5201 | Val Loss: 0.8159 | Dice: 0.4378 | softDice: 0.4367 | clDice: 0.5555 | softclDice: 0.4320 | IoU: 0.2805 | Tversky: 0.4378 | Hausdorff: 229.9933 | HD95: 49.6863 | val_loss: 0.8159 | LR: 0.000031
2025-08-21 15:14:32 INFO Epoch 057 | Train Loss: 0.5218 | Val Loss: 0.8137 | Dice: 0.4377 | softDice: 0.4361 | clDice: 0.5563 | softclDice: 0.4320 | IoU: 0.2804 | Tversky: 0.4377 | Hausdorff: 226.2665 | HD95: 49.3782 | val_loss: 0.8137 | LR: 0.000031
2025-08-21 15:17:58 INFO Epoch 058 | Train Loss: 0.5154 | Val Loss: 0.8134 | Dice: 0.4386 | softDice: 0.4365 | clDice: 0.5573 | softclDice: 0.4338 | IoU: 0.2811 | Tversky: 0.4386 | Hausdorff: 226.2861 | HD95: 49.6572 | val_loss: 0.8134 | LR: 0.000016
2025-08-21 15:21:22 INFO Epoch 059 | Train Loss: 0.5192 | Val Loss: 0.8124 | Dice: 0.4396 | softDice: 0.4374 | clDice: 0.5587 | softclDice: 0.4308 | IoU: 0.2819 | Tversky: 0.4396 | Hausdorff: 226.3003 | HD95: 48.8765 | val_loss: 0.8124 | LR: 0.000016
2025-08-21 15:24:47 INFO Epoch 060 | Train Loss: 0.5177 | Val Loss: 0.8128 | Dice: 0.4366 | softDice: 0.4354 | clDice: 0.5573 | softclDice: 0.4314 | IoU: 0.2795 | Tversky: 0.4366 | Hausdorff: 256.2916 | HD95: 49.0092 | val_loss: 0.8128 | LR: 0.000016
2025-08-21 15:28:14 INFO Epoch 061 | Train Loss: 0.5181 | Val Loss: 0.8134 | Dice: 0.4367 | softDice: 0.4358 | clDice: 0.5580 | softclDice: 0.4321 | IoU: 0.2796 | Tversky: 0.4367 | Hausdorff: 248.3856 | HD95: 48.6438 | val_loss: 0.8134 | LR: 0.000016
2025-08-21 15:31:37 INFO Epoch 062 | Train Loss: 0.5191 | Val Loss: 0.8155 | Dice: 0.4402 | softDice: 0.4384 | clDice: 0.5590 | softclDice: 0.4286 | IoU: 0.2824 | Tversky: 0.4402 | Hausdorff: 242.7971 | HD95: 48.1113 | val_loss: 0.8155 | LR: 0.000016
2025-08-21 15:35:02 INFO Epoch 063 | Train Loss: 0.5238 | Val Loss: 0.8151 | Dice: 0.4408 | softDice: 0.4386 | clDice: 0.5582 | softclDice: 0.4280 | IoU: 0.2829 | Tversky: 0.4408 | Hausdorff: 226.3700 | HD95: 48.2200 | val_loss: 0.8151 | LR: 0.000016
2025-08-21 15:38:25 INFO Epoch 064 | Train Loss: 0.5176 | Val Loss: 0.8155 | Dice: 0.4413 | softDice: 0.4389 | clDice: 0.5581 | softclDice: 0.4318 | IoU: 0.2833 | Tversky: 0.4413 | Hausdorff: 229.3512 | HD95: 48.1571 | val_loss: 0.8155 | LR: 0.000008
2025-08-21 15:41:51 INFO Early stopping at epoch 65 | Best Dice: 0.4442 at epoch 1
2025-08-21 15:43:34 INFO Fold 4 results: Dice: 0.4412 | softDice: 0.4393 | clDice: 0.5643 | softclDice: 0.3994 | IoU: 0.2832 | Tversky: 0.4412 | Hausdorff: 289.9527 | HD95: 48.1957 | val_loss: 0.8130
2025-08-21 15:43:34 INFO ===== Fold 5 / 5 =====
2025-08-21 15:43:34 INFO Loading model unet with settings {'name': 'unet', 'encoder_name': 'se_resnext50_32x4d', 'encoder_weights': 'imagenet', 'classes': 1, 'activation': None, 'dropout': 0.2}
2025-08-21 15:46:57 INFO Epoch 001 | Train Loss: 0.7742 | Val Loss: 1.0000 | Dice: 0.3853 | softDice: 0.1965 | clDice: 0.4592 | softclDice: 0.5719 | IoU: 0.2387 | Tversky: 0.3853 | Hausdorff: 685.9714 | HD95: 73.3188 | val_loss: 1.0000 | LR: 0.001000
2025-08-21 15:50:21 INFO Epoch 002 | Train Loss: 0.6281 | Val Loss: 1.0000 | Dice: 0.3599 | softDice: 0.3197 | clDice: 0.4393 | softclDice: 0.5762 | IoU: 0.2204 | Tversky: 0.3599 | Hausdorff: 639.1580 | HD95: 151.4402 | val_loss: 1.0000 | LR: 0.001000
2025-08-21 15:53:46 INFO Epoch 003 | Train Loss: 0.5778 | Val Loss: 0.8469 | Dice: 0.3513 | softDice: 0.3471 | clDice: 0.4572 | softclDice: 0.4987 | IoU: 0.2138 | Tversky: 0.3513 | Hausdorff: 356.3038 | HD95: 97.0200 | val_loss: 0.8469 | LR: 0.001000
2025-08-21 15:57:11 INFO Epoch 004 | Train Loss: 0.5753 | Val Loss: 0.9807 | Dice: 0.3809 | softDice: 0.3771 | clDice: 0.4723 | softclDice: 0.4792 | IoU: 0.2359 | Tversky: 0.3809 | Hausdorff: 439.8304 | HD95: 91.8438 | val_loss: 0.9807 | LR: 0.001000
2025-08-21 16:00:32 INFO Epoch 005 | Train Loss: 0.5686 | Val Loss: 0.9323 | Dice: 0.4359 | softDice: 0.4240 | clDice: 0.5219 | softclDice: 0.4681 | IoU: 0.2789 | Tversky: 0.4359 | Hausdorff: 222.0146 | HD95: 70.3223 | val_loss: 0.9323 | LR: 0.001000
2025-08-21 16:03:56 INFO Epoch 006 | Train Loss: 0.5567 | Val Loss: 0.8280 | Dice: 0.4241 | softDice: 0.4192 | clDice: 0.5312 | softclDice: 0.4382 | IoU: 0.2694 | Tversky: 0.4241 | Hausdorff: 325.2726 | HD95: 64.7996 | val_loss: 0.8280 | LR: 0.001000
2025-08-21 16:07:17 INFO Epoch 007 | Train Loss: 0.5535 | Val Loss: 0.8309 | Dice: 0.4380 | softDice: 0.4292 | clDice: 0.5346 | softclDice: 0.4483 | IoU: 0.2805 | Tversky: 0.4380 | Hausdorff: 383.0529 | HD95: 59.0725 | val_loss: 0.8309 | LR: 0.001000
2025-08-21 16:10:38 INFO Epoch 008 | Train Loss: 0.5721 | Val Loss: 0.8370 | Dice: 0.4020 | softDice: 0.3951 | clDice: 0.4877 | softclDice: 0.4680 | IoU: 0.2518 | Tversky: 0.4020 | Hausdorff: 330.6029 | HD95: 75.9997 | val_loss: 0.8370 | LR: 0.001000
2025-08-21 16:13:59 INFO Epoch 009 | Train Loss: 0.5686 | Val Loss: 0.8390 | Dice: 0.4116 | softDice: 0.4039 | clDice: 0.5075 | softclDice: 0.4743 | IoU: 0.2592 | Tversky: 0.4116 | Hausdorff: 314.1580 | HD95: 73.3560 | val_loss: 0.8390 | LR: 0.001000
2025-08-21 16:17:22 INFO Epoch 010 | Train Loss: 0.5753 | Val Loss: 0.8442 | Dice: 0.3715 | softDice: 0.3685 | clDice: 0.4542 | softclDice: 0.4769 | IoU: 0.2285 | Tversky: 0.3715 | Hausdorff: 554.6443 | HD95: 84.7729 | val_loss: 0.8442 | LR: 0.001000
2025-08-21 16:20:45 INFO Epoch 011 | Train Loss: 0.5577 | Val Loss: 0.8229 | Dice: 0.4236 | softDice: 0.4211 | clDice: 0.5347 | softclDice: 0.4273 | IoU: 0.2690 | Tversky: 0.4236 | Hausdorff: 442.3602 | HD95: 63.4236 | val_loss: 0.8229 | LR: 0.001000
2025-08-21 16:24:10 INFO Epoch 012 | Train Loss: 0.5637 | Val Loss: 0.8204 | Dice: 0.4082 | softDice: 0.4071 | clDice: 0.5276 | softclDice: 0.4150 | IoU: 0.2567 | Tversky: 0.4082 | Hausdorff: 370.5246 | HD95: 69.7957 | val_loss: 0.8204 | LR: 0.001000
2025-08-21 16:27:30 INFO Epoch 013 | Train Loss: 0.5545 | Val Loss: 0.9054 | Dice: 0.4032 | softDice: 0.4023 | clDice: 0.5018 | softclDice: 0.4478 | IoU: 0.2528 | Tversky: 0.4032 | Hausdorff: 310.2399 | HD95: 74.9884 | val_loss: 0.9054 | LR: 0.001000
2025-08-21 16:30:54 INFO Epoch 014 | Train Loss: 0.5472 | Val Loss: 0.8253 | Dice: 0.4045 | softDice: 0.4030 | clDice: 0.5149 | softclDice: 0.4325 | IoU: 0.2539 | Tversky: 0.4045 | Hausdorff: 295.3564 | HD95: 71.0312 | val_loss: 0.8253 | LR: 0.001000
2025-08-21 16:34:14 INFO Epoch 015 | Train Loss: 0.5460 | Val Loss: 0.8260 | Dice: 0.4244 | softDice: 0.4201 | clDice: 0.5384 | softclDice: 0.4353 | IoU: 0.2695 | Tversky: 0.4244 | Hausdorff: 324.9407 | HD95: 63.4232 | val_loss: 0.8260 | LR: 0.001000
2025-08-21 16:37:34 INFO Epoch 016 | Train Loss: 0.5445 | Val Loss: 0.8235 | Dice: 0.4200 | softDice: 0.4151 | clDice: 0.5318 | softclDice: 0.4387 | IoU: 0.2660 | Tversky: 0.4200 | Hausdorff: 345.9997 | HD95: 67.0428 | val_loss: 0.8235 | LR: 0.001000
2025-08-21 16:40:57 INFO Epoch 017 | Train Loss: 0.5480 | Val Loss: 0.9786 | Dice: 0.4391 | softDice: 0.4345 | clDice: 0.5328 | softclDice: 0.4439 | IoU: 0.2815 | Tversky: 0.4391 | Hausdorff: 388.4068 | HD95: 60.5998 | val_loss: 0.9786 | LR: 0.001000
2025-08-21 16:44:20 INFO Epoch 018 | Train Loss: 0.5471 | Val Loss: 0.8274 | Dice: 0.3950 | softDice: 0.3949 | clDice: 0.5090 | softclDice: 0.4510 | IoU: 0.2465 | Tversky: 0.3950 | Hausdorff: 460.3930 | HD95: 77.2114 | val_loss: 0.8274 | LR: 0.000500
2025-08-21 16:47:41 INFO Epoch 019 | Train Loss: 0.5377 | Val Loss: 0.8218 | Dice: 0.4335 | softDice: 0.4306 | clDice: 0.5441 | softclDice: 0.4254 | IoU: 0.2769 | Tversky: 0.4335 | Hausdorff: 278.3463 | HD95: 60.6645 | val_loss: 0.8218 | LR: 0.000500
2025-08-21 16:51:02 INFO Epoch 020 | Train Loss: 0.5550 | Val Loss: 0.8280 | Dice: 0.4025 | softDice: 0.3981 | clDice: 0.5217 | softclDice: 0.4489 | IoU: 0.2522 | Tversky: 0.4025 | Hausdorff: 233.7577 | HD95: 72.3428 | val_loss: 0.8280 | LR: 0.000500
2025-08-21 16:54:23 INFO Epoch 021 | Train Loss: 0.5777 | Val Loss: 0.8328 | Dice: 0.3562 | softDice: 0.3601 | clDice: 0.4516 | softclDice: 0.4717 | IoU: 0.2173 | Tversky: 0.3562 | Hausdorff: 608.8475 | HD95: 118.3443 | val_loss: 0.8328 | LR: 0.000500
2025-08-21 16:57:45 INFO Epoch 022 | Train Loss: 0.5681 | Val Loss: 0.8219 | Dice: 0.4025 | softDice: 0.4017 | clDice: 0.5117 | softclDice: 0.4332 | IoU: 0.2521 | Tversky: 0.4025 | Hausdorff: 399.9487 | HD95: 69.0675 | val_loss: 0.8219 | LR: 0.000500
2025-08-21 17:01:07 INFO Epoch 023 | Train Loss: 0.5574 | Val Loss: 0.8187 | Dice: 0.4098 | softDice: 0.4102 | clDice: 0.5211 | softclDice: 0.4180 | IoU: 0.2580 | Tversky: 0.4098 | Hausdorff: 407.2013 | HD95: 65.9962 | val_loss: 0.8187 | LR: 0.000500
2025-08-21 17:04:29 INFO Epoch 024 | Train Loss: 0.5362 | Val Loss: 0.8252 | Dice: 0.4277 | softDice: 0.4205 | clDice: 0.5428 | softclDice: 0.4400 | IoU: 0.2721 | Tversky: 0.4277 | Hausdorff: 443.0752 | HD95: 64.0767 | val_loss: 0.8252 | LR: 0.000500
2025-08-21 17:07:52 INFO Epoch 025 | Train Loss: 0.5414 | Val Loss: 0.8244 | Dice: 0.4299 | softDice: 0.4235 | clDice: 0.5449 | softclDice: 0.4437 | IoU: 0.2739 | Tversky: 0.4299 | Hausdorff: 286.8968 | HD95: 69.2185 | val_loss: 0.8244 | LR: 0.000500
2025-08-21 17:11:17 INFO Epoch 026 | Train Loss: 0.5596 | Val Loss: 0.8185 | Dice: 0.4068 | softDice: 0.4086 | clDice: 0.5197 | softclDice: 0.4164 | IoU: 0.2557 | Tversky: 0.4068 | Hausdorff: 310.2550 | HD95: 71.5932 | val_loss: 0.8185 | LR: 0.000500
2025-08-21 17:14:43 INFO Epoch 027 | Train Loss: 0.5342 | Val Loss: 0.8203 | Dice: 0.4221 | softDice: 0.4212 | clDice: 0.5340 | softclDice: 0.4196 | IoU: 0.2678 | Tversky: 0.4221 | Hausdorff: 289.6135 | HD95: 62.5578 | val_loss: 0.8203 | LR: 0.000500
2025-08-21 17:18:05 INFO Epoch 028 | Train Loss: 0.5371 | Val Loss: 0.8239 | Dice: 0.4325 | softDice: 0.4283 | clDice: 0.5426 | softclDice: 0.4365 | IoU: 0.2761 | Tversky: 0.4325 | Hausdorff: 241.2185 | HD95: 58.0806 | val_loss: 0.8239 | LR: 0.000500
2025-08-21 17:21:28 INFO Epoch 029 | Train Loss: 0.5308 | Val Loss: 0.8268 | Dice: 0.4459 | softDice: 0.4413 | clDice: 0.5472 | softclDice: 0.4338 | IoU: 0.2871 | Tversky: 0.4459 | Hausdorff: 226.4473 | HD95: 56.7627 | val_loss: 0.8268 | LR: 0.000500
2025-08-21 17:24:54 INFO Epoch 030 | Train Loss: 0.5225 | Val Loss: 0.8149 | Dice: 0.4368 | softDice: 0.4357 | clDice: 0.5540 | softclDice: 0.4077 | IoU: 0.2796 | Tversky: 0.4368 | Hausdorff: 222.3085 | HD95: 56.2195 | val_loss: 0.8149 | LR: 0.000500
2025-08-21 17:28:19 INFO Epoch 031 | Train Loss: 0.5189 | Val Loss: 0.8157 | Dice: 0.4363 | softDice: 0.4345 | clDice: 0.5536 | softclDice: 0.4052 | IoU: 0.2792 | Tversky: 0.4363 | Hausdorff: 224.6689 | HD95: 55.3271 | val_loss: 0.8157 | LR: 0.000500
2025-08-21 17:31:43 INFO Epoch 032 | Train Loss: 0.5250 | Val Loss: 0.8157 | Dice: 0.4381 | softDice: 0.4383 | clDice: 0.5511 | softclDice: 0.4028 | IoU: 0.2807 | Tversky: 0.4381 | Hausdorff: 263.3798 | HD95: 59.2088 | val_loss: 0.8157 | LR: 0.000500
2025-08-21 17:35:05 INFO Epoch 033 | Train Loss: 0.5139 | Val Loss: 0.9234 | Dice: 0.4434 | softDice: 0.4415 | clDice: 0.5438 | softclDice: 0.4174 | IoU: 0.2851 | Tversky: 0.4434 | Hausdorff: 214.1646 | HD95: 54.5188 | val_loss: 0.9234 | LR: 0.000500
2025-08-21 17:38:31 INFO Epoch 034 | Train Loss: 0.5149 | Val Loss: 0.8070 | Dice: 0.4058 | softDice: 0.4076 | clDice: 0.5253 | softclDice: 0.4597 | IoU: 0.2548 | Tversky: 0.4058 | Hausdorff: 231.4996 | HD95: 64.4998 | val_loss: 0.8070 | LR: 0.000500
2025-08-21 17:41:54 INFO Epoch 035 | Train Loss: 0.5507 | Val Loss: 0.8238 | Dice: 0.4132 | softDice: 0.4130 | clDice: 0.5195 | softclDice: 0.4370 | IoU: 0.2606 | Tversky: 0.4132 | Hausdorff: 294.2507 | HD95: 64.8087 | val_loss: 0.8238 | LR: 0.000500
2025-08-21 17:45:15 INFO Epoch 036 | Train Loss: 0.5572 | Val Loss: 0.8652 | Dice: 0.2777 | softDice: 0.2794 | clDice: 0.3668 | softclDice: 0.6273 | IoU: 0.1618 | Tversky: 0.2777 | Hausdorff: 568.2093 | HD95: 194.4605 | val_loss: 0.8652 | LR: 0.000500
2025-08-21 17:48:42 INFO Epoch 037 | Train Loss: 0.6999 | Val Loss: 0.9097 | Dice: 0.2777 | softDice: 0.2791 | clDice: 0.3599 | softclDice: 0.7051 | IoU: 0.1620 | Tversky: 0.2777 | Hausdorff: 711.1002 | HD95: 171.4760 | val_loss: 0.9097 | LR: 0.000500
2025-08-21 17:52:04 INFO Epoch 038 | Train Loss: 0.6620 | Val Loss: 0.8627 | Dice: 0.3088 | softDice: 0.3087 | clDice: 0.4068 | softclDice: 0.6141 | IoU: 0.1834 | Tversky: 0.3088 | Hausdorff: 505.2026 | HD95: 115.1437 | val_loss: 0.8627 | LR: 0.000500
2025-08-21 17:55:27 INFO Epoch 039 | Train Loss: 0.6287 | Val Loss: 0.8401 | Dice: 0.3504 | softDice: 0.3440 | clDice: 0.4486 | softclDice: 0.5147 | IoU: 0.2130 | Tversky: 0.3504 | Hausdorff: 487.8505 | HD95: 97.5830 | val_loss: 0.8401 | LR: 0.000500
2025-08-21 17:58:48 INFO Epoch 040 | Train Loss: 0.5915 | Val Loss: 0.8386 | Dice: 0.3800 | softDice: 0.3742 | clDice: 0.4698 | softclDice: 0.4844 | IoU: 0.2351 | Tversky: 0.3800 | Hausdorff: 425.3049 | HD95: 91.0589 | val_loss: 0.8386 | LR: 0.000250
2025-08-21 18:02:09 INFO Epoch 041 | Train Loss: 0.5704 | Val Loss: 0.8310 | Dice: 0.3873 | softDice: 0.3824 | clDice: 0.4899 | softclDice: 0.4614 | IoU: 0.2406 | Tversky: 0.3873 | Hausdorff: 447.5507 | HD95: 86.0803 | val_loss: 0.8310 | LR: 0.000250
2025-08-21 18:05:32 INFO Epoch 042 | Train Loss: 0.5577 | Val Loss: 0.8307 | Dice: 0.3959 | softDice: 0.3922 | clDice: 0.4981 | softclDice: 0.4593 | IoU: 0.2472 | Tversky: 0.3959 | Hausdorff: 444.0792 | HD95: 83.3323 | val_loss: 0.8307 | LR: 0.000250
2025-08-21 18:08:52 INFO Epoch 043 | Train Loss: 0.5557 | Val Loss: 0.8277 | Dice: 0.4014 | softDice: 0.3979 | clDice: 0.5061 | softclDice: 0.4449 | IoU: 0.2514 | Tversky: 0.4014 | Hausdorff: 442.3193 | HD95: 80.9090 | val_loss: 0.8277 | LR: 0.000250
2025-08-21 18:12:13 INFO Epoch 044 | Train Loss: 0.5489 | Val Loss: 0.8272 | Dice: 0.4049 | softDice: 0.4012 | clDice: 0.5121 | softclDice: 0.4446 | IoU: 0.2541 | Tversky: 0.4049 | Hausdorff: 411.0453 | HD95: 74.1240 | val_loss: 0.8272 | LR: 0.000250
2025-08-21 18:15:34 INFO Epoch 045 | Train Loss: 0.5548 | Val Loss: 0.8287 | Dice: 0.4131 | softDice: 0.4076 | clDice: 0.5177 | softclDice: 0.4442 | IoU: 0.2605 | Tversky: 0.4131 | Hausdorff: 373.5170 | HD95: 73.2259 | val_loss: 0.8287 | LR: 0.000250
2025-08-21 18:18:55 INFO Epoch 046 | Train Loss: 0.5447 | Val Loss: 0.8238 | Dice: 0.4184 | softDice: 0.4145 | clDice: 0.5283 | softclDice: 0.4266 | IoU: 0.2648 | Tversky: 0.4184 | Hausdorff: 374.1127 | HD95: 70.0955 | val_loss: 0.8238 | LR: 0.000125
2025-08-21 18:22:19 INFO Epoch 047 | Train Loss: 0.5390 | Val Loss: 0.8242 | Dice: 0.4205 | softDice: 0.4162 | clDice: 0.5295 | softclDice: 0.4266 | IoU: 0.2665 | Tversky: 0.4205 | Hausdorff: 400.3984 | HD95: 68.4811 | val_loss: 0.8242 | LR: 0.000125
2025-08-21 18:25:40 INFO Epoch 048 | Train Loss: 0.5410 | Val Loss: 0.8199 | Dice: 0.4176 | softDice: 0.4147 | clDice: 0.5327 | softclDice: 0.4207 | IoU: 0.2641 | Tversky: 0.4176 | Hausdorff: 386.3589 | HD95: 68.5523 | val_loss: 0.8199 | LR: 0.000125
2025-08-21 18:29:03 INFO Epoch 049 | Train Loss: 0.5391 | Val Loss: 0.8221 | Dice: 0.4198 | softDice: 0.4172 | clDice: 0.5286 | softclDice: 0.4248 | IoU: 0.2660 | Tversky: 0.4198 | Hausdorff: 454.2449 | HD95: 67.5472 | val_loss: 0.8221 | LR: 0.000125
2025-08-21 18:32:25 INFO Epoch 050 | Train Loss: 0.5356 | Val Loss: 0.8238 | Dice: 0.4267 | softDice: 0.4237 | clDice: 0.5304 | softclDice: 0.4253 | IoU: 0.2714 | Tversky: 0.4267 | Hausdorff: 398.9852 | HD95: 65.8760 | val_loss: 0.8238 | LR: 0.000125
2025-08-21 18:35:45 INFO Epoch 051 | Train Loss: 0.5311 | Val Loss: 0.8224 | Dice: 0.4251 | softDice: 0.4225 | clDice: 0.5329 | softclDice: 0.4220 | IoU: 0.2701 | Tversky: 0.4251 | Hausdorff: 369.4814 | HD95: 66.0359 | val_loss: 0.8224 | LR: 0.000125
2025-08-21 18:39:08 INFO Epoch 052 | Train Loss: 0.5339 | Val Loss: 0.8220 | Dice: 0.4280 | softDice: 0.4249 | clDice: 0.5346 | softclDice: 0.4208 | IoU: 0.2724 | Tversky: 0.4280 | Hausdorff: 360.7774 | HD95: 63.6566 | val_loss: 0.8220 | LR: 0.000063
2025-08-21 18:42:31 INFO Early stopping at epoch 53 | Best Dice: 0.4459 at epoch 1
2025-08-21 18:44:13 INFO Fold 5 results: Dice: 0.4381 | softDice: 0.4383 | clDice: 0.5511 | softclDice: 0.4028 | IoU: 0.2807 | Tversky: 0.4381 | Hausdorff: 263.3798 | HD95: 59.2088 | val_loss: 0.8157
2025-08-21 18:44:13 INFO ===== Cross-validation results =====
2025-08-21 18:44:13 INFO Dice: 0.4385 | softDice: 0.4378 | clDice: 0.5542 | softclDice: 0.4070 | IoU: 0.2811 | Tversky: 0.4385 | Hausdorff: 332.8940 | HD95: 54.5546 | val_loss: 0.8224
