2025-08-21 01:04:53 INFO Starting training with configuration: {'model': {'name': 'unet', 'encoder_name': 'se_resnext50_32x4d', 'encoder_weights': 'imagenet', 'classes': 1, 'activation': None, 'dropout': 0.2}, 'dataset': {'root': '/data/smadper@alumno.upv.es/TFM/datasets/laticifers', 'patch_size': [512, 512], 'stride': [256, 256], 'num_patches': 50, 'num_workers': 4, 'feature_dirs': {'image': '/data/smadper@alumno.upv.es/TFM/datasets/laticifers/enhanced_images', 'mask': '/data/smadper@alumno.upv.es/TFM/datasets/laticifers/masks', 'distance': '/data/smadper@alumno.upv.es/TFM/datasets/laticifers/distance_maps_pt'}}, 'train': {'batch_size': 32, 'num_epochs': 70, 'learning_rate': 0.001, 'accumulation_steps': 1, 'save_dir': '/data/smadper@alumno.upv.es/TFM/checkpoints_cv2/unet/20250821_010453_unet_se_resnext50_32x4d_dice_cldice0.2', 'log_interval': 1, 'patience': 20, 'mixed_precision': True, 'experiment_name': 'unet_se_resnext50_32x4d_dice_cldice0.2', 'timestamp': '20250821_010453'}, 'test': {'batch_size': 1}, 'loss': {'name': 'dice_cldice', 'cldice_alpha': 0.3, 'tversky_alpha': 0.3, 'tversky_beta': 0.7, 'focal_tversky_gamma': 0.75, 'use_topographic': False, 'combine_with': None, 'weights': {'main': 1.0, 'combined': 0.0}, 'topo': {'alpha': 2.0, 'beta': 1.0}}}
2025-08-21 01:04:53 INFO Experiment name: unet_se_resnext50_32x4d_dice_cldice0.2
2025-08-21 01:04:53 INFO ===== Fold 1 / 5 =====
2025-08-21 01:04:53 INFO Loading model unet with settings {'name': 'unet', 'encoder_name': 'se_resnext50_32x4d', 'encoder_weights': 'imagenet', 'classes': 1, 'activation': None, 'dropout': 0.2}
2025-08-21 01:08:43 INFO Epoch 001 | Train Loss: 0.7642 | Val Loss: 1.0000 | Dice: 0.3391 | softDice: 0.2046 | clDice: 0.4426 | softclDice: 0.5685 | IoU: 0.2042 | Tversky: 0.3391 | Hausdorff: 441.0219 | HD95: 66.9579 | val_loss: 1.0000 | LR: 0.001000
2025-08-21 01:12:33 INFO Epoch 002 | Train Loss: 0.6406 | Val Loss: 1.0000 | Dice: 0.3726 | softDice: 0.3187 | clDice: 0.4728 | softclDice: 0.5180 | IoU: 0.2291 | Tversky: 0.3726 | Hausdorff: 523.3459 | HD95: 87.2138 | val_loss: 1.0000 | LR: 0.001000
2025-08-21 01:16:19 INFO Epoch 003 | Train Loss: 0.5816 | Val Loss: 0.9344 | Dice: 0.4020 | softDice: 0.3807 | clDice: 0.4786 | softclDice: 0.5103 | IoU: 0.2516 | Tversky: 0.4020 | Hausdorff: 580.7974 | HD95: 89.4007 | val_loss: 0.9344 | LR: 0.001000
2025-08-21 01:20:06 INFO Epoch 004 | Train Loss: 0.5965 | Val Loss: 0.8698 | Dice: 0.3422 | softDice: 0.3342 | clDice: 0.3881 | softclDice: 0.5804 | IoU: 0.2067 | Tversky: 0.3422 | Hausdorff: 423.8814 | HD95: 119.2332 | val_loss: 0.8698 | LR: 0.001000
2025-08-21 01:23:49 INFO Epoch 005 | Train Loss: 0.5983 | Val Loss: 0.9555 | Dice: 0.4001 | softDice: 0.3942 | clDice: 0.4653 | softclDice: 0.5101 | IoU: 0.2503 | Tversky: 0.4001 | Hausdorff: 540.0775 | HD95: 85.8813 | val_loss: 0.9555 | LR: 0.001000
2025-08-21 01:27:42 INFO Epoch 006 | Train Loss: 0.5531 | Val Loss: 0.8659 | Dice: 0.4141 | softDice: 0.4063 | clDice: 0.5062 | softclDice: 0.4821 | IoU: 0.2612 | Tversky: 0.4141 | Hausdorff: 465.4492 | HD95: 76.0303 | val_loss: 0.8659 | LR: 0.001000
2025-08-21 01:31:32 INFO Epoch 007 | Train Loss: 0.5557 | Val Loss: 0.8544 | Dice: 0.3986 | softDice: 0.3972 | clDice: 0.5038 | softclDice: 0.4501 | IoU: 0.2490 | Tversky: 0.3986 | Hausdorff: 462.5636 | HD95: 81.9572 | val_loss: 0.8544 | LR: 0.001000
2025-08-21 01:35:24 INFO Epoch 008 | Train Loss: 0.5577 | Val Loss: 0.9544 | Dice: 0.3308 | softDice: 0.3345 | clDice: 0.4116 | softclDice: 0.5229 | IoU: 0.1983 | Tversky: 0.3308 | Hausdorff: 634.6481 | HD95: 113.4071 | val_loss: 0.9544 | LR: 0.001000
2025-08-21 01:39:29 INFO Epoch 009 | Train Loss: 0.5668 | Val Loss: 0.8556 | Dice: 0.3480 | softDice: 0.3508 | clDice: 0.4567 | softclDice: 0.4617 | IoU: 0.2107 | Tversky: 0.3480 | Hausdorff: 625.9201 | HD95: 127.4749 | val_loss: 0.8556 | LR: 0.001000
2025-08-21 01:43:14 INFO Epoch 010 | Train Loss: 0.5693 | Val Loss: 0.8892 | Dice: 0.3973 | softDice: 0.3934 | clDice: 0.4741 | softclDice: 0.5044 | IoU: 0.2481 | Tversky: 0.3973 | Hausdorff: 603.0265 | HD95: 100.0073 | val_loss: 0.8892 | LR: 0.001000
2025-08-21 01:47:04 INFO Epoch 011 | Train Loss: 0.5660 | Val Loss: 0.9093 | Dice: 0.4128 | softDice: 0.4093 | clDice: 0.5039 | softclDice: 0.4693 | IoU: 0.2602 | Tversky: 0.4128 | Hausdorff: 255.8587 | HD95: 73.2142 | val_loss: 0.9093 | LR: 0.001000
2025-08-21 01:50:50 INFO Epoch 012 | Train Loss: 0.5456 | Val Loss: 0.8354 | Dice: 0.4307 | softDice: 0.4259 | clDice: 0.5279 | softclDice: 0.4605 | IoU: 0.2745 | Tversky: 0.4307 | Hausdorff: 253.4723 | HD95: 64.3537 | val_loss: 0.8354 | LR: 0.001000
2025-08-21 01:54:33 INFO Epoch 013 | Train Loss: 0.5645 | Val Loss: 0.8766 | Dice: 0.3936 | softDice: 0.3885 | clDice: 0.4742 | softclDice: 0.5189 | IoU: 0.2451 | Tversky: 0.3936 | Hausdorff: 428.5958 | HD95: 90.5718 | val_loss: 0.8766 | LR: 0.001000
2025-08-21 01:58:14 INFO Epoch 014 | Train Loss: 0.5552 | Val Loss: 0.8289 | Dice: 0.3989 | softDice: 0.4006 | clDice: 0.5087 | softclDice: 0.4575 | IoU: 0.2493 | Tversky: 0.3989 | Hausdorff: 422.2724 | HD95: 83.7508 | val_loss: 0.8289 | LR: 0.001000
2025-08-21 02:01:55 INFO Epoch 015 | Train Loss: 0.6035 | Val Loss: 0.9809 | Dice: 0.3068 | softDice: 0.2984 | clDice: 0.3317 | softclDice: 0.6301 | IoU: 0.1816 | Tversky: 0.3068 | Hausdorff: 404.3135 | HD95: 114.4069 | val_loss: 0.9809 | LR: 0.001000
2025-08-21 02:05:41 INFO Epoch 016 | Train Loss: 0.6088 | Val Loss: 0.8488 | Dice: 0.3892 | softDice: 0.3859 | clDice: 0.4732 | softclDice: 0.5055 | IoU: 0.2418 | Tversky: 0.3892 | Hausdorff: 351.5569 | HD95: 91.2969 | val_loss: 0.8488 | LR: 0.001000
2025-08-21 02:09:20 INFO Epoch 017 | Train Loss: 0.5594 | Val Loss: 0.8357 | Dice: 0.4160 | softDice: 0.4142 | clDice: 0.5048 | softclDice: 0.4905 | IoU: 0.2627 | Tversky: 0.4160 | Hausdorff: 271.6280 | HD95: 72.8502 | val_loss: 0.8357 | LR: 0.001000
2025-08-21 02:13:03 INFO Epoch 018 | Train Loss: 0.5500 | Val Loss: 0.9094 | Dice: 0.4235 | softDice: 0.4216 | clDice: 0.4937 | softclDice: 0.4933 | IoU: 0.2688 | Tversky: 0.4235 | Hausdorff: 616.1224 | HD95: 74.0353 | val_loss: 0.9094 | LR: 0.001000
2025-08-21 02:16:46 INFO Epoch 019 | Train Loss: 0.5822 | Val Loss: 0.9402 | Dice: 0.3815 | softDice: 0.3795 | clDice: 0.4466 | softclDice: 0.5425 | IoU: 0.2359 | Tversky: 0.3815 | Hausdorff: 613.3800 | HD95: 99.0357 | val_loss: 0.9402 | LR: 0.001000
2025-08-21 02:20:45 INFO Epoch 020 | Train Loss: 0.5497 | Val Loss: 0.8340 | Dice: 0.4178 | softDice: 0.4128 | clDice: 0.5161 | softclDice: 0.4608 | IoU: 0.2642 | Tversky: 0.4178 | Hausdorff: 422.1258 | HD95: 68.3999 | val_loss: 0.8340 | LR: 0.000500
2025-08-21 02:24:40 INFO Epoch 021 | Train Loss: 0.5378 | Val Loss: 0.8606 | Dice: 0.4251 | softDice: 0.4207 | clDice: 0.5106 | softclDice: 0.4750 | IoU: 0.2700 | Tversky: 0.4251 | Hausdorff: 579.5106 | HD95: 68.3520 | val_loss: 0.8606 | LR: 0.000500
2025-08-21 02:28:26 INFO Epoch 022 | Train Loss: 0.5354 | Val Loss: 0.8302 | Dice: 0.4172 | softDice: 0.4152 | clDice: 0.5243 | softclDice: 0.4580 | IoU: 0.2637 | Tversky: 0.4172 | Hausdorff: 639.5110 | HD95: 75.4177 | val_loss: 0.8302 | LR: 0.000500
2025-08-21 02:32:19 INFO Epoch 023 | Train Loss: 0.5285 | Val Loss: 0.8383 | Dice: 0.4189 | softDice: 0.4160 | clDice: 0.4990 | softclDice: 0.4898 | IoU: 0.2650 | Tversky: 0.4189 | Hausdorff: 649.4063 | HD95: 78.0248 | val_loss: 0.8383 | LR: 0.000500
2025-08-21 02:35:55 INFO Epoch 024 | Train Loss: 0.5299 | Val Loss: 0.8414 | Dice: 0.4215 | softDice: 0.4146 | clDice: 0.5110 | softclDice: 0.5609 | IoU: 0.2671 | Tversky: 0.4215 | Hausdorff: 590.7275 | HD95: 75.4950 | val_loss: 0.8414 | LR: 0.000500
2025-08-21 02:39:43 INFO Epoch 025 | Train Loss: 0.5552 | Val Loss: 0.9304 | Dice: 0.4060 | softDice: 0.4079 | clDice: 0.4966 | softclDice: 0.4615 | IoU: 0.2549 | Tversky: 0.4060 | Hausdorff: 521.0302 | HD95: 83.6504 | val_loss: 0.9304 | LR: 0.000500
2025-08-21 02:43:49 INFO Epoch 026 | Train Loss: 0.5311 | Val Loss: 0.8517 | Dice: 0.4197 | softDice: 0.4189 | clDice: 0.5217 | softclDice: 0.4363 | IoU: 0.2657 | Tversky: 0.4197 | Hausdorff: 431.9242 | HD95: 66.1333 | val_loss: 0.8517 | LR: 0.000250
2025-08-21 02:47:40 INFO Epoch 027 | Train Loss: 0.5262 | Val Loss: 0.9049 | Dice: 0.4377 | softDice: 0.4355 | clDice: 0.5341 | softclDice: 0.4431 | IoU: 0.2803 | Tversky: 0.4377 | Hausdorff: 428.0319 | HD95: 67.0625 | val_loss: 0.9049 | LR: 0.000250
2025-08-21 02:51:30 INFO Epoch 028 | Train Loss: 0.5230 | Val Loss: 0.8250 | Dice: 0.4294 | softDice: 0.4278 | clDice: 0.5410 | softclDice: 0.4259 | IoU: 0.2735 | Tversky: 0.4294 | Hausdorff: 428.5464 | HD95: 66.4169 | val_loss: 0.8250 | LR: 0.000250
2025-08-21 02:55:18 INFO Epoch 029 | Train Loss: 0.5161 | Val Loss: 0.8298 | Dice: 0.4312 | softDice: 0.4289 | clDice: 0.5326 | softclDice: 0.4425 | IoU: 0.2750 | Tversky: 0.4312 | Hausdorff: 420.9883 | HD95: 64.4072 | val_loss: 0.8298 | LR: 0.000250
2025-08-21 02:59:06 INFO Epoch 030 | Train Loss: 0.5233 | Val Loss: 0.8233 | Dice: 0.4128 | softDice: 0.4151 | clDice: 0.5230 | softclDice: 0.4301 | IoU: 0.2602 | Tversky: 0.4128 | Hausdorff: 435.3429 | HD95: 74.7573 | val_loss: 0.8233 | LR: 0.000250
2025-08-21 03:02:47 INFO Epoch 031 | Train Loss: 0.5232 | Val Loss: 0.8206 | Dice: 0.4027 | softDice: 0.4060 | clDice: 0.5170 | softclDice: 0.4215 | IoU: 0.2521 | Tversky: 0.4027 | Hausdorff: 428.1269 | HD95: 78.1096 | val_loss: 0.8206 | LR: 0.000250
2025-08-21 03:06:29 INFO Epoch 032 | Train Loss: 0.5273 | Val Loss: 0.8274 | Dice: 0.4200 | softDice: 0.4217 | clDice: 0.5203 | softclDice: 0.4345 | IoU: 0.2659 | Tversky: 0.4200 | Hausdorff: 446.7016 | HD95: 75.5888 | val_loss: 0.8274 | LR: 0.000250
2025-08-21 03:10:18 INFO Epoch 033 | Train Loss: 0.5203 | Val Loss: 0.8737 | Dice: 0.4284 | softDice: 0.4298 | clDice: 0.5334 | softclDice: 0.4258 | IoU: 0.2727 | Tversky: 0.4284 | Hausdorff: 415.4799 | HD95: 73.0131 | val_loss: 0.8737 | LR: 0.000250
2025-08-21 03:14:10 INFO Epoch 034 | Train Loss: 0.5150 | Val Loss: 0.8241 | Dice: 0.4171 | softDice: 0.4199 | clDice: 0.5263 | softclDice: 0.4248 | IoU: 0.2636 | Tversky: 0.4171 | Hausdorff: 412.9612 | HD95: 76.1110 | val_loss: 0.8241 | LR: 0.000250
2025-08-21 03:18:09 INFO Epoch 035 | Train Loss: 0.5171 | Val Loss: 0.8228 | Dice: 0.4276 | softDice: 0.4275 | clDice: 0.5437 | softclDice: 0.4292 | IoU: 0.2720 | Tversky: 0.4276 | Hausdorff: 417.8688 | HD95: 65.4308 | val_loss: 0.8228 | LR: 0.000250
2025-08-21 03:22:07 INFO Epoch 036 | Train Loss: 0.5140 | Val Loss: 0.8233 | Dice: 0.4305 | softDice: 0.4309 | clDice: 0.5383 | softclDice: 0.4252 | IoU: 0.2744 | Tversky: 0.4305 | Hausdorff: 420.3743 | HD95: 67.4077 | val_loss: 0.8233 | LR: 0.000250
2025-08-21 03:25:46 INFO Epoch 037 | Train Loss: 0.5196 | Val Loss: 0.8741 | Dice: 0.4281 | softDice: 0.4288 | clDice: 0.5268 | softclDice: 0.4350 | IoU: 0.2724 | Tversky: 0.4281 | Hausdorff: 442.7064 | HD95: 71.6205 | val_loss: 0.8741 | LR: 0.000125
2025-08-21 03:29:42 INFO Epoch 038 | Train Loss: 0.5158 | Val Loss: 0.8215 | Dice: 0.4316 | softDice: 0.4322 | clDice: 0.5409 | softclDice: 0.4183 | IoU: 0.2752 | Tversky: 0.4316 | Hausdorff: 440.1383 | HD95: 67.3194 | val_loss: 0.8215 | LR: 0.000125
2025-08-21 03:33:29 INFO Epoch 039 | Train Loss: 0.5124 | Val Loss: 0.8198 | Dice: 0.4319 | softDice: 0.4318 | clDice: 0.5482 | softclDice: 0.4207 | IoU: 0.2755 | Tversky: 0.4319 | Hausdorff: 418.7567 | HD95: 60.1373 | val_loss: 0.8198 | LR: 0.000125
2025-08-21 03:37:15 INFO Epoch 040 | Train Loss: 0.5101 | Val Loss: 0.8214 | Dice: 0.4375 | softDice: 0.4350 | clDice: 0.5450 | softclDice: 0.4262 | IoU: 0.2801 | Tversky: 0.4375 | Hausdorff: 406.1207 | HD95: 59.7524 | val_loss: 0.8214 | LR: 0.000125
2025-08-21 03:41:02 INFO Epoch 041 | Train Loss: 0.5145 | Val Loss: 0.8214 | Dice: 0.4382 | softDice: 0.4372 | clDice: 0.5468 | softclDice: 0.4193 | IoU: 0.2807 | Tversky: 0.4382 | Hausdorff: 417.9668 | HD95: 60.3806 | val_loss: 0.8214 | LR: 0.000125
2025-08-21 03:44:57 INFO Epoch 042 | Train Loss: 0.5127 | Val Loss: 0.8236 | Dice: 0.4399 | softDice: 0.4388 | clDice: 0.5463 | softclDice: 0.4210 | IoU: 0.2821 | Tversky: 0.4399 | Hausdorff: 404.9908 | HD95: 60.4192 | val_loss: 0.8236 | LR: 0.000125
2025-08-21 03:48:51 INFO Epoch 043 | Train Loss: 0.5110 | Val Loss: 0.8726 | Dice: 0.4359 | softDice: 0.4361 | clDice: 0.5379 | softclDice: 0.4249 | IoU: 0.2788 | Tversky: 0.4359 | Hausdorff: 415.1269 | HD95: 62.1620 | val_loss: 0.8726 | LR: 0.000125
2025-08-21 03:52:44 INFO Epoch 044 | Train Loss: 0.5117 | Val Loss: 0.8232 | Dice: 0.4341 | softDice: 0.4343 | clDice: 0.5426 | softclDice: 0.4229 | IoU: 0.2773 | Tversky: 0.4341 | Hausdorff: 404.3894 | HD95: 62.3189 | val_loss: 0.8232 | LR: 0.000125
2025-08-21 03:56:54 INFO Epoch 045 | Train Loss: 0.5124 | Val Loss: 0.8208 | Dice: 0.4314 | softDice: 0.4322 | clDice: 0.5468 | softclDice: 0.4186 | IoU: 0.2751 | Tversky: 0.4314 | Hausdorff: 408.3727 | HD95: 64.4143 | val_loss: 0.8208 | LR: 0.000063
2025-08-21 04:00:40 INFO Epoch 046 | Train Loss: 0.5096 | Val Loss: 0.8213 | Dice: 0.4357 | softDice: 0.4364 | clDice: 0.5462 | softclDice: 0.4178 | IoU: 0.2786 | Tversky: 0.4357 | Hausdorff: 408.0257 | HD95: 62.4552 | val_loss: 0.8213 | LR: 0.000063
2025-08-21 04:04:23 INFO Epoch 047 | Train Loss: 0.5072 | Val Loss: 0.8196 | Dice: 0.4320 | softDice: 0.4334 | clDice: 0.5472 | softclDice: 0.4155 | IoU: 0.2756 | Tversky: 0.4320 | Hausdorff: 409.6882 | HD95: 64.3126 | val_loss: 0.8196 | LR: 0.000063
2025-08-21 04:08:12 INFO Epoch 048 | Train Loss: 0.5065 | Val Loss: 0.8198 | Dice: 0.4295 | softDice: 0.4316 | clDice: 0.5430 | softclDice: 0.4163 | IoU: 0.2736 | Tversky: 0.4295 | Hausdorff: 428.5111 | HD95: 69.4581 | val_loss: 0.8198 | LR: 0.000063
2025-08-21 04:12:04 INFO Epoch 049 | Train Loss: 0.5063 | Val Loss: 0.8198 | Dice: 0.4219 | softDice: 0.4255 | clDice: 0.5338 | softclDice: 0.4200 | IoU: 0.2675 | Tversky: 0.4219 | Hausdorff: 469.8254 | HD95: 73.1588 | val_loss: 0.8198 | LR: 0.000063
2025-08-21 04:15:53 INFO Epoch 050 | Train Loss: 0.5089 | Val Loss: 0.8154 | Dice: 0.4294 | softDice: 0.4310 | clDice: 0.5490 | softclDice: 0.4062 | IoU: 0.2735 | Tversky: 0.4294 | Hausdorff: 411.8078 | HD95: 65.7236 | val_loss: 0.8154 | LR: 0.000063
2025-08-21 04:19:34 INFO Epoch 051 | Train Loss: 0.5080 | Val Loss: 0.8193 | Dice: 0.4270 | softDice: 0.4286 | clDice: 0.5388 | softclDice: 0.4207 | IoU: 0.2716 | Tversky: 0.4270 | Hausdorff: 431.5734 | HD95: 66.6853 | val_loss: 0.8193 | LR: 0.000063
2025-08-21 04:23:17 INFO Epoch 052 | Train Loss: 0.5079 | Val Loss: 0.8145 | Dice: 0.4280 | softDice: 0.4294 | clDice: 0.5488 | softclDice: 0.4069 | IoU: 0.2724 | Tversky: 0.4280 | Hausdorff: 411.0422 | HD95: 65.3888 | val_loss: 0.8145 | LR: 0.000063
2025-08-21 04:27:06 INFO Epoch 053 | Train Loss: 0.5097 | Val Loss: 0.8190 | Dice: 0.4310 | softDice: 0.4323 | clDice: 0.5435 | softclDice: 0.4158 | IoU: 0.2748 | Tversky: 0.4310 | Hausdorff: 442.8664 | HD95: 63.0903 | val_loss: 0.8190 | LR: 0.000063
2025-08-21 04:30:56 INFO Epoch 054 | Train Loss: 0.5072 | Val Loss: 0.8176 | Dice: 0.4346 | softDice: 0.4351 | clDice: 0.5503 | softclDice: 0.4152 | IoU: 0.2778 | Tversky: 0.4346 | Hausdorff: 420.1374 | HD95: 59.2148 | val_loss: 0.8176 | LR: 0.000063
2025-08-21 04:34:52 INFO Epoch 055 | Train Loss: 0.5081 | Val Loss: 0.8181 | Dice: 0.4312 | softDice: 0.4329 | clDice: 0.5474 | softclDice: 0.4194 | IoU: 0.2750 | Tversky: 0.4312 | Hausdorff: 398.4021 | HD95: 63.8522 | val_loss: 0.8181 | LR: 0.000063
2025-08-21 04:38:40 INFO Epoch 056 | Train Loss: 0.5133 | Val Loss: 0.8163 | Dice: 0.4292 | softDice: 0.4302 | clDice: 0.5480 | softclDice: 0.4240 | IoU: 0.2733 | Tversky: 0.4292 | Hausdorff: 413.7286 | HD95: 63.0261 | val_loss: 0.8163 | LR: 0.000063
2025-08-21 04:42:22 INFO Epoch 057 | Train Loss: 0.5087 | Val Loss: 0.8170 | Dice: 0.4309 | softDice: 0.4318 | clDice: 0.5485 | softclDice: 0.4255 | IoU: 0.2747 | Tversky: 0.4309 | Hausdorff: 443.9544 | HD95: 64.2220 | val_loss: 0.8170 | LR: 0.000063
2025-08-21 04:46:11 INFO Epoch 058 | Train Loss: 0.5040 | Val Loss: 0.8155 | Dice: 0.4291 | softDice: 0.4293 | clDice: 0.5476 | softclDice: 0.4659 | IoU: 0.2733 | Tversky: 0.4291 | Hausdorff: 524.4175 | HD95: 63.1060 | val_loss: 0.8155 | LR: 0.000031
2025-08-21 04:49:59 INFO Epoch 059 | Train Loss: 0.5124 | Val Loss: 0.8205 | Dice: 0.4317 | softDice: 0.4318 | clDice: 0.5418 | softclDice: 0.4461 | IoU: 0.2754 | Tversky: 0.4317 | Hausdorff: 454.6124 | HD95: 63.0575 | val_loss: 0.8205 | LR: 0.000031
2025-08-21 04:53:59 INFO Epoch 060 | Train Loss: 0.5106 | Val Loss: 0.8172 | Dice: 0.4302 | softDice: 0.4309 | clDice: 0.5427 | softclDice: 0.4471 | IoU: 0.2742 | Tversky: 0.4302 | Hausdorff: 443.7663 | HD95: 62.3859 | val_loss: 0.8172 | LR: 0.000031
2025-08-21 04:57:42 INFO Epoch 061 | Train Loss: 0.5102 | Val Loss: 0.8168 | Dice: 0.4328 | softDice: 0.4334 | clDice: 0.5505 | softclDice: 0.4395 | IoU: 0.2762 | Tversky: 0.4328 | Hausdorff: 447.3881 | HD95: 61.7468 | val_loss: 0.8168 | LR: 0.000031
2025-08-21 05:01:39 INFO Epoch 062 | Train Loss: 0.5056 | Val Loss: 0.8171 | Dice: 0.4320 | softDice: 0.4319 | clDice: 0.5506 | softclDice: 0.4453 | IoU: 0.2756 | Tversky: 0.4320 | Hausdorff: 411.9457 | HD95: 59.9564 | val_loss: 0.8171 | LR: 0.000031
2025-08-21 05:05:36 INFO Epoch 063 | Train Loss: 0.5086 | Val Loss: 0.8171 | Dice: 0.4336 | softDice: 0.4331 | clDice: 0.5533 | softclDice: 0.4343 | IoU: 0.2769 | Tversky: 0.4336 | Hausdorff: 406.3381 | HD95: 60.3083 | val_loss: 0.8171 | LR: 0.000031
2025-08-21 05:09:21 INFO Epoch 064 | Train Loss: 0.5112 | Val Loss: 0.8184 | Dice: 0.4370 | softDice: 0.4361 | clDice: 0.5551 | softclDice: 0.4254 | IoU: 0.2797 | Tversky: 0.4370 | Hausdorff: 261.8202 | HD95: 60.6268 | val_loss: 0.8184 | LR: 0.000016
2025-08-21 05:13:03 INFO Epoch 065 | Train Loss: 0.5119 | Val Loss: 0.8176 | Dice: 0.4355 | softDice: 0.4353 | clDice: 0.5529 | softclDice: 0.4259 | IoU: 0.2785 | Tversky: 0.4355 | Hausdorff: 264.2237 | HD95: 59.9598 | val_loss: 0.8176 | LR: 0.000016
2025-08-21 05:16:46 INFO Epoch 066 | Train Loss: 0.5124 | Val Loss: 0.8169 | Dice: 0.4340 | softDice: 0.4338 | clDice: 0.5517 | softclDice: 0.4321 | IoU: 0.2772 | Tversky: 0.4340 | Hausdorff: 265.3403 | HD95: 60.3543 | val_loss: 0.8169 | LR: 0.000016
2025-08-21 05:20:30 INFO Epoch 067 | Train Loss: 0.5079 | Val Loss: 0.8173 | Dice: 0.4345 | softDice: 0.4343 | clDice: 0.5510 | softclDice: 0.4268 | IoU: 0.2776 | Tversky: 0.4345 | Hausdorff: 261.9623 | HD95: 60.4524 | val_loss: 0.8173 | LR: 0.000016
2025-08-21 05:24:21 INFO Epoch 068 | Train Loss: 0.5066 | Val Loss: 0.8144 | Dice: 0.4287 | softDice: 0.4297 | clDice: 0.5486 | softclDice: 0.4319 | IoU: 0.2729 | Tversky: 0.4287 | Hausdorff: 429.9588 | HD95: 61.4860 | val_loss: 0.8144 | LR: 0.000016
2025-08-21 05:27:50 INFO Epoch 069 | Train Loss: 0.5050 | Val Loss: 0.8168 | Dice: 0.4332 | softDice: 0.4336 | clDice: 0.5501 | softclDice: 0.4300 | IoU: 0.2766 | Tversky: 0.4332 | Hausdorff: 408.2324 | HD95: 60.5517 | val_loss: 0.8168 | LR: 0.000016
2025-08-21 05:31:29 INFO Epoch 070 | Train Loss: 0.5071 | Val Loss: 0.8169 | Dice: 0.4340 | softDice: 0.4340 | clDice: 0.5521 | softclDice: 0.4286 | IoU: 0.2772 | Tversky: 0.4340 | Hausdorff: 389.3667 | HD95: 60.2213 | val_loss: 0.8169 | LR: 0.000016
2025-08-21 05:31:29 INFO Training completed.
2025-08-21 05:33:12 INFO Fold 1 results: Dice: 0.4294 | softDice: 0.4310 | clDice: 0.5490 | softclDice: 0.4062 | IoU: 0.2735 | Tversky: 0.4294 | Hausdorff: 411.8078 | HD95: 65.7236 | val_loss: 0.8154
2025-08-21 05:33:12 INFO ===== Fold 2 / 5 =====
2025-08-21 05:33:12 INFO Loading model unet with settings {'name': 'unet', 'encoder_name': 'se_resnext50_32x4d', 'encoder_weights': 'imagenet', 'classes': 1, 'activation': None, 'dropout': 0.2}
2025-08-21 05:37:01 INFO Epoch 001 | Train Loss: 0.7469 | Val Loss: 1.0000 | Dice: 0.4169 | softDice: 0.3115 | clDice: 0.4738 | softclDice: 0.5899 | IoU: 0.2636 | Tversky: 0.4169 | Hausdorff: 459.6391 | HD95: 68.9140 | val_loss: 1.0000 | LR: 0.001000
2025-08-21 05:40:56 INFO Epoch 002 | Train Loss: 0.5888 | Val Loss: 1.0000 | Dice: 0.4230 | softDice: 0.3987 | clDice: 0.4752 | softclDice: 0.5346 | IoU: 0.2685 | Tversky: 0.4230 | Hausdorff: 504.6450 | HD95: 59.4285 | val_loss: 1.0000 | LR: 0.001000
2025-08-21 05:44:44 INFO Epoch 003 | Train Loss: 0.5690 | Val Loss: 0.9831 | Dice: 0.3801 | softDice: 0.3682 | clDice: 0.4256 | softclDice: 0.5642 | IoU: 0.2352 | Tversky: 0.3801 | Hausdorff: 332.0345 | HD95: 77.1131 | val_loss: 0.9831 | LR: 0.001000
2025-08-21 05:48:33 INFO Epoch 004 | Train Loss: 0.5639 | Val Loss: 1.0000 | Dice: 0.4379 | softDice: 0.4274 | clDice: 0.5107 | softclDice: 0.4816 | IoU: 0.2806 | Tversky: 0.4379 | Hausdorff: 309.6639 | HD95: 55.3285 | val_loss: 1.0000 | LR: 0.001000
2025-08-21 05:52:24 INFO Epoch 005 | Train Loss: 0.5556 | Val Loss: 0.8530 | Dice: 0.4046 | softDice: 0.3959 | clDice: 0.4946 | softclDice: 0.5216 | IoU: 0.2540 | Tversky: 0.4046 | Hausdorff: 351.9243 | HD95: 70.0446 | val_loss: 0.8530 | LR: 0.001000
2025-08-21 05:56:19 INFO Epoch 006 | Train Loss: 0.5791 | Val Loss: 0.9087 | Dice: 0.4353 | softDice: 0.4290 | clDice: 0.5211 | softclDice: 0.4527 | IoU: 0.2786 | Tversky: 0.4353 | Hausdorff: 463.1680 | HD95: 56.3483 | val_loss: 0.9087 | LR: 0.001000
2025-08-21 05:59:56 INFO Epoch 007 | Train Loss: 0.5484 | Val Loss: 0.8834 | Dice: 0.4419 | softDice: 0.4359 | clDice: 0.5350 | softclDice: 0.4543 | IoU: 0.2839 | Tversky: 0.4419 | Hausdorff: 316.6637 | HD95: 53.8084 | val_loss: 0.8834 | LR: 0.001000
2025-08-21 06:03:54 INFO Epoch 008 | Train Loss: 0.5580 | Val Loss: 0.8592 | Dice: 0.4310 | softDice: 0.4262 | clDice: 0.5204 | softclDice: 0.4620 | IoU: 0.2751 | Tversky: 0.4310 | Hausdorff: 312.7478 | HD95: 64.0392 | val_loss: 0.8592 | LR: 0.001000
2025-08-21 06:07:52 INFO Epoch 009 | Train Loss: 0.5643 | Val Loss: 0.8753 | Dice: 0.4150 | softDice: 0.4058 | clDice: 0.4914 | softclDice: 0.5137 | IoU: 0.2624 | Tversky: 0.4150 | Hausdorff: 356.8979 | HD95: 76.5660 | val_loss: 0.8753 | LR: 0.001000
2025-08-21 06:11:47 INFO Epoch 010 | Train Loss: 0.5685 | Val Loss: 0.8839 | Dice: 0.4069 | softDice: 0.4034 | clDice: 0.4789 | softclDice: 0.4563 | IoU: 0.2556 | Tversky: 0.4069 | Hausdorff: 332.1614 | HD95: 78.1517 | val_loss: 0.8839 | LR: 0.001000
2025-08-21 06:15:41 INFO Epoch 011 | Train Loss: 0.5894 | Val Loss: 0.8569 | Dice: 0.3391 | softDice: 0.3269 | clDice: 0.4058 | softclDice: 0.5401 | IoU: 0.2047 | Tversky: 0.3391 | Hausdorff: 445.3962 | HD95: 136.7925 | val_loss: 0.8569 | LR: 0.000500
2025-08-21 06:19:32 INFO Epoch 012 | Train Loss: 0.6346 | Val Loss: 0.8563 | Dice: 0.3109 | softDice: 0.3071 | clDice: 0.3973 | softclDice: 0.5345 | IoU: 0.1845 | Tversky: 0.3109 | Hausdorff: 351.0843 | HD95: 104.0717 | val_loss: 0.8563 | LR: 0.000500
2025-08-21 06:23:21 INFO Epoch 013 | Train Loss: 0.6301 | Val Loss: 0.8675 | Dice: 0.3374 | softDice: 0.3315 | clDice: 0.3689 | softclDice: 0.5511 | IoU: 0.2034 | Tversky: 0.3374 | Hausdorff: 336.1156 | HD95: 107.6832 | val_loss: 0.8675 | LR: 0.000500
2025-08-21 06:27:21 INFO Epoch 014 | Train Loss: 0.6265 | Val Loss: 0.8538 | Dice: 0.3426 | softDice: 0.3353 | clDice: 0.4270 | softclDice: 0.6128 | IoU: 0.2073 | Tversky: 0.3426 | Hausdorff: 514.8664 | HD95: 95.7515 | val_loss: 0.8538 | LR: 0.000500
2025-08-21 06:31:14 INFO Epoch 015 | Train Loss: 0.6095 | Val Loss: 0.8468 | Dice: 0.3617 | softDice: 0.3535 | clDice: 0.4598 | softclDice: 0.5282 | IoU: 0.2211 | Tversky: 0.3617 | Hausdorff: 505.7567 | HD95: 96.4461 | val_loss: 0.8468 | LR: 0.000500
2025-08-21 06:35:20 INFO Epoch 016 | Train Loss: 0.5857 | Val Loss: 0.8566 | Dice: 0.3550 | softDice: 0.3436 | clDice: 0.4424 | softclDice: 0.5413 | IoU: 0.2163 | Tversky: 0.3550 | Hausdorff: 425.3117 | HD95: 107.9602 | val_loss: 0.8566 | LR: 0.000500
2025-08-21 06:39:22 INFO Epoch 017 | Train Loss: 0.5958 | Val Loss: 0.8808 | Dice: 0.2806 | softDice: 0.2743 | clDice: 0.3462 | softclDice: 0.6108 | IoU: 0.1637 | Tversky: 0.2806 | Hausdorff: 433.9156 | HD95: 103.9951 | val_loss: 0.8808 | LR: 0.000500
2025-08-21 06:43:14 INFO Epoch 018 | Train Loss: 0.6002 | Val Loss: 0.8278 | Dice: 0.3576 | softDice: 0.3604 | clDice: 0.4509 | softclDice: 0.4932 | IoU: 0.2180 | Tversky: 0.3576 | Hausdorff: 555.8052 | HD95: 134.9135 | val_loss: 0.8278 | LR: 0.000500
2025-08-21 06:47:13 INFO Epoch 019 | Train Loss: 0.5781 | Val Loss: 0.8362 | Dice: 0.3977 | softDice: 0.3909 | clDice: 0.5040 | softclDice: 0.4881 | IoU: 0.2487 | Tversky: 0.3977 | Hausdorff: 339.4424 | HD95: 77.4536 | val_loss: 0.8362 | LR: 0.000500
2025-08-21 06:51:09 INFO Epoch 020 | Train Loss: 0.5753 | Val Loss: 0.8270 | Dice: 0.3417 | softDice: 0.3430 | clDice: 0.4495 | softclDice: 0.5038 | IoU: 0.2064 | Tversky: 0.3417 | Hausdorff: 496.5240 | HD95: 108.4221 | val_loss: 0.8270 | LR: 0.000500
2025-08-21 06:54:54 INFO Epoch 021 | Train Loss: 0.5899 | Val Loss: 0.8312 | Dice: 0.3872 | softDice: 0.3854 | clDice: 0.4827 | softclDice: 0.4510 | IoU: 0.2405 | Tversky: 0.3872 | Hausdorff: 324.5784 | HD95: 80.6607 | val_loss: 0.8312 | LR: 0.000500
2025-08-21 06:58:47 INFO Epoch 022 | Train Loss: 0.5728 | Val Loss: 0.8327 | Dice: 0.4151 | softDice: 0.4087 | clDice: 0.5199 | softclDice: 0.4554 | IoU: 0.2621 | Tversky: 0.4151 | Hausdorff: 330.2091 | HD95: 65.0313 | val_loss: 0.8327 | LR: 0.000500
2025-08-21 07:02:40 INFO Epoch 023 | Train Loss: 0.5582 | Val Loss: 0.8361 | Dice: 0.4097 | softDice: 0.4018 | clDice: 0.5304 | softclDice: 0.4688 | IoU: 0.2579 | Tversky: 0.4097 | Hausdorff: 337.9706 | HD95: 69.8570 | val_loss: 0.8361 | LR: 0.000500
2025-08-21 07:06:49 INFO Epoch 024 | Train Loss: 0.5686 | Val Loss: 0.8275 | Dice: 0.3987 | softDice: 0.3957 | clDice: 0.5092 | softclDice: 0.4642 | IoU: 0.2492 | Tversky: 0.3987 | Hausdorff: 325.0604 | HD95: 71.0609 | val_loss: 0.8275 | LR: 0.000500
2025-08-21 07:10:39 INFO Epoch 025 | Train Loss: 0.5792 | Val Loss: 0.8328 | Dice: 0.3721 | softDice: 0.3695 | clDice: 0.4794 | softclDice: 0.5026 | IoU: 0.2290 | Tversky: 0.3721 | Hausdorff: 424.6318 | HD95: 87.7068 | val_loss: 0.8328 | LR: 0.000500
2025-08-21 07:14:45 INFO Epoch 026 | Train Loss: 0.5848 | Val Loss: 0.8555 | Dice: 0.3739 | softDice: 0.3676 | clDice: 0.4703 | softclDice: 0.5748 | IoU: 0.2303 | Tversky: 0.3739 | Hausdorff: 349.2360 | HD95: 73.0387 | val_loss: 0.8555 | LR: 0.000250
2025-08-21 07:18:34 INFO Epoch 027 | Train Loss: 0.6580 | Val Loss: 0.8762 | Dice: 0.2189 | softDice: 0.2125 | clDice: 0.2885 | softclDice: 0.6843 | IoU: 0.1233 | Tversky: 0.2189 | Hausdorff: 417.4476 | HD95: 134.7844 | val_loss: 0.8762 | LR: 0.000250
2025-08-21 07:22:29 INFO Epoch 028 | Train Loss: 0.6551 | Val Loss: 0.8338 | Dice: 0.3564 | softDice: 0.3503 | clDice: 0.4741 | softclDice: 0.5292 | IoU: 0.2172 | Tversky: 0.3564 | Hausdorff: 312.3063 | HD95: 91.2380 | val_loss: 0.8338 | LR: 0.000250
2025-08-21 07:26:17 INFO Epoch 029 | Train Loss: 0.5921 | Val Loss: 0.8459 | Dice: 0.3565 | softDice: 0.3483 | clDice: 0.4496 | softclDice: 0.5480 | IoU: 0.2174 | Tversky: 0.3565 | Hausdorff: 449.2658 | HD95: 103.8874 | val_loss: 0.8459 | LR: 0.000250
2025-08-21 07:30:07 INFO Epoch 030 | Train Loss: 0.6287 | Val Loss: 0.8421 | Dice: 0.3158 | softDice: 0.3153 | clDice: 0.4144 | softclDice: 0.5433 | IoU: 0.1878 | Tversky: 0.3158 | Hausdorff: 393.5344 | HD95: 143.1282 | val_loss: 0.8421 | LR: 0.000250
2025-08-21 07:34:07 INFO Epoch 031 | Train Loss: 0.6214 | Val Loss: 0.8303 | Dice: 0.3307 | softDice: 0.3307 | clDice: 0.4376 | softclDice: 0.5286 | IoU: 0.1984 | Tversky: 0.3307 | Hausdorff: 406.4286 | HD95: 129.8887 | val_loss: 0.8303 | LR: 0.000250
2025-08-21 07:38:05 INFO Epoch 032 | Train Loss: 0.5949 | Val Loss: 0.8310 | Dice: 0.3673 | softDice: 0.3641 | clDice: 0.4681 | softclDice: 0.5116 | IoU: 0.2252 | Tversky: 0.3673 | Hausdorff: 364.3031 | HD95: 93.4211 | val_loss: 0.8310 | LR: 0.000125
2025-08-21 07:41:59 INFO Epoch 033 | Train Loss: 0.5919 | Val Loss: 0.8299 | Dice: 0.3664 | softDice: 0.3653 | clDice: 0.4652 | softclDice: 0.4987 | IoU: 0.2246 | Tversky: 0.3664 | Hausdorff: 366.3504 | HD95: 108.6531 | val_loss: 0.8299 | LR: 0.000125
2025-08-21 07:46:02 INFO Epoch 034 | Train Loss: 0.5943 | Val Loss: 0.8315 | Dice: 0.3690 | softDice: 0.3648 | clDice: 0.4534 | softclDice: 0.5821 | IoU: 0.2266 | Tversky: 0.3690 | Hausdorff: 389.0013 | HD95: 111.4476 | val_loss: 0.8315 | LR: 0.000125
2025-08-21 07:49:59 INFO Epoch 035 | Train Loss: 0.6053 | Val Loss: 0.8531 | Dice: 0.3560 | softDice: 0.3534 | clDice: 0.4519 | softclDice: 0.5682 | IoU: 0.2169 | Tversky: 0.3560 | Hausdorff: 461.6516 | HD95: 113.8090 | val_loss: 0.8531 | LR: 0.000125
2025-08-21 07:53:57 INFO Epoch 036 | Train Loss: 0.5958 | Val Loss: 0.8588 | Dice: 0.3595 | softDice: 0.3577 | clDice: 0.4449 | softclDice: 0.6429 | IoU: 0.2195 | Tversky: 0.3595 | Hausdorff: 507.8653 | HD95: 117.4051 | val_loss: 0.8588 | LR: 0.000125
2025-08-21 07:57:50 INFO Epoch 037 | Train Loss: 0.5951 | Val Loss: 0.8430 | Dice: 0.3632 | softDice: 0.3605 | clDice: 0.4543 | softclDice: 0.6050 | IoU: 0.2222 | Tversky: 0.3632 | Hausdorff: 614.4137 | HD95: 108.1848 | val_loss: 0.8430 | LR: 0.000125
2025-08-21 08:01:42 INFO Epoch 038 | Train Loss: 0.5941 | Val Loss: 0.8325 | Dice: 0.3772 | softDice: 0.3717 | clDice: 0.4754 | softclDice: 0.5725 | IoU: 0.2329 | Tversky: 0.3772 | Hausdorff: 478.6175 | HD95: 81.7488 | val_loss: 0.8325 | LR: 0.000063
2025-08-21 08:05:52 INFO Epoch 039 | Train Loss: 0.5892 | Val Loss: 0.8410 | Dice: 0.3822 | softDice: 0.3755 | clDice: 0.4809 | softclDice: 0.5661 | IoU: 0.2367 | Tversky: 0.3822 | Hausdorff: 514.7543 | HD95: 84.1528 | val_loss: 0.8410 | LR: 0.000063
2025-08-21 08:09:36 INFO Early stopping at epoch 40 | Best Dice: 0.4419 at epoch 27
2025-08-21 08:11:20 INFO Fold 2 results: Dice: 0.3872 | softDice: 0.3854 | clDice: 0.4827 | softclDice: 0.4510 | IoU: 0.2405 | Tversky: 0.3872 | Hausdorff: 324.5784 | HD95: 80.6607 | val_loss: 0.8312
2025-08-21 08:11:20 INFO ===== Fold 3 / 5 =====
2025-08-21 08:11:20 INFO Loading model unet with settings {'name': 'unet', 'encoder_name': 'se_resnext50_32x4d', 'encoder_weights': 'imagenet', 'classes': 1, 'activation': None, 'dropout': 0.2}
2025-08-21 08:15:24 INFO Epoch 001 | Train Loss: 0.7187 | Val Loss: 1.0000 | Dice: 0.4440 | softDice: 0.3811 | clDice: 0.5173 | softclDice: 0.5438 | IoU: 0.2859 | Tversky: 0.4440 | Hausdorff: 305.2699 | HD95: 52.8231 | val_loss: 1.0000 | LR: 0.001000
2025-08-21 08:19:23 INFO Epoch 002 | Train Loss: 0.5804 | Val Loss: 0.8431 | Dice: 0.4278 | softDice: 0.4132 | clDice: 0.5183 | softclDice: 0.4791 | IoU: 0.2730 | Tversky: 0.4278 | Hausdorff: 284.3336 | HD95: 57.0703 | val_loss: 0.8431 | LR: 0.001000
2025-08-21 08:23:35 INFO Epoch 003 | Train Loss: 0.5647 | Val Loss: 0.9801 | Dice: 0.4314 | softDice: 0.4207 | clDice: 0.5060 | softclDice: 0.4751 | IoU: 0.2756 | Tversky: 0.4314 | Hausdorff: 334.5063 | HD95: 66.8533 | val_loss: 0.9801 | LR: 0.001000
2025-08-21 08:27:35 INFO Epoch 004 | Train Loss: 0.5630 | Val Loss: 1.0000 | Dice: 0.4319 | softDice: 0.4245 | clDice: 0.5023 | softclDice: 0.4810 | IoU: 0.2763 | Tversky: 0.4319 | Hausdorff: 550.9518 | HD95: 60.1673 | val_loss: 1.0000 | LR: 0.001000
2025-08-21 08:31:27 INFO Epoch 005 | Train Loss: 0.5573 | Val Loss: 1.0000 | Dice: 0.4247 | softDice: 0.4198 | clDice: 0.4906 | softclDice: 0.4920 | IoU: 0.2704 | Tversky: 0.4247 | Hausdorff: 285.9556 | HD95: 68.2776 | val_loss: 1.0000 | LR: 0.001000
2025-08-21 08:35:23 INFO Epoch 006 | Train Loss: 0.5688 | Val Loss: 0.8377 | Dice: 0.3822 | softDice: 0.3772 | clDice: 0.4380 | softclDice: 0.4941 | IoU: 0.2364 | Tversky: 0.3822 | Hausdorff: 669.4790 | HD95: 90.7402 | val_loss: 0.8377 | LR: 0.001000
2025-08-21 08:39:15 INFO Epoch 007 | Train Loss: 0.5601 | Val Loss: 1.0000 | Dice: 0.3284 | softDice: 0.3283 | clDice: 0.3949 | softclDice: 0.5656 | IoU: 0.1967 | Tversky: 0.3284 | Hausdorff: 565.3126 | HD95: 124.3625 | val_loss: 1.0000 | LR: 0.001000
2025-08-21 08:43:01 INFO Epoch 008 | Train Loss: 0.5704 | Val Loss: 1.0000 | Dice: 0.4334 | softDice: 0.4253 | clDice: 0.5066 | softclDice: 0.4831 | IoU: 0.2774 | Tversky: 0.4334 | Hausdorff: 370.1629 | HD95: 63.6701 | val_loss: 1.0000 | LR: 0.001000
2025-08-21 08:46:47 INFO Epoch 009 | Train Loss: 0.5509 | Val Loss: 0.9148 | Dice: 0.4325 | softDice: 0.4246 | clDice: 0.5145 | softclDice: 0.4703 | IoU: 0.2767 | Tversky: 0.4325 | Hausdorff: 282.2832 | HD95: 65.4695 | val_loss: 0.9148 | LR: 0.001000
2025-08-21 08:50:47 INFO Epoch 010 | Train Loss: 0.5596 | Val Loss: 0.8294 | Dice: 0.4085 | softDice: 0.4075 | clDice: 0.4596 | softclDice: 0.4562 | IoU: 0.2570 | Tversky: 0.4085 | Hausdorff: 693.5441 | HD95: 90.9699 | val_loss: 0.8294 | LR: 0.001000
2025-08-21 08:54:52 INFO Epoch 011 | Train Loss: 0.5614 | Val Loss: 0.9159 | Dice: 0.3580 | softDice: 0.3612 | clDice: 0.4499 | softclDice: 0.4921 | IoU: 0.2182 | Tversky: 0.3580 | Hausdorff: 754.3577 | HD95: 108.7359 | val_loss: 0.9159 | LR: 0.001000
2025-08-21 08:58:57 INFO Epoch 012 | Train Loss: 0.5808 | Val Loss: 0.8721 | Dice: 0.3287 | softDice: 0.3187 | clDice: 0.3905 | softclDice: 0.6000 | IoU: 0.1976 | Tversky: 0.3287 | Hausdorff: 714.0946 | HD95: 100.5612 | val_loss: 0.8721 | LR: 0.001000
2025-08-21 09:02:42 INFO Epoch 013 | Train Loss: 0.5680 | Val Loss: 0.8678 | Dice: 0.4261 | softDice: 0.4196 | clDice: 0.5218 | softclDice: 0.4713 | IoU: 0.2715 | Tversky: 0.4261 | Hausdorff: 570.9373 | HD95: 61.4317 | val_loss: 0.8678 | LR: 0.001000
2025-08-21 09:06:48 INFO Epoch 014 | Train Loss: 0.5598 | Val Loss: 0.8869 | Dice: 0.3997 | softDice: 0.3980 | clDice: 0.5042 | softclDice: 0.4507 | IoU: 0.2503 | Tversky: 0.3997 | Hausdorff: 423.9205 | HD95: 71.2708 | val_loss: 0.8869 | LR: 0.001000
2025-08-21 09:10:56 INFO Epoch 015 | Train Loss: 0.6666 | Val Loss: 1.0000 | Dice: 0.2353 | softDice: 0.2328 | clDice: 0.2640 | softclDice: 0.7174 | IoU: 0.1337 | Tversky: 0.2353 | Hausdorff: 838.8362 | HD95: 337.2506 | val_loss: 1.0000 | LR: 0.001000
2025-08-21 09:14:41 INFO Epoch 016 | Train Loss: 0.7115 | Val Loss: 0.9470 | Dice: 0.3032 | softDice: 0.2987 | clDice: 0.3363 | softclDice: 0.6718 | IoU: 0.1790 | Tversky: 0.3032 | Hausdorff: 583.1695 | HD95: 117.7203 | val_loss: 0.9470 | LR: 0.000500
2025-08-21 09:18:23 INFO Epoch 017 | Train Loss: 0.6467 | Val Loss: 0.9053 | Dice: 0.3507 | softDice: 0.3436 | clDice: 0.3871 | softclDice: 0.6214 | IoU: 0.2134 | Tversky: 0.3507 | Hausdorff: 359.4246 | HD95: 88.4995 | val_loss: 0.9053 | LR: 0.000500
2025-08-21 09:22:20 INFO Epoch 018 | Train Loss: 0.6186 | Val Loss: 0.9080 | Dice: 0.3966 | softDice: 0.3906 | clDice: 0.4586 | softclDice: 0.5542 | IoU: 0.2479 | Tversky: 0.3966 | Hausdorff: 376.0942 | HD95: 77.6760 | val_loss: 0.9080 | LR: 0.000500
2025-08-21 09:26:26 INFO Epoch 019 | Train Loss: 0.5935 | Val Loss: 0.8768 | Dice: 0.4148 | softDice: 0.4081 | clDice: 0.4911 | softclDice: 0.5096 | IoU: 0.2622 | Tversky: 0.4148 | Hausdorff: 355.4508 | HD95: 67.7606 | val_loss: 0.8768 | LR: 0.000500
2025-08-21 09:30:22 INFO Epoch 020 | Train Loss: 0.5781 | Val Loss: 0.8530 | Dice: 0.4217 | softDice: 0.4131 | clDice: 0.4888 | softclDice: 0.5170 | IoU: 0.2679 | Tversky: 0.4217 | Hausdorff: 337.1421 | HD95: 66.8743 | val_loss: 0.8530 | LR: 0.000500
2025-08-21 09:34:29 INFO Epoch 021 | Train Loss: 0.5710 | Val Loss: 0.9202 | Dice: 0.4290 | softDice: 0.4218 | clDice: 0.4978 | softclDice: 0.5015 | IoU: 0.2739 | Tversky: 0.4290 | Hausdorff: 351.2636 | HD95: 67.6500 | val_loss: 0.9202 | LR: 0.000500
2025-08-21 09:38:31 INFO Epoch 022 | Train Loss: 0.5589 | Val Loss: 0.8423 | Dice: 0.4266 | softDice: 0.4193 | clDice: 0.5148 | softclDice: 0.4838 | IoU: 0.2718 | Tversky: 0.4266 | Hausdorff: 336.7036 | HD95: 57.9950 | val_loss: 0.8423 | LR: 0.000250
2025-08-21 09:42:24 INFO Epoch 023 | Train Loss: 0.5554 | Val Loss: 0.9159 | Dice: 0.4360 | softDice: 0.4310 | clDice: 0.5225 | softclDice: 0.4680 | IoU: 0.2794 | Tversky: 0.4360 | Hausdorff: 353.1039 | HD95: 57.2891 | val_loss: 0.9159 | LR: 0.000250
2025-08-21 09:46:12 INFO Epoch 024 | Train Loss: 0.5518 | Val Loss: 0.9145 | Dice: 0.4401 | softDice: 0.4331 | clDice: 0.5260 | softclDice: 0.4672 | IoU: 0.2828 | Tversky: 0.4401 | Hausdorff: 337.6733 | HD95: 57.3464 | val_loss: 0.9145 | LR: 0.000250
2025-08-21 09:50:02 INFO Epoch 025 | Train Loss: 0.5414 | Val Loss: 0.9339 | Dice: 0.4410 | softDice: 0.4359 | clDice: 0.5286 | softclDice: 0.4591 | IoU: 0.2834 | Tversky: 0.4410 | Hausdorff: 355.6240 | HD95: 56.1043 | val_loss: 0.9339 | LR: 0.000250
2025-08-21 09:53:49 INFO Epoch 026 | Train Loss: 0.5475 | Val Loss: 0.8632 | Dice: 0.4353 | softDice: 0.4309 | clDice: 0.5297 | softclDice: 0.4516 | IoU: 0.2789 | Tversky: 0.4353 | Hausdorff: 422.4834 | HD95: 54.9980 | val_loss: 0.8632 | LR: 0.000250
2025-08-21 09:57:31 INFO Epoch 027 | Train Loss: 0.5415 | Val Loss: 0.8857 | Dice: 0.4498 | softDice: 0.4431 | clDice: 0.5445 | softclDice: 0.4441 | IoU: 0.2908 | Tversky: 0.4498 | Hausdorff: 291.8811 | HD95: 51.6498 | val_loss: 0.8857 | LR: 0.000250
2025-08-21 10:01:28 INFO Epoch 028 | Train Loss: 0.5376 | Val Loss: 0.8593 | Dice: 0.4456 | softDice: 0.4401 | clDice: 0.5470 | softclDice: 0.4377 | IoU: 0.2871 | Tversky: 0.4456 | Hausdorff: 331.2904 | HD95: 50.5478 | val_loss: 0.8593 | LR: 0.000125
2025-08-21 10:05:19 INFO Epoch 029 | Train Loss: 0.5404 | Val Loss: 0.8619 | Dice: 0.4370 | softDice: 0.4323 | clDice: 0.5349 | softclDice: 0.4472 | IoU: 0.2802 | Tversky: 0.4370 | Hausdorff: 400.0127 | HD95: 52.3436 | val_loss: 0.8619 | LR: 0.000125
2025-08-21 10:09:28 INFO Epoch 030 | Train Loss: 0.5350 | Val Loss: 0.8244 | Dice: 0.4447 | softDice: 0.4401 | clDice: 0.5517 | softclDice: 0.4267 | IoU: 0.2864 | Tversky: 0.4447 | Hausdorff: 318.5237 | HD95: 50.2610 | val_loss: 0.8244 | LR: 0.000125
2025-08-21 10:13:33 INFO Epoch 031 | Train Loss: 0.5316 | Val Loss: 0.9088 | Dice: 0.4496 | softDice: 0.4448 | clDice: 0.5479 | softclDice: 0.4330 | IoU: 0.2906 | Tversky: 0.4496 | Hausdorff: 315.4804 | HD95: 51.4207 | val_loss: 0.9088 | LR: 0.000125
2025-08-21 10:17:40 INFO Epoch 032 | Train Loss: 0.5331 | Val Loss: 0.8548 | Dice: 0.4442 | softDice: 0.4400 | clDice: 0.5499 | softclDice: 0.4224 | IoU: 0.2861 | Tversky: 0.4442 | Hausdorff: 324.7476 | HD95: 53.2281 | val_loss: 0.8548 | LR: 0.000125
2025-08-21 10:21:36 INFO Epoch 033 | Train Loss: 0.5315 | Val Loss: 0.8550 | Dice: 0.4465 | softDice: 0.4426 | clDice: 0.5521 | softclDice: 0.4241 | IoU: 0.2879 | Tversky: 0.4465 | Hausdorff: 312.7400 | HD95: 50.7752 | val_loss: 0.8550 | LR: 0.000125
2025-08-21 10:25:28 INFO Epoch 034 | Train Loss: 0.5278 | Val Loss: 0.8253 | Dice: 0.4477 | softDice: 0.4426 | clDice: 0.5564 | softclDice: 0.4325 | IoU: 0.2890 | Tversky: 0.4477 | Hausdorff: 307.1106 | HD95: 50.1546 | val_loss: 0.8253 | LR: 0.000125
2025-08-21 10:29:23 INFO Epoch 035 | Train Loss: 0.5278 | Val Loss: 0.8813 | Dice: 0.4541 | softDice: 0.4488 | clDice: 0.5554 | softclDice: 0.4258 | IoU: 0.2943 | Tversky: 0.4541 | Hausdorff: 308.7734 | HD95: 50.6542 | val_loss: 0.8813 | LR: 0.000125
2025-08-21 10:33:09 INFO Epoch 036 | Train Loss: 0.5305 | Val Loss: 0.9071 | Dice: 0.4539 | softDice: 0.4501 | clDice: 0.5525 | softclDice: 0.4261 | IoU: 0.2942 | Tversky: 0.4539 | Hausdorff: 313.6841 | HD95: 49.8678 | val_loss: 0.9071 | LR: 0.000063
2025-08-21 10:36:50 INFO Epoch 037 | Train Loss: 0.5234 | Val Loss: 0.8539 | Dice: 0.4497 | softDice: 0.4457 | clDice: 0.5576 | softclDice: 0.4195 | IoU: 0.2906 | Tversky: 0.4497 | Hausdorff: 305.8526 | HD95: 48.2717 | val_loss: 0.8539 | LR: 0.000063
2025-08-21 10:40:43 INFO Epoch 038 | Train Loss: 0.5250 | Val Loss: 0.8797 | Dice: 0.4526 | softDice: 0.4487 | clDice: 0.5587 | softclDice: 0.4203 | IoU: 0.2931 | Tversky: 0.4526 | Hausdorff: 307.1121 | HD95: 47.5364 | val_loss: 0.8797 | LR: 0.000063
2025-08-21 10:44:38 INFO Epoch 039 | Train Loss: 0.5239 | Val Loss: 0.8519 | Dice: 0.4551 | softDice: 0.4503 | clDice: 0.5615 | softclDice: 0.4113 | IoU: 0.2952 | Tversky: 0.4551 | Hausdorff: 280.4596 | HD95: 46.9275 | val_loss: 0.8519 | LR: 0.000063
2025-08-21 10:48:42 INFO Epoch 040 | Train Loss: 0.5228 | Val Loss: 0.8522 | Dice: 0.4528 | softDice: 0.4489 | clDice: 0.5623 | softclDice: 0.4137 | IoU: 0.2932 | Tversky: 0.4528 | Hausdorff: 310.2465 | HD95: 46.4562 | val_loss: 0.8522 | LR: 0.000063
2025-08-21 10:52:30 INFO Epoch 041 | Train Loss: 0.5224 | Val Loss: 0.8785 | Dice: 0.4527 | softDice: 0.4492 | clDice: 0.5596 | softclDice: 0.4159 | IoU: 0.2932 | Tversky: 0.4527 | Hausdorff: 307.3270 | HD95: 47.3822 | val_loss: 0.8785 | LR: 0.000063
2025-08-21 10:56:30 INFO Epoch 042 | Train Loss: 0.5209 | Val Loss: 0.8521 | Dice: 0.4526 | softDice: 0.4487 | clDice: 0.5599 | softclDice: 0.4148 | IoU: 0.2930 | Tversky: 0.4526 | Hausdorff: 307.4400 | HD95: 47.9462 | val_loss: 0.8521 | LR: 0.000031
2025-08-21 11:00:27 INFO Epoch 043 | Train Loss: 0.5188 | Val Loss: 0.8503 | Dice: 0.4520 | softDice: 0.4479 | clDice: 0.5626 | softclDice: 0.4108 | IoU: 0.2925 | Tversky: 0.4520 | Hausdorff: 300.2343 | HD95: 47.4100 | val_loss: 0.8503 | LR: 0.000031
2025-08-21 11:04:20 INFO Epoch 044 | Train Loss: 0.5211 | Val Loss: 0.8804 | Dice: 0.4512 | softDice: 0.4470 | clDice: 0.5576 | softclDice: 0.4224 | IoU: 0.2919 | Tversky: 0.4512 | Hausdorff: 274.5513 | HD95: 47.4627 | val_loss: 0.8804 | LR: 0.000031
2025-08-21 11:08:07 INFO Epoch 045 | Train Loss: 0.5182 | Val Loss: 0.8783 | Dice: 0.4552 | softDice: 0.4514 | clDice: 0.5617 | softclDice: 0.4153 | IoU: 0.2952 | Tversky: 0.4552 | Hausdorff: 303.8251 | HD95: 47.0580 | val_loss: 0.8783 | LR: 0.000031
2025-08-21 11:11:59 INFO Epoch 046 | Train Loss: 0.5184 | Val Loss: 0.8784 | Dice: 0.4546 | softDice: 0.4503 | clDice: 0.5612 | softclDice: 0.4145 | IoU: 0.2947 | Tversky: 0.4546 | Hausdorff: 298.9947 | HD95: 47.0659 | val_loss: 0.8784 | LR: 0.000031
2025-08-21 11:15:43 INFO Epoch 047 | Train Loss: 0.5277 | Val Loss: 0.8781 | Dice: 0.4543 | softDice: 0.4506 | clDice: 0.5606 | softclDice: 0.4128 | IoU: 0.2945 | Tversky: 0.4543 | Hausdorff: 304.9567 | HD95: 46.9661 | val_loss: 0.8781 | LR: 0.000031
2025-08-21 11:19:32 INFO Epoch 048 | Train Loss: 0.5159 | Val Loss: 0.8776 | Dice: 0.4550 | softDice: 0.4506 | clDice: 0.5620 | softclDice: 0.4126 | IoU: 0.2951 | Tversky: 0.4550 | Hausdorff: 277.5570 | HD95: 46.4349 | val_loss: 0.8776 | LR: 0.000016
2025-08-21 11:23:24 INFO Epoch 049 | Train Loss: 0.5184 | Val Loss: 0.9045 | Dice: 0.4560 | softDice: 0.4521 | clDice: 0.5607 | softclDice: 0.4137 | IoU: 0.2959 | Tversky: 0.4560 | Hausdorff: 281.7651 | HD95: 45.8733 | val_loss: 0.9045 | LR: 0.000016
2025-08-21 11:27:12 INFO Epoch 050 | Train Loss: 0.5171 | Val Loss: 0.8522 | Dice: 0.4552 | softDice: 0.4512 | clDice: 0.5621 | softclDice: 0.4143 | IoU: 0.2952 | Tversky: 0.4552 | Hausdorff: 277.5908 | HD95: 46.3619 | val_loss: 0.8522 | LR: 0.000016
2025-08-21 11:31:19 INFO Epoch 051 | Train Loss: 0.5201 | Val Loss: 0.8788 | Dice: 0.4555 | softDice: 0.4512 | clDice: 0.5619 | softclDice: 0.4158 | IoU: 0.2955 | Tversky: 0.4555 | Hausdorff: 276.4077 | HD95: 47.2907 | val_loss: 0.8788 | LR: 0.000016
2025-08-21 11:35:22 INFO Epoch 052 | Train Loss: 0.5171 | Val Loss: 0.8772 | Dice: 0.4562 | softDice: 0.4527 | clDice: 0.5626 | softclDice: 0.4104 | IoU: 0.2960 | Tversky: 0.4562 | Hausdorff: 279.1784 | HD95: 46.3665 | val_loss: 0.8772 | LR: 0.000016
2025-08-21 11:39:15 INFO Epoch 053 | Train Loss: 0.5197 | Val Loss: 0.8771 | Dice: 0.4548 | softDice: 0.4517 | clDice: 0.5602 | softclDice: 0.4102 | IoU: 0.2949 | Tversky: 0.4548 | Hausdorff: 280.1093 | HD95: 46.4831 | val_loss: 0.8771 | LR: 0.000016
2025-08-21 11:43:07 INFO Epoch 054 | Train Loss: 0.5161 | Val Loss: 0.8768 | Dice: 0.4564 | softDice: 0.4530 | clDice: 0.5620 | softclDice: 0.4099 | IoU: 0.2962 | Tversky: 0.4564 | Hausdorff: 300.3029 | HD95: 47.0686 | val_loss: 0.8768 | LR: 0.000008
2025-08-21 11:46:57 INFO Epoch 055 | Train Loss: 0.5169 | Val Loss: 0.8775 | Dice: 0.4549 | softDice: 0.4515 | clDice: 0.5612 | softclDice: 0.4113 | IoU: 0.2950 | Tversky: 0.4549 | Hausdorff: 277.8583 | HD95: 46.4931 | val_loss: 0.8775 | LR: 0.000008
2025-08-21 11:50:50 INFO Epoch 056 | Train Loss: 0.5189 | Val Loss: 0.8774 | Dice: 0.4552 | softDice: 0.4516 | clDice: 0.5620 | softclDice: 0.4114 | IoU: 0.2952 | Tversky: 0.4552 | Hausdorff: 275.6411 | HD95: 46.4647 | val_loss: 0.8774 | LR: 0.000008
2025-08-21 11:54:50 INFO Early stopping at epoch 57 | Best Dice: 0.4564 at epoch 15
2025-08-21 11:56:42 INFO Fold 3 results: Dice: 0.4564 | softDice: 0.4530 | clDice: 0.5620 | softclDice: 0.4099 | IoU: 0.2962 | Tversky: 0.4564 | Hausdorff: 300.3029 | HD95: 47.0686 | val_loss: 0.8768
2025-08-21 11:56:42 INFO ===== Fold 4 / 5 =====
2025-08-21 11:56:42 INFO Loading model unet with settings {'name': 'unet', 'encoder_name': 'se_resnext50_32x4d', 'encoder_weights': 'imagenet', 'classes': 1, 'activation': None, 'dropout': 0.2}
2025-08-21 12:00:45 INFO Epoch 001 | Train Loss: 0.7392 | Val Loss: 1.0000 | Dice: 0.3882 | softDice: 0.2756 | clDice: 0.4878 | softclDice: 0.5359 | IoU: 0.2414 | Tversky: 0.3882 | Hausdorff: 459.3895 | HD95: 53.1951 | val_loss: 1.0000 | LR: 0.001000
2025-08-21 12:04:42 INFO Epoch 002 | Train Loss: 0.6042 | Val Loss: 1.0000 | Dice: 0.3988 | softDice: 0.3723 | clDice: 0.4691 | softclDice: 0.5402 | IoU: 0.2493 | Tversky: 0.3988 | Hausdorff: 526.8543 | HD95: 76.6965 | val_loss: 1.0000 | LR: 0.001000
2025-08-21 12:08:29 INFO Epoch 003 | Train Loss: 0.5784 | Val Loss: 0.9555 | Dice: 0.3818 | softDice: 0.3750 | clDice: 0.4640 | softclDice: 0.4829 | IoU: 0.2369 | Tversky: 0.3818 | Hausdorff: 361.9146 | HD95: 87.3600 | val_loss: 0.9555 | LR: 0.001000
2025-08-21 12:12:39 INFO Epoch 004 | Train Loss: 0.5702 | Val Loss: 0.8371 | Dice: 0.4111 | softDice: 0.4018 | clDice: 0.4947 | softclDice: 0.4671 | IoU: 0.2592 | Tversky: 0.4111 | Hausdorff: 460.4682 | HD95: 85.0327 | val_loss: 0.8371 | LR: 0.001000
2025-08-21 12:16:29 INFO Epoch 005 | Train Loss: 0.5700 | Val Loss: 0.8477 | Dice: 0.4147 | softDice: 0.4053 | clDice: 0.5025 | softclDice: 0.5002 | IoU: 0.2617 | Tversky: 0.4147 | Hausdorff: 332.2833 | HD95: 61.8051 | val_loss: 0.8477 | LR: 0.001000
2025-08-21 12:20:21 INFO Epoch 006 | Train Loss: 0.5679 | Val Loss: 0.8597 | Dice: 0.3943 | softDice: 0.3902 | clDice: 0.4907 | softclDice: 0.4653 | IoU: 0.2461 | Tversky: 0.3943 | Hausdorff: 304.7922 | HD95: 78.0582 | val_loss: 0.8597 | LR: 0.001000
2025-08-21 12:24:12 INFO Epoch 007 | Train Loss: 0.5760 | Val Loss: 0.8657 | Dice: 0.3708 | softDice: 0.3681 | clDice: 0.4528 | softclDice: 0.4832 | IoU: 0.2283 | Tversky: 0.3708 | Hausdorff: 343.1872 | HD95: 78.9002 | val_loss: 0.8657 | LR: 0.001000
2025-08-21 12:28:08 INFO Epoch 008 | Train Loss: 0.5782 | Val Loss: 0.8943 | Dice: 0.3990 | softDice: 0.3973 | clDice: 0.4845 | softclDice: 0.4824 | IoU: 0.2494 | Tversky: 0.3990 | Hausdorff: 513.1101 | HD95: 90.6037 | val_loss: 0.8943 | LR: 0.001000
2025-08-21 12:32:07 INFO Epoch 009 | Train Loss: 0.6006 | Val Loss: 0.8425 | Dice: 0.2929 | softDice: 0.2833 | clDice: 0.3119 | softclDice: 0.5296 | IoU: 0.1722 | Tversky: 0.2929 | Hausdorff: 558.5590 | HD95: 202.8350 | val_loss: 0.8425 | LR: 0.001000
2025-08-21 12:36:11 INFO Epoch 010 | Train Loss: 0.6140 | Val Loss: 0.8505 | Dice: 0.4015 | softDice: 0.3949 | clDice: 0.4836 | softclDice: 0.5197 | IoU: 0.2513 | Tversky: 0.4015 | Hausdorff: 409.6400 | HD95: 71.8183 | val_loss: 0.8505 | LR: 0.000500
2025-08-21 12:40:13 INFO Epoch 011 | Train Loss: 0.5672 | Val Loss: 0.8356 | Dice: 0.4147 | softDice: 0.4091 | clDice: 0.5331 | softclDice: 0.5019 | IoU: 0.2617 | Tversky: 0.4147 | Hausdorff: 313.5478 | HD95: 63.3008 | val_loss: 0.8356 | LR: 0.000500
2025-08-21 12:44:14 INFO Epoch 012 | Train Loss: 0.5570 | Val Loss: 0.8323 | Dice: 0.4164 | softDice: 0.4137 | clDice: 0.4846 | softclDice: 0.4668 | IoU: 0.2632 | Tversky: 0.4164 | Hausdorff: 421.8309 | HD95: 67.4382 | val_loss: 0.8323 | LR: 0.000500
2025-08-21 12:48:08 INFO Epoch 013 | Train Loss: 0.5471 | Val Loss: 0.8235 | Dice: 0.4147 | softDice: 0.4136 | clDice: 0.4884 | softclDice: 0.4378 | IoU: 0.2619 | Tversky: 0.4147 | Hausdorff: 466.3305 | HD95: 80.0736 | val_loss: 0.8235 | LR: 0.000500
2025-08-21 12:52:10 INFO Epoch 014 | Train Loss: 0.5504 | Val Loss: 0.8286 | Dice: 0.4311 | softDice: 0.4269 | clDice: 0.5371 | softclDice: 0.4390 | IoU: 0.2750 | Tversky: 0.4311 | Hausdorff: 399.8041 | HD95: 57.3569 | val_loss: 0.8286 | LR: 0.000500
2025-08-21 12:56:05 INFO Epoch 015 | Train Loss: 0.5601 | Val Loss: 0.8602 | Dice: 0.3643 | softDice: 0.3644 | clDice: 0.4558 | softclDice: 0.4721 | IoU: 0.2234 | Tversky: 0.3643 | Hausdorff: 436.5167 | HD95: 87.3858 | val_loss: 0.8602 | LR: 0.000500
2025-08-21 13:00:01 INFO Epoch 016 | Train Loss: 0.5571 | Val Loss: 0.8289 | Dice: 0.4264 | softDice: 0.4222 | clDice: 0.5394 | softclDice: 0.4509 | IoU: 0.2713 | Tversky: 0.4264 | Hausdorff: 383.0963 | HD95: 59.4778 | val_loss: 0.8289 | LR: 0.000500
2025-08-21 13:04:11 INFO Epoch 017 | Train Loss: 0.5468 | Val Loss: 0.8332 | Dice: 0.4263 | softDice: 0.4231 | clDice: 0.5302 | softclDice: 0.4609 | IoU: 0.2711 | Tversky: 0.4263 | Hausdorff: 305.2435 | HD95: 62.2112 | val_loss: 0.8332 | LR: 0.000500
2025-08-21 13:08:11 INFO Epoch 018 | Train Loss: 0.5428 | Val Loss: 0.8234 | Dice: 0.4094 | softDice: 0.4098 | clDice: 0.5216 | softclDice: 0.4362 | IoU: 0.2578 | Tversky: 0.4094 | Hausdorff: 431.8868 | HD95: 69.2369 | val_loss: 0.8234 | LR: 0.000500
2025-08-21 13:12:03 INFO Epoch 019 | Train Loss: 0.5566 | Val Loss: 1.0000 | Dice: 0.2879 | softDice: 0.2929 | clDice: 0.3295 | softclDice: 0.5591 | IoU: 0.1687 | Tversky: 0.2879 | Hausdorff: 613.3477 | HD95: 182.9678 | val_loss: 1.0000 | LR: 0.000500
2025-08-21 13:15:53 INFO Epoch 020 | Train Loss: 0.5936 | Val Loss: 0.8352 | Dice: 0.4017 | softDice: 0.4006 | clDice: 0.5080 | softclDice: 0.4566 | IoU: 0.2517 | Tversky: 0.4017 | Hausdorff: 357.9951 | HD95: 67.9325 | val_loss: 0.8352 | LR: 0.000500
2025-08-21 13:19:37 INFO Epoch 021 | Train Loss: 0.5497 | Val Loss: 0.8287 | Dice: 0.4224 | softDice: 0.4217 | clDice: 0.4757 | softclDice: 0.4480 | IoU: 0.2679 | Tversky: 0.4224 | Hausdorff: 288.2273 | HD95: 65.5516 | val_loss: 0.8287 | LR: 0.000500
2025-08-21 13:23:34 INFO Epoch 022 | Train Loss: 0.5728 | Val Loss: 0.8273 | Dice: 0.3925 | softDice: 0.3930 | clDice: 0.4905 | softclDice: 0.4378 | IoU: 0.2448 | Tversky: 0.3925 | Hausdorff: 403.5792 | HD95: 83.0446 | val_loss: 0.8273 | LR: 0.000500
2025-08-21 13:27:42 INFO Epoch 023 | Train Loss: 0.5793 | Val Loss: 0.9446 | Dice: 0.3311 | softDice: 0.3279 | clDice: 0.4510 | softclDice: 0.7716 | IoU: 0.1988 | Tversky: 0.3311 | Hausdorff: 417.9734 | HD95: 93.3030 | val_loss: 0.9446 | LR: 0.000500
2025-08-21 13:31:40 INFO Epoch 024 | Train Loss: 0.6443 | Val Loss: 0.8514 | Dice: 0.3865 | softDice: 0.3781 | clDice: 0.4690 | softclDice: 0.5135 | IoU: 0.2399 | Tversky: 0.3865 | Hausdorff: 317.0308 | HD95: 83.2688 | val_loss: 0.8514 | LR: 0.000250
2025-08-21 13:35:32 INFO Epoch 025 | Train Loss: 0.5933 | Val Loss: 0.8634 | Dice: 0.4062 | softDice: 0.3994 | clDice: 0.4933 | softclDice: 0.4782 | IoU: 0.2552 | Tversky: 0.4062 | Hausdorff: 302.1334 | HD95: 75.2175 | val_loss: 0.8634 | LR: 0.000250
2025-08-21 13:39:28 INFO Epoch 026 | Train Loss: 0.5764 | Val Loss: 0.8561 | Dice: 0.4119 | softDice: 0.4057 | clDice: 0.5076 | softclDice: 0.4560 | IoU: 0.2598 | Tversky: 0.4119 | Hausdorff: 270.4807 | HD95: 72.8911 | val_loss: 0.8561 | LR: 0.000250
2025-08-21 13:43:24 INFO Epoch 027 | Train Loss: 0.5623 | Val Loss: 0.8288 | Dice: 0.4166 | softDice: 0.4113 | clDice: 0.5172 | softclDice: 0.4443 | IoU: 0.2635 | Tversky: 0.4166 | Hausdorff: 267.1260 | HD95: 65.8729 | val_loss: 0.8288 | LR: 0.000250
2025-08-21 13:47:22 INFO Epoch 028 | Train Loss: 0.5555 | Val Loss: 0.8297 | Dice: 0.4207 | softDice: 0.4162 | clDice: 0.5193 | softclDice: 0.4445 | IoU: 0.2667 | Tversky: 0.4207 | Hausdorff: 298.7005 | HD95: 61.2776 | val_loss: 0.8297 | LR: 0.000250
2025-08-21 13:51:10 INFO Epoch 029 | Train Loss: 0.5481 | Val Loss: 0.8257 | Dice: 0.4218 | softDice: 0.4185 | clDice: 0.5245 | softclDice: 0.4345 | IoU: 0.2676 | Tversky: 0.4218 | Hausdorff: 290.0816 | HD95: 59.5617 | val_loss: 0.8257 | LR: 0.000250
2025-08-21 13:54:57 INFO Epoch 030 | Train Loss: 0.5487 | Val Loss: 0.8275 | Dice: 0.4182 | softDice: 0.4153 | clDice: 0.5171 | softclDice: 0.4430 | IoU: 0.2647 | Tversky: 0.4182 | Hausdorff: 280.0195 | HD95: 59.6615 | val_loss: 0.8275 | LR: 0.000125
2025-08-21 13:58:54 INFO Epoch 031 | Train Loss: 0.5451 | Val Loss: 0.8222 | Dice: 0.4294 | softDice: 0.4262 | clDice: 0.5336 | softclDice: 0.4272 | IoU: 0.2737 | Tversky: 0.4294 | Hausdorff: 274.3452 | HD95: 55.9293 | val_loss: 0.8222 | LR: 0.000125
2025-08-21 14:02:50 INFO Epoch 032 | Train Loss: 0.5414 | Val Loss: 0.8223 | Dice: 0.4332 | softDice: 0.4300 | clDice: 0.5380 | softclDice: 0.4266 | IoU: 0.2767 | Tversky: 0.4332 | Hausdorff: 239.0909 | HD95: 54.0413 | val_loss: 0.8223 | LR: 0.000125
2025-08-21 14:06:55 INFO Epoch 033 | Train Loss: 0.5355 | Val Loss: 0.8252 | Dice: 0.4371 | softDice: 0.4337 | clDice: 0.5403 | softclDice: 0.4383 | IoU: 0.2798 | Tversky: 0.4371 | Hausdorff: 244.8537 | HD95: 51.3459 | val_loss: 0.8252 | LR: 0.000125
2025-08-21 14:10:55 INFO Epoch 034 | Train Loss: 0.5368 | Val Loss: 0.8235 | Dice: 0.4358 | softDice: 0.4331 | clDice: 0.5409 | softclDice: 0.4336 | IoU: 0.2788 | Tversky: 0.4358 | Hausdorff: 249.6093 | HD95: 51.5835 | val_loss: 0.8235 | LR: 0.000125
2025-08-21 14:14:48 INFO Epoch 035 | Train Loss: 0.5317 | Val Loss: 0.8230 | Dice: 0.4340 | softDice: 0.4313 | clDice: 0.5401 | softclDice: 0.4300 | IoU: 0.2773 | Tversky: 0.4340 | Hausdorff: 217.9003 | HD95: 50.0654 | val_loss: 0.8230 | LR: 0.000125
2025-08-21 14:18:42 INFO Epoch 036 | Train Loss: 0.5306 | Val Loss: 0.8195 | Dice: 0.4294 | softDice: 0.4274 | clDice: 0.5435 | softclDice: 0.4292 | IoU: 0.2736 | Tversky: 0.4294 | Hausdorff: 232.3897 | HD95: 51.7073 | val_loss: 0.8195 | LR: 0.000125
2025-08-21 14:22:39 INFO Epoch 037 | Train Loss: 0.5380 | Val Loss: 0.8258 | Dice: 0.4289 | softDice: 0.4272 | clDice: 0.5300 | softclDice: 0.4375 | IoU: 0.2733 | Tversky: 0.4289 | Hausdorff: 323.0017 | HD95: 56.2514 | val_loss: 0.8258 | LR: 0.000125
2025-08-21 14:26:39 INFO Epoch 038 | Train Loss: 0.5337 | Val Loss: 0.8187 | Dice: 0.4291 | softDice: 0.4269 | clDice: 0.5463 | softclDice: 0.4365 | IoU: 0.2733 | Tversky: 0.4291 | Hausdorff: 263.8356 | HD95: 50.1950 | val_loss: 0.8187 | LR: 0.000125
2025-08-21 14:30:47 INFO Epoch 039 | Train Loss: 0.5386 | Val Loss: 0.8274 | Dice: 0.4344 | softDice: 0.4311 | clDice: 0.5415 | softclDice: 0.4452 | IoU: 0.2776 | Tversky: 0.4344 | Hausdorff: 234.6167 | HD95: 52.9546 | val_loss: 0.8274 | LR: 0.000125
2025-08-21 14:34:38 INFO Epoch 040 | Train Loss: 0.5374 | Val Loss: 0.8270 | Dice: 0.4353 | softDice: 0.4330 | clDice: 0.5381 | softclDice: 0.4370 | IoU: 0.2783 | Tversky: 0.4353 | Hausdorff: 230.5986 | HD95: 51.8958 | val_loss: 0.8270 | LR: 0.000125
2025-08-21 14:38:18 INFO Epoch 041 | Train Loss: 0.5284 | Val Loss: 0.8227 | Dice: 0.4316 | softDice: 0.4301 | clDice: 0.5395 | softclDice: 0.4310 | IoU: 0.2754 | Tversky: 0.4316 | Hausdorff: 271.6898 | HD95: 51.8158 | val_loss: 0.8227 | LR: 0.000125
2025-08-21 14:41:45 INFO Epoch 042 | Train Loss: 0.5332 | Val Loss: 0.8208 | Dice: 0.4355 | softDice: 0.4338 | clDice: 0.5461 | softclDice: 0.4225 | IoU: 0.2785 | Tversky: 0.4355 | Hausdorff: 233.2494 | HD95: 53.0367 | val_loss: 0.8208 | LR: 0.000125
2025-08-21 14:45:15 INFO Epoch 043 | Train Loss: 0.5272 | Val Loss: 0.8183 | Dice: 0.4329 | softDice: 0.4308 | clDice: 0.5472 | softclDice: 0.4184 | IoU: 0.2764 | Tversky: 0.4329 | Hausdorff: 215.1828 | HD95: 53.8084 | val_loss: 0.8183 | LR: 0.000125
2025-08-21 14:48:41 INFO Epoch 044 | Train Loss: 0.5332 | Val Loss: 0.8223 | Dice: 0.4347 | softDice: 0.4329 | clDice: 0.5410 | softclDice: 0.4232 | IoU: 0.2780 | Tversky: 0.4347 | Hausdorff: 234.5624 | HD95: 51.4821 | val_loss: 0.8223 | LR: 0.000125
2025-08-21 14:52:10 INFO Epoch 045 | Train Loss: 0.5267 | Val Loss: 0.8209 | Dice: 0.4332 | softDice: 0.4313 | clDice: 0.5518 | softclDice: 0.4316 | IoU: 0.2767 | Tversky: 0.4332 | Hausdorff: 291.7000 | HD95: 49.7497 | val_loss: 0.8209 | LR: 0.000125
2025-08-21 14:55:42 INFO Epoch 046 | Train Loss: 0.5296 | Val Loss: 0.8222 | Dice: 0.4437 | softDice: 0.4403 | clDice: 0.5521 | softclDice: 0.4238 | IoU: 0.2853 | Tversky: 0.4437 | Hausdorff: 214.1083 | HD95: 45.9956 | val_loss: 0.8222 | LR: 0.000125
2025-08-21 14:59:09 INFO Epoch 047 | Train Loss: 0.5254 | Val Loss: 0.8207 | Dice: 0.4401 | softDice: 0.4369 | clDice: 0.5518 | softclDice: 0.4275 | IoU: 0.2823 | Tversky: 0.4401 | Hausdorff: 206.8051 | HD95: 47.5283 | val_loss: 0.8207 | LR: 0.000125
2025-08-21 15:02:37 INFO Epoch 048 | Train Loss: 0.5280 | Val Loss: 0.8197 | Dice: 0.4328 | softDice: 0.4310 | clDice: 0.5477 | softclDice: 0.4271 | IoU: 0.2764 | Tversky: 0.4328 | Hausdorff: 281.9161 | HD95: 53.1978 | val_loss: 0.8197 | LR: 0.000125
2025-08-21 15:06:05 INFO Epoch 049 | Train Loss: 0.5262 | Val Loss: 0.8182 | Dice: 0.4374 | softDice: 0.4345 | clDice: 0.5537 | softclDice: 0.4265 | IoU: 0.2801 | Tversky: 0.4374 | Hausdorff: 240.0650 | HD95: 45.8731 | val_loss: 0.8182 | LR: 0.000125
2025-08-21 15:09:33 INFO Epoch 050 | Train Loss: 0.5255 | Val Loss: 0.8244 | Dice: 0.4480 | softDice: 0.4439 | clDice: 0.5495 | softclDice: 0.4271 | IoU: 0.2887 | Tversky: 0.4480 | Hausdorff: 201.5253 | HD95: 47.7999 | val_loss: 0.8244 | LR: 0.000125
2025-08-21 15:13:01 INFO Epoch 051 | Train Loss: 0.5234 | Val Loss: 0.8190 | Dice: 0.4328 | softDice: 0.4300 | clDice: 0.5582 | softclDice: 0.4380 | IoU: 0.2762 | Tversky: 0.4328 | Hausdorff: 216.5196 | HD95: 44.8803 | val_loss: 0.8190 | LR: 0.000125
2025-08-21 15:16:25 INFO Epoch 052 | Train Loss: 0.5343 | Val Loss: 0.8223 | Dice: 0.4346 | softDice: 0.4326 | clDice: 0.5445 | softclDice: 0.4305 | IoU: 0.2777 | Tversky: 0.4346 | Hausdorff: 279.0658 | HD95: 50.2160 | val_loss: 0.8223 | LR: 0.000125
2025-08-21 15:19:51 INFO Epoch 053 | Train Loss: 0.5267 | Val Loss: 0.8214 | Dice: 0.4376 | softDice: 0.4358 | clDice: 0.5469 | softclDice: 0.4252 | IoU: 0.2803 | Tversky: 0.4376 | Hausdorff: 268.2377 | HD95: 50.1339 | val_loss: 0.8214 | LR: 0.000125
2025-08-21 15:23:17 INFO Epoch 054 | Train Loss: 0.5276 | Val Loss: 0.8196 | Dice: 0.4360 | softDice: 0.4348 | clDice: 0.5488 | softclDice: 0.4223 | IoU: 0.2789 | Tversky: 0.4360 | Hausdorff: 238.8538 | HD95: 49.3097 | val_loss: 0.8196 | LR: 0.000125
2025-08-21 15:26:47 INFO Epoch 055 | Train Loss: 0.5280 | Val Loss: 0.8256 | Dice: 0.4314 | softDice: 0.4282 | clDice: 0.5574 | softclDice: 0.4499 | IoU: 0.2751 | Tversky: 0.4314 | Hausdorff: 237.9983 | HD95: 49.1929 | val_loss: 0.8256 | LR: 0.000063
2025-08-21 15:30:15 INFO Epoch 056 | Train Loss: 0.5413 | Val Loss: 0.8250 | Dice: 0.4290 | softDice: 0.4253 | clDice: 0.5468 | softclDice: 0.4492 | IoU: 0.2731 | Tversky: 0.4290 | Hausdorff: 318.2325 | HD95: 51.5722 | val_loss: 0.8250 | LR: 0.000063
2025-08-21 15:33:41 INFO Epoch 057 | Train Loss: 0.5436 | Val Loss: 0.8208 | Dice: 0.4316 | softDice: 0.4285 | clDice: 0.5438 | softclDice: 0.4274 | IoU: 0.2753 | Tversky: 0.4316 | Hausdorff: 396.9137 | HD95: 57.3931 | val_loss: 0.8208 | LR: 0.000063
2025-08-21 15:37:08 INFO Epoch 058 | Train Loss: 0.5412 | Val Loss: 0.8210 | Dice: 0.4367 | softDice: 0.4340 | clDice: 0.5492 | softclDice: 0.4260 | IoU: 0.2794 | Tversky: 0.4367 | Hausdorff: 395.5276 | HD95: 54.1519 | val_loss: 0.8210 | LR: 0.000063
2025-08-21 15:40:34 INFO Epoch 059 | Train Loss: 0.5352 | Val Loss: 0.8190 | Dice: 0.4317 | softDice: 0.4299 | clDice: 0.5472 | softclDice: 0.4265 | IoU: 0.2754 | Tversky: 0.4317 | Hausdorff: 384.3632 | HD95: 51.6806 | val_loss: 0.8190 | LR: 0.000063
2025-08-21 15:44:02 INFO Epoch 060 | Train Loss: 0.5321 | Val Loss: 0.8201 | Dice: 0.4337 | softDice: 0.4323 | clDice: 0.5510 | softclDice: 0.4266 | IoU: 0.2770 | Tversky: 0.4337 | Hausdorff: 329.2277 | HD95: 50.8108 | val_loss: 0.8201 | LR: 0.000063
2025-08-21 15:47:27 INFO Epoch 061 | Train Loss: 0.5271 | Val Loss: 0.8179 | Dice: 0.4255 | softDice: 0.4252 | clDice: 0.5447 | softclDice: 0.4314 | IoU: 0.2704 | Tversky: 0.4255 | Hausdorff: 397.8207 | HD95: 54.7411 | val_loss: 0.8179 | LR: 0.000063
2025-08-21 15:50:54 INFO Epoch 062 | Train Loss: 0.5249 | Val Loss: 0.8250 | Dice: 0.4332 | softDice: 0.4314 | clDice: 0.5478 | softclDice: 0.4351 | IoU: 0.2766 | Tversky: 0.4332 | Hausdorff: 309.1086 | HD95: 49.8495 | val_loss: 0.8250 | LR: 0.000063
2025-08-21 15:54:22 INFO Epoch 063 | Train Loss: 0.5271 | Val Loss: 0.8142 | Dice: 0.4346 | softDice: 0.4327 | clDice: 0.5557 | softclDice: 0.4197 | IoU: 0.2778 | Tversky: 0.4346 | Hausdorff: 355.3958 | HD95: 51.9351 | val_loss: 0.8142 | LR: 0.000063
2025-08-21 15:57:47 INFO Epoch 064 | Train Loss: 0.5255 | Val Loss: 0.8181 | Dice: 0.4335 | softDice: 0.4325 | clDice: 0.5520 | softclDice: 0.4274 | IoU: 0.2770 | Tversky: 0.4335 | Hausdorff: 284.1452 | HD95: 50.8546 | val_loss: 0.8181 | LR: 0.000063
2025-08-21 16:01:16 INFO Epoch 065 | Train Loss: 0.5205 | Val Loss: 0.8170 | Dice: 0.4293 | softDice: 0.4298 | clDice: 0.5479 | softclDice: 0.4233 | IoU: 0.2736 | Tversky: 0.4293 | Hausdorff: 245.8292 | HD95: 53.4813 | val_loss: 0.8170 | LR: 0.000063
2025-08-21 16:04:45 INFO Epoch 066 | Train Loss: 0.5220 | Val Loss: 0.8195 | Dice: 0.4338 | softDice: 0.4341 | clDice: 0.5478 | softclDice: 0.4220 | IoU: 0.2773 | Tversky: 0.4338 | Hausdorff: 238.8864 | HD95: 52.6835 | val_loss: 0.8195 | LR: 0.000063
2025-08-21 16:08:12 INFO Epoch 067 | Train Loss: 0.5237 | Val Loss: 0.8169 | Dice: 0.4247 | softDice: 0.4258 | clDice: 0.5426 | softclDice: 0.4275 | IoU: 0.2700 | Tversky: 0.4247 | Hausdorff: 248.3361 | HD95: 54.3822 | val_loss: 0.8169 | LR: 0.000063
2025-08-21 16:11:42 INFO Epoch 068 | Train Loss: 0.5255 | Val Loss: 0.8167 | Dice: 0.4299 | softDice: 0.4307 | clDice: 0.5471 | softclDice: 0.4179 | IoU: 0.2741 | Tversky: 0.4299 | Hausdorff: 240.0704 | HD95: 55.5038 | val_loss: 0.8167 | LR: 0.000063
2025-08-21 16:15:10 INFO Epoch 069 | Train Loss: 0.5164 | Val Loss: 0.8182 | Dice: 0.4318 | softDice: 0.4321 | clDice: 0.5564 | softclDice: 0.4375 | IoU: 0.2756 | Tversky: 0.4318 | Hausdorff: 237.8645 | HD95: 51.1217 | val_loss: 0.8182 | LR: 0.000031
2025-08-21 16:18:38 INFO Epoch 070 | Train Loss: 0.5189 | Val Loss: 0.8182 | Dice: 0.4340 | softDice: 0.4341 | clDice: 0.5578 | softclDice: 0.4277 | IoU: 0.2773 | Tversky: 0.4340 | Hausdorff: 237.8060 | HD95: 51.2207 | val_loss: 0.8182 | LR: 0.000031
2025-08-21 16:18:38 INFO Training completed.
2025-08-21 16:20:23 INFO Fold 4 results: Dice: 0.4299 | softDice: 0.4307 | clDice: 0.5471 | softclDice: 0.4179 | IoU: 0.2741 | Tversky: 0.4299 | Hausdorff: 240.0704 | HD95: 55.5038 | val_loss: 0.8167
2025-08-21 16:20:23 INFO ===== Fold 5 / 5 =====
2025-08-21 16:20:23 INFO Loading model unet with settings {'name': 'unet', 'encoder_name': 'se_resnext50_32x4d', 'encoder_weights': 'imagenet', 'classes': 1, 'activation': None, 'dropout': 0.2}
2025-08-21 16:23:59 INFO Epoch 001 | Train Loss: 0.7721 | Val Loss: 1.0000 | Dice: 0.2997 | softDice: 0.2280 | clDice: 0.4266 | softclDice: 0.5677 | IoU: 0.1768 | Tversky: 0.2997 | Hausdorff: 816.0280 | HD95: 178.7368 | val_loss: 1.0000 | LR: 0.001000
2025-08-21 16:27:22 INFO Epoch 002 | Train Loss: 0.6461 | Val Loss: 1.0000 | Dice: 0.4075 | softDice: 0.3492 | clDice: 0.4883 | softclDice: 0.5230 | IoU: 0.2564 | Tversky: 0.4075 | Hausdorff: 556.9617 | HD95: 63.9676 | val_loss: 1.0000 | LR: 0.001000
2025-08-21 16:30:48 INFO Epoch 003 | Train Loss: 0.5871 | Val Loss: 0.8616 | Dice: 0.3990 | softDice: 0.3729 | clDice: 0.5100 | softclDice: 0.5048 | IoU: 0.2495 | Tversky: 0.3990 | Hausdorff: 570.6621 | HD95: 73.1721 | val_loss: 0.8616 | LR: 0.001000
2025-08-21 16:34:17 INFO Epoch 004 | Train Loss: 0.5882 | Val Loss: 0.9635 | Dice: 0.3492 | softDice: 0.3451 | clDice: 0.4388 | softclDice: 0.5170 | IoU: 0.2123 | Tversky: 0.3492 | Hausdorff: 443.4778 | HD95: 100.5335 | val_loss: 0.9635 | LR: 0.001000
2025-08-21 16:37:39 INFO Epoch 005 | Train Loss: 0.5751 | Val Loss: 0.9589 | Dice: 0.4128 | softDice: 0.4009 | clDice: 0.4982 | softclDice: 0.4852 | IoU: 0.2605 | Tversky: 0.4128 | Hausdorff: 275.4363 | HD95: 67.6351 | val_loss: 0.9589 | LR: 0.001000
2025-08-21 16:41:04 INFO Epoch 006 | Train Loss: 0.5550 | Val Loss: 0.9798 | Dice: 0.3985 | softDice: 0.3905 | clDice: 0.4718 | softclDice: 0.5038 | IoU: 0.2490 | Tversky: 0.3985 | Hausdorff: 352.7925 | HD95: 72.6816 | val_loss: 0.9798 | LR: 0.001000
2025-08-21 16:44:28 INFO Epoch 007 | Train Loss: 0.5572 | Val Loss: 0.9570 | Dice: 0.4354 | softDice: 0.4268 | clDice: 0.5242 | softclDice: 0.4676 | IoU: 0.2785 | Tversky: 0.4354 | Hausdorff: 288.4333 | HD95: 63.0016 | val_loss: 0.9570 | LR: 0.001000
2025-08-21 16:47:48 INFO Epoch 008 | Train Loss: 0.5484 | Val Loss: 0.9563 | Dice: 0.4244 | softDice: 0.4195 | clDice: 0.5015 | softclDice: 0.4811 | IoU: 0.2695 | Tversky: 0.4244 | Hausdorff: 424.1776 | HD95: 67.7985 | val_loss: 0.9563 | LR: 0.001000
2025-08-21 16:51:18 INFO Epoch 009 | Train Loss: 0.5472 | Val Loss: 0.8261 | Dice: 0.3918 | softDice: 0.3912 | clDice: 0.5001 | softclDice: 0.4368 | IoU: 0.2440 | Tversky: 0.3918 | Hausdorff: 416.8409 | HD95: 78.4386 | val_loss: 0.8261 | LR: 0.001000
2025-08-21 16:54:43 INFO Epoch 010 | Train Loss: 0.5769 | Val Loss: 0.8257 | Dice: 0.4103 | softDice: 0.4046 | clDice: 0.5222 | softclDice: 0.4397 | IoU: 0.2583 | Tversky: 0.4103 | Hausdorff: 488.8029 | HD95: 68.3198 | val_loss: 0.8257 | LR: 0.001000
2025-08-21 16:58:04 INFO Epoch 011 | Train Loss: 0.5540 | Val Loss: 0.8356 | Dice: 0.4364 | softDice: 0.4277 | clDice: 0.5223 | softclDice: 0.4616 | IoU: 0.2792 | Tversky: 0.4364 | Hausdorff: 323.9740 | HD95: 70.2846 | val_loss: 0.8356 | LR: 0.001000
2025-08-21 17:01:30 INFO Epoch 012 | Train Loss: 0.5376 | Val Loss: 0.8257 | Dice: 0.4280 | softDice: 0.4243 | clDice: 0.5453 | softclDice: 0.4423 | IoU: 0.2725 | Tversky: 0.4280 | Hausdorff: 517.6844 | HD95: 59.8641 | val_loss: 0.8257 | LR: 0.001000
2025-08-21 17:04:55 INFO Epoch 013 | Train Loss: 0.5381 | Val Loss: 1.0000 | Dice: 0.4041 | softDice: 0.4037 | clDice: 0.4938 | softclDice: 0.4675 | IoU: 0.2538 | Tversky: 0.4041 | Hausdorff: 415.1230 | HD95: 71.0662 | val_loss: 1.0000 | LR: 0.001000
2025-08-21 17:08:23 INFO Epoch 014 | Train Loss: 0.5429 | Val Loss: 0.8190 | Dice: 0.4221 | softDice: 0.4208 | clDice: 0.5356 | softclDice: 0.4154 | IoU: 0.2678 | Tversky: 0.4221 | Hausdorff: 339.8514 | HD95: 62.5791 | val_loss: 0.8190 | LR: 0.001000
2025-08-21 17:11:45 INFO Epoch 015 | Train Loss: 0.5366 | Val Loss: 1.0000 | Dice: 0.4311 | softDice: 0.4291 | clDice: 0.5081 | softclDice: 0.4697 | IoU: 0.2751 | Tversky: 0.4311 | Hausdorff: 228.8006 | HD95: 60.5639 | val_loss: 1.0000 | LR: 0.001000
2025-08-21 17:15:10 INFO Epoch 016 | Train Loss: 0.5317 | Val Loss: 1.0000 | Dice: 0.4476 | softDice: 0.4434 | clDice: 0.5454 | softclDice: 0.4291 | IoU: 0.2886 | Tversky: 0.4476 | Hausdorff: 275.0083 | HD95: 55.2194 | val_loss: 1.0000 | LR: 0.001000
2025-08-21 17:18:35 INFO Epoch 017 | Train Loss: 0.5318 | Val Loss: 0.8430 | Dice: 0.4085 | softDice: 0.4033 | clDice: 0.5029 | softclDice: 0.4843 | IoU: 0.2570 | Tversky: 0.4085 | Hausdorff: 242.6445 | HD95: 66.9177 | val_loss: 0.8430 | LR: 0.001000
2025-08-21 17:21:57 INFO Epoch 018 | Train Loss: 0.5306 | Val Loss: 0.8284 | Dice: 0.4332 | softDice: 0.4271 | clDice: 0.5376 | softclDice: 0.4444 | IoU: 0.2767 | Tversky: 0.4332 | Hausdorff: 220.0109 | HD95: 62.6403 | val_loss: 0.8284 | LR: 0.001000
2025-08-21 17:25:23 INFO Epoch 019 | Train Loss: 0.5338 | Val Loss: 0.8244 | Dice: 0.4288 | softDice: 0.4268 | clDice: 0.5343 | softclDice: 0.4300 | IoU: 0.2732 | Tversky: 0.4288 | Hausdorff: 288.1848 | HD95: 58.9857 | val_loss: 0.8244 | LR: 0.001000
2025-08-21 17:28:46 INFO Epoch 020 | Train Loss: 0.5270 | Val Loss: 0.8195 | Dice: 0.4433 | softDice: 0.4406 | clDice: 0.5526 | softclDice: 0.4173 | IoU: 0.2850 | Tversky: 0.4433 | Hausdorff: 225.0279 | HD95: 53.9470 | val_loss: 0.8195 | LR: 0.000500
2025-08-21 17:32:11 INFO Epoch 021 | Train Loss: 0.5148 | Val Loss: 0.8214 | Dice: 0.4437 | softDice: 0.4415 | clDice: 0.5451 | softclDice: 0.4196 | IoU: 0.2853 | Tversky: 0.4437 | Hausdorff: 213.3845 | HD95: 53.6402 | val_loss: 0.8214 | LR: 0.000500
2025-08-21 17:35:38 INFO Epoch 022 | Train Loss: 0.5186 | Val Loss: 0.8177 | Dice: 0.4417 | softDice: 0.4392 | clDice: 0.5579 | softclDice: 0.4151 | IoU: 0.2836 | Tversky: 0.4417 | Hausdorff: 218.0947 | HD95: 55.2039 | val_loss: 0.8177 | LR: 0.000500
2025-08-21 17:39:01 INFO Epoch 023 | Train Loss: 0.5153 | Val Loss: 0.8373 | Dice: 0.4319 | softDice: 0.4299 | clDice: 0.5343 | softclDice: 0.4666 | IoU: 0.2756 | Tversky: 0.4319 | Hausdorff: 240.1066 | HD95: 49.1300 | val_loss: 0.8373 | LR: 0.000500
2025-08-21 17:42:27 INFO Epoch 024 | Train Loss: 0.5224 | Val Loss: 0.8227 | Dice: 0.4364 | softDice: 0.4343 | clDice: 0.5419 | softclDice: 0.4216 | IoU: 0.2793 | Tversky: 0.4364 | Hausdorff: 238.7664 | HD95: 53.4860 | val_loss: 0.8227 | LR: 0.000500
2025-08-21 17:45:49 INFO Epoch 025 | Train Loss: 0.5115 | Val Loss: 0.8261 | Dice: 0.4365 | softDice: 0.4335 | clDice: 0.5472 | softclDice: 0.4321 | IoU: 0.2794 | Tversky: 0.4365 | Hausdorff: 218.6002 | HD95: 56.0495 | val_loss: 0.8261 | LR: 0.000500
2025-08-21 17:49:16 INFO Epoch 026 | Train Loss: 0.5181 | Val Loss: 0.9509 | Dice: 0.4456 | softDice: 0.4448 | clDice: 0.5565 | softclDice: 0.4027 | IoU: 0.2869 | Tversky: 0.4456 | Hausdorff: 211.1853 | HD95: 50.4632 | val_loss: 0.9509 | LR: 0.000500
2025-08-21 17:52:40 INFO Epoch 027 | Train Loss: 0.5154 | Val Loss: 0.8240 | Dice: 0.4370 | softDice: 0.4358 | clDice: 0.5417 | softclDice: 0.4260 | IoU: 0.2798 | Tversky: 0.4370 | Hausdorff: 222.7639 | HD95: 52.3066 | val_loss: 0.8240 | LR: 0.000500
2025-08-21 17:56:05 INFO Epoch 028 | Train Loss: 0.5412 | Val Loss: 0.9785 | Dice: 0.4218 | softDice: 0.4237 | clDice: 0.5171 | softclDice: 0.4347 | IoU: 0.2675 | Tversky: 0.4218 | Hausdorff: 377.7907 | HD95: 69.8285 | val_loss: 0.9785 | LR: 0.000250
2025-08-21 17:59:31 INFO Epoch 029 | Train Loss: 0.5247 | Val Loss: 0.8197 | Dice: 0.4331 | softDice: 0.4328 | clDice: 0.5418 | softclDice: 0.4221 | IoU: 0.2766 | Tversky: 0.4331 | Hausdorff: 266.9358 | HD95: 55.9385 | val_loss: 0.8197 | LR: 0.000250
2025-08-21 18:02:53 INFO Epoch 030 | Train Loss: 0.5223 | Val Loss: 0.8198 | Dice: 0.4293 | softDice: 0.4303 | clDice: 0.5358 | softclDice: 0.4252 | IoU: 0.2735 | Tversky: 0.4293 | Hausdorff: 277.0840 | HD95: 58.4678 | val_loss: 0.8198 | LR: 0.000250
2025-08-21 18:06:20 INFO Epoch 031 | Train Loss: 0.5162 | Val Loss: 0.8142 | Dice: 0.4324 | softDice: 0.4337 | clDice: 0.5485 | softclDice: 0.4024 | IoU: 0.2761 | Tversky: 0.4324 | Hausdorff: 218.6043 | HD95: 55.5471 | val_loss: 0.8142 | LR: 0.000250
2025-08-21 18:09:44 INFO Epoch 032 | Train Loss: 0.5162 | Val Loss: 0.8149 | Dice: 0.4327 | softDice: 0.4328 | clDice: 0.5465 | softclDice: 0.4272 | IoU: 0.2763 | Tversky: 0.4327 | Hausdorff: 239.8566 | HD95: 57.5964 | val_loss: 0.8149 | LR: 0.000250
2025-08-21 18:13:08 INFO Epoch 033 | Train Loss: 0.5188 | Val Loss: 0.8186 | Dice: 0.4428 | softDice: 0.4418 | clDice: 0.5516 | softclDice: 0.4120 | IoU: 0.2845 | Tversky: 0.4428 | Hausdorff: 327.6318 | HD95: 55.0711 | val_loss: 0.8186 | LR: 0.000250
2025-08-21 18:16:32 INFO Epoch 034 | Train Loss: 0.5129 | Val Loss: 0.8175 | Dice: 0.4442 | softDice: 0.4440 | clDice: 0.5516 | softclDice: 0.4125 | IoU: 0.2858 | Tversky: 0.4442 | Hausdorff: 407.8542 | HD95: 54.8952 | val_loss: 0.8175 | LR: 0.000250
2025-08-21 18:19:55 INFO Epoch 035 | Train Loss: 0.5068 | Val Loss: 0.8163 | Dice: 0.4423 | softDice: 0.4415 | clDice: 0.5601 | softclDice: 0.4072 | IoU: 0.2842 | Tversky: 0.4423 | Hausdorff: 241.8933 | HD95: 49.8080 | val_loss: 0.8163 | LR: 0.000250
2025-08-21 18:23:22 INFO Epoch 036 | Train Loss: 0.5148 | Val Loss: 0.8129 | Dice: 0.4427 | softDice: 0.4420 | clDice: 0.5604 | softclDice: 0.3969 | IoU: 0.2845 | Tversky: 0.4427 | Hausdorff: 222.5932 | HD95: 53.9831 | val_loss: 0.8129 | LR: 0.000250
2025-08-21 18:26:49 INFO Epoch 037 | Train Loss: 0.5124 | Val Loss: 0.8155 | Dice: 0.4419 | softDice: 0.4416 | clDice: 0.5549 | softclDice: 0.4090 | IoU: 0.2838 | Tversky: 0.4419 | Hausdorff: 219.5265 | HD95: 49.9520 | val_loss: 0.8155 | LR: 0.000250
2025-08-21 18:30:16 INFO Epoch 038 | Train Loss: 0.5170 | Val Loss: 0.8132 | Dice: 0.4285 | softDice: 0.4290 | clDice: 0.5485 | softclDice: 0.4067 | IoU: 0.2729 | Tversky: 0.4285 | Hausdorff: 242.2795 | HD95: 56.1035 | val_loss: 0.8132 | LR: 0.000250
2025-08-21 18:33:43 INFO Epoch 039 | Train Loss: 0.5164 | Val Loss: 0.8158 | Dice: 0.4449 | softDice: 0.4432 | clDice: 0.5568 | softclDice: 0.4090 | IoU: 0.2863 | Tversky: 0.4449 | Hausdorff: 217.7574 | HD95: 49.4407 | val_loss: 0.8158 | LR: 0.000250
2025-08-21 18:37:08 INFO Epoch 040 | Train Loss: 0.5102 | Val Loss: 0.8108 | Dice: 0.4399 | softDice: 0.4390 | clDice: 0.5599 | softclDice: 0.4029 | IoU: 0.2822 | Tversky: 0.4399 | Hausdorff: 302.3154 | HD95: 47.7373 | val_loss: 0.8108 | LR: 0.000250
2025-08-21 18:40:34 INFO Epoch 041 | Train Loss: 0.5135 | Val Loss: 0.8132 | Dice: 0.4483 | softDice: 0.4473 | clDice: 0.5586 | softclDice: 0.3950 | IoU: 0.2891 | Tversky: 0.4483 | Hausdorff: 230.4480 | HD95: 47.5583 | val_loss: 0.8132 | LR: 0.000250
2025-08-21 18:44:01 INFO Epoch 042 | Train Loss: 0.5003 | Val Loss: 0.8139 | Dice: 0.4330 | softDice: 0.4321 | clDice: 0.5590 | softclDice: 0.4159 | IoU: 0.2765 | Tversky: 0.4330 | Hausdorff: 211.3270 | HD95: 46.3495 | val_loss: 0.8139 | LR: 0.000250
2025-08-21 18:47:28 INFO Epoch 043 | Train Loss: 0.5146 | Val Loss: 0.8173 | Dice: 0.4378 | softDice: 0.4361 | clDice: 0.5603 | softclDice: 0.4106 | IoU: 0.2804 | Tversky: 0.4378 | Hausdorff: 209.3325 | HD95: 51.4425 | val_loss: 0.8173 | LR: 0.000250
2025-08-21 18:50:57 INFO Epoch 044 | Train Loss: 0.5194 | Val Loss: 0.8147 | Dice: 0.4393 | softDice: 0.4379 | clDice: 0.5548 | softclDice: 0.4038 | IoU: 0.2817 | Tversky: 0.4393 | Hausdorff: 203.9846 | HD95: 54.8533 | val_loss: 0.8147 | LR: 0.000250
2025-08-21 18:54:23 INFO Epoch 045 | Train Loss: 0.5089 | Val Loss: 0.8098 | Dice: 0.4429 | softDice: 0.4407 | clDice: 0.5615 | softclDice: 0.4210 | IoU: 0.2846 | Tversky: 0.4429 | Hausdorff: 221.1107 | HD95: 55.2237 | val_loss: 0.8098 | LR: 0.000250
2025-08-21 18:57:50 INFO Epoch 046 | Train Loss: 0.5136 | Val Loss: 0.8151 | Dice: 0.4375 | softDice: 0.4372 | clDice: 0.5555 | softclDice: 0.4089 | IoU: 0.2803 | Tversky: 0.4375 | Hausdorff: 246.4601 | HD95: 53.8759 | val_loss: 0.8151 | LR: 0.000250
2025-08-21 19:01:16 INFO Epoch 047 | Train Loss: 0.5145 | Val Loss: 0.8115 | Dice: 0.4393 | softDice: 0.4396 | clDice: 0.5573 | softclDice: 0.3961 | IoU: 0.2817 | Tversky: 0.4393 | Hausdorff: 228.6185 | HD95: 52.8385 | val_loss: 0.8115 | LR: 0.000250
2025-08-21 19:04:39 INFO Epoch 048 | Train Loss: 0.5115 | Val Loss: 0.8172 | Dice: 0.4360 | softDice: 0.4347 | clDice: 0.5632 | softclDice: 0.4127 | IoU: 0.2790 | Tversky: 0.4360 | Hausdorff: 372.0260 | HD95: 53.1165 | val_loss: 0.8172 | LR: 0.000250
2025-08-21 19:08:10 INFO Epoch 049 | Train Loss: 0.5231 | Val Loss: 0.8110 | Dice: 0.4345 | softDice: 0.4341 | clDice: 0.5578 | softclDice: 0.3942 | IoU: 0.2778 | Tversky: 0.4345 | Hausdorff: 282.1848 | HD95: 51.7775 | val_loss: 0.8110 | LR: 0.000250
2025-08-21 19:11:35 INFO Epoch 050 | Train Loss: 0.5153 | Val Loss: 0.8139 | Dice: 0.4398 | softDice: 0.4387 | clDice: 0.5594 | softclDice: 0.3980 | IoU: 0.2821 | Tversky: 0.4398 | Hausdorff: 295.8181 | HD95: 49.7602 | val_loss: 0.8139 | LR: 0.000250
2025-08-21 19:15:03 INFO Epoch 051 | Train Loss: 0.5113 | Val Loss: 0.8169 | Dice: 0.4226 | softDice: 0.4230 | clDice: 0.5397 | softclDice: 0.4219 | IoU: 0.2681 | Tversky: 0.4226 | Hausdorff: 295.3360 | HD95: 51.6223 | val_loss: 0.8169 | LR: 0.000125
2025-08-21 19:18:28 INFO Epoch 052 | Train Loss: 0.5129 | Val Loss: 0.8140 | Dice: 0.4435 | softDice: 0.4421 | clDice: 0.5648 | softclDice: 0.3948 | IoU: 0.2851 | Tversky: 0.4435 | Hausdorff: 256.3666 | HD95: 47.4216 | val_loss: 0.8140 | LR: 0.000125
2025-08-21 19:21:58 INFO Epoch 053 | Train Loss: 0.5154 | Val Loss: 0.8156 | Dice: 0.4473 | softDice: 0.4454 | clDice: 0.5650 | softclDice: 0.4010 | IoU: 0.2883 | Tversky: 0.4473 | Hausdorff: 224.2352 | HD95: 47.3604 | val_loss: 0.8156 | LR: 0.000125
2025-08-21 19:25:24 INFO Epoch 054 | Train Loss: 0.5031 | Val Loss: 0.8136 | Dice: 0.4491 | softDice: 0.4480 | clDice: 0.5641 | softclDice: 0.3964 | IoU: 0.2897 | Tversky: 0.4491 | Hausdorff: 224.0768 | HD95: 45.4529 | val_loss: 0.8136 | LR: 0.000125
2025-08-21 19:28:52 INFO Epoch 055 | Train Loss: 0.5067 | Val Loss: 0.8116 | Dice: 0.4506 | softDice: 0.4495 | clDice: 0.5717 | softclDice: 0.3914 | IoU: 0.2910 | Tversky: 0.4506 | Hausdorff: 221.4601 | HD95: 45.1516 | val_loss: 0.8116 | LR: 0.000125
2025-08-21 19:32:21 INFO Epoch 056 | Train Loss: 0.5018 | Val Loss: 0.8153 | Dice: 0.4475 | softDice: 0.4457 | clDice: 0.5713 | softclDice: 0.4062 | IoU: 0.2884 | Tversky: 0.4475 | Hausdorff: 212.7240 | HD95: 44.9946 | val_loss: 0.8153 | LR: 0.000125
2025-08-21 19:35:48 INFO Epoch 057 | Train Loss: 0.5074 | Val Loss: 0.8130 | Dice: 0.4481 | softDice: 0.4466 | clDice: 0.5726 | softclDice: 0.3976 | IoU: 0.2889 | Tversky: 0.4481 | Hausdorff: 214.5650 | HD95: 45.8140 | val_loss: 0.8130 | LR: 0.000063
2025-08-21 19:39:13 INFO Epoch 058 | Train Loss: 0.5070 | Val Loss: 0.8142 | Dice: 0.4516 | softDice: 0.4492 | clDice: 0.5750 | softclDice: 0.4035 | IoU: 0.2918 | Tversky: 0.4516 | Hausdorff: 208.6415 | HD95: 44.4808 | val_loss: 0.8142 | LR: 0.000063
2025-08-21 19:42:41 INFO Epoch 059 | Train Loss: 0.5030 | Val Loss: 0.8128 | Dice: 0.4493 | softDice: 0.4477 | clDice: 0.5726 | softclDice: 0.4034 | IoU: 0.2899 | Tversky: 0.4493 | Hausdorff: 206.0100 | HD95: 43.2644 | val_loss: 0.8128 | LR: 0.000063
2025-08-21 19:46:07 INFO Epoch 060 | Train Loss: 0.5076 | Val Loss: 0.8136 | Dice: 0.4499 | softDice: 0.4476 | clDice: 0.5749 | softclDice: 0.4066 | IoU: 0.2904 | Tversky: 0.4499 | Hausdorff: 215.7455 | HD95: 44.2872 | val_loss: 0.8136 | LR: 0.000063
2025-08-21 19:49:32 INFO Epoch 061 | Train Loss: 0.5045 | Val Loss: 0.8142 | Dice: 0.4509 | softDice: 0.4480 | clDice: 0.5763 | softclDice: 0.4059 | IoU: 0.2913 | Tversky: 0.4509 | Hausdorff: 215.1023 | HD95: 45.8240 | val_loss: 0.8142 | LR: 0.000063
2025-08-21 19:53:00 INFO Epoch 062 | Train Loss: 0.4992 | Val Loss: 0.8128 | Dice: 0.4468 | softDice: 0.4449 | clDice: 0.5774 | softclDice: 0.4115 | IoU: 0.2879 | Tversky: 0.4468 | Hausdorff: 215.6212 | HD95: 44.6230 | val_loss: 0.8128 | LR: 0.000063
2025-08-21 19:56:27 INFO Epoch 063 | Train Loss: 0.5013 | Val Loss: 0.8126 | Dice: 0.4507 | softDice: 0.4490 | clDice: 0.5752 | softclDice: 0.4009 | IoU: 0.2911 | Tversky: 0.4507 | Hausdorff: 214.7954 | HD95: 45.0268 | val_loss: 0.8126 | LR: 0.000031
2025-08-21 19:59:54 INFO Epoch 064 | Train Loss: 0.4996 | Val Loss: 0.8144 | Dice: 0.4499 | softDice: 0.4476 | clDice: 0.5752 | softclDice: 0.4097 | IoU: 0.2904 | Tversky: 0.4499 | Hausdorff: 216.9945 | HD95: 45.3407 | val_loss: 0.8144 | LR: 0.000031
2025-08-21 20:03:18 INFO Epoch 065 | Train Loss: 0.5021 | Val Loss: 0.8148 | Dice: 0.4498 | softDice: 0.4478 | clDice: 0.5739 | softclDice: 0.4088 | IoU: 0.2903 | Tversky: 0.4498 | Hausdorff: 216.8552 | HD95: 46.1020 | val_loss: 0.8148 | LR: 0.000031
2025-08-21 20:06:45 INFO Early stopping at epoch 66 | Best Dice: 0.4516 at epoch 1
2025-08-21 20:08:28 INFO Fold 5 results: Dice: 0.4506 | softDice: 0.4495 | clDice: 0.5717 | softclDice: 0.3914 | IoU: 0.2910 | Tversky: 0.4506 | Hausdorff: 221.4601 | HD95: 45.1516 | val_loss: 0.8116
2025-08-21 20:08:28 INFO ===== Cross-validation results =====
2025-08-21 20:08:28 INFO Dice: 0.4307 | softDice: 0.4299 | clDice: 0.5425 | softclDice: 0.4153 | IoU: 0.2751 | Tversky: 0.4307 | Hausdorff: 299.6439 | HD95: 58.8217 | val_loss: 0.8303
