2025-08-21 01:05:16 INFO Starting training with configuration: {'model': {'name': 'unet', 'encoder_name': 'se_resnext50_32x4d', 'encoder_weights': 'imagenet', 'classes': 1, 'activation': None, 'dropout': 0.2}, 'dataset': {'root': '/data/smadper@alumno.upv.es/TFM/datasets/laticifers', 'patch_size': [512, 512], 'stride': [256, 256], 'num_patches': 50, 'num_workers': 4, 'feature_dirs': {'image': '/data/smadper@alumno.upv.es/TFM/datasets/laticifers/enhanced_images', 'mask': '/data/smadper@alumno.upv.es/TFM/datasets/laticifers/masks', 'distance': '/data/smadper@alumno.upv.es/TFM/datasets/laticifers/distance_maps_pt'}}, 'train': {'batch_size': 32, 'num_epochs': 70, 'learning_rate': 0.001, 'accumulation_steps': 1, 'save_dir': '/data/smadper@alumno.upv.es/TFM/checkpoints_cv2/unet/20250821_010516_unet_se_resnext50_32x4d_dice_cldice0.4', 'log_interval': 1, 'patience': 20, 'mixed_precision': True, 'experiment_name': 'unet_se_resnext50_32x4d_dice_cldice0.4', 'timestamp': '20250821_010516'}, 'test': {'batch_size': 1}, 'loss': {'name': 'dice_cldice', 'cldice_alpha': 0.5, 'tversky_alpha': 0.3, 'tversky_beta': 0.7, 'focal_tversky_gamma': 0.75, 'use_topographic': False, 'combine_with': None, 'weights': {'main': 1.0, 'combined': 0.0}, 'topo': {'alpha': 2.0, 'beta': 1.0}}}
2025-08-21 01:05:16 INFO Experiment name: unet_se_resnext50_32x4d_dice_cldice0.4
2025-08-21 01:05:16 INFO ===== Fold 1 / 5 =====
2025-08-21 01:05:16 INFO Loading model unet with settings {'name': 'unet', 'encoder_name': 'se_resnext50_32x4d', 'encoder_weights': 'imagenet', 'classes': 1, 'activation': None, 'dropout': 0.2}
2025-08-21 01:08:44 INFO Epoch 001 | Train Loss: 0.7416 | Val Loss: 0.8618 | Dice: 0.2640 | softDice: 0.0907 | clDice: 0.2890 | softclDice: 0.7249 | IoU: 0.1523 | Tversky: 0.2640 | Hausdorff: 702.7616 | HD95: 107.0651 | val_loss: 0.8618 | LR: 0.001000
2025-08-21 01:12:13 INFO Epoch 002 | Train Loss: 0.6531 | Val Loss: 0.8325 | Dice: 0.2390 | softDice: 0.1178 | clDice: 0.3249 | softclDice: 0.6596 | IoU: 0.1361 | Tversky: 0.2390 | Hausdorff: 611.4967 | HD95: 166.1689 | val_loss: 0.8325 | LR: 0.001000
2025-08-21 01:16:29 INFO Epoch 003 | Train Loss: 0.6471 | Val Loss: 0.8339 | Dice: 0.1376 | softDice: 0.1304 | clDice: 0.2320 | softclDice: 0.6697 | IoU: 0.0741 | Tversky: 0.1376 | Hausdorff: 851.5039 | HD95: 296.1247 | val_loss: 0.8339 | LR: 0.001000
2025-08-21 01:20:29 INFO Epoch 004 | Train Loss: 0.6636 | Val Loss: 1.0000 | Dice: 0.1456 | softDice: 0.1393 | clDice: 0.2953 | softclDice: 0.6139 | IoU: 0.0786 | Tversky: 0.1456 | Hausdorff: 834.4265 | HD95: 235.7504 | val_loss: 1.0000 | LR: 0.001000
2025-08-21 01:24:21 INFO Epoch 005 | Train Loss: 0.6391 | Val Loss: 0.7666 | Dice: 0.1730 | softDice: 0.1733 | clDice: 0.3042 | softclDice: 0.5671 | IoU: 0.0948 | Tversky: 0.1730 | Hausdorff: 834.4265 | HD95: 281.9176 | val_loss: 0.7666 | LR: 0.001000
2025-08-21 01:28:17 INFO Epoch 006 | Train Loss: 0.6327 | Val Loss: 0.7729 | Dice: 0.1536 | softDice: 0.1535 | clDice: 0.2497 | softclDice: 0.6049 | IoU: 0.0833 | Tversky: 0.1536 | Hausdorff: 834.1476 | HD95: 263.1494 | val_loss: 0.7729 | LR: 0.001000
2025-08-21 01:32:08 INFO Epoch 007 | Train Loss: 0.6531 | Val Loss: 1.0000 | Dice: 0.1632 | softDice: 0.1601 | clDice: 0.3186 | softclDice: 0.5515 | IoU: 0.0889 | Tversky: 0.1632 | Hausdorff: 834.4265 | HD95: 241.2717 | val_loss: 1.0000 | LR: 0.001000
2025-08-21 01:35:56 INFO Epoch 008 | Train Loss: 0.6275 | Val Loss: 0.7324 | Dice: 0.1798 | softDice: 0.1799 | clDice: 0.3307 | softclDice: 0.5431 | IoU: 0.0988 | Tversky: 0.1798 | Hausdorff: 836.3177 | HD95: 298.8328 | val_loss: 0.7324 | LR: 0.001000
2025-08-21 01:39:36 INFO Epoch 009 | Train Loss: 0.6871 | Val Loss: 0.7951 | Dice: 0.1807 | softDice: 0.1873 | clDice: 0.2417 | softclDice: 0.6779 | IoU: 0.0998 | Tversky: 0.1807 | Hausdorff: 866.9213 | HD95: 429.3602 | val_loss: 0.7951 | LR: 0.001000
2025-08-21 01:44:28 INFO Epoch 010 | Train Loss: 0.6878 | Val Loss: 0.7617 | Dice: 0.0998 | softDice: 0.1041 | clDice: 0.1205 | softclDice: 0.6317 | IoU: 0.0526 | Tversky: 0.0998 | Hausdorff: 868.6592 | HD95: 394.8243 | val_loss: 0.7617 | LR: 0.001000
2025-08-21 01:48:45 INFO Epoch 011 | Train Loss: 0.6822 | Val Loss: 0.7590 | Dice: 0.1334 | softDice: 0.1401 | clDice: 0.2054 | softclDice: 0.5799 | IoU: 0.0718 | Tversky: 0.1334 | Hausdorff: 868.2060 | HD95: 413.2354 | val_loss: 0.7590 | LR: 0.001000
2025-08-21 01:53:50 INFO Epoch 012 | Train Loss: 0.7355 | Val Loss: 0.9992 | Dice: 0.0202 | softDice: 0.0206 | clDice: 0.0192 | softclDice: 0.9627 | IoU: 0.0105 | Tversky: 0.0202 | Hausdorff: 1642.7572 | HD95: 1352.6728 | val_loss: 0.9992 | LR: 0.001000
2025-08-21 01:57:37 INFO Epoch 013 | Train Loss: 0.7916 | Val Loss: 0.8784 | Dice: 0.1669 | softDice: 0.1709 | clDice: 0.2459 | softclDice: 0.7267 | IoU: 0.0921 | Tversky: 0.1669 | Hausdorff: 849.5514 | HD95: 207.2069 | val_loss: 0.8784 | LR: 0.001000
2025-08-21 02:01:25 INFO Epoch 014 | Train Loss: 0.7481 | Val Loss: 0.8451 | Dice: 0.1578 | softDice: 0.1603 | clDice: 0.2383 | softclDice: 0.6952 | IoU: 0.0867 | Tversky: 0.1578 | Hausdorff: 834.4265 | HD95: 191.9371 | val_loss: 0.8451 | LR: 0.000500
2025-08-21 02:05:07 INFO Epoch 015 | Train Loss: 0.7257 | Val Loss: 0.8282 | Dice: 0.1720 | softDice: 0.1754 | clDice: 0.2568 | softclDice: 0.6634 | IoU: 0.0945 | Tversky: 0.1720 | Hausdorff: 834.4243 | HD95: 205.2697 | val_loss: 0.8282 | LR: 0.000500
2025-08-21 02:08:53 INFO Epoch 016 | Train Loss: 0.7023 | Val Loss: 0.8169 | Dice: 0.1795 | softDice: 0.1799 | clDice: 0.2681 | softclDice: 0.6505 | IoU: 0.0989 | Tversky: 0.1795 | Hausdorff: 820.0590 | HD95: 183.8280 | val_loss: 0.8169 | LR: 0.000500
2025-08-21 02:12:38 INFO Epoch 017 | Train Loss: 0.7135 | Val Loss: 0.8068 | Dice: 0.1847 | softDice: 0.1863 | clDice: 0.2801 | softclDice: 0.6438 | IoU: 0.1020 | Tversky: 0.1847 | Hausdorff: 835.2367 | HD95: 224.0083 | val_loss: 0.8068 | LR: 0.000500
2025-08-21 02:16:21 INFO Epoch 018 | Train Loss: 0.7001 | Val Loss: 0.8042 | Dice: 0.1943 | softDice: 0.1959 | clDice: 0.2853 | softclDice: 0.6539 | IoU: 0.1078 | Tversky: 0.1943 | Hausdorff: 821.7909 | HD95: 222.8228 | val_loss: 0.8042 | LR: 0.000500
2025-08-21 02:20:06 INFO Epoch 019 | Train Loss: 0.6891 | Val Loss: 0.7966 | Dice: 0.1879 | softDice: 0.1890 | clDice: 0.2824 | softclDice: 0.6645 | IoU: 0.1038 | Tversky: 0.1879 | Hausdorff: 835.5749 | HD95: 227.5203 | val_loss: 0.7966 | LR: 0.000500
2025-08-21 02:23:50 INFO Epoch 020 | Train Loss: 0.6815 | Val Loss: 0.7929 | Dice: 0.1865 | softDice: 0.1866 | clDice: 0.2860 | softclDice: 0.6885 | IoU: 0.1030 | Tversky: 0.1865 | Hausdorff: 824.3024 | HD95: 228.5908 | val_loss: 0.7929 | LR: 0.000250
2025-08-21 02:27:32 INFO Epoch 021 | Train Loss: 0.6712 | Val Loss: 0.7915 | Dice: 0.1814 | softDice: 0.1804 | clDice: 0.2793 | softclDice: 0.6860 | IoU: 0.0999 | Tversky: 0.1814 | Hausdorff: 833.3416 | HD95: 201.1087 | val_loss: 0.7915 | LR: 0.000250
2025-08-21 02:31:18 INFO Epoch 022 | Train Loss: 0.6710 | Val Loss: 0.7845 | Dice: 0.1890 | softDice: 0.1893 | clDice: 0.2908 | softclDice: 0.6950 | IoU: 0.1045 | Tversky: 0.1890 | Hausdorff: 835.8187 | HD95: 191.2658 | val_loss: 0.7845 | LR: 0.000250
2025-08-21 02:35:05 INFO Epoch 023 | Train Loss: 0.6618 | Val Loss: 0.7698 | Dice: 0.1814 | softDice: 0.1824 | clDice: 0.2829 | softclDice: 0.6581 | IoU: 0.0999 | Tversky: 0.1814 | Hausdorff: 828.2995 | HD95: 249.4201 | val_loss: 0.7698 | LR: 0.000250
2025-08-21 02:38:59 INFO Epoch 024 | Train Loss: 0.6581 | Val Loss: 0.7716 | Dice: 0.1720 | softDice: 0.1736 | clDice: 0.2713 | softclDice: 0.6647 | IoU: 0.0943 | Tversky: 0.1720 | Hausdorff: 823.7845 | HD95: 216.5489 | val_loss: 0.7716 | LR: 0.000250
2025-08-21 02:42:43 INFO Epoch 025 | Train Loss: 0.6583 | Val Loss: 0.7777 | Dice: 0.1809 | softDice: 0.1817 | clDice: 0.2840 | softclDice: 0.6546 | IoU: 0.0996 | Tversky: 0.1809 | Hausdorff: 830.5115 | HD95: 225.5600 | val_loss: 0.7777 | LR: 0.000250
2025-08-21 02:46:42 INFO Epoch 026 | Train Loss: 0.6565 | Val Loss: 0.7670 | Dice: 0.1715 | softDice: 0.1737 | clDice: 0.2722 | softclDice: 0.6536 | IoU: 0.0941 | Tversky: 0.1715 | Hausdorff: 828.7963 | HD95: 229.7921 | val_loss: 0.7670 | LR: 0.000125
2025-08-21 02:50:39 INFO Epoch 027 | Train Loss: 0.6603 | Val Loss: 0.7685 | Dice: 0.1632 | softDice: 0.1644 | clDice: 0.2565 | softclDice: 0.6527 | IoU: 0.0891 | Tversky: 0.1632 | Hausdorff: 825.8453 | HD95: 229.6431 | val_loss: 0.7685 | LR: 0.000125
2025-08-21 02:54:32 INFO Early stopping at epoch 28 | Best Dice: 0.2640 at epoch 12
2025-08-21 02:56:37 INFO Fold 1 results: Dice: 0.1798 | softDice: 0.1799 | clDice: 0.3307 | softclDice: 0.5431 | IoU: 0.0988 | Tversky: 0.1798 | Hausdorff: 836.3177 | HD95: 298.8328 | val_loss: 0.7324
2025-08-21 02:56:37 INFO ===== Fold 2 / 5 =====
2025-08-21 02:56:38 INFO Loading model unet with settings {'name': 'unet', 'encoder_name': 'se_resnext50_32x4d', 'encoder_weights': 'imagenet', 'classes': 1, 'activation': None, 'dropout': 0.2}
2025-08-21 03:00:14 INFO Epoch 001 | Train Loss: 0.7181 | Val Loss: 1.0000 | Dice: 0.3396 | softDice: 0.2423 | clDice: 0.4622 | softclDice: 0.5174 | IoU: 0.2050 | Tversky: 0.3396 | Hausdorff: 323.6399 | HD95: 70.8575 | val_loss: 1.0000 | LR: 0.001000
2025-08-21 03:03:38 INFO Epoch 002 | Train Loss: 0.5912 | Val Loss: 0.8124 | Dice: 0.3386 | softDice: 0.3051 | clDice: 0.4120 | softclDice: 0.5643 | IoU: 0.2045 | Tversky: 0.3386 | Hausdorff: 281.9316 | HD95: 90.6285 | val_loss: 0.8124 | LR: 0.001000
2025-08-21 03:07:06 INFO Epoch 003 | Train Loss: 0.6112 | Val Loss: 0.7809 | Dice: 0.2539 | softDice: 0.2474 | clDice: 0.3299 | softclDice: 0.5869 | IoU: 0.1472 | Tversky: 0.2539 | Hausdorff: 473.6161 | HD95: 144.5445 | val_loss: 0.7809 | LR: 0.001000
2025-08-21 03:11:01 INFO Epoch 004 | Train Loss: 0.6650 | Val Loss: 1.0000 | Dice: 0.1588 | softDice: 0.1580 | clDice: 0.2693 | softclDice: 0.6231 | IoU: 0.0866 | Tversky: 0.1588 | Hausdorff: 750.1029 | HD95: 290.4642 | val_loss: 1.0000 | LR: 0.001000
2025-08-21 03:14:45 INFO Epoch 005 | Train Loss: 0.6550 | Val Loss: 0.9036 | Dice: 0.2175 | softDice: 0.2164 | clDice: 0.2980 | softclDice: 0.6011 | IoU: 0.1227 | Tversky: 0.2175 | Hausdorff: 781.2880 | HD95: 220.0550 | val_loss: 0.9036 | LR: 0.001000
2025-08-21 03:19:02 INFO Epoch 006 | Train Loss: 0.6956 | Val Loss: 0.8294 | Dice: 0.1065 | softDice: 0.1042 | clDice: 0.1200 | softclDice: 0.7364 | IoU: 0.0563 | Tversky: 0.1065 | Hausdorff: 782.1144 | HD95: 158.7163 | val_loss: 0.8294 | LR: 0.001000
2025-08-21 03:24:03 INFO Epoch 007 | Train Loss: 0.7614 | Val Loss: 0.7598 | Dice: 0.0954 | softDice: 0.0947 | clDice: 0.1513 | softclDice: 0.5603 | IoU: 0.0501 | Tversky: 0.0954 | Hausdorff: 723.4573 | HD95: 165.2559 | val_loss: 0.7598 | LR: 0.001000
2025-08-21 03:29:23 INFO Epoch 008 | Train Loss: 0.7287 | Val Loss: 0.7399 | Dice: 0.0996 | softDice: 0.0978 | clDice: 0.1777 | softclDice: 0.5041 | IoU: 0.0524 | Tversky: 0.0996 | Hausdorff: 700.8643 | HD95: 223.8093 | val_loss: 0.7399 | LR: 0.001000
2025-08-21 03:35:38 INFO Epoch 009 | Train Loss: 0.7073 | Val Loss: 0.7526 | Dice: 0.0900 | softDice: 0.0893 | clDice: 0.1317 | softclDice: 0.5698 | IoU: 0.0472 | Tversky: 0.0900 | Hausdorff: 782.1144 | HD95: 222.8633 | val_loss: 0.7526 | LR: 0.001000
2025-08-21 03:43:48 INFO Epoch 010 | Train Loss: 0.7560 | Val Loss: 0.8163 | Dice: 0.0931 | softDice: 0.0947 | clDice: 0.1214 | softclDice: 0.6108 | IoU: 0.0488 | Tversky: 0.0931 | Hausdorff: 781.4214 | HD95: 758.3231 | val_loss: 0.8163 | LR: 0.001000
2025-08-21 03:49:28 INFO Epoch 011 | Train Loss: 0.7489 | Val Loss: 0.7811 | Dice: 0.1067 | softDice: 0.1030 | clDice: 0.1699 | softclDice: 0.6287 | IoU: 0.0566 | Tversky: 0.1067 | Hausdorff: 782.1144 | HD95: 220.9034 | val_loss: 0.7811 | LR: 0.001000
2025-08-21 03:54:41 INFO Epoch 012 | Train Loss: 0.7312 | Val Loss: 0.7754 | Dice: 0.1174 | softDice: 0.1168 | clDice: 0.2336 | softclDice: 0.5881 | IoU: 0.0627 | Tversky: 0.1174 | Hausdorff: 782.1144 | HD95: 142.4138 | val_loss: 0.7754 | LR: 0.001000
2025-08-21 03:59:17 INFO Epoch 013 | Train Loss: 0.7458 | Val Loss: 0.8571 | Dice: 0.1105 | softDice: 0.1048 | clDice: 0.1682 | softclDice: 0.7256 | IoU: 0.0591 | Tversky: 0.1105 | Hausdorff: 782.1144 | HD95: 223.4524 | val_loss: 0.8571 | LR: 0.001000
2025-08-21 04:05:10 INFO Epoch 014 | Train Loss: 0.7444 | Val Loss: 0.8148 | Dice: 0.0969 | softDice: 0.0974 | clDice: 0.1311 | softclDice: 0.8120 | IoU: 0.0510 | Tversky: 0.0969 | Hausdorff: 782.1144 | HD95: 220.7283 | val_loss: 0.8148 | LR: 0.000500
2025-08-21 04:19:43 INFO Epoch 015 | Train Loss: 0.7529 | Val Loss: 0.8184 | Dice: 0.0956 | softDice: 0.0947 | clDice: 0.1244 | softclDice: 0.6975 | IoU: 0.0502 | Tversky: 0.0956 | Hausdorff: 782.1144 | HD95: 923.1839 | val_loss: 0.8184 | LR: 0.000500
2025-08-21 04:30:02 INFO Epoch 016 | Train Loss: 0.7519 | Val Loss: 0.7727 | Dice: 0.0919 | softDice: 0.0918 | clDice: 0.1332 | softclDice: 0.6141 | IoU: 0.0482 | Tversky: 0.0919 | Hausdorff: 782.1144 | HD95: 501.8695 | val_loss: 0.7727 | LR: 0.000500
2025-08-21 04:35:55 INFO Epoch 017 | Train Loss: 0.7423 | Val Loss: 0.7914 | Dice: 0.0910 | softDice: 0.0906 | clDice: 0.1606 | softclDice: 0.6506 | IoU: 0.0478 | Tversky: 0.0910 | Hausdorff: 782.1144 | HD95: 169.2925 | val_loss: 0.7914 | LR: 0.000500
2025-08-21 04:42:51 INFO Epoch 018 | Train Loss: 0.7486 | Val Loss: 0.7862 | Dice: 0.0946 | softDice: 0.0926 | clDice: 0.1199 | softclDice: 0.6705 | IoU: 0.0497 | Tversky: 0.0946 | Hausdorff: 782.0456 | HD95: 206.1123 | val_loss: 0.7862 | LR: 0.000500
2025-08-21 04:48:38 INFO Epoch 019 | Train Loss: 0.7401 | Val Loss: 0.7651 | Dice: 0.0837 | softDice: 0.0840 | clDice: 0.1127 | softclDice: 0.6075 | IoU: 0.0438 | Tversky: 0.0837 | Hausdorff: 782.1144 | HD95: 185.8278 | val_loss: 0.7651 | LR: 0.000500
2025-08-21 04:54:51 INFO Epoch 020 | Train Loss: 0.7410 | Val Loss: 0.8057 | Dice: 0.1000 | softDice: 0.0974 | clDice: 0.1475 | softclDice: 0.6688 | IoU: 0.0527 | Tversky: 0.1000 | Hausdorff: 782.1144 | HD95: 191.5669 | val_loss: 0.8057 | LR: 0.000250
2025-08-21 05:02:06 INFO Epoch 021 | Train Loss: 0.7564 | Val Loss: 0.8076 | Dice: 0.0962 | softDice: 0.0943 | clDice: 0.1325 | softclDice: 0.7190 | IoU: 0.0505 | Tversky: 0.0962 | Hausdorff: 782.1144 | HD95: 181.1216 | val_loss: 0.8076 | LR: 0.000250
2025-08-21 07:07:44 INFO Epoch 022 | Train Loss: 0.7485 | Val Loss: 0.7768 | Dice: 0.0996 | softDice: 0.0959 | clDice: 0.1593 | softclDice: 0.6643 | IoU: 0.0525 | Tversky: 0.0996 | Hausdorff: 782.1144 | HD95: 200.1047 | val_loss: 0.7768 | LR: 0.000250
2025-08-21 08:23:40 INFO Epoch 023 | Train Loss: 0.7321 | Val Loss: 0.7336 | Dice: 0.0929 | softDice: 0.0911 | clDice: 0.1198 | softclDice: 0.6586 | IoU: 0.0487 | Tversky: 0.0929 | Hausdorff: 782.1144 | HD95: 206.9569 | val_loss: 0.7336 | LR: 0.000250
2025-08-21 13:09:26 INFO Epoch 024 | Train Loss: 0.7280 | Val Loss: 0.7158 | Dice: 0.0939 | softDice: 0.0912 | clDice: 0.1257 | softclDice: 0.5798 | IoU: 0.0493 | Tversky: 0.0939 | Hausdorff: 782.0456 | HD95: 294.9763 | val_loss: 0.7158 | LR: 0.000250
2025-08-21 13:28:17 INFO Epoch 025 | Train Loss: 0.7292 | Val Loss: 0.7927 | Dice: 0.0857 | softDice: 0.0835 | clDice: 0.1334 | softclDice: 0.6939 | IoU: 0.0450 | Tversky: 0.0857 | Hausdorff: 779.6166 | HD95: 195.2793 | val_loss: 0.7927 | LR: 0.000250
2025-08-21 17:55:19 WARNING /data/smadper@alumno.upv.es/TFM/src/metrics.py:82: RuntimeWarning: Mean of empty slice
  return np.nanmean(distances)

2025-08-21 17:55:50 INFO Epoch 026 | Train Loss: 0.7461 | Val Loss: 0.7630 | Dice: 0.0883 | softDice: 0.0861 | clDice: 0.1848 | softclDice: 0.5578 | IoU: 0.0463 | Tversky: 0.0883 | Hausdorff: 782.0456 | HD95: 419.8989 | val_loss: 0.7630 | LR: 0.000250
2025-08-22 02:12:18 INFO Epoch 027 | Train Loss: 0.7491 | Val Loss: 0.7995 | Dice: 0.0718 | softDice: 0.0700 | clDice: 0.1406 | softclDice: 0.5439 | IoU: 0.0373 | Tversky: 0.0718 | Hausdorff: 809.7356 | HD95: 280.3014 | val_loss: 0.7995 | LR: 0.000250
2025-08-22 06:18:27 INFO Epoch 028 | Train Loss: 0.7505 | Val Loss: 0.8337 | Dice: 0.0941 | softDice: 0.0971 | clDice: 0.2304 | softclDice: 0.6143 | IoU: 0.0495 | Tversky: 0.0941 | Hausdorff: 782.1144 | HD95: 526.6106 | val_loss: 0.8337 | LR: 0.000250
slurmstepd: error: *** JOB 39759 ON vrhpc1.dsic.upv.es CANCELLED AT 2025-08-22T13:07:57 ***
