2025-08-21 01:10:04 INFO Starting training with configuration: {'model': {'name': 'unet', 'encoder_name': 'se_resnext50_32x4d', 'encoder_weights': 'imagenet', 'classes': 1, 'activation': None, 'dropout': 0.2}, 'dataset': {'root': '/data/smadper@alumno.upv.es/TFM/datasets/laticifers', 'patch_size': [512, 512], 'stride': [256, 256], 'num_patches': 50, 'num_workers': 4, 'feature_dirs': {'image': '/data/smadper@alumno.upv.es/TFM/datasets/laticifers/enhanced_images', 'mask': '/data/smadper@alumno.upv.es/TFM/datasets/laticifers/masks', 'distance': '/data/smadper@alumno.upv.es/TFM/datasets/laticifers/distance_maps_pt'}}, 'train': {'batch_size': 32, 'num_epochs': 70, 'learning_rate': 0.001, 'accumulation_steps': 1, 'save_dir': '/data/smadper@alumno.upv.es/TFM/checkpoints_cv2/unet/20250821_011004_unet_se_resnext50_32x4d_bce1.0_ftversky0.5_a0.3_b0.7_g0.75', 'log_interval': 1, 'patience': 20, 'mixed_precision': True, 'experiment_name': 'unet_se_resnext50_32x4d_bce1.0_ftversky0.5_a0.3_b0.7_g0.75', 'timestamp': '20250821_011004'}, 'test': {'batch_size': 1}, 'loss': {'name': 'bce', 'cldice_alpha': 0.2, 'tversky_alpha': 0.3, 'tversky_beta': 0.7, 'focal_tversky_gamma': 0.75, 'use_topographic': False, 'combine_with': 'focal_tversky', 'weights': {'main': 1.0, 'combined': 0.5}, 'topo': {'alpha': 2.0, 'beta': 1.0}}}
2025-08-21 01:10:04 INFO Experiment name: unet_se_resnext50_32x4d_bce1.0_ftversky0.5_a0.3_b0.7_g0.75
2025-08-21 01:10:04 INFO ===== Fold 1 / 5 =====
2025-08-21 01:10:04 INFO Loading model unet with settings {'name': 'unet', 'encoder_name': 'se_resnext50_32x4d', 'encoder_weights': 'imagenet', 'classes': 1, 'activation': None, 'dropout': 0.2}
2025-08-21 01:11:48 INFO Epoch 001 | Train Loss: 0.8796 | Val Loss: 0.6809 | Dice: 0.3661 | softDice: 0.1603 | clDice: 0.4194 | softclDice: 0.8951 | IoU: 0.2244 | Tversky: 0.3661 | Hausdorff: 713.3687 | HD95: 103.4706 | val_loss: 0.6809 | LR: 0.001000
2025-08-21 01:13:28 INFO Epoch 002 | Train Loss: 0.5796 | Val Loss: 0.5104 | Dice: 0.4024 | softDice: 0.2703 | clDice: 0.4387 | softclDice: 0.7067 | IoU: 0.2520 | Tversky: 0.4024 | Hausdorff: 239.2105 | HD95: 67.3571 | val_loss: 0.5104 | LR: 0.001000
2025-08-21 01:15:08 INFO Epoch 003 | Train Loss: 0.5188 | Val Loss: 0.5299 | Dice: 0.4230 | softDice: 0.3086 | clDice: 0.4448 | softclDice: 0.6539 | IoU: 0.2689 | Tversky: 0.4230 | Hausdorff: 730.9937 | HD95: 252.0642 | val_loss: 0.5299 | LR: 0.001000
2025-08-21 01:16:50 INFO Epoch 004 | Train Loss: 0.5037 | Val Loss: 0.4788 | Dice: 0.4334 | softDice: 0.3359 | clDice: 0.4231 | softclDice: 0.6552 | IoU: 0.2771 | Tversky: 0.4334 | Hausdorff: 685.6705 | HD95: 154.2288 | val_loss: 0.4788 | LR: 0.001000
2025-08-21 01:18:30 INFO Epoch 005 | Train Loss: 0.4926 | Val Loss: 0.4532 | Dice: 0.4574 | softDice: 0.3657 | clDice: 0.4971 | softclDice: 0.5773 | IoU: 0.2968 | Tversky: 0.4574 | Hausdorff: 527.8623 | HD95: 57.8597 | val_loss: 0.4532 | LR: 0.001000
2025-08-21 01:20:11 INFO Epoch 006 | Train Loss: 0.4857 | Val Loss: 0.4454 | Dice: 0.4700 | softDice: 0.3822 | clDice: 0.5185 | softclDice: 0.5528 | IoU: 0.3075 | Tversky: 0.4700 | Hausdorff: 249.0368 | HD95: 44.9052 | val_loss: 0.4454 | LR: 0.001000
2025-08-21 01:21:52 INFO Epoch 007 | Train Loss: 0.4825 | Val Loss: 0.4731 | Dice: 0.4749 | softDice: 0.3884 | clDice: 0.5294 | softclDice: 0.5483 | IoU: 0.3117 | Tversky: 0.4749 | Hausdorff: 401.7139 | HD95: 42.6059 | val_loss: 0.4731 | LR: 0.001000
2025-08-21 01:23:31 INFO Epoch 008 | Train Loss: 0.4806 | Val Loss: 0.4395 | Dice: 0.4759 | softDice: 0.3900 | clDice: 0.5310 | softclDice: 0.5391 | IoU: 0.3125 | Tversky: 0.4759 | Hausdorff: 228.9006 | HD95: 42.0170 | val_loss: 0.4395 | LR: 0.001000
2025-08-21 01:25:12 INFO Epoch 009 | Train Loss: 0.4792 | Val Loss: 0.4402 | Dice: 0.4709 | softDice: 0.3958 | clDice: 0.5232 | softclDice: 0.5380 | IoU: 0.3083 | Tversky: 0.4709 | Hausdorff: 383.4771 | HD95: 40.7125 | val_loss: 0.4402 | LR: 0.001000
2025-08-21 01:26:50 INFO Epoch 010 | Train Loss: 0.4776 | Val Loss: 0.4419 | Dice: 0.4692 | softDice: 0.3913 | clDice: 0.5183 | softclDice: 0.5483 | IoU: 0.3068 | Tversky: 0.4692 | Hausdorff: 447.7579 | HD95: 40.0135 | val_loss: 0.4419 | LR: 0.001000
2025-08-21 01:28:30 INFO Epoch 011 | Train Loss: 0.4751 | Val Loss: 0.4376 | Dice: 0.4765 | softDice: 0.3993 | clDice: 0.5392 | softclDice: 0.5271 | IoU: 0.3130 | Tversky: 0.4765 | Hausdorff: 241.3900 | HD95: 37.0614 | val_loss: 0.4376 | LR: 0.001000
2025-08-21 01:30:09 INFO Epoch 012 | Train Loss: 0.4723 | Val Loss: 0.4407 | Dice: 0.4733 | softDice: 0.3901 | clDice: 0.5220 | softclDice: 0.5422 | IoU: 0.3103 | Tversky: 0.4733 | Hausdorff: 248.0820 | HD95: 43.3422 | val_loss: 0.4407 | LR: 0.001000
2025-08-21 01:31:48 INFO Epoch 013 | Train Loss: 0.4749 | Val Loss: 0.4361 | Dice: 0.4756 | softDice: 0.4000 | clDice: 0.5326 | softclDice: 0.5243 | IoU: 0.3122 | Tversky: 0.4756 | Hausdorff: 235.4597 | HD95: 45.8929 | val_loss: 0.4361 | LR: 0.001000
2025-08-21 01:33:29 INFO Epoch 014 | Train Loss: 0.4711 | Val Loss: 0.4402 | Dice: 0.4779 | softDice: 0.3919 | clDice: 0.5335 | softclDice: 0.5331 | IoU: 0.3142 | Tversky: 0.4779 | Hausdorff: 250.6863 | HD95: 44.6943 | val_loss: 0.4402 | LR: 0.001000
2025-08-21 01:35:08 INFO Epoch 015 | Train Loss: 0.4726 | Val Loss: 0.4346 | Dice: 0.4830 | softDice: 0.4021 | clDice: 0.5488 | softclDice: 0.5153 | IoU: 0.3186 | Tversky: 0.4830 | Hausdorff: 237.4359 | HD95: 39.7061 | val_loss: 0.4346 | LR: 0.001000
2025-08-21 01:36:47 INFO Epoch 016 | Train Loss: 0.4694 | Val Loss: 0.4368 | Dice: 0.4724 | softDice: 0.4026 | clDice: 0.5233 | softclDice: 0.5311 | IoU: 0.3095 | Tversky: 0.4724 | Hausdorff: 391.7399 | HD95: 38.1610 | val_loss: 0.4368 | LR: 0.001000
2025-08-21 01:38:27 INFO Epoch 017 | Train Loss: 0.4687 | Val Loss: 0.4314 | Dice: 0.4845 | softDice: 0.4085 | clDice: 0.5414 | softclDice: 0.5182 | IoU: 0.3200 | Tversky: 0.4845 | Hausdorff: 235.8484 | HD95: 39.8899 | val_loss: 0.4314 | LR: 0.001000
2025-08-21 01:40:05 INFO Epoch 018 | Train Loss: 0.4729 | Val Loss: 0.4357 | Dice: 0.4816 | softDice: 0.3997 | clDice: 0.5376 | softclDice: 0.5208 | IoU: 0.3175 | Tversky: 0.4816 | Hausdorff: 377.1293 | HD95: 33.9799 | val_loss: 0.4357 | LR: 0.001000
2025-08-21 01:41:46 INFO Epoch 019 | Train Loss: 0.4695 | Val Loss: 0.4271 | Dice: 0.4872 | softDice: 0.4137 | clDice: 0.5456 | softclDice: 0.5124 | IoU: 0.3223 | Tversky: 0.4872 | Hausdorff: 253.1865 | HD95: 35.1869 | val_loss: 0.4271 | LR: 0.001000
2025-08-21 01:43:25 INFO Epoch 020 | Train Loss: 0.4710 | Val Loss: 0.4304 | Dice: 0.4855 | softDice: 0.4102 | clDice: 0.5411 | softclDice: 0.5143 | IoU: 0.3208 | Tversky: 0.4855 | Hausdorff: 242.7717 | HD95: 34.1362 | val_loss: 0.4304 | LR: 0.001000
2025-08-21 01:45:05 INFO Epoch 021 | Train Loss: 0.4694 | Val Loss: 0.4392 | Dice: 0.4764 | softDice: 0.3973 | clDice: 0.5291 | softclDice: 0.5281 | IoU: 0.3129 | Tversky: 0.4764 | Hausdorff: 249.6787 | HD95: 39.9294 | val_loss: 0.4392 | LR: 0.001000
2025-08-21 01:46:43 INFO Epoch 022 | Train Loss: 0.4676 | Val Loss: 0.4353 | Dice: 0.4801 | softDice: 0.4035 | clDice: 0.5370 | softclDice: 0.5216 | IoU: 0.3160 | Tversky: 0.4801 | Hausdorff: 414.4607 | HD95: 37.7337 | val_loss: 0.4353 | LR: 0.001000
2025-08-21 01:48:21 INFO Epoch 023 | Train Loss: 0.4652 | Val Loss: 0.4325 | Dice: 0.4763 | softDice: 0.4112 | clDice: 0.5302 | softclDice: 0.5204 | IoU: 0.3130 | Tversky: 0.4763 | Hausdorff: 232.6134 | HD95: 35.6636 | val_loss: 0.4325 | LR: 0.001000
2025-08-21 01:50:01 INFO Epoch 024 | Train Loss: 0.4660 | Val Loss: 0.4332 | Dice: 0.4753 | softDice: 0.4062 | clDice: 0.5265 | softclDice: 0.5232 | IoU: 0.3121 | Tversky: 0.4753 | Hausdorff: 220.7870 | HD95: 34.2240 | val_loss: 0.4332 | LR: 0.001000
2025-08-21 01:51:39 INFO Epoch 025 | Train Loss: 0.4655 | Val Loss: 0.4309 | Dice: 0.4837 | softDice: 0.4078 | clDice: 0.5364 | softclDice: 0.5154 | IoU: 0.3194 | Tversky: 0.4837 | Hausdorff: 233.0673 | HD95: 33.3496 | val_loss: 0.4309 | LR: 0.000500
2025-08-21 01:53:19 INFO Epoch 026 | Train Loss: 0.4628 | Val Loss: 0.4271 | Dice: 0.4890 | softDice: 0.4138 | clDice: 0.5400 | softclDice: 0.5114 | IoU: 0.3240 | Tversky: 0.4890 | Hausdorff: 239.0956 | HD95: 31.7206 | val_loss: 0.4271 | LR: 0.000500
2025-08-21 01:54:57 INFO Epoch 027 | Train Loss: 0.4618 | Val Loss: 0.4273 | Dice: 0.4867 | softDice: 0.4155 | clDice: 0.5407 | softclDice: 0.5122 | IoU: 0.3220 | Tversky: 0.4867 | Hausdorff: 233.7857 | HD95: 32.9227 | val_loss: 0.4273 | LR: 0.000500
2025-08-21 01:56:35 INFO Epoch 028 | Train Loss: 0.4601 | Val Loss: 0.4294 | Dice: 0.4844 | softDice: 0.4138 | clDice: 0.5400 | softclDice: 0.5113 | IoU: 0.3199 | Tversky: 0.4844 | Hausdorff: 220.7280 | HD95: 34.9926 | val_loss: 0.4294 | LR: 0.000500
2025-08-21 01:58:15 INFO Epoch 029 | Train Loss: 0.4583 | Val Loss: 0.4285 | Dice: 0.4863 | softDice: 0.4167 | clDice: 0.5406 | softclDice: 0.5100 | IoU: 0.3217 | Tversky: 0.4863 | Hausdorff: 242.4757 | HD95: 36.0099 | val_loss: 0.4285 | LR: 0.000500
2025-08-21 01:59:53 INFO Epoch 030 | Train Loss: 0.4594 | Val Loss: 0.4272 | Dice: 0.4861 | softDice: 0.4169 | clDice: 0.5397 | softclDice: 0.5101 | IoU: 0.3215 | Tversky: 0.4861 | Hausdorff: 237.6856 | HD95: 34.9732 | val_loss: 0.4272 | LR: 0.000500
2025-08-21 02:01:32 INFO Epoch 031 | Train Loss: 0.4580 | Val Loss: 0.4265 | Dice: 0.4890 | softDice: 0.4148 | clDice: 0.5390 | softclDice: 0.5137 | IoU: 0.3240 | Tversky: 0.4890 | Hausdorff: 229.1120 | HD95: 32.4527 | val_loss: 0.4265 | LR: 0.000500
2025-08-21 02:03:14 INFO Epoch 032 | Train Loss: 0.4539 | Val Loss: 0.4269 | Dice: 0.4864 | softDice: 0.4198 | clDice: 0.5404 | softclDice: 0.5089 | IoU: 0.3217 | Tversky: 0.4864 | Hausdorff: 224.0444 | HD95: 37.6057 | val_loss: 0.4269 | LR: 0.000500
2025-08-21 02:04:52 INFO Epoch 033 | Train Loss: 0.4631 | Val Loss: 0.4256 | Dice: 0.4884 | softDice: 0.4216 | clDice: 0.5426 | softclDice: 0.5076 | IoU: 0.3235 | Tversky: 0.4884 | Hausdorff: 243.0355 | HD95: 30.8807 | val_loss: 0.4256 | LR: 0.000500
2025-08-21 02:06:30 INFO Epoch 034 | Train Loss: 0.4552 | Val Loss: 0.4273 | Dice: 0.4855 | softDice: 0.4213 | clDice: 0.5370 | softclDice: 0.5096 | IoU: 0.3209 | Tversky: 0.4855 | Hausdorff: 249.2956 | HD95: 35.1525 | val_loss: 0.4273 | LR: 0.000500
2025-08-21 02:08:09 INFO Epoch 035 | Train Loss: 0.4581 | Val Loss: 0.4289 | Dice: 0.4816 | softDice: 0.4126 | clDice: 0.5311 | softclDice: 0.5171 | IoU: 0.3174 | Tversky: 0.4816 | Hausdorff: 226.3133 | HD95: 32.3765 | val_loss: 0.4289 | LR: 0.000500
2025-08-21 02:09:48 INFO Epoch 036 | Train Loss: 0.4580 | Val Loss: 0.4305 | Dice: 0.4814 | softDice: 0.4130 | clDice: 0.5332 | softclDice: 0.5144 | IoU: 0.3174 | Tversky: 0.4814 | Hausdorff: 227.2352 | HD95: 32.4285 | val_loss: 0.4305 | LR: 0.000500
2025-08-21 02:11:25 INFO Epoch 037 | Train Loss: 0.4568 | Val Loss: 0.4282 | Dice: 0.4859 | softDice: 0.4165 | clDice: 0.5385 | softclDice: 0.5133 | IoU: 0.3212 | Tversky: 0.4859 | Hausdorff: 223.9529 | HD95: 30.1158 | val_loss: 0.4282 | LR: 0.000500
2025-08-21 02:13:05 INFO Epoch 038 | Train Loss: 0.4551 | Val Loss: 0.4319 | Dice: 0.4797 | softDice: 0.4161 | clDice: 0.5305 | softclDice: 0.5164 | IoU: 0.3160 | Tversky: 0.4797 | Hausdorff: 231.3113 | HD95: 32.9145 | val_loss: 0.4319 | LR: 0.000500
2025-08-21 02:14:44 INFO Epoch 039 | Train Loss: 0.4528 | Val Loss: 0.4262 | Dice: 0.4887 | softDice: 0.4192 | clDice: 0.5382 | softclDice: 0.5080 | IoU: 0.3237 | Tversky: 0.4887 | Hausdorff: 233.9484 | HD95: 33.1468 | val_loss: 0.4262 | LR: 0.000250
2025-08-21 02:16:23 INFO Epoch 040 | Train Loss: 0.4531 | Val Loss: 0.4249 | Dice: 0.4919 | softDice: 0.4203 | clDice: 0.5475 | softclDice: 0.5040 | IoU: 0.3265 | Tversky: 0.4919 | Hausdorff: 227.0127 | HD95: 30.6955 | val_loss: 0.4249 | LR: 0.000250
2025-08-21 02:18:02 INFO Epoch 041 | Train Loss: 0.4500 | Val Loss: 0.4278 | Dice: 0.4864 | softDice: 0.4210 | clDice: 0.5395 | softclDice: 0.5091 | IoU: 0.3217 | Tversky: 0.4864 | Hausdorff: 231.7127 | HD95: 31.1367 | val_loss: 0.4278 | LR: 0.000250
2025-08-21 02:19:39 INFO Epoch 042 | Train Loss: 0.4509 | Val Loss: 0.4285 | Dice: 0.4851 | softDice: 0.4160 | clDice: 0.5364 | softclDice: 0.5139 | IoU: 0.3205 | Tversky: 0.4851 | Hausdorff: 232.0414 | HD95: 33.4006 | val_loss: 0.4285 | LR: 0.000250
2025-08-21 02:21:17 INFO Epoch 043 | Train Loss: 0.4485 | Val Loss: 0.4313 | Dice: 0.4801 | softDice: 0.4191 | clDice: 0.5279 | softclDice: 0.5162 | IoU: 0.3162 | Tversky: 0.4801 | Hausdorff: 229.2348 | HD95: 32.0906 | val_loss: 0.4313 | LR: 0.000250
2025-08-21 02:22:56 INFO Epoch 044 | Train Loss: 0.4517 | Val Loss: 0.4285 | Dice: 0.4836 | softDice: 0.4215 | clDice: 0.5320 | softclDice: 0.5130 | IoU: 0.3192 | Tversky: 0.4836 | Hausdorff: 232.0139 | HD95: 33.6535 | val_loss: 0.4285 | LR: 0.000250
2025-08-21 02:24:34 INFO Epoch 045 | Train Loss: 0.4505 | Val Loss: 0.4285 | Dice: 0.4864 | softDice: 0.4182 | clDice: 0.5389 | softclDice: 0.5118 | IoU: 0.3216 | Tversky: 0.4864 | Hausdorff: 235.5011 | HD95: 29.4556 | val_loss: 0.4285 | LR: 0.000250
2025-08-21 02:26:12 INFO Epoch 046 | Train Loss: 0.4476 | Val Loss: 0.4295 | Dice: 0.4852 | softDice: 0.4178 | clDice: 0.5354 | softclDice: 0.5144 | IoU: 0.3207 | Tversky: 0.4852 | Hausdorff: 231.5740 | HD95: 30.9410 | val_loss: 0.4295 | LR: 0.000125
2025-08-21 02:27:50 INFO Epoch 047 | Train Loss: 0.4456 | Val Loss: 0.4288 | Dice: 0.4848 | softDice: 0.4206 | clDice: 0.5344 | softclDice: 0.5139 | IoU: 0.3202 | Tversky: 0.4848 | Hausdorff: 234.6031 | HD95: 31.6631 | val_loss: 0.4288 | LR: 0.000125
2025-08-21 02:29:27 INFO Epoch 048 | Train Loss: 0.4438 | Val Loss: 0.4281 | Dice: 0.4866 | softDice: 0.4239 | clDice: 0.5378 | softclDice: 0.5097 | IoU: 0.3218 | Tversky: 0.4866 | Hausdorff: 239.5888 | HD95: 31.1723 | val_loss: 0.4281 | LR: 0.000125
2025-08-21 02:31:07 INFO Epoch 049 | Train Loss: 0.4409 | Val Loss: 0.4322 | Dice: 0.4807 | softDice: 0.4187 | clDice: 0.5278 | softclDice: 0.5174 | IoU: 0.3168 | Tversky: 0.4807 | Hausdorff: 232.2026 | HD95: 31.4970 | val_loss: 0.4322 | LR: 0.000125
2025-08-21 02:32:45 INFO Epoch 050 | Train Loss: 0.4441 | Val Loss: 0.4289 | Dice: 0.4866 | softDice: 0.4228 | clDice: 0.5366 | softclDice: 0.5103 | IoU: 0.3218 | Tversky: 0.4866 | Hausdorff: 232.7860 | HD95: 32.1791 | val_loss: 0.4289 | LR: 0.000125
2025-08-21 02:34:25 INFO Epoch 051 | Train Loss: 0.4411 | Val Loss: 0.4324 | Dice: 0.4797 | softDice: 0.4214 | clDice: 0.5259 | softclDice: 0.5163 | IoU: 0.3159 | Tversky: 0.4797 | Hausdorff: 233.0582 | HD95: 31.0094 | val_loss: 0.4324 | LR: 0.000125
2025-08-21 02:36:03 INFO Epoch 052 | Train Loss: 0.4430 | Val Loss: 0.4314 | Dice: 0.4825 | softDice: 0.4188 | clDice: 0.5299 | softclDice: 0.5164 | IoU: 0.3183 | Tversky: 0.4825 | Hausdorff: 234.8940 | HD95: 30.0078 | val_loss: 0.4314 | LR: 0.000063
2025-08-21 02:37:42 INFO Epoch 053 | Train Loss: 0.4378 | Val Loss: 0.4316 | Dice: 0.4812 | softDice: 0.4241 | clDice: 0.5272 | softclDice: 0.5133 | IoU: 0.3172 | Tversky: 0.4812 | Hausdorff: 239.4023 | HD95: 31.5671 | val_loss: 0.4316 | LR: 0.000063
2025-08-21 02:39:21 INFO Epoch 054 | Train Loss: 0.4416 | Val Loss: 0.4329 | Dice: 0.4797 | softDice: 0.4210 | clDice: 0.5249 | softclDice: 0.5180 | IoU: 0.3159 | Tversky: 0.4797 | Hausdorff: 232.6963 | HD95: 32.1936 | val_loss: 0.4329 | LR: 0.000063
2025-08-21 02:41:00 INFO Epoch 055 | Train Loss: 0.4396 | Val Loss: 0.4310 | Dice: 0.4822 | softDice: 0.4222 | clDice: 0.5277 | softclDice: 0.5157 | IoU: 0.3180 | Tversky: 0.4822 | Hausdorff: 229.8970 | HD95: 30.1272 | val_loss: 0.4310 | LR: 0.000063
2025-08-21 02:42:39 INFO Epoch 056 | Train Loss: 0.4417 | Val Loss: 0.4336 | Dice: 0.4787 | softDice: 0.4205 | clDice: 0.5247 | softclDice: 0.5186 | IoU: 0.3150 | Tversky: 0.4787 | Hausdorff: 230.0335 | HD95: 31.1560 | val_loss: 0.4336 | LR: 0.000063
2025-08-21 02:44:18 INFO Epoch 057 | Train Loss: 0.4417 | Val Loss: 0.4318 | Dice: 0.4817 | softDice: 0.4208 | clDice: 0.5280 | softclDice: 0.5168 | IoU: 0.3176 | Tversky: 0.4817 | Hausdorff: 232.0972 | HD95: 31.1036 | val_loss: 0.4318 | LR: 0.000063
2025-08-21 02:45:58 INFO Epoch 058 | Train Loss: 0.4399 | Val Loss: 0.4332 | Dice: 0.4791 | softDice: 0.4212 | clDice: 0.5229 | softclDice: 0.5192 | IoU: 0.3153 | Tversky: 0.4791 | Hausdorff: 239.2748 | HD95: 32.2183 | val_loss: 0.4332 | LR: 0.000031
2025-08-21 02:47:39 INFO Epoch 059 | Train Loss: 0.4405 | Val Loss: 0.4350 | Dice: 0.4770 | softDice: 0.4185 | clDice: 0.5214 | softclDice: 0.5226 | IoU: 0.3135 | Tversky: 0.4770 | Hausdorff: 229.4378 | HD95: 31.8740 | val_loss: 0.4350 | LR: 0.000031
2025-08-21 02:49:17 INFO Early stopping at epoch 60 | Best Dice: 0.4919 at epoch 1
2025-08-21 02:50:05 INFO Fold 1 results: Dice: 0.4919 | softDice: 0.4203 | clDice: 0.5475 | softclDice: 0.5040 | IoU: 0.3265 | Tversky: 0.4919 | Hausdorff: 227.0127 | HD95: 30.6955 | val_loss: 0.4249
2025-08-21 02:50:05 INFO ===== Fold 2 / 5 =====
2025-08-21 02:50:05 INFO Loading model unet with settings {'name': 'unet', 'encoder_name': 'se_resnext50_32x4d', 'encoder_weights': 'imagenet', 'classes': 1, 'activation': None, 'dropout': 0.2}
2025-08-21 02:51:44 INFO Epoch 001 | Train Loss: 0.7477 | Val Loss: 0.5432 | Dice: 0.4232 | softDice: 0.2649 | clDice: 0.4700 | softclDice: 0.6946 | IoU: 0.2689 | Tversky: 0.4232 | Hausdorff: 315.8756 | HD95: 71.2512 | val_loss: 0.5432 | LR: 0.001000
2025-08-21 02:53:22 INFO Epoch 002 | Train Loss: 0.5269 | Val Loss: 0.4800 | Dice: 0.4543 | softDice: 0.3483 | clDice: 0.4997 | softclDice: 0.5966 | IoU: 0.2943 | Tversky: 0.4543 | Hausdorff: 301.4976 | HD95: 49.8637 | val_loss: 0.4800 | LR: 0.001000
2025-08-21 02:55:02 INFO Epoch 003 | Train Loss: 0.4982 | Val Loss: 0.4693 | Dice: 0.4449 | softDice: 0.3700 | clDice: 0.4889 | softclDice: 0.5735 | IoU: 0.2866 | Tversky: 0.4449 | Hausdorff: 290.1460 | HD95: 46.3656 | val_loss: 0.4693 | LR: 0.001000
2025-08-21 02:56:41 INFO Epoch 004 | Train Loss: 0.4898 | Val Loss: 0.4644 | Dice: 0.4600 | softDice: 0.3772 | clDice: 0.5059 | softclDice: 0.5563 | IoU: 0.2992 | Tversky: 0.4600 | Hausdorff: 267.7652 | HD95: 40.9265 | val_loss: 0.4644 | LR: 0.001000
2025-08-21 02:58:23 INFO Epoch 005 | Train Loss: 0.4816 | Val Loss: 0.4493 | Dice: 0.4823 | softDice: 0.3965 | clDice: 0.5356 | softclDice: 0.5272 | IoU: 0.3183 | Tversky: 0.4823 | Hausdorff: 299.9864 | HD95: 34.8215 | val_loss: 0.4493 | LR: 0.001000
2025-08-21 03:00:03 INFO Epoch 006 | Train Loss: 0.4798 | Val Loss: 0.4597 | Dice: 0.4555 | softDice: 0.3850 | clDice: 0.4949 | softclDice: 0.5576 | IoU: 0.2954 | Tversky: 0.4555 | Hausdorff: 284.6647 | HD95: 32.4884 | val_loss: 0.4597 | LR: 0.001000
2025-08-21 03:01:44 INFO Epoch 007 | Train Loss: 0.4767 | Val Loss: 0.4472 | Dice: 0.4819 | softDice: 0.4066 | clDice: 0.5364 | softclDice: 0.5217 | IoU: 0.3178 | Tversky: 0.4819 | Hausdorff: 272.0663 | HD95: 33.8211 | val_loss: 0.4472 | LR: 0.001000
2025-08-21 03:03:26 INFO Epoch 008 | Train Loss: 0.4735 | Val Loss: 0.4610 | Dice: 0.4721 | softDice: 0.3965 | clDice: 0.5236 | softclDice: 0.5296 | IoU: 0.3093 | Tversky: 0.4721 | Hausdorff: 307.1613 | HD95: 34.2062 | val_loss: 0.4610 | LR: 0.001000
2025-08-21 03:05:07 INFO Epoch 009 | Train Loss: 0.4744 | Val Loss: 0.4426 | Dice: 0.4847 | softDice: 0.4220 | clDice: 0.5419 | softclDice: 0.4996 | IoU: 0.3203 | Tversky: 0.4847 | Hausdorff: 296.7250 | HD95: 30.1425 | val_loss: 0.4426 | LR: 0.001000
2025-08-21 03:06:48 INFO Epoch 010 | Train Loss: 0.4706 | Val Loss: 0.4451 | Dice: 0.4789 | softDice: 0.4075 | clDice: 0.5297 | softclDice: 0.5201 | IoU: 0.3153 | Tversky: 0.4789 | Hausdorff: 289.7563 | HD95: 34.5679 | val_loss: 0.4451 | LR: 0.001000
2025-08-21 03:08:27 INFO Epoch 011 | Train Loss: 0.4725 | Val Loss: 0.4493 | Dice: 0.4734 | softDice: 0.4015 | clDice: 0.5192 | softclDice: 0.5299 | IoU: 0.3107 | Tversky: 0.4734 | Hausdorff: 294.9329 | HD95: 31.6399 | val_loss: 0.4493 | LR: 0.001000
2025-08-21 03:10:05 INFO Epoch 012 | Train Loss: 0.4655 | Val Loss: 0.4431 | Dice: 0.4840 | softDice: 0.4122 | clDice: 0.5395 | softclDice: 0.5057 | IoU: 0.3196 | Tversky: 0.4840 | Hausdorff: 275.8451 | HD95: 37.5693 | val_loss: 0.4431 | LR: 0.001000
2025-08-21 03:11:46 INFO Epoch 013 | Train Loss: 0.4655 | Val Loss: 0.4436 | Dice: 0.4849 | softDice: 0.4123 | clDice: 0.5395 | softclDice: 0.5107 | IoU: 0.3205 | Tversky: 0.4849 | Hausdorff: 291.5142 | HD95: 28.8626 | val_loss: 0.4436 | LR: 0.001000
2025-08-21 03:13:25 INFO Epoch 014 | Train Loss: 0.4644 | Val Loss: 0.4452 | Dice: 0.4745 | softDice: 0.4082 | clDice: 0.5199 | softclDice: 0.5221 | IoU: 0.3116 | Tversky: 0.4745 | Hausdorff: 275.0295 | HD95: 30.6114 | val_loss: 0.4452 | LR: 0.001000
2025-08-21 03:15:06 INFO Epoch 015 | Train Loss: 0.4670 | Val Loss: 0.4430 | Dice: 0.4824 | softDice: 0.4072 | clDice: 0.5331 | softclDice: 0.5115 | IoU: 0.3183 | Tversky: 0.4824 | Hausdorff: 309.3947 | HD95: 31.7569 | val_loss: 0.4430 | LR: 0.000500
2025-08-21 03:16:46 INFO Epoch 016 | Train Loss: 0.4599 | Val Loss: 0.4402 | Dice: 0.4845 | softDice: 0.4185 | clDice: 0.5363 | softclDice: 0.5071 | IoU: 0.3202 | Tversky: 0.4845 | Hausdorff: 290.1767 | HD95: 31.5691 | val_loss: 0.4402 | LR: 0.000500
2025-08-21 03:18:24 INFO Epoch 017 | Train Loss: 0.4626 | Val Loss: 0.4385 | Dice: 0.4866 | softDice: 0.4193 | clDice: 0.5370 | softclDice: 0.5075 | IoU: 0.3221 | Tversky: 0.4866 | Hausdorff: 289.5726 | HD95: 34.0000 | val_loss: 0.4385 | LR: 0.000500
2025-08-21 03:20:06 INFO Epoch 018 | Train Loss: 0.4583 | Val Loss: 0.4433 | Dice: 0.4809 | softDice: 0.4166 | clDice: 0.5309 | softclDice: 0.5120 | IoU: 0.3169 | Tversky: 0.4809 | Hausdorff: 296.8078 | HD95: 27.5391 | val_loss: 0.4433 | LR: 0.000500
2025-08-21 03:21:46 INFO Epoch 019 | Train Loss: 0.4602 | Val Loss: 0.4413 | Dice: 0.4807 | softDice: 0.4140 | clDice: 0.5290 | softclDice: 0.5140 | IoU: 0.3169 | Tversky: 0.4807 | Hausdorff: 290.2778 | HD95: 28.7965 | val_loss: 0.4413 | LR: 0.000500
2025-08-21 03:23:26 INFO Epoch 020 | Train Loss: 0.4562 | Val Loss: 0.4407 | Dice: 0.4847 | softDice: 0.4244 | clDice: 0.5394 | softclDice: 0.5004 | IoU: 0.3203 | Tversky: 0.4847 | Hausdorff: 262.9601 | HD95: 33.0746 | val_loss: 0.4407 | LR: 0.000500
2025-08-21 03:25:04 INFO Epoch 021 | Train Loss: 0.4572 | Val Loss: 0.4398 | Dice: 0.4833 | softDice: 0.4194 | clDice: 0.5327 | softclDice: 0.5084 | IoU: 0.3193 | Tversky: 0.4833 | Hausdorff: 305.9317 | HD95: 31.8398 | val_loss: 0.4398 | LR: 0.000500
2025-08-21 03:26:44 INFO Epoch 022 | Train Loss: 0.4554 | Val Loss: 0.4438 | Dice: 0.4763 | softDice: 0.4124 | clDice: 0.5200 | softclDice: 0.5201 | IoU: 0.3132 | Tversky: 0.4763 | Hausdorff: 305.0156 | HD95: 32.9411 | val_loss: 0.4438 | LR: 0.000500
2025-08-21 03:28:24 INFO Epoch 023 | Train Loss: 0.4546 | Val Loss: 0.4405 | Dice: 0.4848 | softDice: 0.4263 | clDice: 0.5330 | softclDice: 0.5066 | IoU: 0.3204 | Tversky: 0.4848 | Hausdorff: 290.1045 | HD95: 31.0171 | val_loss: 0.4405 | LR: 0.000250
2025-08-21 03:30:02 INFO Epoch 024 | Train Loss: 0.4525 | Val Loss: 0.4390 | Dice: 0.4869 | softDice: 0.4259 | clDice: 0.5402 | softclDice: 0.4999 | IoU: 0.3222 | Tversky: 0.4869 | Hausdorff: 290.0589 | HD95: 29.4324 | val_loss: 0.4390 | LR: 0.000250
2025-08-21 03:31:43 INFO Epoch 025 | Train Loss: 0.4546 | Val Loss: 0.4363 | Dice: 0.4902 | softDice: 0.4229 | clDice: 0.5400 | softclDice: 0.5036 | IoU: 0.3251 | Tversky: 0.4902 | Hausdorff: 297.3771 | HD95: 29.7669 | val_loss: 0.4363 | LR: 0.000250
2025-08-21 03:33:22 INFO Epoch 026 | Train Loss: 0.4537 | Val Loss: 0.4358 | Dice: 0.4898 | softDice: 0.4269 | clDice: 0.5359 | softclDice: 0.5042 | IoU: 0.3248 | Tversky: 0.4898 | Hausdorff: 289.3175 | HD95: 32.6453 | val_loss: 0.4358 | LR: 0.000250
2025-08-21 03:35:01 INFO Epoch 027 | Train Loss: 0.4509 | Val Loss: 0.4361 | Dice: 0.4916 | softDice: 0.4272 | clDice: 0.5471 | softclDice: 0.4951 | IoU: 0.3263 | Tversky: 0.4916 | Hausdorff: 308.7732 | HD95: 29.4404 | val_loss: 0.4361 | LR: 0.000250
2025-08-21 03:36:41 INFO Epoch 028 | Train Loss: 0.4539 | Val Loss: 0.4362 | Dice: 0.4886 | softDice: 0.4227 | clDice: 0.5373 | softclDice: 0.5043 | IoU: 0.3238 | Tversky: 0.4886 | Hausdorff: 301.6737 | HD95: 29.6474 | val_loss: 0.4362 | LR: 0.000250
2025-08-21 03:38:19 INFO Epoch 029 | Train Loss: 0.4478 | Val Loss: 0.4394 | Dice: 0.4849 | softDice: 0.4233 | clDice: 0.5320 | softclDice: 0.5067 | IoU: 0.3206 | Tversky: 0.4849 | Hausdorff: 300.6086 | HD95: 28.5171 | val_loss: 0.4394 | LR: 0.000250
2025-08-21 03:40:00 INFO Epoch 030 | Train Loss: 0.4518 | Val Loss: 0.4372 | Dice: 0.4883 | softDice: 0.4259 | clDice: 0.5390 | softclDice: 0.5006 | IoU: 0.3235 | Tversky: 0.4883 | Hausdorff: 299.2314 | HD95: 28.8672 | val_loss: 0.4372 | LR: 0.000250
2025-08-21 03:41:40 INFO Epoch 031 | Train Loss: 0.4475 | Val Loss: 0.4391 | Dice: 0.4890 | softDice: 0.4290 | clDice: 0.5413 | softclDice: 0.4955 | IoU: 0.3240 | Tversky: 0.4890 | Hausdorff: 302.5040 | HD95: 27.9587 | val_loss: 0.4391 | LR: 0.000250
2025-08-21 03:43:19 INFO Epoch 032 | Train Loss: 0.4507 | Val Loss: 0.4384 | Dice: 0.4880 | softDice: 0.4205 | clDice: 0.5373 | softclDice: 0.5050 | IoU: 0.3232 | Tversky: 0.4880 | Hausdorff: 315.7067 | HD95: 30.2353 | val_loss: 0.4384 | LR: 0.000125
2025-08-21 03:44:59 INFO Epoch 033 | Train Loss: 0.4481 | Val Loss: 0.4370 | Dice: 0.4902 | softDice: 0.4309 | clDice: 0.5423 | softclDice: 0.4953 | IoU: 0.3252 | Tversky: 0.4902 | Hausdorff: 297.1675 | HD95: 27.8324 | val_loss: 0.4370 | LR: 0.000125
2025-08-21 03:46:36 INFO Epoch 034 | Train Loss: 0.4490 | Val Loss: 0.4391 | Dice: 0.4861 | softDice: 0.4246 | clDice: 0.5337 | softclDice: 0.5060 | IoU: 0.3215 | Tversky: 0.4861 | Hausdorff: 300.2569 | HD95: 26.9328 | val_loss: 0.4391 | LR: 0.000125
2025-08-21 03:48:16 INFO Epoch 035 | Train Loss: 0.4461 | Val Loss: 0.4405 | Dice: 0.4847 | softDice: 0.4225 | clDice: 0.5319 | softclDice: 0.5084 | IoU: 0.3203 | Tversky: 0.4847 | Hausdorff: 311.9436 | HD95: 29.1051 | val_loss: 0.4405 | LR: 0.000125
2025-08-21 03:49:55 INFO Epoch 036 | Train Loss: 0.4414 | Val Loss: 0.4401 | Dice: 0.4841 | softDice: 0.4257 | clDice: 0.5293 | softclDice: 0.5074 | IoU: 0.3199 | Tversky: 0.4841 | Hausdorff: 299.1448 | HD95: 29.6338 | val_loss: 0.4401 | LR: 0.000125
2025-08-21 03:51:34 INFO Epoch 037 | Train Loss: 0.4494 | Val Loss: 0.4370 | Dice: 0.4898 | softDice: 0.4309 | clDice: 0.5400 | softclDice: 0.4965 | IoU: 0.3249 | Tversky: 0.4898 | Hausdorff: 307.7153 | HD95: 30.8492 | val_loss: 0.4370 | LR: 0.000125
2025-08-21 03:53:15 INFO Epoch 038 | Train Loss: 0.4423 | Val Loss: 0.4394 | Dice: 0.4868 | softDice: 0.4285 | clDice: 0.5371 | softclDice: 0.5007 | IoU: 0.3222 | Tversky: 0.4868 | Hausdorff: 308.1366 | HD95: 30.8165 | val_loss: 0.4394 | LR: 0.000063
2025-08-21 03:54:55 INFO Epoch 039 | Train Loss: 0.4447 | Val Loss: 0.4399 | Dice: 0.4850 | softDice: 0.4263 | clDice: 0.5332 | softclDice: 0.5035 | IoU: 0.3207 | Tversky: 0.4850 | Hausdorff: 307.9446 | HD95: 30.3916 | val_loss: 0.4399 | LR: 0.000063
2025-08-21 03:56:34 INFO Epoch 040 | Train Loss: 0.4451 | Val Loss: 0.4404 | Dice: 0.4843 | softDice: 0.4265 | clDice: 0.5324 | softclDice: 0.5046 | IoU: 0.3200 | Tversky: 0.4843 | Hausdorff: 308.8786 | HD95: 29.6558 | val_loss: 0.4404 | LR: 0.000063
2025-08-21 03:58:13 INFO Epoch 041 | Train Loss: 0.4377 | Val Loss: 0.4417 | Dice: 0.4839 | softDice: 0.4283 | clDice: 0.5344 | softclDice: 0.5025 | IoU: 0.3196 | Tversky: 0.4839 | Hausdorff: 298.3921 | HD95: 29.1784 | val_loss: 0.4417 | LR: 0.000063
2025-08-21 03:59:53 INFO Epoch 042 | Train Loss: 0.4421 | Val Loss: 0.4403 | Dice: 0.4851 | softDice: 0.4286 | clDice: 0.5334 | softclDice: 0.5032 | IoU: 0.3207 | Tversky: 0.4851 | Hausdorff: 299.0163 | HD95: 29.5736 | val_loss: 0.4403 | LR: 0.000063
2025-08-21 04:01:33 INFO Epoch 043 | Train Loss: 0.4393 | Val Loss: 0.4435 | Dice: 0.4806 | softDice: 0.4259 | clDice: 0.5260 | softclDice: 0.5084 | IoU: 0.3168 | Tversky: 0.4806 | Hausdorff: 308.5760 | HD95: 30.4032 | val_loss: 0.4435 | LR: 0.000063
2025-08-21 04:03:12 INFO Epoch 044 | Train Loss: 0.4448 | Val Loss: 0.4408 | Dice: 0.4858 | softDice: 0.4279 | clDice: 0.5356 | softclDice: 0.5024 | IoU: 0.3213 | Tversky: 0.4858 | Hausdorff: 310.8836 | HD95: 30.3050 | val_loss: 0.4408 | LR: 0.000031
2025-08-21 04:04:53 INFO Epoch 045 | Train Loss: 0.4421 | Val Loss: 0.4411 | Dice: 0.4841 | softDice: 0.4266 | clDice: 0.5323 | softclDice: 0.5047 | IoU: 0.3199 | Tversky: 0.4841 | Hausdorff: 301.5527 | HD95: 29.1224 | val_loss: 0.4411 | LR: 0.000031
2025-08-21 04:06:34 INFO Early stopping at epoch 46 | Best Dice: 0.4916 at epoch 1
2025-08-21 04:07:23 INFO Fold 2 results: Dice: 0.4916 | softDice: 0.4272 | clDice: 0.5471 | softclDice: 0.4951 | IoU: 0.3263 | Tversky: 0.4916 | Hausdorff: 308.7732 | HD95: 29.4404 | val_loss: 0.4361
2025-08-21 04:07:23 INFO ===== Fold 3 / 5 =====
2025-08-21 04:07:23 INFO Loading model unet with settings {'name': 'unet', 'encoder_name': 'se_resnext50_32x4d', 'encoder_weights': 'imagenet', 'classes': 1, 'activation': None, 'dropout': 0.2}
2025-08-21 04:09:03 INFO Epoch 001 | Train Loss: 0.5947 | Val Loss: 0.4952 | Dice: 0.4281 | softDice: 0.3310 | clDice: 0.4729 | softclDice: 0.6636 | IoU: 0.2734 | Tversky: 0.4281 | Hausdorff: 261.3830 | HD95: 59.0791 | val_loss: 0.4952 | LR: 0.001000
2025-08-21 04:10:42 INFO Epoch 002 | Train Loss: 0.4996 | Val Loss: 0.4679 | Dice: 0.4548 | softDice: 0.3799 | clDice: 0.4994 | softclDice: 0.5668 | IoU: 0.2955 | Tversky: 0.4548 | Hausdorff: 249.4691 | HD95: 44.4430 | val_loss: 0.4679 | LR: 0.001000
2025-08-21 04:12:24 INFO Epoch 003 | Train Loss: 0.4923 | Val Loss: 0.4573 | Dice: 0.4634 | softDice: 0.3926 | clDice: 0.5142 | softclDice: 0.5417 | IoU: 0.3028 | Tversky: 0.4634 | Hausdorff: 239.8831 | HD95: 46.5046 | val_loss: 0.4573 | LR: 0.001000
2025-08-21 04:14:04 INFO Epoch 004 | Train Loss: 0.4820 | Val Loss: 0.4538 | Dice: 0.4724 | softDice: 0.3967 | clDice: 0.5292 | softclDice: 0.5308 | IoU: 0.3101 | Tversky: 0.4724 | Hausdorff: 238.7696 | HD95: 40.8108 | val_loss: 0.4538 | LR: 0.001000
2025-08-21 04:15:44 INFO Epoch 005 | Train Loss: 0.4852 | Val Loss: 0.4597 | Dice: 0.4740 | softDice: 0.3998 | clDice: 0.5380 | softclDice: 0.5279 | IoU: 0.3113 | Tversky: 0.4740 | Hausdorff: 263.2848 | HD95: 39.4716 | val_loss: 0.4597 | LR: 0.001000
2025-08-21 04:17:24 INFO Epoch 006 | Train Loss: 0.4792 | Val Loss: 0.4470 | Dice: 0.4875 | softDice: 0.4121 | clDice: 0.5464 | softclDice: 0.5113 | IoU: 0.3232 | Tversky: 0.4875 | Hausdorff: 259.9016 | HD95: 34.8625 | val_loss: 0.4470 | LR: 0.001000
2025-08-21 04:19:05 INFO Epoch 007 | Train Loss: 0.4756 | Val Loss: 0.4483 | Dice: 0.4831 | softDice: 0.4075 | clDice: 0.5428 | softclDice: 0.5100 | IoU: 0.3193 | Tversky: 0.4831 | Hausdorff: 244.0470 | HD95: 37.4397 | val_loss: 0.4483 | LR: 0.001000
2025-08-21 04:20:45 INFO Epoch 008 | Train Loss: 0.4698 | Val Loss: 0.4470 | Dice: 0.4786 | softDice: 0.4079 | clDice: 0.5331 | softclDice: 0.5134 | IoU: 0.3156 | Tversky: 0.4786 | Hausdorff: 260.0458 | HD95: 37.2585 | val_loss: 0.4470 | LR: 0.001000
2025-08-21 04:22:22 INFO Epoch 009 | Train Loss: 0.4677 | Val Loss: 0.4481 | Dice: 0.4766 | softDice: 0.4088 | clDice: 0.5282 | softclDice: 0.5174 | IoU: 0.3139 | Tversky: 0.4766 | Hausdorff: 237.6809 | HD95: 35.2683 | val_loss: 0.4481 | LR: 0.001000
2025-08-21 04:24:03 INFO Epoch 010 | Train Loss: 0.4669 | Val Loss: 0.4448 | Dice: 0.4862 | softDice: 0.4224 | clDice: 0.5494 | softclDice: 0.4960 | IoU: 0.3222 | Tversky: 0.4862 | Hausdorff: 251.5068 | HD95: 31.6523 | val_loss: 0.4448 | LR: 0.001000
2025-08-21 04:25:41 INFO Epoch 011 | Train Loss: 0.4705 | Val Loss: 0.4473 | Dice: 0.4793 | softDice: 0.4143 | clDice: 0.5340 | softclDice: 0.5077 | IoU: 0.3162 | Tversky: 0.4793 | Hausdorff: 268.2302 | HD95: 36.5704 | val_loss: 0.4473 | LR: 0.001000
2025-08-21 04:27:20 INFO Epoch 012 | Train Loss: 0.4672 | Val Loss: 0.4440 | Dice: 0.4824 | softDice: 0.4111 | clDice: 0.5375 | softclDice: 0.5092 | IoU: 0.3189 | Tversky: 0.4824 | Hausdorff: 264.8652 | HD95: 34.5091 | val_loss: 0.4440 | LR: 0.001000
2025-08-21 04:29:00 INFO Epoch 013 | Train Loss: 0.4683 | Val Loss: 0.4454 | Dice: 0.4815 | softDice: 0.4161 | clDice: 0.5331 | softclDice: 0.5080 | IoU: 0.3183 | Tversky: 0.4815 | Hausdorff: 242.1622 | HD95: 38.3037 | val_loss: 0.4454 | LR: 0.001000
2025-08-21 04:30:39 INFO Epoch 014 | Train Loss: 0.4650 | Val Loss: 0.4444 | Dice: 0.4835 | softDice: 0.4173 | clDice: 0.5398 | softclDice: 0.5057 | IoU: 0.3198 | Tversky: 0.4835 | Hausdorff: 259.5548 | HD95: 30.8922 | val_loss: 0.4444 | LR: 0.001000
2025-08-21 04:32:20 INFO Epoch 015 | Train Loss: 0.4637 | Val Loss: 0.4373 | Dice: 0.4972 | softDice: 0.4283 | clDice: 0.5600 | softclDice: 0.4865 | IoU: 0.3318 | Tversky: 0.4972 | Hausdorff: 250.6563 | HD95: 32.5990 | val_loss: 0.4373 | LR: 0.001000
2025-08-21 04:33:59 INFO Epoch 016 | Train Loss: 0.4640 | Val Loss: 0.4480 | Dice: 0.4769 | softDice: 0.4099 | clDice: 0.5300 | softclDice: 0.5161 | IoU: 0.3144 | Tversky: 0.4769 | Hausdorff: 238.0372 | HD95: 43.0905 | val_loss: 0.4480 | LR: 0.001000
2025-08-21 04:35:38 INFO Epoch 017 | Train Loss: 0.4682 | Val Loss: 0.4429 | Dice: 0.4870 | softDice: 0.4154 | clDice: 0.5430 | softclDice: 0.5055 | IoU: 0.3228 | Tversky: 0.4870 | Hausdorff: 233.9781 | HD95: 33.8807 | val_loss: 0.4429 | LR: 0.001000
2025-08-21 04:37:20 INFO Epoch 018 | Train Loss: 0.4663 | Val Loss: 0.4467 | Dice: 0.4794 | softDice: 0.4109 | clDice: 0.5384 | softclDice: 0.5029 | IoU: 0.3162 | Tversky: 0.4794 | Hausdorff: 236.9655 | HD95: 33.5537 | val_loss: 0.4467 | LR: 0.001000
2025-08-21 04:38:58 INFO Epoch 019 | Train Loss: 0.4620 | Val Loss: 0.4394 | Dice: 0.4932 | softDice: 0.4112 | clDice: 0.5492 | softclDice: 0.5012 | IoU: 0.3282 | Tversky: 0.4932 | Hausdorff: 228.1715 | HD95: 33.2438 | val_loss: 0.4394 | LR: 0.001000
2025-08-21 04:40:39 INFO Epoch 020 | Train Loss: 0.4640 | Val Loss: 0.4402 | Dice: 0.4937 | softDice: 0.4137 | clDice: 0.5535 | softclDice: 0.4952 | IoU: 0.3286 | Tversky: 0.4937 | Hausdorff: 253.1493 | HD95: 31.9177 | val_loss: 0.4402 | LR: 0.001000
2025-08-21 04:42:18 INFO Epoch 021 | Train Loss: 0.4625 | Val Loss: 0.4390 | Dice: 0.4904 | softDice: 0.4245 | clDice: 0.5452 | softclDice: 0.4959 | IoU: 0.3258 | Tversky: 0.4904 | Hausdorff: 248.5245 | HD95: 36.4041 | val_loss: 0.4390 | LR: 0.000500
2025-08-21 04:43:59 INFO Epoch 022 | Train Loss: 0.4581 | Val Loss: 0.4367 | Dice: 0.4957 | softDice: 0.4272 | clDice: 0.5549 | softclDice: 0.4885 | IoU: 0.3305 | Tversky: 0.4957 | Hausdorff: 205.6352 | HD95: 36.1264 | val_loss: 0.4367 | LR: 0.000500
2025-08-21 04:45:38 INFO Epoch 023 | Train Loss: 0.4558 | Val Loss: 0.4365 | Dice: 0.4947 | softDice: 0.4270 | clDice: 0.5532 | softclDice: 0.4883 | IoU: 0.3297 | Tversky: 0.4947 | Hausdorff: 236.6768 | HD95: 34.2006 | val_loss: 0.4365 | LR: 0.000500
2025-08-21 04:47:18 INFO Epoch 024 | Train Loss: 0.4541 | Val Loss: 0.4371 | Dice: 0.4966 | softDice: 0.4278 | clDice: 0.5583 | softclDice: 0.4849 | IoU: 0.3312 | Tversky: 0.4966 | Hausdorff: 249.0161 | HD95: 28.1450 | val_loss: 0.4371 | LR: 0.000500
2025-08-21 04:48:59 INFO Epoch 025 | Train Loss: 0.4531 | Val Loss: 0.4350 | Dice: 0.4980 | softDice: 0.4279 | clDice: 0.5531 | softclDice: 0.4880 | IoU: 0.3325 | Tversky: 0.4980 | Hausdorff: 244.6330 | HD95: 35.9689 | val_loss: 0.4350 | LR: 0.000500
2025-08-21 04:50:36 INFO Epoch 026 | Train Loss: 0.4494 | Val Loss: 0.4351 | Dice: 0.4960 | softDice: 0.4317 | clDice: 0.5529 | softclDice: 0.4875 | IoU: 0.3307 | Tversky: 0.4960 | Hausdorff: 240.6667 | HD95: 33.4364 | val_loss: 0.4351 | LR: 0.000500
2025-08-21 04:52:14 INFO Epoch 027 | Train Loss: 0.4565 | Val Loss: 0.4357 | Dice: 0.4980 | softDice: 0.4232 | clDice: 0.5559 | softclDice: 0.4886 | IoU: 0.3326 | Tversky: 0.4980 | Hausdorff: 230.6632 | HD95: 33.2357 | val_loss: 0.4357 | LR: 0.000500
2025-08-21 04:53:55 INFO Epoch 028 | Train Loss: 0.4553 | Val Loss: 0.4341 | Dice: 0.5014 | softDice: 0.4327 | clDice: 0.5607 | softclDice: 0.4795 | IoU: 0.3355 | Tversky: 0.5014 | Hausdorff: 229.3250 | HD95: 31.8370 | val_loss: 0.4341 | LR: 0.000500
2025-08-21 04:55:33 INFO Epoch 029 | Train Loss: 0.4536 | Val Loss: 0.4396 | Dice: 0.4899 | softDice: 0.4249 | clDice: 0.5425 | softclDice: 0.4966 | IoU: 0.3254 | Tversky: 0.4899 | Hausdorff: 242.5740 | HD95: 32.8037 | val_loss: 0.4396 | LR: 0.000500
2025-08-21 04:57:13 INFO Epoch 030 | Train Loss: 0.4516 | Val Loss: 0.4429 | Dice: 0.4888 | softDice: 0.4231 | clDice: 0.5435 | softclDice: 0.5002 | IoU: 0.3244 | Tversky: 0.4888 | Hausdorff: 244.3383 | HD95: 30.6192 | val_loss: 0.4429 | LR: 0.000500
2025-08-21 04:58:53 INFO Epoch 031 | Train Loss: 0.4525 | Val Loss: 0.4348 | Dice: 0.4997 | softDice: 0.4325 | clDice: 0.5613 | softclDice: 0.4801 | IoU: 0.3339 | Tversky: 0.4997 | Hausdorff: 235.7521 | HD95: 31.5004 | val_loss: 0.4348 | LR: 0.000500
2025-08-21 05:00:32 INFO Epoch 032 | Train Loss: 0.4536 | Val Loss: 0.4382 | Dice: 0.4938 | softDice: 0.4282 | clDice: 0.5517 | softclDice: 0.4881 | IoU: 0.3288 | Tversky: 0.4938 | Hausdorff: 213.1354 | HD95: 34.2106 | val_loss: 0.4382 | LR: 0.000500
2025-08-21 05:02:12 INFO Epoch 033 | Train Loss: 0.4534 | Val Loss: 0.4416 | Dice: 0.4880 | softDice: 0.4264 | clDice: 0.5412 | softclDice: 0.4969 | IoU: 0.3237 | Tversky: 0.4880 | Hausdorff: 244.6952 | HD95: 32.2494 | val_loss: 0.4416 | LR: 0.000500
2025-08-21 05:03:51 INFO Epoch 034 | Train Loss: 0.4516 | Val Loss: 0.4352 | Dice: 0.4989 | softDice: 0.4357 | clDice: 0.5544 | softclDice: 0.4843 | IoU: 0.3334 | Tversky: 0.4989 | Hausdorff: 245.9610 | HD95: 32.4570 | val_loss: 0.4352 | LR: 0.000250
2025-08-21 05:05:31 INFO Epoch 035 | Train Loss: 0.4496 | Val Loss: 0.4393 | Dice: 0.4896 | softDice: 0.4233 | clDice: 0.5436 | softclDice: 0.4970 | IoU: 0.3252 | Tversky: 0.4896 | Hausdorff: 234.0771 | HD95: 32.5391 | val_loss: 0.4393 | LR: 0.000250
2025-08-21 05:07:09 INFO Epoch 036 | Train Loss: 0.4516 | Val Loss: 0.4355 | Dice: 0.4967 | softDice: 0.4293 | clDice: 0.5532 | softclDice: 0.4888 | IoU: 0.3314 | Tversky: 0.4967 | Hausdorff: 237.7848 | HD95: 30.6865 | val_loss: 0.4355 | LR: 0.000250
2025-08-21 05:08:49 INFO Epoch 037 | Train Loss: 0.4472 | Val Loss: 0.4357 | Dice: 0.4990 | softDice: 0.4316 | clDice: 0.5617 | softclDice: 0.4787 | IoU: 0.3333 | Tversky: 0.4990 | Hausdorff: 233.6512 | HD95: 29.1366 | val_loss: 0.4357 | LR: 0.000250
2025-08-21 05:10:29 INFO Epoch 038 | Train Loss: 0.4470 | Val Loss: 0.4351 | Dice: 0.4975 | softDice: 0.4332 | clDice: 0.5494 | softclDice: 0.4879 | IoU: 0.3321 | Tversky: 0.4975 | Hausdorff: 239.8940 | HD95: 30.3184 | val_loss: 0.4351 | LR: 0.000250
2025-08-21 05:12:09 INFO Epoch 039 | Train Loss: 0.4450 | Val Loss: 0.4362 | Dice: 0.4949 | softDice: 0.4305 | clDice: 0.5508 | softclDice: 0.4878 | IoU: 0.3297 | Tversky: 0.4949 | Hausdorff: 237.6663 | HD95: 31.4057 | val_loss: 0.4362 | LR: 0.000250
2025-08-21 05:13:49 INFO Epoch 040 | Train Loss: 0.4413 | Val Loss: 0.4359 | Dice: 0.4982 | softDice: 0.4386 | clDice: 0.5559 | softclDice: 0.4809 | IoU: 0.3326 | Tversky: 0.4982 | Hausdorff: 236.4880 | HD95: 29.3503 | val_loss: 0.4359 | LR: 0.000125
2025-08-21 05:15:28 INFO Epoch 041 | Train Loss: 0.4416 | Val Loss: 0.4398 | Dice: 0.4911 | softDice: 0.4297 | clDice: 0.5427 | softclDice: 0.4953 | IoU: 0.3263 | Tversky: 0.4911 | Hausdorff: 238.0234 | HD95: 29.9529 | val_loss: 0.4398 | LR: 0.000125
2025-08-21 05:17:08 INFO Epoch 042 | Train Loss: 0.4393 | Val Loss: 0.4406 | Dice: 0.4900 | softDice: 0.4299 | clDice: 0.5434 | softclDice: 0.4951 | IoU: 0.3254 | Tversky: 0.4900 | Hausdorff: 235.7032 | HD95: 30.0277 | val_loss: 0.4406 | LR: 0.000125
2025-08-21 05:18:47 INFO Epoch 043 | Train Loss: 0.4376 | Val Loss: 0.4410 | Dice: 0.4908 | softDice: 0.4322 | clDice: 0.5448 | softclDice: 0.4914 | IoU: 0.3261 | Tversky: 0.4908 | Hausdorff: 238.9668 | HD95: 29.5725 | val_loss: 0.4410 | LR: 0.000125
2025-08-21 05:20:26 INFO Epoch 044 | Train Loss: 0.4406 | Val Loss: 0.4398 | Dice: 0.4923 | softDice: 0.4293 | clDice: 0.5457 | softclDice: 0.4929 | IoU: 0.3273 | Tversky: 0.4923 | Hausdorff: 239.0671 | HD95: 28.3315 | val_loss: 0.4398 | LR: 0.000125
2025-08-21 05:22:06 INFO Epoch 045 | Train Loss: 0.4410 | Val Loss: 0.4392 | Dice: 0.4914 | softDice: 0.4321 | clDice: 0.5440 | softclDice: 0.4915 | IoU: 0.3266 | Tversky: 0.4914 | Hausdorff: 237.6072 | HD95: 29.8924 | val_loss: 0.4392 | LR: 0.000125
2025-08-21 05:23:44 INFO Epoch 046 | Train Loss: 0.4392 | Val Loss: 0.4427 | Dice: 0.4876 | softDice: 0.4287 | clDice: 0.5391 | softclDice: 0.4954 | IoU: 0.3233 | Tversky: 0.4876 | Hausdorff: 248.5251 | HD95: 30.1190 | val_loss: 0.4427 | LR: 0.000063
2025-08-21 05:25:23 INFO Epoch 047 | Train Loss: 0.4343 | Val Loss: 0.4420 | Dice: 0.4905 | softDice: 0.4320 | clDice: 0.5423 | softclDice: 0.4942 | IoU: 0.3257 | Tversky: 0.4905 | Hausdorff: 238.9693 | HD95: 28.0765 | val_loss: 0.4420 | LR: 0.000063
2025-08-21 05:27:02 INFO Epoch 048 | Train Loss: 0.4337 | Val Loss: 0.4435 | Dice: 0.4873 | softDice: 0.4299 | clDice: 0.5375 | softclDice: 0.4980 | IoU: 0.3230 | Tversky: 0.4873 | Hausdorff: 239.2995 | HD95: 30.2455 | val_loss: 0.4435 | LR: 0.000063
2025-08-21 05:28:41 INFO Early stopping at epoch 49 | Best Dice: 0.5014 at epoch 1
2025-08-21 05:29:31 INFO Fold 3 results: Dice: 0.4990 | softDice: 0.4316 | clDice: 0.5617 | softclDice: 0.4787 | IoU: 0.3333 | Tversky: 0.4990 | Hausdorff: 233.6512 | HD95: 29.1366 | val_loss: 0.4357
2025-08-21 05:29:31 INFO ===== Fold 4 / 5 =====
2025-08-21 05:29:31 INFO Loading model unet with settings {'name': 'unet', 'encoder_name': 'se_resnext50_32x4d', 'encoder_weights': 'imagenet', 'classes': 1, 'activation': None, 'dropout': 0.2}
2025-08-21 05:31:16 INFO Epoch 001 | Train Loss: 0.7220 | Val Loss: 1.2701 | Dice: 0.3371 | softDice: 0.2364 | clDice: 0.3256 | softclDice: 0.7844 | IoU: 0.2041 | Tversky: 0.3371 | Hausdorff: 521.7951 | HD95: 215.0442 | val_loss: 1.2701 | LR: 0.001000
2025-08-21 05:32:54 INFO Epoch 002 | Train Loss: 0.5236 | Val Loss: 0.4878 | Dice: 0.4450 | softDice: 0.3393 | clDice: 0.4888 | softclDice: 0.6302 | IoU: 0.2863 | Tversky: 0.4450 | Hausdorff: 385.0902 | HD95: 43.5316 | val_loss: 0.4878 | LR: 0.001000
2025-08-21 05:34:34 INFO Epoch 003 | Train Loss: 0.4954 | Val Loss: 0.4712 | Dice: 0.4704 | softDice: 0.3776 | clDice: 0.5259 | softclDice: 0.5752 | IoU: 0.3078 | Tversky: 0.4704 | Hausdorff: 227.6872 | HD95: 39.0006 | val_loss: 0.4712 | LR: 0.001000
2025-08-21 05:36:15 INFO Epoch 004 | Train Loss: 0.4891 | Val Loss: 0.4647 | Dice: 0.4592 | softDice: 0.3820 | clDice: 0.5002 | softclDice: 0.5701 | IoU: 0.2982 | Tversky: 0.4592 | Hausdorff: 278.3694 | HD95: 38.8215 | val_loss: 0.4647 | LR: 0.001000
2025-08-21 05:37:55 INFO Epoch 005 | Train Loss: 0.4811 | Val Loss: 0.4549 | Dice: 0.4787 | softDice: 0.4047 | clDice: 0.5290 | softclDice: 0.5322 | IoU: 0.3149 | Tversky: 0.4787 | Hausdorff: 231.4441 | HD95: 33.8980 | val_loss: 0.4549 | LR: 0.001000
2025-08-21 05:39:33 INFO Epoch 006 | Train Loss: 0.4769 | Val Loss: 0.4571 | Dice: 0.4723 | softDice: 0.4012 | clDice: 0.5203 | softclDice: 0.5371 | IoU: 0.3094 | Tversky: 0.4723 | Hausdorff: 227.3015 | HD95: 35.0888 | val_loss: 0.4571 | LR: 0.001000
2025-08-21 05:41:16 INFO Epoch 007 | Train Loss: 0.4762 | Val Loss: 0.7057 | Dice: 0.4303 | softDice: 0.3635 | clDice: 0.4340 | softclDice: 0.6065 | IoU: 0.2747 | Tversky: 0.4303 | Hausdorff: 631.5241 | HD95: 78.6786 | val_loss: 0.7057 | LR: 0.001000
2025-08-21 05:42:56 INFO Epoch 008 | Train Loss: 0.4744 | Val Loss: 0.4502 | Dice: 0.4837 | softDice: 0.4113 | clDice: 0.5350 | softclDice: 0.5210 | IoU: 0.3192 | Tversky: 0.4837 | Hausdorff: 226.0261 | HD95: 31.8341 | val_loss: 0.4502 | LR: 0.001000
2025-08-21 05:44:36 INFO Epoch 009 | Train Loss: 0.4719 | Val Loss: 0.4567 | Dice: 0.4732 | softDice: 0.4156 | clDice: 0.5263 | softclDice: 0.5154 | IoU: 0.3101 | Tversky: 0.4732 | Hausdorff: 203.7722 | HD95: 35.8911 | val_loss: 0.4567 | LR: 0.001000
2025-08-21 05:46:16 INFO Epoch 010 | Train Loss: 0.4701 | Val Loss: 0.4477 | Dice: 0.4840 | softDice: 0.4106 | clDice: 0.5285 | softclDice: 0.5205 | IoU: 0.3195 | Tversky: 0.4840 | Hausdorff: 199.8690 | HD95: 34.2144 | val_loss: 0.4477 | LR: 0.001000
2025-08-21 05:47:56 INFO Epoch 011 | Train Loss: 0.4664 | Val Loss: 0.4516 | Dice: 0.4873 | softDice: 0.4067 | clDice: 0.5425 | softclDice: 0.5115 | IoU: 0.3223 | Tversky: 0.4873 | Hausdorff: 216.7048 | HD95: 31.3455 | val_loss: 0.4516 | LR: 0.001000
2025-08-21 05:49:38 INFO Epoch 012 | Train Loss: 0.4660 | Val Loss: 0.4528 | Dice: 0.4817 | softDice: 0.4083 | clDice: 0.5356 | softclDice: 0.5139 | IoU: 0.3175 | Tversky: 0.4817 | Hausdorff: 222.9070 | HD95: 29.6906 | val_loss: 0.4528 | LR: 0.001000
2025-08-21 05:51:17 INFO Epoch 013 | Train Loss: 0.4681 | Val Loss: 0.4456 | Dice: 0.4884 | softDice: 0.4138 | clDice: 0.5417 | softclDice: 0.5111 | IoU: 0.3234 | Tversky: 0.4884 | Hausdorff: 221.7074 | HD95: 32.9040 | val_loss: 0.4456 | LR: 0.001000
2025-08-21 05:52:56 INFO Epoch 014 | Train Loss: 0.4664 | Val Loss: 0.4504 | Dice: 0.4789 | softDice: 0.4075 | clDice: 0.5233 | softclDice: 0.5271 | IoU: 0.3151 | Tversky: 0.4789 | Hausdorff: 219.5133 | HD95: 36.5578 | val_loss: 0.4504 | LR: 0.001000
2025-08-21 05:54:38 INFO Epoch 015 | Train Loss: 0.4627 | Val Loss: 0.4446 | Dice: 0.4913 | softDice: 0.4217 | clDice: 0.5476 | softclDice: 0.5041 | IoU: 0.3258 | Tversky: 0.4913 | Hausdorff: 222.8288 | HD95: 29.4688 | val_loss: 0.4446 | LR: 0.001000
2025-08-21 05:56:18 INFO Epoch 016 | Train Loss: 0.4623 | Val Loss: 0.4461 | Dice: 0.4890 | softDice: 0.4271 | clDice: 0.5416 | softclDice: 0.5005 | IoU: 0.3239 | Tversky: 0.4890 | Hausdorff: 228.3418 | HD95: 32.5643 | val_loss: 0.4461 | LR: 0.001000
2025-08-21 05:57:58 INFO Epoch 017 | Train Loss: 0.4644 | Val Loss: 0.4447 | Dice: 0.4913 | softDice: 0.4219 | clDice: 0.5474 | softclDice: 0.4999 | IoU: 0.3259 | Tversky: 0.4913 | Hausdorff: 213.7835 | HD95: 30.2143 | val_loss: 0.4447 | LR: 0.001000
2025-08-21 05:59:38 INFO Epoch 018 | Train Loss: 0.4635 | Val Loss: 0.4537 | Dice: 0.4763 | softDice: 0.4132 | clDice: 0.5248 | softclDice: 0.5182 | IoU: 0.3128 | Tversky: 0.4763 | Hausdorff: 241.9928 | HD95: 35.1843 | val_loss: 0.4537 | LR: 0.001000
2025-08-21 06:01:17 INFO Epoch 019 | Train Loss: 0.4619 | Val Loss: 0.4452 | Dice: 0.4887 | softDice: 0.4209 | clDice: 0.5427 | softclDice: 0.5047 | IoU: 0.3236 | Tversky: 0.4887 | Hausdorff: 228.7953 | HD95: 32.4096 | val_loss: 0.4452 | LR: 0.001000
2025-08-21 06:03:00 INFO Epoch 020 | Train Loss: 0.4578 | Val Loss: 0.4441 | Dice: 0.4901 | softDice: 0.4213 | clDice: 0.5471 | softclDice: 0.4972 | IoU: 0.3249 | Tversky: 0.4901 | Hausdorff: 209.8177 | HD95: 34.1703 | val_loss: 0.4441 | LR: 0.001000
2025-08-21 06:04:39 INFO Epoch 021 | Train Loss: 0.4581 | Val Loss: 0.4466 | Dice: 0.4815 | softDice: 0.4084 | clDice: 0.5261 | softclDice: 0.5212 | IoU: 0.3175 | Tversky: 0.4815 | Hausdorff: 232.6940 | HD95: 32.1571 | val_loss: 0.4466 | LR: 0.001000
2025-08-21 06:06:18 INFO Epoch 022 | Train Loss: 0.4615 | Val Loss: 0.4440 | Dice: 0.4891 | softDice: 0.4244 | clDice: 0.5470 | softclDice: 0.4952 | IoU: 0.3240 | Tversky: 0.4891 | Hausdorff: 234.9733 | HD95: 32.9101 | val_loss: 0.4440 | LR: 0.001000
2025-08-21 06:08:00 INFO Epoch 023 | Train Loss: 0.4595 | Val Loss: 0.4478 | Dice: 0.4848 | softDice: 0.4200 | clDice: 0.5401 | softclDice: 0.4993 | IoU: 0.3202 | Tversky: 0.4848 | Hausdorff: 229.1530 | HD95: 30.9995 | val_loss: 0.4478 | LR: 0.001000
2025-08-21 06:09:39 INFO Epoch 024 | Train Loss: 0.4614 | Val Loss: 0.4458 | Dice: 0.4853 | softDice: 0.4211 | clDice: 0.5362 | softclDice: 0.5049 | IoU: 0.3206 | Tversky: 0.4853 | Hausdorff: 274.0952 | HD95: 35.3979 | val_loss: 0.4458 | LR: 0.001000
2025-08-21 06:11:22 INFO Epoch 025 | Train Loss: 0.4583 | Val Loss: 0.4408 | Dice: 0.4969 | softDice: 0.4212 | clDice: 0.5564 | softclDice: 0.4946 | IoU: 0.3310 | Tversky: 0.4969 | Hausdorff: 223.9607 | HD95: 28.0226 | val_loss: 0.4408 | LR: 0.001000
2025-08-21 06:12:59 INFO Epoch 026 | Train Loss: 0.4606 | Val Loss: 0.4472 | Dice: 0.4861 | softDice: 0.4158 | clDice: 0.5363 | softclDice: 0.5118 | IoU: 0.3214 | Tversky: 0.4861 | Hausdorff: 223.4661 | HD95: 28.0747 | val_loss: 0.4472 | LR: 0.001000
2025-08-21 06:14:38 INFO Epoch 027 | Train Loss: 0.4590 | Val Loss: 0.4466 | Dice: 0.4915 | softDice: 0.4160 | clDice: 0.5508 | softclDice: 0.4980 | IoU: 0.3261 | Tversky: 0.4915 | Hausdorff: 214.4915 | HD95: 32.0348 | val_loss: 0.4466 | LR: 0.001000
2025-08-21 06:16:18 INFO Epoch 028 | Train Loss: 0.4574 | Val Loss: 0.4423 | Dice: 0.4920 | softDice: 0.4211 | clDice: 0.5479 | softclDice: 0.4957 | IoU: 0.3266 | Tversky: 0.4920 | Hausdorff: 225.8864 | HD95: 30.9491 | val_loss: 0.4423 | LR: 0.001000
2025-08-21 06:17:57 INFO Epoch 029 | Train Loss: 0.4556 | Val Loss: 0.4453 | Dice: 0.4860 | softDice: 0.4212 | clDice: 0.5332 | softclDice: 0.5064 | IoU: 0.3212 | Tversky: 0.4860 | Hausdorff: 217.0034 | HD95: 31.3044 | val_loss: 0.4453 | LR: 0.001000
2025-08-21 06:19:37 INFO Epoch 030 | Train Loss: 0.4594 | Val Loss: 0.4450 | Dice: 0.4906 | softDice: 0.4189 | clDice: 0.5431 | softclDice: 0.5024 | IoU: 0.3253 | Tversky: 0.4906 | Hausdorff: 233.0726 | HD95: 30.1024 | val_loss: 0.4450 | LR: 0.001000
2025-08-21 06:21:17 INFO Epoch 031 | Train Loss: 0.4519 | Val Loss: 0.4407 | Dice: 0.4949 | softDice: 0.4251 | clDice: 0.5502 | softclDice: 0.4957 | IoU: 0.3291 | Tversky: 0.4949 | Hausdorff: 217.9311 | HD95: 28.2699 | val_loss: 0.4407 | LR: 0.001000
2025-08-21 06:22:56 INFO Epoch 032 | Train Loss: 0.4562 | Val Loss: 0.4440 | Dice: 0.4893 | softDice: 0.4226 | clDice: 0.5429 | softclDice: 0.4975 | IoU: 0.3242 | Tversky: 0.4893 | Hausdorff: 229.8754 | HD95: 31.4631 | val_loss: 0.4440 | LR: 0.001000
2025-08-21 06:24:38 INFO Epoch 033 | Train Loss: 0.4546 | Val Loss: 0.4426 | Dice: 0.4936 | softDice: 0.4272 | clDice: 0.5504 | softclDice: 0.4901 | IoU: 0.3279 | Tversky: 0.4936 | Hausdorff: 210.4527 | HD95: 26.9171 | val_loss: 0.4426 | LR: 0.001000
2025-08-21 06:26:16 INFO Epoch 034 | Train Loss: 0.4524 | Val Loss: 0.4445 | Dice: 0.4871 | softDice: 0.4230 | clDice: 0.5360 | softclDice: 0.5048 | IoU: 0.3222 | Tversky: 0.4871 | Hausdorff: 221.1382 | HD95: 30.4480 | val_loss: 0.4445 | LR: 0.001000
2025-08-21 06:27:56 INFO Epoch 035 | Train Loss: 0.4511 | Val Loss: 0.4441 | Dice: 0.4900 | softDice: 0.4234 | clDice: 0.5408 | softclDice: 0.4984 | IoU: 0.3248 | Tversky: 0.4900 | Hausdorff: 200.5578 | HD95: 29.6260 | val_loss: 0.4441 | LR: 0.001000
2025-08-21 06:29:36 INFO Epoch 036 | Train Loss: 0.4496 | Val Loss: 0.4425 | Dice: 0.4905 | softDice: 0.4299 | clDice: 0.5445 | softclDice: 0.4951 | IoU: 0.3253 | Tversky: 0.4905 | Hausdorff: 218.9320 | HD95: 32.6774 | val_loss: 0.4425 | LR: 0.001000
2025-08-21 06:31:16 INFO Epoch 037 | Train Loss: 0.4501 | Val Loss: 0.4473 | Dice: 0.4852 | softDice: 0.4269 | clDice: 0.5328 | softclDice: 0.5028 | IoU: 0.3206 | Tversky: 0.4852 | Hausdorff: 229.8979 | HD95: 30.9159 | val_loss: 0.4473 | LR: 0.000500
2025-08-21 06:32:58 INFO Epoch 038 | Train Loss: 0.4501 | Val Loss: 0.4422 | Dice: 0.4907 | softDice: 0.4244 | clDice: 0.5420 | softclDice: 0.4981 | IoU: 0.3254 | Tversky: 0.4907 | Hausdorff: 207.8234 | HD95: 29.6254 | val_loss: 0.4422 | LR: 0.000500
2025-08-21 06:34:37 INFO Epoch 039 | Train Loss: 0.4475 | Val Loss: 0.4430 | Dice: 0.4914 | softDice: 0.4275 | clDice: 0.5486 | softclDice: 0.4915 | IoU: 0.3260 | Tversky: 0.4914 | Hausdorff: 224.9555 | HD95: 27.3147 | val_loss: 0.4430 | LR: 0.000500
2025-08-21 06:36:17 INFO Epoch 040 | Train Loss: 0.4439 | Val Loss: 0.4414 | Dice: 0.4927 | softDice: 0.4291 | clDice: 0.5480 | softclDice: 0.4924 | IoU: 0.3272 | Tversky: 0.4927 | Hausdorff: 207.0554 | HD95: 27.9642 | val_loss: 0.4414 | LR: 0.000500
2025-08-21 06:37:56 INFO Epoch 041 | Train Loss: 0.4447 | Val Loss: 0.4433 | Dice: 0.4912 | softDice: 0.4302 | clDice: 0.5452 | softclDice: 0.4914 | IoU: 0.3258 | Tversky: 0.4912 | Hausdorff: 197.7761 | HD95: 27.4553 | val_loss: 0.4433 | LR: 0.000500
2025-08-21 06:39:36 INFO Epoch 042 | Train Loss: 0.4441 | Val Loss: 0.4452 | Dice: 0.4879 | softDice: 0.4241 | clDice: 0.5410 | softclDice: 0.4987 | IoU: 0.3229 | Tversky: 0.4879 | Hausdorff: 205.5589 | HD95: 28.0474 | val_loss: 0.4452 | LR: 0.000500
2025-08-21 06:41:15 INFO Epoch 043 | Train Loss: 0.4448 | Val Loss: 0.4436 | Dice: 0.4899 | softDice: 0.4283 | clDice: 0.5444 | softclDice: 0.4927 | IoU: 0.3247 | Tversky: 0.4899 | Hausdorff: 230.5521 | HD95: 29.0501 | val_loss: 0.4436 | LR: 0.000250
2025-08-21 06:42:53 INFO Epoch 044 | Train Loss: 0.4422 | Val Loss: 0.4428 | Dice: 0.4918 | softDice: 0.4267 | clDice: 0.5450 | softclDice: 0.4942 | IoU: 0.3263 | Tversky: 0.4918 | Hausdorff: 218.6867 | HD95: 27.0684 | val_loss: 0.4428 | LR: 0.000250
2025-08-21 06:44:34 INFO Epoch 045 | Train Loss: 0.4386 | Val Loss: 0.4443 | Dice: 0.4887 | softDice: 0.4255 | clDice: 0.5402 | softclDice: 0.4976 | IoU: 0.3237 | Tversky: 0.4887 | Hausdorff: 224.9039 | HD95: 27.8991 | val_loss: 0.4443 | LR: 0.000250
2025-08-21 06:46:14 INFO Epoch 046 | Train Loss: 0.4356 | Val Loss: 0.4453 | Dice: 0.4880 | softDice: 0.4263 | clDice: 0.5398 | softclDice: 0.4984 | IoU: 0.3230 | Tversky: 0.4880 | Hausdorff: 223.1635 | HD95: 27.2733 | val_loss: 0.4453 | LR: 0.000250
2025-08-21 06:47:53 INFO Epoch 047 | Train Loss: 0.4419 | Val Loss: 0.4490 | Dice: 0.4820 | softDice: 0.4200 | clDice: 0.5299 | softclDice: 0.5087 | IoU: 0.3178 | Tversky: 0.4820 | Hausdorff: 212.0622 | HD95: 27.8241 | val_loss: 0.4490 | LR: 0.000250
2025-08-21 06:49:34 INFO Epoch 048 | Train Loss: 0.4393 | Val Loss: 0.4463 | Dice: 0.4859 | softDice: 0.4222 | clDice: 0.5354 | softclDice: 0.5043 | IoU: 0.3212 | Tversky: 0.4859 | Hausdorff: 201.7325 | HD95: 26.2455 | val_loss: 0.4463 | LR: 0.000250
2025-08-21 06:51:12 INFO Epoch 049 | Train Loss: 0.4363 | Val Loss: 0.4486 | Dice: 0.4812 | softDice: 0.4186 | clDice: 0.5294 | softclDice: 0.5082 | IoU: 0.3172 | Tversky: 0.4812 | Hausdorff: 221.6765 | HD95: 27.7989 | val_loss: 0.4486 | LR: 0.000125
2025-08-21 06:52:51 INFO Epoch 050 | Train Loss: 0.4348 | Val Loss: 0.4493 | Dice: 0.4812 | softDice: 0.4256 | clDice: 0.5270 | softclDice: 0.5064 | IoU: 0.3171 | Tversky: 0.4812 | Hausdorff: 219.0129 | HD95: 29.7490 | val_loss: 0.4493 | LR: 0.000125
2025-08-21 06:54:31 INFO Early stopping at epoch 51 | Best Dice: 0.4969 at epoch 1
2025-08-21 06:55:20 INFO Fold 4 results: Dice: 0.4936 | softDice: 0.4272 | clDice: 0.5504 | softclDice: 0.4901 | IoU: 0.3279 | Tversky: 0.4936 | Hausdorff: 210.4527 | HD95: 26.9171 | val_loss: 0.4426
2025-08-21 06:55:20 INFO ===== Fold 5 / 5 =====
2025-08-21 06:55:20 INFO Loading model unet with settings {'name': 'unet', 'encoder_name': 'se_resnext50_32x4d', 'encoder_weights': 'imagenet', 'classes': 1, 'activation': None, 'dropout': 0.2}
2025-08-21 06:57:01 INFO Epoch 001 | Train Loss: 0.7282 | Val Loss: 0.5446 | Dice: 0.4329 | softDice: 0.2401 | clDice: 0.4937 | softclDice: 0.7806 | IoU: 0.2765 | Tversky: 0.4329 | Hausdorff: 213.9082 | HD95: 58.3280 | val_loss: 0.5446 | LR: 0.001000
2025-08-21 06:58:41 INFO Epoch 002 | Train Loss: 0.5358 | Val Loss: 0.4806 | Dice: 0.4472 | softDice: 0.3374 | clDice: 0.5005 | softclDice: 0.6237 | IoU: 0.2883 | Tversky: 0.4472 | Hausdorff: 244.1359 | HD95: 46.8017 | val_loss: 0.4806 | LR: 0.001000
2025-08-21 07:00:21 INFO Epoch 003 | Train Loss: 0.4997 | Val Loss: 0.4530 | Dice: 0.4667 | softDice: 0.3772 | clDice: 0.5216 | softclDice: 0.5620 | IoU: 0.3047 | Tversky: 0.4667 | Hausdorff: 216.1023 | HD95: 52.0967 | val_loss: 0.4530 | LR: 0.001000
2025-08-21 07:02:01 INFO Epoch 004 | Train Loss: 0.4908 | Val Loss: 0.4522 | Dice: 0.4672 | softDice: 0.3811 | clDice: 0.5245 | softclDice: 0.5431 | IoU: 0.3051 | Tversky: 0.4672 | Hausdorff: 289.9313 | HD95: 41.9503 | val_loss: 0.4522 | LR: 0.001000
2025-08-21 07:03:42 INFO Epoch 005 | Train Loss: 0.4876 | Val Loss: 0.4470 | Dice: 0.4702 | softDice: 0.3945 | clDice: 0.5374 | softclDice: 0.5273 | IoU: 0.3077 | Tversky: 0.4702 | Hausdorff: 412.0490 | HD95: 43.1902 | val_loss: 0.4470 | LR: 0.001000
2025-08-21 07:05:21 INFO Epoch 006 | Train Loss: 0.4799 | Val Loss: 0.4462 | Dice: 0.4652 | softDice: 0.3931 | clDice: 0.5150 | softclDice: 0.5385 | IoU: 0.3034 | Tversky: 0.4652 | Hausdorff: 227.3060 | HD95: 47.3434 | val_loss: 0.4462 | LR: 0.001000
2025-08-21 07:07:01 INFO Epoch 007 | Train Loss: 0.4815 | Val Loss: 0.4414 | Dice: 0.4793 | softDice: 0.4039 | clDice: 0.5456 | softclDice: 0.5119 | IoU: 0.3156 | Tversky: 0.4793 | Hausdorff: 207.1971 | HD95: 39.4127 | val_loss: 0.4414 | LR: 0.001000
2025-08-21 07:08:41 INFO Epoch 008 | Train Loss: 0.4818 | Val Loss: 0.4384 | Dice: 0.4753 | softDice: 0.3958 | clDice: 0.5243 | softclDice: 0.5297 | IoU: 0.3121 | Tversky: 0.4753 | Hausdorff: 226.2960 | HD95: 40.4524 | val_loss: 0.4384 | LR: 0.001000
2025-08-21 07:10:20 INFO Epoch 009 | Train Loss: 0.4764 | Val Loss: 0.4368 | Dice: 0.4794 | softDice: 0.4050 | clDice: 0.5389 | softclDice: 0.5134 | IoU: 0.3156 | Tversky: 0.4794 | Hausdorff: 218.7028 | HD95: 36.5906 | val_loss: 0.4368 | LR: 0.001000
2025-08-21 07:12:00 INFO Epoch 010 | Train Loss: 0.4761 | Val Loss: 0.4377 | Dice: 0.4753 | softDice: 0.4035 | clDice: 0.5299 | softclDice: 0.5186 | IoU: 0.3121 | Tversky: 0.4753 | Hausdorff: 221.7502 | HD95: 39.0791 | val_loss: 0.4377 | LR: 0.001000
2025-08-21 07:13:40 INFO Epoch 011 | Train Loss: 0.4761 | Val Loss: 0.4428 | Dice: 0.4726 | softDice: 0.3965 | clDice: 0.5322 | softclDice: 0.5192 | IoU: 0.3098 | Tversky: 0.4726 | Hausdorff: 224.2134 | HD95: 37.3295 | val_loss: 0.4428 | LR: 0.001000
2025-08-21 07:15:21 INFO Epoch 012 | Train Loss: 0.4732 | Val Loss: 0.4408 | Dice: 0.4765 | softDice: 0.4054 | clDice: 0.5406 | softclDice: 0.5107 | IoU: 0.3131 | Tversky: 0.4765 | Hausdorff: 225.5295 | HD95: 32.3999 | val_loss: 0.4408 | LR: 0.001000
2025-08-21 07:17:02 INFO Epoch 013 | Train Loss: 0.4732 | Val Loss: 0.4395 | Dice: 0.4792 | softDice: 0.4035 | clDice: 0.5397 | softclDice: 0.5127 | IoU: 0.3155 | Tversky: 0.4792 | Hausdorff: 199.5516 | HD95: 37.1475 | val_loss: 0.4395 | LR: 0.001000
2025-08-21 07:18:40 INFO Epoch 014 | Train Loss: 0.4695 | Val Loss: 0.4368 | Dice: 0.4792 | softDice: 0.4058 | clDice: 0.5385 | softclDice: 0.5085 | IoU: 0.3155 | Tversky: 0.4792 | Hausdorff: 200.2239 | HD95: 33.4640 | val_loss: 0.4368 | LR: 0.001000
2025-08-21 07:20:22 INFO Epoch 015 | Train Loss: 0.4700 | Val Loss: 0.4407 | Dice: 0.4712 | softDice: 0.4074 | clDice: 0.5260 | softclDice: 0.5144 | IoU: 0.3086 | Tversky: 0.4712 | Hausdorff: 200.6286 | HD95: 41.1390 | val_loss: 0.4407 | LR: 0.000500
2025-08-21 07:22:01 INFO Epoch 016 | Train Loss: 0.4663 | Val Loss: 0.4291 | Dice: 0.4883 | softDice: 0.4180 | clDice: 0.5493 | softclDice: 0.4960 | IoU: 0.3234 | Tversky: 0.4883 | Hausdorff: 199.9152 | HD95: 34.5474 | val_loss: 0.4291 | LR: 0.000500
2025-08-21 07:23:43 INFO Epoch 017 | Train Loss: 0.4645 | Val Loss: 0.4273 | Dice: 0.4900 | softDice: 0.4227 | clDice: 0.5517 | softclDice: 0.4891 | IoU: 0.3249 | Tversky: 0.4900 | Hausdorff: 187.9685 | HD95: 31.6871 | val_loss: 0.4273 | LR: 0.000500
2025-08-21 07:25:23 INFO Epoch 018 | Train Loss: 0.4627 | Val Loss: 0.4308 | Dice: 0.4818 | softDice: 0.4126 | clDice: 0.5359 | softclDice: 0.5059 | IoU: 0.3177 | Tversky: 0.4818 | Hausdorff: 209.6132 | HD95: 36.1013 | val_loss: 0.4308 | LR: 0.000500
2025-08-21 07:27:01 INFO Epoch 019 | Train Loss: 0.4621 | Val Loss: 0.4298 | Dice: 0.4844 | softDice: 0.4184 | clDice: 0.5406 | softclDice: 0.4992 | IoU: 0.3200 | Tversky: 0.4844 | Hausdorff: 204.1940 | HD95: 35.2368 | val_loss: 0.4298 | LR: 0.000500
2025-08-21 07:28:40 INFO Epoch 020 | Train Loss: 0.4599 | Val Loss: 0.4293 | Dice: 0.4896 | softDice: 0.4188 | clDice: 0.5504 | softclDice: 0.4919 | IoU: 0.3246 | Tversky: 0.4896 | Hausdorff: 207.9297 | HD95: 34.5073 | val_loss: 0.4293 | LR: 0.000500
2025-08-21 07:30:20 INFO Epoch 021 | Train Loss: 0.4620 | Val Loss: 0.4304 | Dice: 0.4840 | softDice: 0.4188 | clDice: 0.5405 | softclDice: 0.5011 | IoU: 0.3196 | Tversky: 0.4840 | Hausdorff: 240.4181 | HD95: 40.8203 | val_loss: 0.4304 | LR: 0.000500
2025-08-21 07:31:59 INFO Epoch 022 | Train Loss: 0.4603 | Val Loss: 0.4316 | Dice: 0.4839 | softDice: 0.4162 | clDice: 0.5412 | softclDice: 0.5049 | IoU: 0.3196 | Tversky: 0.4839 | Hausdorff: 221.4222 | HD95: 38.9603 | val_loss: 0.4316 | LR: 0.000500
2025-08-21 07:33:40 INFO Epoch 023 | Train Loss: 0.4643 | Val Loss: 0.4323 | Dice: 0.4834 | softDice: 0.4122 | clDice: 0.5422 | softclDice: 0.5031 | IoU: 0.3191 | Tversky: 0.4834 | Hausdorff: 218.9157 | HD95: 31.7628 | val_loss: 0.4323 | LR: 0.000250
2025-08-21 07:35:19 INFO Epoch 024 | Train Loss: 0.4582 | Val Loss: 0.4267 | Dice: 0.4915 | softDice: 0.4229 | clDice: 0.5502 | softclDice: 0.4942 | IoU: 0.3262 | Tversky: 0.4915 | Hausdorff: 199.8301 | HD95: 34.7363 | val_loss: 0.4267 | LR: 0.000250
2025-08-21 07:36:59 INFO Epoch 025 | Train Loss: 0.4558 | Val Loss: 0.4262 | Dice: 0.4923 | softDice: 0.4236 | clDice: 0.5525 | softclDice: 0.4906 | IoU: 0.3269 | Tversky: 0.4923 | Hausdorff: 207.8498 | HD95: 33.1644 | val_loss: 0.4262 | LR: 0.000250
2025-08-21 07:38:38 INFO Epoch 026 | Train Loss: 0.4579 | Val Loss: 0.4262 | Dice: 0.4936 | softDice: 0.4251 | clDice: 0.5583 | softclDice: 0.4869 | IoU: 0.3280 | Tversky: 0.4936 | Hausdorff: 205.2341 | HD95: 31.3161 | val_loss: 0.4262 | LR: 0.000250
2025-08-21 07:40:19 INFO Epoch 027 | Train Loss: 0.4548 | Val Loss: 0.4264 | Dice: 0.4940 | softDice: 0.4252 | clDice: 0.5575 | softclDice: 0.4878 | IoU: 0.3284 | Tversky: 0.4940 | Hausdorff: 210.8201 | HD95: 31.5657 | val_loss: 0.4264 | LR: 0.000250
2025-08-21 07:41:58 INFO Epoch 028 | Train Loss: 0.4577 | Val Loss: 0.4273 | Dice: 0.4905 | softDice: 0.4208 | clDice: 0.5529 | softclDice: 0.4944 | IoU: 0.3254 | Tversky: 0.4905 | Hausdorff: 192.3415 | HD95: 30.8234 | val_loss: 0.4273 | LR: 0.000250
2025-08-21 07:43:38 INFO Epoch 029 | Train Loss: 0.4590 | Val Loss: 0.4282 | Dice: 0.4894 | softDice: 0.4232 | clDice: 0.5479 | softclDice: 0.4937 | IoU: 0.3244 | Tversky: 0.4894 | Hausdorff: 214.5269 | HD95: 33.1590 | val_loss: 0.4282 | LR: 0.000250
2025-08-21 07:45:18 INFO Epoch 030 | Train Loss: 0.4520 | Val Loss: 0.4265 | Dice: 0.4927 | softDice: 0.4263 | clDice: 0.5548 | softclDice: 0.4877 | IoU: 0.3273 | Tversky: 0.4927 | Hausdorff: 217.5439 | HD95: 32.4720 | val_loss: 0.4265 | LR: 0.000250
2025-08-21 07:46:58 INFO Epoch 031 | Train Loss: 0.4586 | Val Loss: 0.4284 | Dice: 0.4899 | softDice: 0.4191 | clDice: 0.5506 | softclDice: 0.4948 | IoU: 0.3248 | Tversky: 0.4899 | Hausdorff: 195.4875 | HD95: 33.3567 | val_loss: 0.4284 | LR: 0.000125
2025-08-21 07:48:37 INFO Epoch 032 | Train Loss: 0.4523 | Val Loss: 0.4265 | Dice: 0.4913 | softDice: 0.4282 | clDice: 0.5513 | softclDice: 0.4880 | IoU: 0.3261 | Tversky: 0.4913 | Hausdorff: 195.7943 | HD95: 32.6604 | val_loss: 0.4265 | LR: 0.000125
2025-08-21 07:50:16 INFO Epoch 033 | Train Loss: 0.4516 | Val Loss: 0.4291 | Dice: 0.4884 | softDice: 0.4255 | clDice: 0.5482 | softclDice: 0.4946 | IoU: 0.3235 | Tversky: 0.4884 | Hausdorff: 208.0671 | HD95: 30.2398 | val_loss: 0.4291 | LR: 0.000125
2025-08-21 07:51:55 INFO Epoch 034 | Train Loss: 0.4548 | Val Loss: 0.4289 | Dice: 0.4884 | softDice: 0.4222 | clDice: 0.5473 | softclDice: 0.4946 | IoU: 0.3235 | Tversky: 0.4884 | Hausdorff: 199.4392 | HD95: 31.6936 | val_loss: 0.4289 | LR: 0.000125
2025-08-21 07:53:35 INFO Epoch 035 | Train Loss: 0.4515 | Val Loss: 0.4276 | Dice: 0.4894 | softDice: 0.4225 | clDice: 0.5492 | softclDice: 0.4937 | IoU: 0.3243 | Tversky: 0.4894 | Hausdorff: 199.6144 | HD95: 31.5996 | val_loss: 0.4276 | LR: 0.000125
2025-08-21 07:55:14 INFO Epoch 036 | Train Loss: 0.4498 | Val Loss: 0.4306 | Dice: 0.4844 | softDice: 0.4213 | clDice: 0.5406 | softclDice: 0.5001 | IoU: 0.3200 | Tversky: 0.4844 | Hausdorff: 201.3107 | HD95: 31.2004 | val_loss: 0.4306 | LR: 0.000125
2025-08-21 07:56:53 INFO Epoch 037 | Train Loss: 0.4515 | Val Loss: 0.4281 | Dice: 0.4885 | softDice: 0.4241 | clDice: 0.5469 | softclDice: 0.4951 | IoU: 0.3236 | Tversky: 0.4885 | Hausdorff: 199.7592 | HD95: 35.8278 | val_loss: 0.4281 | LR: 0.000063
2025-08-21 07:58:33 INFO Epoch 038 | Train Loss: 0.4505 | Val Loss: 0.4283 | Dice: 0.4887 | softDice: 0.4260 | clDice: 0.5485 | softclDice: 0.4939 | IoU: 0.3237 | Tversky: 0.4887 | Hausdorff: 192.2027 | HD95: 31.5271 | val_loss: 0.4283 | LR: 0.000063
2025-08-21 08:00:12 INFO Epoch 039 | Train Loss: 0.4519 | Val Loss: 0.4286 | Dice: 0.4902 | softDice: 0.4259 | clDice: 0.5499 | softclDice: 0.4908 | IoU: 0.3250 | Tversky: 0.4902 | Hausdorff: 196.5365 | HD95: 30.6377 | val_loss: 0.4286 | LR: 0.000063
2025-08-21 08:01:52 INFO Epoch 040 | Train Loss: 0.4500 | Val Loss: 0.4285 | Dice: 0.4880 | softDice: 0.4258 | clDice: 0.5467 | softclDice: 0.4930 | IoU: 0.3231 | Tversky: 0.4880 | Hausdorff: 195.6542 | HD95: 31.3781 | val_loss: 0.4285 | LR: 0.000063
2025-08-21 08:03:32 INFO Epoch 041 | Train Loss: 0.4487 | Val Loss: 0.4291 | Dice: 0.4880 | softDice: 0.4258 | clDice: 0.5474 | softclDice: 0.4924 | IoU: 0.3231 | Tversky: 0.4880 | Hausdorff: 200.0432 | HD95: 31.6747 | val_loss: 0.4291 | LR: 0.000063
2025-08-21 08:05:11 INFO Epoch 042 | Train Loss: 0.4496 | Val Loss: 0.4283 | Dice: 0.4895 | softDice: 0.4255 | clDice: 0.5498 | softclDice: 0.4925 | IoU: 0.3245 | Tversky: 0.4895 | Hausdorff: 200.3829 | HD95: 32.4556 | val_loss: 0.4283 | LR: 0.000063
2025-08-21 08:06:51 INFO Epoch 043 | Train Loss: 0.4456 | Val Loss: 0.4285 | Dice: 0.4891 | softDice: 0.4269 | clDice: 0.5495 | softclDice: 0.4919 | IoU: 0.3241 | Tversky: 0.4891 | Hausdorff: 200.1991 | HD95: 33.0934 | val_loss: 0.4285 | LR: 0.000031
2025-08-21 08:08:30 INFO Epoch 044 | Train Loss: 0.4526 | Val Loss: 0.4281 | Dice: 0.4894 | softDice: 0.4257 | clDice: 0.5495 | softclDice: 0.4918 | IoU: 0.3243 | Tversky: 0.4894 | Hausdorff: 200.7014 | HD95: 32.3645 | val_loss: 0.4281 | LR: 0.000031
2025-08-21 08:10:11 INFO Early stopping at epoch 45 | Best Dice: 0.4940 at epoch 1
2025-08-21 08:10:58 INFO Fold 5 results: Dice: 0.4936 | softDice: 0.4251 | clDice: 0.5583 | softclDice: 0.4869 | IoU: 0.3280 | Tversky: 0.4936 | Hausdorff: 205.2341 | HD95: 31.3161 | val_loss: 0.4262
2025-08-21 08:10:58 INFO ===== Cross-validation results =====
2025-08-21 08:10:58 INFO Dice: 0.4939 | softDice: 0.4263 | clDice: 0.5530 | softclDice: 0.4910 | IoU: 0.3284 | Tversky: 0.4939 | Hausdorff: 237.0248 | HD95: 29.5011 | val_loss: 0.4331
