2025-08-21 01:07:45 INFO Starting training with configuration: {'model': {'name': 'unet', 'encoder_name': 'se_resnext50_32x4d', 'encoder_weights': 'imagenet', 'classes': 1, 'activation': None, 'dropout': 0.2}, 'dataset': {'root': '/data/smadper@alumno.upv.es/TFM/datasets/laticifers', 'patch_size': [512, 512], 'stride': [256, 256], 'num_patches': 50, 'num_workers': 4, 'feature_dirs': {'image': '/data/smadper@alumno.upv.es/TFM/datasets/laticifers/enhanced_images', 'mask': '/data/smadper@alumno.upv.es/TFM/datasets/laticifers/masks', 'distance': '/data/smadper@alumno.upv.es/TFM/datasets/laticifers/distance_maps_pt'}}, 'train': {'batch_size': 32, 'num_epochs': 70, 'learning_rate': 0.001, 'accumulation_steps': 1, 'save_dir': '/data/smadper@alumno.upv.es/TFM/checkpoints_cv2/unet/20250821_010745_unet_se_resnext50_32x4d_bce0.5_tversky1.0_a0.3_b0.7', 'log_interval': 1, 'patience': 20, 'mixed_precision': True, 'experiment_name': 'unet_se_resnext50_32x4d_bce0.5_tversky1.0_a0.3_b0.7', 'timestamp': '20250821_010745'}, 'test': {'batch_size': 1}, 'loss': {'name': 'bce', 'cldice_alpha': 0.2, 'tversky_alpha': 0.3, 'tversky_beta': 0.7, 'focal_tversky_gamma': 0.75, 'use_topographic': False, 'combine_with': 'tversky', 'weights': {'main': 0.5, 'combined': 1.0}, 'topo': {'alpha': 2.0, 'beta': 1.0}}}
2025-08-21 01:07:45 INFO Experiment name: unet_se_resnext50_32x4d_bce0.5_tversky1.0_a0.3_b0.7
2025-08-21 01:07:45 INFO ===== Fold 1 / 5 =====
2025-08-21 01:07:45 INFO Loading model unet with settings {'name': 'unet', 'encoder_name': 'se_resnext50_32x4d', 'encoder_weights': 'imagenet', 'classes': 1, 'activation': None, 'dropout': 0.2}
2025-08-21 01:09:27 INFO Epoch 001 | Train Loss: 0.9725 | Val Loss: 0.8004 | Dice: 0.4099 | softDice: 0.2497 | clDice: 0.4696 | softclDice: 0.7862 | IoU: 0.2578 | Tversky: 0.4099 | Hausdorff: 662.5204 | HD95: 98.6678 | val_loss: 0.8004 | LR: 0.001000
2025-08-21 01:11:09 INFO Epoch 002 | Train Loss: 0.6937 | Val Loss: 0.6799 | Dice: 0.4449 | softDice: 0.3597 | clDice: 0.4942 | softclDice: 0.6421 | IoU: 0.2863 | Tversky: 0.4449 | Hausdorff: 713.9176 | HD95: 67.4150 | val_loss: 0.6799 | LR: 0.001000
2025-08-21 01:12:51 INFO Epoch 003 | Train Loss: 0.6434 | Val Loss: 0.6107 | Dice: 0.4621 | softDice: 0.4057 | clDice: 0.5338 | softclDice: 0.5572 | IoU: 0.3007 | Tversky: 0.4621 | Hausdorff: 571.4692 | HD95: 50.4553 | val_loss: 0.6107 | LR: 0.001000
2025-08-21 01:14:38 INFO Epoch 004 | Train Loss: 0.6278 | Val Loss: 0.6073 | Dice: 0.4450 | softDice: 0.4080 | clDice: 0.5156 | softclDice: 0.5450 | IoU: 0.2863 | Tversky: 0.4450 | Hausdorff: 653.1453 | HD95: 64.5042 | val_loss: 0.6073 | LR: 0.001000
2025-08-21 01:16:29 INFO Epoch 005 | Train Loss: 0.6243 | Val Loss: 0.5840 | Dice: 0.4699 | softDice: 0.4336 | clDice: 0.5493 | softclDice: 0.5057 | IoU: 0.3073 | Tversky: 0.4699 | Hausdorff: 230.1109 | HD95: 42.9809 | val_loss: 0.5840 | LR: 0.001000
2025-08-21 01:18:10 INFO Epoch 006 | Train Loss: 0.6101 | Val Loss: 0.6013 | Dice: 0.4550 | softDice: 0.4154 | clDice: 0.5256 | softclDice: 0.5255 | IoU: 0.2947 | Tversky: 0.4550 | Hausdorff: 258.3207 | HD95: 47.4731 | val_loss: 0.6013 | LR: 0.001000
2025-08-21 01:19:56 INFO Epoch 007 | Train Loss: 0.6124 | Val Loss: 0.5877 | Dice: 0.4638 | softDice: 0.4291 | clDice: 0.5420 | softclDice: 0.5049 | IoU: 0.3021 | Tversky: 0.4638 | Hausdorff: 389.4344 | HD95: 43.3735 | val_loss: 0.5877 | LR: 0.001000
2025-08-21 01:21:44 INFO Epoch 008 | Train Loss: 0.6093 | Val Loss: 0.5844 | Dice: 0.4640 | softDice: 0.4325 | clDice: 0.5450 | softclDice: 0.4947 | IoU: 0.3022 | Tversky: 0.4640 | Hausdorff: 242.0077 | HD95: 46.9967 | val_loss: 0.5844 | LR: 0.001000
2025-08-21 01:23:24 INFO Epoch 009 | Train Loss: 0.6092 | Val Loss: 0.5774 | Dice: 0.4705 | softDice: 0.4367 | clDice: 0.5392 | softclDice: 0.5015 | IoU: 0.3078 | Tversky: 0.4705 | Hausdorff: 231.9863 | HD95: 42.3838 | val_loss: 0.5774 | LR: 0.001000
2025-08-21 01:25:07 INFO Epoch 010 | Train Loss: 0.5992 | Val Loss: 0.5846 | Dice: 0.4642 | softDice: 0.4305 | clDice: 0.5371 | softclDice: 0.5026 | IoU: 0.3025 | Tversky: 0.4642 | Hausdorff: 391.9011 | HD95: 45.7619 | val_loss: 0.5846 | LR: 0.001000
2025-08-21 01:26:49 INFO Epoch 011 | Train Loss: 0.6016 | Val Loss: 0.5715 | Dice: 0.4752 | softDice: 0.4473 | clDice: 0.5467 | softclDice: 0.4833 | IoU: 0.3118 | Tversky: 0.4752 | Hausdorff: 240.8015 | HD95: 43.6488 | val_loss: 0.5715 | LR: 0.001000
2025-08-21 01:28:30 INFO Epoch 012 | Train Loss: 0.5967 | Val Loss: 0.5766 | Dice: 0.4700 | softDice: 0.4361 | clDice: 0.5444 | softclDice: 0.4944 | IoU: 0.3073 | Tversky: 0.4700 | Hausdorff: 432.2281 | HD95: 46.5842 | val_loss: 0.5766 | LR: 0.001000
2025-08-21 01:30:19 INFO Epoch 013 | Train Loss: 0.6013 | Val Loss: 0.5830 | Dice: 0.4641 | softDice: 0.4324 | clDice: 0.5352 | softclDice: 0.5050 | IoU: 0.3025 | Tversky: 0.4641 | Hausdorff: 225.4963 | HD95: 41.6388 | val_loss: 0.5830 | LR: 0.001000
2025-08-21 01:31:59 INFO Epoch 014 | Train Loss: 0.5915 | Val Loss: 0.5777 | Dice: 0.4646 | softDice: 0.4352 | clDice: 0.5387 | softclDice: 0.4997 | IoU: 0.3028 | Tversky: 0.4646 | Hausdorff: 242.5070 | HD95: 40.9440 | val_loss: 0.5777 | LR: 0.001000
2025-08-21 01:33:46 INFO Epoch 015 | Train Loss: 0.5968 | Val Loss: 0.5778 | Dice: 0.4638 | softDice: 0.4321 | clDice: 0.5454 | softclDice: 0.5014 | IoU: 0.3020 | Tversky: 0.4638 | Hausdorff: 249.7970 | HD95: 43.8712 | val_loss: 0.5778 | LR: 0.001000
2025-08-21 01:35:40 INFO Epoch 016 | Train Loss: 0.5941 | Val Loss: 0.5745 | Dice: 0.4699 | softDice: 0.4411 | clDice: 0.5445 | softclDice: 0.4909 | IoU: 0.3073 | Tversky: 0.4699 | Hausdorff: 245.3303 | HD95: 41.4741 | val_loss: 0.5745 | LR: 0.001000
2025-08-21 01:37:21 INFO Epoch 017 | Train Loss: 0.5904 | Val Loss: 0.5659 | Dice: 0.4812 | softDice: 0.4502 | clDice: 0.5552 | softclDice: 0.4792 | IoU: 0.3170 | Tversky: 0.4812 | Hausdorff: 229.0673 | HD95: 34.9626 | val_loss: 0.5659 | LR: 0.001000
2025-08-21 01:39:08 INFO Epoch 018 | Train Loss: 0.5923 | Val Loss: 0.5717 | Dice: 0.4742 | softDice: 0.4478 | clDice: 0.5498 | softclDice: 0.4792 | IoU: 0.3109 | Tversky: 0.4742 | Hausdorff: 383.2278 | HD95: 37.1452 | val_loss: 0.5717 | LR: 0.001000
2025-08-21 01:40:49 INFO Epoch 019 | Train Loss: 0.5925 | Val Loss: 0.5674 | Dice: 0.4769 | softDice: 0.4455 | clDice: 0.5593 | softclDice: 0.4769 | IoU: 0.3133 | Tversky: 0.4769 | Hausdorff: 236.7744 | HD95: 39.8204 | val_loss: 0.5674 | LR: 0.001000
2025-08-21 01:42:37 INFO Epoch 020 | Train Loss: 0.5920 | Val Loss: 0.5731 | Dice: 0.4722 | softDice: 0.4484 | clDice: 0.5438 | softclDice: 0.4853 | IoU: 0.3092 | Tversky: 0.4722 | Hausdorff: 221.4023 | HD95: 37.7723 | val_loss: 0.5731 | LR: 0.001000
2025-08-21 01:44:23 INFO Epoch 021 | Train Loss: 0.5915 | Val Loss: 0.5844 | Dice: 0.4573 | softDice: 0.4296 | clDice: 0.5368 | softclDice: 0.4978 | IoU: 0.2966 | Tversky: 0.4573 | Hausdorff: 395.9681 | HD95: 47.8266 | val_loss: 0.5844 | LR: 0.001000
2025-08-21 01:46:06 INFO Epoch 022 | Train Loss: 0.5949 | Val Loss: 0.5703 | Dice: 0.4738 | softDice: 0.4477 | clDice: 0.5545 | softclDice: 0.4774 | IoU: 0.3106 | Tversky: 0.4738 | Hausdorff: 407.9303 | HD95: 39.0158 | val_loss: 0.5703 | LR: 0.001000
2025-08-21 01:47:53 INFO Epoch 023 | Train Loss: 0.5871 | Val Loss: 0.5711 | Dice: 0.4741 | softDice: 0.4425 | clDice: 0.5471 | softclDice: 0.4893 | IoU: 0.3109 | Tversky: 0.4741 | Hausdorff: 378.2745 | HD95: 37.5092 | val_loss: 0.5711 | LR: 0.000500
2025-08-21 01:49:34 INFO Epoch 024 | Train Loss: 0.5849 | Val Loss: 0.5625 | Dice: 0.4781 | softDice: 0.4481 | clDice: 0.5555 | softclDice: 0.4807 | IoU: 0.3143 | Tversky: 0.4781 | Hausdorff: 381.6910 | HD95: 37.7882 | val_loss: 0.5625 | LR: 0.000500
2025-08-21 01:51:14 INFO Epoch 025 | Train Loss: 0.5818 | Val Loss: 0.5641 | Dice: 0.4769 | softDice: 0.4468 | clDice: 0.5546 | softclDice: 0.4821 | IoU: 0.3133 | Tversky: 0.4769 | Hausdorff: 237.3602 | HD95: 37.6230 | val_loss: 0.5641 | LR: 0.000500
2025-08-21 01:52:55 INFO Epoch 026 | Train Loss: 0.5819 | Val Loss: 0.5628 | Dice: 0.4774 | softDice: 0.4481 | clDice: 0.5539 | softclDice: 0.4790 | IoU: 0.3137 | Tversky: 0.4774 | Hausdorff: 236.2301 | HD95: 38.8532 | val_loss: 0.5628 | LR: 0.000500
2025-08-21 01:54:36 INFO Epoch 027 | Train Loss: 0.5823 | Val Loss: 0.5566 | Dice: 0.4838 | softDice: 0.4546 | clDice: 0.5575 | softclDice: 0.4755 | IoU: 0.3193 | Tversky: 0.4838 | Hausdorff: 238.2103 | HD95: 33.2917 | val_loss: 0.5566 | LR: 0.000500
2025-08-21 01:56:23 INFO Epoch 028 | Train Loss: 0.5793 | Val Loss: 0.5574 | Dice: 0.4834 | softDice: 0.4552 | clDice: 0.5614 | softclDice: 0.4692 | IoU: 0.3189 | Tversky: 0.4834 | Hausdorff: 244.4338 | HD95: 34.1365 | val_loss: 0.5574 | LR: 0.000500
2025-08-21 01:58:06 INFO Epoch 029 | Train Loss: 0.5747 | Val Loss: 0.5609 | Dice: 0.4864 | softDice: 0.4589 | clDice: 0.5560 | softclDice: 0.4689 | IoU: 0.3215 | Tversky: 0.4864 | Hausdorff: 231.5862 | HD95: 35.0480 | val_loss: 0.5609 | LR: 0.000500
2025-08-21 01:59:45 INFO Epoch 030 | Train Loss: 0.5801 | Val Loss: 0.5559 | Dice: 0.4856 | softDice: 0.4591 | clDice: 0.5651 | softclDice: 0.4648 | IoU: 0.3210 | Tversky: 0.4856 | Hausdorff: 224.1322 | HD95: 33.6852 | val_loss: 0.5559 | LR: 0.000500
2025-08-21 02:01:25 INFO Epoch 031 | Train Loss: 0.5743 | Val Loss: 0.5555 | Dice: 0.4853 | softDice: 0.4557 | clDice: 0.5616 | softclDice: 0.4718 | IoU: 0.3206 | Tversky: 0.4853 | Hausdorff: 234.9306 | HD95: 34.3062 | val_loss: 0.5555 | LR: 0.000500
2025-08-21 02:03:02 INFO Epoch 032 | Train Loss: 0.5719 | Val Loss: 0.5581 | Dice: 0.4872 | softDice: 0.4622 | clDice: 0.5602 | softclDice: 0.4649 | IoU: 0.3223 | Tversky: 0.4872 | Hausdorff: 227.1301 | HD95: 35.9092 | val_loss: 0.5581 | LR: 0.000500
2025-08-21 02:04:47 INFO Epoch 033 | Train Loss: 0.5811 | Val Loss: 0.5584 | Dice: 0.4855 | softDice: 0.4542 | clDice: 0.5563 | softclDice: 0.4755 | IoU: 0.3208 | Tversky: 0.4855 | Hausdorff: 234.7236 | HD95: 33.5614 | val_loss: 0.5584 | LR: 0.000500
2025-08-21 02:06:26 INFO Epoch 034 | Train Loss: 0.5730 | Val Loss: 0.5567 | Dice: 0.4853 | softDice: 0.4559 | clDice: 0.5564 | softclDice: 0.4751 | IoU: 0.3206 | Tversky: 0.4853 | Hausdorff: 226.8294 | HD95: 34.3460 | val_loss: 0.5567 | LR: 0.000500
2025-08-21 02:08:06 INFO Epoch 035 | Train Loss: 0.5745 | Val Loss: 0.5548 | Dice: 0.4874 | softDice: 0.4604 | clDice: 0.5608 | softclDice: 0.4678 | IoU: 0.3225 | Tversky: 0.4874 | Hausdorff: 361.9676 | HD95: 32.5365 | val_loss: 0.5548 | LR: 0.000500
2025-08-21 02:09:45 INFO Epoch 036 | Train Loss: 0.5751 | Val Loss: 0.5606 | Dice: 0.4881 | softDice: 0.4595 | clDice: 0.5543 | softclDice: 0.4745 | IoU: 0.3231 | Tversky: 0.4881 | Hausdorff: 224.3964 | HD95: 33.3614 | val_loss: 0.5606 | LR: 0.000500
2025-08-21 02:11:24 INFO Epoch 037 | Train Loss: 0.5737 | Val Loss: 0.5561 | Dice: 0.4830 | softDice: 0.4542 | clDice: 0.5600 | softclDice: 0.4728 | IoU: 0.3186 | Tversky: 0.4830 | Hausdorff: 232.5405 | HD95: 32.5844 | val_loss: 0.5561 | LR: 0.000500
2025-08-21 02:13:04 INFO Epoch 038 | Train Loss: 0.5730 | Val Loss: 0.5577 | Dice: 0.4833 | softDice: 0.4549 | clDice: 0.5556 | softclDice: 0.4749 | IoU: 0.3188 | Tversky: 0.4833 | Hausdorff: 224.2357 | HD95: 33.2233 | val_loss: 0.5577 | LR: 0.000500
2025-08-21 02:14:44 INFO Epoch 039 | Train Loss: 0.5713 | Val Loss: 0.5597 | Dice: 0.4864 | softDice: 0.4583 | clDice: 0.5538 | softclDice: 0.4724 | IoU: 0.3216 | Tversky: 0.4864 | Hausdorff: 224.3406 | HD95: 34.9084 | val_loss: 0.5597 | LR: 0.000500
2025-08-21 02:16:28 INFO Epoch 040 | Train Loss: 0.5714 | Val Loss: 0.5623 | Dice: 0.4779 | softDice: 0.4513 | clDice: 0.5504 | softclDice: 0.4769 | IoU: 0.3143 | Tversky: 0.4779 | Hausdorff: 234.9609 | HD95: 33.3235 | val_loss: 0.5623 | LR: 0.000500
2025-08-21 02:18:11 INFO Epoch 041 | Train Loss: 0.5693 | Val Loss: 0.5625 | Dice: 0.4793 | softDice: 0.4490 | clDice: 0.5506 | softclDice: 0.4808 | IoU: 0.3154 | Tversky: 0.4793 | Hausdorff: 228.4672 | HD95: 34.4922 | val_loss: 0.5625 | LR: 0.000250
2025-08-21 02:19:55 INFO Epoch 042 | Train Loss: 0.5711 | Val Loss: 0.5514 | Dice: 0.4889 | softDice: 0.4599 | clDice: 0.5663 | softclDice: 0.4681 | IoU: 0.3238 | Tversky: 0.4889 | Hausdorff: 225.8093 | HD95: 30.6764 | val_loss: 0.5514 | LR: 0.000250
2025-08-21 02:21:43 INFO Epoch 043 | Train Loss: 0.5660 | Val Loss: 0.5484 | Dice: 0.4926 | softDice: 0.4654 | clDice: 0.5651 | softclDice: 0.4650 | IoU: 0.3270 | Tversky: 0.4926 | Hausdorff: 231.0904 | HD95: 30.7756 | val_loss: 0.5484 | LR: 0.000250
2025-08-21 02:23:20 INFO Epoch 044 | Train Loss: 0.5683 | Val Loss: 0.5527 | Dice: 0.4907 | softDice: 0.4624 | clDice: 0.5636 | softclDice: 0.4661 | IoU: 0.3254 | Tversky: 0.4907 | Hausdorff: 224.4481 | HD95: 31.5705 | val_loss: 0.5527 | LR: 0.000250
2025-08-21 02:25:05 INFO Epoch 045 | Train Loss: 0.5670 | Val Loss: 0.5547 | Dice: 0.4853 | softDice: 0.4577 | clDice: 0.5573 | softclDice: 0.4722 | IoU: 0.3206 | Tversky: 0.4853 | Hausdorff: 237.4140 | HD95: 33.2471 | val_loss: 0.5547 | LR: 0.000250
2025-08-21 02:26:46 INFO Epoch 046 | Train Loss: 0.5640 | Val Loss: 0.5566 | Dice: 0.4865 | softDice: 0.4566 | clDice: 0.5582 | softclDice: 0.4760 | IoU: 0.3217 | Tversky: 0.4865 | Hausdorff: 235.8399 | HD95: 33.8229 | val_loss: 0.5566 | LR: 0.000250
2025-08-21 02:28:24 INFO Epoch 047 | Train Loss: 0.5612 | Val Loss: 0.5570 | Dice: 0.4878 | softDice: 0.4606 | clDice: 0.5602 | softclDice: 0.4699 | IoU: 0.3229 | Tversky: 0.4878 | Hausdorff: 227.7757 | HD95: 31.1469 | val_loss: 0.5570 | LR: 0.000250
2025-08-21 02:30:03 INFO Epoch 048 | Train Loss: 0.5589 | Val Loss: 0.5529 | Dice: 0.4884 | softDice: 0.4606 | clDice: 0.5619 | softclDice: 0.4714 | IoU: 0.3234 | Tversky: 0.4884 | Hausdorff: 226.7396 | HD95: 31.4557 | val_loss: 0.5529 | LR: 0.000250
2025-08-21 02:31:42 INFO Epoch 049 | Train Loss: 0.5570 | Val Loss: 0.5582 | Dice: 0.4876 | softDice: 0.4576 | clDice: 0.5568 | softclDice: 0.4789 | IoU: 0.3227 | Tversky: 0.4876 | Hausdorff: 224.5213 | HD95: 31.8014 | val_loss: 0.5582 | LR: 0.000125
2025-08-21 02:33:22 INFO Epoch 050 | Train Loss: 0.5608 | Val Loss: 0.5559 | Dice: 0.4893 | softDice: 0.4617 | clDice: 0.5587 | softclDice: 0.4725 | IoU: 0.3242 | Tversky: 0.4893 | Hausdorff: 229.7397 | HD95: 31.2511 | val_loss: 0.5559 | LR: 0.000125
2025-08-21 02:35:01 INFO Epoch 051 | Train Loss: 0.5575 | Val Loss: 0.5567 | Dice: 0.4863 | softDice: 0.4584 | clDice: 0.5578 | softclDice: 0.4754 | IoU: 0.3216 | Tversky: 0.4863 | Hausdorff: 230.4655 | HD95: 30.6434 | val_loss: 0.5567 | LR: 0.000125
2025-08-21 02:36:40 INFO Epoch 052 | Train Loss: 0.5579 | Val Loss: 0.5577 | Dice: 0.4840 | softDice: 0.4545 | clDice: 0.5582 | softclDice: 0.4763 | IoU: 0.3196 | Tversky: 0.4840 | Hausdorff: 234.1223 | HD95: 29.5638 | val_loss: 0.5577 | LR: 0.000125
2025-08-21 02:38:19 INFO Epoch 053 | Train Loss: 0.5527 | Val Loss: 0.5520 | Dice: 0.4900 | softDice: 0.4642 | clDice: 0.5616 | softclDice: 0.4690 | IoU: 0.3248 | Tversky: 0.4900 | Hausdorff: 230.5249 | HD95: 29.3355 | val_loss: 0.5520 | LR: 0.000125
2025-08-21 02:40:00 INFO Epoch 054 | Train Loss: 0.5565 | Val Loss: 0.5556 | Dice: 0.4884 | softDice: 0.4596 | clDice: 0.5573 | softclDice: 0.4751 | IoU: 0.3234 | Tversky: 0.4884 | Hausdorff: 232.0293 | HD95: 29.5774 | val_loss: 0.5556 | LR: 0.000125
2025-08-21 02:41:40 INFO Epoch 055 | Train Loss: 0.5553 | Val Loss: 0.5550 | Dice: 0.4885 | softDice: 0.4616 | clDice: 0.5568 | softclDice: 0.4732 | IoU: 0.3235 | Tversky: 0.4885 | Hausdorff: 230.3750 | HD95: 28.8981 | val_loss: 0.5550 | LR: 0.000063
2025-08-21 02:43:19 INFO Epoch 056 | Train Loss: 0.5578 | Val Loss: 0.5542 | Dice: 0.4882 | softDice: 0.4612 | clDice: 0.5587 | softclDice: 0.4725 | IoU: 0.3232 | Tversky: 0.4882 | Hausdorff: 230.8174 | HD95: 30.1346 | val_loss: 0.5542 | LR: 0.000063
2025-08-21 02:44:59 INFO Epoch 057 | Train Loss: 0.5560 | Val Loss: 0.5563 | Dice: 0.4877 | softDice: 0.4602 | clDice: 0.5566 | softclDice: 0.4749 | IoU: 0.3229 | Tversky: 0.4877 | Hausdorff: 230.5971 | HD95: 29.2894 | val_loss: 0.5563 | LR: 0.000063
2025-08-21 02:46:40 INFO Epoch 058 | Train Loss: 0.5516 | Val Loss: 0.5565 | Dice: 0.4866 | softDice: 0.4598 | clDice: 0.5557 | softclDice: 0.4754 | IoU: 0.3218 | Tversky: 0.4866 | Hausdorff: 232.0495 | HD95: 29.7858 | val_loss: 0.5565 | LR: 0.000063
2025-08-21 02:48:20 INFO Epoch 059 | Train Loss: 0.5545 | Val Loss: 0.5566 | Dice: 0.4868 | softDice: 0.4595 | clDice: 0.5565 | softclDice: 0.4753 | IoU: 0.3220 | Tversky: 0.4868 | Hausdorff: 230.5325 | HD95: 30.0975 | val_loss: 0.5566 | LR: 0.000063
2025-08-21 02:49:59 INFO Epoch 060 | Train Loss: 0.5553 | Val Loss: 0.5571 | Dice: 0.4869 | softDice: 0.4599 | clDice: 0.5563 | softclDice: 0.4745 | IoU: 0.3222 | Tversky: 0.4869 | Hausdorff: 230.1642 | HD95: 29.4374 | val_loss: 0.5571 | LR: 0.000063
2025-08-21 02:51:37 INFO Epoch 061 | Train Loss: 0.5529 | Val Loss: 0.5547 | Dice: 0.4888 | softDice: 0.4623 | clDice: 0.5598 | softclDice: 0.4717 | IoU: 0.3238 | Tversky: 0.4888 | Hausdorff: 230.3166 | HD95: 28.9465 | val_loss: 0.5547 | LR: 0.000031
2025-08-21 02:53:24 INFO Early stopping at epoch 62 | Best Dice: 0.4926 at epoch 1
2025-08-21 02:54:14 INFO Fold 1 results: Dice: 0.4856 | softDice: 0.4591 | clDice: 0.5651 | softclDice: 0.4648 | IoU: 0.3210 | Tversky: 0.4856 | Hausdorff: 224.1322 | HD95: 33.6852 | val_loss: 0.5559
2025-08-21 02:54:14 INFO ===== Fold 2 / 5 =====
2025-08-21 02:54:14 INFO Loading model unet with settings {'name': 'unet', 'encoder_name': 'se_resnext50_32x4d', 'encoder_weights': 'imagenet', 'classes': 1, 'activation': None, 'dropout': 0.2}
2025-08-21 02:55:55 INFO Epoch 001 | Train Loss: 0.8856 | Val Loss: 0.7318 | Dice: 0.4297 | softDice: 0.3058 | clDice: 0.4866 | softclDice: 0.7151 | IoU: 0.2745 | Tversky: 0.4297 | Hausdorff: 302.8727 | HD95: 62.4633 | val_loss: 0.7318 | LR: 0.001000
2025-08-21 02:57:36 INFO Epoch 002 | Train Loss: 0.6704 | Val Loss: 0.6128 | Dice: 0.4627 | softDice: 0.4152 | clDice: 0.5351 | softclDice: 0.5422 | IoU: 0.3013 | Tversky: 0.4627 | Hausdorff: 278.2576 | HD95: 37.4066 | val_loss: 0.6128 | LR: 0.001000
2025-08-21 02:59:20 INFO Epoch 003 | Train Loss: 0.6305 | Val Loss: 0.6078 | Dice: 0.4576 | softDice: 0.4197 | clDice: 0.5249 | softclDice: 0.5274 | IoU: 0.2970 | Tversky: 0.4576 | Hausdorff: 283.3476 | HD95: 48.4397 | val_loss: 0.6078 | LR: 0.001000
2025-08-21 03:01:03 INFO Epoch 004 | Train Loss: 0.6192 | Val Loss: 0.5846 | Dice: 0.4689 | softDice: 0.4353 | clDice: 0.5489 | softclDice: 0.4994 | IoU: 0.3065 | Tversky: 0.4689 | Hausdorff: 298.8938 | HD95: 37.2760 | val_loss: 0.5846 | LR: 0.001000
2025-08-21 03:02:44 INFO Epoch 005 | Train Loss: 0.6148 | Val Loss: 0.5851 | Dice: 0.4705 | softDice: 0.4372 | clDice: 0.5390 | softclDice: 0.5003 | IoU: 0.3079 | Tversky: 0.4705 | Hausdorff: 338.1626 | HD95: 37.3313 | val_loss: 0.5851 | LR: 0.001000
2025-08-21 03:04:25 INFO Epoch 006 | Train Loss: 0.6100 | Val Loss: 0.5863 | Dice: 0.4730 | softDice: 0.4457 | clDice: 0.5471 | softclDice: 0.4829 | IoU: 0.3101 | Tversky: 0.4730 | Hausdorff: 328.1017 | HD95: 42.8799 | val_loss: 0.5863 | LR: 0.001000
2025-08-21 03:06:07 INFO Epoch 007 | Train Loss: 0.6094 | Val Loss: 0.5707 | Dice: 0.4805 | softDice: 0.4526 | clDice: 0.5549 | softclDice: 0.4736 | IoU: 0.3164 | Tversky: 0.4805 | Hausdorff: 290.6851 | HD95: 31.0607 | val_loss: 0.5707 | LR: 0.001000
2025-08-21 03:07:49 INFO Epoch 008 | Train Loss: 0.6030 | Val Loss: 0.5725 | Dice: 0.4795 | softDice: 0.4542 | clDice: 0.5549 | softclDice: 0.4705 | IoU: 0.3157 | Tversky: 0.4795 | Hausdorff: 295.2566 | HD95: 34.8670 | val_loss: 0.5725 | LR: 0.001000
2025-08-21 03:09:30 INFO Epoch 009 | Train Loss: 0.6057 | Val Loss: 0.5805 | Dice: 0.4718 | softDice: 0.4385 | clDice: 0.5479 | softclDice: 0.4855 | IoU: 0.3090 | Tversky: 0.4718 | Hausdorff: 311.5272 | HD95: 31.6624 | val_loss: 0.5805 | LR: 0.001000
2025-08-21 03:11:12 INFO Epoch 010 | Train Loss: 0.5920 | Val Loss: 0.5788 | Dice: 0.4774 | softDice: 0.4494 | clDice: 0.5499 | softclDice: 0.4821 | IoU: 0.3139 | Tversky: 0.4774 | Hausdorff: 295.1808 | HD95: 33.6587 | val_loss: 0.5788 | LR: 0.001000
2025-08-21 03:12:55 INFO Epoch 011 | Train Loss: 0.5979 | Val Loss: 0.5697 | Dice: 0.4796 | softDice: 0.4572 | clDice: 0.5608 | softclDice: 0.4634 | IoU: 0.3157 | Tversky: 0.4796 | Hausdorff: 309.1702 | HD95: 30.9532 | val_loss: 0.5697 | LR: 0.001000
2025-08-21 03:14:35 INFO Epoch 012 | Train Loss: 0.5946 | Val Loss: 0.5781 | Dice: 0.4775 | softDice: 0.4489 | clDice: 0.5428 | softclDice: 0.4821 | IoU: 0.3140 | Tversky: 0.4775 | Hausdorff: 293.1818 | HD95: 31.9215 | val_loss: 0.5781 | LR: 0.001000
2025-08-21 03:16:18 INFO Epoch 013 | Train Loss: 0.5956 | Val Loss: 0.5806 | Dice: 0.4758 | softDice: 0.4495 | clDice: 0.5434 | softclDice: 0.4823 | IoU: 0.3125 | Tversky: 0.4758 | Hausdorff: 303.3196 | HD95: 36.8095 | val_loss: 0.5806 | LR: 0.001000
2025-08-21 03:17:57 INFO Epoch 014 | Train Loss: 0.5927 | Val Loss: 0.5750 | Dice: 0.4782 | softDice: 0.4529 | clDice: 0.5497 | softclDice: 0.4738 | IoU: 0.3146 | Tversky: 0.4782 | Hausdorff: 299.6441 | HD95: 29.8113 | val_loss: 0.5750 | LR: 0.001000
2025-08-21 03:19:39 INFO Epoch 015 | Train Loss: 0.5921 | Val Loss: 0.5708 | Dice: 0.4781 | softDice: 0.4521 | clDice: 0.5528 | softclDice: 0.4709 | IoU: 0.3145 | Tversky: 0.4781 | Hausdorff: 296.1849 | HD95: 28.6134 | val_loss: 0.5708 | LR: 0.001000
2025-08-21 03:21:20 INFO Epoch 016 | Train Loss: 0.5896 | Val Loss: 0.5721 | Dice: 0.4793 | softDice: 0.4537 | clDice: 0.5499 | softclDice: 0.4719 | IoU: 0.3155 | Tversky: 0.4793 | Hausdorff: 311.8655 | HD95: 31.8049 | val_loss: 0.5721 | LR: 0.001000
2025-08-21 03:23:02 INFO Epoch 017 | Train Loss: 0.5900 | Val Loss: 0.5689 | Dice: 0.4778 | softDice: 0.4493 | clDice: 0.5536 | softclDice: 0.4737 | IoU: 0.3141 | Tversky: 0.4778 | Hausdorff: 300.1447 | HD95: 31.7658 | val_loss: 0.5689 | LR: 0.001000
2025-08-21 03:24:43 INFO Epoch 018 | Train Loss: 0.5867 | Val Loss: 0.5690 | Dice: 0.4836 | softDice: 0.4578 | clDice: 0.5544 | softclDice: 0.4704 | IoU: 0.3192 | Tversky: 0.4836 | Hausdorff: 297.6084 | HD95: 32.1619 | val_loss: 0.5690 | LR: 0.001000
2025-08-21 03:26:24 INFO Epoch 019 | Train Loss: 0.5904 | Val Loss: 0.5664 | Dice: 0.4833 | softDice: 0.4607 | clDice: 0.5617 | softclDice: 0.4594 | IoU: 0.3190 | Tversky: 0.4833 | Hausdorff: 273.2676 | HD95: 30.2896 | val_loss: 0.5664 | LR: 0.001000
2025-08-21 03:28:03 INFO Epoch 020 | Train Loss: 0.5844 | Val Loss: 0.5788 | Dice: 0.4797 | softDice: 0.4514 | clDice: 0.5439 | softclDice: 0.4839 | IoU: 0.3159 | Tversky: 0.4797 | Hausdorff: 292.5322 | HD95: 33.5164 | val_loss: 0.5788 | LR: 0.001000
2025-08-21 03:29:44 INFO Epoch 021 | Train Loss: 0.5809 | Val Loss: 0.5727 | Dice: 0.4785 | softDice: 0.4531 | clDice: 0.5482 | softclDice: 0.4792 | IoU: 0.3148 | Tversky: 0.4785 | Hausdorff: 298.9864 | HD95: 28.3575 | val_loss: 0.5727 | LR: 0.001000
2025-08-21 03:31:27 INFO Epoch 022 | Train Loss: 0.5846 | Val Loss: 0.5599 | Dice: 0.4849 | softDice: 0.4577 | clDice: 0.5645 | softclDice: 0.4616 | IoU: 0.3203 | Tversky: 0.4849 | Hausdorff: 266.8546 | HD95: 33.1597 | val_loss: 0.5599 | LR: 0.001000
2025-08-21 03:33:08 INFO Epoch 023 | Train Loss: 0.5876 | Val Loss: 0.5685 | Dice: 0.4821 | softDice: 0.4594 | clDice: 0.5572 | softclDice: 0.4638 | IoU: 0.3179 | Tversky: 0.4821 | Hausdorff: 302.2780 | HD95: 30.6851 | val_loss: 0.5685 | LR: 0.001000
2025-08-21 03:34:48 INFO Epoch 024 | Train Loss: 0.5819 | Val Loss: 0.5621 | Dice: 0.4846 | softDice: 0.4617 | clDice: 0.5588 | softclDice: 0.4582 | IoU: 0.3202 | Tversky: 0.4846 | Hausdorff: 301.3966 | HD95: 28.9180 | val_loss: 0.5621 | LR: 0.001000
2025-08-21 03:36:27 INFO Epoch 025 | Train Loss: 0.5803 | Val Loss: 0.5668 | Dice: 0.4826 | softDice: 0.4585 | clDice: 0.5574 | softclDice: 0.4635 | IoU: 0.3184 | Tversky: 0.4826 | Hausdorff: 288.1666 | HD95: 29.1518 | val_loss: 0.5668 | LR: 0.001000
2025-08-21 03:38:06 INFO Epoch 026 | Train Loss: 0.5825 | Val Loss: 0.5634 | Dice: 0.4906 | softDice: 0.4634 | clDice: 0.5597 | softclDice: 0.4628 | IoU: 0.3254 | Tversky: 0.4906 | Hausdorff: 301.4509 | HD95: 32.5723 | val_loss: 0.5634 | LR: 0.001000
2025-08-21 03:39:47 INFO Epoch 027 | Train Loss: 0.5784 | Val Loss: 0.5690 | Dice: 0.4814 | softDice: 0.4531 | clDice: 0.5507 | softclDice: 0.4746 | IoU: 0.3173 | Tversky: 0.4814 | Hausdorff: 307.4551 | HD95: 28.5906 | val_loss: 0.5690 | LR: 0.001000
2025-08-21 03:41:28 INFO Epoch 028 | Train Loss: 0.5825 | Val Loss: 0.5711 | Dice: 0.4814 | softDice: 0.4560 | clDice: 0.5481 | softclDice: 0.4713 | IoU: 0.3174 | Tversky: 0.4814 | Hausdorff: 289.1342 | HD95: 31.7515 | val_loss: 0.5711 | LR: 0.000500
2025-08-21 03:43:14 INFO Epoch 029 | Train Loss: 0.5745 | Val Loss: 0.5615 | Dice: 0.4861 | softDice: 0.4612 | clDice: 0.5605 | softclDice: 0.4582 | IoU: 0.3214 | Tversky: 0.4861 | Hausdorff: 285.4000 | HD95: 28.6355 | val_loss: 0.5615 | LR: 0.000500
2025-08-21 03:44:54 INFO Epoch 030 | Train Loss: 0.5743 | Val Loss: 0.5589 | Dice: 0.4899 | softDice: 0.4640 | clDice: 0.5601 | softclDice: 0.4619 | IoU: 0.3247 | Tversky: 0.4899 | Hausdorff: 272.0437 | HD95: 26.4827 | val_loss: 0.5589 | LR: 0.000500
2025-08-21 03:46:34 INFO Epoch 031 | Train Loss: 0.5703 | Val Loss: 0.5607 | Dice: 0.4859 | softDice: 0.4586 | clDice: 0.5564 | softclDice: 0.4658 | IoU: 0.3212 | Tversky: 0.4859 | Hausdorff: 276.6551 | HD95: 29.2588 | val_loss: 0.5607 | LR: 0.000500
2025-08-21 03:48:12 INFO Epoch 032 | Train Loss: 0.5730 | Val Loss: 0.5669 | Dice: 0.4823 | softDice: 0.4563 | clDice: 0.5507 | softclDice: 0.4716 | IoU: 0.3181 | Tversky: 0.4823 | Hausdorff: 274.9909 | HD95: 29.0423 | val_loss: 0.5669 | LR: 0.000500
2025-08-21 03:49:53 INFO Epoch 033 | Train Loss: 0.5675 | Val Loss: 0.5625 | Dice: 0.4850 | softDice: 0.4585 | clDice: 0.5559 | softclDice: 0.4692 | IoU: 0.3205 | Tversky: 0.4850 | Hausdorff: 274.7614 | HD95: 29.4726 | val_loss: 0.5625 | LR: 0.000500
2025-08-21 03:51:34 INFO Epoch 034 | Train Loss: 0.5625 | Val Loss: 0.5583 | Dice: 0.4898 | softDice: 0.4654 | clDice: 0.5602 | softclDice: 0.4596 | IoU: 0.3246 | Tversky: 0.4898 | Hausdorff: 300.3765 | HD95: 27.1660 | val_loss: 0.5583 | LR: 0.000500
2025-08-21 03:53:14 INFO Epoch 035 | Train Loss: 0.5694 | Val Loss: 0.5635 | Dice: 0.4829 | softDice: 0.4557 | clDice: 0.5577 | softclDice: 0.4677 | IoU: 0.3187 | Tversky: 0.4829 | Hausdorff: 302.8870 | HD95: 28.2695 | val_loss: 0.5635 | LR: 0.000500
2025-08-21 03:54:57 INFO Epoch 036 | Train Loss: 0.5639 | Val Loss: 0.5584 | Dice: 0.4915 | softDice: 0.4684 | clDice: 0.5589 | softclDice: 0.4576 | IoU: 0.3262 | Tversky: 0.4915 | Hausdorff: 277.1916 | HD95: 28.8403 | val_loss: 0.5584 | LR: 0.000500
2025-08-21 03:56:40 INFO Epoch 037 | Train Loss: 0.5691 | Val Loss: 0.5631 | Dice: 0.4881 | softDice: 0.4623 | clDice: 0.5605 | softclDice: 0.4584 | IoU: 0.3232 | Tversky: 0.4881 | Hausdorff: 299.1992 | HD95: 29.0071 | val_loss: 0.5631 | LR: 0.000500
2025-08-21 03:58:19 INFO Epoch 038 | Train Loss: 0.5701 | Val Loss: 0.5631 | Dice: 0.4895 | softDice: 0.4636 | clDice: 0.5559 | softclDice: 0.4666 | IoU: 0.3244 | Tversky: 0.4895 | Hausdorff: 297.5798 | HD95: 29.5282 | val_loss: 0.5631 | LR: 0.000500
2025-08-21 04:00:00 INFO Epoch 039 | Train Loss: 0.5625 | Val Loss: 0.5682 | Dice: 0.4783 | softDice: 0.4541 | clDice: 0.5656 | softclDice: 0.4579 | IoU: 0.3145 | Tversky: 0.4783 | Hausdorff: 302.3964 | HD95: 29.6799 | val_loss: 0.5682 | LR: 0.000500
2025-08-21 04:01:40 INFO Epoch 040 | Train Loss: 0.5658 | Val Loss: 0.5644 | Dice: 0.4852 | softDice: 0.4605 | clDice: 0.5550 | softclDice: 0.4646 | IoU: 0.3206 | Tversky: 0.4852 | Hausdorff: 301.3557 | HD95: 28.7065 | val_loss: 0.5644 | LR: 0.000250
2025-08-21 04:03:21 INFO Epoch 041 | Train Loss: 0.5616 | Val Loss: 0.5585 | Dice: 0.4898 | softDice: 0.4637 | clDice: 0.5588 | softclDice: 0.4592 | IoU: 0.3246 | Tversky: 0.4898 | Hausdorff: 299.3363 | HD95: 28.3430 | val_loss: 0.5585 | LR: 0.000250
2025-08-21 04:05:00 INFO Epoch 042 | Train Loss: 0.5630 | Val Loss: 0.5612 | Dice: 0.4861 | softDice: 0.4609 | clDice: 0.5600 | softclDice: 0.4609 | IoU: 0.3214 | Tversky: 0.4861 | Hausdorff: 298.8833 | HD95: 28.0505 | val_loss: 0.5612 | LR: 0.000250
2025-08-21 04:06:43 INFO Epoch 043 | Train Loss: 0.5582 | Val Loss: 0.5616 | Dice: 0.4882 | softDice: 0.4647 | clDice: 0.5560 | softclDice: 0.4617 | IoU: 0.3232 | Tversky: 0.4882 | Hausdorff: 299.8514 | HD95: 29.0836 | val_loss: 0.5616 | LR: 0.000250
2025-08-21 04:08:23 INFO Epoch 044 | Train Loss: 0.5535 | Val Loss: 0.5583 | Dice: 0.4901 | softDice: 0.4655 | clDice: 0.5594 | softclDice: 0.4611 | IoU: 0.3249 | Tversky: 0.4901 | Hausdorff: 293.3618 | HD95: 28.2239 | val_loss: 0.5583 | LR: 0.000250
2025-08-21 04:10:06 INFO Epoch 045 | Train Loss: 0.5541 | Val Loss: 0.5614 | Dice: 0.4900 | softDice: 0.4653 | clDice: 0.5588 | softclDice: 0.4609 | IoU: 0.3249 | Tversky: 0.4900 | Hausdorff: 280.1875 | HD95: 29.8396 | val_loss: 0.5614 | LR: 0.000250
2025-08-21 04:11:47 INFO Epoch 046 | Train Loss: 0.5572 | Val Loss: 0.5617 | Dice: 0.4895 | softDice: 0.4655 | clDice: 0.5534 | softclDice: 0.4649 | IoU: 0.3244 | Tversky: 0.4895 | Hausdorff: 294.2597 | HD95: 26.7489 | val_loss: 0.5617 | LR: 0.000125
2025-08-21 04:13:34 INFO Epoch 047 | Train Loss: 0.5511 | Val Loss: 0.5623 | Dice: 0.4888 | softDice: 0.4638 | clDice: 0.5529 | softclDice: 0.4663 | IoU: 0.3238 | Tversky: 0.4888 | Hausdorff: 293.3732 | HD95: 26.9137 | val_loss: 0.5623 | LR: 0.000125
2025-08-21 04:15:21 INFO Epoch 048 | Train Loss: 0.5504 | Val Loss: 0.5642 | Dice: 0.4866 | softDice: 0.4628 | clDice: 0.5514 | softclDice: 0.4680 | IoU: 0.3219 | Tversky: 0.4866 | Hausdorff: 296.4103 | HD95: 28.3282 | val_loss: 0.5642 | LR: 0.000125
2025-08-21 04:17:02 INFO Epoch 049 | Train Loss: 0.5490 | Val Loss: 0.5641 | Dice: 0.4869 | softDice: 0.4627 | clDice: 0.5527 | softclDice: 0.4664 | IoU: 0.3221 | Tversky: 0.4869 | Hausdorff: 298.1326 | HD95: 28.2176 | val_loss: 0.5641 | LR: 0.000125
2025-08-21 04:18:51 INFO Epoch 050 | Train Loss: 0.5486 | Val Loss: 0.5620 | Dice: 0.4904 | softDice: 0.4670 | clDice: 0.5541 | softclDice: 0.4650 | IoU: 0.3252 | Tversky: 0.4904 | Hausdorff: 293.8167 | HD95: 29.4797 | val_loss: 0.5620 | LR: 0.000125
2025-08-21 04:20:31 INFO Epoch 051 | Train Loss: 0.5508 | Val Loss: 0.5645 | Dice: 0.4863 | softDice: 0.4612 | clDice: 0.5510 | softclDice: 0.4686 | IoU: 0.3217 | Tversky: 0.4863 | Hausdorff: 302.2305 | HD95: 29.2953 | val_loss: 0.5645 | LR: 0.000125
2025-08-21 04:22:14 INFO Epoch 052 | Train Loss: 0.5517 | Val Loss: 0.5641 | Dice: 0.4885 | softDice: 0.4642 | clDice: 0.5516 | softclDice: 0.4670 | IoU: 0.3236 | Tversky: 0.4885 | Hausdorff: 295.4461 | HD95: 28.9235 | val_loss: 0.5641 | LR: 0.000063
2025-08-21 04:23:54 INFO Epoch 053 | Train Loss: 0.5467 | Val Loss: 0.5633 | Dice: 0.4882 | softDice: 0.4632 | clDice: 0.5551 | softclDice: 0.4662 | IoU: 0.3234 | Tversky: 0.4882 | Hausdorff: 291.5668 | HD95: 28.3113 | val_loss: 0.5633 | LR: 0.000063
2025-08-21 04:25:36 INFO Early stopping at epoch 54 | Best Dice: 0.4915 at epoch 1
2025-08-21 04:26:25 INFO Fold 2 results: Dice: 0.4915 | softDice: 0.4684 | clDice: 0.5589 | softclDice: 0.4576 | IoU: 0.3262 | Tversky: 0.4915 | Hausdorff: 277.1916 | HD95: 28.8403 | val_loss: 0.5584
2025-08-21 04:26:25 INFO ===== Fold 3 / 5 =====
2025-08-21 04:26:25 INFO Loading model unet with settings {'name': 'unet', 'encoder_name': 'se_resnext50_32x4d', 'encoder_weights': 'imagenet', 'classes': 1, 'activation': None, 'dropout': 0.2}
2025-08-21 04:28:06 INFO Epoch 001 | Train Loss: 0.8377 | Val Loss: 0.6791 | Dice: 0.4591 | softDice: 0.3454 | clDice: 0.5232 | softclDice: 0.6440 | IoU: 0.2984 | Tversky: 0.4591 | Hausdorff: 288.4405 | HD95: 44.4793 | val_loss: 0.6791 | LR: 0.001000
2025-08-21 04:29:48 INFO Epoch 002 | Train Loss: 0.6513 | Val Loss: 0.6119 | Dice: 0.4548 | softDice: 0.4129 | clDice: 0.5321 | softclDice: 0.5400 | IoU: 0.2948 | Tversky: 0.4548 | Hausdorff: 272.7988 | HD95: 48.4523 | val_loss: 0.6119 | LR: 0.001000
2025-08-21 04:31:29 INFO Epoch 003 | Train Loss: 0.6271 | Val Loss: 0.5905 | Dice: 0.4759 | softDice: 0.4400 | clDice: 0.5457 | softclDice: 0.4963 | IoU: 0.3130 | Tversky: 0.4759 | Hausdorff: 237.9333 | HD95: 39.1771 | val_loss: 0.5905 | LR: 0.001000
2025-08-21 04:33:09 INFO Epoch 004 | Train Loss: 0.6171 | Val Loss: 0.5812 | Dice: 0.4767 | softDice: 0.4401 | clDice: 0.5580 | softclDice: 0.4893 | IoU: 0.3135 | Tversky: 0.4767 | Hausdorff: 245.6608 | HD95: 37.3867 | val_loss: 0.5812 | LR: 0.001000
2025-08-21 04:34:50 INFO Epoch 005 | Train Loss: 0.6120 | Val Loss: 0.6034 | Dice: 0.4546 | softDice: 0.4234 | clDice: 0.5346 | softclDice: 0.5200 | IoU: 0.2949 | Tversky: 0.4546 | Hausdorff: 247.5075 | HD95: 48.3298 | val_loss: 0.6034 | LR: 0.001000
2025-08-21 04:36:30 INFO Epoch 006 | Train Loss: 0.6110 | Val Loss: 0.5719 | Dice: 0.4846 | softDice: 0.4578 | clDice: 0.5644 | softclDice: 0.4588 | IoU: 0.3205 | Tversky: 0.4846 | Hausdorff: 269.1374 | HD95: 36.7771 | val_loss: 0.5719 | LR: 0.001000
2025-08-21 04:38:09 INFO Epoch 007 | Train Loss: 0.6055 | Val Loss: 0.5955 | Dice: 0.4687 | softDice: 0.4421 | clDice: 0.5431 | softclDice: 0.4828 | IoU: 0.3069 | Tversky: 0.4687 | Hausdorff: 227.7500 | HD95: 45.4323 | val_loss: 0.5955 | LR: 0.001000
2025-08-21 04:39:48 INFO Epoch 008 | Train Loss: 0.6050 | Val Loss: 0.5766 | Dice: 0.4744 | softDice: 0.4384 | clDice: 0.5567 | softclDice: 0.4828 | IoU: 0.3115 | Tversky: 0.4744 | Hausdorff: 311.5424 | HD95: 36.1474 | val_loss: 0.5766 | LR: 0.001000
2025-08-21 04:41:28 INFO Epoch 009 | Train Loss: 0.5993 | Val Loss: 0.5797 | Dice: 0.4756 | softDice: 0.4421 | clDice: 0.5519 | softclDice: 0.4762 | IoU: 0.3126 | Tversky: 0.4756 | Hausdorff: 335.1792 | HD95: 35.9178 | val_loss: 0.5797 | LR: 0.001000
2025-08-21 04:43:07 INFO Epoch 010 | Train Loss: 0.6007 | Val Loss: 0.5693 | Dice: 0.4823 | softDice: 0.4526 | clDice: 0.5674 | softclDice: 0.4617 | IoU: 0.3184 | Tversky: 0.4823 | Hausdorff: 250.7784 | HD95: 34.5291 | val_loss: 0.5693 | LR: 0.001000
2025-08-21 04:44:47 INFO Epoch 011 | Train Loss: 0.5958 | Val Loss: 0.5600 | Dice: 0.4893 | softDice: 0.4622 | clDice: 0.5748 | softclDice: 0.4459 | IoU: 0.3244 | Tversky: 0.4893 | Hausdorff: 260.3063 | HD95: 31.8092 | val_loss: 0.5600 | LR: 0.001000
2025-08-21 04:46:27 INFO Epoch 012 | Train Loss: 0.5987 | Val Loss: 0.5694 | Dice: 0.4886 | softDice: 0.4609 | clDice: 0.5585 | softclDice: 0.4650 | IoU: 0.3239 | Tversky: 0.4886 | Hausdorff: 269.7178 | HD95: 37.5959 | val_loss: 0.5694 | LR: 0.001000
2025-08-21 04:48:07 INFO Epoch 013 | Train Loss: 0.5952 | Val Loss: 0.5674 | Dice: 0.4831 | softDice: 0.4587 | clDice: 0.5741 | softclDice: 0.4468 | IoU: 0.3191 | Tversky: 0.4831 | Hausdorff: 249.4531 | HD95: 36.9871 | val_loss: 0.5674 | LR: 0.001000
2025-08-21 04:49:46 INFO Epoch 014 | Train Loss: 0.5911 | Val Loss: 0.5681 | Dice: 0.4868 | softDice: 0.4605 | clDice: 0.5616 | softclDice: 0.4593 | IoU: 0.3224 | Tversky: 0.4868 | Hausdorff: 355.6181 | HD95: 36.2562 | val_loss: 0.5681 | LR: 0.001000
2025-08-21 04:51:26 INFO Epoch 015 | Train Loss: 0.5884 | Val Loss: 0.5721 | Dice: 0.4850 | softDice: 0.4562 | clDice: 0.5635 | softclDice: 0.4591 | IoU: 0.3208 | Tversky: 0.4850 | Hausdorff: 329.0893 | HD95: 35.1967 | val_loss: 0.5721 | LR: 0.001000
2025-08-21 04:53:06 INFO Epoch 016 | Train Loss: 0.5881 | Val Loss: 0.5804 | Dice: 0.4774 | softDice: 0.4481 | clDice: 0.5558 | softclDice: 0.4704 | IoU: 0.3143 | Tversky: 0.4774 | Hausdorff: 263.1351 | HD95: 42.8052 | val_loss: 0.5804 | LR: 0.001000
2025-08-21 04:54:47 INFO Epoch 017 | Train Loss: 0.5916 | Val Loss: 0.5874 | Dice: 0.4747 | softDice: 0.4505 | clDice: 0.5470 | softclDice: 0.4689 | IoU: 0.3121 | Tversky: 0.4747 | Hausdorff: 251.2507 | HD95: 41.0620 | val_loss: 0.5874 | LR: 0.000500
2025-08-21 04:56:30 INFO Epoch 018 | Train Loss: 0.5871 | Val Loss: 0.5591 | Dice: 0.4913 | softDice: 0.4649 | clDice: 0.5718 | softclDice: 0.4467 | IoU: 0.3264 | Tversky: 0.4913 | Hausdorff: 237.6206 | HD95: 31.5993 | val_loss: 0.5591 | LR: 0.000500
2025-08-21 04:58:10 INFO Epoch 019 | Train Loss: 0.5821 | Val Loss: 0.5589 | Dice: 0.4913 | softDice: 0.4649 | clDice: 0.5716 | softclDice: 0.4484 | IoU: 0.3263 | Tversky: 0.4913 | Hausdorff: 234.4010 | HD95: 33.2370 | val_loss: 0.5589 | LR: 0.000500
2025-08-21 04:59:51 INFO Epoch 020 | Train Loss: 0.5788 | Val Loss: 0.5622 | Dice: 0.4882 | softDice: 0.4625 | clDice: 0.5685 | softclDice: 0.4511 | IoU: 0.3236 | Tversky: 0.4882 | Hausdorff: 250.5824 | HD95: 32.8438 | val_loss: 0.5622 | LR: 0.000500
2025-08-21 05:01:31 INFO Epoch 021 | Train Loss: 0.5797 | Val Loss: 0.5578 | Dice: 0.4894 | softDice: 0.4631 | clDice: 0.5748 | softclDice: 0.4469 | IoU: 0.3245 | Tversky: 0.4894 | Hausdorff: 241.2851 | HD95: 30.7923 | val_loss: 0.5578 | LR: 0.000500
2025-08-21 05:03:10 INFO Epoch 022 | Train Loss: 0.5779 | Val Loss: 0.5685 | Dice: 0.4865 | softDice: 0.4606 | clDice: 0.5642 | softclDice: 0.4523 | IoU: 0.3222 | Tversky: 0.4865 | Hausdorff: 237.3914 | HD95: 34.0741 | val_loss: 0.5685 | LR: 0.000500
2025-08-21 05:04:51 INFO Epoch 023 | Train Loss: 0.5784 | Val Loss: 0.5709 | Dice: 0.4844 | softDice: 0.4580 | clDice: 0.5570 | softclDice: 0.4651 | IoU: 0.3204 | Tversky: 0.4844 | Hausdorff: 230.2118 | HD95: 32.3428 | val_loss: 0.5709 | LR: 0.000500
2025-08-21 05:06:31 INFO Epoch 024 | Train Loss: 0.5759 | Val Loss: 0.5540 | Dice: 0.4955 | softDice: 0.4702 | clDice: 0.5778 | softclDice: 0.4413 | IoU: 0.3300 | Tversky: 0.4955 | Hausdorff: 250.5147 | HD95: 31.3885 | val_loss: 0.5540 | LR: 0.000500
2025-08-21 05:08:12 INFO Epoch 025 | Train Loss: 0.5739 | Val Loss: 0.5540 | Dice: 0.4968 | softDice: 0.4714 | clDice: 0.5705 | softclDice: 0.4465 | IoU: 0.3311 | Tversky: 0.4968 | Hausdorff: 242.5588 | HD95: 30.2716 | val_loss: 0.5540 | LR: 0.000500
2025-08-21 05:09:53 INFO Epoch 026 | Train Loss: 0.5806 | Val Loss: 0.5637 | Dice: 0.4911 | softDice: 0.4648 | clDice: 0.5697 | softclDice: 0.4499 | IoU: 0.3262 | Tversky: 0.4911 | Hausdorff: 238.8381 | HD95: 33.7610 | val_loss: 0.5637 | LR: 0.000500
2025-08-21 05:11:32 INFO Epoch 027 | Train Loss: 0.5783 | Val Loss: 0.5598 | Dice: 0.4899 | softDice: 0.4632 | clDice: 0.5750 | softclDice: 0.4435 | IoU: 0.3251 | Tversky: 0.4899 | Hausdorff: 244.6188 | HD95: 31.4956 | val_loss: 0.5598 | LR: 0.000500
2025-08-21 05:13:17 INFO Epoch 028 | Train Loss: 0.5739 | Val Loss: 0.5633 | Dice: 0.4890 | softDice: 0.4637 | clDice: 0.5655 | softclDice: 0.4533 | IoU: 0.3243 | Tversky: 0.4890 | Hausdorff: 243.4568 | HD95: 30.2086 | val_loss: 0.5633 | LR: 0.000500
2025-08-21 05:14:56 INFO Epoch 029 | Train Loss: 0.5756 | Val Loss: 0.5631 | Dice: 0.4927 | softDice: 0.4658 | clDice: 0.5692 | softclDice: 0.4514 | IoU: 0.3276 | Tversky: 0.4927 | Hausdorff: 261.3685 | HD95: 33.0926 | val_loss: 0.5631 | LR: 0.000500
2025-08-21 05:16:38 INFO Epoch 030 | Train Loss: 0.5712 | Val Loss: 0.5571 | Dice: 0.4935 | softDice: 0.4654 | clDice: 0.5728 | softclDice: 0.4495 | IoU: 0.3283 | Tversky: 0.4935 | Hausdorff: 242.6657 | HD95: 30.1221 | val_loss: 0.5571 | LR: 0.000250
2025-08-21 05:18:17 INFO Epoch 031 | Train Loss: 0.5700 | Val Loss: 0.5636 | Dice: 0.4914 | softDice: 0.4638 | clDice: 0.5635 | softclDice: 0.4566 | IoU: 0.3265 | Tversky: 0.4914 | Hausdorff: 243.1592 | HD95: 29.2941 | val_loss: 0.5636 | LR: 0.000250
2025-08-21 05:19:58 INFO Epoch 032 | Train Loss: 0.5667 | Val Loss: 0.5519 | Dice: 0.4978 | softDice: 0.4713 | clDice: 0.5784 | softclDice: 0.4399 | IoU: 0.3320 | Tversky: 0.4978 | Hausdorff: 240.5532 | HD95: 29.2709 | val_loss: 0.5519 | LR: 0.000250
2025-08-21 05:21:38 INFO Epoch 033 | Train Loss: 0.5634 | Val Loss: 0.5568 | Dice: 0.4952 | softDice: 0.4702 | clDice: 0.5702 | softclDice: 0.4456 | IoU: 0.3297 | Tversky: 0.4952 | Hausdorff: 240.1735 | HD95: 28.8988 | val_loss: 0.5568 | LR: 0.000250
2025-08-21 05:23:19 INFO Epoch 034 | Train Loss: 0.5683 | Val Loss: 0.5501 | Dice: 0.4984 | softDice: 0.4713 | clDice: 0.5833 | softclDice: 0.4349 | IoU: 0.3325 | Tversky: 0.4984 | Hausdorff: 239.8635 | HD95: 28.6842 | val_loss: 0.5501 | LR: 0.000250
2025-08-21 05:24:58 INFO Epoch 035 | Train Loss: 0.5665 | Val Loss: 0.5614 | Dice: 0.4937 | softDice: 0.4684 | clDice: 0.5654 | softclDice: 0.4537 | IoU: 0.3285 | Tversky: 0.4937 | Hausdorff: 371.1922 | HD95: 31.0461 | val_loss: 0.5614 | LR: 0.000250
2025-08-21 05:26:37 INFO Epoch 036 | Train Loss: 0.5637 | Val Loss: 0.5538 | Dice: 0.4969 | softDice: 0.4707 | clDice: 0.5733 | softclDice: 0.4453 | IoU: 0.3313 | Tversky: 0.4969 | Hausdorff: 243.2671 | HD95: 28.8431 | val_loss: 0.5538 | LR: 0.000250
2025-08-21 05:28:18 INFO Epoch 037 | Train Loss: 0.5606 | Val Loss: 0.5580 | Dice: 0.4946 | softDice: 0.4687 | clDice: 0.5697 | softclDice: 0.4478 | IoU: 0.3292 | Tversky: 0.4946 | Hausdorff: 240.3086 | HD95: 28.8550 | val_loss: 0.5580 | LR: 0.000250
2025-08-21 05:30:00 INFO Epoch 038 | Train Loss: 0.5603 | Val Loss: 0.5586 | Dice: 0.4950 | softDice: 0.4692 | clDice: 0.5720 | softclDice: 0.4484 | IoU: 0.3296 | Tversky: 0.4950 | Hausdorff: 244.0809 | HD95: 29.6194 | val_loss: 0.5586 | LR: 0.000250
2025-08-21 05:31:41 INFO Epoch 039 | Train Loss: 0.5588 | Val Loss: 0.5623 | Dice: 0.4941 | softDice: 0.4682 | clDice: 0.5664 | softclDice: 0.4546 | IoU: 0.3289 | Tversky: 0.4941 | Hausdorff: 233.3441 | HD95: 28.3931 | val_loss: 0.5623 | LR: 0.000250
2025-08-21 05:33:21 INFO Epoch 040 | Train Loss: 0.5590 | Val Loss: 0.5553 | Dice: 0.4963 | softDice: 0.4699 | clDice: 0.5744 | softclDice: 0.4444 | IoU: 0.3307 | Tversky: 0.4963 | Hausdorff: 258.7350 | HD95: 29.0189 | val_loss: 0.5553 | LR: 0.000125
2025-08-21 05:35:00 INFO Epoch 041 | Train Loss: 0.5632 | Val Loss: 0.5618 | Dice: 0.4925 | softDice: 0.4680 | clDice: 0.5667 | softclDice: 0.4501 | IoU: 0.3273 | Tversky: 0.4925 | Hausdorff: 260.4978 | HD95: 29.6401 | val_loss: 0.5618 | LR: 0.000125
2025-08-21 05:36:40 INFO Epoch 042 | Train Loss: 0.5552 | Val Loss: 0.5582 | Dice: 0.4956 | softDice: 0.4702 | clDice: 0.5697 | softclDice: 0.4470 | IoU: 0.3301 | Tversky: 0.4956 | Hausdorff: 240.7632 | HD95: 29.0213 | val_loss: 0.5582 | LR: 0.000125
2025-08-21 05:38:20 INFO Epoch 043 | Train Loss: 0.5535 | Val Loss: 0.5622 | Dice: 0.4929 | softDice: 0.4673 | clDice: 0.5696 | softclDice: 0.4468 | IoU: 0.3277 | Tversky: 0.4929 | Hausdorff: 257.6483 | HD95: 30.0151 | val_loss: 0.5622 | LR: 0.000125
2025-08-21 05:40:00 INFO Epoch 044 | Train Loss: 0.5515 | Val Loss: 0.5641 | Dice: 0.4912 | softDice: 0.4677 | clDice: 0.5611 | softclDice: 0.4541 | IoU: 0.3263 | Tversky: 0.4912 | Hausdorff: 259.9145 | HD95: 27.8955 | val_loss: 0.5641 | LR: 0.000125
2025-08-21 05:41:40 INFO Epoch 045 | Train Loss: 0.5562 | Val Loss: 0.5599 | Dice: 0.4942 | softDice: 0.4693 | clDice: 0.5681 | softclDice: 0.4476 | IoU: 0.3289 | Tversky: 0.4942 | Hausdorff: 241.7934 | HD95: 28.8489 | val_loss: 0.5599 | LR: 0.000125
2025-08-21 05:43:20 INFO Epoch 046 | Train Loss: 0.5525 | Val Loss: 0.5595 | Dice: 0.4947 | softDice: 0.4704 | clDice: 0.5688 | softclDice: 0.4465 | IoU: 0.3293 | Tversky: 0.4947 | Hausdorff: 242.4990 | HD95: 27.8960 | val_loss: 0.5595 | LR: 0.000063
2025-08-21 05:44:59 INFO Epoch 047 | Train Loss: 0.5555 | Val Loss: 0.5587 | Dice: 0.4959 | softDice: 0.4704 | clDice: 0.5717 | softclDice: 0.4453 | IoU: 0.3304 | Tversky: 0.4959 | Hausdorff: 242.9128 | HD95: 28.2668 | val_loss: 0.5587 | LR: 0.000063
2025-08-21 05:46:41 INFO Epoch 048 | Train Loss: 0.5506 | Val Loss: 0.5608 | Dice: 0.4949 | softDice: 0.4703 | clDice: 0.5693 | softclDice: 0.4470 | IoU: 0.3295 | Tversky: 0.4949 | Hausdorff: 242.0218 | HD95: 27.4560 | val_loss: 0.5608 | LR: 0.000063
2025-08-21 05:48:22 INFO Epoch 049 | Train Loss: 0.5509 | Val Loss: 0.5607 | Dice: 0.4960 | softDice: 0.4710 | clDice: 0.5717 | softclDice: 0.4465 | IoU: 0.3305 | Tversky: 0.4960 | Hausdorff: 241.3241 | HD95: 27.9473 | val_loss: 0.5607 | LR: 0.000063
2025-08-21 05:50:02 INFO Epoch 050 | Train Loss: 0.5488 | Val Loss: 0.5612 | Dice: 0.4949 | softDice: 0.4696 | clDice: 0.5708 | softclDice: 0.4468 | IoU: 0.3295 | Tversky: 0.4949 | Hausdorff: 242.5624 | HD95: 27.9792 | val_loss: 0.5612 | LR: 0.000063
2025-08-21 05:51:42 INFO Epoch 051 | Train Loss: 0.5501 | Val Loss: 0.5651 | Dice: 0.4935 | softDice: 0.4687 | clDice: 0.5658 | softclDice: 0.4511 | IoU: 0.3283 | Tversky: 0.4935 | Hausdorff: 248.0130 | HD95: 28.0800 | val_loss: 0.5651 | LR: 0.000063
2025-08-21 05:53:23 INFO Epoch 052 | Train Loss: 0.5445 | Val Loss: 0.5591 | Dice: 0.4956 | softDice: 0.4713 | clDice: 0.5706 | softclDice: 0.4453 | IoU: 0.3301 | Tversky: 0.4956 | Hausdorff: 242.0257 | HD95: 28.4329 | val_loss: 0.5591 | LR: 0.000031
2025-08-21 05:55:05 INFO Epoch 053 | Train Loss: 0.5457 | Val Loss: 0.5619 | Dice: 0.4937 | softDice: 0.4695 | clDice: 0.5675 | softclDice: 0.4486 | IoU: 0.3284 | Tversky: 0.4937 | Hausdorff: 243.8119 | HD95: 27.8719 | val_loss: 0.5619 | LR: 0.000031
2025-08-21 05:56:45 INFO Early stopping at epoch 54 | Best Dice: 0.4984 at epoch 1
2025-08-21 05:57:36 INFO Fold 3 results: Dice: 0.4984 | softDice: 0.4713 | clDice: 0.5833 | softclDice: 0.4349 | IoU: 0.3325 | Tversky: 0.4984 | Hausdorff: 239.8635 | HD95: 28.6842 | val_loss: 0.5501
2025-08-21 05:57:36 INFO ===== Fold 4 / 5 =====
2025-08-21 05:57:36 INFO Loading model unet with settings {'name': 'unet', 'encoder_name': 'se_resnext50_32x4d', 'encoder_weights': 'imagenet', 'classes': 1, 'activation': None, 'dropout': 0.2}
2025-08-21 05:59:29 INFO Epoch 001 | Train Loss: 0.8352 | Val Loss: nan | Dice: 0.4229 | softDice: 0.3513 | clDice: 0.5024 | softclDice: 0.6724 | IoU: 0.2682 | Tversky: 0.4229 | Hausdorff: 449.6427 | HD95: 68.7690 | val_loss: nan | LR: 0.001000
2025-08-21 06:01:16 INFO Epoch 002 | Train Loss: 0.6598 | Val Loss: 0.6285 | Dice: 0.4528 | softDice: 0.4104 | clDice: 0.5197 | softclDice: 0.5505 | IoU: 0.2928 | Tversky: 0.4528 | Hausdorff: 253.8338 | HD95: 57.1313 | val_loss: 0.6285 | LR: 0.001000
2025-08-21 06:02:56 INFO Epoch 003 | Train Loss: 0.6346 | Val Loss: 0.5948 | Dice: 0.4773 | softDice: 0.4400 | clDice: 0.5432 | softclDice: 0.5059 | IoU: 0.3137 | Tversky: 0.4773 | Hausdorff: 281.4246 | HD95: 40.0833 | val_loss: 0.5948 | LR: 0.001000
2025-08-21 06:04:44 INFO Epoch 004 | Train Loss: 0.6241 | Val Loss: 0.5814 | Dice: 0.4799 | softDice: 0.4456 | clDice: 0.5547 | softclDice: 0.4862 | IoU: 0.3160 | Tversky: 0.4799 | Hausdorff: 233.4693 | HD95: 37.1348 | val_loss: 0.5814 | LR: 0.001000
2025-08-21 06:06:24 INFO Epoch 005 | Train Loss: 0.6092 | Val Loss: 0.5927 | Dice: 0.4669 | softDice: 0.4369 | clDice: 0.5418 | softclDice: 0.4990 | IoU: 0.3047 | Tversky: 0.4669 | Hausdorff: 255.1820 | HD95: 36.2066 | val_loss: 0.5927 | LR: 0.001000
2025-08-21 06:08:11 INFO Epoch 006 | Train Loss: 0.6116 | Val Loss: 0.5901 | Dice: 0.4743 | softDice: 0.4360 | clDice: 0.5504 | softclDice: 0.4926 | IoU: 0.3111 | Tversky: 0.4743 | Hausdorff: 285.2238 | HD95: 39.0662 | val_loss: 0.5901 | LR: 0.001000
2025-08-21 06:09:57 INFO Epoch 007 | Train Loss: 0.6070 | Val Loss: 0.5735 | Dice: 0.4853 | softDice: 0.4528 | clDice: 0.5608 | softclDice: 0.4685 | IoU: 0.3206 | Tversky: 0.4853 | Hausdorff: 212.7555 | HD95: 37.4032 | val_loss: 0.5735 | LR: 0.001000
2025-08-21 06:11:38 INFO Epoch 008 | Train Loss: 0.6020 | Val Loss: 0.5711 | Dice: 0.4821 | softDice: 0.4574 | clDice: 0.5657 | softclDice: 0.4632 | IoU: 0.3178 | Tversky: 0.4821 | Hausdorff: 224.9755 | HD95: 33.5835 | val_loss: 0.5711 | LR: 0.001000
2025-08-21 06:13:21 INFO Epoch 009 | Train Loss: 0.6060 | Val Loss: 0.5645 | Dice: 0.4876 | softDice: 0.4578 | clDice: 0.5670 | softclDice: 0.4604 | IoU: 0.3226 | Tversky: 0.4876 | Hausdorff: 225.0373 | HD95: 30.1694 | val_loss: 0.5645 | LR: 0.001000
2025-08-21 06:15:02 INFO Epoch 010 | Train Loss: 0.5990 | Val Loss: 0.5740 | Dice: 0.4841 | softDice: 0.4510 | clDice: 0.5537 | softclDice: 0.4701 | IoU: 0.3196 | Tversky: 0.4841 | Hausdorff: 233.9371 | HD95: 33.7514 | val_loss: 0.5740 | LR: 0.001000
2025-08-21 06:16:46 INFO Epoch 011 | Train Loss: 0.5954 | Val Loss: 0.5947 | Dice: 0.4611 | softDice: 0.4334 | clDice: 0.5367 | softclDice: 0.5017 | IoU: 0.2999 | Tversky: 0.4611 | Hausdorff: 223.2980 | HD95: 38.2243 | val_loss: 0.5947 | LR: 0.001000
2025-08-21 06:18:29 INFO Epoch 012 | Train Loss: 0.5972 | Val Loss: 0.5731 | Dice: 0.4780 | softDice: 0.4496 | clDice: 0.5550 | softclDice: 0.4745 | IoU: 0.3143 | Tversky: 0.4780 | Hausdorff: 274.3148 | HD95: 33.5190 | val_loss: 0.5731 | LR: 0.001000
2025-08-21 06:20:10 INFO Epoch 013 | Train Loss: 0.5952 | Val Loss: 0.5682 | Dice: 0.4868 | softDice: 0.4568 | clDice: 0.5618 | softclDice: 0.4634 | IoU: 0.3220 | Tversky: 0.4868 | Hausdorff: 230.5808 | HD95: 31.5098 | val_loss: 0.5682 | LR: 0.001000
2025-08-21 06:21:53 INFO Epoch 014 | Train Loss: 0.5938 | Val Loss: 0.5787 | Dice: 0.4747 | softDice: 0.4480 | clDice: 0.5563 | softclDice: 0.4702 | IoU: 0.3115 | Tversky: 0.4747 | Hausdorff: 249.3865 | HD95: 31.1584 | val_loss: 0.5787 | LR: 0.001000
2025-08-21 06:23:35 INFO Epoch 015 | Train Loss: 0.5949 | Val Loss: 0.5643 | Dice: 0.4851 | softDice: 0.4565 | clDice: 0.5651 | softclDice: 0.4622 | IoU: 0.3205 | Tversky: 0.4851 | Hausdorff: 239.5411 | HD95: 28.9548 | val_loss: 0.5643 | LR: 0.001000
2025-08-21 06:25:15 INFO Epoch 016 | Train Loss: 0.5860 | Val Loss: 0.5650 | Dice: 0.4916 | softDice: 0.4634 | clDice: 0.5609 | softclDice: 0.4566 | IoU: 0.3261 | Tversky: 0.4916 | Hausdorff: 233.1448 | HD95: 31.0972 | val_loss: 0.5650 | LR: 0.001000
2025-08-21 06:26:55 INFO Epoch 017 | Train Loss: 0.5913 | Val Loss: 0.5677 | Dice: 0.4869 | softDice: 0.4573 | clDice: 0.5623 | softclDice: 0.4605 | IoU: 0.3220 | Tversky: 0.4869 | Hausdorff: 223.1108 | HD95: 31.5980 | val_loss: 0.5677 | LR: 0.001000
2025-08-21 06:28:37 INFO Epoch 018 | Train Loss: 0.5884 | Val Loss: 0.5640 | Dice: 0.4895 | softDice: 0.4600 | clDice: 0.5644 | softclDice: 0.4572 | IoU: 0.3243 | Tversky: 0.4895 | Hausdorff: 225.6376 | HD95: 30.2575 | val_loss: 0.5640 | LR: 0.001000
2025-08-21 06:30:18 INFO Epoch 019 | Train Loss: 0.5889 | Val Loss: 0.5593 | Dice: 0.4928 | softDice: 0.4659 | clDice: 0.5693 | softclDice: 0.4533 | IoU: 0.3272 | Tversky: 0.4928 | Hausdorff: 228.0405 | HD95: 29.8651 | val_loss: 0.5593 | LR: 0.001000
2025-08-21 06:31:59 INFO Epoch 020 | Train Loss: 0.5871 | Val Loss: 0.5865 | Dice: 0.4702 | softDice: 0.4455 | clDice: 0.5387 | softclDice: 0.4857 | IoU: 0.3076 | Tversky: 0.4702 | Hausdorff: 229.7296 | HD95: 35.5129 | val_loss: 0.5865 | LR: 0.001000
2025-08-21 06:33:39 INFO Epoch 021 | Train Loss: 0.5816 | Val Loss: 0.5701 | Dice: 0.4906 | softDice: 0.4623 | clDice: 0.5571 | softclDice: 0.4636 | IoU: 0.3252 | Tversky: 0.4906 | Hausdorff: 226.6853 | HD95: 33.2073 | val_loss: 0.5701 | LR: 0.001000
2025-08-21 06:35:20 INFO Epoch 022 | Train Loss: 0.5829 | Val Loss: 0.5674 | Dice: 0.4897 | softDice: 0.4598 | clDice: 0.5637 | softclDice: 0.4570 | IoU: 0.3244 | Tversky: 0.4897 | Hausdorff: 229.5128 | HD95: 32.1013 | val_loss: 0.5674 | LR: 0.001000
2025-08-21 06:36:59 INFO Epoch 023 | Train Loss: 0.5872 | Val Loss: 0.5770 | Dice: 0.4837 | softDice: 0.4559 | clDice: 0.5451 | softclDice: 0.4788 | IoU: 0.3192 | Tversky: 0.4837 | Hausdorff: 299.2537 | HD95: 32.6531 | val_loss: 0.5770 | LR: 0.001000
2025-08-21 06:38:40 INFO Epoch 024 | Train Loss: 0.5818 | Val Loss: 0.5647 | Dice: 0.4884 | softDice: 0.4574 | clDice: 0.5699 | softclDice: 0.4554 | IoU: 0.3234 | Tversky: 0.4884 | Hausdorff: 229.4395 | HD95: 29.7582 | val_loss: 0.5647 | LR: 0.001000
2025-08-21 06:40:20 INFO Epoch 025 | Train Loss: 0.5811 | Val Loss: 0.5698 | Dice: 0.4882 | softDice: 0.4570 | clDice: 0.5546 | softclDice: 0.4739 | IoU: 0.3231 | Tversky: 0.4882 | Hausdorff: 231.6951 | HD95: 30.9387 | val_loss: 0.5698 | LR: 0.000500
2025-08-21 06:41:59 INFO Epoch 026 | Train Loss: 0.5777 | Val Loss: 0.5669 | Dice: 0.4854 | softDice: 0.4590 | clDice: 0.5573 | softclDice: 0.4654 | IoU: 0.3207 | Tversky: 0.4854 | Hausdorff: 222.3648 | HD95: 30.3669 | val_loss: 0.5669 | LR: 0.000500
2025-08-21 06:43:41 INFO Epoch 027 | Train Loss: 0.5764 | Val Loss: 0.5597 | Dice: 0.4934 | softDice: 0.4676 | clDice: 0.5683 | softclDice: 0.4490 | IoU: 0.3277 | Tversky: 0.4934 | Hausdorff: 205.4555 | HD95: 27.3596 | val_loss: 0.5597 | LR: 0.000500
2025-08-21 06:45:23 INFO Epoch 028 | Train Loss: 0.5739 | Val Loss: 0.5608 | Dice: 0.4915 | softDice: 0.4659 | clDice: 0.5695 | softclDice: 0.4489 | IoU: 0.3261 | Tversky: 0.4915 | Hausdorff: 227.7970 | HD95: 28.1571 | val_loss: 0.5608 | LR: 0.000500
2025-08-21 06:47:04 INFO Epoch 029 | Train Loss: 0.5727 | Val Loss: 0.5651 | Dice: 0.4880 | softDice: 0.4602 | clDice: 0.5635 | softclDice: 0.4566 | IoU: 0.3230 | Tversky: 0.4880 | Hausdorff: 227.7060 | HD95: 29.3659 | val_loss: 0.5651 | LR: 0.000500
2025-08-21 06:48:47 INFO Epoch 030 | Train Loss: 0.5699 | Val Loss: 0.5586 | Dice: 0.4922 | softDice: 0.4667 | clDice: 0.5666 | softclDice: 0.4497 | IoU: 0.3267 | Tversky: 0.4922 | Hausdorff: 219.6763 | HD95: 30.3180 | val_loss: 0.5586 | LR: 0.000500
2025-08-21 06:50:27 INFO Epoch 031 | Train Loss: 0.5677 | Val Loss: 0.5657 | Dice: 0.4872 | softDice: 0.4605 | clDice: 0.5603 | softclDice: 0.4619 | IoU: 0.3222 | Tversky: 0.4872 | Hausdorff: 244.7879 | HD95: 26.6567 | val_loss: 0.5657 | LR: 0.000500
2025-08-21 06:52:07 INFO Epoch 032 | Train Loss: 0.5743 | Val Loss: 0.5619 | Dice: 0.4897 | softDice: 0.4646 | clDice: 0.5663 | softclDice: 0.4514 | IoU: 0.3244 | Tversky: 0.4897 | Hausdorff: 230.8955 | HD95: 26.2197 | val_loss: 0.5619 | LR: 0.000500
2025-08-21 06:53:55 INFO Epoch 033 | Train Loss: 0.5690 | Val Loss: 0.5657 | Dice: 0.4872 | softDice: 0.4615 | clDice: 0.5611 | softclDice: 0.4561 | IoU: 0.3222 | Tversky: 0.4872 | Hausdorff: 230.0345 | HD95: 29.5496 | val_loss: 0.5657 | LR: 0.000500
2025-08-21 06:55:37 INFO Epoch 034 | Train Loss: 0.5679 | Val Loss: 0.5637 | Dice: 0.4909 | softDice: 0.4642 | clDice: 0.5613 | softclDice: 0.4566 | IoU: 0.3255 | Tversky: 0.4909 | Hausdorff: 218.6465 | HD95: 26.6343 | val_loss: 0.5637 | LR: 0.000500
2025-08-21 06:57:16 INFO Epoch 035 | Train Loss: 0.5702 | Val Loss: 0.5657 | Dice: 0.4906 | softDice: 0.4638 | clDice: 0.5591 | softclDice: 0.4592 | IoU: 0.3252 | Tversky: 0.4906 | Hausdorff: 220.7671 | HD95: 28.3333 | val_loss: 0.5657 | LR: 0.000500
2025-08-21 06:59:04 INFO Epoch 036 | Train Loss: 0.5709 | Val Loss: 0.5676 | Dice: 0.4870 | softDice: 0.4618 | clDice: 0.5592 | softclDice: 0.4623 | IoU: 0.3221 | Tversky: 0.4870 | Hausdorff: 222.2800 | HD95: 27.4487 | val_loss: 0.5676 | LR: 0.000250
2025-08-21 07:00:45 INFO Epoch 037 | Train Loss: 0.5632 | Val Loss: 0.5624 | Dice: 0.4898 | softDice: 0.4642 | clDice: 0.5622 | softclDice: 0.4568 | IoU: 0.3246 | Tversky: 0.4898 | Hausdorff: 219.8047 | HD95: 27.4931 | val_loss: 0.5624 | LR: 0.000250
2025-08-21 07:02:32 INFO Epoch 038 | Train Loss: 0.5613 | Val Loss: 0.5656 | Dice: 0.4888 | softDice: 0.4639 | clDice: 0.5591 | softclDice: 0.4592 | IoU: 0.3237 | Tversky: 0.4888 | Hausdorff: 225.2824 | HD95: 27.3453 | val_loss: 0.5656 | LR: 0.000250
2025-08-21 07:04:16 INFO Epoch 039 | Train Loss: 0.5606 | Val Loss: 0.5603 | Dice: 0.4931 | softDice: 0.4677 | clDice: 0.5655 | softclDice: 0.4517 | IoU: 0.3275 | Tversky: 0.4931 | Hausdorff: 228.3624 | HD95: 26.2772 | val_loss: 0.5603 | LR: 0.000250
2025-08-21 07:05:58 INFO Epoch 040 | Train Loss: 0.5581 | Val Loss: 0.5640 | Dice: 0.4873 | softDice: 0.4618 | clDice: 0.5618 | softclDice: 0.4565 | IoU: 0.3224 | Tversky: 0.4873 | Hausdorff: 225.3961 | HD95: 28.1636 | val_loss: 0.5640 | LR: 0.000250
2025-08-21 07:07:41 INFO Epoch 041 | Train Loss: 0.5600 | Val Loss: 0.5639 | Dice: 0.4901 | softDice: 0.4643 | clDice: 0.5607 | softclDice: 0.4586 | IoU: 0.3248 | Tversky: 0.4901 | Hausdorff: 225.9956 | HD95: 26.2687 | val_loss: 0.5639 | LR: 0.000250
2025-08-21 07:09:21 INFO Epoch 042 | Train Loss: 0.5574 | Val Loss: 0.5643 | Dice: 0.4893 | softDice: 0.4651 | clDice: 0.5613 | softclDice: 0.4557 | IoU: 0.3242 | Tversky: 0.4893 | Hausdorff: 208.0016 | HD95: 26.9469 | val_loss: 0.5643 | LR: 0.000125
2025-08-21 07:11:01 INFO Epoch 043 | Train Loss: 0.5591 | Val Loss: 0.5642 | Dice: 0.4892 | softDice: 0.4638 | clDice: 0.5581 | softclDice: 0.4613 | IoU: 0.3240 | Tversky: 0.4892 | Hausdorff: 209.2883 | HD95: 26.5196 | val_loss: 0.5642 | LR: 0.000125
2025-08-21 07:12:41 INFO Epoch 044 | Train Loss: 0.5559 | Val Loss: 0.5636 | Dice: 0.4914 | softDice: 0.4656 | clDice: 0.5592 | softclDice: 0.4590 | IoU: 0.3260 | Tversky: 0.4914 | Hausdorff: 205.4928 | HD95: 25.6893 | val_loss: 0.5636 | LR: 0.000125
2025-08-21 07:14:23 INFO Epoch 045 | Train Loss: 0.5541 | Val Loss: 0.5646 | Dice: 0.4898 | softDice: 0.4647 | clDice: 0.5577 | softclDice: 0.4601 | IoU: 0.3245 | Tversky: 0.4898 | Hausdorff: 202.7247 | HD95: 25.7733 | val_loss: 0.5646 | LR: 0.000125
2025-08-21 07:16:01 INFO Epoch 046 | Train Loss: 0.5537 | Val Loss: 0.5615 | Dice: 0.4923 | softDice: 0.4669 | clDice: 0.5610 | softclDice: 0.4564 | IoU: 0.3267 | Tversky: 0.4923 | Hausdorff: 206.0374 | HD95: 26.8634 | val_loss: 0.5615 | LR: 0.000125
2025-08-21 07:17:43 INFO Epoch 047 | Train Loss: 0.5535 | Val Loss: 0.5659 | Dice: 0.4868 | softDice: 0.4614 | clDice: 0.5576 | softclDice: 0.4617 | IoU: 0.3220 | Tversky: 0.4868 | Hausdorff: 208.6988 | HD95: 26.5528 | val_loss: 0.5659 | LR: 0.000125
2025-08-21 07:19:26 INFO Epoch 048 | Train Loss: 0.5530 | Val Loss: 0.5661 | Dice: 0.4882 | softDice: 0.4635 | clDice: 0.5542 | softclDice: 0.4634 | IoU: 0.3232 | Tversky: 0.4882 | Hausdorff: 207.0794 | HD95: 27.4385 | val_loss: 0.5661 | LR: 0.000063
2025-08-21 07:21:06 INFO Early stopping at epoch 49 | Best Dice: 0.4934 at epoch 1
2025-08-21 07:21:55 INFO Fold 4 results: Dice: 0.4915 | softDice: 0.4659 | clDice: 0.5695 | softclDice: 0.4489 | IoU: 0.3261 | Tversky: 0.4915 | Hausdorff: 227.7970 | HD95: 28.1571 | val_loss: 0.5608
2025-08-21 07:21:55 INFO ===== Fold 5 / 5 =====
2025-08-21 07:21:55 INFO Loading model unet with settings {'name': 'unet', 'encoder_name': 'se_resnext50_32x4d', 'encoder_weights': 'imagenet', 'classes': 1, 'activation': None, 'dropout': 0.2}
2025-08-21 07:23:36 INFO Epoch 001 | Train Loss: 0.9589 | Val Loss: 0.7861 | Dice: 0.3978 | softDice: 0.2720 | clDice: 0.4644 | softclDice: 0.7431 | IoU: 0.2491 | Tversky: 0.3978 | Hausdorff: 386.9913 | HD95: 110.1511 | val_loss: 0.7861 | LR: 0.001000
2025-08-21 07:25:17 INFO Epoch 002 | Train Loss: 0.6829 | Val Loss: 0.6421 | Dice: 0.4442 | softDice: 0.3799 | clDice: 0.5106 | softclDice: 0.5776 | IoU: 0.2857 | Tversky: 0.4442 | Hausdorff: 424.3382 | HD95: 59.1633 | val_loss: 0.6421 | LR: 0.001000
2025-08-21 07:27:01 INFO Epoch 003 | Train Loss: 0.6378 | Val Loss: 0.6038 | Dice: 0.4564 | softDice: 0.4140 | clDice: 0.5339 | softclDice: 0.5300 | IoU: 0.2959 | Tversky: 0.4564 | Hausdorff: 477.1795 | HD95: 49.1621 | val_loss: 0.6038 | LR: 0.001000
2025-08-21 07:28:43 INFO Epoch 004 | Train Loss: 0.6253 | Val Loss: 0.5881 | Dice: 0.4586 | softDice: 0.4260 | clDice: 0.5521 | softclDice: 0.4984 | IoU: 0.2979 | Tversky: 0.4586 | Hausdorff: 219.4300 | HD95: 48.1786 | val_loss: 0.5881 | LR: 0.001000
2025-08-21 07:30:27 INFO Epoch 005 | Train Loss: 0.6190 | Val Loss: 0.5762 | Dice: 0.4695 | softDice: 0.4397 | clDice: 0.5603 | softclDice: 0.4745 | IoU: 0.3070 | Tversky: 0.4695 | Hausdorff: 271.8378 | HD95: 39.5398 | val_loss: 0.5762 | LR: 0.001000
2025-08-21 07:32:12 INFO Epoch 006 | Train Loss: 0.6070 | Val Loss: 0.5788 | Dice: 0.4690 | softDice: 0.4325 | clDice: 0.5484 | softclDice: 0.4883 | IoU: 0.3066 | Tversky: 0.4690 | Hausdorff: 235.5089 | HD95: 40.2285 | val_loss: 0.5788 | LR: 0.001000
2025-08-21 07:33:53 INFO Epoch 007 | Train Loss: 0.6084 | Val Loss: 0.5796 | Dice: 0.4662 | softDice: 0.4340 | clDice: 0.5552 | softclDice: 0.4791 | IoU: 0.3042 | Tversky: 0.4662 | Hausdorff: 237.9444 | HD95: 42.1324 | val_loss: 0.5796 | LR: 0.001000
2025-08-21 07:35:38 INFO Epoch 008 | Train Loss: 0.6051 | Val Loss: 0.5852 | Dice: 0.4666 | softDice: 0.4350 | clDice: 0.5377 | softclDice: 0.4919 | IoU: 0.3046 | Tversky: 0.4666 | Hausdorff: 221.1579 | HD95: 45.4005 | val_loss: 0.5852 | LR: 0.001000
2025-08-21 07:37:20 INFO Epoch 009 | Train Loss: 0.6030 | Val Loss: 0.5725 | Dice: 0.4682 | softDice: 0.4374 | clDice: 0.5669 | softclDice: 0.4753 | IoU: 0.3059 | Tversky: 0.4682 | Hausdorff: 263.9087 | HD95: 41.7442 | val_loss: 0.5725 | LR: 0.001000
2025-08-21 07:39:09 INFO Epoch 010 | Train Loss: 0.6040 | Val Loss: 0.5665 | Dice: 0.4759 | softDice: 0.4500 | clDice: 0.5665 | softclDice: 0.4602 | IoU: 0.3126 | Tversky: 0.4759 | Hausdorff: 235.0872 | HD95: 35.3696 | val_loss: 0.5665 | LR: 0.001000
2025-08-21 07:40:55 INFO Epoch 011 | Train Loss: 0.5973 | Val Loss: 0.5650 | Dice: 0.4752 | softDice: 0.4495 | clDice: 0.5651 | softclDice: 0.4650 | IoU: 0.3120 | Tversky: 0.4752 | Hausdorff: 199.2093 | HD95: 34.2609 | val_loss: 0.5650 | LR: 0.001000
2025-08-21 07:42:35 INFO Epoch 012 | Train Loss: 0.5973 | Val Loss: 0.5616 | Dice: 0.4840 | softDice: 0.4548 | clDice: 0.5683 | softclDice: 0.4650 | IoU: 0.3195 | Tversky: 0.4840 | Hausdorff: 189.6497 | HD95: 39.8351 | val_loss: 0.5616 | LR: 0.001000
2025-08-21 07:44:20 INFO Epoch 013 | Train Loss: 0.5997 | Val Loss: 0.5810 | Dice: 0.4632 | softDice: 0.4284 | clDice: 0.5487 | softclDice: 0.4937 | IoU: 0.3017 | Tversky: 0.4632 | Hausdorff: 240.0998 | HD95: 40.0313 | val_loss: 0.5810 | LR: 0.001000
2025-08-21 07:46:00 INFO Epoch 014 | Train Loss: 0.5933 | Val Loss: 0.5664 | Dice: 0.4741 | softDice: 0.4480 | clDice: 0.5722 | softclDice: 0.4554 | IoU: 0.3109 | Tversky: 0.4741 | Hausdorff: 219.8878 | HD95: 34.1676 | val_loss: 0.5664 | LR: 0.001000
2025-08-21 07:47:41 INFO Epoch 015 | Train Loss: 0.5973 | Val Loss: 0.5743 | Dice: 0.4739 | softDice: 0.4418 | clDice: 0.5517 | softclDice: 0.4810 | IoU: 0.3108 | Tversky: 0.4739 | Hausdorff: 311.5576 | HD95: 39.9666 | val_loss: 0.5743 | LR: 0.001000
2025-08-21 07:49:24 INFO Epoch 016 | Train Loss: 0.5965 | Val Loss: 0.5597 | Dice: 0.4833 | softDice: 0.4510 | clDice: 0.5659 | softclDice: 0.4645 | IoU: 0.3189 | Tversky: 0.4833 | Hausdorff: 192.8673 | HD95: 34.9689 | val_loss: 0.5597 | LR: 0.001000
2025-08-21 07:51:04 INFO Epoch 017 | Train Loss: 0.5910 | Val Loss: 0.5668 | Dice: 0.4783 | softDice: 0.4491 | clDice: 0.5588 | softclDice: 0.4625 | IoU: 0.3146 | Tversky: 0.4783 | Hausdorff: 222.0642 | HD95: 35.9779 | val_loss: 0.5668 | LR: 0.001000
2025-08-21 07:52:47 INFO Epoch 018 | Train Loss: 0.5950 | Val Loss: 0.5649 | Dice: 0.4789 | softDice: 0.4476 | clDice: 0.5573 | softclDice: 0.4716 | IoU: 0.3151 | Tversky: 0.4789 | Hausdorff: 207.2238 | HD95: 38.1216 | val_loss: 0.5649 | LR: 0.001000
2025-08-21 07:54:27 INFO Epoch 019 | Train Loss: 0.5895 | Val Loss: 0.5614 | Dice: 0.4823 | softDice: 0.4525 | clDice: 0.5626 | softclDice: 0.4631 | IoU: 0.3180 | Tversky: 0.4823 | Hausdorff: 206.9235 | HD95: 34.4472 | val_loss: 0.5614 | LR: 0.001000
2025-08-21 07:56:06 INFO Epoch 020 | Train Loss: 0.5915 | Val Loss: 0.5690 | Dice: 0.4723 | softDice: 0.4429 | clDice: 0.5545 | softclDice: 0.4697 | IoU: 0.3094 | Tversky: 0.4723 | Hausdorff: 204.2536 | HD95: 38.5251 | val_loss: 0.5690 | LR: 0.001000
2025-08-21 07:57:45 INFO Epoch 021 | Train Loss: 0.5881 | Val Loss: 0.5610 | Dice: 0.4769 | softDice: 0.4503 | clDice: 0.5713 | softclDice: 0.4520 | IoU: 0.3134 | Tversky: 0.4769 | Hausdorff: 199.1924 | HD95: 33.5064 | val_loss: 0.5610 | LR: 0.001000
2025-08-21 07:59:25 INFO Epoch 022 | Train Loss: 0.5869 | Val Loss: 0.5604 | Dice: 0.4802 | softDice: 0.4516 | clDice: 0.5643 | softclDice: 0.4614 | IoU: 0.3163 | Tversky: 0.4802 | Hausdorff: 199.3180 | HD95: 32.4715 | val_loss: 0.5604 | LR: 0.000500
2025-08-21 08:01:05 INFO Epoch 023 | Train Loss: 0.5805 | Val Loss: 0.5561 | Dice: 0.4834 | softDice: 0.4538 | clDice: 0.5683 | softclDice: 0.4572 | IoU: 0.3190 | Tversky: 0.4834 | Hausdorff: 193.4671 | HD95: 33.8319 | val_loss: 0.5561 | LR: 0.000500
2025-08-21 08:02:46 INFO Epoch 024 | Train Loss: 0.5811 | Val Loss: 0.5545 | Dice: 0.4844 | softDice: 0.4572 | clDice: 0.5725 | softclDice: 0.4502 | IoU: 0.3199 | Tversky: 0.4844 | Hausdorff: 195.7750 | HD95: 33.7177 | val_loss: 0.5545 | LR: 0.000500
2025-08-21 08:04:25 INFO Epoch 025 | Train Loss: 0.5791 | Val Loss: 0.5529 | Dice: 0.4869 | softDice: 0.4591 | clDice: 0.5702 | softclDice: 0.4509 | IoU: 0.3221 | Tversky: 0.4869 | Hausdorff: 203.4170 | HD95: 32.7297 | val_loss: 0.5529 | LR: 0.000500
2025-08-21 08:06:05 INFO Epoch 026 | Train Loss: 0.5805 | Val Loss: 0.5550 | Dice: 0.4857 | softDice: 0.4558 | clDice: 0.5719 | softclDice: 0.4523 | IoU: 0.3210 | Tversky: 0.4857 | Hausdorff: 198.2886 | HD95: 30.4327 | val_loss: 0.5550 | LR: 0.000500
2025-08-21 08:07:45 INFO Epoch 027 | Train Loss: 0.5733 | Val Loss: 0.5573 | Dice: 0.4819 | softDice: 0.4554 | clDice: 0.5654 | softclDice: 0.4589 | IoU: 0.3177 | Tversky: 0.4819 | Hausdorff: 208.3224 | HD95: 30.4353 | val_loss: 0.5573 | LR: 0.000500
2025-08-21 08:09:25 INFO Epoch 028 | Train Loss: 0.5780 | Val Loss: 0.5530 | Dice: 0.4848 | softDice: 0.4584 | clDice: 0.5808 | softclDice: 0.4440 | IoU: 0.3202 | Tversky: 0.4848 | Hausdorff: 213.3388 | HD95: 31.2242 | val_loss: 0.5530 | LR: 0.000500
2025-08-21 08:11:04 INFO Epoch 029 | Train Loss: 0.5759 | Val Loss: 0.5575 | Dice: 0.4866 | softDice: 0.4619 | clDice: 0.5653 | softclDice: 0.4525 | IoU: 0.3218 | Tversky: 0.4866 | Hausdorff: 208.1258 | HD95: 32.9680 | val_loss: 0.5575 | LR: 0.000500
2025-08-21 08:12:47 INFO Epoch 030 | Train Loss: 0.5709 | Val Loss: 0.5538 | Dice: 0.4841 | softDice: 0.4591 | clDice: 0.5699 | softclDice: 0.4487 | IoU: 0.3196 | Tversky: 0.4841 | Hausdorff: 184.3864 | HD95: 33.4659 | val_loss: 0.5538 | LR: 0.000500
2025-08-21 08:14:28 INFO Epoch 031 | Train Loss: 0.5824 | Val Loss: 0.5631 | Dice: 0.4801 | softDice: 0.4522 | clDice: 0.5616 | softclDice: 0.4615 | IoU: 0.3162 | Tversky: 0.4801 | Hausdorff: 209.1293 | HD95: 33.5748 | val_loss: 0.5631 | LR: 0.000250
2025-08-21 08:16:08 INFO Epoch 032 | Train Loss: 0.5735 | Val Loss: 0.5526 | Dice: 0.4874 | softDice: 0.4604 | clDice: 0.5724 | softclDice: 0.4479 | IoU: 0.3225 | Tversky: 0.4874 | Hausdorff: 194.1950 | HD95: 33.8587 | val_loss: 0.5526 | LR: 0.000250
2025-08-21 08:17:50 INFO Epoch 033 | Train Loss: 0.5693 | Val Loss: 0.5521 | Dice: 0.4867 | softDice: 0.4591 | clDice: 0.5712 | softclDice: 0.4491 | IoU: 0.3219 | Tversky: 0.4867 | Hausdorff: 201.4516 | HD95: 33.5678 | val_loss: 0.5521 | LR: 0.000250
2025-08-21 08:19:36 INFO Epoch 034 | Train Loss: 0.5678 | Val Loss: 0.5515 | Dice: 0.4887 | softDice: 0.4624 | clDice: 0.5732 | softclDice: 0.4465 | IoU: 0.3236 | Tversky: 0.4887 | Hausdorff: 204.8918 | HD95: 31.6380 | val_loss: 0.5515 | LR: 0.000250
2025-08-21 08:21:19 INFO Epoch 035 | Train Loss: 0.5684 | Val Loss: 0.5565 | Dice: 0.4840 | softDice: 0.4589 | clDice: 0.5677 | softclDice: 0.4506 | IoU: 0.3195 | Tversky: 0.4840 | Hausdorff: 195.9042 | HD95: 34.1906 | val_loss: 0.5565 | LR: 0.000250
2025-08-21 08:22:58 INFO Epoch 036 | Train Loss: 0.5651 | Val Loss: 0.5549 | Dice: 0.4840 | softDice: 0.4574 | clDice: 0.5737 | softclDice: 0.4473 | IoU: 0.3195 | Tversky: 0.4840 | Hausdorff: 193.6667 | HD95: 32.6466 | val_loss: 0.5549 | LR: 0.000250
2025-08-21 08:24:38 INFO Epoch 037 | Train Loss: 0.5668 | Val Loss: 0.5517 | Dice: 0.4889 | softDice: 0.4648 | clDice: 0.5726 | softclDice: 0.4456 | IoU: 0.3239 | Tversky: 0.4889 | Hausdorff: 198.1038 | HD95: 30.4065 | val_loss: 0.5517 | LR: 0.000250
2025-08-21 08:26:20 INFO Epoch 038 | Train Loss: 0.5640 | Val Loss: 0.5539 | Dice: 0.4863 | softDice: 0.4609 | clDice: 0.5693 | softclDice: 0.4497 | IoU: 0.3216 | Tversky: 0.4863 | Hausdorff: 199.1842 | HD95: 30.7070 | val_loss: 0.5539 | LR: 0.000250
2025-08-21 08:28:00 INFO Epoch 039 | Train Loss: 0.5618 | Val Loss: 0.5490 | Dice: 0.4909 | softDice: 0.4647 | clDice: 0.5729 | softclDice: 0.4484 | IoU: 0.3255 | Tversky: 0.4909 | Hausdorff: 197.6376 | HD95: 30.2901 | val_loss: 0.5490 | LR: 0.000250
2025-08-21 08:29:44 INFO Epoch 040 | Train Loss: 0.5710 | Val Loss: 0.5536 | Dice: 0.4878 | softDice: 0.4617 | clDice: 0.5663 | softclDice: 0.4529 | IoU: 0.3228 | Tversky: 0.4878 | Hausdorff: 195.4863 | HD95: 35.0952 | val_loss: 0.5536 | LR: 0.000250
2025-08-21 08:31:22 INFO Epoch 041 | Train Loss: 0.5645 | Val Loss: 0.5522 | Dice: 0.4869 | softDice: 0.4614 | clDice: 0.5720 | softclDice: 0.4454 | IoU: 0.3220 | Tversky: 0.4869 | Hausdorff: 195.1056 | HD95: 32.0273 | val_loss: 0.5522 | LR: 0.000250
2025-08-21 08:33:03 INFO Epoch 042 | Train Loss: 0.5648 | Val Loss: 0.5570 | Dice: 0.4844 | softDice: 0.4603 | clDice: 0.5662 | softclDice: 0.4510 | IoU: 0.3199 | Tversky: 0.4844 | Hausdorff: 194.1725 | HD95: 34.4330 | val_loss: 0.5570 | LR: 0.000250
2025-08-21 08:34:41 INFO Epoch 043 | Train Loss: 0.5587 | Val Loss: 0.5576 | Dice: 0.4828 | softDice: 0.4573 | clDice: 0.5623 | softclDice: 0.4580 | IoU: 0.3185 | Tversky: 0.4828 | Hausdorff: 199.7364 | HD95: 33.4591 | val_loss: 0.5576 | LR: 0.000250
2025-08-21 08:36:22 INFO Epoch 044 | Train Loss: 0.5626 | Val Loss: 0.5539 | Dice: 0.4849 | softDice: 0.4618 | clDice: 0.5718 | softclDice: 0.4470 | IoU: 0.3203 | Tversky: 0.4849 | Hausdorff: 197.3978 | HD95: 30.6135 | val_loss: 0.5539 | LR: 0.000250
2025-08-21 08:38:00 INFO Epoch 045 | Train Loss: 0.5633 | Val Loss: 0.5574 | Dice: 0.4836 | softDice: 0.4577 | clDice: 0.5640 | softclDice: 0.4554 | IoU: 0.3191 | Tversky: 0.4836 | Hausdorff: 192.8061 | HD95: 31.2620 | val_loss: 0.5574 | LR: 0.000125
2025-08-21 08:39:39 INFO Epoch 046 | Train Loss: 0.5603 | Val Loss: 0.5537 | Dice: 0.4865 | softDice: 0.4623 | clDice: 0.5703 | softclDice: 0.4466 | IoU: 0.3217 | Tversky: 0.4865 | Hausdorff: 188.8663 | HD95: 30.8783 | val_loss: 0.5537 | LR: 0.000125
2025-08-21 08:41:16 INFO Epoch 047 | Train Loss: 0.5604 | Val Loss: 0.5511 | Dice: 0.4884 | softDice: 0.4642 | clDice: 0.5728 | softclDice: 0.4441 | IoU: 0.3234 | Tversky: 0.4884 | Hausdorff: 198.8882 | HD95: 29.6444 | val_loss: 0.5511 | LR: 0.000125
2025-08-21 08:42:52 INFO Epoch 048 | Train Loss: 0.5609 | Val Loss: 0.5525 | Dice: 0.4875 | softDice: 0.4631 | clDice: 0.5690 | softclDice: 0.4484 | IoU: 0.3226 | Tversky: 0.4875 | Hausdorff: 192.3612 | HD95: 28.9735 | val_loss: 0.5525 | LR: 0.000125
2025-08-21 08:44:29 INFO Epoch 049 | Train Loss: 0.5577 | Val Loss: 0.5521 | Dice: 0.4886 | softDice: 0.4632 | clDice: 0.5694 | softclDice: 0.4482 | IoU: 0.3235 | Tversky: 0.4886 | Hausdorff: 196.5853 | HD95: 30.9489 | val_loss: 0.5521 | LR: 0.000125
2025-08-21 08:46:06 INFO Epoch 050 | Train Loss: 0.5621 | Val Loss: 0.5530 | Dice: 0.4874 | softDice: 0.4611 | clDice: 0.5700 | softclDice: 0.4486 | IoU: 0.3225 | Tversky: 0.4874 | Hausdorff: 194.3041 | HD95: 32.3846 | val_loss: 0.5530 | LR: 0.000125
2025-08-21 08:47:44 INFO Epoch 051 | Train Loss: 0.5595 | Val Loss: 0.5515 | Dice: 0.4895 | softDice: 0.4643 | clDice: 0.5714 | softclDice: 0.4465 | IoU: 0.3243 | Tversky: 0.4895 | Hausdorff: 197.7855 | HD95: 32.0202 | val_loss: 0.5515 | LR: 0.000063
2025-08-21 08:49:21 INFO Epoch 052 | Train Loss: 0.5544 | Val Loss: 0.5525 | Dice: 0.4884 | softDice: 0.4633 | clDice: 0.5687 | softclDice: 0.4496 | IoU: 0.3233 | Tversky: 0.4884 | Hausdorff: 206.9719 | HD95: 30.2636 | val_loss: 0.5525 | LR: 0.000063
2025-08-21 08:50:57 INFO Epoch 053 | Train Loss: 0.5507 | Val Loss: 0.5532 | Dice: 0.4892 | softDice: 0.4653 | clDice: 0.5659 | softclDice: 0.4506 | IoU: 0.3241 | Tversky: 0.4892 | Hausdorff: 199.3711 | HD95: 30.7068 | val_loss: 0.5532 | LR: 0.000063
2025-08-21 08:52:35 INFO Epoch 054 | Train Loss: 0.5536 | Val Loss: 0.5550 | Dice: 0.4857 | softDice: 0.4613 | clDice: 0.5691 | softclDice: 0.4502 | IoU: 0.3210 | Tversky: 0.4857 | Hausdorff: 198.4271 | HD95: 30.0503 | val_loss: 0.5550 | LR: 0.000063
2025-08-21 08:54:12 INFO Epoch 055 | Train Loss: 0.5531 | Val Loss: 0.5531 | Dice: 0.4885 | softDice: 0.4640 | clDice: 0.5694 | softclDice: 0.4492 | IoU: 0.3234 | Tversky: 0.4885 | Hausdorff: 200.0017 | HD95: 30.3284 | val_loss: 0.5531 | LR: 0.000063
2025-08-21 08:55:49 INFO Epoch 056 | Train Loss: 0.5545 | Val Loss: 0.5525 | Dice: 0.4896 | softDice: 0.4650 | clDice: 0.5696 | softclDice: 0.4471 | IoU: 0.3244 | Tversky: 0.4896 | Hausdorff: 197.2130 | HD95: 30.1974 | val_loss: 0.5525 | LR: 0.000063
2025-08-21 08:57:26 INFO Epoch 057 | Train Loss: 0.5488 | Val Loss: 0.5545 | Dice: 0.4875 | softDice: 0.4632 | clDice: 0.5662 | softclDice: 0.4516 | IoU: 0.3226 | Tversky: 0.4875 | Hausdorff: 191.5878 | HD95: 30.2755 | val_loss: 0.5545 | LR: 0.000031
2025-08-21 08:59:02 INFO Early stopping at epoch 58 | Best Dice: 0.4909 at epoch 1
2025-08-21 08:59:50 INFO Fold 5 results: Dice: 0.4848 | softDice: 0.4584 | clDice: 0.5808 | softclDice: 0.4440 | IoU: 0.3202 | Tversky: 0.4848 | Hausdorff: 213.3388 | HD95: 31.2242 | val_loss: 0.5530
2025-08-21 08:59:50 INFO ===== Cross-validation results =====
2025-08-21 08:59:50 INFO Dice: 0.4904 | softDice: 0.4646 | clDice: 0.5715 | softclDice: 0.4501 | IoU: 0.3252 | Tversky: 0.4904 | Hausdorff: 236.4646 | HD95: 30.1182 | val_loss: 0.5556
