2025-08-21 01:09:43 INFO Starting training with configuration: {'model': {'name': 'unet', 'encoder_name': 'se_resnext50_32x4d', 'encoder_weights': 'imagenet', 'classes': 1, 'activation': None, 'dropout': 0.2}, 'dataset': {'root': '/data/smadper@alumno.upv.es/TFM/datasets/laticifers', 'patch_size': [512, 512], 'stride': [256, 256], 'num_patches': 50, 'num_workers': 4, 'feature_dirs': {'image': '/data/smadper@alumno.upv.es/TFM/datasets/laticifers/enhanced_images', 'mask': '/data/smadper@alumno.upv.es/TFM/datasets/laticifers/masks', 'distance': '/data/smadper@alumno.upv.es/TFM/datasets/laticifers/distance_maps_pt'}}, 'train': {'batch_size': 32, 'num_epochs': 70, 'learning_rate': 0.001, 'accumulation_steps': 1, 'save_dir': '/data/smadper@alumno.upv.es/TFM/checkpoints_cv2/unet/20250821_010943_unet_se_resnext50_32x4d_bce0.5_ftversky1.0_a0.3_b0.7_g0.75', 'log_interval': 1, 'patience': 20, 'mixed_precision': True, 'experiment_name': 'unet_se_resnext50_32x4d_bce0.5_ftversky1.0_a0.3_b0.7_g0.75', 'timestamp': '20250821_010943'}, 'test': {'batch_size': 1}, 'loss': {'name': 'bce', 'cldice_alpha': 0.2, 'tversky_alpha': 0.3, 'tversky_beta': 0.7, 'focal_tversky_gamma': 0.75, 'use_topographic': False, 'combine_with': 'focal_tversky', 'weights': {'main': 0.5, 'combined': 1.0}, 'topo': {'alpha': 2.0, 'beta': 1.0}}}
2025-08-21 01:09:43 INFO Experiment name: unet_se_resnext50_32x4d_bce0.5_ftversky1.0_a0.3_b0.7_g0.75
2025-08-21 01:09:43 INFO ===== Fold 1 / 5 =====
2025-08-21 01:09:43 INFO Loading model unet with settings {'name': 'unet', 'encoder_name': 'se_resnext50_32x4d', 'encoder_weights': 'imagenet', 'classes': 1, 'activation': None, 'dropout': 0.2}
2025-08-21 01:11:35 INFO Epoch 001 | Train Loss: 1.0445 | Val Loss: 2.8272 | Dice: 0.3483 | softDice: 0.2104 | clDice: 0.3223 | softclDice: 0.8238 | IoU: 0.2110 | Tversky: 0.3483 | Hausdorff: 833.4062 | HD95: 530.2088 | val_loss: 2.8272 | LR: 0.001000
2025-08-21 01:13:19 INFO Epoch 002 | Train Loss: 0.7876 | Val Loss: 0.7436 | Dice: 0.4365 | softDice: 0.3571 | clDice: 0.5078 | softclDice: 0.6135 | IoU: 0.2792 | Tversky: 0.4365 | Hausdorff: 456.7774 | HD95: 63.4425 | val_loss: 0.7436 | LR: 0.001000
2025-08-21 01:15:02 INFO Epoch 003 | Train Loss: 0.7355 | Val Loss: 0.7152 | Dice: 0.4404 | softDice: 0.3891 | clDice: 0.5235 | softclDice: 0.5751 | IoU: 0.2825 | Tversky: 0.4404 | Hausdorff: 437.0087 | HD95: 62.3411 | val_loss: 0.7152 | LR: 0.001000
2025-08-21 01:16:45 INFO Epoch 004 | Train Loss: 0.7235 | Val Loss: 0.6897 | Dice: 0.4636 | softDice: 0.4263 | clDice: 0.5369 | softclDice: 0.5098 | IoU: 0.3019 | Tversky: 0.4636 | Hausdorff: 260.9561 | HD95: 51.0451 | val_loss: 0.6897 | LR: 0.001000
2025-08-21 01:18:29 INFO Epoch 005 | Train Loss: 0.7164 | Val Loss: 0.7071 | Dice: 0.4386 | softDice: 0.4018 | clDice: 0.5197 | softclDice: 0.5498 | IoU: 0.2810 | Tversky: 0.4386 | Hausdorff: 385.0617 | HD95: 58.2697 | val_loss: 0.7071 | LR: 0.001000
2025-08-21 01:20:13 INFO Epoch 006 | Train Loss: 0.7059 | Val Loss: 0.6802 | Dice: 0.4642 | softDice: 0.4234 | clDice: 0.5371 | softclDice: 0.5114 | IoU: 0.3024 | Tversky: 0.4642 | Hausdorff: 416.2692 | HD95: 43.6947 | val_loss: 0.6802 | LR: 0.001000
2025-08-21 01:21:56 INFO Epoch 007 | Train Loss: 0.7074 | Val Loss: 0.6859 | Dice: 0.4525 | softDice: 0.4266 | clDice: 0.5318 | softclDice: 0.5077 | IoU: 0.2927 | Tversky: 0.4525 | Hausdorff: 235.5647 | HD95: 39.9912 | val_loss: 0.6859 | LR: 0.001000
2025-08-21 01:23:37 INFO Epoch 008 | Train Loss: 0.7041 | Val Loss: 0.6821 | Dice: 0.4583 | softDice: 0.4213 | clDice: 0.5419 | softclDice: 0.5068 | IoU: 0.2975 | Tversky: 0.4583 | Hausdorff: 386.4325 | HD95: 42.3488 | val_loss: 0.6821 | LR: 0.001000
2025-08-21 01:25:21 INFO Epoch 009 | Train Loss: 0.7052 | Val Loss: 0.6786 | Dice: 0.4641 | softDice: 0.4253 | clDice: 0.5397 | softclDice: 0.5001 | IoU: 0.3024 | Tversky: 0.4641 | Hausdorff: 251.5051 | HD95: 43.2318 | val_loss: 0.6786 | LR: 0.001000
2025-08-21 01:27:03 INFO Epoch 010 | Train Loss: 0.6959 | Val Loss: 0.6682 | Dice: 0.4759 | softDice: 0.4390 | clDice: 0.5522 | softclDice: 0.4880 | IoU: 0.3124 | Tversky: 0.4759 | Hausdorff: 394.8804 | HD95: 38.6404 | val_loss: 0.6682 | LR: 0.001000
2025-08-21 01:28:48 INFO Epoch 011 | Train Loss: 0.6990 | Val Loss: 0.6693 | Dice: 0.4684 | softDice: 0.4391 | clDice: 0.5493 | softclDice: 0.4843 | IoU: 0.3060 | Tversky: 0.4684 | Hausdorff: 246.4057 | HD95: 37.8626 | val_loss: 0.6693 | LR: 0.001000
2025-08-21 01:30:31 INFO Epoch 012 | Train Loss: 0.6882 | Val Loss: 0.6741 | Dice: 0.4683 | softDice: 0.4368 | clDice: 0.5384 | softclDice: 0.4954 | IoU: 0.3060 | Tversky: 0.4683 | Hausdorff: 247.5505 | HD95: 38.6288 | val_loss: 0.6741 | LR: 0.001000
2025-08-21 01:32:13 INFO Epoch 013 | Train Loss: 0.6970 | Val Loss: 0.6748 | Dice: 0.4680 | softDice: 0.4283 | clDice: 0.5534 | softclDice: 0.4926 | IoU: 0.3058 | Tversky: 0.4680 | Hausdorff: 242.2022 | HD95: 44.5089 | val_loss: 0.6748 | LR: 0.001000
2025-08-21 01:33:56 INFO Epoch 014 | Train Loss: 0.6890 | Val Loss: 0.6659 | Dice: 0.4728 | softDice: 0.4389 | clDice: 0.5571 | softclDice: 0.4786 | IoU: 0.3099 | Tversky: 0.4728 | Hausdorff: 384.3533 | HD95: 37.9424 | val_loss: 0.6659 | LR: 0.001000
2025-08-21 01:35:38 INFO Epoch 015 | Train Loss: 0.6896 | Val Loss: 0.6774 | Dice: 0.4618 | softDice: 0.4277 | clDice: 0.5401 | softclDice: 0.5029 | IoU: 0.3005 | Tversky: 0.4618 | Hausdorff: 389.8277 | HD95: 39.5038 | val_loss: 0.6774 | LR: 0.001000
2025-08-21 01:37:24 INFO Epoch 016 | Train Loss: 0.6884 | Val Loss: 0.6747 | Dice: 0.4666 | softDice: 0.4359 | clDice: 0.5417 | softclDice: 0.4989 | IoU: 0.3045 | Tversky: 0.4666 | Hausdorff: 392.3829 | HD95: 43.2289 | val_loss: 0.6747 | LR: 0.001000
2025-08-21 01:39:07 INFO Epoch 017 | Train Loss: 0.6869 | Val Loss: 0.6684 | Dice: 0.4733 | softDice: 0.4431 | clDice: 0.5519 | softclDice: 0.4830 | IoU: 0.3101 | Tversky: 0.4733 | Hausdorff: 407.0494 | HD95: 43.0773 | val_loss: 0.6684 | LR: 0.001000
2025-08-21 01:40:49 INFO Epoch 018 | Train Loss: 0.6873 | Val Loss: 0.6666 | Dice: 0.4750 | softDice: 0.4429 | clDice: 0.5427 | softclDice: 0.4911 | IoU: 0.3117 | Tversky: 0.4750 | Hausdorff: 368.4312 | HD95: 36.5894 | val_loss: 0.6666 | LR: 0.001000
2025-08-21 01:42:38 INFO Epoch 019 | Train Loss: 0.6871 | Val Loss: 0.6622 | Dice: 0.4725 | softDice: 0.4441 | clDice: 0.5564 | softclDice: 0.4774 | IoU: 0.3095 | Tversky: 0.4725 | Hausdorff: 383.2929 | HD95: 40.0068 | val_loss: 0.6622 | LR: 0.001000
2025-08-21 01:44:20 INFO Epoch 020 | Train Loss: 0.6888 | Val Loss: 0.6680 | Dice: 0.4740 | softDice: 0.4445 | clDice: 0.5470 | softclDice: 0.4862 | IoU: 0.3108 | Tversky: 0.4740 | Hausdorff: 236.6400 | HD95: 38.8693 | val_loss: 0.6680 | LR: 0.001000
2025-08-21 01:46:02 INFO Epoch 021 | Train Loss: 0.6874 | Val Loss: 0.6654 | Dice: 0.4715 | softDice: 0.4412 | clDice: 0.5469 | softclDice: 0.4869 | IoU: 0.3087 | Tversky: 0.4715 | Hausdorff: 383.4230 | HD95: 37.3341 | val_loss: 0.6654 | LR: 0.001000
2025-08-21 01:47:47 INFO Epoch 022 | Train Loss: 0.6898 | Val Loss: 0.6617 | Dice: 0.4761 | softDice: 0.4496 | clDice: 0.5543 | softclDice: 0.4815 | IoU: 0.3126 | Tversky: 0.4761 | Hausdorff: 383.4057 | HD95: 37.6460 | val_loss: 0.6617 | LR: 0.001000
2025-08-21 01:49:32 INFO Epoch 023 | Train Loss: 0.6820 | Val Loss: 0.6611 | Dice: 0.4784 | softDice: 0.4502 | clDice: 0.5505 | softclDice: 0.4813 | IoU: 0.3146 | Tversky: 0.4784 | Hausdorff: 386.7010 | HD95: 39.8959 | val_loss: 0.6611 | LR: 0.001000
2025-08-21 01:51:16 INFO Epoch 024 | Train Loss: 0.6841 | Val Loss: 0.6608 | Dice: 0.4768 | softDice: 0.4443 | clDice: 0.5541 | softclDice: 0.4824 | IoU: 0.3132 | Tversky: 0.4768 | Hausdorff: 390.8051 | HD95: 36.9667 | val_loss: 0.6608 | LR: 0.001000
2025-08-21 01:52:55 INFO Epoch 025 | Train Loss: 0.6830 | Val Loss: 0.6764 | Dice: 0.4649 | softDice: 0.4304 | clDice: 0.5403 | softclDice: 0.5030 | IoU: 0.3030 | Tversky: 0.4649 | Hausdorff: 435.1185 | HD95: 45.1061 | val_loss: 0.6764 | LR: 0.001000
2025-08-21 01:54:39 INFO Epoch 026 | Train Loss: 0.6827 | Val Loss: 0.6607 | Dice: 0.4805 | softDice: 0.4505 | clDice: 0.5455 | softclDice: 0.4858 | IoU: 0.3164 | Tversky: 0.4805 | Hausdorff: 383.0998 | HD95: 32.9374 | val_loss: 0.6607 | LR: 0.001000
2025-08-21 01:56:19 INFO Epoch 027 | Train Loss: 0.6827 | Val Loss: 0.6609 | Dice: 0.4796 | softDice: 0.4497 | clDice: 0.5522 | softclDice: 0.4811 | IoU: 0.3156 | Tversky: 0.4796 | Hausdorff: 385.8743 | HD95: 36.5961 | val_loss: 0.6609 | LR: 0.001000
2025-08-21 01:57:59 INFO Epoch 028 | Train Loss: 0.6830 | Val Loss: 0.6731 | Dice: 0.4704 | softDice: 0.4393 | clDice: 0.5384 | softclDice: 0.4927 | IoU: 0.3078 | Tversky: 0.4704 | Hausdorff: 376.4972 | HD95: 40.4316 | val_loss: 0.6731 | LR: 0.001000
2025-08-21 01:59:41 INFO Epoch 029 | Train Loss: 0.6814 | Val Loss: 0.6608 | Dice: 0.4805 | softDice: 0.4517 | clDice: 0.5498 | softclDice: 0.4792 | IoU: 0.3164 | Tversky: 0.4805 | Hausdorff: 378.2726 | HD95: 36.7113 | val_loss: 0.6608 | LR: 0.001000
2025-08-21 02:01:21 INFO Epoch 030 | Train Loss: 0.6813 | Val Loss: 0.6567 | Dice: 0.4811 | softDice: 0.4537 | clDice: 0.5552 | softclDice: 0.4756 | IoU: 0.3169 | Tversky: 0.4811 | Hausdorff: 236.9206 | HD95: 36.2980 | val_loss: 0.6567 | LR: 0.001000
2025-08-21 02:03:03 INFO Epoch 031 | Train Loss: 0.6777 | Val Loss: 0.6687 | Dice: 0.4798 | softDice: 0.4475 | clDice: 0.5430 | softclDice: 0.4879 | IoU: 0.3158 | Tversky: 0.4798 | Hausdorff: 233.1401 | HD95: 40.2342 | val_loss: 0.6687 | LR: 0.001000
2025-08-21 02:04:45 INFO Epoch 032 | Train Loss: 0.6766 | Val Loss: 0.6691 | Dice: 0.4771 | softDice: 0.4486 | clDice: 0.5420 | softclDice: 0.4828 | IoU: 0.3135 | Tversky: 0.4771 | Hausdorff: 235.2320 | HD95: 43.8489 | val_loss: 0.6691 | LR: 0.001000
2025-08-21 02:06:29 INFO Epoch 033 | Train Loss: 0.6857 | Val Loss: 0.6615 | Dice: 0.4763 | softDice: 0.4479 | clDice: 0.5508 | softclDice: 0.4801 | IoU: 0.3128 | Tversky: 0.4763 | Hausdorff: 383.9106 | HD95: 38.1302 | val_loss: 0.6615 | LR: 0.001000
2025-08-21 02:08:11 INFO Epoch 034 | Train Loss: 0.6752 | Val Loss: 0.6591 | Dice: 0.4798 | softDice: 0.4524 | clDice: 0.5536 | softclDice: 0.4791 | IoU: 0.3158 | Tversky: 0.4798 | Hausdorff: 379.7081 | HD95: 35.2328 | val_loss: 0.6591 | LR: 0.001000
2025-08-21 02:09:52 INFO Epoch 035 | Train Loss: 0.6796 | Val Loss: 0.6601 | Dice: 0.4834 | softDice: 0.4521 | clDice: 0.5571 | softclDice: 0.4722 | IoU: 0.3190 | Tversky: 0.4834 | Hausdorff: 235.9499 | HD95: 38.7174 | val_loss: 0.6601 | LR: 0.001000
2025-08-21 02:11:34 INFO Epoch 036 | Train Loss: 0.6757 | Val Loss: 0.6564 | Dice: 0.4843 | softDice: 0.4537 | clDice: 0.5571 | softclDice: 0.4744 | IoU: 0.3197 | Tversky: 0.4843 | Hausdorff: 378.6704 | HD95: 36.9519 | val_loss: 0.6564 | LR: 0.001000
2025-08-21 02:13:15 INFO Epoch 037 | Train Loss: 0.6781 | Val Loss: 0.6611 | Dice: 0.4814 | softDice: 0.4522 | clDice: 0.5486 | softclDice: 0.4771 | IoU: 0.3172 | Tversky: 0.4814 | Hausdorff: 370.0296 | HD95: 34.1757 | val_loss: 0.6611 | LR: 0.001000
2025-08-21 02:14:57 INFO Epoch 038 | Train Loss: 0.6759 | Val Loss: 0.6585 | Dice: 0.4795 | softDice: 0.4500 | clDice: 0.5501 | softclDice: 0.4828 | IoU: 0.3156 | Tversky: 0.4795 | Hausdorff: 223.1595 | HD95: 32.0948 | val_loss: 0.6585 | LR: 0.001000
2025-08-21 02:16:38 INFO Epoch 039 | Train Loss: 0.6729 | Val Loss: 0.6592 | Dice: 0.4782 | softDice: 0.4502 | clDice: 0.5529 | softclDice: 0.4788 | IoU: 0.3145 | Tversky: 0.4782 | Hausdorff: 378.5403 | HD95: 34.9128 | val_loss: 0.6592 | LR: 0.001000
2025-08-21 02:18:20 INFO Epoch 040 | Train Loss: 0.6750 | Val Loss: 0.6609 | Dice: 0.4782 | softDice: 0.4467 | clDice: 0.5453 | softclDice: 0.4828 | IoU: 0.3145 | Tversky: 0.4782 | Hausdorff: 239.2739 | HD95: 32.2020 | val_loss: 0.6609 | LR: 0.001000
2025-08-21 02:20:02 INFO Epoch 041 | Train Loss: 0.6716 | Val Loss: 0.6555 | Dice: 0.4845 | softDice: 0.4557 | clDice: 0.5576 | softclDice: 0.4682 | IoU: 0.3199 | Tversky: 0.4845 | Hausdorff: 229.7737 | HD95: 33.8112 | val_loss: 0.6555 | LR: 0.001000
2025-08-21 02:21:44 INFO Epoch 042 | Train Loss: 0.6753 | Val Loss: 0.6656 | Dice: 0.4726 | softDice: 0.4452 | clDice: 0.5449 | softclDice: 0.4857 | IoU: 0.3098 | Tversky: 0.4726 | Hausdorff: 386.7480 | HD95: 33.5774 | val_loss: 0.6656 | LR: 0.001000
2025-08-21 02:23:24 INFO Epoch 043 | Train Loss: 0.6729 | Val Loss: 0.6567 | Dice: 0.4821 | softDice: 0.4526 | clDice: 0.5575 | softclDice: 0.4742 | IoU: 0.3178 | Tversky: 0.4821 | Hausdorff: 241.1495 | HD95: 36.5689 | val_loss: 0.6567 | LR: 0.001000
2025-08-21 02:25:16 INFO Epoch 044 | Train Loss: 0.6771 | Val Loss: 0.6621 | Dice: 0.4808 | softDice: 0.4522 | clDice: 0.5536 | softclDice: 0.4734 | IoU: 0.3167 | Tversky: 0.4808 | Hausdorff: 225.8377 | HD95: 42.1020 | val_loss: 0.6621 | LR: 0.001000
2025-08-21 02:26:59 INFO Epoch 045 | Train Loss: 0.6755 | Val Loss: 0.6661 | Dice: 0.4729 | softDice: 0.4458 | clDice: 0.5449 | softclDice: 0.4853 | IoU: 0.3099 | Tversky: 0.4729 | Hausdorff: 237.4210 | HD95: 34.5536 | val_loss: 0.6661 | LR: 0.001000
2025-08-21 02:28:41 INFO Epoch 046 | Train Loss: 0.6720 | Val Loss: 0.6631 | Dice: 0.4756 | softDice: 0.4470 | clDice: 0.5491 | softclDice: 0.4799 | IoU: 0.3123 | Tversky: 0.4756 | Hausdorff: 232.4425 | HD95: 34.0881 | val_loss: 0.6631 | LR: 0.001000
2025-08-21 02:30:24 INFO Epoch 047 | Train Loss: 0.6714 | Val Loss: 0.6575 | Dice: 0.4834 | softDice: 0.4537 | clDice: 0.5512 | softclDice: 0.4776 | IoU: 0.3190 | Tversky: 0.4834 | Hausdorff: 230.2217 | HD95: 30.9090 | val_loss: 0.6575 | LR: 0.000500
2025-08-21 02:32:17 INFO Epoch 048 | Train Loss: 0.6637 | Val Loss: 0.6548 | Dice: 0.4807 | softDice: 0.4541 | clDice: 0.5577 | softclDice: 0.4723 | IoU: 0.3166 | Tversky: 0.4807 | Hausdorff: 238.4279 | HD95: 31.9436 | val_loss: 0.6548 | LR: 0.000500
2025-08-21 02:34:00 INFO Epoch 049 | Train Loss: 0.6599 | Val Loss: 0.6631 | Dice: 0.4771 | softDice: 0.4516 | clDice: 0.5440 | softclDice: 0.4852 | IoU: 0.3136 | Tversky: 0.4771 | Hausdorff: 240.3276 | HD95: 32.0685 | val_loss: 0.6631 | LR: 0.000500
2025-08-21 02:35:42 INFO Epoch 050 | Train Loss: 0.6645 | Val Loss: 0.6548 | Dice: 0.4852 | softDice: 0.4565 | clDice: 0.5579 | softclDice: 0.4716 | IoU: 0.3206 | Tversky: 0.4852 | Hausdorff: 223.1982 | HD95: 31.8792 | val_loss: 0.6548 | LR: 0.000500
2025-08-21 02:37:25 INFO Epoch 051 | Train Loss: 0.6599 | Val Loss: 0.6545 | Dice: 0.4836 | softDice: 0.4547 | clDice: 0.5563 | softclDice: 0.4730 | IoU: 0.3192 | Tversky: 0.4836 | Hausdorff: 365.4791 | HD95: 29.7386 | val_loss: 0.6545 | LR: 0.000500
2025-08-21 02:39:07 INFO Epoch 052 | Train Loss: 0.6622 | Val Loss: 0.6641 | Dice: 0.4742 | softDice: 0.4457 | clDice: 0.5447 | softclDice: 0.4889 | IoU: 0.3110 | Tversky: 0.4742 | Hausdorff: 238.5859 | HD95: 30.3010 | val_loss: 0.6641 | LR: 0.000500
2025-08-21 02:40:47 INFO Epoch 053 | Train Loss: 0.6565 | Val Loss: 0.6576 | Dice: 0.4842 | softDice: 0.4556 | clDice: 0.5552 | softclDice: 0.4739 | IoU: 0.3197 | Tversky: 0.4842 | Hausdorff: 236.8161 | HD95: 31.4667 | val_loss: 0.6576 | LR: 0.000500
2025-08-21 02:42:31 INFO Epoch 054 | Train Loss: 0.6599 | Val Loss: 0.6617 | Dice: 0.4794 | softDice: 0.4496 | clDice: 0.5469 | softclDice: 0.4835 | IoU: 0.3156 | Tversky: 0.4794 | Hausdorff: 239.8040 | HD95: 30.9163 | val_loss: 0.6617 | LR: 0.000500
2025-08-21 02:44:14 INFO Epoch 055 | Train Loss: 0.6577 | Val Loss: 0.6599 | Dice: 0.4788 | softDice: 0.4520 | clDice: 0.5479 | softclDice: 0.4814 | IoU: 0.3151 | Tversky: 0.4788 | Hausdorff: 383.0893 | HD95: 32.2341 | val_loss: 0.6599 | LR: 0.000500
2025-08-21 02:45:55 INFO Epoch 056 | Train Loss: 0.6619 | Val Loss: 0.6616 | Dice: 0.4811 | softDice: 0.4528 | clDice: 0.5431 | softclDice: 0.4853 | IoU: 0.3170 | Tversky: 0.4811 | Hausdorff: 381.2167 | HD95: 31.9136 | val_loss: 0.6616 | LR: 0.000500
2025-08-21 02:47:35 INFO Epoch 057 | Train Loss: 0.6608 | Val Loss: 0.6601 | Dice: 0.4794 | softDice: 0.4511 | clDice: 0.5499 | softclDice: 0.4797 | IoU: 0.3155 | Tversky: 0.4794 | Hausdorff: 380.1728 | HD95: 29.7524 | val_loss: 0.6601 | LR: 0.000250
2025-08-21 02:49:17 INFO Epoch 058 | Train Loss: 0.6543 | Val Loss: 0.6593 | Dice: 0.4813 | softDice: 0.4544 | clDice: 0.5479 | softclDice: 0.4788 | IoU: 0.3172 | Tversky: 0.4813 | Hausdorff: 238.9679 | HD95: 31.2741 | val_loss: 0.6593 | LR: 0.000250
2025-08-21 02:51:11 INFO Epoch 059 | Train Loss: 0.6560 | Val Loss: 0.6588 | Dice: 0.4818 | softDice: 0.4551 | clDice: 0.5512 | softclDice: 0.4773 | IoU: 0.3176 | Tversky: 0.4818 | Hausdorff: 240.7642 | HD95: 31.6079 | val_loss: 0.6588 | LR: 0.000250
2025-08-21 02:52:54 INFO Epoch 060 | Train Loss: 0.6528 | Val Loss: 0.6646 | Dice: 0.4769 | softDice: 0.4488 | clDice: 0.5425 | softclDice: 0.4884 | IoU: 0.3134 | Tversky: 0.4769 | Hausdorff: 231.6487 | HD95: 30.0880 | val_loss: 0.6646 | LR: 0.000250
2025-08-21 02:54:41 INFO Epoch 061 | Train Loss: 0.6512 | Val Loss: 0.6558 | Dice: 0.4864 | softDice: 0.4589 | clDice: 0.5513 | softclDice: 0.4745 | IoU: 0.3216 | Tversky: 0.4864 | Hausdorff: 240.4763 | HD95: 29.6907 | val_loss: 0.6558 | LR: 0.000250
2025-08-21 02:56:25 INFO Epoch 062 | Train Loss: 0.6482 | Val Loss: 0.6597 | Dice: 0.4821 | softDice: 0.4555 | clDice: 0.5496 | softclDice: 0.4797 | IoU: 0.3179 | Tversky: 0.4821 | Hausdorff: 238.3967 | HD95: 30.5525 | val_loss: 0.6597 | LR: 0.000250
2025-08-21 02:58:09 INFO Epoch 063 | Train Loss: 0.6483 | Val Loss: 0.6586 | Dice: 0.4800 | softDice: 0.4535 | clDice: 0.5502 | softclDice: 0.4793 | IoU: 0.3161 | Tversky: 0.4800 | Hausdorff: 240.2525 | HD95: 29.5769 | val_loss: 0.6586 | LR: 0.000125
2025-08-21 02:59:51 INFO Epoch 064 | Train Loss: 0.6471 | Val Loss: 0.6593 | Dice: 0.4821 | softDice: 0.4549 | clDice: 0.5483 | softclDice: 0.4785 | IoU: 0.3179 | Tversky: 0.4821 | Hausdorff: 239.7895 | HD95: 30.1652 | val_loss: 0.6593 | LR: 0.000125
2025-08-21 03:01:33 INFO Epoch 065 | Train Loss: 0.6438 | Val Loss: 0.6620 | Dice: 0.4795 | softDice: 0.4531 | clDice: 0.5436 | softclDice: 0.4842 | IoU: 0.3156 | Tversky: 0.4795 | Hausdorff: 242.4516 | HD95: 30.7329 | val_loss: 0.6620 | LR: 0.000125
2025-08-21 03:03:15 INFO Epoch 066 | Train Loss: 0.6429 | Val Loss: 0.6594 | Dice: 0.4831 | softDice: 0.4567 | clDice: 0.5465 | softclDice: 0.4809 | IoU: 0.3187 | Tversky: 0.4831 | Hausdorff: 240.7696 | HD95: 28.9307 | val_loss: 0.6594 | LR: 0.000125
2025-08-21 03:04:54 INFO Epoch 067 | Train Loss: 0.6412 | Val Loss: 0.6617 | Dice: 0.4804 | softDice: 0.4535 | clDice: 0.5438 | softclDice: 0.4859 | IoU: 0.3164 | Tversky: 0.4804 | Hausdorff: 241.5948 | HD95: 30.4123 | val_loss: 0.6617 | LR: 0.000125
2025-08-21 03:06:35 INFO Epoch 068 | Train Loss: 0.6380 | Val Loss: 0.6641 | Dice: 0.4782 | softDice: 0.4514 | clDice: 0.5420 | softclDice: 0.4879 | IoU: 0.3145 | Tversky: 0.4782 | Hausdorff: 240.7340 | HD95: 29.9009 | val_loss: 0.6641 | LR: 0.000125
2025-08-21 03:08:16 INFO Epoch 069 | Train Loss: 0.6405 | Val Loss: 0.6651 | Dice: 0.4788 | softDice: 0.4517 | clDice: 0.5390 | softclDice: 0.4886 | IoU: 0.3151 | Tversky: 0.4788 | Hausdorff: 231.2982 | HD95: 29.6022 | val_loss: 0.6651 | LR: 0.000063
2025-08-21 03:09:58 INFO Early stopping at epoch 70 | Best Dice: 0.4864 at epoch 1
2025-08-21 03:10:46 INFO Fold 1 results: Dice: 0.4845 | softDice: 0.4557 | clDice: 0.5576 | softclDice: 0.4682 | IoU: 0.3199 | Tversky: 0.4845 | Hausdorff: 229.7737 | HD95: 33.8112 | val_loss: 0.6555
2025-08-21 03:10:46 INFO ===== Fold 2 / 5 =====
2025-08-21 03:10:46 INFO Loading model unet with settings {'name': 'unet', 'encoder_name': 'se_resnext50_32x4d', 'encoder_weights': 'imagenet', 'classes': 1, 'activation': None, 'dropout': 0.2}
2025-08-21 03:12:33 INFO Epoch 001 | Train Loss: 0.9170 | Val Loss: 0.7779 | Dice: 0.4293 | softDice: 0.3350 | clDice: 0.4855 | softclDice: 0.6573 | IoU: 0.2739 | Tversky: 0.4293 | Hausdorff: 316.5457 | HD95: 44.4204 | val_loss: 0.7779 | LR: 0.001000
2025-08-21 03:14:15 INFO Epoch 002 | Train Loss: 0.7470 | Val Loss: 0.7147 | Dice: 0.4541 | softDice: 0.4048 | clDice: 0.5220 | softclDice: 0.5422 | IoU: 0.2940 | Tversky: 0.4541 | Hausdorff: 316.8728 | HD95: 48.4698 | val_loss: 0.7147 | LR: 0.001000
2025-08-21 03:16:02 INFO Epoch 003 | Train Loss: 0.7241 | Val Loss: 0.6903 | Dice: 0.4602 | softDice: 0.4247 | clDice: 0.5438 | softclDice: 0.5197 | IoU: 0.2990 | Tversky: 0.4602 | Hausdorff: 298.1761 | HD95: 39.3583 | val_loss: 0.6903 | LR: 0.001000
2025-08-21 03:17:57 INFO Epoch 004 | Train Loss: 0.7116 | Val Loss: 0.6799 | Dice: 0.4754 | softDice: 0.4414 | clDice: 0.5474 | softclDice: 0.4890 | IoU: 0.3122 | Tversky: 0.4754 | Hausdorff: 266.3694 | HD95: 35.5244 | val_loss: 0.6799 | LR: 0.001000
2025-08-21 03:19:45 INFO Epoch 005 | Train Loss: 0.7111 | Val Loss: 0.6940 | Dice: 0.4671 | softDice: 0.4350 | clDice: 0.5402 | softclDice: 0.4999 | IoU: 0.3051 | Tversky: 0.4671 | Hausdorff: 326.7378 | HD95: 46.7104 | val_loss: 0.6940 | LR: 0.001000
2025-08-21 03:21:30 INFO Epoch 006 | Train Loss: 0.7015 | Val Loss: 0.6837 | Dice: 0.4719 | softDice: 0.4370 | clDice: 0.5403 | softclDice: 0.4913 | IoU: 0.3092 | Tversky: 0.4719 | Hausdorff: 287.2923 | HD95: 45.5669 | val_loss: 0.6837 | LR: 0.001000
2025-08-21 03:23:13 INFO Epoch 007 | Train Loss: 0.7031 | Val Loss: 0.6653 | Dice: 0.4826 | softDice: 0.4528 | clDice: 0.5533 | softclDice: 0.4760 | IoU: 0.3183 | Tversky: 0.4826 | Hausdorff: 296.4050 | HD95: 29.6421 | val_loss: 0.6653 | LR: 0.001000
2025-08-21 03:24:57 INFO Epoch 008 | Train Loss: 0.6935 | Val Loss: 0.6767 | Dice: 0.4749 | softDice: 0.4447 | clDice: 0.5492 | softclDice: 0.4766 | IoU: 0.3117 | Tversky: 0.4749 | Hausdorff: 265.5540 | HD95: 37.5826 | val_loss: 0.6767 | LR: 0.001000
2025-08-21 03:26:40 INFO Epoch 009 | Train Loss: 0.6994 | Val Loss: 0.6677 | Dice: 0.4768 | softDice: 0.4512 | clDice: 0.5611 | softclDice: 0.4735 | IoU: 0.3133 | Tversky: 0.4768 | Hausdorff: 323.0903 | HD95: 32.1225 | val_loss: 0.6677 | LR: 0.001000
2025-08-21 03:28:24 INFO Epoch 010 | Train Loss: 0.6960 | Val Loss: 0.6660 | Dice: 0.4851 | softDice: 0.4550 | clDice: 0.5546 | softclDice: 0.4713 | IoU: 0.3206 | Tversky: 0.4851 | Hausdorff: 282.5775 | HD95: 31.9304 | val_loss: 0.6660 | LR: 0.001000
2025-08-21 03:30:06 INFO Epoch 011 | Train Loss: 0.6949 | Val Loss: 0.6633 | Dice: 0.4850 | softDice: 0.4588 | clDice: 0.5570 | softclDice: 0.4645 | IoU: 0.3204 | Tversky: 0.4850 | Hausdorff: 286.4044 | HD95: 31.6944 | val_loss: 0.6633 | LR: 0.001000
2025-08-21 03:31:48 INFO Epoch 012 | Train Loss: 0.6907 | Val Loss: 0.6695 | Dice: 0.4795 | softDice: 0.4458 | clDice: 0.5501 | softclDice: 0.4811 | IoU: 0.3156 | Tversky: 0.4795 | Hausdorff: 276.9633 | HD95: 32.8193 | val_loss: 0.6695 | LR: 0.001000
2025-08-21 03:33:32 INFO Epoch 013 | Train Loss: 0.6850 | Val Loss: 0.6662 | Dice: 0.4780 | softDice: 0.4493 | clDice: 0.5525 | softclDice: 0.4756 | IoU: 0.3143 | Tversky: 0.4780 | Hausdorff: 315.5139 | HD95: 33.0630 | val_loss: 0.6662 | LR: 0.001000
2025-08-21 03:35:15 INFO Epoch 014 | Train Loss: 0.6885 | Val Loss: 0.6628 | Dice: 0.4801 | softDice: 0.4516 | clDice: 0.5607 | softclDice: 0.4664 | IoU: 0.3161 | Tversky: 0.4801 | Hausdorff: 273.9258 | HD95: 32.7602 | val_loss: 0.6628 | LR: 0.001000
2025-08-21 03:36:57 INFO Epoch 015 | Train Loss: 0.6903 | Val Loss: 0.6647 | Dice: 0.4807 | softDice: 0.4523 | clDice: 0.5557 | softclDice: 0.4747 | IoU: 0.3166 | Tversky: 0.4807 | Hausdorff: 294.3008 | HD95: 31.4588 | val_loss: 0.6647 | LR: 0.001000
2025-08-21 03:38:41 INFO Epoch 016 | Train Loss: 0.6861 | Val Loss: 0.6612 | Dice: 0.4831 | softDice: 0.4564 | clDice: 0.5602 | softclDice: 0.4636 | IoU: 0.3188 | Tversky: 0.4831 | Hausdorff: 300.8596 | HD95: 32.2079 | val_loss: 0.6612 | LR: 0.001000
2025-08-21 03:40:26 INFO Epoch 017 | Train Loss: 0.6830 | Val Loss: 0.6631 | Dice: 0.4804 | softDice: 0.4474 | clDice: 0.5633 | softclDice: 0.4727 | IoU: 0.3164 | Tversky: 0.4804 | Hausdorff: 277.9956 | HD95: 32.7503 | val_loss: 0.6631 | LR: 0.001000
2025-08-21 03:42:11 INFO Epoch 018 | Train Loss: 0.6866 | Val Loss: 0.6523 | Dice: 0.4928 | softDice: 0.4657 | clDice: 0.5645 | softclDice: 0.4574 | IoU: 0.3273 | Tversky: 0.4928 | Hausdorff: 270.0830 | HD95: 28.3417 | val_loss: 0.6523 | LR: 0.001000
2025-08-21 03:43:55 INFO Epoch 019 | Train Loss: 0.6814 | Val Loss: 0.6568 | Dice: 0.4904 | softDice: 0.4638 | clDice: 0.5608 | softclDice: 0.4606 | IoU: 0.3251 | Tversky: 0.4904 | Hausdorff: 257.4566 | HD95: 29.4467 | val_loss: 0.6568 | LR: 0.001000
2025-08-21 03:45:40 INFO Epoch 020 | Train Loss: 0.6834 | Val Loss: 0.6611 | Dice: 0.4848 | softDice: 0.4562 | clDice: 0.5584 | softclDice: 0.4697 | IoU: 0.3202 | Tversky: 0.4848 | Hausdorff: 296.8237 | HD95: 29.8817 | val_loss: 0.6611 | LR: 0.001000
2025-08-21 03:47:25 INFO Epoch 021 | Train Loss: 0.6789 | Val Loss: 0.6585 | Dice: 0.4882 | softDice: 0.4596 | clDice: 0.5563 | softclDice: 0.4665 | IoU: 0.3232 | Tversky: 0.4882 | Hausdorff: 299.4946 | HD95: 31.0365 | val_loss: 0.6585 | LR: 0.001000
2025-08-21 03:49:10 INFO Epoch 022 | Train Loss: 0.6839 | Val Loss: 0.6577 | Dice: 0.4891 | softDice: 0.4576 | clDice: 0.5559 | softclDice: 0.4670 | IoU: 0.3240 | Tversky: 0.4891 | Hausdorff: 257.5631 | HD95: 29.0624 | val_loss: 0.6577 | LR: 0.001000
2025-08-21 03:50:55 INFO Epoch 023 | Train Loss: 0.6794 | Val Loss: 0.6605 | Dice: 0.4850 | softDice: 0.4576 | clDice: 0.5537 | softclDice: 0.4677 | IoU: 0.3204 | Tversky: 0.4850 | Hausdorff: 299.0424 | HD95: 30.9041 | val_loss: 0.6605 | LR: 0.001000
2025-08-21 03:52:50 INFO Epoch 024 | Train Loss: 0.6820 | Val Loss: 0.6558 | Dice: 0.4878 | softDice: 0.4626 | clDice: 0.5640 | softclDice: 0.4584 | IoU: 0.3229 | Tversky: 0.4878 | Hausdorff: 292.4463 | HD95: 27.3602 | val_loss: 0.6558 | LR: 0.000500
2025-08-21 03:54:36 INFO Epoch 025 | Train Loss: 0.6750 | Val Loss: 0.6566 | Dice: 0.4892 | softDice: 0.4602 | clDice: 0.5613 | softclDice: 0.4597 | IoU: 0.3241 | Tversky: 0.4892 | Hausdorff: 289.6940 | HD95: 32.3398 | val_loss: 0.6566 | LR: 0.000500
2025-08-21 03:56:19 INFO Epoch 026 | Train Loss: 0.6693 | Val Loss: 0.6557 | Dice: 0.4908 | softDice: 0.4637 | clDice: 0.5580 | softclDice: 0.4627 | IoU: 0.3255 | Tversky: 0.4908 | Hausdorff: 283.3270 | HD95: 29.6868 | val_loss: 0.6557 | LR: 0.000500
2025-08-21 03:58:00 INFO Epoch 027 | Train Loss: 0.6741 | Val Loss: 0.6571 | Dice: 0.4876 | softDice: 0.4609 | clDice: 0.5618 | softclDice: 0.4633 | IoU: 0.3227 | Tversky: 0.4876 | Hausdorff: 276.1403 | HD95: 31.2020 | val_loss: 0.6571 | LR: 0.000500
2025-08-21 03:59:45 INFO Epoch 028 | Train Loss: 0.6668 | Val Loss: 0.6582 | Dice: 0.4880 | softDice: 0.4591 | clDice: 0.5585 | softclDice: 0.4648 | IoU: 0.3230 | Tversky: 0.4880 | Hausdorff: 273.1397 | HD95: 28.6905 | val_loss: 0.6582 | LR: 0.000500
2025-08-21 04:01:26 INFO Epoch 029 | Train Loss: 0.6725 | Val Loss: 0.6530 | Dice: 0.4933 | softDice: 0.4635 | clDice: 0.5613 | softclDice: 0.4615 | IoU: 0.3277 | Tversky: 0.4933 | Hausdorff: 296.4463 | HD95: 27.9561 | val_loss: 0.6530 | LR: 0.000500
2025-08-21 04:03:11 INFO Epoch 030 | Train Loss: 0.6722 | Val Loss: 0.6562 | Dice: 0.4914 | softDice: 0.4633 | clDice: 0.5567 | softclDice: 0.4664 | IoU: 0.3261 | Tversky: 0.4914 | Hausdorff: 291.5995 | HD95: 30.7624 | val_loss: 0.6562 | LR: 0.000250
2025-08-21 04:04:53 INFO Epoch 031 | Train Loss: 0.6633 | Val Loss: 0.6553 | Dice: 0.4901 | softDice: 0.4629 | clDice: 0.5578 | softclDice: 0.4624 | IoU: 0.3249 | Tversky: 0.4901 | Hausdorff: 299.2889 | HD95: 30.5530 | val_loss: 0.6553 | LR: 0.000250
2025-08-21 04:06:35 INFO Epoch 032 | Train Loss: 0.6651 | Val Loss: 0.6542 | Dice: 0.4910 | softDice: 0.4646 | clDice: 0.5578 | softclDice: 0.4613 | IoU: 0.3258 | Tversky: 0.4910 | Hausdorff: 301.9200 | HD95: 28.6873 | val_loss: 0.6542 | LR: 0.000250
2025-08-21 04:08:19 INFO Epoch 033 | Train Loss: 0.6604 | Val Loss: 0.6585 | Dice: 0.4875 | softDice: 0.4618 | clDice: 0.5569 | softclDice: 0.4638 | IoU: 0.3227 | Tversky: 0.4875 | Hausdorff: 301.2330 | HD95: 28.9364 | val_loss: 0.6585 | LR: 0.000250
2025-08-21 04:10:01 INFO Epoch 034 | Train Loss: 0.6665 | Val Loss: 0.6596 | Dice: 0.4858 | softDice: 0.4595 | clDice: 0.5607 | softclDice: 0.4628 | IoU: 0.3211 | Tversky: 0.4858 | Hausdorff: 300.4750 | HD95: 29.5197 | val_loss: 0.6596 | LR: 0.000250
2025-08-21 04:11:44 INFO Epoch 035 | Train Loss: 0.6638 | Val Loss: 0.6567 | Dice: 0.4916 | softDice: 0.4632 | clDice: 0.5580 | softclDice: 0.4624 | IoU: 0.3262 | Tversky: 0.4916 | Hausdorff: 298.4621 | HD95: 28.8761 | val_loss: 0.6567 | LR: 0.000250
2025-08-21 04:13:30 INFO Epoch 036 | Train Loss: 0.6584 | Val Loss: 0.6573 | Dice: 0.4897 | softDice: 0.4621 | clDice: 0.5592 | softclDice: 0.4623 | IoU: 0.3246 | Tversky: 0.4897 | Hausdorff: 291.4615 | HD95: 27.3939 | val_loss: 0.6573 | LR: 0.000125
2025-08-21 04:15:15 INFO Epoch 037 | Train Loss: 0.6581 | Val Loss: 0.6563 | Dice: 0.4902 | softDice: 0.4643 | clDice: 0.5590 | softclDice: 0.4617 | IoU: 0.3250 | Tversky: 0.4902 | Hausdorff: 292.3145 | HD95: 27.3507 | val_loss: 0.6563 | LR: 0.000125
2025-08-21 04:17:02 INFO Early stopping at epoch 38 | Best Dice: 0.4933 at epoch 1
2025-08-21 04:17:51 INFO Fold 2 results: Dice: 0.4928 | softDice: 0.4657 | clDice: 0.5645 | softclDice: 0.4574 | IoU: 0.3273 | Tversky: 0.4928 | Hausdorff: 270.0830 | HD95: 28.3417 | val_loss: 0.6523
2025-08-21 04:17:51 INFO ===== Fold 3 / 5 =====
2025-08-21 04:17:51 INFO Loading model unet with settings {'name': 'unet', 'encoder_name': 'se_resnext50_32x4d', 'encoder_weights': 'imagenet', 'classes': 1, 'activation': None, 'dropout': 0.2}
2025-08-21 04:19:38 INFO Epoch 001 | Train Loss: 0.8509 | Val Loss: 0.7370 | Dice: 0.4351 | softDice: 0.3878 | clDice: 0.4967 | softclDice: 0.6158 | IoU: 0.2788 | Tversky: 0.4351 | Hausdorff: 309.5778 | HD95: 55.6724 | val_loss: 0.7370 | LR: 0.001000
2025-08-21 04:21:22 INFO Epoch 002 | Train Loss: 0.7341 | Val Loss: 0.6927 | Dice: 0.4624 | softDice: 0.4246 | clDice: 0.5537 | softclDice: 0.5275 | IoU: 0.3012 | Tversky: 0.4624 | Hausdorff: 619.0042 | HD95: 43.5176 | val_loss: 0.6927 | LR: 0.001000
2025-08-21 04:23:07 INFO Epoch 003 | Train Loss: 0.7213 | Val Loss: 0.6917 | Dice: 0.4615 | softDice: 0.4299 | clDice: 0.5390 | softclDice: 0.5011 | IoU: 0.3008 | Tversky: 0.4615 | Hausdorff: 267.9287 | HD95: 37.9337 | val_loss: 0.6917 | LR: 0.001000
2025-08-21 04:24:52 INFO Epoch 004 | Train Loss: 0.7095 | Val Loss: 0.6781 | Dice: 0.4773 | softDice: 0.4455 | clDice: 0.5557 | softclDice: 0.4793 | IoU: 0.3142 | Tversky: 0.4773 | Hausdorff: 246.4630 | HD95: 38.0375 | val_loss: 0.6781 | LR: 0.001000
2025-08-21 04:26:36 INFO Epoch 005 | Train Loss: 0.7093 | Val Loss: 0.6802 | Dice: 0.4762 | softDice: 0.4388 | clDice: 0.5466 | softclDice: 0.4861 | IoU: 0.3132 | Tversky: 0.4762 | Hausdorff: 262.6461 | HD95: 35.9710 | val_loss: 0.6802 | LR: 0.001000
2025-08-21 04:28:22 INFO Epoch 006 | Train Loss: 0.7008 | Val Loss: 0.6683 | Dice: 0.4822 | softDice: 0.4518 | clDice: 0.5631 | softclDice: 0.4691 | IoU: 0.3183 | Tversky: 0.4822 | Hausdorff: 264.0294 | HD95: 32.6661 | val_loss: 0.6683 | LR: 0.001000
2025-08-21 04:30:10 INFO Epoch 007 | Train Loss: 0.6942 | Val Loss: 0.6713 | Dice: 0.4831 | softDice: 0.4504 | clDice: 0.5602 | softclDice: 0.4653 | IoU: 0.3192 | Tversky: 0.4831 | Hausdorff: 234.9710 | HD95: 37.1988 | val_loss: 0.6713 | LR: 0.001000
2025-08-21 04:31:59 INFO Epoch 008 | Train Loss: 0.6944 | Val Loss: 0.6760 | Dice: 0.4720 | softDice: 0.4414 | clDice: 0.5512 | softclDice: 0.4845 | IoU: 0.3096 | Tversky: 0.4720 | Hausdorff: 247.2393 | HD95: 37.3906 | val_loss: 0.6760 | LR: 0.001000
2025-08-21 04:33:40 INFO Epoch 009 | Train Loss: 0.6939 | Val Loss: 0.6730 | Dice: 0.4783 | softDice: 0.4425 | clDice: 0.5584 | softclDice: 0.4786 | IoU: 0.3149 | Tversky: 0.4783 | Hausdorff: 256.9528 | HD95: 34.0858 | val_loss: 0.6730 | LR: 0.001000
2025-08-21 04:35:25 INFO Epoch 010 | Train Loss: 0.6899 | Val Loss: 0.6636 | Dice: 0.4874 | softDice: 0.4571 | clDice: 0.5631 | softclDice: 0.4605 | IoU: 0.3228 | Tversky: 0.4874 | Hausdorff: 269.2825 | HD95: 33.6205 | val_loss: 0.6636 | LR: 0.001000
2025-08-21 04:37:06 INFO Epoch 011 | Train Loss: 0.6909 | Val Loss: 0.6759 | Dice: 0.4863 | softDice: 0.4575 | clDice: 0.5514 | softclDice: 0.4673 | IoU: 0.3223 | Tversky: 0.4863 | Hausdorff: 223.0474 | HD95: 41.4080 | val_loss: 0.6759 | LR: 0.001000
2025-08-21 04:38:49 INFO Epoch 012 | Train Loss: 0.6896 | Val Loss: 0.6712 | Dice: 0.4784 | softDice: 0.4462 | clDice: 0.5514 | softclDice: 0.4777 | IoU: 0.3151 | Tversky: 0.4784 | Hausdorff: 267.5459 | HD95: 37.5584 | val_loss: 0.6712 | LR: 0.001000
2025-08-21 04:40:32 INFO Epoch 013 | Train Loss: 0.6849 | Val Loss: 0.6726 | Dice: 0.4812 | softDice: 0.4508 | clDice: 0.5454 | softclDice: 0.4824 | IoU: 0.3176 | Tversky: 0.4812 | Hausdorff: 233.2255 | HD95: 31.9599 | val_loss: 0.6726 | LR: 0.001000
2025-08-21 04:42:12 INFO Epoch 014 | Train Loss: 0.6859 | Val Loss: 0.6815 | Dice: 0.4729 | softDice: 0.4433 | clDice: 0.5407 | softclDice: 0.4867 | IoU: 0.3104 | Tversky: 0.4729 | Hausdorff: 227.2042 | HD95: 37.3533 | val_loss: 0.6815 | LR: 0.001000
2025-08-21 04:43:56 INFO Epoch 015 | Train Loss: 0.6881 | Val Loss: 0.6618 | Dice: 0.4869 | softDice: 0.4609 | clDice: 0.5651 | softclDice: 0.4597 | IoU: 0.3224 | Tversky: 0.4869 | Hausdorff: 241.0016 | HD95: 33.0119 | val_loss: 0.6618 | LR: 0.001000
2025-08-21 04:45:38 INFO Epoch 016 | Train Loss: 0.6880 | Val Loss: 0.6647 | Dice: 0.4852 | softDice: 0.4564 | clDice: 0.5676 | softclDice: 0.4573 | IoU: 0.3209 | Tversky: 0.4852 | Hausdorff: 244.1418 | HD95: 34.1889 | val_loss: 0.6647 | LR: 0.001000
2025-08-21 04:47:19 INFO Epoch 017 | Train Loss: 0.6819 | Val Loss: 0.6627 | Dice: 0.4859 | softDice: 0.4519 | clDice: 0.5626 | softclDice: 0.4663 | IoU: 0.3216 | Tversky: 0.4859 | Hausdorff: 249.7579 | HD95: 33.4021 | val_loss: 0.6627 | LR: 0.001000
2025-08-21 04:49:04 INFO Epoch 018 | Train Loss: 0.6848 | Val Loss: 0.6708 | Dice: 0.4763 | softDice: 0.4469 | clDice: 0.5604 | softclDice: 0.4689 | IoU: 0.3132 | Tversky: 0.4763 | Hausdorff: 249.7285 | HD95: 31.9256 | val_loss: 0.6708 | LR: 0.001000
2025-08-21 04:50:44 INFO Epoch 019 | Train Loss: 0.6841 | Val Loss: 0.6650 | Dice: 0.4851 | softDice: 0.4547 | clDice: 0.5612 | softclDice: 0.4612 | IoU: 0.3210 | Tversky: 0.4851 | Hausdorff: 264.8173 | HD95: 32.0028 | val_loss: 0.6650 | LR: 0.001000
2025-08-21 04:52:27 INFO Epoch 020 | Train Loss: 0.6806 | Val Loss: 0.6639 | Dice: 0.4877 | softDice: 0.4553 | clDice: 0.5604 | softclDice: 0.4647 | IoU: 0.3232 | Tversky: 0.4877 | Hausdorff: 252.9741 | HD95: 32.9913 | val_loss: 0.6639 | LR: 0.001000
2025-08-21 04:54:10 INFO Epoch 021 | Train Loss: 0.6826 | Val Loss: 0.6717 | Dice: 0.4818 | softDice: 0.4530 | clDice: 0.5582 | softclDice: 0.4631 | IoU: 0.3182 | Tversky: 0.4818 | Hausdorff: 240.7629 | HD95: 34.1993 | val_loss: 0.6717 | LR: 0.000500
2025-08-21 04:55:53 INFO Epoch 022 | Train Loss: 0.6739 | Val Loss: 0.6550 | Dice: 0.4916 | softDice: 0.4639 | clDice: 0.5754 | softclDice: 0.4462 | IoU: 0.3265 | Tversky: 0.4916 | Hausdorff: 253.3596 | HD95: 31.7654 | val_loss: 0.6550 | LR: 0.000500
2025-08-21 04:57:38 INFO Epoch 023 | Train Loss: 0.6699 | Val Loss: 0.6603 | Dice: 0.4902 | softDice: 0.4608 | clDice: 0.5656 | softclDice: 0.4577 | IoU: 0.3253 | Tversky: 0.4902 | Hausdorff: 256.4757 | HD95: 30.7559 | val_loss: 0.6603 | LR: 0.000500
2025-08-21 04:59:21 INFO Epoch 024 | Train Loss: 0.6680 | Val Loss: 0.6520 | Dice: 0.4968 | softDice: 0.4702 | clDice: 0.5770 | softclDice: 0.4418 | IoU: 0.3312 | Tversky: 0.4968 | Hausdorff: 241.2563 | HD95: 30.5586 | val_loss: 0.6520 | LR: 0.000500
2025-08-21 05:01:13 INFO Epoch 025 | Train Loss: 0.6735 | Val Loss: 0.6562 | Dice: 0.4894 | softDice: 0.4607 | clDice: 0.5738 | softclDice: 0.4519 | IoU: 0.3246 | Tversky: 0.4894 | Hausdorff: 251.2024 | HD95: 29.7224 | val_loss: 0.6562 | LR: 0.000500
2025-08-21 05:02:58 INFO Epoch 026 | Train Loss: 0.6722 | Val Loss: 0.6588 | Dice: 0.4907 | softDice: 0.4616 | clDice: 0.5672 | softclDice: 0.4531 | IoU: 0.3258 | Tversky: 0.4907 | Hausdorff: 476.3032 | HD95: 31.3469 | val_loss: 0.6588 | LR: 0.000500
2025-08-21 05:04:41 INFO Epoch 027 | Train Loss: 0.6685 | Val Loss: 0.6568 | Dice: 0.4932 | softDice: 0.4635 | clDice: 0.5677 | softclDice: 0.4535 | IoU: 0.3281 | Tversky: 0.4932 | Hausdorff: 372.6934 | HD95: 31.3770 | val_loss: 0.6568 | LR: 0.000500
2025-08-21 05:06:26 INFO Epoch 028 | Train Loss: 0.6676 | Val Loss: 0.6563 | Dice: 0.4939 | softDice: 0.4656 | clDice: 0.5706 | softclDice: 0.4483 | IoU: 0.3287 | Tversky: 0.4939 | Hausdorff: 251.9118 | HD95: 29.3088 | val_loss: 0.6563 | LR: 0.000500
2025-08-21 05:08:23 INFO Epoch 029 | Train Loss: 0.6673 | Val Loss: 0.6604 | Dice: 0.4877 | softDice: 0.4589 | clDice: 0.5674 | softclDice: 0.4523 | IoU: 0.3232 | Tversky: 0.4877 | Hausdorff: 258.2794 | HD95: 33.2953 | val_loss: 0.6604 | LR: 0.000500
2025-08-21 05:10:14 INFO Epoch 030 | Train Loss: 0.6681 | Val Loss: 0.6548 | Dice: 0.4936 | softDice: 0.4658 | clDice: 0.5745 | softclDice: 0.4464 | IoU: 0.3284 | Tversky: 0.4936 | Hausdorff: 236.7249 | HD95: 30.5059 | val_loss: 0.6548 | LR: 0.000250
2025-08-21 05:11:59 INFO Epoch 031 | Train Loss: 0.6676 | Val Loss: 0.6564 | Dice: 0.4954 | softDice: 0.4664 | clDice: 0.5706 | softclDice: 0.4477 | IoU: 0.3300 | Tversky: 0.4954 | Hausdorff: 242.1913 | HD95: 31.7719 | val_loss: 0.6564 | LR: 0.000250
2025-08-21 05:13:42 INFO Epoch 032 | Train Loss: 0.6608 | Val Loss: 0.6523 | Dice: 0.4957 | softDice: 0.4687 | clDice: 0.5743 | softclDice: 0.4414 | IoU: 0.3301 | Tversky: 0.4957 | Hausdorff: 250.9216 | HD95: 31.8759 | val_loss: 0.6523 | LR: 0.000250
2025-08-21 05:15:27 INFO Epoch 033 | Train Loss: 0.6602 | Val Loss: 0.6589 | Dice: 0.4918 | softDice: 0.4634 | clDice: 0.5677 | softclDice: 0.4512 | IoU: 0.3268 | Tversky: 0.4918 | Hausdorff: 246.0396 | HD95: 29.7768 | val_loss: 0.6589 | LR: 0.000250
2025-08-21 05:17:07 INFO Epoch 034 | Train Loss: 0.6656 | Val Loss: 0.6553 | Dice: 0.4960 | softDice: 0.4662 | clDice: 0.5730 | softclDice: 0.4482 | IoU: 0.3305 | Tversky: 0.4960 | Hausdorff: 249.6152 | HD95: 29.1469 | val_loss: 0.6553 | LR: 0.000250
2025-08-21 05:18:51 INFO Epoch 035 | Train Loss: 0.6629 | Val Loss: 0.6565 | Dice: 0.4933 | softDice: 0.4649 | clDice: 0.5729 | softclDice: 0.4457 | IoU: 0.3280 | Tversky: 0.4933 | Hausdorff: 248.8315 | HD95: 29.3946 | val_loss: 0.6565 | LR: 0.000250
2025-08-21 05:20:35 INFO Epoch 036 | Train Loss: 0.6613 | Val Loss: 0.6583 | Dice: 0.4947 | softDice: 0.4652 | clDice: 0.5669 | softclDice: 0.4513 | IoU: 0.3293 | Tversky: 0.4947 | Hausdorff: 245.2326 | HD95: 30.8127 | val_loss: 0.6583 | LR: 0.000125
2025-08-21 05:22:17 INFO Epoch 037 | Train Loss: 0.6592 | Val Loss: 0.6541 | Dice: 0.4960 | softDice: 0.4693 | clDice: 0.5701 | softclDice: 0.4472 | IoU: 0.3305 | Tversky: 0.4960 | Hausdorff: 252.4704 | HD95: 30.3227 | val_loss: 0.6541 | LR: 0.000125
2025-08-21 05:23:59 INFO Epoch 038 | Train Loss: 0.6565 | Val Loss: 0.6607 | Dice: 0.4924 | softDice: 0.4658 | clDice: 0.5620 | softclDice: 0.4556 | IoU: 0.3273 | Tversky: 0.4924 | Hausdorff: 251.4643 | HD95: 29.1512 | val_loss: 0.6607 | LR: 0.000125
2025-08-21 05:25:41 INFO Epoch 039 | Train Loss: 0.6553 | Val Loss: 0.6551 | Dice: 0.4957 | softDice: 0.4684 | clDice: 0.5696 | softclDice: 0.4483 | IoU: 0.3302 | Tversky: 0.4957 | Hausdorff: 244.7639 | HD95: 27.9744 | val_loss: 0.6551 | LR: 0.000125
2025-08-21 05:27:22 INFO Epoch 040 | Train Loss: 0.6547 | Val Loss: 0.6566 | Dice: 0.4952 | softDice: 0.4674 | clDice: 0.5677 | softclDice: 0.4502 | IoU: 0.3298 | Tversky: 0.4952 | Hausdorff: 248.0735 | HD95: 29.4539 | val_loss: 0.6566 | LR: 0.000125
2025-08-21 05:29:02 INFO Epoch 041 | Train Loss: 0.6514 | Val Loss: 0.6591 | Dice: 0.4924 | softDice: 0.4660 | clDice: 0.5628 | softclDice: 0.4540 | IoU: 0.3274 | Tversky: 0.4924 | Hausdorff: 250.1602 | HD95: 28.6240 | val_loss: 0.6591 | LR: 0.000125
2025-08-21 05:30:45 INFO Epoch 042 | Train Loss: 0.6558 | Val Loss: 0.6571 | Dice: 0.4932 | softDice: 0.4662 | clDice: 0.5654 | softclDice: 0.4520 | IoU: 0.3280 | Tversky: 0.4932 | Hausdorff: 245.5712 | HD95: 28.8764 | val_loss: 0.6571 | LR: 0.000063
2025-08-21 05:32:28 INFO Epoch 043 | Train Loss: 0.6542 | Val Loss: 0.6554 | Dice: 0.4958 | softDice: 0.4685 | clDice: 0.5686 | softclDice: 0.4497 | IoU: 0.3303 | Tversky: 0.4958 | Hausdorff: 244.0599 | HD95: 28.2546 | val_loss: 0.6554 | LR: 0.000063
2025-08-21 05:34:09 INFO Epoch 044 | Train Loss: 0.6531 | Val Loss: 0.6562 | Dice: 0.4950 | softDice: 0.4674 | clDice: 0.5673 | softclDice: 0.4505 | IoU: 0.3296 | Tversky: 0.4950 | Hausdorff: 244.4077 | HD95: 27.2802 | val_loss: 0.6562 | LR: 0.000063
2025-08-21 05:35:57 INFO Early stopping at epoch 45 | Best Dice: 0.4968 at epoch 1
2025-08-21 05:36:49 INFO Fold 3 results: Dice: 0.4957 | softDice: 0.4687 | clDice: 0.5743 | softclDice: 0.4414 | IoU: 0.3301 | Tversky: 0.4957 | Hausdorff: 250.9216 | HD95: 31.8759 | val_loss: 0.6523
2025-08-21 05:36:49 INFO ===== Fold 4 / 5 =====
2025-08-21 05:36:49 INFO Loading model unet with settings {'name': 'unet', 'encoder_name': 'se_resnext50_32x4d', 'encoder_weights': 'imagenet', 'classes': 1, 'activation': None, 'dropout': 0.2}
2025-08-21 05:38:33 INFO Epoch 001 | Train Loss: 0.9933 | Val Loss: 0.8245 | Dice: 0.4360 | softDice: 0.3012 | clDice: 0.5036 | softclDice: 0.7196 | IoU: 0.2791 | Tversky: 0.4360 | Hausdorff: 397.3464 | HD95: 55.8191 | val_loss: 0.8245 | LR: 0.001000
2025-08-21 05:40:20 INFO Epoch 002 | Train Loss: 0.7656 | Val Loss: 0.7320 | Dice: 0.4477 | softDice: 0.3858 | clDice: 0.5131 | softclDice: 0.5760 | IoU: 0.2886 | Tversky: 0.4477 | Hausdorff: 427.2865 | HD95: 48.0601 | val_loss: 0.7320 | LR: 0.001000
2025-08-21 05:42:17 INFO Epoch 003 | Train Loss: 0.7283 | Val Loss: 0.7229 | Dice: 0.4399 | softDice: 0.3982 | clDice: 0.5161 | softclDice: 0.5619 | IoU: 0.2822 | Tversky: 0.4399 | Hausdorff: 448.9793 | HD95: 44.7442 | val_loss: 0.7229 | LR: 0.001000
2025-08-21 05:44:01 INFO Epoch 004 | Train Loss: 0.7156 | Val Loss: 0.6905 | Dice: 0.4634 | softDice: 0.4285 | clDice: 0.5432 | softclDice: 0.5047 | IoU: 0.3017 | Tversky: 0.4634 | Hausdorff: 270.4556 | HD95: 37.0918 | val_loss: 0.6905 | LR: 0.001000
2025-08-21 05:45:46 INFO Epoch 005 | Train Loss: 0.7087 | Val Loss: 0.6961 | Dice: 0.4587 | softDice: 0.4304 | clDice: 0.5494 | softclDice: 0.4987 | IoU: 0.2978 | Tversky: 0.4587 | Hausdorff: 276.2634 | HD95: 35.8770 | val_loss: 0.6961 | LR: 0.001000
2025-08-21 05:47:29 INFO Epoch 006 | Train Loss: 0.7089 | Val Loss: 0.6815 | Dice: 0.4737 | softDice: 0.4441 | clDice: 0.5433 | softclDice: 0.4890 | IoU: 0.3106 | Tversky: 0.4737 | Hausdorff: 218.5102 | HD95: 34.6858 | val_loss: 0.6815 | LR: 0.001000
2025-08-21 05:49:14 INFO Epoch 007 | Train Loss: 0.6979 | Val Loss: 0.6853 | Dice: 0.4717 | softDice: 0.4350 | clDice: 0.5405 | softclDice: 0.5020 | IoU: 0.3089 | Tversky: 0.4717 | Hausdorff: 238.2609 | HD95: 36.3159 | val_loss: 0.6853 | LR: 0.001000
2025-08-21 05:50:57 INFO Epoch 008 | Train Loss: 0.6974 | Val Loss: 0.6866 | Dice: 0.4683 | softDice: 0.4351 | clDice: 0.5315 | softclDice: 0.5079 | IoU: 0.3060 | Tversky: 0.4683 | Hausdorff: 241.9784 | HD95: 35.7438 | val_loss: 0.6866 | LR: 0.001000
2025-08-21 05:52:45 INFO Epoch 009 | Train Loss: 0.6966 | Val Loss: 0.6784 | Dice: 0.4743 | softDice: 0.4433 | clDice: 0.5525 | softclDice: 0.4805 | IoU: 0.3110 | Tversky: 0.4743 | Hausdorff: 226.5156 | HD95: 31.3027 | val_loss: 0.6784 | LR: 0.001000
2025-08-21 05:54:28 INFO Epoch 010 | Train Loss: 0.6986 | Val Loss: 0.6873 | Dice: 0.4721 | softDice: 0.4371 | clDice: 0.5341 | softclDice: 0.4981 | IoU: 0.3091 | Tversky: 0.4721 | Hausdorff: 233.7675 | HD95: 33.5244 | val_loss: 0.6873 | LR: 0.001000
2025-08-21 05:56:13 INFO Epoch 011 | Train Loss: 0.6960 | Val Loss: 0.6726 | Dice: 0.4811 | softDice: 0.4508 | clDice: 0.5494 | softclDice: 0.4772 | IoU: 0.3169 | Tversky: 0.4811 | Hausdorff: 294.6352 | HD95: 31.5692 | val_loss: 0.6726 | LR: 0.001000
2025-08-21 05:57:59 INFO Epoch 012 | Train Loss: 0.6941 | Val Loss: 0.6766 | Dice: 0.4736 | softDice: 0.4444 | clDice: 0.5551 | softclDice: 0.4796 | IoU: 0.3105 | Tversky: 0.4736 | Hausdorff: 223.1126 | HD95: 32.3820 | val_loss: 0.6766 | LR: 0.001000
2025-08-21 05:59:39 INFO Epoch 013 | Train Loss: 0.6868 | Val Loss: 0.6801 | Dice: 0.4709 | softDice: 0.4439 | clDice: 0.5369 | softclDice: 0.4908 | IoU: 0.3081 | Tversky: 0.4709 | Hausdorff: 326.0191 | HD95: 32.6471 | val_loss: 0.6801 | LR: 0.001000
2025-08-21 06:01:24 INFO Epoch 014 | Train Loss: 0.6883 | Val Loss: 0.6809 | Dice: 0.4772 | softDice: 0.4415 | clDice: 0.5379 | softclDice: 0.4895 | IoU: 0.3135 | Tversky: 0.4772 | Hausdorff: 240.1013 | HD95: 33.1462 | val_loss: 0.6809 | LR: 0.001000
2025-08-21 06:03:06 INFO Epoch 015 | Train Loss: 0.6864 | Val Loss: 0.6727 | Dice: 0.4810 | softDice: 0.4515 | clDice: 0.5534 | softclDice: 0.4718 | IoU: 0.3169 | Tversky: 0.4810 | Hausdorff: 210.4609 | HD95: 33.6720 | val_loss: 0.6727 | LR: 0.001000
2025-08-21 06:04:48 INFO Epoch 016 | Train Loss: 0.6882 | Val Loss: 0.6799 | Dice: 0.4735 | softDice: 0.4387 | clDice: 0.5468 | softclDice: 0.4846 | IoU: 0.3104 | Tversky: 0.4735 | Hausdorff: 259.9551 | HD95: 33.5127 | val_loss: 0.6799 | LR: 0.001000
2025-08-21 06:06:31 INFO Epoch 017 | Train Loss: 0.6866 | Val Loss: 0.6748 | Dice: 0.4795 | softDice: 0.4454 | clDice: 0.5447 | softclDice: 0.4887 | IoU: 0.3157 | Tversky: 0.4795 | Hausdorff: 328.2319 | HD95: 32.7067 | val_loss: 0.6748 | LR: 0.000500
2025-08-21 06:08:14 INFO Epoch 018 | Train Loss: 0.6792 | Val Loss: 0.6693 | Dice: 0.4851 | softDice: 0.4577 | clDice: 0.5538 | softclDice: 0.4682 | IoU: 0.3205 | Tversky: 0.4851 | Hausdorff: 246.5394 | HD95: 31.3513 | val_loss: 0.6693 | LR: 0.000500
2025-08-21 06:10:00 INFO Epoch 019 | Train Loss: 0.6778 | Val Loss: 0.6655 | Dice: 0.4852 | softDice: 0.4541 | clDice: 0.5569 | softclDice: 0.4698 | IoU: 0.3206 | Tversky: 0.4852 | Hausdorff: 221.0031 | HD95: 30.7226 | val_loss: 0.6655 | LR: 0.000500
2025-08-21 06:11:44 INFO Epoch 020 | Train Loss: 0.6757 | Val Loss: 0.6630 | Dice: 0.4887 | softDice: 0.4609 | clDice: 0.5609 | softclDice: 0.4640 | IoU: 0.3236 | Tversky: 0.4887 | Hausdorff: 224.1831 | HD95: 28.4952 | val_loss: 0.6630 | LR: 0.000500
2025-08-21 06:13:29 INFO Epoch 021 | Train Loss: 0.6771 | Val Loss: 0.6644 | Dice: 0.4893 | softDice: 0.4626 | clDice: 0.5604 | softclDice: 0.4603 | IoU: 0.3241 | Tversky: 0.4893 | Hausdorff: 208.6621 | HD95: 29.7810 | val_loss: 0.6644 | LR: 0.000500
2025-08-21 06:15:14 INFO Epoch 022 | Train Loss: 0.6703 | Val Loss: 0.6708 | Dice: 0.4788 | softDice: 0.4509 | clDice: 0.5564 | softclDice: 0.4717 | IoU: 0.3149 | Tversky: 0.4788 | Hausdorff: 239.3905 | HD95: 29.8295 | val_loss: 0.6708 | LR: 0.000500
2025-08-21 06:16:59 INFO Epoch 023 | Train Loss: 0.6740 | Val Loss: 0.6674 | Dice: 0.4847 | softDice: 0.4574 | clDice: 0.5545 | softclDice: 0.4684 | IoU: 0.3201 | Tversky: 0.4847 | Hausdorff: 231.4741 | HD95: 28.4916 | val_loss: 0.6674 | LR: 0.000500
2025-08-21 06:18:47 INFO Epoch 024 | Train Loss: 0.6724 | Val Loss: 0.6622 | Dice: 0.4864 | softDice: 0.4591 | clDice: 0.5652 | softclDice: 0.4578 | IoU: 0.3216 | Tversky: 0.4864 | Hausdorff: 226.9039 | HD95: 29.5368 | val_loss: 0.6622 | LR: 0.000500
2025-08-21 06:20:30 INFO Epoch 025 | Train Loss: 0.6718 | Val Loss: 0.6643 | Dice: 0.4863 | softDice: 0.4568 | clDice: 0.5603 | softclDice: 0.4623 | IoU: 0.3215 | Tversky: 0.4863 | Hausdorff: 228.9687 | HD95: 27.2373 | val_loss: 0.6643 | LR: 0.000500
2025-08-21 06:22:29 INFO Epoch 026 | Train Loss: 0.6751 | Val Loss: 0.6656 | Dice: 0.4872 | softDice: 0.4613 | clDice: 0.5550 | softclDice: 0.4678 | IoU: 0.3223 | Tversky: 0.4872 | Hausdorff: 225.4146 | HD95: 28.0751 | val_loss: 0.6656 | LR: 0.000500
2025-08-21 06:24:14 INFO Epoch 027 | Train Loss: 0.6716 | Val Loss: 0.6664 | Dice: 0.4866 | softDice: 0.4581 | clDice: 0.5601 | softclDice: 0.4643 | IoU: 0.3217 | Tversky: 0.4866 | Hausdorff: 224.4216 | HD95: 29.3138 | val_loss: 0.6664 | LR: 0.000500
2025-08-21 06:25:55 INFO Epoch 028 | Train Loss: 0.6699 | Val Loss: 0.6669 | Dice: 0.4841 | softDice: 0.4571 | clDice: 0.5562 | softclDice: 0.4649 | IoU: 0.3196 | Tversky: 0.4841 | Hausdorff: 221.2244 | HD95: 28.0400 | val_loss: 0.6669 | LR: 0.000500
2025-08-21 06:27:46 INFO Epoch 029 | Train Loss: 0.6723 | Val Loss: 0.6661 | Dice: 0.4849 | softDice: 0.4554 | clDice: 0.5540 | softclDice: 0.4680 | IoU: 0.3203 | Tversky: 0.4849 | Hausdorff: 225.2267 | HD95: 29.3281 | val_loss: 0.6661 | LR: 0.000500
2025-08-21 06:29:31 INFO Epoch 030 | Train Loss: 0.6719 | Val Loss: 0.6675 | Dice: 0.4842 | softDice: 0.4577 | clDice: 0.5566 | softclDice: 0.4639 | IoU: 0.3196 | Tversky: 0.4842 | Hausdorff: 207.3951 | HD95: 31.3907 | val_loss: 0.6675 | LR: 0.000250
2025-08-21 06:31:17 INFO Epoch 031 | Train Loss: 0.6660 | Val Loss: 0.6604 | Dice: 0.4904 | softDice: 0.4613 | clDice: 0.5643 | softclDice: 0.4558 | IoU: 0.3251 | Tversky: 0.4904 | Hausdorff: 199.0719 | HD95: 27.1978 | val_loss: 0.6604 | LR: 0.000250
2025-08-21 06:33:01 INFO Epoch 032 | Train Loss: 0.6655 | Val Loss: 0.6573 | Dice: 0.4952 | softDice: 0.4663 | clDice: 0.5634 | softclDice: 0.4543 | IoU: 0.3294 | Tversky: 0.4952 | Hausdorff: 204.3039 | HD95: 27.9831 | val_loss: 0.6573 | LR: 0.000250
2025-08-21 06:34:43 INFO Epoch 033 | Train Loss: 0.6604 | Val Loss: 0.6598 | Dice: 0.4914 | softDice: 0.4637 | clDice: 0.5635 | softclDice: 0.4564 | IoU: 0.3260 | Tversky: 0.4914 | Hausdorff: 204.9128 | HD95: 28.4328 | val_loss: 0.6598 | LR: 0.000250
2025-08-21 06:36:24 INFO Epoch 034 | Train Loss: 0.6614 | Val Loss: 0.6581 | Dice: 0.4944 | softDice: 0.4674 | clDice: 0.5623 | softclDice: 0.4544 | IoU: 0.3287 | Tversky: 0.4944 | Hausdorff: 225.1475 | HD95: 28.0807 | val_loss: 0.6581 | LR: 0.000250
2025-08-21 06:38:10 INFO Epoch 035 | Train Loss: 0.6620 | Val Loss: 0.6573 | Dice: 0.4935 | softDice: 0.4669 | clDice: 0.5662 | softclDice: 0.4520 | IoU: 0.3279 | Tversky: 0.4935 | Hausdorff: 211.6511 | HD95: 27.5652 | val_loss: 0.6573 | LR: 0.000250
2025-08-21 06:39:51 INFO Epoch 036 | Train Loss: 0.6612 | Val Loss: 0.6591 | Dice: 0.4905 | softDice: 0.4632 | clDice: 0.5654 | softclDice: 0.4562 | IoU: 0.3252 | Tversky: 0.4905 | Hausdorff: 215.2559 | HD95: 26.9453 | val_loss: 0.6591 | LR: 0.000250
2025-08-21 06:41:36 INFO Epoch 037 | Train Loss: 0.6585 | Val Loss: 0.6614 | Dice: 0.4912 | softDice: 0.4647 | clDice: 0.5604 | softclDice: 0.4582 | IoU: 0.3259 | Tversky: 0.4912 | Hausdorff: 203.8698 | HD95: 27.1500 | val_loss: 0.6614 | LR: 0.000250
2025-08-21 06:43:23 INFO Epoch 038 | Train Loss: 0.6564 | Val Loss: 0.6599 | Dice: 0.4921 | softDice: 0.4647 | clDice: 0.5621 | softclDice: 0.4573 | IoU: 0.3266 | Tversky: 0.4921 | Hausdorff: 221.3658 | HD95: 28.4826 | val_loss: 0.6599 | LR: 0.000125
2025-08-21 06:45:09 INFO Epoch 039 | Train Loss: 0.6559 | Val Loss: 0.6581 | Dice: 0.4932 | softDice: 0.4661 | clDice: 0.5630 | softclDice: 0.4553 | IoU: 0.3276 | Tversky: 0.4932 | Hausdorff: 227.8403 | HD95: 26.6737 | val_loss: 0.6581 | LR: 0.000125
2025-08-21 06:46:55 INFO Epoch 040 | Train Loss: 0.6607 | Val Loss: 0.6573 | Dice: 0.4926 | softDice: 0.4639 | clDice: 0.5641 | softclDice: 0.4554 | IoU: 0.3271 | Tversky: 0.4926 | Hausdorff: 230.5395 | HD95: 26.7322 | val_loss: 0.6573 | LR: 0.000125
2025-08-21 06:48:42 INFO Epoch 041 | Train Loss: 0.6563 | Val Loss: 0.6594 | Dice: 0.4910 | softDice: 0.4646 | clDice: 0.5633 | softclDice: 0.4550 | IoU: 0.3257 | Tversky: 0.4910 | Hausdorff: 204.3996 | HD95: 26.8170 | val_loss: 0.6594 | LR: 0.000125
2025-08-21 06:50:27 INFO Epoch 042 | Train Loss: 0.6535 | Val Loss: 0.6570 | Dice: 0.4945 | softDice: 0.4671 | clDice: 0.5666 | softclDice: 0.4532 | IoU: 0.3288 | Tversky: 0.4945 | Hausdorff: 209.5360 | HD95: 25.9043 | val_loss: 0.6570 | LR: 0.000125
2025-08-21 06:52:11 INFO Epoch 043 | Train Loss: 0.6554 | Val Loss: 0.6586 | Dice: 0.4920 | softDice: 0.4650 | clDice: 0.5643 | softclDice: 0.4548 | IoU: 0.3265 | Tversky: 0.4920 | Hausdorff: 211.8486 | HD95: 25.7658 | val_loss: 0.6586 | LR: 0.000125
2025-08-21 06:53:55 INFO Epoch 044 | Train Loss: 0.6561 | Val Loss: 0.6586 | Dice: 0.4921 | softDice: 0.4663 | clDice: 0.5649 | softclDice: 0.4533 | IoU: 0.3267 | Tversky: 0.4921 | Hausdorff: 218.0601 | HD95: 26.7648 | val_loss: 0.6586 | LR: 0.000125
2025-08-21 06:55:40 INFO Epoch 045 | Train Loss: 0.6567 | Val Loss: 0.6580 | Dice: 0.4930 | softDice: 0.4654 | clDice: 0.5662 | softclDice: 0.4532 | IoU: 0.3274 | Tversky: 0.4930 | Hausdorff: 227.1421 | HD95: 27.4898 | val_loss: 0.6580 | LR: 0.000125
2025-08-21 06:57:24 INFO Epoch 046 | Train Loss: 0.6545 | Val Loss: 0.6610 | Dice: 0.4907 | softDice: 0.4636 | clDice: 0.5625 | softclDice: 0.4566 | IoU: 0.3254 | Tversky: 0.4907 | Hausdorff: 216.2216 | HD95: 26.7074 | val_loss: 0.6610 | LR: 0.000125
2025-08-21 06:59:09 INFO Epoch 047 | Train Loss: 0.6502 | Val Loss: 0.6620 | Dice: 0.4899 | softDice: 0.4639 | clDice: 0.5615 | softclDice: 0.4575 | IoU: 0.3247 | Tversky: 0.4899 | Hausdorff: 225.1786 | HD95: 27.7258 | val_loss: 0.6620 | LR: 0.000125
2025-08-21 07:00:52 INFO Epoch 048 | Train Loss: 0.6507 | Val Loss: 0.6640 | Dice: 0.4906 | softDice: 0.4640 | clDice: 0.5578 | softclDice: 0.4610 | IoU: 0.3253 | Tversky: 0.4906 | Hausdorff: 210.2653 | HD95: 27.8879 | val_loss: 0.6640 | LR: 0.000063
2025-08-21 07:02:39 INFO Epoch 049 | Train Loss: 0.6573 | Val Loss: 0.6612 | Dice: 0.4895 | softDice: 0.4633 | clDice: 0.5609 | softclDice: 0.4575 | IoU: 0.3243 | Tversky: 0.4895 | Hausdorff: 230.3747 | HD95: 27.1629 | val_loss: 0.6612 | LR: 0.000063
2025-08-21 07:04:24 INFO Epoch 050 | Train Loss: 0.6503 | Val Loss: 0.6625 | Dice: 0.4895 | softDice: 0.4627 | clDice: 0.5598 | softclDice: 0.4599 | IoU: 0.3243 | Tversky: 0.4895 | Hausdorff: 203.9065 | HD95: 27.2109 | val_loss: 0.6625 | LR: 0.000063
2025-08-21 07:06:12 INFO Epoch 051 | Train Loss: 0.6497 | Val Loss: 0.6628 | Dice: 0.4883 | softDice: 0.4623 | clDice: 0.5594 | softclDice: 0.4601 | IoU: 0.3233 | Tversky: 0.4883 | Hausdorff: 214.7820 | HD95: 26.7747 | val_loss: 0.6628 | LR: 0.000063
2025-08-21 07:07:56 INFO Epoch 052 | Train Loss: 0.6523 | Val Loss: 0.6625 | Dice: 0.4904 | softDice: 0.4634 | clDice: 0.5581 | softclDice: 0.4603 | IoU: 0.3251 | Tversky: 0.4904 | Hausdorff: 214.4907 | HD95: 26.3755 | val_loss: 0.6625 | LR: 0.000063
2025-08-21 07:09:45 INFO Epoch 053 | Train Loss: 0.6524 | Val Loss: 0.6624 | Dice: 0.4899 | softDice: 0.4627 | clDice: 0.5585 | softclDice: 0.4601 | IoU: 0.3247 | Tversky: 0.4899 | Hausdorff: 211.6300 | HD95: 26.8080 | val_loss: 0.6624 | LR: 0.000063
2025-08-21 07:11:42 INFO Epoch 054 | Train Loss: 0.6465 | Val Loss: 0.6620 | Dice: 0.4909 | softDice: 0.4645 | clDice: 0.5578 | softclDice: 0.4602 | IoU: 0.3256 | Tversky: 0.4909 | Hausdorff: 215.7217 | HD95: 26.8091 | val_loss: 0.6620 | LR: 0.000031
2025-08-21 07:13:27 INFO Epoch 055 | Train Loss: 0.6484 | Val Loss: 0.6633 | Dice: 0.4899 | softDice: 0.4637 | clDice: 0.5574 | softclDice: 0.4604 | IoU: 0.3247 | Tversky: 0.4899 | Hausdorff: 213.2411 | HD95: 27.1117 | val_loss: 0.6633 | LR: 0.000031
2025-08-21 07:15:10 INFO Epoch 056 | Train Loss: 0.6461 | Val Loss: 0.6632 | Dice: 0.4903 | softDice: 0.4639 | clDice: 0.5591 | softclDice: 0.4595 | IoU: 0.3251 | Tversky: 0.4903 | Hausdorff: 191.7318 | HD95: 27.0759 | val_loss: 0.6632 | LR: 0.000031
2025-08-21 07:16:57 INFO Epoch 057 | Train Loss: 0.6447 | Val Loss: 0.6653 | Dice: 0.4884 | softDice: 0.4624 | clDice: 0.5548 | softclDice: 0.4630 | IoU: 0.3235 | Tversky: 0.4884 | Hausdorff: 209.0780 | HD95: 26.8364 | val_loss: 0.6653 | LR: 0.000031
2025-08-21 07:18:40 INFO Epoch 058 | Train Loss: 0.6489 | Val Loss: 0.6625 | Dice: 0.4908 | softDice: 0.4648 | clDice: 0.5572 | softclDice: 0.4597 | IoU: 0.3255 | Tversky: 0.4908 | Hausdorff: 209.8560 | HD95: 26.7761 | val_loss: 0.6625 | LR: 0.000031
2025-08-21 07:20:24 INFO Epoch 059 | Train Loss: 0.6459 | Val Loss: 0.6654 | Dice: 0.4879 | softDice: 0.4623 | clDice: 0.5548 | softclDice: 0.4631 | IoU: 0.3230 | Tversky: 0.4879 | Hausdorff: 214.9094 | HD95: 27.3335 | val_loss: 0.6654 | LR: 0.000031
2025-08-21 07:22:08 INFO Epoch 060 | Train Loss: 0.6468 | Val Loss: 0.6657 | Dice: 0.4889 | softDice: 0.4628 | clDice: 0.5547 | softclDice: 0.4645 | IoU: 0.3238 | Tversky: 0.4889 | Hausdorff: 203.7222 | HD95: 27.5663 | val_loss: 0.6657 | LR: 0.000016
2025-08-21 07:23:52 INFO Early stopping at epoch 61 | Best Dice: 0.4952 at epoch 1
2025-08-21 07:24:44 INFO Fold 4 results: Dice: 0.4935 | softDice: 0.4669 | clDice: 0.5662 | softclDice: 0.4520 | IoU: 0.3279 | Tversky: 0.4935 | Hausdorff: 211.6511 | HD95: 27.5652 | val_loss: 0.6573
2025-08-21 07:24:44 INFO ===== Fold 5 / 5 =====
2025-08-21 07:24:44 INFO Loading model unet with settings {'name': 'unet', 'encoder_name': 'se_resnext50_32x4d', 'encoder_weights': 'imagenet', 'classes': 1, 'activation': None, 'dropout': 0.2}
2025-08-21 07:26:42 INFO Epoch 001 | Train Loss: 0.9545 | Val Loss: 0.7937 | Dice: 0.4333 | softDice: 0.3066 | clDice: 0.5078 | softclDice: 0.6765 | IoU: 0.2768 | Tversky: 0.4333 | Hausdorff: 575.8200 | HD95: 60.7705 | val_loss: 0.7937 | LR: 0.001000
2025-08-21 07:28:26 INFO Epoch 002 | Train Loss: 0.7537 | Val Loss: 0.7093 | Dice: 0.4553 | softDice: 0.3945 | clDice: 0.5343 | softclDice: 0.5498 | IoU: 0.2949 | Tversky: 0.4553 | Hausdorff: 300.3039 | HD95: 48.3221 | val_loss: 0.7093 | LR: 0.001000
2025-08-21 07:30:09 INFO Epoch 003 | Train Loss: 0.7250 | Val Loss: 0.6903 | Dice: 0.4547 | softDice: 0.4163 | clDice: 0.5451 | softclDice: 0.5165 | IoU: 0.2945 | Tversky: 0.4547 | Hausdorff: 400.5130 | HD95: 48.4797 | val_loss: 0.6903 | LR: 0.001000
2025-08-21 07:31:53 INFO Epoch 004 | Train Loss: 0.7148 | Val Loss: 0.6835 | Dice: 0.4660 | softDice: 0.4326 | clDice: 0.5411 | softclDice: 0.4960 | IoU: 0.3039 | Tversky: 0.4660 | Hausdorff: 264.1120 | HD95: 45.4146 | val_loss: 0.6835 | LR: 0.001000
2025-08-21 07:33:36 INFO Epoch 005 | Train Loss: 0.7117 | Val Loss: 0.6847 | Dice: 0.4612 | softDice: 0.4306 | clDice: 0.5352 | softclDice: 0.4951 | IoU: 0.3001 | Tversky: 0.4612 | Hausdorff: 286.6902 | HD95: 45.3257 | val_loss: 0.6847 | LR: 0.001000
2025-08-21 07:35:18 INFO Epoch 006 | Train Loss: 0.7072 | Val Loss: 0.6711 | Dice: 0.4724 | softDice: 0.4466 | clDice: 0.5527 | softclDice: 0.4711 | IoU: 0.3095 | Tversky: 0.4724 | Hausdorff: 241.3451 | HD95: 38.4811 | val_loss: 0.6711 | LR: 0.001000
2025-08-21 07:37:01 INFO Epoch 007 | Train Loss: 0.7011 | Val Loss: 0.6706 | Dice: 0.4685 | softDice: 0.4395 | clDice: 0.5607 | softclDice: 0.4749 | IoU: 0.3062 | Tversky: 0.4685 | Hausdorff: 275.8053 | HD95: 42.3173 | val_loss: 0.6706 | LR: 0.001000
2025-08-21 07:38:46 INFO Epoch 008 | Train Loss: 0.7011 | Val Loss: 0.6811 | Dice: 0.4611 | softDice: 0.4287 | clDice: 0.5382 | softclDice: 0.4969 | IoU: 0.2998 | Tversky: 0.4611 | Hausdorff: 234.3329 | HD95: 37.5752 | val_loss: 0.6811 | LR: 0.001000
2025-08-21 07:40:30 INFO Epoch 009 | Train Loss: 0.6957 | Val Loss: 0.6701 | Dice: 0.4740 | softDice: 0.4420 | clDice: 0.5512 | softclDice: 0.4759 | IoU: 0.3109 | Tversky: 0.4740 | Hausdorff: 232.6677 | HD95: 41.0512 | val_loss: 0.6701 | LR: 0.001000
2025-08-21 07:42:13 INFO Epoch 010 | Train Loss: 0.6932 | Val Loss: 0.6711 | Dice: 0.4774 | softDice: 0.4464 | clDice: 0.5569 | softclDice: 0.4663 | IoU: 0.3139 | Tversky: 0.4774 | Hausdorff: 227.5126 | HD95: 43.4236 | val_loss: 0.6711 | LR: 0.001000
2025-08-21 07:43:54 INFO Epoch 011 | Train Loss: 0.6926 | Val Loss: 0.6679 | Dice: 0.4726 | softDice: 0.4405 | clDice: 0.5520 | softclDice: 0.4769 | IoU: 0.3098 | Tversky: 0.4726 | Hausdorff: 220.7847 | HD95: 37.8719 | val_loss: 0.6679 | LR: 0.001000
2025-08-21 07:45:39 INFO Epoch 012 | Train Loss: 0.6953 | Val Loss: 0.6668 | Dice: 0.4709 | softDice: 0.4425 | clDice: 0.5630 | softclDice: 0.4544 | IoU: 0.3082 | Tversky: 0.4709 | Hausdorff: 214.9834 | HD95: 38.0672 | val_loss: 0.6668 | LR: 0.001000
2025-08-21 07:47:22 INFO Epoch 013 | Train Loss: 0.6912 | Val Loss: 0.6731 | Dice: 0.4771 | softDice: 0.4434 | clDice: 0.5446 | softclDice: 0.4799 | IoU: 0.3137 | Tversky: 0.4771 | Hausdorff: 216.8311 | HD95: 39.9478 | val_loss: 0.6731 | LR: 0.001000
2025-08-21 07:49:07 INFO Epoch 014 | Train Loss: 0.6905 | Val Loss: 0.6716 | Dice: 0.4674 | softDice: 0.4409 | clDice: 0.5524 | softclDice: 0.4702 | IoU: 0.3053 | Tversky: 0.4674 | Hausdorff: 241.5611 | HD95: 37.7050 | val_loss: 0.6716 | LR: 0.001000
2025-08-21 07:50:50 INFO Epoch 015 | Train Loss: 0.6920 | Val Loss: 0.6652 | Dice: 0.4775 | softDice: 0.4480 | clDice: 0.5503 | softclDice: 0.4718 | IoU: 0.3139 | Tversky: 0.4775 | Hausdorff: 321.0818 | HD95: 34.7955 | val_loss: 0.6652 | LR: 0.001000
2025-08-21 07:52:36 INFO Epoch 016 | Train Loss: 0.6857 | Val Loss: 0.6753 | Dice: 0.4640 | softDice: 0.4387 | clDice: 0.5520 | softclDice: 0.4769 | IoU: 0.3024 | Tversky: 0.4640 | Hausdorff: 223.1158 | HD95: 43.3224 | val_loss: 0.6753 | LR: 0.001000
2025-08-21 07:54:20 INFO Epoch 017 | Train Loss: 0.6896 | Val Loss: 0.6627 | Dice: 0.4799 | softDice: 0.4498 | clDice: 0.5590 | softclDice: 0.4695 | IoU: 0.3160 | Tversky: 0.4799 | Hausdorff: 263.6293 | HD95: 38.0373 | val_loss: 0.6627 | LR: 0.001000
2025-08-21 07:56:04 INFO Epoch 018 | Train Loss: 0.6887 | Val Loss: 0.6647 | Dice: 0.4772 | softDice: 0.4463 | clDice: 0.5545 | softclDice: 0.4708 | IoU: 0.3137 | Tversky: 0.4772 | Hausdorff: 225.5471 | HD95: 36.0440 | val_loss: 0.6647 | LR: 0.001000
2025-08-21 07:58:01 INFO Epoch 019 | Train Loss: 0.6864 | Val Loss: 0.6622 | Dice: 0.4768 | softDice: 0.4502 | clDice: 0.5653 | softclDice: 0.4589 | IoU: 0.3134 | Tversky: 0.4768 | Hausdorff: 255.7107 | HD95: 38.1543 | val_loss: 0.6622 | LR: 0.001000
2025-08-21 07:59:52 INFO Epoch 020 | Train Loss: 0.6900 | Val Loss: 0.6617 | Dice: 0.4787 | softDice: 0.4492 | clDice: 0.5622 | softclDice: 0.4601 | IoU: 0.3149 | Tversky: 0.4787 | Hausdorff: 211.6552 | HD95: 35.5094 | val_loss: 0.6617 | LR: 0.001000
2025-08-21 08:01:33 INFO Epoch 021 | Train Loss: 0.6880 | Val Loss: 0.6631 | Dice: 0.4756 | softDice: 0.4448 | clDice: 0.5550 | softclDice: 0.4636 | IoU: 0.3123 | Tversky: 0.4756 | Hausdorff: 211.4727 | HD95: 35.1055 | val_loss: 0.6631 | LR: 0.001000
2025-08-21 08:03:17 INFO Epoch 022 | Train Loss: 0.6805 | Val Loss: 0.6561 | Dice: 0.4842 | softDice: 0.4577 | clDice: 0.5650 | softclDice: 0.4536 | IoU: 0.3197 | Tversky: 0.4842 | Hausdorff: 207.4789 | HD95: 32.9013 | val_loss: 0.6561 | LR: 0.001000
2025-08-21 08:05:04 INFO Epoch 023 | Train Loss: 0.6843 | Val Loss: 0.6658 | Dice: 0.4758 | softDice: 0.4447 | clDice: 0.5539 | softclDice: 0.4682 | IoU: 0.3125 | Tversky: 0.4758 | Hausdorff: 201.8369 | HD95: 33.5533 | val_loss: 0.6658 | LR: 0.001000
2025-08-21 08:06:46 INFO Epoch 024 | Train Loss: 0.6810 | Val Loss: 0.6715 | Dice: 0.4747 | softDice: 0.4479 | clDice: 0.5407 | softclDice: 0.4784 | IoU: 0.3115 | Tversky: 0.4747 | Hausdorff: 221.4128 | HD95: 41.1934 | val_loss: 0.6715 | LR: 0.001000
2025-08-21 08:08:31 INFO Epoch 025 | Train Loss: 0.6810 | Val Loss: 0.6601 | Dice: 0.4771 | softDice: 0.4458 | clDice: 0.5592 | softclDice: 0.4676 | IoU: 0.3136 | Tversky: 0.4771 | Hausdorff: 224.6585 | HD95: 34.8065 | val_loss: 0.6601 | LR: 0.001000
2025-08-21 08:10:11 INFO Epoch 026 | Train Loss: 0.6843 | Val Loss: 0.6661 | Dice: 0.4711 | softDice: 0.4412 | clDice: 0.5532 | softclDice: 0.4669 | IoU: 0.3084 | Tversky: 0.4711 | Hausdorff: 237.4818 | HD95: 34.4214 | val_loss: 0.6661 | LR: 0.001000
2025-08-21 08:11:52 INFO Epoch 027 | Train Loss: 0.6773 | Val Loss: 0.6641 | Dice: 0.4774 | softDice: 0.4497 | clDice: 0.5485 | softclDice: 0.4681 | IoU: 0.3138 | Tversky: 0.4774 | Hausdorff: 241.8580 | HD95: 39.1547 | val_loss: 0.6641 | LR: 0.001000
2025-08-21 08:13:42 INFO Epoch 028 | Train Loss: 0.6785 | Val Loss: 0.6599 | Dice: 0.4787 | softDice: 0.4474 | clDice: 0.5553 | softclDice: 0.4684 | IoU: 0.3150 | Tversky: 0.4787 | Hausdorff: 204.7671 | HD95: 37.4736 | val_loss: 0.6599 | LR: 0.000500
2025-08-21 08:15:50 INFO Epoch 029 | Train Loss: 0.6758 | Val Loss: 0.6518 | Dice: 0.4878 | softDice: 0.4586 | clDice: 0.5680 | softclDice: 0.4511 | IoU: 0.3229 | Tversky: 0.4878 | Hausdorff: 207.3075 | HD95: 33.3434 | val_loss: 0.6518 | LR: 0.000500
2025-08-21 08:18:07 INFO Epoch 030 | Train Loss: 0.6741 | Val Loss: 0.6596 | Dice: 0.4815 | softDice: 0.4536 | clDice: 0.5566 | softclDice: 0.4635 | IoU: 0.3174 | Tversky: 0.4815 | Hausdorff: 197.5610 | HD95: 31.4441 | val_loss: 0.6596 | LR: 0.000500
2025-08-21 08:20:16 INFO Epoch 031 | Train Loss: 0.6738 | Val Loss: 0.6576 | Dice: 0.4817 | softDice: 0.4580 | clDice: 0.5599 | softclDice: 0.4555 | IoU: 0.3176 | Tversky: 0.4817 | Hausdorff: 211.2965 | HD95: 34.0843 | val_loss: 0.6576 | LR: 0.000500
2025-08-21 08:22:11 INFO Epoch 032 | Train Loss: 0.6732 | Val Loss: 0.6521 | Dice: 0.4842 | softDice: 0.4562 | clDice: 0.5701 | softclDice: 0.4539 | IoU: 0.3197 | Tversky: 0.4842 | Hausdorff: 211.6644 | HD95: 30.5731 | val_loss: 0.6521 | LR: 0.000500
2025-08-21 08:24:24 INFO Epoch 033 | Train Loss: 0.6709 | Val Loss: 0.6550 | Dice: 0.4839 | softDice: 0.4597 | clDice: 0.5680 | softclDice: 0.4466 | IoU: 0.3194 | Tversky: 0.4839 | Hausdorff: 215.1835 | HD95: 33.6007 | val_loss: 0.6550 | LR: 0.000500
2025-08-21 08:26:43 INFO Epoch 034 | Train Loss: 0.6710 | Val Loss: 0.6607 | Dice: 0.4839 | softDice: 0.4574 | clDice: 0.5530 | softclDice: 0.4640 | IoU: 0.3195 | Tversky: 0.4839 | Hausdorff: 200.1136 | HD95: 32.8800 | val_loss: 0.6607 | LR: 0.000500
2025-08-21 08:28:37 INFO Epoch 035 | Train Loss: 0.6658 | Val Loss: 0.6524 | Dice: 0.4867 | softDice: 0.4582 | clDice: 0.5693 | softclDice: 0.4489 | IoU: 0.3219 | Tversky: 0.4867 | Hausdorff: 196.4538 | HD95: 33.2165 | val_loss: 0.6524 | LR: 0.000250
2025-08-21 08:30:52 INFO Epoch 036 | Train Loss: 0.6730 | Val Loss: 0.6513 | Dice: 0.4868 | softDice: 0.4592 | clDice: 0.5668 | softclDice: 0.4514 | IoU: 0.3220 | Tversky: 0.4868 | Hausdorff: 197.1898 | HD95: 31.2532 | val_loss: 0.6513 | LR: 0.000250
2025-08-21 08:32:42 INFO Epoch 037 | Train Loss: 0.6643 | Val Loss: 0.6543 | Dice: 0.4857 | softDice: 0.4583 | clDice: 0.5606 | softclDice: 0.4561 | IoU: 0.3211 | Tversky: 0.4857 | Hausdorff: 210.6337 | HD95: 31.2856 | val_loss: 0.6543 | LR: 0.000250
2025-08-21 08:34:37 INFO Epoch 038 | Train Loss: 0.6640 | Val Loss: 0.6505 | Dice: 0.4887 | softDice: 0.4607 | clDice: 0.5676 | softclDice: 0.4523 | IoU: 0.3236 | Tversky: 0.4887 | Hausdorff: 208.5573 | HD95: 33.4263 | val_loss: 0.6505 | LR: 0.000250
2025-08-21 08:36:23 INFO Epoch 039 | Train Loss: 0.6635 | Val Loss: 0.6511 | Dice: 0.4891 | softDice: 0.4622 | clDice: 0.5670 | softclDice: 0.4497 | IoU: 0.3240 | Tversky: 0.4891 | Hausdorff: 196.9860 | HD95: 30.5954 | val_loss: 0.6511 | LR: 0.000250
2025-08-21 08:38:45 INFO Epoch 040 | Train Loss: 0.6625 | Val Loss: 0.6520 | Dice: 0.4858 | softDice: 0.4606 | clDice: 0.5642 | softclDice: 0.4526 | IoU: 0.3211 | Tversky: 0.4858 | Hausdorff: 214.3343 | HD95: 32.4059 | val_loss: 0.6520 | LR: 0.000250
2025-08-21 08:40:35 INFO Epoch 041 | Train Loss: 0.6597 | Val Loss: 0.6526 | Dice: 0.4877 | softDice: 0.4597 | clDice: 0.5630 | softclDice: 0.4565 | IoU: 0.3228 | Tversky: 0.4877 | Hausdorff: 202.0595 | HD95: 29.6010 | val_loss: 0.6526 | LR: 0.000250
2025-08-21 08:42:42 INFO Epoch 042 | Train Loss: 0.6641 | Val Loss: 0.6494 | Dice: 0.4903 | softDice: 0.4651 | clDice: 0.5680 | softclDice: 0.4480 | IoU: 0.3251 | Tversky: 0.4903 | Hausdorff: 212.9862 | HD95: 32.0313 | val_loss: 0.6494 | LR: 0.000250
2025-08-21 08:44:28 INFO Epoch 043 | Train Loss: 0.6606 | Val Loss: 0.6560 | Dice: 0.4849 | softDice: 0.4586 | clDice: 0.5558 | softclDice: 0.4602 | IoU: 0.3204 | Tversky: 0.4849 | Hausdorff: 212.0119 | HD95: 32.9475 | val_loss: 0.6560 | LR: 0.000250
2025-08-21 08:46:17 INFO Epoch 044 | Train Loss: 0.6597 | Val Loss: 0.6517 | Dice: 0.4885 | softDice: 0.4622 | clDice: 0.5634 | softclDice: 0.4529 | IoU: 0.3235 | Tversky: 0.4885 | Hausdorff: 205.9077 | HD95: 32.2486 | val_loss: 0.6517 | LR: 0.000250
2025-08-21 08:48:26 INFO Epoch 045 | Train Loss: 0.6677 | Val Loss: 0.6554 | Dice: 0.4885 | softDice: 0.4625 | clDice: 0.5611 | softclDice: 0.4544 | IoU: 0.3235 | Tversky: 0.4885 | Hausdorff: 206.4322 | HD95: 33.5133 | val_loss: 0.6554 | LR: 0.000250
2025-08-21 08:50:46 INFO Epoch 046 | Train Loss: 0.6594 | Val Loss: 0.6605 | Dice: 0.4815 | softDice: 0.4565 | clDice: 0.5574 | softclDice: 0.4555 | IoU: 0.3173 | Tversky: 0.4815 | Hausdorff: 208.4818 | HD95: 33.7581 | val_loss: 0.6605 | LR: 0.000250
2025-08-21 08:52:48 INFO Epoch 047 | Train Loss: 0.6622 | Val Loss: 0.6528 | Dice: 0.4875 | softDice: 0.4620 | clDice: 0.5626 | softclDice: 0.4527 | IoU: 0.3226 | Tversky: 0.4875 | Hausdorff: 201.7329 | HD95: 31.2260 | val_loss: 0.6528 | LR: 0.000250
2025-08-21 08:54:40 INFO Epoch 048 | Train Loss: 0.6555 | Val Loss: 0.6544 | Dice: 0.4863 | softDice: 0.4612 | clDice: 0.5632 | softclDice: 0.4509 | IoU: 0.3216 | Tversky: 0.4863 | Hausdorff: 204.7228 | HD95: 33.0790 | val_loss: 0.6544 | LR: 0.000125
2025-08-21 08:56:58 INFO Epoch 049 | Train Loss: 0.6592 | Val Loss: 0.6512 | Dice: 0.4879 | softDice: 0.4632 | clDice: 0.5673 | softclDice: 0.4490 | IoU: 0.3230 | Tversky: 0.4879 | Hausdorff: 202.4329 | HD95: 30.8602 | val_loss: 0.6512 | LR: 0.000125
2025-08-21 08:58:49 INFO Epoch 050 | Train Loss: 0.6563 | Val Loss: 0.6540 | Dice: 0.4875 | softDice: 0.4626 | clDice: 0.5616 | softclDice: 0.4540 | IoU: 0.3226 | Tversky: 0.4875 | Hausdorff: 206.0142 | HD95: 31.9369 | val_loss: 0.6540 | LR: 0.000125
2025-08-21 09:00:39 INFO Epoch 051 | Train Loss: 0.6572 | Val Loss: 0.6570 | Dice: 0.4838 | softDice: 0.4581 | clDice: 0.5621 | softclDice: 0.4548 | IoU: 0.3194 | Tversky: 0.4838 | Hausdorff: 205.7935 | HD95: 30.8249 | val_loss: 0.6570 | LR: 0.000125
2025-08-21 09:02:20 INFO Epoch 052 | Train Loss: 0.6563 | Val Loss: 0.6593 | Dice: 0.4824 | softDice: 0.4572 | clDice: 0.5570 | softclDice: 0.4585 | IoU: 0.3181 | Tversky: 0.4824 | Hausdorff: 202.9643 | HD95: 30.5311 | val_loss: 0.6593 | LR: 0.000125
2025-08-21 09:04:39 INFO Epoch 053 | Train Loss: 0.6574 | Val Loss: 0.6558 | Dice: 0.4857 | softDice: 0.4595 | clDice: 0.5599 | softclDice: 0.4577 | IoU: 0.3210 | Tversky: 0.4857 | Hausdorff: 199.3969 | HD95: 29.2936 | val_loss: 0.6558 | LR: 0.000125
2025-08-21 09:06:28 INFO Epoch 054 | Train Loss: 0.6559 | Val Loss: 0.6553 | Dice: 0.4865 | softDice: 0.4599 | clDice: 0.5602 | softclDice: 0.4575 | IoU: 0.3218 | Tversky: 0.4865 | Hausdorff: 204.2641 | HD95: 31.6338 | val_loss: 0.6553 | LR: 0.000063
2025-08-21 09:08:34 INFO Epoch 055 | Train Loss: 0.6574 | Val Loss: 0.6580 | Dice: 0.4838 | softDice: 0.4578 | clDice: 0.5561 | softclDice: 0.4608 | IoU: 0.3194 | Tversky: 0.4838 | Hausdorff: 205.6958 | HD95: 30.8122 | val_loss: 0.6580 | LR: 0.000063
2025-08-21 09:10:22 INFO Epoch 056 | Train Loss: 0.6534 | Val Loss: 0.6546 | Dice: 0.4870 | softDice: 0.4608 | clDice: 0.5610 | softclDice: 0.4576 | IoU: 0.3222 | Tversky: 0.4870 | Hausdorff: 189.9154 | HD95: 31.1154 | val_loss: 0.6546 | LR: 0.000063
2025-08-21 09:12:07 INFO Epoch 057 | Train Loss: 0.6533 | Val Loss: 0.6528 | Dice: 0.4880 | softDice: 0.4613 | clDice: 0.5622 | softclDice: 0.4551 | IoU: 0.3230 | Tversky: 0.4880 | Hausdorff: 205.6347 | HD95: 30.5277 | val_loss: 0.6528 | LR: 0.000063
2025-08-21 09:13:59 INFO Epoch 058 | Train Loss: 0.6474 | Val Loss: 0.6583 | Dice: 0.4841 | softDice: 0.4590 | clDice: 0.5543 | softclDice: 0.4623 | IoU: 0.3197 | Tversky: 0.4841 | Hausdorff: 201.7659 | HD95: 30.9588 | val_loss: 0.6583 | LR: 0.000063
2025-08-21 09:15:49 INFO Epoch 059 | Train Loss: 0.6510 | Val Loss: 0.6567 | Dice: 0.4854 | softDice: 0.4600 | clDice: 0.5590 | softclDice: 0.4569 | IoU: 0.3207 | Tversky: 0.4854 | Hausdorff: 208.2652 | HD95: 31.2881 | val_loss: 0.6567 | LR: 0.000063
2025-08-21 09:17:44 INFO Epoch 060 | Train Loss: 0.6505 | Val Loss: 0.6564 | Dice: 0.4858 | softDice: 0.4604 | clDice: 0.5574 | softclDice: 0.4590 | IoU: 0.3211 | Tversky: 0.4858 | Hausdorff: 189.5536 | HD95: 30.3436 | val_loss: 0.6564 | LR: 0.000031
2025-08-21 09:19:56 INFO Early stopping at epoch 61 | Best Dice: 0.4903 at epoch 1
2025-08-21 09:20:44 INFO Fold 5 results: Dice: 0.4839 | softDice: 0.4597 | clDice: 0.5680 | softclDice: 0.4466 | IoU: 0.3194 | Tversky: 0.4839 | Hausdorff: 215.1835 | HD95: 33.6007 | val_loss: 0.6550
2025-08-21 09:20:44 INFO ===== Cross-validation results =====
2025-08-21 09:20:44 INFO Dice: 0.4901 | softDice: 0.4633 | clDice: 0.5661 | softclDice: 0.4531 | IoU: 0.3249 | Tversky: 0.4901 | Hausdorff: 235.5226 | HD95: 31.0389 | val_loss: 0.6545
