2025-08-21 01:13:04 INFO Starting training with configuration: {'model': {'name': 'unet', 'encoder_name': 'se_resnext50_32x4d', 'encoder_weights': 'imagenet', 'classes': 1, 'activation': None, 'dropout': 0.2}, 'dataset': {'root': '/data/smadper@alumno.upv.es/TFM/datasets/laticifers', 'patch_size': [512, 512], 'stride': [256, 256], 'num_patches': 50, 'num_workers': 4, 'feature_dirs': {'image': '/data/smadper@alumno.upv.es/TFM/datasets/laticifers/enhanced_images', 'mask': '/data/smadper@alumno.upv.es/TFM/datasets/laticifers/masks', 'distance': '/data/smadper@alumno.upv.es/TFM/datasets/laticifers/distance_maps_pt'}}, 'train': {'batch_size': 32, 'num_epochs': 70, 'learning_rate': 0.001, 'accumulation_steps': 1, 'save_dir': '/data/smadper@alumno.upv.es/TFM/checkpoints_cv2/unet/20250821_011304_unet_se_resnext50_32x4d_wbce0.5_dice0.5', 'log_interval': 1, 'patience': 20, 'mixed_precision': True, 'experiment_name': 'unet_se_resnext50_32x4d_wbce0.5_dice0.5', 'timestamp': '20250821_011304'}, 'test': {'batch_size': 1}, 'loss': {'name': 'bce', 'cldice_alpha': 0.2, 'tversky_alpha': 0.3, 'tversky_beta': 0.7, 'focal_tversky_gamma': 0.75, 'use_topographic': True, 'combine_with': 'dice', 'weights': {'main': 0.5, 'combined': 0.5}, 'topo': {'alpha': 2.0, 'beta': 1.0}}}
2025-08-21 01:13:04 INFO Experiment name: unet_se_resnext50_32x4d_wbce0.5_dice0.5
2025-08-21 01:13:04 INFO ===== Fold 1 / 5 =====
2025-08-21 01:13:04 INFO Loading model unet with settings {'name': 'unet', 'encoder_name': 'se_resnext50_32x4d', 'encoder_weights': 'imagenet', 'classes': 1, 'activation': None, 'dropout': 0.2}
2025-08-21 01:15:03 INFO Epoch 001 | Train Loss: 1.1474 | Val Loss: 1.2052 | Dice: 0.4177 | softDice: 0.2649 | clDice: 0.4961 | softclDice: 0.7482 | IoU: 0.2640 | Tversky: 0.4177 | Hausdorff: 461.1145 | HD95: 77.0887 | val_loss: 1.2052 | LR: 0.001000
2025-08-21 01:17:01 INFO Epoch 002 | Train Loss: 0.9757 | Val Loss: 1.1635 | Dice: 0.4336 | softDice: 0.3664 | clDice: 0.4759 | softclDice: 0.5873 | IoU: 0.2771 | Tversky: 0.4336 | Hausdorff: 242.8506 | HD95: 54.4012 | val_loss: 1.1635 | LR: 0.001000
2025-08-21 01:19:09 INFO Epoch 003 | Train Loss: 0.9372 | Val Loss: 1.1593 | Dice: 0.4533 | softDice: 0.4266 | clDice: 0.5055 | softclDice: 0.5328 | IoU: 0.2933 | Tversky: 0.4533 | Hausdorff: 245.4755 | HD95: 55.6799 | val_loss: 1.1593 | LR: 0.001000
2025-08-21 01:21:08 INFO Epoch 004 | Train Loss: 0.9229 | Val Loss: 1.1605 | Dice: 0.4480 | softDice: 0.4313 | clDice: 0.5035 | softclDice: 0.5255 | IoU: 0.2888 | Tversky: 0.4480 | Hausdorff: 242.3941 | HD95: 62.5663 | val_loss: 1.1605 | LR: 0.001000
2025-08-21 01:23:08 INFO Epoch 005 | Train Loss: 0.9224 | Val Loss: 1.1561 | Dice: 0.4656 | softDice: 0.4532 | clDice: 0.5221 | softclDice: 0.4961 | IoU: 0.3037 | Tversky: 0.4656 | Hausdorff: 238.4911 | HD95: 50.4043 | val_loss: 1.1561 | LR: 0.001000
2025-08-21 01:25:06 INFO Epoch 006 | Train Loss: 0.9115 | Val Loss: 1.1530 | Dice: 0.4403 | softDice: 0.4315 | clDice: 0.4825 | softclDice: 0.5239 | IoU: 0.2825 | Tversky: 0.4403 | Hausdorff: 250.4060 | HD95: 70.1075 | val_loss: 1.1530 | LR: 0.001000
2025-08-21 01:26:57 INFO Epoch 007 | Train Loss: 0.9166 | Val Loss: 1.1546 | Dice: 0.4639 | softDice: 0.4552 | clDice: 0.5216 | softclDice: 0.4889 | IoU: 0.3024 | Tversky: 0.4639 | Hausdorff: 247.9578 | HD95: 57.4955 | val_loss: 1.1546 | LR: 0.001000
2025-08-21 01:28:52 INFO Epoch 008 | Train Loss: 0.9171 | Val Loss: 1.1597 | Dice: 0.4633 | softDice: 0.4552 | clDice: 0.5305 | softclDice: 0.4839 | IoU: 0.3016 | Tversky: 0.4633 | Hausdorff: 263.3863 | HD95: 51.8055 | val_loss: 1.1597 | LR: 0.001000
2025-08-21 01:30:48 INFO Epoch 009 | Train Loss: 0.9111 | Val Loss: 1.1592 | Dice: 0.4652 | softDice: 0.4580 | clDice: 0.5280 | softclDice: 0.4826 | IoU: 0.3033 | Tversky: 0.4652 | Hausdorff: 245.6298 | HD95: 53.4341 | val_loss: 1.1592 | LR: 0.001000
2025-08-21 01:32:32 INFO Epoch 010 | Train Loss: 0.9054 | Val Loss: 1.1580 | Dice: 0.4571 | softDice: 0.4486 | clDice: 0.5114 | softclDice: 0.4994 | IoU: 0.2964 | Tversky: 0.4571 | Hausdorff: 383.8594 | HD95: 59.6982 | val_loss: 1.1580 | LR: 0.001000
2025-08-21 01:34:21 INFO Epoch 011 | Train Loss: 0.9107 | Val Loss: 1.1545 | Dice: 0.4696 | softDice: 0.4629 | clDice: 0.5189 | softclDice: 0.4869 | IoU: 0.3072 | Tversky: 0.4696 | Hausdorff: 241.1830 | HD95: 52.9727 | val_loss: 1.1545 | LR: 0.001000
2025-08-21 01:36:15 INFO Epoch 012 | Train Loss: 0.9036 | Val Loss: 1.1536 | Dice: 0.4712 | softDice: 0.4657 | clDice: 0.5209 | softclDice: 0.4816 | IoU: 0.3086 | Tversky: 0.4712 | Hausdorff: 239.7429 | HD95: 50.5703 | val_loss: 1.1536 | LR: 0.000500
2025-08-21 01:38:04 INFO Epoch 013 | Train Loss: 0.9064 | Val Loss: 1.1552 | Dice: 0.4716 | softDice: 0.4658 | clDice: 0.5270 | softclDice: 0.4755 | IoU: 0.3090 | Tversky: 0.4716 | Hausdorff: 373.1010 | HD95: 48.1643 | val_loss: 1.1552 | LR: 0.000500
2025-08-21 01:39:54 INFO Epoch 014 | Train Loss: 0.9020 | Val Loss: 1.1545 | Dice: 0.4732 | softDice: 0.4678 | clDice: 0.5270 | softclDice: 0.4757 | IoU: 0.3103 | Tversky: 0.4732 | Hausdorff: 237.0764 | HD95: 44.9102 | val_loss: 1.1545 | LR: 0.000500
2025-08-21 01:41:41 INFO Epoch 015 | Train Loss: 0.9014 | Val Loss: 1.1558 | Dice: 0.4809 | softDice: 0.4750 | clDice: 0.5395 | softclDice: 0.4634 | IoU: 0.3169 | Tversky: 0.4809 | Hausdorff: 393.5654 | HD95: 45.3953 | val_loss: 1.1558 | LR: 0.000500
2025-08-21 01:43:34 INFO Epoch 016 | Train Loss: 0.9003 | Val Loss: 1.1540 | Dice: 0.4785 | softDice: 0.4731 | clDice: 0.5294 | softclDice: 0.4737 | IoU: 0.3148 | Tversky: 0.4785 | Hausdorff: 239.6342 | HD95: 45.9622 | val_loss: 1.1540 | LR: 0.000500
2025-08-21 01:45:26 INFO Epoch 017 | Train Loss: 0.9006 | Val Loss: 1.1534 | Dice: 0.4758 | softDice: 0.4702 | clDice: 0.5257 | softclDice: 0.4798 | IoU: 0.3126 | Tversky: 0.4758 | Hausdorff: 250.1006 | HD95: 46.0496 | val_loss: 1.1534 | LR: 0.000500
2025-08-21 01:47:16 INFO Epoch 018 | Train Loss: 0.8965 | Val Loss: 1.1544 | Dice: 0.4683 | softDice: 0.4631 | clDice: 0.5199 | softclDice: 0.4848 | IoU: 0.3062 | Tversky: 0.4683 | Hausdorff: 230.5204 | HD95: 44.5224 | val_loss: 1.1544 | LR: 0.000250
2025-08-21 01:49:09 INFO Epoch 019 | Train Loss: 0.8999 | Val Loss: 1.1542 | Dice: 0.4825 | softDice: 0.4771 | clDice: 0.5360 | softclDice: 0.4678 | IoU: 0.3184 | Tversky: 0.4825 | Hausdorff: 230.2515 | HD95: 43.6573 | val_loss: 1.1542 | LR: 0.000250
2025-08-21 01:50:54 INFO Epoch 020 | Train Loss: 0.8946 | Val Loss: 1.1546 | Dice: 0.4824 | softDice: 0.4774 | clDice: 0.5382 | softclDice: 0.4626 | IoU: 0.3183 | Tversky: 0.4824 | Hausdorff: 236.5947 | HD95: 40.2585 | val_loss: 1.1546 | LR: 0.000250
2025-08-21 01:52:44 INFO Epoch 021 | Train Loss: 0.8997 | Val Loss: 1.1547 | Dice: 0.4817 | softDice: 0.4766 | clDice: 0.5370 | softclDice: 0.4674 | IoU: 0.3177 | Tversky: 0.4817 | Hausdorff: 241.5724 | HD95: 42.2495 | val_loss: 1.1547 | LR: 0.000250
2025-08-21 01:54:33 INFO Epoch 022 | Train Loss: 0.9021 | Val Loss: 1.1552 | Dice: 0.4756 | softDice: 0.4710 | clDice: 0.5301 | softclDice: 0.4739 | IoU: 0.3123 | Tversky: 0.4756 | Hausdorff: 227.1891 | HD95: 41.7651 | val_loss: 1.1552 | LR: 0.000250
2025-08-21 01:56:19 INFO Epoch 023 | Train Loss: 0.8935 | Val Loss: 1.1550 | Dice: 0.4867 | softDice: 0.4817 | clDice: 0.5445 | softclDice: 0.4570 | IoU: 0.3220 | Tversky: 0.4867 | Hausdorff: 390.1480 | HD95: 41.3566 | val_loss: 1.1550 | LR: 0.000250
2025-08-21 01:58:08 INFO Epoch 024 | Train Loss: 0.8984 | Val Loss: 1.1566 | Dice: 0.4770 | softDice: 0.4721 | clDice: 0.5328 | softclDice: 0.4703 | IoU: 0.3134 | Tversky: 0.4770 | Hausdorff: 248.5970 | HD95: 45.8328 | val_loss: 1.1566 | LR: 0.000125
2025-08-21 01:59:48 INFO Epoch 025 | Train Loss: 0.8953 | Val Loss: 1.1542 | Dice: 0.4813 | softDice: 0.4760 | clDice: 0.5344 | softclDice: 0.4680 | IoU: 0.3173 | Tversky: 0.4813 | Hausdorff: 241.9572 | HD95: 40.3252 | val_loss: 1.1542 | LR: 0.000125
2025-08-21 02:01:33 INFO Epoch 026 | Train Loss: 0.8978 | Val Loss: 1.1542 | Dice: 0.4832 | softDice: 0.4785 | clDice: 0.5384 | softclDice: 0.4634 | IoU: 0.3190 | Tversky: 0.4832 | Hausdorff: 239.9626 | HD95: 41.1620 | val_loss: 1.1542 | LR: 0.000125
2025-08-21 02:03:17 INFO Epoch 027 | Train Loss: 0.8953 | Val Loss: 1.1542 | Dice: 0.4822 | softDice: 0.4772 | clDice: 0.5346 | softclDice: 0.4673 | IoU: 0.3181 | Tversky: 0.4822 | Hausdorff: 242.2995 | HD95: 41.2539 | val_loss: 1.1542 | LR: 0.000125
2025-08-21 02:05:02 INFO Epoch 028 | Train Loss: 0.8927 | Val Loss: 1.1538 | Dice: 0.4810 | softDice: 0.4763 | clDice: 0.5346 | softclDice: 0.4669 | IoU: 0.3171 | Tversky: 0.4810 | Hausdorff: 235.0540 | HD95: 43.3234 | val_loss: 1.1538 | LR: 0.000125
2025-08-21 02:06:49 INFO Epoch 029 | Train Loss: 0.8941 | Val Loss: 1.1538 | Dice: 0.4807 | softDice: 0.4756 | clDice: 0.5328 | softclDice: 0.4677 | IoU: 0.3168 | Tversky: 0.4807 | Hausdorff: 230.6511 | HD95: 41.9759 | val_loss: 1.1538 | LR: 0.000125
2025-08-21 02:08:32 INFO Epoch 030 | Train Loss: 0.8938 | Val Loss: 1.1547 | Dice: 0.4832 | softDice: 0.4779 | clDice: 0.5399 | softclDice: 0.4621 | IoU: 0.3189 | Tversky: 0.4832 | Hausdorff: 238.2386 | HD95: 40.5451 | val_loss: 1.1547 | LR: 0.000063
2025-08-21 02:10:17 INFO Epoch 031 | Train Loss: 0.8978 | Val Loss: 1.1540 | Dice: 0.4837 | softDice: 0.4788 | clDice: 0.5362 | softclDice: 0.4664 | IoU: 0.3194 | Tversky: 0.4837 | Hausdorff: 238.2031 | HD95: 39.6885 | val_loss: 1.1540 | LR: 0.000063
2025-08-21 02:12:05 INFO Epoch 032 | Train Loss: 0.8899 | Val Loss: 1.1543 | Dice: 0.4865 | softDice: 0.4815 | clDice: 0.5427 | softclDice: 0.4601 | IoU: 0.3218 | Tversky: 0.4865 | Hausdorff: 239.2981 | HD95: 39.0916 | val_loss: 1.1543 | LR: 0.000063
2025-08-21 02:13:52 INFO Early stopping at epoch 33 | Best Dice: 0.4867 at epoch 1
2025-08-21 02:14:46 INFO Fold 1 results: Dice: 0.4867 | softDice: 0.4817 | clDice: 0.5445 | softclDice: 0.4570 | IoU: 0.3220 | Tversky: 0.4867 | Hausdorff: 390.1480 | HD95: 41.3566 | val_loss: 1.1550
2025-08-21 02:14:46 INFO ===== Fold 2 / 5 =====
2025-08-21 02:14:46 INFO Loading model unet with settings {'name': 'unet', 'encoder_name': 'se_resnext50_32x4d', 'encoder_weights': 'imagenet', 'classes': 1, 'activation': None, 'dropout': 0.2}
2025-08-21 02:16:36 INFO Epoch 001 | Train Loss: 1.1601 | Val Loss: 1.1689 | Dice: 0.4398 | softDice: 0.3059 | clDice: 0.5149 | softclDice: 0.6904 | IoU: 0.2822 | Tversky: 0.4398 | Hausdorff: 283.8820 | HD95: 56.8582 | val_loss: 1.1689 | LR: 0.001000
2025-08-21 02:18:30 INFO Epoch 002 | Train Loss: 0.9784 | Val Loss: 1.1427 | Dice: 0.4582 | softDice: 0.4175 | clDice: 0.5148 | softclDice: 0.5244 | IoU: 0.2975 | Tversky: 0.4582 | Hausdorff: 312.8761 | HD95: 43.8152 | val_loss: 1.1427 | LR: 0.001000
2025-08-21 02:20:18 INFO Epoch 003 | Train Loss: 0.9455 | Val Loss: 1.1395 | Dice: 0.4698 | softDice: 0.4485 | clDice: 0.5278 | softclDice: 0.4888 | IoU: 0.3075 | Tversky: 0.4698 | Hausdorff: 306.3728 | HD95: 48.9032 | val_loss: 1.1395 | LR: 0.001000
2025-08-21 02:22:08 INFO Epoch 004 | Train Loss: 0.9294 | Val Loss: 1.1351 | Dice: 0.4552 | softDice: 0.4415 | clDice: 0.5001 | softclDice: 0.5070 | IoU: 0.2954 | Tversky: 0.4552 | Hausdorff: 305.6266 | HD95: 50.9750 | val_loss: 1.1351 | LR: 0.001000
2025-08-21 02:24:01 INFO Epoch 005 | Train Loss: 0.9205 | Val Loss: 1.1370 | Dice: 0.4712 | softDice: 0.4604 | clDice: 0.5224 | softclDice: 0.4811 | IoU: 0.3088 | Tversky: 0.4712 | Hausdorff: 321.6090 | HD95: 41.2019 | val_loss: 1.1370 | LR: 0.001000
2025-08-21 02:25:51 INFO Epoch 006 | Train Loss: 0.9231 | Val Loss: 1.1384 | Dice: 0.4714 | softDice: 0.4627 | clDice: 0.5312 | softclDice: 0.4720 | IoU: 0.3089 | Tversky: 0.4714 | Hausdorff: 319.2599 | HD95: 47.3044 | val_loss: 1.1384 | LR: 0.001000
2025-08-21 02:27:42 INFO Epoch 007 | Train Loss: 0.9225 | Val Loss: 1.1369 | Dice: 0.4698 | softDice: 0.4608 | clDice: 0.5194 | softclDice: 0.4814 | IoU: 0.3076 | Tversky: 0.4698 | Hausdorff: 323.9959 | HD95: 51.8919 | val_loss: 1.1369 | LR: 0.001000
2025-08-21 02:29:29 INFO Epoch 008 | Train Loss: 0.9183 | Val Loss: 1.1352 | Dice: 0.4665 | softDice: 0.4613 | clDice: 0.5096 | softclDice: 0.4924 | IoU: 0.3049 | Tversky: 0.4665 | Hausdorff: 324.0152 | HD95: 47.2748 | val_loss: 1.1352 | LR: 0.001000
2025-08-21 02:31:21 INFO Epoch 009 | Train Loss: 0.9143 | Val Loss: 1.1383 | Dice: 0.4782 | softDice: 0.4716 | clDice: 0.5414 | softclDice: 0.4566 | IoU: 0.3146 | Tversky: 0.4782 | Hausdorff: 318.2806 | HD95: 41.3526 | val_loss: 1.1383 | LR: 0.001000
2025-08-21 02:33:14 INFO Epoch 010 | Train Loss: 0.9178 | Val Loss: 1.1370 | Dice: 0.4685 | softDice: 0.4621 | clDice: 0.5201 | softclDice: 0.4815 | IoU: 0.3064 | Tversky: 0.4685 | Hausdorff: 314.3090 | HD95: 44.3549 | val_loss: 1.1370 | LR: 0.000500
2025-08-21 02:35:00 INFO Epoch 011 | Train Loss: 0.9132 | Val Loss: 1.1368 | Dice: 0.4828 | softDice: 0.4772 | clDice: 0.5371 | softclDice: 0.4600 | IoU: 0.3187 | Tversky: 0.4828 | Hausdorff: 299.8173 | HD95: 39.3877 | val_loss: 1.1368 | LR: 0.000500
2025-08-21 02:36:48 INFO Epoch 012 | Train Loss: 0.9099 | Val Loss: 1.1364 | Dice: 0.4862 | softDice: 0.4809 | clDice: 0.5395 | softclDice: 0.4585 | IoU: 0.3218 | Tversky: 0.4862 | Hausdorff: 322.7224 | HD95: 35.7713 | val_loss: 1.1364 | LR: 0.000500
2025-08-21 02:38:32 INFO Epoch 013 | Train Loss: 0.9103 | Val Loss: 1.1360 | Dice: 0.4787 | softDice: 0.4732 | clDice: 0.5310 | softclDice: 0.4649 | IoU: 0.3152 | Tversky: 0.4787 | Hausdorff: 288.3091 | HD95: 42.6170 | val_loss: 1.1360 | LR: 0.000500
2025-08-21 02:40:18 INFO Epoch 014 | Train Loss: 0.9083 | Val Loss: 1.1360 | Dice: 0.4767 | softDice: 0.4718 | clDice: 0.5259 | softclDice: 0.4716 | IoU: 0.3135 | Tversky: 0.4767 | Hausdorff: 310.9125 | HD95: 40.2051 | val_loss: 1.1360 | LR: 0.000500
2025-08-21 02:42:09 INFO Epoch 015 | Train Loss: 0.9119 | Val Loss: 1.1365 | Dice: 0.4802 | softDice: 0.4756 | clDice: 0.5301 | softclDice: 0.4678 | IoU: 0.3165 | Tversky: 0.4802 | Hausdorff: 302.5495 | HD95: 37.1521 | val_loss: 1.1365 | LR: 0.000500
2025-08-21 02:43:54 INFO Epoch 016 | Train Loss: 0.9035 | Val Loss: 1.1364 | Dice: 0.4791 | softDice: 0.4750 | clDice: 0.5268 | softclDice: 0.4685 | IoU: 0.3155 | Tversky: 0.4791 | Hausdorff: 304.2057 | HD95: 34.2161 | val_loss: 1.1364 | LR: 0.000250
2025-08-21 02:45:42 INFO Epoch 017 | Train Loss: 0.9088 | Val Loss: 1.1358 | Dice: 0.4859 | softDice: 0.4810 | clDice: 0.5359 | softclDice: 0.4619 | IoU: 0.3215 | Tversky: 0.4859 | Hausdorff: 304.2358 | HD95: 35.1790 | val_loss: 1.1358 | LR: 0.000250
2025-08-21 02:47:30 INFO Epoch 018 | Train Loss: 0.9050 | Val Loss: 1.1360 | Dice: 0.4815 | softDice: 0.4773 | clDice: 0.5293 | softclDice: 0.4680 | IoU: 0.3176 | Tversky: 0.4815 | Hausdorff: 299.0715 | HD95: 34.7372 | val_loss: 1.1360 | LR: 0.000250
2025-08-21 02:49:18 INFO Epoch 019 | Train Loss: 0.9092 | Val Loss: 1.1362 | Dice: 0.4869 | softDice: 0.4825 | clDice: 0.5393 | softclDice: 0.4580 | IoU: 0.3224 | Tversky: 0.4869 | Hausdorff: 294.8410 | HD95: 33.8327 | val_loss: 1.1362 | LR: 0.000250
2025-08-21 02:51:08 INFO Epoch 020 | Train Loss: 0.9065 | Val Loss: 1.1359 | Dice: 0.4892 | softDice: 0.4849 | clDice: 0.5387 | softclDice: 0.4574 | IoU: 0.3244 | Tversky: 0.4892 | Hausdorff: 286.2585 | HD95: 30.9848 | val_loss: 1.1359 | LR: 0.000250
2025-08-21 02:52:55 INFO Epoch 021 | Train Loss: 0.9015 | Val Loss: 1.1363 | Dice: 0.4876 | softDice: 0.4832 | clDice: 0.5406 | softclDice: 0.4558 | IoU: 0.3228 | Tversky: 0.4876 | Hausdorff: 293.0864 | HD95: 33.2002 | val_loss: 1.1363 | LR: 0.000250
2025-08-21 02:54:43 INFO Epoch 022 | Train Loss: 0.9076 | Val Loss: 1.1369 | Dice: 0.4881 | softDice: 0.4838 | clDice: 0.5409 | softclDice: 0.4538 | IoU: 0.3233 | Tversky: 0.4881 | Hausdorff: 288.2958 | HD95: 33.6713 | val_loss: 1.1369 | LR: 0.000125
2025-08-21 02:56:31 INFO Epoch 023 | Train Loss: 0.9076 | Val Loss: 1.1360 | Dice: 0.4892 | softDice: 0.4848 | clDice: 0.5396 | softclDice: 0.4563 | IoU: 0.3243 | Tversky: 0.4892 | Hausdorff: 299.9360 | HD95: 31.7200 | val_loss: 1.1360 | LR: 0.000125
2025-08-21 02:58:15 INFO Epoch 024 | Train Loss: 0.9052 | Val Loss: 1.1360 | Dice: 0.4863 | softDice: 0.4822 | clDice: 0.5357 | softclDice: 0.4600 | IoU: 0.3217 | Tversky: 0.4863 | Hausdorff: 300.4000 | HD95: 30.9719 | val_loss: 1.1360 | LR: 0.000125
2025-08-21 03:00:04 INFO Epoch 025 | Train Loss: 0.9025 | Val Loss: 1.1360 | Dice: 0.4899 | softDice: 0.4855 | clDice: 0.5416 | softclDice: 0.4546 | IoU: 0.3249 | Tversky: 0.4899 | Hausdorff: 276.2869 | HD95: 33.3885 | val_loss: 1.1360 | LR: 0.000125
2025-08-21 03:01:51 INFO Epoch 026 | Train Loss: 0.8998 | Val Loss: 1.1363 | Dice: 0.4899 | softDice: 0.4857 | clDice: 0.5426 | softclDice: 0.4529 | IoU: 0.3249 | Tversky: 0.4899 | Hausdorff: 273.0268 | HD95: 33.5161 | val_loss: 1.1363 | LR: 0.000125
2025-08-21 03:03:42 INFO Epoch 027 | Train Loss: 0.9008 | Val Loss: 1.1367 | Dice: 0.4886 | softDice: 0.4843 | clDice: 0.5404 | softclDice: 0.4574 | IoU: 0.3237 | Tversky: 0.4886 | Hausdorff: 299.2250 | HD95: 31.7757 | val_loss: 1.1367 | LR: 0.000125
2025-08-21 03:05:28 INFO Epoch 028 | Train Loss: 0.9018 | Val Loss: 1.1359 | Dice: 0.4883 | softDice: 0.4838 | clDice: 0.5386 | softclDice: 0.4593 | IoU: 0.3235 | Tversky: 0.4883 | Hausdorff: 304.1700 | HD95: 30.8537 | val_loss: 1.1359 | LR: 0.000063
2025-08-21 03:07:15 INFO Early stopping at epoch 29 | Best Dice: 0.4899 at epoch 1
2025-08-21 03:08:07 INFO Fold 2 results: Dice: 0.4899 | softDice: 0.4857 | clDice: 0.5426 | softclDice: 0.4529 | IoU: 0.3249 | Tversky: 0.4899 | Hausdorff: 273.0268 | HD95: 33.5161 | val_loss: 1.1363
2025-08-21 03:08:07 INFO ===== Fold 3 / 5 =====
2025-08-21 03:08:07 INFO Loading model unet with settings {'name': 'unet', 'encoder_name': 'se_resnext50_32x4d', 'encoder_weights': 'imagenet', 'classes': 1, 'activation': None, 'dropout': 0.2}
2025-08-21 03:09:53 INFO Epoch 001 | Train Loss: 1.1096 | Val Loss: 1.1685 | Dice: 0.4436 | softDice: 0.3056 | clDice: 0.4990 | softclDice: 0.7040 | IoU: 0.2858 | Tversky: 0.4436 | Hausdorff: 397.9951 | HD95: 56.1860 | val_loss: 1.1685 | LR: 0.001000
2025-08-21 03:11:46 INFO Epoch 002 | Train Loss: 0.9592 | Val Loss: 1.1505 | Dice: 0.4449 | softDice: 0.4111 | clDice: 0.4936 | softclDice: 0.5482 | IoU: 0.2868 | Tversky: 0.4449 | Hausdorff: 408.6703 | HD95: 56.2689 | val_loss: 1.1505 | LR: 0.001000
2025-08-21 03:13:30 INFO Epoch 003 | Train Loss: 0.9370 | Val Loss: 1.1418 | Dice: 0.4508 | softDice: 0.4371 | clDice: 0.5047 | softclDice: 0.5087 | IoU: 0.2922 | Tversky: 0.4508 | Hausdorff: 237.0734 | HD95: 62.9976 | val_loss: 1.1418 | LR: 0.001000
2025-08-21 03:15:15 INFO Epoch 004 | Train Loss: 0.9234 | Val Loss: 1.1454 | Dice: 0.4706 | softDice: 0.4605 | clDice: 0.5283 | softclDice: 0.4822 | IoU: 0.3085 | Tversky: 0.4706 | Hausdorff: 356.2012 | HD95: 45.2988 | val_loss: 1.1454 | LR: 0.001000
2025-08-21 03:17:01 INFO Epoch 005 | Train Loss: 0.9251 | Val Loss: 1.1428 | Dice: 0.4735 | softDice: 0.4656 | clDice: 0.5344 | softclDice: 0.4686 | IoU: 0.3111 | Tversky: 0.4735 | Hausdorff: 256.0174 | HD95: 50.6359 | val_loss: 1.1428 | LR: 0.001000
2025-08-21 03:18:48 INFO Epoch 006 | Train Loss: 0.9206 | Val Loss: 1.1419 | Dice: 0.4671 | softDice: 0.4594 | clDice: 0.5288 | softclDice: 0.4709 | IoU: 0.3057 | Tversky: 0.4671 | Hausdorff: 335.7501 | HD95: 58.6770 | val_loss: 1.1419 | LR: 0.001000
2025-08-21 03:20:38 INFO Epoch 007 | Train Loss: 0.9205 | Val Loss: 1.1423 | Dice: 0.4618 | softDice: 0.4578 | clDice: 0.5155 | softclDice: 0.4833 | IoU: 0.3014 | Tversky: 0.4618 | Hausdorff: 262.8272 | HD95: 45.7911 | val_loss: 1.1423 | LR: 0.001000
2025-08-21 03:22:25 INFO Epoch 008 | Train Loss: 0.9194 | Val Loss: 1.1411 | Dice: 0.4761 | softDice: 0.4709 | clDice: 0.5328 | softclDice: 0.4652 | IoU: 0.3134 | Tversky: 0.4761 | Hausdorff: 258.0405 | HD95: 48.4927 | val_loss: 1.1411 | LR: 0.001000
2025-08-21 03:24:12 INFO Epoch 009 | Train Loss: 0.9178 | Val Loss: 1.1408 | Dice: 0.4802 | softDice: 0.4748 | clDice: 0.5392 | softclDice: 0.4580 | IoU: 0.3170 | Tversky: 0.4802 | Hausdorff: 261.6001 | HD95: 52.4705 | val_loss: 1.1408 | LR: 0.001000
2025-08-21 03:25:58 INFO Epoch 010 | Train Loss: 0.9165 | Val Loss: 1.1411 | Dice: 0.4775 | softDice: 0.4726 | clDice: 0.5315 | softclDice: 0.4673 | IoU: 0.3146 | Tversky: 0.4775 | Hausdorff: 282.8592 | HD95: 43.3216 | val_loss: 1.1411 | LR: 0.001000
2025-08-21 03:27:43 INFO Epoch 011 | Train Loss: 0.9125 | Val Loss: 1.1445 | Dice: 0.4811 | softDice: 0.4748 | clDice: 0.5455 | softclDice: 0.4500 | IoU: 0.3176 | Tversky: 0.4811 | Hausdorff: 294.8139 | HD95: 36.7223 | val_loss: 1.1445 | LR: 0.001000
2025-08-21 03:29:31 INFO Epoch 012 | Train Loss: 0.9185 | Val Loss: 1.1423 | Dice: 0.4695 | softDice: 0.4643 | clDice: 0.5188 | softclDice: 0.4764 | IoU: 0.3077 | Tversky: 0.4695 | Hausdorff: 261.2386 | HD95: 45.2921 | val_loss: 1.1423 | LR: 0.001000
2025-08-21 03:31:19 INFO Epoch 013 | Train Loss: 0.9130 | Val Loss: 1.1425 | Dice: 0.4824 | softDice: 0.4767 | clDice: 0.5406 | softclDice: 0.4538 | IoU: 0.3188 | Tversky: 0.4824 | Hausdorff: 306.2930 | HD95: 49.2314 | val_loss: 1.1425 | LR: 0.001000
2025-08-21 03:33:05 INFO Epoch 014 | Train Loss: 0.9154 | Val Loss: 1.1417 | Dice: 0.4872 | softDice: 0.4818 | clDice: 0.5409 | softclDice: 0.4555 | IoU: 0.3230 | Tversky: 0.4872 | Hausdorff: 261.1011 | HD95: 39.8780 | val_loss: 1.1417 | LR: 0.001000
2025-08-21 03:34:50 INFO Epoch 015 | Train Loss: 0.9132 | Val Loss: 1.1411 | Dice: 0.4681 | softDice: 0.4631 | clDice: 0.5197 | softclDice: 0.4776 | IoU: 0.3068 | Tversky: 0.4681 | Hausdorff: 264.1900 | HD95: 45.7650 | val_loss: 1.1411 | LR: 0.000500
2025-08-21 03:36:36 INFO Epoch 016 | Train Loss: 0.9044 | Val Loss: 1.1421 | Dice: 0.4887 | softDice: 0.4844 | clDice: 0.5455 | softclDice: 0.4497 | IoU: 0.3244 | Tversky: 0.4887 | Hausdorff: 268.9944 | HD95: 37.6868 | val_loss: 1.1421 | LR: 0.000500
2025-08-21 03:38:27 INFO Epoch 017 | Train Loss: 0.9060 | Val Loss: 1.1421 | Dice: 0.4918 | softDice: 0.4867 | clDice: 0.5514 | softclDice: 0.4427 | IoU: 0.3270 | Tversky: 0.4918 | Hausdorff: 248.0143 | HD95: 38.4422 | val_loss: 1.1421 | LR: 0.000500
2025-08-21 03:40:12 INFO Epoch 018 | Train Loss: 0.9072 | Val Loss: 1.1417 | Dice: 0.4963 | softDice: 0.4914 | clDice: 0.5577 | softclDice: 0.4350 | IoU: 0.3310 | Tversky: 0.4963 | Hausdorff: 237.6630 | HD95: 37.6277 | val_loss: 1.1417 | LR: 0.000500
2025-08-21 03:41:58 INFO Epoch 019 | Train Loss: 0.9070 | Val Loss: 1.1415 | Dice: 0.4915 | softDice: 0.4868 | clDice: 0.5454 | softclDice: 0.4493 | IoU: 0.3268 | Tversky: 0.4915 | Hausdorff: 240.1649 | HD95: 36.1579 | val_loss: 1.1415 | LR: 0.000500
2025-08-21 03:43:44 INFO Epoch 020 | Train Loss: 0.9121 | Val Loss: 1.1413 | Dice: 0.4918 | softDice: 0.4859 | clDice: 0.5494 | softclDice: 0.4480 | IoU: 0.3270 | Tversky: 0.4918 | Hausdorff: 260.5108 | HD95: 36.5696 | val_loss: 1.1413 | LR: 0.000500
2025-08-21 03:45:32 INFO Epoch 021 | Train Loss: 0.9062 | Val Loss: 1.1433 | Dice: 0.4873 | softDice: 0.4827 | clDice: 0.5437 | softclDice: 0.4526 | IoU: 0.3230 | Tversky: 0.4873 | Hausdorff: 248.0761 | HD95: 37.5924 | val_loss: 1.1433 | LR: 0.000250
2025-08-21 03:47:22 INFO Epoch 022 | Train Loss: 0.9015 | Val Loss: 1.1419 | Dice: 0.4962 | softDice: 0.4909 | clDice: 0.5581 | softclDice: 0.4363 | IoU: 0.3309 | Tversky: 0.4962 | Hausdorff: 255.0763 | HD95: 35.1580 | val_loss: 1.1419 | LR: 0.000250
2025-08-21 03:49:09 INFO Epoch 023 | Train Loss: 0.9049 | Val Loss: 1.1421 | Dice: 0.4968 | softDice: 0.4914 | clDice: 0.5560 | softclDice: 0.4391 | IoU: 0.3314 | Tversky: 0.4968 | Hausdorff: 228.1960 | HD95: 33.8071 | val_loss: 1.1421 | LR: 0.000250
2025-08-21 03:50:57 INFO Epoch 024 | Train Loss: 0.9016 | Val Loss: 1.1417 | Dice: 0.4955 | softDice: 0.4901 | clDice: 0.5541 | softclDice: 0.4418 | IoU: 0.3303 | Tversky: 0.4955 | Hausdorff: 233.1808 | HD95: 33.3665 | val_loss: 1.1417 | LR: 0.000250
2025-08-21 03:52:45 INFO Epoch 025 | Train Loss: 0.9085 | Val Loss: 1.1417 | Dice: 0.4961 | softDice: 0.4908 | clDice: 0.5544 | softclDice: 0.4404 | IoU: 0.3309 | Tversky: 0.4961 | Hausdorff: 239.8580 | HD95: 34.7134 | val_loss: 1.1417 | LR: 0.000250
2025-08-21 03:54:33 INFO Epoch 026 | Train Loss: 0.9028 | Val Loss: 1.1417 | Dice: 0.4991 | softDice: 0.4937 | clDice: 0.5592 | softclDice: 0.4353 | IoU: 0.3335 | Tversky: 0.4991 | Hausdorff: 261.7416 | HD95: 32.8710 | val_loss: 1.1417 | LR: 0.000250
2025-08-21 03:56:23 INFO Epoch 027 | Train Loss: 0.9008 | Val Loss: 1.1412 | Dice: 0.4985 | softDice: 0.4935 | clDice: 0.5530 | softclDice: 0.4414 | IoU: 0.3330 | Tversky: 0.4985 | Hausdorff: 232.7481 | HD95: 33.0285 | val_loss: 1.1412 | LR: 0.000125
2025-08-21 03:58:12 INFO Epoch 028 | Train Loss: 0.9044 | Val Loss: 1.1417 | Dice: 0.4981 | softDice: 0.4928 | clDice: 0.5591 | softclDice: 0.4362 | IoU: 0.3326 | Tversky: 0.4981 | Hausdorff: 259.0184 | HD95: 33.2960 | val_loss: 1.1417 | LR: 0.000125
2025-08-21 04:00:01 INFO Epoch 029 | Train Loss: 0.9036 | Val Loss: 1.1418 | Dice: 0.4916 | softDice: 0.4865 | clDice: 0.5467 | softclDice: 0.4482 | IoU: 0.3269 | Tversky: 0.4916 | Hausdorff: 255.5652 | HD95: 33.2306 | val_loss: 1.1418 | LR: 0.000125
2025-08-21 04:01:48 INFO Epoch 030 | Train Loss: 0.9046 | Val Loss: 1.1415 | Dice: 0.4992 | softDice: 0.4939 | clDice: 0.5556 | softclDice: 0.4397 | IoU: 0.3336 | Tversky: 0.4992 | Hausdorff: 239.1492 | HD95: 33.0126 | val_loss: 1.1415 | LR: 0.000125
2025-08-21 04:03:31 INFO Epoch 031 | Train Loss: 0.9069 | Val Loss: 1.1419 | Dice: 0.4980 | softDice: 0.4930 | clDice: 0.5557 | softclDice: 0.4382 | IoU: 0.3325 | Tversky: 0.4980 | Hausdorff: 253.3966 | HD95: 33.5806 | val_loss: 1.1419 | LR: 0.000125
2025-08-21 04:05:23 INFO Epoch 032 | Train Loss: 0.9030 | Val Loss: 1.1415 | Dice: 0.5018 | softDice: 0.4962 | clDice: 0.5615 | softclDice: 0.4341 | IoU: 0.3358 | Tversky: 0.5018 | Hausdorff: 249.3700 | HD95: 32.8091 | val_loss: 1.1415 | LR: 0.000125
2025-08-21 04:07:08 INFO Epoch 033 | Train Loss: 0.9007 | Val Loss: 1.1417 | Dice: 0.4947 | softDice: 0.4896 | clDice: 0.5521 | softclDice: 0.4419 | IoU: 0.3296 | Tversky: 0.4947 | Hausdorff: 251.6910 | HD95: 33.9068 | val_loss: 1.1417 | LR: 0.000063
2025-08-21 04:08:56 INFO Early stopping at epoch 34 | Best Dice: 0.5018 at epoch 1
2025-08-21 04:09:49 INFO Fold 3 results: Dice: 0.5018 | softDice: 0.4962 | clDice: 0.5615 | softclDice: 0.4341 | IoU: 0.3358 | Tversky: 0.5018 | Hausdorff: 249.3700 | HD95: 32.8091 | val_loss: 1.1415
2025-08-21 04:09:49 INFO ===== Fold 4 / 5 =====
2025-08-21 04:09:49 INFO Loading model unet with settings {'name': 'unet', 'encoder_name': 'se_resnext50_32x4d', 'encoder_weights': 'imagenet', 'classes': 1, 'activation': None, 'dropout': 0.2}
2025-08-21 04:11:35 INFO Epoch 001 | Train Loss: 1.1003 | Val Loss: 1.1479 | Dice: 0.3775 | softDice: 0.2989 | clDice: 0.4220 | softclDice: 0.6405 | IoU: 0.2328 | Tversky: 0.3775 | Hausdorff: 320.1954 | HD95: 84.7770 | val_loss: 1.1479 | LR: 0.001000
2025-08-21 04:13:29 INFO Epoch 002 | Train Loss: 0.9607 | Val Loss: 1.1479 | Dice: 0.4291 | softDice: 0.3999 | clDice: 0.4878 | softclDice: 0.5514 | IoU: 0.2733 | Tversky: 0.4291 | Hausdorff: 234.7183 | HD95: 55.8776 | val_loss: 1.1479 | LR: 0.001000
2025-08-21 04:15:13 INFO Epoch 003 | Train Loss: 0.9369 | Val Loss: 1.1332 | Dice: 0.4491 | softDice: 0.4336 | clDice: 0.4897 | softclDice: 0.5174 | IoU: 0.2898 | Tversky: 0.4491 | Hausdorff: 233.6324 | HD95: 55.8823 | val_loss: 1.1332 | LR: 0.001000
2025-08-21 04:17:00 INFO Epoch 004 | Train Loss: 0.9306 | Val Loss: 1.1348 | Dice: 0.4698 | softDice: 0.4587 | clDice: 0.5203 | softclDice: 0.4830 | IoU: 0.3072 | Tversky: 0.4698 | Hausdorff: 252.1379 | HD95: 43.3856 | val_loss: 1.1348 | LR: 0.001000
2025-08-21 04:18:48 INFO Epoch 005 | Train Loss: 0.9277 | Val Loss: 1.1357 | Dice: 0.4724 | softDice: 0.4629 | clDice: 0.5285 | softclDice: 0.4717 | IoU: 0.3095 | Tversky: 0.4724 | Hausdorff: 207.5854 | HD95: 47.6767 | val_loss: 1.1357 | LR: 0.001000
2025-08-21 04:20:35 INFO Epoch 006 | Train Loss: 0.9256 | Val Loss: 1.1387 | Dice: 0.4689 | softDice: 0.4601 | clDice: 0.5326 | softclDice: 0.4728 | IoU: 0.3065 | Tversky: 0.4689 | Hausdorff: 236.4076 | HD95: 43.3195 | val_loss: 1.1387 | LR: 0.001000
2025-08-21 04:22:23 INFO Epoch 007 | Train Loss: 0.9231 | Val Loss: 1.1378 | Dice: 0.4680 | softDice: 0.4612 | clDice: 0.5265 | softclDice: 0.4753 | IoU: 0.3057 | Tversky: 0.4680 | Hausdorff: 221.7422 | HD95: 42.2940 | val_loss: 1.1378 | LR: 0.001000
2025-08-21 04:24:08 INFO Epoch 008 | Train Loss: 0.9209 | Val Loss: 1.1396 | Dice: 0.4739 | softDice: 0.4664 | clDice: 0.5378 | softclDice: 0.4583 | IoU: 0.3106 | Tversky: 0.4739 | Hausdorff: 303.9656 | HD95: 40.8625 | val_loss: 1.1396 | LR: 0.001000
2025-08-21 04:25:53 INFO Epoch 009 | Train Loss: 0.9168 | Val Loss: 1.1365 | Dice: 0.4718 | softDice: 0.4654 | clDice: 0.5268 | softclDice: 0.4704 | IoU: 0.3089 | Tversky: 0.4718 | Hausdorff: 224.8802 | HD95: 42.3653 | val_loss: 1.1365 | LR: 0.000500
2025-08-21 04:27:38 INFO Epoch 010 | Train Loss: 0.9145 | Val Loss: 1.1355 | Dice: 0.4889 | softDice: 0.4823 | clDice: 0.5475 | softclDice: 0.4487 | IoU: 0.3237 | Tversky: 0.4889 | Hausdorff: 210.8451 | HD95: 38.0784 | val_loss: 1.1355 | LR: 0.000500
2025-08-21 04:29:26 INFO Epoch 011 | Train Loss: 0.9154 | Val Loss: 1.1342 | Dice: 0.4838 | softDice: 0.4780 | clDice: 0.5385 | softclDice: 0.4570 | IoU: 0.3192 | Tversky: 0.4838 | Hausdorff: 197.0214 | HD95: 42.0481 | val_loss: 1.1342 | LR: 0.000500
2025-08-21 04:31:11 INFO Epoch 012 | Train Loss: 0.9153 | Val Loss: 1.1352 | Dice: 0.4891 | softDice: 0.4825 | clDice: 0.5503 | softclDice: 0.4448 | IoU: 0.3239 | Tversky: 0.4891 | Hausdorff: 259.4937 | HD95: 39.1452 | val_loss: 1.1352 | LR: 0.000500
2025-08-21 04:32:58 INFO Epoch 013 | Train Loss: 0.9154 | Val Loss: 1.1349 | Dice: 0.4869 | softDice: 0.4809 | clDice: 0.5422 | softclDice: 0.4542 | IoU: 0.3220 | Tversky: 0.4869 | Hausdorff: 217.9412 | HD95: 40.9618 | val_loss: 1.1349 | LR: 0.000500
2025-08-21 04:34:48 INFO Epoch 014 | Train Loss: 0.9120 | Val Loss: 1.1347 | Dice: 0.4897 | softDice: 0.4842 | clDice: 0.5445 | softclDice: 0.4496 | IoU: 0.3245 | Tversky: 0.4897 | Hausdorff: 209.4866 | HD95: 36.5932 | val_loss: 1.1347 | LR: 0.000500
2025-08-21 04:36:33 INFO Epoch 015 | Train Loss: 0.9141 | Val Loss: 1.1345 | Dice: 0.4871 | softDice: 0.4814 | clDice: 0.5391 | softclDice: 0.4561 | IoU: 0.3222 | Tversky: 0.4871 | Hausdorff: 210.3679 | HD95: 37.5864 | val_loss: 1.1345 | LR: 0.000250
2025-08-21 04:38:16 INFO Epoch 016 | Train Loss: 0.9101 | Val Loss: 1.1346 | Dice: 0.4926 | softDice: 0.4870 | clDice: 0.5467 | softclDice: 0.4491 | IoU: 0.3270 | Tversky: 0.4926 | Hausdorff: 221.9958 | HD95: 34.8586 | val_loss: 1.1346 | LR: 0.000250
2025-08-21 04:40:02 INFO Epoch 017 | Train Loss: 0.9147 | Val Loss: 1.1352 | Dice: 0.4916 | softDice: 0.4865 | clDice: 0.5473 | softclDice: 0.4467 | IoU: 0.3262 | Tversky: 0.4916 | Hausdorff: 206.3643 | HD95: 37.1837 | val_loss: 1.1352 | LR: 0.000250
2025-08-21 04:41:48 INFO Epoch 018 | Train Loss: 0.9119 | Val Loss: 1.1352 | Dice: 0.4945 | softDice: 0.4894 | clDice: 0.5528 | softclDice: 0.4424 | IoU: 0.3288 | Tversky: 0.4945 | Hausdorff: 204.1417 | HD95: 32.4694 | val_loss: 1.1352 | LR: 0.000250
2025-08-21 04:43:36 INFO Epoch 019 | Train Loss: 0.9084 | Val Loss: 1.1342 | Dice: 0.4947 | softDice: 0.4895 | clDice: 0.5470 | softclDice: 0.4501 | IoU: 0.3289 | Tversky: 0.4947 | Hausdorff: 207.7310 | HD95: 32.5481 | val_loss: 1.1342 | LR: 0.000250
2025-08-21 04:45:21 INFO Epoch 020 | Train Loss: 0.9079 | Val Loss: 1.1351 | Dice: 0.4964 | softDice: 0.4907 | clDice: 0.5547 | softclDice: 0.4433 | IoU: 0.3304 | Tversky: 0.4964 | Hausdorff: 206.5992 | HD95: 32.1125 | val_loss: 1.1351 | LR: 0.000250
2025-08-21 04:47:11 INFO Epoch 021 | Train Loss: 0.9069 | Val Loss: 1.1346 | Dice: 0.4974 | softDice: 0.4923 | clDice: 0.5528 | softclDice: 0.4427 | IoU: 0.3313 | Tversky: 0.4974 | Hausdorff: 201.6372 | HD95: 31.1609 | val_loss: 1.1346 | LR: 0.000125
2025-08-21 04:48:57 INFO Epoch 022 | Train Loss: 0.9033 | Val Loss: 1.1346 | Dice: 0.4937 | softDice: 0.4882 | clDice: 0.5483 | softclDice: 0.4489 | IoU: 0.3280 | Tversky: 0.4937 | Hausdorff: 213.6963 | HD95: 32.5236 | val_loss: 1.1346 | LR: 0.000125
2025-08-21 04:50:41 INFO Epoch 023 | Train Loss: 0.9091 | Val Loss: 1.1340 | Dice: 0.4912 | softDice: 0.4860 | clDice: 0.5420 | softclDice: 0.4549 | IoU: 0.3259 | Tversky: 0.4912 | Hausdorff: 198.4767 | HD95: 33.1807 | val_loss: 1.1340 | LR: 0.000125
2025-08-21 04:52:30 INFO Epoch 024 | Train Loss: 0.9050 | Val Loss: 1.1344 | Dice: 0.4963 | softDice: 0.4909 | clDice: 0.5504 | softclDice: 0.4450 | IoU: 0.3302 | Tversky: 0.4963 | Hausdorff: 203.0650 | HD95: 33.8878 | val_loss: 1.1344 | LR: 0.000125
2025-08-21 04:54:13 INFO Epoch 025 | Train Loss: 0.9050 | Val Loss: 1.1344 | Dice: 0.4954 | softDice: 0.4903 | clDice: 0.5507 | softclDice: 0.4455 | IoU: 0.3295 | Tversky: 0.4954 | Hausdorff: 195.7904 | HD95: 33.0014 | val_loss: 1.1344 | LR: 0.000125
2025-08-21 04:56:00 INFO Epoch 026 | Train Loss: 0.9034 | Val Loss: 1.1346 | Dice: 0.4932 | softDice: 0.4876 | clDice: 0.5487 | softclDice: 0.4479 | IoU: 0.3275 | Tversky: 0.4932 | Hausdorff: 207.1811 | HD95: 32.8865 | val_loss: 1.1346 | LR: 0.000125
2025-08-21 04:57:43 INFO Epoch 027 | Train Loss: 0.9049 | Val Loss: 1.1341 | Dice: 0.4941 | softDice: 0.4886 | clDice: 0.5480 | softclDice: 0.4494 | IoU: 0.3284 | Tversky: 0.4941 | Hausdorff: 209.7907 | HD95: 33.2667 | val_loss: 1.1341 | LR: 0.000063
2025-08-21 04:59:27 INFO Epoch 028 | Train Loss: 0.9076 | Val Loss: 1.1340 | Dice: 0.4959 | softDice: 0.4906 | clDice: 0.5500 | softclDice: 0.4466 | IoU: 0.3300 | Tversky: 0.4959 | Hausdorff: 209.6163 | HD95: 32.5813 | val_loss: 1.1340 | LR: 0.000063
2025-08-21 05:01:16 INFO Early stopping at epoch 29 | Best Dice: 0.4974 at epoch 1
2025-08-21 05:02:05 INFO Fold 4 results: Dice: 0.4945 | softDice: 0.4894 | clDice: 0.5528 | softclDice: 0.4424 | IoU: 0.3288 | Tversky: 0.4945 | Hausdorff: 204.1417 | HD95: 32.4694 | val_loss: 1.1352
2025-08-21 05:02:05 INFO ===== Fold 5 / 5 =====
2025-08-21 05:02:05 INFO Loading model unet with settings {'name': 'unet', 'encoder_name': 'se_resnext50_32x4d', 'encoder_weights': 'imagenet', 'classes': 1, 'activation': None, 'dropout': 0.2}
2025-08-21 05:03:53 INFO Epoch 001 | Train Loss: 1.0494 | Val Loss: 1.1654 | Dice: 0.4228 | softDice: 0.3697 | clDice: 0.4827 | softclDice: 0.6061 | IoU: 0.2684 | Tversky: 0.4228 | Hausdorff: 300.2205 | HD95: 69.0848 | val_loss: 1.1654 | LR: 0.001000
2025-08-21 05:05:36 INFO Epoch 002 | Train Loss: 0.9396 | Val Loss: 1.1521 | Dice: 0.4494 | softDice: 0.4293 | clDice: 0.5108 | softclDice: 0.5159 | IoU: 0.2900 | Tversky: 0.4494 | Hausdorff: 250.1331 | HD95: 61.0699 | val_loss: 1.1521 | LR: 0.001000
2025-08-21 05:07:21 INFO Epoch 003 | Train Loss: 0.9235 | Val Loss: 1.1553 | Dice: 0.4639 | softDice: 0.4478 | clDice: 0.5281 | softclDice: 0.4866 | IoU: 0.3023 | Tversky: 0.4639 | Hausdorff: 254.9929 | HD95: 50.1274 | val_loss: 1.1553 | LR: 0.001000
2025-08-21 05:09:04 INFO Epoch 004 | Train Loss: 0.9212 | Val Loss: 1.1523 | Dice: 0.4667 | softDice: 0.4563 | clDice: 0.5269 | softclDice: 0.4779 | IoU: 0.3047 | Tversky: 0.4667 | Hausdorff: 210.1131 | HD95: 50.5704 | val_loss: 1.1523 | LR: 0.001000
2025-08-21 05:10:49 INFO Epoch 005 | Train Loss: 0.9192 | Val Loss: 1.1515 | Dice: 0.4693 | softDice: 0.4615 | clDice: 0.5306 | softclDice: 0.4697 | IoU: 0.3068 | Tversky: 0.4693 | Hausdorff: 263.6135 | HD95: 45.7190 | val_loss: 1.1515 | LR: 0.001000
2025-08-21 05:12:32 INFO Epoch 006 | Train Loss: 0.9192 | Val Loss: 1.1494 | Dice: 0.4606 | softDice: 0.4544 | clDice: 0.5093 | softclDice: 0.4885 | IoU: 0.2994 | Tversky: 0.4606 | Hausdorff: 224.2186 | HD95: 52.9897 | val_loss: 1.1494 | LR: 0.001000
2025-08-21 05:14:17 INFO Epoch 007 | Train Loss: 0.9095 | Val Loss: 1.1538 | Dice: 0.4776 | softDice: 0.4696 | clDice: 0.5460 | softclDice: 0.4485 | IoU: 0.3140 | Tversky: 0.4776 | Hausdorff: 273.9720 | HD95: 47.3332 | val_loss: 1.1538 | LR: 0.001000
2025-08-21 05:16:04 INFO Epoch 008 | Train Loss: 0.9150 | Val Loss: 1.1500 | Dice: 0.4694 | softDice: 0.4636 | clDice: 0.5243 | softclDice: 0.4729 | IoU: 0.3070 | Tversky: 0.4694 | Hausdorff: 206.8582 | HD95: 49.4093 | val_loss: 1.1500 | LR: 0.001000
2025-08-21 05:17:46 INFO Epoch 009 | Train Loss: 0.9130 | Val Loss: 1.1484 | Dice: 0.4630 | softDice: 0.4593 | clDice: 0.5155 | softclDice: 0.4818 | IoU: 0.3014 | Tversky: 0.4630 | Hausdorff: 239.0873 | HD95: 61.2075 | val_loss: 1.1484 | LR: 0.001000
2025-08-21 05:19:35 INFO Epoch 010 | Train Loss: 0.9149 | Val Loss: 1.1483 | Dice: 0.4674 | softDice: 0.4624 | clDice: 0.5184 | softclDice: 0.4779 | IoU: 0.3052 | Tversky: 0.4674 | Hausdorff: 217.4928 | HD95: 56.8831 | val_loss: 1.1483 | LR: 0.001000
2025-08-21 05:21:17 INFO Epoch 011 | Train Loss: 0.9105 | Val Loss: 1.1499 | Dice: 0.4682 | softDice: 0.4637 | clDice: 0.5265 | softclDice: 0.4699 | IoU: 0.3058 | Tversky: 0.4682 | Hausdorff: 215.2495 | HD95: 54.9575 | val_loss: 1.1499 | LR: 0.001000
2025-08-21 05:23:02 INFO Epoch 012 | Train Loss: 0.9092 | Val Loss: 1.1481 | Dice: 0.4731 | softDice: 0.4690 | clDice: 0.5217 | softclDice: 0.4703 | IoU: 0.3102 | Tversky: 0.4731 | Hausdorff: 221.5332 | HD95: 50.4469 | val_loss: 1.1481 | LR: 0.001000
2025-08-21 05:24:50 INFO Epoch 013 | Train Loss: 0.9066 | Val Loss: 1.1508 | Dice: 0.4818 | softDice: 0.4765 | clDice: 0.5399 | softclDice: 0.4532 | IoU: 0.3177 | Tversky: 0.4818 | Hausdorff: 212.7025 | HD95: 43.7342 | val_loss: 1.1508 | LR: 0.001000
2025-08-21 05:26:33 INFO Epoch 014 | Train Loss: 0.9054 | Val Loss: 1.1495 | Dice: 0.4808 | softDice: 0.4759 | clDice: 0.5324 | softclDice: 0.4625 | IoU: 0.3169 | Tversky: 0.4808 | Hausdorff: 241.8289 | HD95: 46.5620 | val_loss: 1.1495 | LR: 0.001000
2025-08-21 05:28:21 INFO Epoch 015 | Train Loss: 0.9097 | Val Loss: 1.1508 | Dice: 0.4791 | softDice: 0.4734 | clDice: 0.5328 | softclDice: 0.4624 | IoU: 0.3153 | Tversky: 0.4791 | Hausdorff: 209.5390 | HD95: 42.9967 | val_loss: 1.1508 | LR: 0.001000
2025-08-21 05:30:04 INFO Epoch 016 | Train Loss: 0.9027 | Val Loss: 1.1495 | Dice: 0.4682 | softDice: 0.4570 | clDice: 0.5208 | softclDice: 0.4786 | IoU: 0.3059 | Tversky: 0.4682 | Hausdorff: 198.7368 | HD95: 54.7327 | val_loss: 1.1495 | LR: 0.001000
2025-08-21 05:31:48 INFO Epoch 017 | Train Loss: 0.9115 | Val Loss: 1.1507 | Dice: 0.4813 | softDice: 0.4771 | clDice: 0.5358 | softclDice: 0.4603 | IoU: 0.3172 | Tversky: 0.4813 | Hausdorff: 214.3762 | HD95: 41.7643 | val_loss: 1.1507 | LR: 0.001000
2025-08-21 05:33:35 INFO Epoch 018 | Train Loss: 0.9075 | Val Loss: 1.1514 | Dice: 0.4766 | softDice: 0.4723 | clDice: 0.5331 | softclDice: 0.4587 | IoU: 0.3133 | Tversky: 0.4766 | Hausdorff: 203.6793 | HD95: 48.3393 | val_loss: 1.1514 | LR: 0.000500
2025-08-21 05:35:18 INFO Epoch 019 | Train Loss: 0.9030 | Val Loss: 1.1497 | Dice: 0.4825 | softDice: 0.4777 | clDice: 0.5421 | softclDice: 0.4548 | IoU: 0.3184 | Tversky: 0.4825 | Hausdorff: 231.1652 | HD95: 42.9374 | val_loss: 1.1497 | LR: 0.000500
2025-08-21 05:37:04 INFO Epoch 020 | Train Loss: 0.9066 | Val Loss: 1.1489 | Dice: 0.4862 | softDice: 0.4807 | clDice: 0.5419 | softclDice: 0.4565 | IoU: 0.3216 | Tversky: 0.4862 | Hausdorff: 212.9344 | HD95: 42.2850 | val_loss: 1.1489 | LR: 0.000500
2025-08-21 05:38:47 INFO Epoch 021 | Train Loss: 0.9039 | Val Loss: 1.1503 | Dice: 0.4832 | softDice: 0.4778 | clDice: 0.5401 | softclDice: 0.4540 | IoU: 0.3190 | Tversky: 0.4832 | Hausdorff: 211.3572 | HD95: 39.9012 | val_loss: 1.1503 | LR: 0.000500
2025-08-21 05:40:31 INFO Epoch 022 | Train Loss: 0.8984 | Val Loss: 1.1501 | Dice: 0.4781 | softDice: 0.4737 | clDice: 0.5323 | softclDice: 0.4635 | IoU: 0.3145 | Tversky: 0.4781 | Hausdorff: 210.9109 | HD95: 39.4853 | val_loss: 1.1501 | LR: 0.000500
2025-08-21 05:42:18 INFO Epoch 023 | Train Loss: 0.9019 | Val Loss: 1.1497 | Dice: 0.4781 | softDice: 0.4733 | clDice: 0.5329 | softclDice: 0.4632 | IoU: 0.3146 | Tversky: 0.4781 | Hausdorff: 194.5131 | HD95: 37.7560 | val_loss: 1.1497 | LR: 0.000500
2025-08-21 05:44:01 INFO Epoch 024 | Train Loss: 0.9036 | Val Loss: 1.1504 | Dice: 0.4823 | softDice: 0.4777 | clDice: 0.5406 | softclDice: 0.4536 | IoU: 0.3182 | Tversky: 0.4823 | Hausdorff: 216.8181 | HD95: 38.8402 | val_loss: 1.1504 | LR: 0.000250
2025-08-21 05:45:49 INFO Epoch 025 | Train Loss: 0.8989 | Val Loss: 1.1496 | Dice: 0.4909 | softDice: 0.4861 | clDice: 0.5500 | softclDice: 0.4450 | IoU: 0.3257 | Tversky: 0.4909 | Hausdorff: 210.2192 | HD95: 35.8704 | val_loss: 1.1496 | LR: 0.000250
2025-08-21 05:47:31 INFO Epoch 026 | Train Loss: 0.8982 | Val Loss: 1.1500 | Dice: 0.4880 | softDice: 0.4834 | clDice: 0.5498 | softclDice: 0.4457 | IoU: 0.3231 | Tversky: 0.4880 | Hausdorff: 214.4320 | HD95: 36.8840 | val_loss: 1.1500 | LR: 0.000250
2025-08-21 05:49:14 INFO Epoch 027 | Train Loss: 0.9048 | Val Loss: 1.1500 | Dice: 0.4881 | softDice: 0.4842 | clDice: 0.5479 | softclDice: 0.4452 | IoU: 0.3232 | Tversky: 0.4881 | Hausdorff: 228.3921 | HD95: 38.3148 | val_loss: 1.1500 | LR: 0.000250
2025-08-21 05:51:01 INFO Epoch 028 | Train Loss: 0.9040 | Val Loss: 1.1506 | Dice: 0.4891 | softDice: 0.4845 | clDice: 0.5515 | softclDice: 0.4413 | IoU: 0.3241 | Tversky: 0.4891 | Hausdorff: 210.2703 | HD95: 36.3717 | val_loss: 1.1506 | LR: 0.000250
2025-08-21 05:52:43 INFO Epoch 029 | Train Loss: 0.8990 | Val Loss: 1.1492 | Dice: 0.4868 | softDice: 0.4820 | clDice: 0.5411 | softclDice: 0.4569 | IoU: 0.3221 | Tversky: 0.4868 | Hausdorff: 212.1290 | HD95: 38.4451 | val_loss: 1.1492 | LR: 0.000250
2025-08-21 05:54:27 INFO Epoch 030 | Train Loss: 0.8963 | Val Loss: 1.1493 | Dice: 0.4886 | softDice: 0.4846 | clDice: 0.5426 | softclDice: 0.4522 | IoU: 0.3237 | Tversky: 0.4886 | Hausdorff: 208.1115 | HD95: 38.1221 | val_loss: 1.1493 | LR: 0.000125
2025-08-21 05:56:10 INFO Epoch 031 | Train Loss: 0.8950 | Val Loss: 1.1496 | Dice: 0.4904 | softDice: 0.4860 | clDice: 0.5472 | softclDice: 0.4469 | IoU: 0.3252 | Tversky: 0.4904 | Hausdorff: 205.7059 | HD95: 36.5399 | val_loss: 1.1496 | LR: 0.000125
2025-08-21 05:57:53 INFO Epoch 032 | Train Loss: 0.8959 | Val Loss: 1.1499 | Dice: 0.4869 | softDice: 0.4829 | clDice: 0.5450 | softclDice: 0.4491 | IoU: 0.3222 | Tversky: 0.4869 | Hausdorff: 196.7697 | HD95: 36.2960 | val_loss: 1.1499 | LR: 0.000125
2025-08-21 05:59:39 INFO Early stopping at epoch 33 | Best Dice: 0.4909 at epoch 1
2025-08-21 06:00:27 INFO Fold 5 results: Dice: 0.4891 | softDice: 0.4845 | clDice: 0.5515 | softclDice: 0.4413 | IoU: 0.3241 | Tversky: 0.4891 | Hausdorff: 210.2703 | HD95: 36.3717 | val_loss: 1.1506
2025-08-21 06:00:27 INFO ===== Cross-validation results =====
2025-08-21 06:00:27 INFO Dice: 0.4924 | softDice: 0.4875 | clDice: 0.5506 | softclDice: 0.4455 | IoU: 0.3271 | Tversky: 0.4924 | Hausdorff: 265.3914 | HD95: 35.3046 | val_loss: 1.1437
