2025-08-21 01:07:22 INFO Starting training with configuration: {'model': {'name': 'unet', 'encoder_name': 'se_resnext50_32x4d', 'encoder_weights': 'imagenet', 'classes': 1, 'activation': None, 'dropout': 0.2}, 'dataset': {'root': '/data/smadper@alumno.upv.es/TFM/datasets/laticifers', 'patch_size': [512, 512], 'stride': [256, 256], 'num_patches': 50, 'num_workers': 4, 'feature_dirs': {'image': '/data/smadper@alumno.upv.es/TFM/datasets/laticifers/enhanced_images', 'mask': '/data/smadper@alumno.upv.es/TFM/datasets/laticifers/masks', 'distance': '/data/smadper@alumno.upv.es/TFM/datasets/laticifers/distance_maps_pt'}}, 'train': {'batch_size': 32, 'num_epochs': 70, 'learning_rate': 0.001, 'accumulation_steps': 1, 'save_dir': '/data/smadper@alumno.upv.es/TFM/checkpoints_cv2/unet/20250821_010722_unet_se_resnext50_32x4d_bce0.5_tversky0.5_a0.3_b0.7', 'log_interval': 1, 'patience': 20, 'mixed_precision': True, 'experiment_name': 'unet_se_resnext50_32x4d_bce0.5_tversky0.5_a0.3_b0.7', 'timestamp': '20250821_010722'}, 'test': {'batch_size': 1}, 'loss': {'name': 'bce', 'cldice_alpha': 0.2, 'tversky_alpha': 0.3, 'tversky_beta': 0.7, 'focal_tversky_gamma': 0.75, 'use_topographic': False, 'combine_with': 'tversky', 'weights': {'main': 0.5, 'combined': 0.5}, 'topo': {'alpha': 2.0, 'beta': 1.0}}}
2025-08-21 01:07:22 INFO Experiment name: unet_se_resnext50_32x4d_bce0.5_tversky0.5_a0.3_b0.7
2025-08-21 01:07:22 INFO ===== Fold 1 / 5 =====
2025-08-21 01:07:22 INFO Loading model unet with settings {'name': 'unet', 'encoder_name': 'se_resnext50_32x4d', 'encoder_weights': 'imagenet', 'classes': 1, 'activation': None, 'dropout': 0.2}
2025-08-21 01:09:13 INFO Epoch 001 | Train Loss: 0.6147 | Val Loss: nan | Dice: 0.3323 | softDice: 0.1832 | clDice: 0.3889 | softclDice: 0.7877 | IoU: 0.1994 | Tversky: 0.3323 | Hausdorff: 756.0758 | HD95: 124.9545 | val_loss: nan | LR: 0.001000
2025-08-21 01:11:03 WARNING /data/smadper@alumno.upv.es/TFM/src/train_cv.py:122: RuntimeWarning: Mean of empty slice
  avg_metrics = {k: np.nanmean(v) for k, v in all_metrics.items()}

2025-08-21 01:11:03 INFO Epoch 002 | Train Loss: 0.4176 | Val Loss: nan | Dice: 0.3737 | softDice: nan | clDice: 0.4313 | softclDice: nan | IoU: 0.2299 | Tversky: 0.3737 | Hausdorff: 738.6558 | HD95: 77.5760 | val_loss: nan | LR: 0.001000
2025-08-21 01:12:47 INFO Epoch 003 | Train Loss: 0.3778 | Val Loss: 0.3551 | Dice: 0.4551 | softDice: 0.3758 | clDice: 0.5166 | softclDice: 0.5904 | IoU: 0.2948 | Tversky: 0.4551 | Hausdorff: 454.3611 | HD95: 56.1688 | val_loss: 0.3551 | LR: 0.001000
2025-08-21 01:14:33 INFO Epoch 004 | Train Loss: 0.3680 | Val Loss: nan | Dice: 0.4539 | softDice: nan | clDice: 0.5094 | softclDice: nan | IoU: 0.2939 | Tversky: 0.4539 | Hausdorff: 408.7042 | HD95: 67.5353 | val_loss: nan | LR: 0.001000
2025-08-21 01:16:27 INFO Epoch 005 | Train Loss: 0.3640 | Val Loss: 0.3439 | Dice: 0.4632 | softDice: 0.4043 | clDice: 0.5219 | softclDice: 0.5410 | IoU: 0.3016 | Tversky: 0.4632 | Hausdorff: 243.2329 | HD95: 54.0529 | val_loss: 0.3439 | LR: 0.001000
2025-08-21 01:18:09 INFO Epoch 006 | Train Loss: 0.3583 | Val Loss: 0.3337 | Dice: 0.4693 | softDice: 0.4135 | clDice: 0.5347 | softclDice: 0.5223 | IoU: 0.3069 | Tversky: 0.4693 | Hausdorff: 250.1230 | HD95: 41.1144 | val_loss: 0.3337 | LR: 0.001000
2025-08-21 01:19:57 INFO Epoch 007 | Train Loss: 0.3559 | Val Loss: 0.3296 | Dice: 0.4741 | softDice: 0.4253 | clDice: 0.5366 | softclDice: 0.5141 | IoU: 0.3110 | Tversky: 0.4741 | Hausdorff: 243.3614 | HD95: 43.6640 | val_loss: 0.3296 | LR: 0.001000
2025-08-21 01:21:46 INFO Epoch 008 | Train Loss: 0.3546 | Val Loss: 0.3313 | Dice: 0.4676 | softDice: 0.4118 | clDice: 0.5356 | softclDice: 0.5216 | IoU: 0.3054 | Tversky: 0.4676 | Hausdorff: 388.6117 | HD95: 42.3926 | val_loss: 0.3313 | LR: 0.001000
2025-08-21 01:23:28 INFO Epoch 009 | Train Loss: 0.3540 | Val Loss: 0.3230 | Dice: 0.4800 | softDice: 0.4304 | clDice: 0.5483 | softclDice: 0.4982 | IoU: 0.3160 | Tversky: 0.4800 | Hausdorff: 244.3768 | HD95: 38.3062 | val_loss: 0.3230 | LR: 0.001000
2025-08-21 01:25:17 INFO Epoch 010 | Train Loss: 0.3507 | Val Loss: 0.3287 | Dice: 0.4730 | softDice: 0.4166 | clDice: 0.5345 | softclDice: 0.5127 | IoU: 0.3100 | Tversky: 0.4730 | Hausdorff: 388.1543 | HD95: 39.9109 | val_loss: 0.3287 | LR: 0.001000
2025-08-21 01:26:59 INFO Epoch 011 | Train Loss: 0.3523 | Val Loss: 0.3260 | Dice: 0.4735 | softDice: 0.4293 | clDice: 0.5375 | softclDice: 0.5012 | IoU: 0.3104 | Tversky: 0.4735 | Hausdorff: 240.9175 | HD95: 38.3555 | val_loss: 0.3260 | LR: 0.001000
2025-08-21 01:28:40 INFO Epoch 012 | Train Loss: 0.3490 | Val Loss: 0.3231 | Dice: 0.4786 | softDice: 0.4321 | clDice: 0.5437 | softclDice: 0.4986 | IoU: 0.3149 | Tversky: 0.4786 | Hausdorff: 392.4264 | HD95: 37.8623 | val_loss: 0.3231 | LR: 0.001000
2025-08-21 01:30:28 INFO Epoch 013 | Train Loss: 0.3503 | Val Loss: 0.3335 | Dice: 0.4652 | softDice: 0.4126 | clDice: 0.5226 | softclDice: 0.5286 | IoU: 0.3034 | Tversky: 0.4652 | Hausdorff: 387.3264 | HD95: 39.8258 | val_loss: 0.3335 | LR: 0.001000
2025-08-21 01:32:09 INFO Epoch 014 | Train Loss: 0.3455 | Val Loss: 0.3290 | Dice: 0.4696 | softDice: 0.4165 | clDice: 0.5413 | softclDice: 0.5163 | IoU: 0.3070 | Tversky: 0.4696 | Hausdorff: 393.5084 | HD95: 46.5694 | val_loss: 0.3290 | LR: 0.001000
2025-08-21 01:33:57 INFO Epoch 015 | Train Loss: 0.3472 | Val Loss: 0.3246 | Dice: 0.4784 | softDice: 0.4243 | clDice: 0.5469 | softclDice: 0.5041 | IoU: 0.3146 | Tversky: 0.4784 | Hausdorff: 394.5330 | HD95: 40.7439 | val_loss: 0.3246 | LR: 0.000500
2025-08-21 01:35:43 INFO Epoch 016 | Train Loss: 0.3429 | Val Loss: 0.3195 | Dice: 0.4852 | softDice: 0.4374 | clDice: 0.5488 | softclDice: 0.4934 | IoU: 0.3205 | Tversky: 0.4852 | Hausdorff: 382.5952 | HD95: 35.5349 | val_loss: 0.3195 | LR: 0.000500
2025-08-21 01:37:28 INFO Epoch 017 | Train Loss: 0.3406 | Val Loss: 0.3196 | Dice: 0.4821 | softDice: 0.4358 | clDice: 0.5514 | softclDice: 0.4886 | IoU: 0.3178 | Tversky: 0.4821 | Hausdorff: 251.4012 | HD95: 34.3973 | val_loss: 0.3196 | LR: 0.000500
2025-08-21 01:39:18 INFO Epoch 018 | Train Loss: 0.3438 | Val Loss: 0.3213 | Dice: 0.4796 | softDice: 0.4380 | clDice: 0.5478 | softclDice: 0.4909 | IoU: 0.3157 | Tversky: 0.4796 | Hausdorff: 241.4291 | HD95: 34.8638 | val_loss: 0.3213 | LR: 0.000500
2025-08-21 01:40:58 INFO Epoch 019 | Train Loss: 0.3399 | Val Loss: 0.3178 | Dice: 0.4874 | softDice: 0.4409 | clDice: 0.5495 | softclDice: 0.4900 | IoU: 0.3224 | Tversky: 0.4874 | Hausdorff: 244.5063 | HD95: 33.0607 | val_loss: 0.3178 | LR: 0.000500
2025-08-21 01:42:49 INFO Epoch 020 | Train Loss: 0.3394 | Val Loss: 0.3188 | Dice: 0.4854 | softDice: 0.4373 | clDice: 0.5490 | softclDice: 0.4941 | IoU: 0.3208 | Tversky: 0.4854 | Hausdorff: 244.9084 | HD95: 32.9294 | val_loss: 0.3188 | LR: 0.000500
2025-08-21 01:44:34 INFO Epoch 021 | Train Loss: 0.3401 | Val Loss: 0.3206 | Dice: 0.4831 | softDice: 0.4333 | clDice: 0.5499 | softclDice: 0.4961 | IoU: 0.3187 | Tversky: 0.4831 | Hausdorff: 383.4028 | HD95: 35.1523 | val_loss: 0.3206 | LR: 0.000500
2025-08-21 01:46:16 INFO Epoch 022 | Train Loss: 0.3420 | Val Loss: 0.3190 | Dice: 0.4836 | softDice: 0.4373 | clDice: 0.5569 | softclDice: 0.4890 | IoU: 0.3193 | Tversky: 0.4836 | Hausdorff: 242.6022 | HD95: 31.6433 | val_loss: 0.3190 | LR: 0.000500
2025-08-21 01:48:01 INFO Epoch 023 | Train Loss: 0.3385 | Val Loss: 0.3173 | Dice: 0.4866 | softDice: 0.4428 | clDice: 0.5539 | softclDice: 0.4839 | IoU: 0.3218 | Tversky: 0.4866 | Hausdorff: 225.4185 | HD95: 32.0710 | val_loss: 0.3173 | LR: 0.000500
2025-08-21 01:49:43 INFO Epoch 024 | Train Loss: 0.3381 | Val Loss: 0.3211 | Dice: 0.4805 | softDice: 0.4344 | clDice: 0.5467 | softclDice: 0.4971 | IoU: 0.3165 | Tversky: 0.4805 | Hausdorff: 389.2212 | HD95: 37.6218 | val_loss: 0.3211 | LR: 0.000500
2025-08-21 01:51:24 INFO Epoch 025 | Train Loss: 0.3385 | Val Loss: 0.3211 | Dice: 0.4820 | softDice: 0.4344 | clDice: 0.5517 | softclDice: 0.4937 | IoU: 0.3178 | Tversky: 0.4820 | Hausdorff: 379.1530 | HD95: 32.6247 | val_loss: 0.3211 | LR: 0.000500
2025-08-21 01:53:03 INFO Epoch 026 | Train Loss: 0.3385 | Val Loss: 0.3218 | Dice: 0.4788 | softDice: 0.4331 | clDice: 0.5439 | softclDice: 0.4947 | IoU: 0.3150 | Tversky: 0.4788 | Hausdorff: 237.1420 | HD95: 34.3442 | val_loss: 0.3218 | LR: 0.000500
2025-08-21 01:54:44 INFO Epoch 027 | Train Loss: 0.3386 | Val Loss: 0.3177 | Dice: 0.4863 | softDice: 0.4431 | clDice: 0.5522 | softclDice: 0.4848 | IoU: 0.3216 | Tversky: 0.4863 | Hausdorff: 242.4608 | HD95: 31.0782 | val_loss: 0.3177 | LR: 0.000500
2025-08-21 01:56:31 INFO Epoch 028 | Train Loss: 0.3371 | Val Loss: 0.3184 | Dice: 0.4853 | softDice: 0.4385 | clDice: 0.5571 | softclDice: 0.4855 | IoU: 0.3207 | Tversky: 0.4853 | Hausdorff: 235.9109 | HD95: 32.5863 | val_loss: 0.3184 | LR: 0.000500
2025-08-21 01:58:14 INFO Epoch 029 | Train Loss: 0.3374 | Val Loss: 0.3186 | Dice: 0.4854 | softDice: 0.4434 | clDice: 0.5506 | softclDice: 0.4835 | IoU: 0.3207 | Tversky: 0.4854 | Hausdorff: 227.5865 | HD95: 33.3381 | val_loss: 0.3186 | LR: 0.000250
2025-08-21 01:59:54 INFO Epoch 030 | Train Loss: 0.3353 | Val Loss: 0.3181 | Dice: 0.4858 | softDice: 0.4400 | clDice: 0.5497 | softclDice: 0.4894 | IoU: 0.3212 | Tversky: 0.4858 | Hausdorff: 235.4285 | HD95: 30.4382 | val_loss: 0.3181 | LR: 0.000250
2025-08-21 02:01:34 INFO Epoch 031 | Train Loss: 0.3325 | Val Loss: 0.3172 | Dice: 0.4872 | softDice: 0.4430 | clDice: 0.5527 | softclDice: 0.4859 | IoU: 0.3223 | Tversky: 0.4872 | Hausdorff: 235.1049 | HD95: 30.6214 | val_loss: 0.3172 | LR: 0.000250
2025-08-21 02:03:15 INFO Epoch 032 | Train Loss: 0.3302 | Val Loss: 0.3162 | Dice: 0.4906 | softDice: 0.4468 | clDice: 0.5548 | softclDice: 0.4843 | IoU: 0.3253 | Tversky: 0.4906 | Hausdorff: 228.6150 | HD95: 31.4413 | val_loss: 0.3162 | LR: 0.000250
2025-08-21 02:05:02 INFO Epoch 033 | Train Loss: 0.3353 | Val Loss: 0.3181 | Dice: 0.4864 | softDice: 0.4418 | clDice: 0.5524 | softclDice: 0.4877 | IoU: 0.3216 | Tversky: 0.4864 | Hausdorff: 237.5172 | HD95: 30.7291 | val_loss: 0.3181 | LR: 0.000250
2025-08-21 02:06:42 INFO Epoch 034 | Train Loss: 0.3301 | Val Loss: 0.3168 | Dice: 0.4885 | softDice: 0.4457 | clDice: 0.5535 | softclDice: 0.4839 | IoU: 0.3234 | Tversky: 0.4885 | Hausdorff: 235.9976 | HD95: 30.7629 | val_loss: 0.3168 | LR: 0.000250
2025-08-21 02:08:23 INFO Epoch 035 | Train Loss: 0.3320 | Val Loss: 0.3176 | Dice: 0.4885 | softDice: 0.4453 | clDice: 0.5534 | softclDice: 0.4827 | IoU: 0.3235 | Tversky: 0.4885 | Hausdorff: 237.0304 | HD95: 32.8198 | val_loss: 0.3176 | LR: 0.000250
2025-08-21 02:10:02 INFO Epoch 036 | Train Loss: 0.3330 | Val Loss: 0.3173 | Dice: 0.4875 | softDice: 0.4437 | clDice: 0.5521 | softclDice: 0.4867 | IoU: 0.3225 | Tversky: 0.4875 | Hausdorff: 238.4345 | HD95: 33.0832 | val_loss: 0.3173 | LR: 0.000250
2025-08-21 02:11:44 INFO Epoch 037 | Train Loss: 0.3322 | Val Loss: 0.3186 | Dice: 0.4850 | softDice: 0.4423 | clDice: 0.5492 | softclDice: 0.4884 | IoU: 0.3204 | Tversky: 0.4850 | Hausdorff: 388.0411 | HD95: 32.6818 | val_loss: 0.3186 | LR: 0.000250
2025-08-21 02:13:24 INFO Epoch 038 | Train Loss: 0.3316 | Val Loss: 0.3182 | Dice: 0.4856 | softDice: 0.4445 | clDice: 0.5479 | softclDice: 0.4863 | IoU: 0.3210 | Tversky: 0.4856 | Hausdorff: 379.3895 | HD95: 30.4298 | val_loss: 0.3182 | LR: 0.000125
2025-08-21 02:15:04 INFO Epoch 039 | Train Loss: 0.3283 | Val Loss: 0.3179 | Dice: 0.4865 | softDice: 0.4426 | clDice: 0.5494 | softclDice: 0.4880 | IoU: 0.3218 | Tversky: 0.4865 | Hausdorff: 378.8463 | HD95: 30.1783 | val_loss: 0.3179 | LR: 0.000125
2025-08-21 02:16:50 INFO Epoch 040 | Train Loss: 0.3281 | Val Loss: 0.3156 | Dice: 0.4898 | softDice: 0.4461 | clDice: 0.5541 | softclDice: 0.4827 | IoU: 0.3246 | Tversky: 0.4898 | Hausdorff: 233.1875 | HD95: 30.4840 | val_loss: 0.3156 | LR: 0.000125
2025-08-21 02:18:33 INFO Epoch 041 | Train Loss: 0.3278 | Val Loss: 0.3177 | Dice: 0.4860 | softDice: 0.4432 | clDice: 0.5493 | softclDice: 0.4861 | IoU: 0.3213 | Tversky: 0.4860 | Hausdorff: 231.7251 | HD95: 29.2889 | val_loss: 0.3177 | LR: 0.000125
2025-08-21 02:20:21 INFO Epoch 042 | Train Loss: 0.3284 | Val Loss: 0.3160 | Dice: 0.4891 | softDice: 0.4460 | clDice: 0.5545 | softclDice: 0.4825 | IoU: 0.3241 | Tversky: 0.4891 | Hausdorff: 238.5231 | HD95: 31.3748 | val_loss: 0.3160 | LR: 0.000125
2025-08-21 02:22:04 INFO Epoch 043 | Train Loss: 0.3280 | Val Loss: 0.3175 | Dice: 0.4879 | softDice: 0.4450 | clDice: 0.5516 | softclDice: 0.4851 | IoU: 0.3230 | Tversky: 0.4879 | Hausdorff: 235.3716 | HD95: 30.3600 | val_loss: 0.3175 | LR: 0.000125
2025-08-21 02:23:45 INFO Epoch 044 | Train Loss: 0.3293 | Val Loss: 0.3169 | Dice: 0.4902 | softDice: 0.4481 | clDice: 0.5486 | softclDice: 0.4863 | IoU: 0.3250 | Tversky: 0.4902 | Hausdorff: 234.2501 | HD95: 29.5059 | val_loss: 0.3169 | LR: 0.000125
2025-08-21 02:25:32 INFO Epoch 045 | Train Loss: 0.3295 | Val Loss: 0.3168 | Dice: 0.4887 | softDice: 0.4456 | clDice: 0.5523 | softclDice: 0.4853 | IoU: 0.3237 | Tversky: 0.4887 | Hausdorff: 233.3975 | HD95: 30.2844 | val_loss: 0.3168 | LR: 0.000125
2025-08-21 02:27:13 INFO Epoch 046 | Train Loss: 0.3255 | Val Loss: 0.3181 | Dice: 0.4873 | softDice: 0.4451 | clDice: 0.5490 | softclDice: 0.4869 | IoU: 0.3225 | Tversky: 0.4873 | Hausdorff: 369.3462 | HD95: 30.8392 | val_loss: 0.3181 | LR: 0.000063
2025-08-21 02:28:53 INFO Epoch 047 | Train Loss: 0.3254 | Val Loss: 0.3173 | Dice: 0.4883 | softDice: 0.4459 | clDice: 0.5516 | softclDice: 0.4852 | IoU: 0.3234 | Tversky: 0.4883 | Hausdorff: 227.4729 | HD95: 29.2682 | val_loss: 0.3173 | LR: 0.000063
2025-08-21 02:30:33 INFO Epoch 048 | Train Loss: 0.3230 | Val Loss: 0.3179 | Dice: 0.4873 | softDice: 0.4460 | clDice: 0.5484 | softclDice: 0.4862 | IoU: 0.3224 | Tversky: 0.4873 | Hausdorff: 368.8051 | HD95: 30.0359 | val_loss: 0.3179 | LR: 0.000063
2025-08-21 02:32:14 INFO Epoch 049 | Train Loss: 0.3221 | Val Loss: 0.3182 | Dice: 0.4864 | softDice: 0.4453 | clDice: 0.5492 | softclDice: 0.4855 | IoU: 0.3217 | Tversky: 0.4864 | Hausdorff: 368.9465 | HD95: 30.3411 | val_loss: 0.3182 | LR: 0.000063
2025-08-21 02:33:55 INFO Epoch 050 | Train Loss: 0.3252 | Val Loss: 0.3183 | Dice: 0.4874 | softDice: 0.4462 | clDice: 0.5487 | softclDice: 0.4853 | IoU: 0.3226 | Tversky: 0.4874 | Hausdorff: 225.7504 | HD95: 30.5197 | val_loss: 0.3183 | LR: 0.000063
2025-08-21 02:35:34 INFO Epoch 051 | Train Loss: 0.3236 | Val Loss: 0.3179 | Dice: 0.4873 | softDice: 0.4448 | clDice: 0.5507 | softclDice: 0.4845 | IoU: 0.3225 | Tversky: 0.4873 | Hausdorff: 368.3361 | HD95: 28.7195 | val_loss: 0.3179 | LR: 0.000063
2025-08-21 02:37:14 INFO Epoch 052 | Train Loss: 0.3256 | Val Loss: 0.3196 | Dice: 0.4842 | softDice: 0.4416 | clDice: 0.5485 | softclDice: 0.4869 | IoU: 0.3198 | Tversky: 0.4842 | Hausdorff: 377.2096 | HD95: 29.2197 | val_loss: 0.3196 | LR: 0.000031
2025-08-21 02:38:53 INFO Epoch 053 | Train Loss: 0.3209 | Val Loss: 0.3177 | Dice: 0.4877 | softDice: 0.4476 | clDice: 0.5495 | softclDice: 0.4843 | IoU: 0.3229 | Tversky: 0.4877 | Hausdorff: 373.4910 | HD95: 28.7655 | val_loss: 0.3177 | LR: 0.000031
2025-08-21 02:40:34 INFO Epoch 054 | Train Loss: 0.3232 | Val Loss: 0.3186 | Dice: 0.4869 | softDice: 0.4461 | clDice: 0.5494 | softclDice: 0.4855 | IoU: 0.3221 | Tversky: 0.4869 | Hausdorff: 369.4524 | HD95: 28.5135 | val_loss: 0.3186 | LR: 0.000031
2025-08-21 02:42:15 INFO Epoch 055 | Train Loss: 0.3242 | Val Loss: 0.3176 | Dice: 0.4889 | softDice: 0.4465 | clDice: 0.5499 | softclDice: 0.4858 | IoU: 0.3238 | Tversky: 0.4889 | Hausdorff: 372.5438 | HD95: 28.6816 | val_loss: 0.3176 | LR: 0.000031
2025-08-21 02:43:54 INFO Epoch 056 | Train Loss: 0.3241 | Val Loss: 0.3176 | Dice: 0.4886 | softDice: 0.4469 | clDice: 0.5510 | softclDice: 0.4847 | IoU: 0.3236 | Tversky: 0.4886 | Hausdorff: 235.0502 | HD95: 28.2884 | val_loss: 0.3176 | LR: 0.000031
2025-08-21 02:45:33 INFO Epoch 057 | Train Loss: 0.3252 | Val Loss: 0.3172 | Dice: 0.4893 | softDice: 0.4470 | clDice: 0.5517 | softclDice: 0.4840 | IoU: 0.3242 | Tversky: 0.4893 | Hausdorff: 226.8945 | HD95: 27.9022 | val_loss: 0.3172 | LR: 0.000031
2025-08-21 02:47:17 INFO Epoch 058 | Train Loss: 0.3221 | Val Loss: 0.3195 | Dice: 0.4865 | softDice: 0.4454 | clDice: 0.5467 | softclDice: 0.4882 | IoU: 0.3218 | Tversky: 0.4865 | Hausdorff: 231.8442 | HD95: 28.7150 | val_loss: 0.3195 | LR: 0.000016
2025-08-21 02:48:58 INFO Epoch 059 | Train Loss: 0.3241 | Val Loss: 0.3186 | Dice: 0.4875 | softDice: 0.4459 | clDice: 0.5480 | softclDice: 0.4866 | IoU: 0.3227 | Tversky: 0.4875 | Hausdorff: 374.1347 | HD95: 29.0876 | val_loss: 0.3186 | LR: 0.000016
2025-08-21 02:50:41 INFO Epoch 060 | Train Loss: 0.3242 | Val Loss: 0.3186 | Dice: 0.4871 | softDice: 0.4455 | clDice: 0.5487 | softclDice: 0.4864 | IoU: 0.3223 | Tversky: 0.4871 | Hausdorff: 373.9925 | HD95: 28.7427 | val_loss: 0.3186 | LR: 0.000016
2025-08-21 02:52:21 INFO Early stopping at epoch 61 | Best Dice: 0.4906 at epoch 1
2025-08-21 02:53:17 INFO Fold 1 results: Dice: 0.4891 | softDice: 0.4460 | clDice: 0.5545 | softclDice: 0.4825 | IoU: 0.3241 | Tversky: 0.4891 | Hausdorff: 238.5231 | HD95: 31.3748 | val_loss: 0.3160
2025-08-21 02:53:17 INFO ===== Fold 2 / 5 =====
2025-08-21 02:53:17 INFO Loading model unet with settings {'name': 'unet', 'encoder_name': 'se_resnext50_32x4d', 'encoder_weights': 'imagenet', 'classes': 1, 'activation': None, 'dropout': 0.2}
2025-08-21 02:54:58 INFO Epoch 001 | Train Loss: 0.5587 | Val Loss: 0.4344 | Dice: 0.4450 | softDice: 0.2688 | clDice: 0.4964 | softclDice: 0.7071 | IoU: 0.2864 | Tversky: 0.4450 | Hausdorff: 417.6857 | HD95: 53.7147 | val_loss: 0.4344 | LR: 0.001000
2025-08-21 02:56:41 INFO Epoch 002 | Train Loss: 0.3952 | Val Loss: 0.3697 | Dice: 0.4523 | softDice: 0.3638 | clDice: 0.5116 | softclDice: 0.5866 | IoU: 0.2928 | Tversky: 0.4523 | Hausdorff: 402.7552 | HD95: 52.2745 | val_loss: 0.3697 | LR: 0.001000
2025-08-21 02:58:21 INFO Epoch 003 | Train Loss: 0.3714 | Val Loss: 0.3552 | Dice: 0.4583 | softDice: 0.3959 | clDice: 0.5123 | softclDice: 0.5552 | IoU: 0.2977 | Tversky: 0.4583 | Hausdorff: 314.7685 | HD95: 46.4881 | val_loss: 0.3552 | LR: 0.001000
2025-08-21 03:00:04 INFO Epoch 004 | Train Loss: 0.3611 | Val Loss: 0.3345 | Dice: 0.4803 | softDice: 0.4292 | clDice: 0.5573 | softclDice: 0.4949 | IoU: 0.3163 | Tversky: 0.4803 | Hausdorff: 300.5999 | HD95: 34.9290 | val_loss: 0.3345 | LR: 0.001000
2025-08-21 03:01:47 INFO Epoch 005 | Train Loss: 0.3559 | Val Loss: 0.3303 | Dice: 0.4858 | softDice: 0.4293 | clDice: 0.5579 | softclDice: 0.4915 | IoU: 0.3212 | Tversky: 0.4858 | Hausdorff: 294.7048 | HD95: 33.8372 | val_loss: 0.3303 | LR: 0.001000
2025-08-21 03:03:27 INFO Epoch 006 | Train Loss: 0.3514 | Val Loss: 0.3313 | Dice: 0.4791 | softDice: 0.4297 | clDice: 0.5444 | softclDice: 0.5077 | IoU: 0.3152 | Tversky: 0.4791 | Hausdorff: 306.9168 | HD95: 34.5218 | val_loss: 0.3313 | LR: 0.001000
2025-08-21 03:05:11 INFO Epoch 007 | Train Loss: 0.3499 | Val Loss: 0.3305 | Dice: 0.4792 | softDice: 0.4328 | clDice: 0.5516 | softclDice: 0.4918 | IoU: 0.3153 | Tversky: 0.4792 | Hausdorff: 290.2287 | HD95: 30.2551 | val_loss: 0.3305 | LR: 0.001000
2025-08-21 03:06:52 INFO Epoch 008 | Train Loss: 0.3508 | Val Loss: 0.3257 | Dice: 0.4847 | softDice: 0.4450 | clDice: 0.5523 | softclDice: 0.4843 | IoU: 0.3202 | Tversky: 0.4847 | Hausdorff: 291.7155 | HD95: 31.5243 | val_loss: 0.3257 | LR: 0.001000
2025-08-21 03:08:33 INFO Epoch 009 | Train Loss: 0.3476 | Val Loss: 0.3314 | Dice: 0.4796 | softDice: 0.4357 | clDice: 0.5414 | softclDice: 0.4930 | IoU: 0.3159 | Tversky: 0.4796 | Hausdorff: 287.1104 | HD95: 38.4811 | val_loss: 0.3314 | LR: 0.001000
2025-08-21 03:10:14 INFO Epoch 010 | Train Loss: 0.3474 | Val Loss: 0.3281 | Dice: 0.4853 | softDice: 0.4312 | clDice: 0.5429 | softclDice: 0.4964 | IoU: 0.3208 | Tversky: 0.4853 | Hausdorff: 291.3416 | HD95: 30.7583 | val_loss: 0.3281 | LR: 0.001000
2025-08-21 03:11:56 INFO Epoch 011 | Train Loss: 0.3420 | Val Loss: 0.3237 | Dice: 0.4907 | softDice: 0.4462 | clDice: 0.5496 | softclDice: 0.4833 | IoU: 0.3255 | Tversky: 0.4907 | Hausdorff: 289.4095 | HD95: 28.1998 | val_loss: 0.3237 | LR: 0.001000
2025-08-21 03:13:39 INFO Epoch 012 | Train Loss: 0.3445 | Val Loss: 0.3245 | Dice: 0.4863 | softDice: 0.4456 | clDice: 0.5582 | softclDice: 0.4763 | IoU: 0.3216 | Tversky: 0.4863 | Hausdorff: 303.5032 | HD95: 31.6854 | val_loss: 0.3245 | LR: 0.001000
2025-08-21 03:15:20 INFO Epoch 013 | Train Loss: 0.3429 | Val Loss: 0.3294 | Dice: 0.4815 | softDice: 0.4366 | clDice: 0.5450 | softclDice: 0.4893 | IoU: 0.3175 | Tversky: 0.4815 | Hausdorff: 291.8095 | HD95: 30.2803 | val_loss: 0.3294 | LR: 0.001000
2025-08-21 03:17:01 INFO Epoch 014 | Train Loss: 0.3434 | Val Loss: 0.3262 | Dice: 0.4860 | softDice: 0.4422 | clDice: 0.5523 | softclDice: 0.4789 | IoU: 0.3214 | Tversky: 0.4860 | Hausdorff: 269.9036 | HD95: 35.0512 | val_loss: 0.3262 | LR: 0.001000
2025-08-21 03:18:42 INFO Epoch 015 | Train Loss: 0.3410 | Val Loss: 0.3248 | Dice: 0.4868 | softDice: 0.4439 | clDice: 0.5507 | softclDice: 0.4798 | IoU: 0.3222 | Tversky: 0.4868 | Hausdorff: 299.3489 | HD95: 30.0295 | val_loss: 0.3248 | LR: 0.001000
2025-08-21 03:20:23 INFO Epoch 016 | Train Loss: 0.3436 | Val Loss: 0.3248 | Dice: 0.4866 | softDice: 0.4454 | clDice: 0.5623 | softclDice: 0.4679 | IoU: 0.3218 | Tversky: 0.4866 | Hausdorff: 299.5534 | HD95: 30.7780 | val_loss: 0.3248 | LR: 0.001000
2025-08-21 03:22:05 INFO Epoch 017 | Train Loss: 0.3415 | Val Loss: 0.3242 | Dice: 0.4865 | softDice: 0.4468 | clDice: 0.5522 | softclDice: 0.4780 | IoU: 0.3218 | Tversky: 0.4865 | Hausdorff: 298.9631 | HD95: 29.3700 | val_loss: 0.3242 | LR: 0.000500
2025-08-21 03:23:45 INFO Epoch 018 | Train Loss: 0.3389 | Val Loss: 0.3221 | Dice: 0.4917 | softDice: 0.4481 | clDice: 0.5523 | softclDice: 0.4815 | IoU: 0.3264 | Tversky: 0.4917 | Hausdorff: 291.4472 | HD95: 28.9496 | val_loss: 0.3221 | LR: 0.000500
2025-08-21 03:25:29 INFO Epoch 019 | Train Loss: 0.3337 | Val Loss: 0.3189 | Dice: 0.4958 | softDice: 0.4532 | clDice: 0.5613 | softclDice: 0.4707 | IoU: 0.3300 | Tversky: 0.4958 | Hausdorff: 265.0909 | HD95: 29.3028 | val_loss: 0.3189 | LR: 0.000500
2025-08-21 03:27:11 INFO Epoch 020 | Train Loss: 0.3345 | Val Loss: 0.3227 | Dice: 0.4911 | softDice: 0.4496 | clDice: 0.5482 | softclDice: 0.4824 | IoU: 0.3259 | Tversky: 0.4911 | Hausdorff: 287.9068 | HD95: 29.1611 | val_loss: 0.3227 | LR: 0.000500
2025-08-21 03:28:52 INFO Epoch 021 | Train Loss: 0.3324 | Val Loss: 0.3274 | Dice: 0.4848 | softDice: 0.4458 | clDice: 0.5425 | softclDice: 0.4879 | IoU: 0.3203 | Tversky: 0.4848 | Hausdorff: 299.8124 | HD95: 31.1114 | val_loss: 0.3274 | LR: 0.000500
2025-08-21 03:30:33 INFO Epoch 022 | Train Loss: 0.3320 | Val Loss: 0.3211 | Dice: 0.4926 | softDice: 0.4531 | clDice: 0.5531 | softclDice: 0.4773 | IoU: 0.3272 | Tversky: 0.4926 | Hausdorff: 299.1135 | HD95: 27.3241 | val_loss: 0.3211 | LR: 0.000500
2025-08-21 03:32:12 INFO Epoch 023 | Train Loss: 0.3323 | Val Loss: 0.3194 | Dice: 0.4940 | softDice: 0.4533 | clDice: 0.5634 | softclDice: 0.4699 | IoU: 0.3283 | Tversky: 0.4940 | Hausdorff: 289.2291 | HD95: 30.0077 | val_loss: 0.3194 | LR: 0.000500
2025-08-21 03:33:53 INFO Epoch 024 | Train Loss: 0.3351 | Val Loss: 0.3222 | Dice: 0.4933 | softDice: 0.4498 | clDice: 0.5546 | softclDice: 0.4763 | IoU: 0.3278 | Tversky: 0.4933 | Hausdorff: 276.1903 | HD95: 32.2427 | val_loss: 0.3222 | LR: 0.000500
2025-08-21 03:35:34 INFO Epoch 025 | Train Loss: 0.3324 | Val Loss: 0.3199 | Dice: 0.4955 | softDice: 0.4568 | clDice: 0.5562 | softclDice: 0.4728 | IoU: 0.3298 | Tversky: 0.4955 | Hausdorff: 290.9831 | HD95: 27.9021 | val_loss: 0.3199 | LR: 0.000250
2025-08-21 03:37:14 INFO Epoch 026 | Train Loss: 0.3287 | Val Loss: 0.3189 | Dice: 0.4947 | softDice: 0.4539 | clDice: 0.5631 | softclDice: 0.4686 | IoU: 0.3290 | Tversky: 0.4947 | Hausdorff: 291.5446 | HD95: 28.6798 | val_loss: 0.3189 | LR: 0.000250
2025-08-21 03:38:56 INFO Epoch 027 | Train Loss: 0.3305 | Val Loss: 0.3205 | Dice: 0.4941 | softDice: 0.4534 | clDice: 0.5551 | softclDice: 0.4733 | IoU: 0.3286 | Tversky: 0.4941 | Hausdorff: 298.2856 | HD95: 29.2415 | val_loss: 0.3205 | LR: 0.000250
2025-08-21 03:40:37 INFO Epoch 028 | Train Loss: 0.3265 | Val Loss: 0.3217 | Dice: 0.4923 | softDice: 0.4532 | clDice: 0.5544 | softclDice: 0.4749 | IoU: 0.3269 | Tversky: 0.4923 | Hausdorff: 263.8936 | HD95: 31.1642 | val_loss: 0.3217 | LR: 0.000250
2025-08-21 03:42:18 INFO Epoch 029 | Train Loss: 0.3295 | Val Loss: 0.3220 | Dice: 0.4911 | softDice: 0.4519 | clDice: 0.5553 | softclDice: 0.4748 | IoU: 0.3259 | Tversky: 0.4911 | Hausdorff: 289.5211 | HD95: 29.1402 | val_loss: 0.3220 | LR: 0.000250
2025-08-21 03:43:58 INFO Epoch 030 | Train Loss: 0.3252 | Val Loss: 0.3195 | Dice: 0.4933 | softDice: 0.4556 | clDice: 0.5555 | softclDice: 0.4726 | IoU: 0.3278 | Tversky: 0.4933 | Hausdorff: 299.6255 | HD95: 28.7755 | val_loss: 0.3195 | LR: 0.000250
2025-08-21 03:45:39 INFO Epoch 031 | Train Loss: 0.3287 | Val Loss: 0.3199 | Dice: 0.4948 | softDice: 0.4542 | clDice: 0.5590 | softclDice: 0.4710 | IoU: 0.3291 | Tversky: 0.4948 | Hausdorff: 279.0618 | HD95: 28.5781 | val_loss: 0.3199 | LR: 0.000125
2025-08-21 03:47:21 INFO Epoch 032 | Train Loss: 0.3266 | Val Loss: 0.3209 | Dice: 0.4926 | softDice: 0.4533 | clDice: 0.5523 | softclDice: 0.4753 | IoU: 0.3272 | Tversky: 0.4926 | Hausdorff: 291.0483 | HD95: 28.9433 | val_loss: 0.3209 | LR: 0.000125
2025-08-21 03:49:01 INFO Epoch 033 | Train Loss: 0.3269 | Val Loss: 0.3203 | Dice: 0.4928 | softDice: 0.4522 | clDice: 0.5553 | softclDice: 0.4743 | IoU: 0.3273 | Tversky: 0.4928 | Hausdorff: 293.5393 | HD95: 27.6999 | val_loss: 0.3203 | LR: 0.000125
2025-08-21 03:50:41 INFO Epoch 034 | Train Loss: 0.3232 | Val Loss: 0.3206 | Dice: 0.4930 | softDice: 0.4538 | clDice: 0.5578 | softclDice: 0.4725 | IoU: 0.3275 | Tversky: 0.4930 | Hausdorff: 275.9754 | HD95: 28.8612 | val_loss: 0.3206 | LR: 0.000125
2025-08-21 03:52:20 INFO Epoch 035 | Train Loss: 0.3227 | Val Loss: 0.3214 | Dice: 0.4931 | softDice: 0.4540 | clDice: 0.5558 | softclDice: 0.4744 | IoU: 0.3276 | Tversky: 0.4931 | Hausdorff: 297.7334 | HD95: 28.3077 | val_loss: 0.3214 | LR: 0.000125
2025-08-21 03:54:00 INFO Epoch 036 | Train Loss: 0.3269 | Val Loss: 0.3207 | Dice: 0.4930 | softDice: 0.4543 | clDice: 0.5552 | softclDice: 0.4717 | IoU: 0.3276 | Tversky: 0.4930 | Hausdorff: 278.0826 | HD95: 28.6951 | val_loss: 0.3207 | LR: 0.000125
2025-08-21 03:55:40 INFO Epoch 037 | Train Loss: 0.3229 | Val Loss: 0.3216 | Dice: 0.4927 | softDice: 0.4541 | clDice: 0.5547 | softclDice: 0.4747 | IoU: 0.3273 | Tversky: 0.4927 | Hausdorff: 275.6455 | HD95: 27.4048 | val_loss: 0.3216 | LR: 0.000063
2025-08-21 03:57:22 INFO Early stopping at epoch 38 | Best Dice: 0.4958 at epoch 1
2025-08-21 03:58:11 INFO Fold 2 results: Dice: 0.4866 | softDice: 0.4454 | clDice: 0.5623 | softclDice: 0.4679 | IoU: 0.3218 | Tversky: 0.4866 | Hausdorff: 299.5534 | HD95: 30.7780 | val_loss: 0.3248
2025-08-21 03:58:11 INFO ===== Fold 3 / 5 =====
2025-08-21 03:58:11 INFO Loading model unet with settings {'name': 'unet', 'encoder_name': 'se_resnext50_32x4d', 'encoder_weights': 'imagenet', 'classes': 1, 'activation': None, 'dropout': 0.2}
2025-08-21 03:59:53 INFO Epoch 001 | Train Loss: 0.4483 | Val Loss: 0.3772 | Dice: 0.4346 | softDice: 0.3839 | clDice: 0.4946 | softclDice: 0.6290 | IoU: 0.2785 | Tversky: 0.4346 | Hausdorff: 762.2812 | HD95: 62.0745 | val_loss: 0.3772 | LR: 0.001000
2025-08-21 04:01:32 INFO Epoch 002 | Train Loss: 0.3734 | Val Loss: 0.3490 | Dice: 0.4614 | softDice: 0.4102 | clDice: 0.5180 | softclDice: 0.5419 | IoU: 0.3007 | Tversky: 0.4614 | Hausdorff: 419.1691 | HD95: 45.7706 | val_loss: 0.3490 | LR: 0.001000
2025-08-21 04:03:14 INFO Epoch 003 | Train Loss: 0.3679 | Val Loss: 0.3427 | Dice: 0.4650 | softDice: 0.4205 | clDice: 0.5336 | softclDice: 0.5093 | IoU: 0.3037 | Tversky: 0.4650 | Hausdorff: 250.6780 | HD95: 44.4210 | val_loss: 0.3427 | LR: 0.001000
2025-08-21 04:04:54 INFO Epoch 004 | Train Loss: 0.3564 | Val Loss: 0.3360 | Dice: 0.4754 | softDice: 0.4253 | clDice: 0.5369 | softclDice: 0.5133 | IoU: 0.3126 | Tversky: 0.4754 | Hausdorff: 296.1143 | HD95: 37.6365 | val_loss: 0.3360 | LR: 0.001000
2025-08-21 04:06:35 INFO Epoch 005 | Train Loss: 0.3538 | Val Loss: 0.3352 | Dice: 0.4781 | softDice: 0.4300 | clDice: 0.5300 | softclDice: 0.5101 | IoU: 0.3148 | Tversky: 0.4781 | Hausdorff: 274.1627 | HD95: 36.5595 | val_loss: 0.3352 | LR: 0.001000
2025-08-21 04:08:18 INFO Epoch 006 | Train Loss: 0.3553 | Val Loss: 0.3367 | Dice: 0.4725 | softDice: 0.4329 | clDice: 0.5460 | softclDice: 0.4927 | IoU: 0.3100 | Tversky: 0.4725 | Hausdorff: 250.6624 | HD95: 38.8578 | val_loss: 0.3367 | LR: 0.001000
2025-08-21 04:10:05 INFO Epoch 007 | Train Loss: 0.3510 | Val Loss: 0.3288 | Dice: 0.4834 | softDice: 0.4330 | clDice: 0.5595 | softclDice: 0.4805 | IoU: 0.3193 | Tversky: 0.4834 | Hausdorff: 246.9665 | HD95: 35.4063 | val_loss: 0.3288 | LR: 0.001000
2025-08-21 04:11:48 INFO Epoch 008 | Train Loss: 0.3478 | Val Loss: 0.3255 | Dice: 0.4902 | softDice: 0.4457 | clDice: 0.5619 | softclDice: 0.4727 | IoU: 0.3255 | Tversky: 0.4902 | Hausdorff: 237.1216 | HD95: 35.3823 | val_loss: 0.3255 | LR: 0.001000
2025-08-21 04:13:37 INFO Epoch 009 | Train Loss: 0.3494 | Val Loss: 0.3264 | Dice: 0.4870 | softDice: 0.4396 | clDice: 0.5533 | softclDice: 0.4866 | IoU: 0.3226 | Tversky: 0.4870 | Hausdorff: 255.3540 | HD95: 33.6001 | val_loss: 0.3264 | LR: 0.001000
2025-08-21 04:15:24 INFO Epoch 010 | Train Loss: 0.3494 | Val Loss: 0.3353 | Dice: 0.4752 | softDice: 0.4328 | clDice: 0.5364 | softclDice: 0.4982 | IoU: 0.3123 | Tversky: 0.4752 | Hausdorff: 239.4857 | HD95: 36.0907 | val_loss: 0.3353 | LR: 0.001000
2025-08-21 04:17:06 INFO Epoch 011 | Train Loss: 0.3458 | Val Loss: 0.3267 | Dice: 0.4866 | softDice: 0.4381 | clDice: 0.5627 | softclDice: 0.4761 | IoU: 0.3222 | Tversky: 0.4866 | Hausdorff: 231.8566 | HD95: 30.3639 | val_loss: 0.3267 | LR: 0.001000
2025-08-21 04:18:53 INFO Epoch 012 | Train Loss: 0.3488 | Val Loss: 0.3289 | Dice: 0.4828 | softDice: 0.4375 | clDice: 0.5534 | softclDice: 0.4800 | IoU: 0.3190 | Tversky: 0.4828 | Hausdorff: 220.1004 | HD95: 39.8644 | val_loss: 0.3289 | LR: 0.001000
2025-08-21 04:20:35 INFO Epoch 013 | Train Loss: 0.3454 | Val Loss: 0.3211 | Dice: 0.4947 | softDice: 0.4491 | clDice: 0.5706 | softclDice: 0.4614 | IoU: 0.3292 | Tversky: 0.4947 | Hausdorff: 239.3894 | HD95: 32.8180 | val_loss: 0.3211 | LR: 0.001000
2025-08-21 04:22:16 INFO Epoch 014 | Train Loss: 0.3463 | Val Loss: 0.3227 | Dice: 0.4932 | softDice: 0.4497 | clDice: 0.5651 | softclDice: 0.4635 | IoU: 0.3280 | Tversky: 0.4932 | Hausdorff: 230.1449 | HD95: 35.4086 | val_loss: 0.3227 | LR: 0.001000
2025-08-21 04:23:57 INFO Epoch 015 | Train Loss: 0.3432 | Val Loss: 0.3258 | Dice: 0.4889 | softDice: 0.4479 | clDice: 0.5627 | softclDice: 0.4652 | IoU: 0.3244 | Tversky: 0.4889 | Hausdorff: 262.6203 | HD95: 36.8309 | val_loss: 0.3258 | LR: 0.001000
2025-08-21 04:25:42 INFO Epoch 016 | Train Loss: 0.3396 | Val Loss: 0.3236 | Dice: 0.4922 | softDice: 0.4451 | clDice: 0.5602 | softclDice: 0.4747 | IoU: 0.3271 | Tversky: 0.4922 | Hausdorff: 242.4688 | HD95: 32.1994 | val_loss: 0.3236 | LR: 0.001000
2025-08-21 04:27:21 INFO Epoch 017 | Train Loss: 0.3402 | Val Loss: 0.3299 | Dice: 0.4799 | softDice: 0.4354 | clDice: 0.5463 | softclDice: 0.4842 | IoU: 0.3164 | Tversky: 0.4799 | Hausdorff: 244.0239 | HD95: 35.3687 | val_loss: 0.3299 | LR: 0.001000
2025-08-21 04:29:04 INFO Epoch 018 | Train Loss: 0.3431 | Val Loss: 0.3285 | Dice: 0.4858 | softDice: 0.4391 | clDice: 0.5526 | softclDice: 0.4833 | IoU: 0.3216 | Tversky: 0.4858 | Hausdorff: 239.7449 | HD95: 33.7416 | val_loss: 0.3285 | LR: 0.001000
2025-08-21 04:30:44 INFO Epoch 019 | Train Loss: 0.3394 | Val Loss: 0.3246 | Dice: 0.4889 | softDice: 0.4470 | clDice: 0.5615 | softclDice: 0.4669 | IoU: 0.3243 | Tversky: 0.4889 | Hausdorff: 240.0229 | HD95: 34.9745 | val_loss: 0.3246 | LR: 0.000500
2025-08-21 04:32:25 INFO Epoch 020 | Train Loss: 0.3365 | Val Loss: 0.3198 | Dice: 0.4994 | softDice: 0.4546 | clDice: 0.5675 | softclDice: 0.4594 | IoU: 0.3337 | Tversky: 0.4994 | Hausdorff: 232.4115 | HD95: 32.5016 | val_loss: 0.3198 | LR: 0.000500
2025-08-21 04:34:07 INFO Epoch 021 | Train Loss: 0.3363 | Val Loss: 0.3200 | Dice: 0.4950 | softDice: 0.4495 | clDice: 0.5743 | softclDice: 0.4580 | IoU: 0.3296 | Tversky: 0.4950 | Hausdorff: 251.8233 | HD95: 29.0872 | val_loss: 0.3200 | LR: 0.000500
2025-08-21 04:35:49 INFO Epoch 022 | Train Loss: 0.3340 | Val Loss: 0.3193 | Dice: 0.4955 | softDice: 0.4545 | clDice: 0.5676 | softclDice: 0.4605 | IoU: 0.3301 | Tversky: 0.4955 | Hausdorff: 240.5995 | HD95: 28.8857 | val_loss: 0.3193 | LR: 0.000500
2025-08-21 04:37:30 INFO Epoch 023 | Train Loss: 0.3352 | Val Loss: 0.3209 | Dice: 0.4950 | softDice: 0.4495 | clDice: 0.5638 | softclDice: 0.4653 | IoU: 0.3296 | Tversky: 0.4950 | Hausdorff: 241.2434 | HD95: 30.0659 | val_loss: 0.3209 | LR: 0.000500
2025-08-21 04:39:10 INFO Epoch 024 | Train Loss: 0.3364 | Val Loss: 0.3215 | Dice: 0.4938 | softDice: 0.4517 | clDice: 0.5633 | softclDice: 0.4655 | IoU: 0.3286 | Tversky: 0.4938 | Hausdorff: 241.0942 | HD95: 28.7917 | val_loss: 0.3215 | LR: 0.000500
2025-08-21 04:40:52 INFO Epoch 025 | Train Loss: 0.3350 | Val Loss: 0.3206 | Dice: 0.4946 | softDice: 0.4501 | clDice: 0.5668 | softclDice: 0.4627 | IoU: 0.3293 | Tversky: 0.4946 | Hausdorff: 228.6197 | HD95: 28.3388 | val_loss: 0.3206 | LR: 0.000500
2025-08-21 04:42:32 INFO Epoch 026 | Train Loss: 0.3323 | Val Loss: 0.3200 | Dice: 0.4953 | softDice: 0.4489 | clDice: 0.5740 | softclDice: 0.4569 | IoU: 0.3299 | Tversky: 0.4953 | Hausdorff: 228.9911 | HD95: 29.1789 | val_loss: 0.3200 | LR: 0.000500
2025-08-21 04:44:13 INFO Epoch 027 | Train Loss: 0.3347 | Val Loss: 0.3236 | Dice: 0.4921 | softDice: 0.4474 | clDice: 0.5627 | softclDice: 0.4668 | IoU: 0.3272 | Tversky: 0.4921 | Hausdorff: 235.8381 | HD95: 31.9126 | val_loss: 0.3236 | LR: 0.000500
2025-08-21 04:45:54 INFO Epoch 028 | Train Loss: 0.3339 | Val Loss: 0.3196 | Dice: 0.5005 | softDice: 0.4547 | clDice: 0.5665 | softclDice: 0.4610 | IoU: 0.3345 | Tversky: 0.5005 | Hausdorff: 237.4047 | HD95: 30.6708 | val_loss: 0.3196 | LR: 0.000250
2025-08-21 04:47:34 INFO Epoch 029 | Train Loss: 0.3296 | Val Loss: 0.3237 | Dice: 0.4935 | softDice: 0.4521 | clDice: 0.5643 | softclDice: 0.4603 | IoU: 0.3284 | Tversky: 0.4935 | Hausdorff: 240.8475 | HD95: 34.3524 | val_loss: 0.3237 | LR: 0.000250
2025-08-21 04:49:15 INFO Epoch 030 | Train Loss: 0.3290 | Val Loss: 0.3213 | Dice: 0.4956 | softDice: 0.4522 | clDice: 0.5665 | softclDice: 0.4627 | IoU: 0.3302 | Tversky: 0.4956 | Hausdorff: 239.6773 | HD95: 30.6165 | val_loss: 0.3213 | LR: 0.000250
2025-08-21 04:50:55 INFO Epoch 031 | Train Loss: 0.3286 | Val Loss: 0.3232 | Dice: 0.4929 | softDice: 0.4528 | clDice: 0.5631 | softclDice: 0.4624 | IoU: 0.3278 | Tversky: 0.4929 | Hausdorff: 235.1782 | HD95: 32.4550 | val_loss: 0.3232 | LR: 0.000250
2025-08-21 04:52:35 INFO Epoch 032 | Train Loss: 0.3274 | Val Loss: 0.3221 | Dice: 0.4944 | softDice: 0.4555 | clDice: 0.5662 | softclDice: 0.4611 | IoU: 0.3292 | Tversky: 0.4944 | Hausdorff: 240.5209 | HD95: 31.0853 | val_loss: 0.3221 | LR: 0.000250
2025-08-21 04:54:15 INFO Epoch 033 | Train Loss: 0.3261 | Val Loss: 0.3217 | Dice: 0.4947 | softDice: 0.4545 | clDice: 0.5632 | softclDice: 0.4613 | IoU: 0.3295 | Tversky: 0.4947 | Hausdorff: 235.2028 | HD95: 30.5020 | val_loss: 0.3217 | LR: 0.000250
2025-08-21 04:55:56 INFO Epoch 034 | Train Loss: 0.3301 | Val Loss: 0.3186 | Dice: 0.4987 | softDice: 0.4552 | clDice: 0.5730 | softclDice: 0.4534 | IoU: 0.3329 | Tversky: 0.4987 | Hausdorff: 240.1273 | HD95: 29.2396 | val_loss: 0.3186 | LR: 0.000250
2025-08-21 04:57:36 INFO Epoch 035 | Train Loss: 0.3278 | Val Loss: 0.3203 | Dice: 0.4964 | softDice: 0.4549 | clDice: 0.5638 | softclDice: 0.4613 | IoU: 0.3309 | Tversky: 0.4964 | Hausdorff: 239.9467 | HD95: 28.7936 | val_loss: 0.3203 | LR: 0.000250
2025-08-21 04:59:16 INFO Epoch 036 | Train Loss: 0.3261 | Val Loss: 0.3226 | Dice: 0.4935 | softDice: 0.4527 | clDice: 0.5583 | softclDice: 0.4656 | IoU: 0.3284 | Tversky: 0.4935 | Hausdorff: 241.0435 | HD95: 30.1287 | val_loss: 0.3226 | LR: 0.000250
2025-08-21 05:00:55 INFO Epoch 037 | Train Loss: 0.3262 | Val Loss: 0.3244 | Dice: 0.4920 | softDice: 0.4509 | clDice: 0.5586 | softclDice: 0.4667 | IoU: 0.3271 | Tversky: 0.4920 | Hausdorff: 233.1647 | HD95: 32.3095 | val_loss: 0.3244 | LR: 0.000250
2025-08-21 05:02:35 INFO Epoch 038 | Train Loss: 0.3262 | Val Loss: 0.3218 | Dice: 0.4948 | softDice: 0.4537 | clDice: 0.5592 | softclDice: 0.4655 | IoU: 0.3295 | Tversky: 0.4948 | Hausdorff: 241.1652 | HD95: 29.9314 | val_loss: 0.3218 | LR: 0.000250
2025-08-21 05:04:17 INFO Epoch 039 | Train Loss: 0.3269 | Val Loss: 0.3209 | Dice: 0.4964 | softDice: 0.4554 | clDice: 0.5629 | softclDice: 0.4600 | IoU: 0.3310 | Tversky: 0.4964 | Hausdorff: 233.4947 | HD95: 32.5749 | val_loss: 0.3209 | LR: 0.000250
2025-08-21 05:05:56 INFO Epoch 040 | Train Loss: 0.3268 | Val Loss: 0.3217 | Dice: 0.4967 | softDice: 0.4559 | clDice: 0.5630 | softclDice: 0.4631 | IoU: 0.3313 | Tversky: 0.4967 | Hausdorff: 240.7348 | HD95: 31.3614 | val_loss: 0.3217 | LR: 0.000125
2025-08-21 05:07:40 INFO Epoch 041 | Train Loss: 0.3236 | Val Loss: 0.3219 | Dice: 0.4953 | softDice: 0.4535 | clDice: 0.5612 | softclDice: 0.4651 | IoU: 0.3300 | Tversky: 0.4953 | Hausdorff: 235.9255 | HD95: 29.5298 | val_loss: 0.3219 | LR: 0.000125
2025-08-21 05:09:20 INFO Epoch 042 | Train Loss: 0.3221 | Val Loss: 0.3226 | Dice: 0.4941 | softDice: 0.4547 | clDice: 0.5586 | softclDice: 0.4650 | IoU: 0.3290 | Tversky: 0.4941 | Hausdorff: 238.9575 | HD95: 31.3642 | val_loss: 0.3226 | LR: 0.000125
2025-08-21 05:11:02 INFO Epoch 043 | Train Loss: 0.3256 | Val Loss: 0.3225 | Dice: 0.4941 | softDice: 0.4522 | clDice: 0.5618 | softclDice: 0.4642 | IoU: 0.3289 | Tversky: 0.4941 | Hausdorff: 239.7097 | HD95: 30.2821 | val_loss: 0.3225 | LR: 0.000125
2025-08-21 05:12:47 INFO Epoch 044 | Train Loss: 0.3227 | Val Loss: 0.3242 | Dice: 0.4919 | softDice: 0.4508 | clDice: 0.5575 | softclDice: 0.4686 | IoU: 0.3269 | Tversky: 0.4919 | Hausdorff: 234.0498 | HD95: 29.8411 | val_loss: 0.3242 | LR: 0.000125
2025-08-21 05:14:27 INFO Epoch 045 | Train Loss: 0.3233 | Val Loss: 0.3245 | Dice: 0.4928 | softDice: 0.4526 | clDice: 0.5549 | softclDice: 0.4688 | IoU: 0.3278 | Tversky: 0.4928 | Hausdorff: 241.4809 | HD95: 30.9870 | val_loss: 0.3245 | LR: 0.000125
2025-08-21 05:16:10 INFO Epoch 046 | Train Loss: 0.3215 | Val Loss: 0.3193 | Dice: 0.4996 | softDice: 0.4580 | clDice: 0.5663 | softclDice: 0.4581 | IoU: 0.3338 | Tversky: 0.4996 | Hausdorff: 240.5186 | HD95: 31.9411 | val_loss: 0.3193 | LR: 0.000063
2025-08-21 05:17:50 INFO Epoch 047 | Train Loss: 0.3192 | Val Loss: 0.3237 | Dice: 0.4944 | softDice: 0.4548 | clDice: 0.5587 | softclDice: 0.4674 | IoU: 0.3293 | Tversky: 0.4944 | Hausdorff: 241.6610 | HD95: 32.1653 | val_loss: 0.3237 | LR: 0.000063
2025-08-21 05:19:31 INFO Epoch 048 | Train Loss: 0.3185 | Val Loss: 0.3199 | Dice: 0.4999 | softDice: 0.4580 | clDice: 0.5650 | softclDice: 0.4604 | IoU: 0.3342 | Tversky: 0.4999 | Hausdorff: 247.8299 | HD95: 30.0290 | val_loss: 0.3199 | LR: 0.000063
2025-08-21 05:21:13 INFO Epoch 049 | Train Loss: 0.3180 | Val Loss: 0.3249 | Dice: 0.4911 | softDice: 0.4512 | clDice: 0.5559 | softclDice: 0.4705 | IoU: 0.3264 | Tversky: 0.4911 | Hausdorff: 242.7906 | HD95: 31.1131 | val_loss: 0.3249 | LR: 0.000063
2025-08-21 05:22:53 INFO Epoch 050 | Train Loss: 0.3168 | Val Loss: 0.3216 | Dice: 0.4968 | softDice: 0.4566 | clDice: 0.5611 | softclDice: 0.4638 | IoU: 0.3314 | Tversky: 0.4968 | Hausdorff: 240.8850 | HD95: 30.7916 | val_loss: 0.3216 | LR: 0.000063
2025-08-21 05:24:34 INFO Epoch 051 | Train Loss: 0.3195 | Val Loss: 0.3208 | Dice: 0.4986 | softDice: 0.4578 | clDice: 0.5656 | softclDice: 0.4605 | IoU: 0.3329 | Tversky: 0.4986 | Hausdorff: 247.6638 | HD95: 31.9834 | val_loss: 0.3208 | LR: 0.000063
2025-08-21 05:26:15 INFO Epoch 052 | Train Loss: 0.3211 | Val Loss: 0.3206 | Dice: 0.4977 | softDice: 0.4577 | clDice: 0.5640 | softclDice: 0.4610 | IoU: 0.3321 | Tversky: 0.4977 | Hausdorff: 245.5387 | HD95: 29.8006 | val_loss: 0.3206 | LR: 0.000031
2025-08-21 05:27:56 INFO Epoch 053 | Train Loss: 0.3185 | Val Loss: 0.3212 | Dice: 0.4970 | softDice: 0.4570 | clDice: 0.5631 | softclDice: 0.4617 | IoU: 0.3315 | Tversky: 0.4970 | Hausdorff: 233.9221 | HD95: 30.0439 | val_loss: 0.3212 | LR: 0.000031
2025-08-21 05:29:39 INFO Early stopping at epoch 54 | Best Dice: 0.5005 at epoch 1
2025-08-21 05:30:30 INFO Fold 3 results: Dice: 0.4987 | softDice: 0.4552 | clDice: 0.5730 | softclDice: 0.4534 | IoU: 0.3329 | Tversky: 0.4987 | Hausdorff: 240.1273 | HD95: 29.2396 | val_loss: 0.3186
2025-08-21 05:30:30 INFO ===== Fold 4 / 5 =====
2025-08-21 05:30:30 INFO Loading model unet with settings {'name': 'unet', 'encoder_name': 'se_resnext50_32x4d', 'encoder_weights': 'imagenet', 'classes': 1, 'activation': None, 'dropout': 0.2}
2025-08-21 05:32:12 INFO Epoch 001 | Train Loss: 0.5645 | Val Loss: nan | Dice: 0.4483 | softDice: 0.2740 | clDice: 0.5078 | softclDice: 0.7591 | IoU: 0.2890 | Tversky: 0.4483 | Hausdorff: 361.7508 | HD95: 56.3626 | val_loss: nan | LR: 0.001000
2025-08-21 05:33:52 INFO Epoch 002 | Train Loss: 0.3935 | Val Loss: 0.3646 | Dice: 0.4566 | softDice: 0.3854 | clDice: 0.5326 | softclDice: 0.5722 | IoU: 0.2959 | Tversky: 0.4566 | Hausdorff: 389.9642 | HD95: 49.9216 | val_loss: 0.3646 | LR: 0.001000
2025-08-21 05:35:33 INFO Epoch 003 | Train Loss: 0.3695 | Val Loss: 0.3447 | Dice: 0.4729 | softDice: 0.4141 | clDice: 0.5310 | softclDice: 0.5317 | IoU: 0.3098 | Tversky: 0.4729 | Hausdorff: 216.9094 | HD95: 36.0212 | val_loss: 0.3447 | LR: 0.001000
2025-08-21 05:37:14 INFO Epoch 004 | Train Loss: 0.3616 | Val Loss: 0.3461 | Dice: 0.4642 | softDice: 0.4121 | clDice: 0.5362 | softclDice: 0.5295 | IoU: 0.3025 | Tversky: 0.4642 | Hausdorff: 308.5464 | HD95: 40.9288 | val_loss: 0.3461 | LR: 0.001000
2025-08-21 05:38:55 INFO Epoch 005 | Train Loss: 0.3545 | Val Loss: 0.3438 | Dice: 0.4673 | softDice: 0.4238 | clDice: 0.5354 | softclDice: 0.5088 | IoU: 0.3051 | Tversky: 0.4673 | Hausdorff: 252.6244 | HD95: 50.7128 | val_loss: 0.3438 | LR: 0.001000
2025-08-21 05:40:37 INFO Epoch 006 | Train Loss: 0.3545 | Val Loss: 0.3366 | Dice: 0.4756 | softDice: 0.4284 | clDice: 0.5393 | softclDice: 0.5082 | IoU: 0.3122 | Tversky: 0.4756 | Hausdorff: 220.8148 | HD95: 35.5601 | val_loss: 0.3366 | LR: 0.001000
2025-08-21 05:42:18 INFO Epoch 007 | Train Loss: 0.3505 | Val Loss: 0.3307 | Dice: 0.4857 | softDice: 0.4379 | clDice: 0.5513 | softclDice: 0.4896 | IoU: 0.3210 | Tversky: 0.4857 | Hausdorff: 256.1799 | HD95: 32.5023 | val_loss: 0.3307 | LR: 0.001000
2025-08-21 05:43:59 INFO Epoch 008 | Train Loss: 0.3495 | Val Loss: 0.3447 | Dice: 0.4656 | softDice: 0.4169 | clDice: 0.5246 | softclDice: 0.5211 | IoU: 0.3036 | Tversky: 0.4656 | Hausdorff: 277.2969 | HD95: 33.6292 | val_loss: 0.3447 | LR: 0.001000
2025-08-21 05:45:39 INFO Epoch 009 | Train Loss: 0.3476 | Val Loss: 0.3395 | Dice: 0.4702 | softDice: 0.4268 | clDice: 0.5433 | softclDice: 0.4999 | IoU: 0.3076 | Tversky: 0.4702 | Hausdorff: 371.6958 | HD95: 33.5263 | val_loss: 0.3395 | LR: 0.001000
2025-08-21 05:47:21 INFO Epoch 010 | Train Loss: 0.3484 | Val Loss: 0.3295 | Dice: 0.4896 | softDice: 0.4324 | clDice: 0.5430 | softclDice: 0.4979 | IoU: 0.3244 | Tversky: 0.4896 | Hausdorff: 225.0500 | HD95: 30.1762 | val_loss: 0.3295 | LR: 0.001000
2025-08-21 05:49:04 INFO Epoch 011 | Train Loss: 0.3470 | Val Loss: 0.3366 | Dice: 0.4782 | softDice: 0.4349 | clDice: 0.5478 | softclDice: 0.4884 | IoU: 0.3145 | Tversky: 0.4782 | Hausdorff: 230.9758 | HD95: 33.7479 | val_loss: 0.3366 | LR: 0.001000
2025-08-21 05:50:46 INFO Epoch 012 | Train Loss: 0.3447 | Val Loss: 0.3286 | Dice: 0.4876 | softDice: 0.4380 | clDice: 0.5563 | softclDice: 0.4846 | IoU: 0.3226 | Tversky: 0.4876 | Hausdorff: 231.7715 | HD95: 30.4337 | val_loss: 0.3286 | LR: 0.001000
2025-08-21 05:52:29 INFO Epoch 013 | Train Loss: 0.3430 | Val Loss: 0.3333 | Dice: 0.4804 | softDice: 0.4324 | clDice: 0.5530 | softclDice: 0.4838 | IoU: 0.3164 | Tversky: 0.4804 | Hausdorff: 222.6839 | HD95: 31.0378 | val_loss: 0.3333 | LR: 0.001000
2025-08-21 05:54:10 INFO Epoch 014 | Train Loss: 0.3456 | Val Loss: 0.3287 | Dice: 0.4888 | softDice: 0.4361 | clDice: 0.5550 | softclDice: 0.4842 | IoU: 0.3237 | Tversky: 0.4888 | Hausdorff: 217.9702 | HD95: 28.8050 | val_loss: 0.3287 | LR: 0.001000
2025-08-21 05:55:50 INFO Epoch 015 | Train Loss: 0.3430 | Val Loss: 0.3352 | Dice: 0.4765 | softDice: 0.4328 | clDice: 0.5457 | softclDice: 0.4896 | IoU: 0.3130 | Tversky: 0.4765 | Hausdorff: 232.2109 | HD95: 35.3337 | val_loss: 0.3352 | LR: 0.001000
2025-08-21 05:57:33 INFO Epoch 016 | Train Loss: 0.3420 | Val Loss: 0.3249 | Dice: 0.4914 | softDice: 0.4494 | clDice: 0.5639 | softclDice: 0.4738 | IoU: 0.3259 | Tversky: 0.4914 | Hausdorff: 229.6432 | HD95: 30.6136 | val_loss: 0.3249 | LR: 0.001000
2025-08-21 05:59:25 INFO Epoch 017 | Train Loss: 0.3397 | Val Loss: 0.3255 | Dice: 0.4909 | softDice: 0.4459 | clDice: 0.5588 | softclDice: 0.4720 | IoU: 0.3256 | Tversky: 0.4909 | Hausdorff: 236.6274 | HD95: 30.9359 | val_loss: 0.3255 | LR: 0.001000
2025-08-21 06:01:13 INFO Epoch 018 | Train Loss: 0.3376 | Val Loss: 0.3298 | Dice: 0.4873 | softDice: 0.4481 | clDice: 0.5512 | softclDice: 0.4757 | IoU: 0.3224 | Tversky: 0.4873 | Hausdorff: 223.8814 | HD95: 32.2215 | val_loss: 0.3298 | LR: 0.001000
2025-08-21 06:02:54 INFO Epoch 019 | Train Loss: 0.3383 | Val Loss: 0.3324 | Dice: 0.4796 | softDice: 0.4385 | clDice: 0.5491 | softclDice: 0.4825 | IoU: 0.3157 | Tversky: 0.4796 | Hausdorff: 233.9618 | HD95: 31.2303 | val_loss: 0.3324 | LR: 0.001000
2025-08-21 06:04:45 INFO Epoch 020 | Train Loss: 0.3396 | Val Loss: 0.3255 | Dice: 0.4933 | softDice: 0.4454 | clDice: 0.5561 | softclDice: 0.4738 | IoU: 0.3276 | Tversky: 0.4933 | Hausdorff: 215.9192 | HD95: 29.3345 | val_loss: 0.3255 | LR: 0.001000
2025-08-21 06:06:26 INFO Epoch 021 | Train Loss: 0.3392 | Val Loss: 0.3305 | Dice: 0.4835 | softDice: 0.4393 | clDice: 0.5522 | softclDice: 0.4835 | IoU: 0.3191 | Tversky: 0.4835 | Hausdorff: 237.8137 | HD95: 34.0889 | val_loss: 0.3305 | LR: 0.001000
2025-08-21 06:08:13 INFO Epoch 022 | Train Loss: 0.3365 | Val Loss: 0.3265 | Dice: 0.4860 | softDice: 0.4436 | clDice: 0.5685 | softclDice: 0.4673 | IoU: 0.3213 | Tversky: 0.4860 | Hausdorff: 221.9308 | HD95: 29.6641 | val_loss: 0.3265 | LR: 0.000500
2025-08-21 06:10:01 INFO Epoch 023 | Train Loss: 0.3356 | Val Loss: 0.3263 | Dice: 0.4886 | softDice: 0.4437 | clDice: 0.5508 | softclDice: 0.4797 | IoU: 0.3235 | Tversky: 0.4886 | Hausdorff: 215.6968 | HD95: 28.1824 | val_loss: 0.3263 | LR: 0.000500
2025-08-21 06:11:42 INFO Epoch 024 | Train Loss: 0.3333 | Val Loss: 0.3228 | Dice: 0.4947 | softDice: 0.4508 | clDice: 0.5630 | softclDice: 0.4641 | IoU: 0.3289 | Tversky: 0.4947 | Hausdorff: 223.1280 | HD95: 28.9727 | val_loss: 0.3228 | LR: 0.000500
2025-08-21 06:13:27 INFO Epoch 025 | Train Loss: 0.3319 | Val Loss: 0.3208 | Dice: 0.4976 | softDice: 0.4553 | clDice: 0.5656 | softclDice: 0.4625 | IoU: 0.3315 | Tversky: 0.4976 | Hausdorff: 226.0488 | HD95: 27.2138 | val_loss: 0.3208 | LR: 0.000500
2025-08-21 06:15:07 INFO Epoch 026 | Train Loss: 0.3340 | Val Loss: 0.3221 | Dice: 0.4963 | softDice: 0.4524 | clDice: 0.5629 | softclDice: 0.4663 | IoU: 0.3304 | Tversky: 0.4963 | Hausdorff: 221.5181 | HD95: 26.9460 | val_loss: 0.3221 | LR: 0.000500
2025-08-21 06:16:52 INFO Epoch 027 | Train Loss: 0.3320 | Val Loss: 0.3224 | Dice: 0.4957 | softDice: 0.4521 | clDice: 0.5628 | softclDice: 0.4669 | IoU: 0.3298 | Tversky: 0.4957 | Hausdorff: 215.2169 | HD95: 27.9364 | val_loss: 0.3224 | LR: 0.000500
2025-08-21 06:18:35 INFO Epoch 028 | Train Loss: 0.3310 | Val Loss: 0.3263 | Dice: 0.4886 | softDice: 0.4489 | clDice: 0.5545 | softclDice: 0.4712 | IoU: 0.3235 | Tversky: 0.4886 | Hausdorff: 210.6148 | HD95: 27.3563 | val_loss: 0.3263 | LR: 0.000500
2025-08-21 06:20:16 INFO Epoch 029 | Train Loss: 0.3301 | Val Loss: 0.3229 | Dice: 0.4941 | softDice: 0.4481 | clDice: 0.5622 | softclDice: 0.4699 | IoU: 0.3284 | Tversky: 0.4941 | Hausdorff: 223.9146 | HD95: 27.6778 | val_loss: 0.3229 | LR: 0.000500
2025-08-21 06:21:59 INFO Epoch 030 | Train Loss: 0.3306 | Val Loss: 0.3224 | Dice: 0.4956 | softDice: 0.4491 | clDice: 0.5652 | softclDice: 0.4635 | IoU: 0.3297 | Tversky: 0.4956 | Hausdorff: 212.5854 | HD95: 28.5411 | val_loss: 0.3224 | LR: 0.000500
2025-08-21 06:23:41 INFO Epoch 031 | Train Loss: 0.3294 | Val Loss: 0.3274 | Dice: 0.4891 | softDice: 0.4468 | clDice: 0.5481 | softclDice: 0.4801 | IoU: 0.3240 | Tversky: 0.4891 | Hausdorff: 239.4787 | HD95: 28.6236 | val_loss: 0.3274 | LR: 0.000250
2025-08-21 06:25:21 INFO Epoch 032 | Train Loss: 0.3293 | Val Loss: 0.3224 | Dice: 0.4961 | softDice: 0.4525 | clDice: 0.5542 | softclDice: 0.4717 | IoU: 0.3301 | Tversky: 0.4961 | Hausdorff: 231.0969 | HD95: 26.6090 | val_loss: 0.3224 | LR: 0.000250
2025-08-21 06:27:02 INFO Epoch 033 | Train Loss: 0.3242 | Val Loss: 0.3246 | Dice: 0.4923 | softDice: 0.4513 | clDice: 0.5531 | softclDice: 0.4729 | IoU: 0.3268 | Tversky: 0.4923 | Hausdorff: 226.0072 | HD95: 27.7085 | val_loss: 0.3246 | LR: 0.000250
2025-08-21 06:28:42 INFO Epoch 034 | Train Loss: 0.3256 | Val Loss: 0.3230 | Dice: 0.4950 | softDice: 0.4520 | clDice: 0.5556 | softclDice: 0.4708 | IoU: 0.3292 | Tversky: 0.4950 | Hausdorff: 205.5628 | HD95: 26.2380 | val_loss: 0.3230 | LR: 0.000250
2025-08-21 06:30:24 INFO Epoch 035 | Train Loss: 0.3253 | Val Loss: 0.3246 | Dice: 0.4907 | softDice: 0.4523 | clDice: 0.5554 | softclDice: 0.4689 | IoU: 0.3254 | Tversky: 0.4907 | Hausdorff: 231.2887 | HD95: 27.3450 | val_loss: 0.3246 | LR: 0.000250
2025-08-21 06:32:05 INFO Epoch 036 | Train Loss: 0.3237 | Val Loss: 0.3276 | Dice: 0.4891 | softDice: 0.4516 | clDice: 0.5513 | softclDice: 0.4724 | IoU: 0.3240 | Tversky: 0.4891 | Hausdorff: 210.0183 | HD95: 28.7526 | val_loss: 0.3276 | LR: 0.000250
2025-08-21 06:33:46 INFO Epoch 037 | Train Loss: 0.3230 | Val Loss: 0.3201 | Dice: 0.4996 | softDice: 0.4592 | clDice: 0.5642 | softclDice: 0.4597 | IoU: 0.3333 | Tversky: 0.4996 | Hausdorff: 210.2085 | HD95: 26.9486 | val_loss: 0.3201 | LR: 0.000250
2025-08-21 06:35:28 INFO Epoch 038 | Train Loss: 0.3220 | Val Loss: 0.3241 | Dice: 0.4935 | softDice: 0.4537 | clDice: 0.5563 | softclDice: 0.4683 | IoU: 0.3278 | Tversky: 0.4935 | Hausdorff: 224.2157 | HD95: 28.6214 | val_loss: 0.3241 | LR: 0.000250
2025-08-21 06:37:09 INFO Epoch 039 | Train Loss: 0.3232 | Val Loss: 0.3250 | Dice: 0.4934 | softDice: 0.4535 | clDice: 0.5498 | softclDice: 0.4759 | IoU: 0.3278 | Tversky: 0.4934 | Hausdorff: 204.2333 | HD95: 26.9142 | val_loss: 0.3250 | LR: 0.000250
2025-08-21 06:38:51 INFO Epoch 040 | Train Loss: 0.3245 | Val Loss: 0.3239 | Dice: 0.4927 | softDice: 0.4518 | clDice: 0.5604 | softclDice: 0.4663 | IoU: 0.3271 | Tversky: 0.4927 | Hausdorff: 220.6206 | HD95: 26.0728 | val_loss: 0.3239 | LR: 0.000250
2025-08-21 06:40:32 INFO Epoch 041 | Train Loss: 0.3221 | Val Loss: 0.3248 | Dice: 0.4925 | softDice: 0.4541 | clDice: 0.5559 | softclDice: 0.4686 | IoU: 0.3270 | Tversky: 0.4925 | Hausdorff: 219.9667 | HD95: 27.0399 | val_loss: 0.3248 | LR: 0.000250
2025-08-21 06:42:13 INFO Epoch 042 | Train Loss: 0.3210 | Val Loss: 0.3225 | Dice: 0.4949 | softDice: 0.4537 | clDice: 0.5587 | softclDice: 0.4644 | IoU: 0.3291 | Tversky: 0.4949 | Hausdorff: 230.0834 | HD95: 28.8450 | val_loss: 0.3225 | LR: 0.000250
2025-08-21 06:43:55 INFO Epoch 043 | Train Loss: 0.3212 | Val Loss: 0.3234 | Dice: 0.4948 | softDice: 0.4545 | clDice: 0.5555 | softclDice: 0.4675 | IoU: 0.3290 | Tversky: 0.4948 | Hausdorff: 225.4853 | HD95: 27.2471 | val_loss: 0.3234 | LR: 0.000125
2025-08-21 06:45:36 INFO Epoch 044 | Train Loss: 0.3209 | Val Loss: 0.3275 | Dice: 0.4896 | softDice: 0.4518 | clDice: 0.5488 | softclDice: 0.4741 | IoU: 0.3244 | Tversky: 0.4896 | Hausdorff: 201.7162 | HD95: 28.2572 | val_loss: 0.3275 | LR: 0.000125
2025-08-21 06:47:20 INFO Epoch 045 | Train Loss: 0.3212 | Val Loss: 0.3268 | Dice: 0.4908 | softDice: 0.4525 | clDice: 0.5512 | softclDice: 0.4715 | IoU: 0.3255 | Tversky: 0.4908 | Hausdorff: 225.0713 | HD95: 28.3877 | val_loss: 0.3268 | LR: 0.000125
2025-08-21 06:49:01 INFO Epoch 046 | Train Loss: 0.3193 | Val Loss: 0.3274 | Dice: 0.4901 | softDice: 0.4500 | clDice: 0.5490 | softclDice: 0.4781 | IoU: 0.3249 | Tversky: 0.4901 | Hausdorff: 228.8000 | HD95: 27.1460 | val_loss: 0.3274 | LR: 0.000125
2025-08-21 06:50:43 INFO Epoch 047 | Train Loss: 0.3176 | Val Loss: 0.3275 | Dice: 0.4889 | softDice: 0.4496 | clDice: 0.5484 | softclDice: 0.4752 | IoU: 0.3238 | Tversky: 0.4889 | Hausdorff: 226.7452 | HD95: 26.9194 | val_loss: 0.3275 | LR: 0.000125
2025-08-21 06:52:24 INFO Epoch 048 | Train Loss: 0.3168 | Val Loss: 0.3293 | Dice: 0.4882 | softDice: 0.4472 | clDice: 0.5432 | softclDice: 0.4835 | IoU: 0.3232 | Tversky: 0.4882 | Hausdorff: 226.2958 | HD95: 27.2921 | val_loss: 0.3293 | LR: 0.000125
2025-08-21 06:54:12 INFO Epoch 049 | Train Loss: 0.3209 | Val Loss: 0.3277 | Dice: 0.4887 | softDice: 0.4498 | clDice: 0.5499 | softclDice: 0.4771 | IoU: 0.3236 | Tversky: 0.4887 | Hausdorff: 228.9411 | HD95: 27.0751 | val_loss: 0.3277 | LR: 0.000063
2025-08-21 06:55:53 INFO Epoch 050 | Train Loss: 0.3179 | Val Loss: 0.3258 | Dice: 0.4920 | softDice: 0.4509 | clDice: 0.5538 | softclDice: 0.4724 | IoU: 0.3265 | Tversky: 0.4920 | Hausdorff: 226.0045 | HD95: 27.6042 | val_loss: 0.3258 | LR: 0.000063
2025-08-21 06:57:34 INFO Epoch 051 | Train Loss: 0.3167 | Val Loss: 0.3271 | Dice: 0.4907 | softDice: 0.4515 | clDice: 0.5496 | softclDice: 0.4741 | IoU: 0.3254 | Tversky: 0.4907 | Hausdorff: 225.3951 | HD95: 27.1925 | val_loss: 0.3271 | LR: 0.000063
2025-08-21 06:59:19 INFO Epoch 052 | Train Loss: 0.3167 | Val Loss: 0.3282 | Dice: 0.4890 | softDice: 0.4497 | clDice: 0.5469 | softclDice: 0.4769 | IoU: 0.3239 | Tversky: 0.4890 | Hausdorff: 226.6035 | HD95: 27.1141 | val_loss: 0.3282 | LR: 0.000063
2025-08-21 07:01:01 INFO Epoch 053 | Train Loss: 0.3165 | Val Loss: 0.3299 | Dice: 0.4864 | softDice: 0.4486 | clDice: 0.5456 | softclDice: 0.4784 | IoU: 0.3217 | Tversky: 0.4864 | Hausdorff: 225.5902 | HD95: 27.5267 | val_loss: 0.3299 | LR: 0.000063
2025-08-21 07:02:47 INFO Epoch 054 | Train Loss: 0.3144 | Val Loss: 0.3295 | Dice: 0.4877 | softDice: 0.4490 | clDice: 0.5469 | softclDice: 0.4798 | IoU: 0.3227 | Tversky: 0.4877 | Hausdorff: 229.7875 | HD95: 27.2872 | val_loss: 0.3295 | LR: 0.000063
2025-08-21 07:04:31 INFO Epoch 055 | Train Loss: 0.3143 | Val Loss: 0.3298 | Dice: 0.4880 | softDice: 0.4505 | clDice: 0.5451 | softclDice: 0.4789 | IoU: 0.3231 | Tversky: 0.4880 | Hausdorff: 228.0409 | HD95: 27.1685 | val_loss: 0.3298 | LR: 0.000031
2025-08-21 07:06:11 INFO Epoch 056 | Train Loss: 0.3145 | Val Loss: 0.3288 | Dice: 0.4889 | softDice: 0.4498 | clDice: 0.5462 | softclDice: 0.4782 | IoU: 0.3238 | Tversky: 0.4889 | Hausdorff: 228.3628 | HD95: 27.6036 | val_loss: 0.3288 | LR: 0.000031
2025-08-21 07:07:56 INFO Early stopping at epoch 57 | Best Dice: 0.4996 at epoch 1
2025-08-21 07:08:47 INFO Fold 4 results: Dice: 0.4996 | softDice: 0.4592 | clDice: 0.5642 | softclDice: 0.4597 | IoU: 0.3333 | Tversky: 0.4996 | Hausdorff: 210.2085 | HD95: 26.9486 | val_loss: 0.3201
2025-08-21 07:08:47 INFO ===== Fold 5 / 5 =====
2025-08-21 07:08:47 INFO Loading model unet with settings {'name': 'unet', 'encoder_name': 'se_resnext50_32x4d', 'encoder_weights': 'imagenet', 'classes': 1, 'activation': None, 'dropout': 0.2}
2025-08-21 07:10:29 INFO Epoch 001 | Train Loss: 0.5580 | Val Loss: 0.4376 | Dice: 0.3884 | softDice: 0.2935 | clDice: 0.4915 | softclDice: 0.7769 | IoU: 0.2412 | Tversky: 0.3884 | Hausdorff: 588.4674 | HD95: 81.7822 | val_loss: 0.4376 | LR: 0.001000
2025-08-21 07:12:09 INFO Epoch 002 | Train Loss: 0.3956 | Val Loss: 0.3598 | Dice: 0.4506 | softDice: 0.3699 | clDice: 0.5174 | softclDice: 0.5778 | IoU: 0.2911 | Tversky: 0.4506 | Hausdorff: 373.6044 | HD95: 55.3592 | val_loss: 0.3598 | LR: 0.001000
2025-08-21 07:13:48 INFO Epoch 003 | Train Loss: 0.3696 | Val Loss: 0.3472 | Dice: 0.4544 | softDice: 0.3937 | clDice: 0.5149 | softclDice: 0.5489 | IoU: 0.2942 | Tversky: 0.4544 | Hausdorff: 241.0878 | HD95: 43.8433 | val_loss: 0.3472 | LR: 0.001000
2025-08-21 07:15:27 INFO Epoch 004 | Train Loss: 0.3644 | Val Loss: 0.3348 | Dice: 0.4723 | softDice: 0.4159 | clDice: 0.5465 | softclDice: 0.5123 | IoU: 0.3095 | Tversky: 0.4723 | Hausdorff: 224.0260 | HD95: 49.5310 | val_loss: 0.3348 | LR: 0.001000
2025-08-21 07:17:08 INFO Epoch 005 | Train Loss: 0.3579 | Val Loss: 0.3297 | Dice: 0.4784 | softDice: 0.4215 | clDice: 0.5423 | softclDice: 0.5021 | IoU: 0.3147 | Tversky: 0.4784 | Hausdorff: 212.1601 | HD95: 39.5189 | val_loss: 0.3297 | LR: 0.001000
2025-08-21 07:18:49 INFO Epoch 006 | Train Loss: 0.3536 | Val Loss: 0.3283 | Dice: 0.4734 | softDice: 0.4287 | clDice: 0.5400 | softclDice: 0.4975 | IoU: 0.3104 | Tversky: 0.4734 | Hausdorff: 217.9124 | HD95: 34.2899 | val_loss: 0.3283 | LR: 0.001000
2025-08-21 07:20:32 INFO Epoch 007 | Train Loss: 0.3540 | Val Loss: 0.3272 | Dice: 0.4784 | softDice: 0.4260 | clDice: 0.5589 | softclDice: 0.4890 | IoU: 0.3147 | Tversky: 0.4784 | Hausdorff: 217.1532 | HD95: 37.1576 | val_loss: 0.3272 | LR: 0.001000
2025-08-21 07:22:10 INFO Epoch 008 | Train Loss: 0.3499 | Val Loss: 0.3279 | Dice: 0.4757 | softDice: 0.4248 | clDice: 0.5471 | softclDice: 0.4958 | IoU: 0.3125 | Tversky: 0.4757 | Hausdorff: 220.4693 | HD95: 41.1417 | val_loss: 0.3279 | LR: 0.001000
2025-08-21 07:23:49 INFO Epoch 009 | Train Loss: 0.3494 | Val Loss: 0.3260 | Dice: 0.4783 | softDice: 0.4279 | clDice: 0.5473 | softclDice: 0.4908 | IoU: 0.3146 | Tversky: 0.4783 | Hausdorff: 225.4542 | HD95: 39.5028 | val_loss: 0.3260 | LR: 0.001000
2025-08-21 07:25:30 INFO Epoch 010 | Train Loss: 0.3463 | Val Loss: 0.3347 | Dice: 0.4647 | softDice: 0.4198 | clDice: 0.5330 | softclDice: 0.5052 | IoU: 0.3030 | Tversky: 0.4647 | Hausdorff: 216.9455 | HD95: 38.8826 | val_loss: 0.3347 | LR: 0.001000
2025-08-21 07:27:12 INFO Epoch 011 | Train Loss: 0.3470 | Val Loss: 0.3264 | Dice: 0.4746 | softDice: 0.4325 | clDice: 0.5544 | softclDice: 0.4817 | IoU: 0.3114 | Tversky: 0.4746 | Hausdorff: 207.0641 | HD95: 33.1060 | val_loss: 0.3264 | LR: 0.001000
2025-08-21 07:28:56 INFO Epoch 012 | Train Loss: 0.3462 | Val Loss: 0.3237 | Dice: 0.4802 | softDice: 0.4333 | clDice: 0.5489 | softclDice: 0.4871 | IoU: 0.3164 | Tversky: 0.4802 | Hausdorff: 208.8125 | HD95: 33.0548 | val_loss: 0.3237 | LR: 0.001000
2025-08-21 07:30:40 INFO Epoch 013 | Train Loss: 0.3452 | Val Loss: 0.3247 | Dice: 0.4767 | softDice: 0.4324 | clDice: 0.5552 | softclDice: 0.4786 | IoU: 0.3132 | Tversky: 0.4767 | Hausdorff: 201.1234 | HD95: 34.1890 | val_loss: 0.3247 | LR: 0.001000
2025-08-21 07:32:27 INFO Epoch 014 | Train Loss: 0.3433 | Val Loss: 0.3226 | Dice: 0.4823 | softDice: 0.4358 | clDice: 0.5590 | softclDice: 0.4766 | IoU: 0.3181 | Tversky: 0.4823 | Hausdorff: 202.8290 | HD95: 37.2020 | val_loss: 0.3226 | LR: 0.001000
2025-08-21 07:34:08 INFO Epoch 015 | Train Loss: 0.3435 | Val Loss: 0.3306 | Dice: 0.4692 | softDice: 0.4212 | clDice: 0.5391 | softclDice: 0.5001 | IoU: 0.3069 | Tversky: 0.4692 | Hausdorff: 211.8763 | HD95: 41.6263 | val_loss: 0.3306 | LR: 0.001000
2025-08-21 07:35:51 INFO Epoch 016 | Train Loss: 0.3427 | Val Loss: 0.3249 | Dice: 0.4784 | softDice: 0.4367 | clDice: 0.5549 | softclDice: 0.4695 | IoU: 0.3148 | Tversky: 0.4784 | Hausdorff: 221.0930 | HD95: 41.8441 | val_loss: 0.3249 | LR: 0.001000
2025-08-21 07:37:34 INFO Epoch 017 | Train Loss: 0.3428 | Val Loss: 0.3205 | Dice: 0.4845 | softDice: 0.4435 | clDice: 0.5571 | softclDice: 0.4742 | IoU: 0.3200 | Tversky: 0.4845 | Hausdorff: 197.7487 | HD95: 35.3075 | val_loss: 0.3205 | LR: 0.001000
2025-08-21 07:39:19 INFO Epoch 018 | Train Loss: 0.3412 | Val Loss: 0.3205 | Dice: 0.4839 | softDice: 0.4430 | clDice: 0.5548 | softclDice: 0.4754 | IoU: 0.3195 | Tversky: 0.4839 | Hausdorff: 204.9570 | HD95: 37.4151 | val_loss: 0.3205 | LR: 0.001000
2025-08-21 07:41:05 INFO Epoch 019 | Train Loss: 0.3431 | Val Loss: 0.3190 | Dice: 0.4844 | softDice: 0.4476 | clDice: 0.5629 | softclDice: 0.4634 | IoU: 0.3200 | Tversky: 0.4844 | Hausdorff: 193.9878 | HD95: 34.3714 | val_loss: 0.3190 | LR: 0.001000
2025-08-21 07:42:47 INFO Epoch 020 | Train Loss: 0.3397 | Val Loss: 0.3191 | Dice: 0.4871 | softDice: 0.4416 | clDice: 0.5628 | softclDice: 0.4725 | IoU: 0.3223 | Tversky: 0.4871 | Hausdorff: 209.8690 | HD95: 35.0420 | val_loss: 0.3191 | LR: 0.001000
2025-08-21 07:44:32 INFO Epoch 021 | Train Loss: 0.3396 | Val Loss: 0.3217 | Dice: 0.4842 | softDice: 0.4372 | clDice: 0.5545 | softclDice: 0.4801 | IoU: 0.3197 | Tversky: 0.4842 | Hausdorff: 205.8336 | HD95: 36.8781 | val_loss: 0.3217 | LR: 0.001000
2025-08-21 07:46:14 INFO Epoch 022 | Train Loss: 0.3403 | Val Loss: 0.3224 | Dice: 0.4806 | softDice: 0.4355 | clDice: 0.5593 | softclDice: 0.4795 | IoU: 0.3167 | Tversky: 0.4806 | Hausdorff: 190.2206 | HD95: 39.6794 | val_loss: 0.3224 | LR: 0.001000
2025-08-21 07:47:54 INFO Epoch 023 | Train Loss: 0.3390 | Val Loss: 0.3175 | Dice: 0.4875 | softDice: 0.4459 | clDice: 0.5612 | softclDice: 0.4681 | IoU: 0.3227 | Tversky: 0.4875 | Hausdorff: 207.0674 | HD95: 35.5218 | val_loss: 0.3175 | LR: 0.001000
2025-08-21 07:49:37 INFO Epoch 024 | Train Loss: 0.3417 | Val Loss: 0.3195 | Dice: 0.4845 | softDice: 0.4410 | clDice: 0.5631 | softclDice: 0.4659 | IoU: 0.3200 | Tversky: 0.4845 | Hausdorff: 207.8783 | HD95: 33.4035 | val_loss: 0.3195 | LR: 0.001000
2025-08-21 07:51:17 INFO Epoch 025 | Train Loss: 0.3428 | Val Loss: 0.3183 | Dice: 0.4863 | softDice: 0.4428 | clDice: 0.5606 | softclDice: 0.4683 | IoU: 0.3216 | Tversky: 0.4863 | Hausdorff: 206.8073 | HD95: 32.2473 | val_loss: 0.3183 | LR: 0.001000
2025-08-21 07:53:01 INFO Epoch 026 | Train Loss: 0.3354 | Val Loss: 0.3195 | Dice: 0.4856 | softDice: 0.4388 | clDice: 0.5580 | softclDice: 0.4776 | IoU: 0.3209 | Tversky: 0.4856 | Hausdorff: 216.1674 | HD95: 37.3410 | val_loss: 0.3195 | LR: 0.001000
2025-08-21 07:54:42 INFO Epoch 027 | Train Loss: 0.3403 | Val Loss: 0.3203 | Dice: 0.4845 | softDice: 0.4391 | clDice: 0.5582 | softclDice: 0.4751 | IoU: 0.3199 | Tversky: 0.4845 | Hausdorff: 204.8789 | HD95: 33.8661 | val_loss: 0.3203 | LR: 0.001000
2025-08-21 07:56:20 INFO Epoch 028 | Train Loss: 0.3373 | Val Loss: 0.3257 | Dice: 0.4755 | softDice: 0.4326 | clDice: 0.5442 | softclDice: 0.4847 | IoU: 0.3122 | Tversky: 0.4755 | Hausdorff: 212.9348 | HD95: 35.1268 | val_loss: 0.3257 | LR: 0.001000
2025-08-21 07:58:00 INFO Epoch 029 | Train Loss: 0.3358 | Val Loss: 0.3193 | Dice: 0.4848 | softDice: 0.4421 | clDice: 0.5614 | softclDice: 0.4691 | IoU: 0.3203 | Tversky: 0.4848 | Hausdorff: 198.3759 | HD95: 34.9474 | val_loss: 0.3193 | LR: 0.000500
2025-08-21 07:59:40 INFO Epoch 030 | Train Loss: 0.3359 | Val Loss: 0.3152 | Dice: 0.4908 | softDice: 0.4461 | clDice: 0.5682 | softclDice: 0.4616 | IoU: 0.3256 | Tversky: 0.4908 | Hausdorff: 207.4293 | HD95: 33.3880 | val_loss: 0.3152 | LR: 0.000500
2025-08-21 08:01:18 INFO Epoch 031 | Train Loss: 0.3315 | Val Loss: 0.3163 | Dice: 0.4903 | softDice: 0.4465 | clDice: 0.5646 | softclDice: 0.4633 | IoU: 0.3251 | Tversky: 0.4903 | Hausdorff: 202.6397 | HD95: 33.2924 | val_loss: 0.3163 | LR: 0.000500
2025-08-21 08:02:58 INFO Epoch 032 | Train Loss: 0.3302 | Val Loss: 0.3168 | Dice: 0.4890 | softDice: 0.4463 | clDice: 0.5596 | softclDice: 0.4675 | IoU: 0.3239 | Tversky: 0.4890 | Hausdorff: 203.3458 | HD95: 33.3959 | val_loss: 0.3168 | LR: 0.000500
2025-08-21 08:04:37 INFO Epoch 033 | Train Loss: 0.3310 | Val Loss: 0.3147 | Dice: 0.4942 | softDice: 0.4494 | clDice: 0.5687 | softclDice: 0.4636 | IoU: 0.3285 | Tversky: 0.4942 | Hausdorff: 197.6799 | HD95: 30.9109 | val_loss: 0.3147 | LR: 0.000500
2025-08-21 08:06:16 INFO Epoch 034 | Train Loss: 0.3310 | Val Loss: 0.3165 | Dice: 0.4906 | softDice: 0.4484 | clDice: 0.5639 | softclDice: 0.4642 | IoU: 0.3254 | Tversky: 0.4906 | Hausdorff: 197.3895 | HD95: 34.2598 | val_loss: 0.3165 | LR: 0.000500
2025-08-21 08:07:59 INFO Epoch 035 | Train Loss: 0.3331 | Val Loss: 0.3176 | Dice: 0.4865 | softDice: 0.4476 | clDice: 0.5623 | softclDice: 0.4658 | IoU: 0.3218 | Tversky: 0.4865 | Hausdorff: 194.1028 | HD95: 36.3919 | val_loss: 0.3176 | LR: 0.000500
2025-08-21 08:09:39 INFO Epoch 036 | Train Loss: 0.3295 | Val Loss: 0.3152 | Dice: 0.4909 | softDice: 0.4478 | clDice: 0.5707 | softclDice: 0.4579 | IoU: 0.3256 | Tversky: 0.4909 | Hausdorff: 193.0864 | HD95: 32.5378 | val_loss: 0.3152 | LR: 0.000500
2025-08-21 08:11:20 INFO Epoch 037 | Train Loss: 0.3298 | Val Loss: 0.3169 | Dice: 0.4889 | softDice: 0.4498 | clDice: 0.5670 | softclDice: 0.4604 | IoU: 0.3238 | Tversky: 0.4889 | Hausdorff: 211.4841 | HD95: 32.7280 | val_loss: 0.3169 | LR: 0.000500
2025-08-21 08:13:01 INFO Epoch 038 | Train Loss: 0.3284 | Val Loss: 0.3173 | Dice: 0.4905 | softDice: 0.4522 | clDice: 0.5590 | softclDice: 0.4662 | IoU: 0.3253 | Tversky: 0.4905 | Hausdorff: 204.2634 | HD95: 34.5343 | val_loss: 0.3173 | LR: 0.000500
2025-08-21 08:14:40 INFO Epoch 039 | Train Loss: 0.3257 | Val Loss: 0.3181 | Dice: 0.4861 | softDice: 0.4448 | clDice: 0.5656 | softclDice: 0.4636 | IoU: 0.3213 | Tversky: 0.4861 | Hausdorff: 192.0483 | HD95: 34.7451 | val_loss: 0.3181 | LR: 0.000250
2025-08-21 08:16:21 INFO Epoch 040 | Train Loss: 0.3318 | Val Loss: 0.3152 | Dice: 0.4905 | softDice: 0.4518 | clDice: 0.5665 | softclDice: 0.4579 | IoU: 0.3253 | Tversky: 0.4905 | Hausdorff: 209.0168 | HD95: 33.2583 | val_loss: 0.3152 | LR: 0.000250
2025-08-21 08:18:04 INFO Epoch 041 | Train Loss: 0.3260 | Val Loss: 0.3170 | Dice: 0.4903 | softDice: 0.4475 | clDice: 0.5629 | softclDice: 0.4666 | IoU: 0.3250 | Tversky: 0.4903 | Hausdorff: 210.9911 | HD95: 31.8030 | val_loss: 0.3170 | LR: 0.000250
2025-08-21 08:19:48 INFO Epoch 042 | Train Loss: 0.3236 | Val Loss: 0.3163 | Dice: 0.4903 | softDice: 0.4482 | clDice: 0.5630 | softclDice: 0.4656 | IoU: 0.3250 | Tversky: 0.4903 | Hausdorff: 189.6605 | HD95: 32.3149 | val_loss: 0.3163 | LR: 0.000250
2025-08-21 08:21:33 INFO Epoch 043 | Train Loss: 0.3222 | Val Loss: 0.3159 | Dice: 0.4917 | softDice: 0.4524 | clDice: 0.5617 | softclDice: 0.4625 | IoU: 0.3263 | Tversky: 0.4917 | Hausdorff: 205.3997 | HD95: 30.6572 | val_loss: 0.3159 | LR: 0.000250
2025-08-21 08:23:12 INFO Epoch 044 | Train Loss: 0.3235 | Val Loss: 0.3156 | Dice: 0.4920 | softDice: 0.4515 | clDice: 0.5652 | softclDice: 0.4627 | IoU: 0.3265 | Tversky: 0.4920 | Hausdorff: 207.7289 | HD95: 31.9464 | val_loss: 0.3156 | LR: 0.000250
2025-08-21 08:24:52 INFO Epoch 045 | Train Loss: 0.3217 | Val Loss: 0.3174 | Dice: 0.4906 | softDice: 0.4486 | clDice: 0.5632 | softclDice: 0.4663 | IoU: 0.3253 | Tversky: 0.4906 | Hausdorff: 202.6577 | HD95: 31.1050 | val_loss: 0.3174 | LR: 0.000125
2025-08-21 08:26:33 INFO Epoch 046 | Train Loss: 0.3230 | Val Loss: 0.3179 | Dice: 0.4897 | softDice: 0.4508 | clDice: 0.5597 | softclDice: 0.4654 | IoU: 0.3245 | Tversky: 0.4897 | Hausdorff: 205.7522 | HD95: 32.5094 | val_loss: 0.3179 | LR: 0.000125
2025-08-21 08:28:15 INFO Epoch 047 | Train Loss: 0.3212 | Val Loss: 0.3164 | Dice: 0.4911 | softDice: 0.4525 | clDice: 0.5602 | softclDice: 0.4639 | IoU: 0.3258 | Tversky: 0.4911 | Hausdorff: 210.9145 | HD95: 32.3200 | val_loss: 0.3164 | LR: 0.000125
2025-08-21 08:29:56 INFO Epoch 048 | Train Loss: 0.3199 | Val Loss: 0.3182 | Dice: 0.4898 | softDice: 0.4519 | clDice: 0.5572 | softclDice: 0.4685 | IoU: 0.3246 | Tversky: 0.4898 | Hausdorff: 196.5879 | HD95: 31.6979 | val_loss: 0.3182 | LR: 0.000125
2025-08-21 08:31:36 INFO Epoch 049 | Train Loss: 0.3234 | Val Loss: 0.3195 | Dice: 0.4868 | softDice: 0.4493 | clDice: 0.5549 | softclDice: 0.4702 | IoU: 0.3220 | Tversky: 0.4868 | Hausdorff: 198.1037 | HD95: 31.9240 | val_loss: 0.3195 | LR: 0.000125
2025-08-21 08:33:15 INFO Epoch 050 | Train Loss: 0.3202 | Val Loss: 0.3176 | Dice: 0.4898 | softDice: 0.4506 | clDice: 0.5593 | softclDice: 0.4652 | IoU: 0.3246 | Tversky: 0.4898 | Hausdorff: 198.4600 | HD95: 31.7824 | val_loss: 0.3176 | LR: 0.000125
2025-08-21 08:34:54 INFO Epoch 051 | Train Loss: 0.3204 | Val Loss: 0.3189 | Dice: 0.4883 | softDice: 0.4515 | clDice: 0.5565 | softclDice: 0.4672 | IoU: 0.3233 | Tversky: 0.4883 | Hausdorff: 199.1656 | HD95: 32.2171 | val_loss: 0.3189 | LR: 0.000063
2025-08-21 08:36:34 INFO Epoch 052 | Train Loss: 0.3162 | Val Loss: 0.3176 | Dice: 0.4897 | softDice: 0.4529 | clDice: 0.5585 | softclDice: 0.4646 | IoU: 0.3245 | Tversky: 0.4897 | Hausdorff: 191.0034 | HD95: 32.9931 | val_loss: 0.3176 | LR: 0.000063
2025-08-21 08:38:14 INFO Early stopping at epoch 53 | Best Dice: 0.4942 at epoch 1
2025-08-21 08:39:03 INFO Fold 5 results: Dice: 0.4909 | softDice: 0.4478 | clDice: 0.5707 | softclDice: 0.4579 | IoU: 0.3256 | Tversky: 0.4909 | Hausdorff: 193.0864 | HD95: 32.5378 | val_loss: 0.3152
2025-08-21 08:39:03 INFO ===== Cross-validation results =====
2025-08-21 08:39:03 INFO Dice: 0.4930 | softDice: 0.4507 | clDice: 0.5649 | softclDice: 0.4643 | IoU: 0.3275 | Tversky: 0.4930 | Hausdorff: 236.2997 | HD95: 30.1757 | val_loss: 0.3189
