2025-08-21 01:08:06 INFO Starting training with configuration: {'model': {'name': 'unet', 'encoder_name': 'se_resnext50_32x4d', 'encoder_weights': 'imagenet', 'classes': 1, 'activation': None, 'dropout': 0.2}, 'dataset': {'root': '/data/smadper@alumno.upv.es/TFM/datasets/laticifers', 'patch_size': [512, 512], 'stride': [256, 256], 'num_patches': 50, 'num_workers': 4, 'feature_dirs': {'image': '/data/smadper@alumno.upv.es/TFM/datasets/laticifers/enhanced_images', 'mask': '/data/smadper@alumno.upv.es/TFM/datasets/laticifers/masks', 'distance': '/data/smadper@alumno.upv.es/TFM/datasets/laticifers/distance_maps_pt'}}, 'train': {'batch_size': 32, 'num_epochs': 70, 'learning_rate': 0.001, 'accumulation_steps': 1, 'save_dir': '/data/smadper@alumno.upv.es/TFM/checkpoints_cv2/unet/20250821_010806_unet_se_resnext50_32x4d_bce1.0_tversky0.5_a0.3_b0.7', 'log_interval': 1, 'patience': 20, 'mixed_precision': True, 'experiment_name': 'unet_se_resnext50_32x4d_bce1.0_tversky0.5_a0.3_b0.7', 'timestamp': '20250821_010806'}, 'test': {'batch_size': 1}, 'loss': {'name': 'bce', 'cldice_alpha': 0.2, 'tversky_alpha': 0.3, 'tversky_beta': 0.7, 'focal_tversky_gamma': 0.75, 'use_topographic': False, 'combine_with': 'tversky', 'weights': {'main': 1.0, 'combined': 0.5}, 'topo': {'alpha': 2.0, 'beta': 1.0}}}
2025-08-21 01:08:06 INFO Experiment name: unet_se_resnext50_32x4d_bce1.0_tversky0.5_a0.3_b0.7
2025-08-21 01:08:06 INFO ===== Fold 1 / 5 =====
2025-08-21 01:08:06 INFO Loading model unet with settings {'name': 'unet', 'encoder_name': 'se_resnext50_32x4d', 'encoder_weights': 'imagenet', 'classes': 1, 'activation': None, 'dropout': 0.2}
2025-08-21 01:09:49 INFO Epoch 001 | Train Loss: 0.8680 | Val Loss: 0.7423 | Dice: 0.3644 | softDice: 0.1639 | clDice: 0.2343 | softclDice: 0.8995 | IoU: 0.2231 | Tversky: 0.3644 | Hausdorff: 788.9156 | HD95: 256.9964 | val_loss: 0.7423 | LR: 0.001000
2025-08-21 01:11:32 INFO Epoch 002 | Train Loss: 0.5398 | Val Loss: 0.4718 | Dice: 0.4258 | softDice: 0.2867 | clDice: 0.4660 | softclDice: 0.6774 | IoU: 0.2708 | Tversky: 0.4258 | Hausdorff: 667.7741 | HD95: 64.9179 | val_loss: 0.4718 | LR: 0.001000
2025-08-21 01:13:16 INFO Epoch 003 | Train Loss: 0.4751 | Val Loss: 0.4264 | Dice: 0.4513 | softDice: 0.3513 | clDice: 0.5023 | softclDice: 0.6070 | IoU: 0.2916 | Tversky: 0.4513 | Hausdorff: 290.6921 | HD95: 55.8165 | val_loss: 0.4264 | LR: 0.001000
2025-08-21 01:15:04 INFO Epoch 004 | Train Loss: 0.4595 | Val Loss: 0.4196 | Dice: 0.4527 | softDice: 0.3640 | clDice: 0.5038 | softclDice: 0.5838 | IoU: 0.2928 | Tversky: 0.4527 | Hausdorff: 473.0490 | HD95: 56.2146 | val_loss: 0.4196 | LR: 0.001000
2025-08-21 01:16:52 INFO Epoch 005 | Train Loss: 0.4492 | Val Loss: 0.4051 | Dice: 0.4637 | softDice: 0.3836 | clDice: 0.5169 | softclDice: 0.5535 | IoU: 0.3022 | Tversky: 0.4637 | Hausdorff: 239.2308 | HD95: 45.3093 | val_loss: 0.4051 | LR: 0.001000
2025-08-21 01:18:35 INFO Epoch 006 | Train Loss: 0.4408 | Val Loss: 0.4046 | Dice: 0.4659 | softDice: 0.3880 | clDice: 0.5108 | softclDice: 0.5556 | IoU: 0.3040 | Tversky: 0.4659 | Hausdorff: 250.3233 | HD95: 44.2884 | val_loss: 0.4046 | LR: 0.001000
2025-08-21 01:20:25 INFO Epoch 007 | Train Loss: 0.4359 | Val Loss: 0.4044 | Dice: 0.4620 | softDice: 0.3940 | clDice: 0.5196 | softclDice: 0.5419 | IoU: 0.3008 | Tversky: 0.4620 | Hausdorff: 245.6443 | HD95: 43.2451 | val_loss: 0.4044 | LR: 0.001000
2025-08-21 01:22:12 INFO Epoch 008 | Train Loss: 0.4348 | Val Loss: 0.4011 | Dice: 0.4686 | softDice: 0.3910 | clDice: 0.5241 | softclDice: 0.5403 | IoU: 0.3063 | Tversky: 0.4686 | Hausdorff: 239.1729 | HD95: 39.0205 | val_loss: 0.4011 | LR: 0.001000
2025-08-21 01:23:55 INFO Epoch 009 | Train Loss: 0.4366 | Val Loss: 0.3909 | Dice: 0.4756 | softDice: 0.4055 | clDice: 0.5292 | softclDice: 0.5243 | IoU: 0.3124 | Tversky: 0.4756 | Hausdorff: 233.6233 | HD95: 38.6375 | val_loss: 0.3909 | LR: 0.001000
2025-08-21 01:25:41 INFO Epoch 010 | Train Loss: 0.4316 | Val Loss: 0.3962 | Dice: 0.4697 | softDice: 0.3992 | clDice: 0.5224 | softclDice: 0.5325 | IoU: 0.3074 | Tversky: 0.4697 | Hausdorff: 247.2556 | HD95: 37.6102 | val_loss: 0.3962 | LR: 0.001000
2025-08-21 01:27:27 INFO Epoch 011 | Train Loss: 0.4325 | Val Loss: 0.3904 | Dice: 0.4787 | softDice: 0.4048 | clDice: 0.5352 | softclDice: 0.5206 | IoU: 0.3150 | Tversky: 0.4787 | Hausdorff: 225.3374 | HD95: 35.5115 | val_loss: 0.3904 | LR: 0.001000
2025-08-21 01:29:09 INFO Epoch 012 | Train Loss: 0.4281 | Val Loss: 0.3921 | Dice: 0.4746 | softDice: 0.4024 | clDice: 0.5251 | softclDice: 0.5282 | IoU: 0.3116 | Tversky: 0.4746 | Hausdorff: 227.5361 | HD95: 39.5934 | val_loss: 0.3921 | LR: 0.001000
2025-08-21 01:30:56 INFO Epoch 013 | Train Loss: 0.4306 | Val Loss: 0.3895 | Dice: 0.4821 | softDice: 0.4048 | clDice: 0.5412 | softclDice: 0.5197 | IoU: 0.3179 | Tversky: 0.4821 | Hausdorff: 227.6127 | HD95: 38.2461 | val_loss: 0.3895 | LR: 0.001000
2025-08-21 01:32:38 INFO Epoch 014 | Train Loss: 0.4275 | Val Loss: 0.3933 | Dice: 0.4746 | softDice: 0.3993 | clDice: 0.5293 | softclDice: 0.5272 | IoU: 0.3115 | Tversky: 0.4746 | Hausdorff: 249.9441 | HD95: 38.6673 | val_loss: 0.3933 | LR: 0.001000
2025-08-21 01:34:23 INFO Epoch 015 | Train Loss: 0.4287 | Val Loss: 0.3905 | Dice: 0.4798 | softDice: 0.4042 | clDice: 0.5359 | softclDice: 0.5240 | IoU: 0.3160 | Tversky: 0.4798 | Hausdorff: 242.9790 | HD95: 35.4548 | val_loss: 0.3905 | LR: 0.001000
2025-08-21 01:36:11 INFO Epoch 016 | Train Loss: 0.4247 | Val Loss: 0.3934 | Dice: 0.4741 | softDice: 0.4067 | clDice: 0.5356 | softclDice: 0.5204 | IoU: 0.3110 | Tversky: 0.4741 | Hausdorff: 233.3714 | HD95: 39.0955 | val_loss: 0.3934 | LR: 0.001000
2025-08-21 01:37:56 INFO Epoch 017 | Train Loss: 0.4229 | Val Loss: 0.3876 | Dice: 0.4799 | softDice: 0.4165 | clDice: 0.5380 | softclDice: 0.5143 | IoU: 0.3161 | Tversky: 0.4799 | Hausdorff: 241.0070 | HD95: 37.3288 | val_loss: 0.3876 | LR: 0.001000
2025-08-21 01:39:39 INFO Epoch 018 | Train Loss: 0.4278 | Val Loss: 0.3898 | Dice: 0.4775 | softDice: 0.4106 | clDice: 0.5283 | softclDice: 0.5244 | IoU: 0.3141 | Tversky: 0.4775 | Hausdorff: 231.3569 | HD95: 36.8322 | val_loss: 0.3898 | LR: 0.001000
2025-08-21 01:41:21 INFO Epoch 019 | Train Loss: 0.4243 | Val Loss: 0.3890 | Dice: 0.4802 | softDice: 0.4061 | clDice: 0.5415 | softclDice: 0.5155 | IoU: 0.3163 | Tversky: 0.4802 | Hausdorff: 395.2148 | HD95: 35.7719 | val_loss: 0.3890 | LR: 0.001000
2025-08-21 01:43:07 INFO Epoch 020 | Train Loss: 0.4252 | Val Loss: 0.3912 | Dice: 0.4767 | softDice: 0.4061 | clDice: 0.5326 | softclDice: 0.5238 | IoU: 0.3133 | Tversky: 0.4767 | Hausdorff: 228.3490 | HD95: 38.3427 | val_loss: 0.3912 | LR: 0.001000
2025-08-21 01:44:55 INFO Epoch 021 | Train Loss: 0.4248 | Val Loss: 0.3886 | Dice: 0.4825 | softDice: 0.4072 | clDice: 0.5376 | softclDice: 0.5256 | IoU: 0.3183 | Tversky: 0.4825 | Hausdorff: 236.8581 | HD95: 35.7862 | val_loss: 0.3886 | LR: 0.001000
2025-08-21 01:46:39 INFO Epoch 022 | Train Loss: 0.4238 | Val Loss: 0.3909 | Dice: 0.4771 | softDice: 0.4064 | clDice: 0.5332 | softclDice: 0.5229 | IoU: 0.3138 | Tversky: 0.4771 | Hausdorff: 227.4468 | HD95: 33.0678 | val_loss: 0.3909 | LR: 0.001000
2025-08-21 01:48:26 INFO Epoch 023 | Train Loss: 0.4199 | Val Loss: 0.3854 | Dice: 0.4836 | softDice: 0.4198 | clDice: 0.5455 | softclDice: 0.5045 | IoU: 0.3193 | Tversky: 0.4836 | Hausdorff: 273.2164 | HD95: 36.1049 | val_loss: 0.3854 | LR: 0.001000
2025-08-21 01:50:08 INFO Epoch 024 | Train Loss: 0.4206 | Val Loss: 0.3860 | Dice: 0.4852 | softDice: 0.4143 | clDice: 0.5413 | softclDice: 0.5120 | IoU: 0.3206 | Tversky: 0.4852 | Hausdorff: 387.3294 | HD95: 34.6228 | val_loss: 0.3860 | LR: 0.001000
2025-08-21 01:51:52 INFO Epoch 025 | Train Loss: 0.4208 | Val Loss: 0.3884 | Dice: 0.4804 | softDice: 0.4130 | clDice: 0.5362 | softclDice: 0.5139 | IoU: 0.3165 | Tversky: 0.4804 | Hausdorff: 241.5243 | HD95: 33.5938 | val_loss: 0.3884 | LR: 0.001000
2025-08-21 01:53:32 INFO Epoch 026 | Train Loss: 0.4196 | Val Loss: 0.3874 | Dice: 0.4807 | softDice: 0.4127 | clDice: 0.5332 | softclDice: 0.5152 | IoU: 0.3168 | Tversky: 0.4807 | Hausdorff: 377.7261 | HD95: 34.7967 | val_loss: 0.3874 | LR: 0.001000
2025-08-21 01:55:19 INFO Epoch 027 | Train Loss: 0.4209 | Val Loss: 0.3979 | Dice: 0.4687 | softDice: 0.4066 | clDice: 0.5235 | softclDice: 0.5239 | IoU: 0.3065 | Tversky: 0.4687 | Hausdorff: 237.6908 | HD95: 36.2761 | val_loss: 0.3979 | LR: 0.001000
2025-08-21 01:57:02 INFO Epoch 028 | Train Loss: 0.4185 | Val Loss: 0.3841 | Dice: 0.4860 | softDice: 0.4121 | clDice: 0.5401 | softclDice: 0.5103 | IoU: 0.3214 | Tversky: 0.4860 | Hausdorff: 232.2168 | HD95: 33.5302 | val_loss: 0.3841 | LR: 0.001000
2025-08-21 01:58:44 INFO Epoch 029 | Train Loss: 0.4179 | Val Loss: 0.3851 | Dice: 0.4832 | softDice: 0.4156 | clDice: 0.5371 | softclDice: 0.5139 | IoU: 0.3189 | Tversky: 0.4832 | Hausdorff: 379.3217 | HD95: 35.7712 | val_loss: 0.3851 | LR: 0.001000
2025-08-21 02:00:30 INFO Epoch 030 | Train Loss: 0.4200 | Val Loss: 0.3945 | Dice: 0.4727 | softDice: 0.4066 | clDice: 0.5295 | softclDice: 0.5234 | IoU: 0.3099 | Tversky: 0.4727 | Hausdorff: 384.7416 | HD95: 34.2420 | val_loss: 0.3945 | LR: 0.001000
2025-08-21 02:02:12 INFO Epoch 031 | Train Loss: 0.4162 | Val Loss: 0.3868 | Dice: 0.4806 | softDice: 0.4125 | clDice: 0.5323 | softclDice: 0.5149 | IoU: 0.3168 | Tversky: 0.4806 | Hausdorff: 236.2622 | HD95: 35.2359 | val_loss: 0.3868 | LR: 0.001000
2025-08-21 02:03:56 INFO Epoch 032 | Train Loss: 0.4138 | Val Loss: 0.3873 | Dice: 0.4788 | softDice: 0.4173 | clDice: 0.5335 | softclDice: 0.5129 | IoU: 0.3151 | Tversky: 0.4788 | Hausdorff: 228.9815 | HD95: 38.1284 | val_loss: 0.3873 | LR: 0.001000
2025-08-21 02:05:47 INFO Epoch 033 | Train Loss: 0.4223 | Val Loss: 0.3855 | Dice: 0.4837 | softDice: 0.4171 | clDice: 0.5428 | softclDice: 0.5069 | IoU: 0.3194 | Tversky: 0.4837 | Hausdorff: 230.6238 | HD95: 31.6097 | val_loss: 0.3855 | LR: 0.001000
2025-08-21 02:07:31 INFO Epoch 034 | Train Loss: 0.4146 | Val Loss: 0.3818 | Dice: 0.4874 | softDice: 0.4203 | clDice: 0.5446 | softclDice: 0.5050 | IoU: 0.3226 | Tversky: 0.4874 | Hausdorff: 229.1628 | HD95: 35.7212 | val_loss: 0.3818 | LR: 0.001000
2025-08-21 02:09:12 INFO Epoch 035 | Train Loss: 0.4193 | Val Loss: 0.3895 | Dice: 0.4770 | softDice: 0.4111 | clDice: 0.5235 | softclDice: 0.5242 | IoU: 0.3136 | Tversky: 0.4770 | Hausdorff: 229.3869 | HD95: 39.4164 | val_loss: 0.3895 | LR: 0.001000
2025-08-21 02:10:52 INFO Epoch 036 | Train Loss: 0.4167 | Val Loss: 0.3850 | Dice: 0.4853 | softDice: 0.4126 | clDice: 0.5400 | softclDice: 0.5126 | IoU: 0.3208 | Tversky: 0.4853 | Hausdorff: 371.3844 | HD95: 33.4263 | val_loss: 0.3850 | LR: 0.001000
2025-08-21 02:12:42 INFO Epoch 037 | Train Loss: 0.4140 | Val Loss: 0.3833 | Dice: 0.4865 | softDice: 0.4181 | clDice: 0.5388 | softclDice: 0.5100 | IoU: 0.3219 | Tversky: 0.4865 | Hausdorff: 233.3469 | HD95: 30.7677 | val_loss: 0.3833 | LR: 0.001000
2025-08-21 02:14:24 INFO Epoch 038 | Train Loss: 0.4149 | Val Loss: 0.3847 | Dice: 0.4831 | softDice: 0.4183 | clDice: 0.5350 | softclDice: 0.5107 | IoU: 0.3188 | Tversky: 0.4831 | Hausdorff: 239.8854 | HD95: 33.4770 | val_loss: 0.3847 | LR: 0.001000
2025-08-21 02:16:26 INFO Epoch 039 | Train Loss: 0.4120 | Val Loss: 0.3892 | Dice: 0.4755 | softDice: 0.4169 | clDice: 0.5296 | softclDice: 0.5154 | IoU: 0.3124 | Tversky: 0.4755 | Hausdorff: 233.0083 | HD95: 35.5494 | val_loss: 0.3892 | LR: 0.001000
2025-08-21 02:18:14 INFO Epoch 040 | Train Loss: 0.4124 | Val Loss: 0.3875 | Dice: 0.4847 | softDice: 0.4186 | clDice: 0.5431 | softclDice: 0.5076 | IoU: 0.3203 | Tversky: 0.4847 | Hausdorff: 233.6631 | HD95: 32.6497 | val_loss: 0.3875 | LR: 0.000500
2025-08-21 02:19:58 INFO Epoch 041 | Train Loss: 0.4082 | Val Loss: 0.3814 | Dice: 0.4879 | softDice: 0.4222 | clDice: 0.5431 | softclDice: 0.5062 | IoU: 0.3230 | Tversky: 0.4879 | Hausdorff: 234.8014 | HD95: 31.9378 | val_loss: 0.3814 | LR: 0.000500
2025-08-21 02:21:48 INFO Epoch 042 | Train Loss: 0.4097 | Val Loss: 0.3822 | Dice: 0.4861 | softDice: 0.4258 | clDice: 0.5443 | softclDice: 0.5016 | IoU: 0.3214 | Tversky: 0.4861 | Hausdorff: 231.4863 | HD95: 32.5146 | val_loss: 0.3822 | LR: 0.000500
2025-08-21 02:23:32 INFO Epoch 043 | Train Loss: 0.4071 | Val Loss: 0.3819 | Dice: 0.4854 | softDice: 0.4277 | clDice: 0.5377 | softclDice: 0.5042 | IoU: 0.3208 | Tversky: 0.4854 | Hausdorff: 231.1632 | HD95: 33.0019 | val_loss: 0.3819 | LR: 0.000500
2025-08-21 02:25:22 INFO Epoch 044 | Train Loss: 0.4092 | Val Loss: 0.3806 | Dice: 0.4880 | softDice: 0.4248 | clDice: 0.5386 | softclDice: 0.5044 | IoU: 0.3231 | Tversky: 0.4880 | Hausdorff: 229.9455 | HD95: 33.4980 | val_loss: 0.3806 | LR: 0.000500
2025-08-21 02:27:11 INFO Epoch 045 | Train Loss: 0.4061 | Val Loss: 0.3811 | Dice: 0.4882 | softDice: 0.4272 | clDice: 0.5390 | softclDice: 0.5064 | IoU: 0.3233 | Tversky: 0.4882 | Hausdorff: 370.3836 | HD95: 32.8261 | val_loss: 0.3811 | LR: 0.000500
2025-08-21 02:28:58 INFO Epoch 046 | Train Loss: 0.4039 | Val Loss: 0.3819 | Dice: 0.4873 | softDice: 0.4218 | clDice: 0.5445 | softclDice: 0.5059 | IoU: 0.3226 | Tversky: 0.4873 | Hausdorff: 378.1289 | HD95: 32.5677 | val_loss: 0.3819 | LR: 0.000500
2025-08-21 02:30:45 INFO Epoch 047 | Train Loss: 0.4061 | Val Loss: 0.3803 | Dice: 0.4891 | softDice: 0.4314 | clDice: 0.5467 | softclDice: 0.4963 | IoU: 0.3240 | Tversky: 0.4891 | Hausdorff: 371.3533 | HD95: 32.6837 | val_loss: 0.3803 | LR: 0.000500
2025-08-21 02:32:24 INFO Epoch 048 | Train Loss: 0.4016 | Val Loss: 0.3838 | Dice: 0.4866 | softDice: 0.4229 | clDice: 0.5417 | softclDice: 0.5067 | IoU: 0.3218 | Tversky: 0.4866 | Hausdorff: 380.1597 | HD95: 31.1347 | val_loss: 0.3838 | LR: 0.000500
2025-08-21 02:34:03 INFO Epoch 049 | Train Loss: 0.4003 | Val Loss: 0.3848 | Dice: 0.4844 | softDice: 0.4293 | clDice: 0.5347 | softclDice: 0.5074 | IoU: 0.3198 | Tversky: 0.4844 | Hausdorff: 380.6182 | HD95: 33.4061 | val_loss: 0.3848 | LR: 0.000500
2025-08-21 02:35:47 INFO Epoch 050 | Train Loss: 0.4024 | Val Loss: 0.3855 | Dice: 0.4828 | softDice: 0.4180 | clDice: 0.5357 | softclDice: 0.5111 | IoU: 0.3185 | Tversky: 0.4828 | Hausdorff: 391.6958 | HD95: 31.9134 | val_loss: 0.3855 | LR: 0.000500
2025-08-21 02:37:27 INFO Epoch 051 | Train Loss: 0.3983 | Val Loss: 0.3835 | Dice: 0.4863 | softDice: 0.4253 | clDice: 0.5400 | softclDice: 0.5072 | IoU: 0.3216 | Tversky: 0.4863 | Hausdorff: 228.6464 | HD95: 30.4082 | val_loss: 0.3835 | LR: 0.000500
2025-08-21 02:39:06 INFO Epoch 052 | Train Loss: 0.4024 | Val Loss: 0.3846 | Dice: 0.4839 | softDice: 0.4223 | clDice: 0.5376 | softclDice: 0.5091 | IoU: 0.3195 | Tversky: 0.4839 | Hausdorff: 380.6982 | HD95: 34.5382 | val_loss: 0.3846 | LR: 0.000500
2025-08-21 02:40:49 INFO Epoch 053 | Train Loss: 0.3974 | Val Loss: 0.3874 | Dice: 0.4819 | softDice: 0.4246 | clDice: 0.5307 | softclDice: 0.5108 | IoU: 0.3178 | Tversky: 0.4819 | Hausdorff: 241.4563 | HD95: 31.1302 | val_loss: 0.3874 | LR: 0.000250
2025-08-21 02:42:35 INFO Epoch 054 | Train Loss: 0.3976 | Val Loss: 0.3850 | Dice: 0.4828 | softDice: 0.4234 | clDice: 0.5315 | softclDice: 0.5107 | IoU: 0.3186 | Tversky: 0.4828 | Hausdorff: 231.9657 | HD95: 31.6428 | val_loss: 0.3850 | LR: 0.000250
2025-08-21 02:44:13 INFO Epoch 055 | Train Loss: 0.3964 | Val Loss: 0.3861 | Dice: 0.4811 | softDice: 0.4244 | clDice: 0.5295 | softclDice: 0.5105 | IoU: 0.3171 | Tversky: 0.4811 | Hausdorff: 229.3745 | HD95: 30.9772 | val_loss: 0.3861 | LR: 0.000250
2025-08-21 02:45:55 INFO Epoch 056 | Train Loss: 0.3961 | Val Loss: 0.3873 | Dice: 0.4810 | softDice: 0.4219 | clDice: 0.5302 | softclDice: 0.5120 | IoU: 0.3170 | Tversky: 0.4810 | Hausdorff: 230.0108 | HD95: 30.6854 | val_loss: 0.3873 | LR: 0.000250
2025-08-21 02:47:41 INFO Epoch 057 | Train Loss: 0.3974 | Val Loss: 0.3880 | Dice: 0.4816 | softDice: 0.4187 | clDice: 0.5316 | softclDice: 0.5141 | IoU: 0.3174 | Tversky: 0.4816 | Hausdorff: 230.3014 | HD95: 31.6011 | val_loss: 0.3880 | LR: 0.000250
2025-08-21 02:49:26 INFO Epoch 058 | Train Loss: 0.3942 | Val Loss: 0.3872 | Dice: 0.4815 | softDice: 0.4215 | clDice: 0.5316 | softclDice: 0.5137 | IoU: 0.3174 | Tversky: 0.4815 | Hausdorff: 370.3465 | HD95: 33.4519 | val_loss: 0.3872 | LR: 0.000250
2025-08-21 02:51:10 INFO Epoch 059 | Train Loss: 0.3943 | Val Loss: 0.3868 | Dice: 0.4823 | softDice: 0.4257 | clDice: 0.5299 | softclDice: 0.5120 | IoU: 0.3180 | Tversky: 0.4823 | Hausdorff: 370.1605 | HD95: 31.9066 | val_loss: 0.3868 | LR: 0.000125
2025-08-21 02:53:02 INFO Epoch 060 | Train Loss: 0.3919 | Val Loss: 0.3890 | Dice: 0.4787 | softDice: 0.4234 | clDice: 0.5251 | softclDice: 0.5145 | IoU: 0.3150 | Tversky: 0.4787 | Hausdorff: 366.7635 | HD95: 31.1796 | val_loss: 0.3890 | LR: 0.000125
2025-08-21 02:54:44 INFO Epoch 061 | Train Loss: 0.3877 | Val Loss: 0.3902 | Dice: 0.4773 | softDice: 0.4227 | clDice: 0.5235 | softclDice: 0.5165 | IoU: 0.3137 | Tversky: 0.4773 | Hausdorff: 228.5894 | HD95: 30.5361 | val_loss: 0.3902 | LR: 0.000125
2025-08-21 02:56:24 INFO Epoch 062 | Train Loss: 0.3873 | Val Loss: 0.3924 | Dice: 0.4742 | softDice: 0.4229 | clDice: 0.5161 | softclDice: 0.5203 | IoU: 0.3110 | Tversky: 0.4742 | Hausdorff: 228.1270 | HD95: 31.0324 | val_loss: 0.3924 | LR: 0.000125
2025-08-21 02:58:08 INFO Epoch 063 | Train Loss: 0.3859 | Val Loss: 0.3928 | Dice: 0.4741 | softDice: 0.4225 | clDice: 0.5184 | softclDice: 0.5181 | IoU: 0.3110 | Tversky: 0.4741 | Hausdorff: 228.4776 | HD95: 31.0154 | val_loss: 0.3928 | LR: 0.000125
2025-08-21 02:59:55 INFO Epoch 064 | Train Loss: 0.3857 | Val Loss: 0.3921 | Dice: 0.4753 | softDice: 0.4212 | clDice: 0.5196 | softclDice: 0.5192 | IoU: 0.3120 | Tversky: 0.4753 | Hausdorff: 369.0589 | HD95: 31.0862 | val_loss: 0.3921 | LR: 0.000125
2025-08-21 03:01:41 INFO Epoch 065 | Train Loss: 0.3847 | Val Loss: 0.3938 | Dice: 0.4726 | softDice: 0.4215 | clDice: 0.5143 | softclDice: 0.5208 | IoU: 0.3098 | Tversky: 0.4726 | Hausdorff: 367.4985 | HD95: 30.7314 | val_loss: 0.3938 | LR: 0.000063
2025-08-21 03:03:24 INFO Epoch 066 | Train Loss: 0.3816 | Val Loss: 0.3940 | Dice: 0.4723 | softDice: 0.4231 | clDice: 0.5133 | softclDice: 0.5213 | IoU: 0.3095 | Tversky: 0.4723 | Hausdorff: 228.0487 | HD95: 30.7063 | val_loss: 0.3940 | LR: 0.000063
2025-08-21 03:05:08 INFO Early stopping at epoch 67 | Best Dice: 0.4891 at epoch 1
2025-08-21 03:05:58 INFO Fold 1 results: Dice: 0.4891 | softDice: 0.4314 | clDice: 0.5467 | softclDice: 0.4963 | IoU: 0.3240 | Tversky: 0.4891 | Hausdorff: 371.3533 | HD95: 32.6837 | val_loss: 0.3803
2025-08-21 03:05:58 INFO ===== Fold 2 / 5 =====
2025-08-21 03:05:58 INFO Loading model unet with settings {'name': 'unet', 'encoder_name': 'se_resnext50_32x4d', 'encoder_weights': 'imagenet', 'classes': 1, 'activation': None, 'dropout': 0.2}
2025-08-21 03:07:52 INFO Epoch 001 | Train Loss: 0.7000 | Val Loss: 0.7909 | Dice: 0.3427 | softDice: 0.2453 | clDice: 0.4084 | softclDice: 0.7200 | IoU: 0.2113 | Tversky: 0.3427 | Hausdorff: 686.6921 | HD95: 177.8501 | val_loss: 0.7909 | LR: 0.001000
2025-08-21 03:09:39 INFO Epoch 002 | Train Loss: 0.4848 | Val Loss: 0.4411 | Dice: 0.4371 | softDice: 0.3546 | clDice: 0.4749 | softclDice: 0.6143 | IoU: 0.2806 | Tversky: 0.4371 | Hausdorff: 353.7958 | HD95: 56.3239 | val_loss: 0.4411 | LR: 0.001000
2025-08-21 03:11:23 INFO Epoch 003 | Train Loss: 0.4524 | Val Loss: 0.4223 | Dice: 0.4694 | softDice: 0.3855 | clDice: 0.5304 | softclDice: 0.5468 | IoU: 0.3071 | Tversky: 0.4694 | Hausdorff: 285.8897 | HD95: 35.3764 | val_loss: 0.4223 | LR: 0.001000
2025-08-21 03:13:09 INFO Epoch 004 | Train Loss: 0.4449 | Val Loss: 0.4172 | Dice: 0.4647 | softDice: 0.3907 | clDice: 0.5080 | softclDice: 0.5467 | IoU: 0.3032 | Tversky: 0.4647 | Hausdorff: 327.9505 | HD95: 36.3927 | val_loss: 0.4172 | LR: 0.001000
2025-08-21 03:14:57 INFO Epoch 005 | Train Loss: 0.4342 | Val Loss: 0.4114 | Dice: 0.4710 | softDice: 0.3972 | clDice: 0.5232 | softclDice: 0.5281 | IoU: 0.3084 | Tversky: 0.4710 | Hausdorff: 278.8804 | HD95: 34.0072 | val_loss: 0.4114 | LR: 0.001000
2025-08-21 03:16:45 INFO Epoch 006 | Train Loss: 0.4326 | Val Loss: 0.4018 | Dice: 0.4824 | softDice: 0.4138 | clDice: 0.5436 | softclDice: 0.5059 | IoU: 0.3183 | Tversky: 0.4824 | Hausdorff: 293.0454 | HD95: 36.2094 | val_loss: 0.4018 | LR: 0.001000
2025-08-21 03:18:33 INFO Epoch 007 | Train Loss: 0.4292 | Val Loss: 0.4128 | Dice: 0.4681 | softDice: 0.4027 | clDice: 0.5179 | softclDice: 0.5306 | IoU: 0.3061 | Tversky: 0.4681 | Hausdorff: 307.4034 | HD95: 36.9847 | val_loss: 0.4128 | LR: 0.001000
2025-08-21 03:20:21 INFO Epoch 008 | Train Loss: 0.4306 | Val Loss: 0.4033 | Dice: 0.4810 | softDice: 0.4088 | clDice: 0.5364 | softclDice: 0.5133 | IoU: 0.3171 | Tversky: 0.4810 | Hausdorff: 275.1799 | HD95: 34.3257 | val_loss: 0.4033 | LR: 0.001000
2025-08-21 03:22:01 INFO Epoch 009 | Train Loss: 0.4279 | Val Loss: 0.3972 | Dice: 0.4833 | softDice: 0.4195 | clDice: 0.5321 | softclDice: 0.5082 | IoU: 0.3192 | Tversky: 0.4833 | Hausdorff: 286.3369 | HD95: 36.7178 | val_loss: 0.3972 | LR: 0.001000
2025-08-21 03:23:48 INFO Epoch 010 | Train Loss: 0.4318 | Val Loss: 0.4071 | Dice: 0.4757 | softDice: 0.4118 | clDice: 0.5254 | softclDice: 0.5232 | IoU: 0.3127 | Tversky: 0.4757 | Hausdorff: 295.7362 | HD95: 38.9576 | val_loss: 0.4071 | LR: 0.001000
2025-08-21 03:25:29 INFO Epoch 011 | Train Loss: 0.4250 | Val Loss: 0.4016 | Dice: 0.4776 | softDice: 0.4176 | clDice: 0.5307 | softclDice: 0.5093 | IoU: 0.3142 | Tversky: 0.4776 | Hausdorff: 277.9137 | HD95: 32.9049 | val_loss: 0.4016 | LR: 0.001000
2025-08-21 03:27:16 INFO Epoch 012 | Train Loss: 0.4259 | Val Loss: 0.3974 | Dice: 0.4859 | softDice: 0.4189 | clDice: 0.5440 | softclDice: 0.5051 | IoU: 0.3213 | Tversky: 0.4859 | Hausdorff: 297.9472 | HD95: 30.0596 | val_loss: 0.3974 | LR: 0.001000
2025-08-21 03:29:08 INFO Epoch 013 | Train Loss: 0.4206 | Val Loss: 0.3925 | Dice: 0.4919 | softDice: 0.4318 | clDice: 0.5565 | softclDice: 0.4841 | IoU: 0.3265 | Tversky: 0.4919 | Hausdorff: 295.4192 | HD95: 29.1030 | val_loss: 0.3925 | LR: 0.001000
2025-08-21 03:30:51 INFO Epoch 014 | Train Loss: 0.4218 | Val Loss: 0.3991 | Dice: 0.4815 | softDice: 0.4159 | clDice: 0.5289 | softclDice: 0.5130 | IoU: 0.3176 | Tversky: 0.4815 | Hausdorff: 261.6247 | HD95: 32.0332 | val_loss: 0.3991 | LR: 0.001000
2025-08-21 03:32:34 INFO Epoch 015 | Train Loss: 0.4199 | Val Loss: 0.3965 | Dice: 0.4875 | softDice: 0.4264 | clDice: 0.5445 | softclDice: 0.5000 | IoU: 0.3227 | Tversky: 0.4875 | Hausdorff: 285.6812 | HD95: 30.7319 | val_loss: 0.3965 | LR: 0.001000
2025-08-21 03:34:18 INFO Epoch 016 | Train Loss: 0.4180 | Val Loss: 0.3943 | Dice: 0.4894 | softDice: 0.4315 | clDice: 0.5473 | softclDice: 0.4920 | IoU: 0.3245 | Tversky: 0.4894 | Hausdorff: 288.8120 | HD95: 31.1834 | val_loss: 0.3943 | LR: 0.001000
2025-08-21 03:36:01 INFO Epoch 017 | Train Loss: 0.4193 | Val Loss: 0.3977 | Dice: 0.4847 | softDice: 0.4265 | clDice: 0.5443 | softclDice: 0.4999 | IoU: 0.3203 | Tversky: 0.4847 | Hausdorff: 292.1772 | HD95: 30.3724 | val_loss: 0.3977 | LR: 0.001000
2025-08-21 03:37:49 INFO Epoch 018 | Train Loss: 0.4197 | Val Loss: 0.3957 | Dice: 0.4858 | softDice: 0.4215 | clDice: 0.5367 | softclDice: 0.5045 | IoU: 0.3214 | Tversky: 0.4858 | Hausdorff: 257.9357 | HD95: 38.8471 | val_loss: 0.3957 | LR: 0.001000
2025-08-21 03:39:31 INFO Epoch 019 | Train Loss: 0.4199 | Val Loss: 0.4046 | Dice: 0.4788 | softDice: 0.4240 | clDice: 0.5344 | softclDice: 0.5069 | IoU: 0.3151 | Tversky: 0.4788 | Hausdorff: 301.1430 | HD95: 30.4251 | val_loss: 0.4046 | LR: 0.000500
2025-08-21 03:41:22 INFO Epoch 020 | Train Loss: 0.4132 | Val Loss: 0.3903 | Dice: 0.4939 | softDice: 0.4288 | clDice: 0.5493 | softclDice: 0.4962 | IoU: 0.3284 | Tversky: 0.4939 | Hausdorff: 303.2648 | HD95: 29.1786 | val_loss: 0.3903 | LR: 0.000500
2025-08-21 03:43:11 INFO Epoch 021 | Train Loss: 0.4144 | Val Loss: 0.3940 | Dice: 0.4873 | softDice: 0.4279 | clDice: 0.5395 | softclDice: 0.4998 | IoU: 0.3227 | Tversky: 0.4873 | Hausdorff: 314.1177 | HD95: 33.9309 | val_loss: 0.3940 | LR: 0.000500
2025-08-21 03:44:56 INFO Epoch 022 | Train Loss: 0.4089 | Val Loss: 0.3895 | Dice: 0.4934 | softDice: 0.4309 | clDice: 0.5462 | softclDice: 0.4960 | IoU: 0.3279 | Tversky: 0.4934 | Hausdorff: 266.6373 | HD95: 28.3794 | val_loss: 0.3895 | LR: 0.000500
2025-08-21 03:46:43 INFO Epoch 023 | Train Loss: 0.4123 | Val Loss: 0.3954 | Dice: 0.4865 | softDice: 0.4258 | clDice: 0.5416 | softclDice: 0.5015 | IoU: 0.3219 | Tversky: 0.4865 | Hausdorff: 295.7276 | HD95: 30.2028 | val_loss: 0.3954 | LR: 0.000500
2025-08-21 03:48:24 INFO Epoch 024 | Train Loss: 0.4099 | Val Loss: 0.3927 | Dice: 0.4903 | softDice: 0.4312 | clDice: 0.5471 | softclDice: 0.4943 | IoU: 0.3251 | Tversky: 0.4903 | Hausdorff: 299.2017 | HD95: 29.0600 | val_loss: 0.3927 | LR: 0.000500
2025-08-21 03:50:07 INFO Epoch 025 | Train Loss: 0.4112 | Val Loss: 0.3952 | Dice: 0.4868 | softDice: 0.4258 | clDice: 0.5397 | softclDice: 0.5021 | IoU: 0.3221 | Tversky: 0.4868 | Hausdorff: 240.9996 | HD95: 30.3530 | val_loss: 0.3952 | LR: 0.000500
2025-08-21 03:51:52 INFO Epoch 026 | Train Loss: 0.4095 | Val Loss: 0.3934 | Dice: 0.4876 | softDice: 0.4307 | clDice: 0.5386 | softclDice: 0.4990 | IoU: 0.3228 | Tversky: 0.4876 | Hausdorff: 276.3435 | HD95: 30.5933 | val_loss: 0.3934 | LR: 0.000500
2025-08-21 03:53:38 INFO Epoch 027 | Train Loss: 0.4094 | Val Loss: 0.3918 | Dice: 0.4898 | softDice: 0.4290 | clDice: 0.5417 | softclDice: 0.4994 | IoU: 0.3248 | Tversky: 0.4898 | Hausdorff: 277.9204 | HD95: 28.8167 | val_loss: 0.3918 | LR: 0.000500
2025-08-21 03:55:24 INFO Epoch 028 | Train Loss: 0.4069 | Val Loss: 0.3918 | Dice: 0.4912 | softDice: 0.4271 | clDice: 0.5478 | softclDice: 0.4975 | IoU: 0.3261 | Tversky: 0.4912 | Hausdorff: 270.5845 | HD95: 28.3990 | val_loss: 0.3918 | LR: 0.000250
2025-08-21 03:57:14 INFO Epoch 029 | Train Loss: 0.4008 | Val Loss: 0.3919 | Dice: 0.4890 | softDice: 0.4320 | clDice: 0.5400 | softclDice: 0.4990 | IoU: 0.3241 | Tversky: 0.4890 | Hausdorff: 286.3936 | HD95: 34.9262 | val_loss: 0.3919 | LR: 0.000250
2025-08-21 03:58:57 INFO Epoch 030 | Train Loss: 0.4087 | Val Loss: 0.3909 | Dice: 0.4914 | softDice: 0.4306 | clDice: 0.5434 | softclDice: 0.4967 | IoU: 0.3262 | Tversky: 0.4914 | Hausdorff: 267.9594 | HD95: 29.6108 | val_loss: 0.3909 | LR: 0.000250
2025-08-21 04:00:38 INFO Epoch 031 | Train Loss: 0.4026 | Val Loss: 0.3921 | Dice: 0.4898 | softDice: 0.4329 | clDice: 0.5416 | softclDice: 0.4980 | IoU: 0.3248 | Tversky: 0.4898 | Hausdorff: 294.3108 | HD95: 29.0608 | val_loss: 0.3921 | LR: 0.000250
2025-08-21 04:02:26 INFO Epoch 032 | Train Loss: 0.4040 | Val Loss: 0.3910 | Dice: 0.4893 | softDice: 0.4282 | clDice: 0.5396 | softclDice: 0.5025 | IoU: 0.3244 | Tversky: 0.4893 | Hausdorff: 268.7478 | HD95: 30.8035 | val_loss: 0.3910 | LR: 0.000250
2025-08-21 04:04:09 INFO Epoch 033 | Train Loss: 0.4056 | Val Loss: 0.3920 | Dice: 0.4898 | softDice: 0.4320 | clDice: 0.5400 | softclDice: 0.5002 | IoU: 0.3248 | Tversky: 0.4898 | Hausdorff: 296.7480 | HD95: 29.6122 | val_loss: 0.3920 | LR: 0.000250
2025-08-21 04:06:00 INFO Epoch 034 | Train Loss: 0.3970 | Val Loss: 0.3927 | Dice: 0.4883 | softDice: 0.4325 | clDice: 0.5392 | softclDice: 0.4990 | IoU: 0.3234 | Tversky: 0.4883 | Hausdorff: 296.4260 | HD95: 29.2562 | val_loss: 0.3927 | LR: 0.000125
2025-08-21 04:07:45 INFO Epoch 035 | Train Loss: 0.4009 | Val Loss: 0.3916 | Dice: 0.4907 | softDice: 0.4346 | clDice: 0.5436 | softclDice: 0.4964 | IoU: 0.3255 | Tversky: 0.4907 | Hausdorff: 296.2240 | HD95: 28.5881 | val_loss: 0.3916 | LR: 0.000125
2025-08-21 04:09:37 INFO Epoch 036 | Train Loss: 0.3973 | Val Loss: 0.3933 | Dice: 0.4878 | softDice: 0.4326 | clDice: 0.5361 | softclDice: 0.5004 | IoU: 0.3230 | Tversky: 0.4878 | Hausdorff: 261.1842 | HD95: 30.0889 | val_loss: 0.3933 | LR: 0.000125
2025-08-21 04:11:22 INFO Epoch 037 | Train Loss: 0.4034 | Val Loss: 0.3927 | Dice: 0.4891 | softDice: 0.4313 | clDice: 0.5431 | softclDice: 0.4973 | IoU: 0.3242 | Tversky: 0.4891 | Hausdorff: 286.9249 | HD95: 30.2942 | val_loss: 0.3927 | LR: 0.000125
2025-08-21 04:13:16 INFO Epoch 038 | Train Loss: 0.4003 | Val Loss: 0.3945 | Dice: 0.4869 | softDice: 0.4291 | clDice: 0.5372 | softclDice: 0.5027 | IoU: 0.3223 | Tversky: 0.4869 | Hausdorff: 276.5325 | HD95: 30.7034 | val_loss: 0.3945 | LR: 0.000125
2025-08-21 04:15:06 INFO Epoch 039 | Train Loss: 0.3934 | Val Loss: 0.3929 | Dice: 0.4895 | softDice: 0.4329 | clDice: 0.5398 | softclDice: 0.5001 | IoU: 0.3245 | Tversky: 0.4895 | Hausdorff: 299.2276 | HD95: 30.6191 | val_loss: 0.3929 | LR: 0.000125
2025-08-21 04:16:52 INFO Epoch 040 | Train Loss: 0.3943 | Val Loss: 0.3960 | Dice: 0.4856 | softDice: 0.4291 | clDice: 0.5341 | softclDice: 0.5045 | IoU: 0.3211 | Tversky: 0.4856 | Hausdorff: 313.7534 | HD95: 31.0296 | val_loss: 0.3960 | LR: 0.000063
2025-08-21 04:18:36 INFO Early stopping at epoch 41 | Best Dice: 0.4939 at epoch 1
2025-08-21 04:19:26 INFO Fold 2 results: Dice: 0.4919 | softDice: 0.4318 | clDice: 0.5565 | softclDice: 0.4841 | IoU: 0.3265 | Tversky: 0.4919 | Hausdorff: 295.4192 | HD95: 29.1030 | val_loss: 0.3925
2025-08-21 04:19:26 INFO ===== Fold 3 / 5 =====
2025-08-21 04:19:26 INFO Loading model unet with settings {'name': 'unet', 'encoder_name': 'se_resnext50_32x4d', 'encoder_weights': 'imagenet', 'classes': 1, 'activation': None, 'dropout': 0.2}
2025-08-21 04:21:11 INFO Epoch 001 | Train Loss: 0.5711 | Val Loss: 0.4425 | Dice: 0.4448 | softDice: 0.3571 | clDice: 0.5025 | softclDice: 0.6428 | IoU: 0.2867 | Tversky: 0.4448 | Hausdorff: 674.2022 | HD95: 56.4571 | val_loss: 0.4425 | LR: 0.001000
2025-08-21 04:22:57 INFO Epoch 002 | Train Loss: 0.4628 | Val Loss: 0.4280 | Dice: 0.4487 | softDice: 0.3801 | clDice: 0.5000 | softclDice: 0.5753 | IoU: 0.2901 | Tversky: 0.4487 | Hausdorff: 436.1408 | HD95: 47.4345 | val_loss: 0.4280 | LR: 0.001000
2025-08-21 04:24:36 INFO Epoch 003 | Train Loss: 0.4536 | Val Loss: 0.4222 | Dice: 0.4634 | softDice: 0.3894 | clDice: 0.5259 | softclDice: 0.5484 | IoU: 0.3024 | Tversky: 0.4634 | Hausdorff: 266.2370 | HD95: 43.9187 | val_loss: 0.4222 | LR: 0.001000
2025-08-21 04:26:17 INFO Epoch 004 | Train Loss: 0.4426 | Val Loss: 0.4127 | Dice: 0.4709 | softDice: 0.4087 | clDice: 0.5341 | softclDice: 0.5220 | IoU: 0.3088 | Tversky: 0.4709 | Hausdorff: 236.9616 | HD95: 34.3912 | val_loss: 0.4127 | LR: 0.001000
2025-08-21 04:27:59 INFO Epoch 005 | Train Loss: 0.4385 | Val Loss: 0.4026 | Dice: 0.4822 | softDice: 0.4117 | clDice: 0.5365 | softclDice: 0.5166 | IoU: 0.3185 | Tversky: 0.4822 | Hausdorff: 239.0455 | HD95: 35.5398 | val_loss: 0.4026 | LR: 0.001000
2025-08-21 04:29:41 INFO Epoch 006 | Train Loss: 0.4317 | Val Loss: 0.3995 | Dice: 0.4853 | softDice: 0.4217 | clDice: 0.5469 | softclDice: 0.5050 | IoU: 0.3213 | Tversky: 0.4853 | Hausdorff: 255.2028 | HD95: 37.8358 | val_loss: 0.3995 | LR: 0.001000
2025-08-21 04:31:22 INFO Epoch 007 | Train Loss: 0.4273 | Val Loss: 0.4071 | Dice: 0.4771 | softDice: 0.4105 | clDice: 0.5411 | softclDice: 0.5073 | IoU: 0.3143 | Tversky: 0.4771 | Hausdorff: 231.7805 | HD95: 35.8613 | val_loss: 0.4071 | LR: 0.001000
2025-08-21 04:33:08 INFO Epoch 008 | Train Loss: 0.4268 | Val Loss: 0.3995 | Dice: 0.4861 | softDice: 0.4231 | clDice: 0.5478 | softclDice: 0.5000 | IoU: 0.3220 | Tversky: 0.4861 | Hausdorff: 249.3627 | HD95: 31.6106 | val_loss: 0.3995 | LR: 0.001000
2025-08-21 04:34:50 INFO Epoch 009 | Train Loss: 0.4286 | Val Loss: 0.4029 | Dice: 0.4847 | softDice: 0.4130 | clDice: 0.5442 | softclDice: 0.5104 | IoU: 0.3208 | Tversky: 0.4847 | Hausdorff: 253.7910 | HD95: 34.6964 | val_loss: 0.4029 | LR: 0.001000
2025-08-21 04:36:33 INFO Epoch 010 | Train Loss: 0.4262 | Val Loss: 0.3967 | Dice: 0.4913 | softDice: 0.4262 | clDice: 0.5568 | softclDice: 0.4929 | IoU: 0.3265 | Tversky: 0.4913 | Hausdorff: 249.1574 | HD95: 33.1111 | val_loss: 0.3967 | LR: 0.001000
2025-08-21 04:38:14 INFO Epoch 011 | Train Loss: 0.4259 | Val Loss: 0.3980 | Dice: 0.4854 | softDice: 0.4260 | clDice: 0.5417 | softclDice: 0.4993 | IoU: 0.3216 | Tversky: 0.4854 | Hausdorff: 245.2649 | HD95: 35.4920 | val_loss: 0.3980 | LR: 0.001000
2025-08-21 04:40:01 INFO Epoch 012 | Train Loss: 0.4236 | Val Loss: 0.3902 | Dice: 0.4981 | softDice: 0.4331 | clDice: 0.5645 | softclDice: 0.4828 | IoU: 0.3323 | Tversky: 0.4981 | Hausdorff: 229.0883 | HD95: 31.5679 | val_loss: 0.3902 | LR: 0.001000
2025-08-21 04:41:45 INFO Epoch 013 | Train Loss: 0.4232 | Val Loss: 0.3953 | Dice: 0.4935 | softDice: 0.4295 | clDice: 0.5668 | softclDice: 0.4837 | IoU: 0.3283 | Tversky: 0.4935 | Hausdorff: 240.9043 | HD95: 32.2156 | val_loss: 0.3953 | LR: 0.001000
2025-08-21 04:43:28 INFO Epoch 014 | Train Loss: 0.4229 | Val Loss: 0.4002 | Dice: 0.4823 | softDice: 0.4169 | clDice: 0.5390 | softclDice: 0.5037 | IoU: 0.3191 | Tversky: 0.4823 | Hausdorff: 215.9175 | HD95: 38.6611 | val_loss: 0.4002 | LR: 0.001000
2025-08-21 04:45:11 INFO Epoch 015 | Train Loss: 0.4237 | Val Loss: 0.3977 | Dice: 0.4879 | softDice: 0.4236 | clDice: 0.5535 | softclDice: 0.4899 | IoU: 0.3235 | Tversky: 0.4879 | Hausdorff: 249.4440 | HD95: 32.9330 | val_loss: 0.3977 | LR: 0.001000
2025-08-21 04:46:51 INFO Epoch 016 | Train Loss: 0.4236 | Val Loss: 0.4018 | Dice: 0.4859 | softDice: 0.4105 | clDice: 0.5416 | softclDice: 0.5074 | IoU: 0.3218 | Tversky: 0.4859 | Hausdorff: 238.3753 | HD95: 32.8193 | val_loss: 0.4018 | LR: 0.001000
2025-08-21 04:48:38 INFO Epoch 017 | Train Loss: 0.4208 | Val Loss: 0.3963 | Dice: 0.4954 | softDice: 0.4177 | clDice: 0.5657 | softclDice: 0.4867 | IoU: 0.3301 | Tversky: 0.4954 | Hausdorff: 232.0407 | HD95: 34.2158 | val_loss: 0.3963 | LR: 0.001000
2025-08-21 04:50:19 INFO Epoch 018 | Train Loss: 0.4232 | Val Loss: 0.3912 | Dice: 0.4998 | softDice: 0.4246 | clDice: 0.5711 | softclDice: 0.4816 | IoU: 0.3339 | Tversky: 0.4998 | Hausdorff: 237.6189 | HD95: 29.6747 | val_loss: 0.3912 | LR: 0.000500
2025-08-21 04:52:03 INFO Epoch 019 | Train Loss: 0.4155 | Val Loss: 0.3940 | Dice: 0.4926 | softDice: 0.4259 | clDice: 0.5524 | softclDice: 0.4881 | IoU: 0.3278 | Tversky: 0.4926 | Hausdorff: 260.6255 | HD95: 29.5653 | val_loss: 0.3940 | LR: 0.000500
2025-08-21 04:53:42 INFO Epoch 020 | Train Loss: 0.4118 | Val Loss: 0.3926 | Dice: 0.4943 | softDice: 0.4281 | clDice: 0.5569 | softclDice: 0.4858 | IoU: 0.3293 | Tversky: 0.4943 | Hausdorff: 241.6441 | HD95: 31.1078 | val_loss: 0.3926 | LR: 0.000500
2025-08-21 04:55:29 INFO Epoch 021 | Train Loss: 0.4124 | Val Loss: 0.3885 | Dice: 0.4993 | softDice: 0.4329 | clDice: 0.5597 | softclDice: 0.4822 | IoU: 0.3337 | Tversky: 0.4993 | Hausdorff: 247.6650 | HD95: 32.2763 | val_loss: 0.3885 | LR: 0.000500
2025-08-21 04:57:13 INFO Epoch 022 | Train Loss: 0.4100 | Val Loss: 0.3938 | Dice: 0.4913 | softDice: 0.4267 | clDice: 0.5471 | softclDice: 0.4914 | IoU: 0.3267 | Tversky: 0.4913 | Hausdorff: 247.4767 | HD95: 34.1344 | val_loss: 0.3938 | LR: 0.000500
2025-08-21 04:58:52 INFO Epoch 023 | Train Loss: 0.4107 | Val Loss: 0.3894 | Dice: 0.4990 | softDice: 0.4304 | clDice: 0.5566 | softclDice: 0.4859 | IoU: 0.3334 | Tversky: 0.4990 | Hausdorff: 239.4421 | HD95: 30.8514 | val_loss: 0.3894 | LR: 0.000500
2025-08-21 05:00:37 INFO Epoch 024 | Train Loss: 0.4070 | Val Loss: 0.3966 | Dice: 0.4882 | softDice: 0.4288 | clDice: 0.5466 | softclDice: 0.4901 | IoU: 0.3240 | Tversky: 0.4882 | Hausdorff: 236.0983 | HD95: 36.9426 | val_loss: 0.3966 | LR: 0.000500
2025-08-21 05:02:24 INFO Epoch 025 | Train Loss: 0.4140 | Val Loss: 0.4008 | Dice: 0.4817 | softDice: 0.4182 | clDice: 0.5354 | softclDice: 0.5079 | IoU: 0.3183 | Tversky: 0.4817 | Hausdorff: 238.7118 | HD95: 31.3533 | val_loss: 0.4008 | LR: 0.000500
2025-08-21 05:04:10 INFO Epoch 026 | Train Loss: 0.4106 | Val Loss: 0.3991 | Dice: 0.4839 | softDice: 0.4268 | clDice: 0.5388 | softclDice: 0.4993 | IoU: 0.3203 | Tversky: 0.4839 | Hausdorff: 223.4755 | HD95: 34.1941 | val_loss: 0.3991 | LR: 0.000500
2025-08-21 05:06:02 INFO Epoch 027 | Train Loss: 0.4090 | Val Loss: 0.3915 | Dice: 0.4948 | softDice: 0.4347 | clDice: 0.5534 | softclDice: 0.4832 | IoU: 0.3297 | Tversky: 0.4948 | Hausdorff: 244.6255 | HD95: 31.7826 | val_loss: 0.3915 | LR: 0.000250
2025-08-21 05:07:48 INFO Epoch 028 | Train Loss: 0.4053 | Val Loss: 0.3913 | Dice: 0.4955 | softDice: 0.4362 | clDice: 0.5570 | softclDice: 0.4793 | IoU: 0.3303 | Tversky: 0.4955 | Hausdorff: 246.4927 | HD95: 28.8598 | val_loss: 0.3913 | LR: 0.000250
2025-08-21 05:09:32 INFO Epoch 029 | Train Loss: 0.4051 | Val Loss: 0.3936 | Dice: 0.4928 | softDice: 0.4303 | clDice: 0.5543 | softclDice: 0.4852 | IoU: 0.3279 | Tversky: 0.4928 | Hausdorff: 240.3331 | HD95: 28.9268 | val_loss: 0.3936 | LR: 0.000250
2025-08-21 05:11:13 INFO Epoch 030 | Train Loss: 0.4057 | Val Loss: 0.3874 | Dice: 0.5008 | softDice: 0.4404 | clDice: 0.5638 | softclDice: 0.4731 | IoU: 0.3350 | Tversky: 0.5008 | Hausdorff: 221.8243 | HD95: 30.2135 | val_loss: 0.3874 | LR: 0.000250
2025-08-21 05:13:04 INFO Epoch 031 | Train Loss: 0.4042 | Val Loss: 0.3925 | Dice: 0.4936 | softDice: 0.4331 | clDice: 0.5510 | softclDice: 0.4844 | IoU: 0.3287 | Tversky: 0.4936 | Hausdorff: 217.5411 | HD95: 32.8007 | val_loss: 0.3925 | LR: 0.000250
2025-08-21 05:14:55 INFO Epoch 032 | Train Loss: 0.4017 | Val Loss: 0.3923 | Dice: 0.4943 | softDice: 0.4312 | clDice: 0.5559 | softclDice: 0.4847 | IoU: 0.3292 | Tversky: 0.4943 | Hausdorff: 239.6268 | HD95: 30.9158 | val_loss: 0.3923 | LR: 0.000250
2025-08-21 05:16:43 INFO Epoch 033 | Train Loss: 0.4024 | Val Loss: 0.3937 | Dice: 0.4929 | softDice: 0.4323 | clDice: 0.5483 | softclDice: 0.4899 | IoU: 0.3280 | Tversky: 0.4929 | Hausdorff: 238.6982 | HD95: 31.9184 | val_loss: 0.3937 | LR: 0.000250
2025-08-21 05:18:27 INFO Epoch 034 | Train Loss: 0.4082 | Val Loss: 0.3912 | Dice: 0.4958 | softDice: 0.4333 | clDice: 0.5547 | softclDice: 0.4831 | IoU: 0.3305 | Tversky: 0.4958 | Hausdorff: 242.1482 | HD95: 28.1812 | val_loss: 0.3912 | LR: 0.000250
2025-08-21 05:20:09 INFO Epoch 035 | Train Loss: 0.4039 | Val Loss: 0.3962 | Dice: 0.4890 | softDice: 0.4286 | clDice: 0.5469 | softclDice: 0.4901 | IoU: 0.3246 | Tversky: 0.4890 | Hausdorff: 243.8923 | HD95: 30.6967 | val_loss: 0.3962 | LR: 0.000250
2025-08-21 05:21:55 INFO Epoch 036 | Train Loss: 0.4039 | Val Loss: 0.3909 | Dice: 0.4976 | softDice: 0.4351 | clDice: 0.5590 | softclDice: 0.4792 | IoU: 0.3321 | Tversky: 0.4976 | Hausdorff: 239.6895 | HD95: 30.2978 | val_loss: 0.3909 | LR: 0.000125
2025-08-21 05:23:43 INFO Epoch 037 | Train Loss: 0.4025 | Val Loss: 0.3895 | Dice: 0.4981 | softDice: 0.4368 | clDice: 0.5565 | softclDice: 0.4808 | IoU: 0.3327 | Tversky: 0.4981 | Hausdorff: 238.3731 | HD95: 28.6125 | val_loss: 0.3895 | LR: 0.000125
2025-08-21 05:25:24 INFO Epoch 038 | Train Loss: 0.3960 | Val Loss: 0.3901 | Dice: 0.4973 | softDice: 0.4373 | clDice: 0.5585 | softclDice: 0.4779 | IoU: 0.3320 | Tversky: 0.4973 | Hausdorff: 223.6009 | HD95: 30.2629 | val_loss: 0.3901 | LR: 0.000125
2025-08-21 05:27:05 INFO Epoch 039 | Train Loss: 0.3978 | Val Loss: 0.3945 | Dice: 0.4917 | softDice: 0.4329 | clDice: 0.5472 | softclDice: 0.4878 | IoU: 0.3270 | Tversky: 0.4917 | Hausdorff: 223.4094 | HD95: 30.8663 | val_loss: 0.3945 | LR: 0.000125
2025-08-21 05:28:51 INFO Epoch 040 | Train Loss: 0.3960 | Val Loss: 0.3907 | Dice: 0.4966 | softDice: 0.4384 | clDice: 0.5566 | softclDice: 0.4796 | IoU: 0.3313 | Tversky: 0.4966 | Hausdorff: 218.7922 | HD95: 30.0644 | val_loss: 0.3907 | LR: 0.000125
2025-08-21 05:30:32 INFO Epoch 041 | Train Loss: 0.3934 | Val Loss: 0.3915 | Dice: 0.4962 | softDice: 0.4377 | clDice: 0.5564 | softclDice: 0.4791 | IoU: 0.3309 | Tversky: 0.4962 | Hausdorff: 215.3337 | HD95: 27.0394 | val_loss: 0.3915 | LR: 0.000125
2025-08-21 05:32:17 INFO Epoch 042 | Train Loss: 0.3970 | Val Loss: 0.3931 | Dice: 0.4932 | softDice: 0.4331 | clDice: 0.5506 | softclDice: 0.4858 | IoU: 0.3282 | Tversky: 0.4932 | Hausdorff: 215.4959 | HD95: 27.9079 | val_loss: 0.3931 | LR: 0.000063
2025-08-21 05:34:03 INFO Epoch 043 | Train Loss: 0.3976 | Val Loss: 0.3895 | Dice: 0.4983 | softDice: 0.4387 | clDice: 0.5578 | softclDice: 0.4783 | IoU: 0.3328 | Tversky: 0.4983 | Hausdorff: 216.4444 | HD95: 28.9457 | val_loss: 0.3895 | LR: 0.000063
2025-08-21 05:35:44 INFO Epoch 044 | Train Loss: 0.3947 | Val Loss: 0.3939 | Dice: 0.4917 | softDice: 0.4327 | clDice: 0.5480 | softclDice: 0.4860 | IoU: 0.3270 | Tversky: 0.4917 | Hausdorff: 217.1853 | HD95: 29.0633 | val_loss: 0.3939 | LR: 0.000063
2025-08-21 05:37:30 INFO Epoch 045 | Train Loss: 0.3928 | Val Loss: 0.3918 | Dice: 0.4958 | softDice: 0.4378 | clDice: 0.5548 | softclDice: 0.4810 | IoU: 0.3306 | Tversky: 0.4958 | Hausdorff: 217.6339 | HD95: 28.1505 | val_loss: 0.3918 | LR: 0.000063
2025-08-21 05:39:08 INFO Epoch 046 | Train Loss: 0.3909 | Val Loss: 0.3921 | Dice: 0.4959 | softDice: 0.4380 | clDice: 0.5547 | softclDice: 0.4823 | IoU: 0.3306 | Tversky: 0.4959 | Hausdorff: 215.6587 | HD95: 28.5052 | val_loss: 0.3921 | LR: 0.000063
2025-08-21 05:40:49 INFO Epoch 047 | Train Loss: 0.3917 | Val Loss: 0.3922 | Dice: 0.4955 | softDice: 0.4393 | clDice: 0.5544 | softclDice: 0.4804 | IoU: 0.3303 | Tversky: 0.4955 | Hausdorff: 216.6289 | HD95: 29.3934 | val_loss: 0.3922 | LR: 0.000063
2025-08-21 05:42:35 INFO Epoch 048 | Train Loss: 0.3937 | Val Loss: 0.3918 | Dice: 0.4968 | softDice: 0.4380 | clDice: 0.5564 | softclDice: 0.4799 | IoU: 0.3314 | Tversky: 0.4968 | Hausdorff: 219.4584 | HD95: 28.3770 | val_loss: 0.3918 | LR: 0.000031
2025-08-21 05:44:23 INFO Epoch 049 | Train Loss: 0.3933 | Val Loss: 0.3918 | Dice: 0.4965 | softDice: 0.4378 | clDice: 0.5559 | softclDice: 0.4805 | IoU: 0.3312 | Tversky: 0.4965 | Hausdorff: 219.8147 | HD95: 29.2461 | val_loss: 0.3918 | LR: 0.000031
2025-08-21 05:46:10 INFO Early stopping at epoch 50 | Best Dice: 0.5008 at epoch 1
2025-08-21 05:46:55 INFO Fold 3 results: Dice: 0.5008 | softDice: 0.4404 | clDice: 0.5638 | softclDice: 0.4731 | IoU: 0.3350 | Tversky: 0.5008 | Hausdorff: 221.8243 | HD95: 30.2135 | val_loss: 0.3874
2025-08-21 05:46:55 INFO ===== Fold 4 / 5 =====
2025-08-21 05:46:55 INFO Loading model unet with settings {'name': 'unet', 'encoder_name': 'se_resnext50_32x4d', 'encoder_weights': 'imagenet', 'classes': 1, 'activation': None, 'dropout': 0.2}
2025-08-21 05:48:40 INFO Epoch 001 | Train Loss: 0.6953 | Val Loss: 0.5433 | Dice: 0.3271 | softDice: 0.2392 | clDice: 0.2671 | softclDice: 0.8176 | IoU: 0.1960 | Tversky: 0.3271 | Hausdorff: 707.7912 | HD95: 152.9289 | val_loss: 0.5433 | LR: 0.001000
2025-08-21 05:50:25 INFO Epoch 002 | Train Loss: 0.4799 | Val Loss: 0.4502 | Dice: 0.4479 | softDice: 0.3542 | clDice: 0.4917 | softclDice: 0.6143 | IoU: 0.2890 | Tversky: 0.4479 | Hausdorff: 355.5527 | HD95: 55.7971 | val_loss: 0.4502 | LR: 0.001000
2025-08-21 05:52:12 INFO Epoch 003 | Train Loss: 0.4552 | Val Loss: 0.4371 | Dice: 0.4646 | softDice: 0.3830 | clDice: 0.5168 | softclDice: 0.5638 | IoU: 0.3028 | Tversky: 0.4646 | Hausdorff: 213.9381 | HD95: 53.1553 | val_loss: 0.4371 | LR: 0.001000
2025-08-21 05:53:58 INFO Epoch 004 | Train Loss: 0.4424 | Val Loss: 0.4151 | Dice: 0.4761 | softDice: 0.3898 | clDice: 0.5217 | softclDice: 0.5439 | IoU: 0.3126 | Tversky: 0.4761 | Hausdorff: 222.4567 | HD95: 38.0047 | val_loss: 0.4151 | LR: 0.001000
2025-08-21 05:55:44 INFO Epoch 005 | Train Loss: 0.4418 | Val Loss: 0.4146 | Dice: 0.4695 | softDice: 0.3947 | clDice: 0.5120 | softclDice: 0.5422 | IoU: 0.3070 | Tversky: 0.4695 | Hausdorff: 207.0514 | HD95: 38.4237 | val_loss: 0.4146 | LR: 0.001000
2025-08-21 05:57:31 INFO Epoch 006 | Train Loss: 0.4383 | Val Loss: 0.4100 | Dice: 0.4797 | softDice: 0.4098 | clDice: 0.5329 | softclDice: 0.5218 | IoU: 0.3157 | Tversky: 0.4797 | Hausdorff: 192.3384 | HD95: 37.9944 | val_loss: 0.4100 | LR: 0.001000
2025-08-21 05:59:23 INFO Epoch 007 | Train Loss: 0.4325 | Val Loss: 0.4169 | Dice: 0.4746 | softDice: 0.3927 | clDice: 0.5177 | softclDice: 0.5367 | IoU: 0.3115 | Tversky: 0.4746 | Hausdorff: 207.3509 | HD95: 43.0321 | val_loss: 0.4169 | LR: 0.001000
2025-08-21 06:01:14 INFO Epoch 008 | Train Loss: 0.4276 | Val Loss: 0.4117 | Dice: 0.4788 | softDice: 0.4095 | clDice: 0.5309 | softclDice: 0.5244 | IoU: 0.3149 | Tversky: 0.4788 | Hausdorff: 245.1270 | HD95: 36.5863 | val_loss: 0.4117 | LR: 0.001000
2025-08-21 06:03:04 INFO Epoch 009 | Train Loss: 0.4282 | Val Loss: 0.4018 | Dice: 0.4885 | softDice: 0.4157 | clDice: 0.5421 | softclDice: 0.5067 | IoU: 0.3234 | Tversky: 0.4885 | Hausdorff: 224.8386 | HD95: 32.0974 | val_loss: 0.4018 | LR: 0.001000
2025-08-21 06:04:50 INFO Epoch 010 | Train Loss: 0.4275 | Val Loss: 0.4090 | Dice: 0.4803 | softDice: 0.4150 | clDice: 0.5312 | softclDice: 0.5179 | IoU: 0.3163 | Tversky: 0.4803 | Hausdorff: 278.4039 | HD95: 37.6684 | val_loss: 0.4090 | LR: 0.001000
2025-08-21 06:06:36 INFO Epoch 011 | Train Loss: 0.4281 | Val Loss: 0.4016 | Dice: 0.4892 | softDice: 0.4166 | clDice: 0.5440 | softclDice: 0.5095 | IoU: 0.3240 | Tversky: 0.4892 | Hausdorff: 217.4244 | HD95: 30.2146 | val_loss: 0.4016 | LR: 0.001000
2025-08-21 06:08:24 INFO Epoch 012 | Train Loss: 0.4244 | Val Loss: 0.4063 | Dice: 0.4818 | softDice: 0.4137 | clDice: 0.5294 | softclDice: 0.5182 | IoU: 0.3176 | Tversky: 0.4818 | Hausdorff: 232.7873 | HD95: 33.0827 | val_loss: 0.4063 | LR: 0.001000
2025-08-21 06:10:12 INFO Epoch 013 | Train Loss: 0.4210 | Val Loss: 0.3992 | Dice: 0.4911 | softDice: 0.4186 | clDice: 0.5428 | softclDice: 0.5025 | IoU: 0.3257 | Tversky: 0.4911 | Hausdorff: 231.0223 | HD95: 33.2068 | val_loss: 0.3992 | LR: 0.001000
2025-08-21 06:12:01 INFO Epoch 014 | Train Loss: 0.4214 | Val Loss: 0.4053 | Dice: 0.4825 | softDice: 0.4107 | clDice: 0.5292 | softclDice: 0.5176 | IoU: 0.3182 | Tversky: 0.4825 | Hausdorff: 233.9155 | HD95: 32.9477 | val_loss: 0.4053 | LR: 0.001000
2025-08-21 06:13:52 INFO Epoch 015 | Train Loss: 0.4203 | Val Loss: 0.4008 | Dice: 0.4890 | softDice: 0.4225 | clDice: 0.5423 | softclDice: 0.5037 | IoU: 0.3239 | Tversky: 0.4890 | Hausdorff: 224.9614 | HD95: 30.5593 | val_loss: 0.4008 | LR: 0.001000
2025-08-21 06:15:34 INFO Epoch 016 | Train Loss: 0.4216 | Val Loss: 0.4004 | Dice: 0.4883 | softDice: 0.4279 | clDice: 0.5402 | softclDice: 0.5026 | IoU: 0.3232 | Tversky: 0.4883 | Hausdorff: 208.0639 | HD95: 35.6150 | val_loss: 0.4004 | LR: 0.001000
2025-08-21 06:17:17 INFO Epoch 017 | Train Loss: 0.4153 | Val Loss: 0.4021 | Dice: 0.4879 | softDice: 0.4158 | clDice: 0.5479 | softclDice: 0.5000 | IoU: 0.3228 | Tversky: 0.4879 | Hausdorff: 224.6324 | HD95: 34.1745 | val_loss: 0.4021 | LR: 0.001000
2025-08-21 06:18:59 INFO Epoch 018 | Train Loss: 0.4174 | Val Loss: 0.4037 | Dice: 0.4876 | softDice: 0.4054 | clDice: 0.5331 | softclDice: 0.5183 | IoU: 0.3228 | Tversky: 0.4876 | Hausdorff: 249.6616 | HD95: 33.0566 | val_loss: 0.4037 | LR: 0.001000
2025-08-21 06:20:50 INFO Epoch 019 | Train Loss: 0.4202 | Val Loss: 0.3947 | Dice: 0.4958 | softDice: 0.4317 | clDice: 0.5524 | softclDice: 0.4901 | IoU: 0.3299 | Tversky: 0.4958 | Hausdorff: 236.3191 | HD95: 33.3520 | val_loss: 0.3947 | LR: 0.001000
2025-08-21 06:22:35 INFO Epoch 020 | Train Loss: 0.4153 | Val Loss: 0.4012 | Dice: 0.4891 | softDice: 0.4275 | clDice: 0.5493 | softclDice: 0.4880 | IoU: 0.3240 | Tversky: 0.4891 | Hausdorff: 217.9828 | HD95: 30.2600 | val_loss: 0.4012 | LR: 0.001000
2025-08-21 06:24:18 INFO Epoch 021 | Train Loss: 0.4184 | Val Loss: 0.3979 | Dice: 0.4918 | softDice: 0.4212 | clDice: 0.5468 | softclDice: 0.4966 | IoU: 0.3263 | Tversky: 0.4918 | Hausdorff: 220.3737 | HD95: 29.8885 | val_loss: 0.3979 | LR: 0.001000
2025-08-21 06:26:03 INFO Epoch 022 | Train Loss: 0.4169 | Val Loss: 0.4028 | Dice: 0.4850 | softDice: 0.4172 | clDice: 0.5372 | softclDice: 0.5061 | IoU: 0.3203 | Tversky: 0.4850 | Hausdorff: 226.6339 | HD95: 34.7250 | val_loss: 0.4028 | LR: 0.001000
2025-08-21 06:27:43 INFO Epoch 023 | Train Loss: 0.4175 | Val Loss: 0.3969 | Dice: 0.4953 | softDice: 0.4246 | clDice: 0.5516 | softclDice: 0.4948 | IoU: 0.3294 | Tversky: 0.4953 | Hausdorff: 232.0344 | HD95: 29.5304 | val_loss: 0.3969 | LR: 0.001000
2025-08-21 06:29:27 INFO Epoch 024 | Train Loss: 0.4154 | Val Loss: 0.3964 | Dice: 0.4930 | softDice: 0.4277 | clDice: 0.5462 | softclDice: 0.4954 | IoU: 0.3274 | Tversky: 0.4930 | Hausdorff: 220.2426 | HD95: 29.4330 | val_loss: 0.3964 | LR: 0.001000
2025-08-21 06:31:12 INFO Epoch 025 | Train Loss: 0.4154 | Val Loss: 0.3998 | Dice: 0.4909 | softDice: 0.4267 | clDice: 0.5514 | softclDice: 0.4935 | IoU: 0.3256 | Tversky: 0.4909 | Hausdorff: 231.6254 | HD95: 28.7170 | val_loss: 0.3998 | LR: 0.000500
2025-08-21 06:32:54 INFO Epoch 026 | Train Loss: 0.4124 | Val Loss: 0.4016 | Dice: 0.4848 | softDice: 0.4209 | clDice: 0.5343 | softclDice: 0.5060 | IoU: 0.3203 | Tversky: 0.4848 | Hausdorff: 232.8573 | HD95: 28.7898 | val_loss: 0.4016 | LR: 0.000500
2025-08-21 06:34:35 INFO Epoch 027 | Train Loss: 0.4118 | Val Loss: 0.3954 | Dice: 0.4947 | softDice: 0.4274 | clDice: 0.5456 | softclDice: 0.4944 | IoU: 0.3290 | Tversky: 0.4947 | Hausdorff: 233.1411 | HD95: 27.1505 | val_loss: 0.3954 | LR: 0.000500
2025-08-21 06:36:14 INFO Epoch 028 | Train Loss: 0.4053 | Val Loss: 0.3992 | Dice: 0.4879 | softDice: 0.4223 | clDice: 0.5374 | softclDice: 0.5003 | IoU: 0.3229 | Tversky: 0.4879 | Hausdorff: 233.8958 | HD95: 28.4570 | val_loss: 0.3992 | LR: 0.000500
2025-08-21 06:38:00 INFO Epoch 029 | Train Loss: 0.4077 | Val Loss: 0.4006 | Dice: 0.4857 | softDice: 0.4256 | clDice: 0.5333 | softclDice: 0.5032 | IoU: 0.3210 | Tversky: 0.4857 | Hausdorff: 227.7818 | HD95: 29.8201 | val_loss: 0.4006 | LR: 0.000500
2025-08-21 06:39:42 INFO Epoch 030 | Train Loss: 0.4063 | Val Loss: 0.4018 | Dice: 0.4838 | softDice: 0.4243 | clDice: 0.5311 | softclDice: 0.5064 | IoU: 0.3194 | Tversky: 0.4838 | Hausdorff: 221.5236 | HD95: 27.6912 | val_loss: 0.4018 | LR: 0.000500
2025-08-21 06:41:29 INFO Epoch 031 | Train Loss: 0.4063 | Val Loss: 0.4015 | Dice: 0.4859 | softDice: 0.4243 | clDice: 0.5372 | softclDice: 0.5028 | IoU: 0.3212 | Tversky: 0.4859 | Hausdorff: 227.5231 | HD95: 27.1843 | val_loss: 0.4015 | LR: 0.000250
2025-08-21 06:43:13 INFO Epoch 032 | Train Loss: 0.4028 | Val Loss: 0.3961 | Dice: 0.4918 | softDice: 0.4305 | clDice: 0.5439 | softclDice: 0.4921 | IoU: 0.3264 | Tversky: 0.4918 | Hausdorff: 222.4744 | HD95: 28.9398 | val_loss: 0.3961 | LR: 0.000250
2025-08-21 06:44:55 INFO Epoch 033 | Train Loss: 0.4000 | Val Loss: 0.3917 | Dice: 0.4982 | softDice: 0.4355 | clDice: 0.5528 | softclDice: 0.4846 | IoU: 0.3320 | Tversky: 0.4982 | Hausdorff: 217.1326 | HD95: 28.6161 | val_loss: 0.3917 | LR: 0.000250
2025-08-21 06:46:46 INFO Epoch 034 | Train Loss: 0.4006 | Val Loss: 0.3925 | Dice: 0.4984 | softDice: 0.4362 | clDice: 0.5532 | softclDice: 0.4860 | IoU: 0.3323 | Tversky: 0.4984 | Hausdorff: 226.5306 | HD95: 27.3536 | val_loss: 0.3925 | LR: 0.000250
2025-08-21 06:48:30 INFO Epoch 035 | Train Loss: 0.4029 | Val Loss: 0.3942 | Dice: 0.4950 | softDice: 0.4318 | clDice: 0.5529 | softclDice: 0.4871 | IoU: 0.3293 | Tversky: 0.4950 | Hausdorff: 228.0488 | HD95: 26.9457 | val_loss: 0.3942 | LR: 0.000250
2025-08-21 06:50:17 INFO Epoch 036 | Train Loss: 0.4002 | Val Loss: 0.3965 | Dice: 0.4924 | softDice: 0.4297 | clDice: 0.5444 | softclDice: 0.4958 | IoU: 0.3269 | Tversky: 0.4924 | Hausdorff: 224.5787 | HD95: 28.7470 | val_loss: 0.3965 | LR: 0.000250
2025-08-21 06:52:04 INFO Epoch 037 | Train Loss: 0.3972 | Val Loss: 0.3985 | Dice: 0.4899 | softDice: 0.4298 | clDice: 0.5414 | softclDice: 0.4945 | IoU: 0.3247 | Tversky: 0.4899 | Hausdorff: 222.9476 | HD95: 29.7513 | val_loss: 0.3985 | LR: 0.000250
2025-08-21 06:53:49 INFO Epoch 038 | Train Loss: 0.3992 | Val Loss: 0.3985 | Dice: 0.4896 | softDice: 0.4310 | clDice: 0.5389 | softclDice: 0.4948 | IoU: 0.3244 | Tversky: 0.4896 | Hausdorff: 225.4603 | HD95: 28.1217 | val_loss: 0.3985 | LR: 0.000250
2025-08-21 06:55:42 INFO Epoch 039 | Train Loss: 0.3988 | Val Loss: 0.3971 | Dice: 0.4923 | softDice: 0.4322 | clDice: 0.5445 | softclDice: 0.4919 | IoU: 0.3268 | Tversky: 0.4923 | Hausdorff: 230.3655 | HD95: 28.5024 | val_loss: 0.3971 | LR: 0.000125
2025-08-21 06:57:23 INFO Epoch 040 | Train Loss: 0.4001 | Val Loss: 0.3953 | Dice: 0.4962 | softDice: 0.4361 | clDice: 0.5509 | softclDice: 0.4856 | IoU: 0.3303 | Tversky: 0.4962 | Hausdorff: 228.8718 | HD95: 28.8071 | val_loss: 0.3953 | LR: 0.000125
2025-08-21 06:59:09 INFO Epoch 041 | Train Loss: 0.3984 | Val Loss: 0.3960 | Dice: 0.4948 | softDice: 0.4306 | clDice: 0.5496 | softclDice: 0.4892 | IoU: 0.3291 | Tversky: 0.4948 | Hausdorff: 227.2460 | HD95: 27.9388 | val_loss: 0.3960 | LR: 0.000125
2025-08-21 07:00:57 INFO Epoch 042 | Train Loss: 0.3938 | Val Loss: 0.3977 | Dice: 0.4921 | softDice: 0.4314 | clDice: 0.5445 | softclDice: 0.4914 | IoU: 0.3267 | Tversky: 0.4921 | Hausdorff: 229.4281 | HD95: 28.2998 | val_loss: 0.3977 | LR: 0.000125
2025-08-21 07:02:45 INFO Epoch 043 | Train Loss: 0.3950 | Val Loss: 0.3960 | Dice: 0.4933 | softDice: 0.4330 | clDice: 0.5436 | softclDice: 0.4919 | IoU: 0.3277 | Tversky: 0.4933 | Hausdorff: 229.6845 | HD95: 29.6660 | val_loss: 0.3960 | LR: 0.000125
2025-08-21 07:04:33 INFO Epoch 044 | Train Loss: 0.4008 | Val Loss: 0.3962 | Dice: 0.4931 | softDice: 0.4321 | clDice: 0.5451 | softclDice: 0.4901 | IoU: 0.3275 | Tversky: 0.4931 | Hausdorff: 226.6956 | HD95: 28.2278 | val_loss: 0.3962 | LR: 0.000125
2025-08-21 07:06:18 INFO Epoch 045 | Train Loss: 0.3967 | Val Loss: 0.4009 | Dice: 0.4865 | softDice: 0.4279 | clDice: 0.5335 | softclDice: 0.5008 | IoU: 0.3218 | Tversky: 0.4865 | Hausdorff: 229.8064 | HD95: 30.4753 | val_loss: 0.4009 | LR: 0.000063
2025-08-21 07:08:07 INFO Epoch 046 | Train Loss: 0.3943 | Val Loss: 0.3999 | Dice: 0.4889 | softDice: 0.4296 | clDice: 0.5384 | softclDice: 0.4963 | IoU: 0.3239 | Tversky: 0.4889 | Hausdorff: 227.0420 | HD95: 28.5508 | val_loss: 0.3999 | LR: 0.000063
2025-08-21 07:09:56 INFO Epoch 047 | Train Loss: 0.3936 | Val Loss: 0.3994 | Dice: 0.4894 | softDice: 0.4305 | clDice: 0.5369 | softclDice: 0.4974 | IoU: 0.3242 | Tversky: 0.4894 | Hausdorff: 229.1285 | HD95: 28.8314 | val_loss: 0.3994 | LR: 0.000063
2025-08-21 07:11:43 INFO Epoch 048 | Train Loss: 0.3932 | Val Loss: 0.3995 | Dice: 0.4899 | softDice: 0.4302 | clDice: 0.5416 | softclDice: 0.4929 | IoU: 0.3247 | Tversky: 0.4899 | Hausdorff: 229.0596 | HD95: 28.3365 | val_loss: 0.3995 | LR: 0.000063
2025-08-21 07:13:30 INFO Epoch 049 | Train Loss: 0.3921 | Val Loss: 0.3994 | Dice: 0.4902 | softDice: 0.4318 | clDice: 0.5406 | softclDice: 0.4935 | IoU: 0.3250 | Tversky: 0.4902 | Hausdorff: 227.0802 | HD95: 28.5907 | val_loss: 0.3994 | LR: 0.000063
2025-08-21 07:15:14 INFO Epoch 050 | Train Loss: 0.3918 | Val Loss: 0.4015 | Dice: 0.4868 | softDice: 0.4300 | clDice: 0.5352 | softclDice: 0.4978 | IoU: 0.3220 | Tversky: 0.4868 | Hausdorff: 230.5790 | HD95: 29.8366 | val_loss: 0.4015 | LR: 0.000063
2025-08-21 07:17:00 INFO Epoch 051 | Train Loss: 0.3907 | Val Loss: 0.4004 | Dice: 0.4885 | softDice: 0.4315 | clDice: 0.5362 | softclDice: 0.4974 | IoU: 0.3235 | Tversky: 0.4885 | Hausdorff: 228.7975 | HD95: 28.8577 | val_loss: 0.4004 | LR: 0.000031
2025-08-21 07:18:45 INFO Epoch 052 | Train Loss: 0.3879 | Val Loss: 0.4020 | Dice: 0.4869 | softDice: 0.4302 | clDice: 0.5348 | softclDice: 0.4987 | IoU: 0.3221 | Tversky: 0.4869 | Hausdorff: 229.0603 | HD95: 28.9562 | val_loss: 0.4020 | LR: 0.000031
2025-08-21 07:20:30 INFO Early stopping at epoch 53 | Best Dice: 0.4984 at epoch 1
2025-08-21 07:21:18 INFO Fold 4 results: Dice: 0.4982 | softDice: 0.4355 | clDice: 0.5528 | softclDice: 0.4846 | IoU: 0.3320 | Tversky: 0.4982 | Hausdorff: 217.1326 | HD95: 28.6161 | val_loss: 0.3917
2025-08-21 07:21:18 INFO ===== Fold 5 / 5 =====
2025-08-21 07:21:18 INFO Loading model unet with settings {'name': 'unet', 'encoder_name': 'se_resnext50_32x4d', 'encoder_weights': 'imagenet', 'classes': 1, 'activation': None, 'dropout': 0.2}
2025-08-21 07:23:03 INFO Epoch 001 | Train Loss: 0.7284 | Val Loss: 0.5193 | Dice: 0.4116 | softDice: 0.2289 | clDice: 0.4525 | softclDice: 0.7662 | IoU: 0.2593 | Tversky: 0.4116 | Hausdorff: 297.6254 | HD95: 71.1444 | val_loss: 0.5193 | LR: 0.001000
2025-08-21 07:24:52 INFO Epoch 002 | Train Loss: 0.4934 | Val Loss: 0.4363 | Dice: 0.4596 | softDice: 0.3402 | clDice: 0.5144 | softclDice: 0.6092 | IoU: 0.2986 | Tversky: 0.4596 | Hausdorff: 316.5742 | HD95: 54.0833 | val_loss: 0.4363 | LR: 0.001000
2025-08-21 07:26:48 INFO Epoch 003 | Train Loss: 0.4612 | Val Loss: 0.4197 | Dice: 0.4653 | softDice: 0.3746 | clDice: 0.5295 | softclDice: 0.5669 | IoU: 0.3034 | Tversky: 0.4653 | Hausdorff: 434.0979 | HD95: 45.6722 | val_loss: 0.4197 | LR: 0.001000
2025-08-21 07:28:33 INFO Epoch 004 | Train Loss: 0.4456 | Val Loss: 0.4125 | Dice: 0.4704 | softDice: 0.3800 | clDice: 0.5273 | softclDice: 0.5525 | IoU: 0.3078 | Tversky: 0.4704 | Hausdorff: 196.1649 | HD95: 43.4974 | val_loss: 0.4125 | LR: 0.001000
2025-08-21 07:30:19 INFO Epoch 005 | Train Loss: 0.4393 | Val Loss: 0.3995 | Dice: 0.4796 | softDice: 0.4025 | clDice: 0.5457 | softclDice: 0.5258 | IoU: 0.3157 | Tversky: 0.4796 | Hausdorff: 448.7910 | HD95: 39.8293 | val_loss: 0.3995 | LR: 0.001000
2025-08-21 07:32:04 INFO Epoch 006 | Train Loss: 0.4376 | Val Loss: 0.3963 | Dice: 0.4792 | softDice: 0.4066 | clDice: 0.5416 | softclDice: 0.5205 | IoU: 0.3155 | Tversky: 0.4792 | Hausdorff: 232.9945 | HD95: 37.1591 | val_loss: 0.3963 | LR: 0.001000
2025-08-21 07:33:44 INFO Epoch 007 | Train Loss: 0.4332 | Val Loss: 0.3923 | Dice: 0.4829 | softDice: 0.4186 | clDice: 0.5544 | softclDice: 0.5100 | IoU: 0.3187 | Tversky: 0.4829 | Hausdorff: 209.6646 | HD95: 36.4378 | val_loss: 0.3923 | LR: 0.001000
2025-08-21 07:35:28 INFO Epoch 008 | Train Loss: 0.4317 | Val Loss: 0.3958 | Dice: 0.4732 | softDice: 0.4089 | clDice: 0.5251 | softclDice: 0.5233 | IoU: 0.3102 | Tversky: 0.4732 | Hausdorff: 219.4928 | HD95: 47.5672 | val_loss: 0.3958 | LR: 0.001000
2025-08-21 07:37:15 INFO Epoch 009 | Train Loss: 0.4284 | Val Loss: 0.3959 | Dice: 0.4760 | softDice: 0.4120 | clDice: 0.5335 | softclDice: 0.5150 | IoU: 0.3126 | Tversky: 0.4760 | Hausdorff: 211.4357 | HD95: 36.9592 | val_loss: 0.3959 | LR: 0.001000
2025-08-21 07:39:09 INFO Epoch 010 | Train Loss: 0.4277 | Val Loss: 0.3918 | Dice: 0.4823 | softDice: 0.4200 | clDice: 0.5516 | softclDice: 0.4987 | IoU: 0.3181 | Tversky: 0.4823 | Hausdorff: 248.3417 | HD95: 35.1892 | val_loss: 0.3918 | LR: 0.001000
2025-08-21 07:40:59 INFO Epoch 011 | Train Loss: 0.4259 | Val Loss: 0.3923 | Dice: 0.4764 | softDice: 0.4133 | clDice: 0.5282 | softclDice: 0.5144 | IoU: 0.3131 | Tversky: 0.4764 | Hausdorff: 212.3015 | HD95: 39.3943 | val_loss: 0.3923 | LR: 0.001000
2025-08-21 07:42:50 INFO Epoch 012 | Train Loss: 0.4251 | Val Loss: 0.3890 | Dice: 0.4864 | softDice: 0.4163 | clDice: 0.5558 | softclDice: 0.4943 | IoU: 0.3217 | Tversky: 0.4864 | Hausdorff: 213.6677 | HD95: 33.5540 | val_loss: 0.3890 | LR: 0.001000
2025-08-21 07:44:41 INFO Epoch 013 | Train Loss: 0.4247 | Val Loss: 0.3882 | Dice: 0.4861 | softDice: 0.4215 | clDice: 0.5467 | softclDice: 0.4974 | IoU: 0.3214 | Tversky: 0.4861 | Hausdorff: 196.1251 | HD95: 37.8451 | val_loss: 0.3882 | LR: 0.001000
2025-08-21 07:46:31 INFO Epoch 014 | Train Loss: 0.4229 | Val Loss: 0.3896 | Dice: 0.4843 | softDice: 0.4190 | clDice: 0.5488 | softclDice: 0.4978 | IoU: 0.3199 | Tversky: 0.4843 | Hausdorff: 181.4858 | HD95: 35.8785 | val_loss: 0.3896 | LR: 0.001000
2025-08-21 07:48:17 INFO Epoch 015 | Train Loss: 0.4216 | Val Loss: 0.3912 | Dice: 0.4821 | softDice: 0.4179 | clDice: 0.5443 | softclDice: 0.5051 | IoU: 0.3179 | Tversky: 0.4821 | Hausdorff: 204.6791 | HD95: 38.3426 | val_loss: 0.3912 | LR: 0.001000
2025-08-21 07:49:59 INFO Epoch 016 | Train Loss: 0.4234 | Val Loss: 0.3878 | Dice: 0.4817 | softDice: 0.4226 | clDice: 0.5400 | softclDice: 0.4973 | IoU: 0.3176 | Tversky: 0.4817 | Hausdorff: 226.2341 | HD95: 41.5615 | val_loss: 0.3878 | LR: 0.001000
2025-08-21 07:51:41 INFO Epoch 017 | Train Loss: 0.4220 | Val Loss: 0.3897 | Dice: 0.4835 | softDice: 0.4233 | clDice: 0.5465 | softclDice: 0.4986 | IoU: 0.3191 | Tversky: 0.4835 | Hausdorff: 203.9214 | HD95: 34.7283 | val_loss: 0.3897 | LR: 0.001000
2025-08-21 07:53:28 INFO Epoch 018 | Train Loss: 0.4245 | Val Loss: 0.3845 | Dice: 0.4892 | softDice: 0.4212 | clDice: 0.5559 | softclDice: 0.4945 | IoU: 0.3242 | Tversky: 0.4892 | Hausdorff: 211.7566 | HD95: 35.2674 | val_loss: 0.3845 | LR: 0.001000
2025-08-21 07:55:11 INFO Epoch 019 | Train Loss: 0.4171 | Val Loss: 0.3843 | Dice: 0.4874 | softDice: 0.4256 | clDice: 0.5446 | softclDice: 0.4998 | IoU: 0.3226 | Tversky: 0.4874 | Hausdorff: 206.8543 | HD95: 39.5583 | val_loss: 0.3843 | LR: 0.001000
2025-08-21 07:56:51 INFO Epoch 020 | Train Loss: 0.4193 | Val Loss: 0.3888 | Dice: 0.4881 | softDice: 0.4133 | clDice: 0.5468 | softclDice: 0.5044 | IoU: 0.3232 | Tversky: 0.4881 | Hausdorff: 214.1010 | HD95: 43.7689 | val_loss: 0.3888 | LR: 0.001000
2025-08-21 07:58:34 INFO Epoch 021 | Train Loss: 0.4196 | Val Loss: 0.3922 | Dice: 0.4841 | softDice: 0.4128 | clDice: 0.5494 | softclDice: 0.5047 | IoU: 0.3197 | Tversky: 0.4841 | Hausdorff: 209.7360 | HD95: 36.2792 | val_loss: 0.3922 | LR: 0.001000
2025-08-21 08:00:18 INFO Epoch 022 | Train Loss: 0.4158 | Val Loss: 0.3881 | Dice: 0.4847 | softDice: 0.4206 | clDice: 0.5447 | softclDice: 0.4952 | IoU: 0.3202 | Tversky: 0.4847 | Hausdorff: 186.5663 | HD95: 35.4046 | val_loss: 0.3881 | LR: 0.001000
2025-08-21 08:02:02 INFO Epoch 023 | Train Loss: 0.4206 | Val Loss: 0.3846 | Dice: 0.4899 | softDice: 0.4240 | clDice: 0.5520 | softclDice: 0.4924 | IoU: 0.3247 | Tversky: 0.4899 | Hausdorff: 203.3733 | HD95: 31.8547 | val_loss: 0.3846 | LR: 0.001000
2025-08-21 08:03:44 INFO Epoch 024 | Train Loss: 0.4215 | Val Loss: 0.3842 | Dice: 0.4885 | softDice: 0.4228 | clDice: 0.5478 | softclDice: 0.4958 | IoU: 0.3236 | Tversky: 0.4885 | Hausdorff: 212.9000 | HD95: 39.1705 | val_loss: 0.3842 | LR: 0.001000
2025-08-21 08:05:26 INFO Epoch 025 | Train Loss: 0.4133 | Val Loss: 0.3867 | Dice: 0.4862 | softDice: 0.4149 | clDice: 0.5441 | softclDice: 0.5010 | IoU: 0.3215 | Tversky: 0.4862 | Hausdorff: 190.7753 | HD95: 33.2889 | val_loss: 0.3867 | LR: 0.001000
2025-08-21 08:07:12 INFO Epoch 026 | Train Loss: 0.4210 | Val Loss: 0.3833 | Dice: 0.4893 | softDice: 0.4213 | clDice: 0.5474 | softclDice: 0.4987 | IoU: 0.3242 | Tversky: 0.4893 | Hausdorff: 214.5665 | HD95: 36.3992 | val_loss: 0.3833 | LR: 0.001000
2025-08-21 08:08:54 INFO Epoch 027 | Train Loss: 0.4139 | Val Loss: 0.3858 | Dice: 0.4875 | softDice: 0.4250 | clDice: 0.5553 | softclDice: 0.4862 | IoU: 0.3226 | Tversky: 0.4875 | Hausdorff: 208.1813 | HD95: 36.6515 | val_loss: 0.3858 | LR: 0.001000
2025-08-21 08:10:34 INFO Epoch 028 | Train Loss: 0.4143 | Val Loss: 0.3838 | Dice: 0.4897 | softDice: 0.4212 | clDice: 0.5534 | softclDice: 0.4918 | IoU: 0.3246 | Tversky: 0.4897 | Hausdorff: 199.9302 | HD95: 37.0933 | val_loss: 0.3838 | LR: 0.001000
2025-08-21 08:12:21 INFO Epoch 029 | Train Loss: 0.4174 | Val Loss: 0.3845 | Dice: 0.4879 | softDice: 0.4204 | clDice: 0.5488 | softclDice: 0.4988 | IoU: 0.3231 | Tversky: 0.4879 | Hausdorff: 197.8242 | HD95: 35.3994 | val_loss: 0.3845 | LR: 0.001000
2025-08-21 08:14:08 INFO Epoch 030 | Train Loss: 0.4111 | Val Loss: 0.3904 | Dice: 0.4782 | softDice: 0.4162 | clDice: 0.5321 | softclDice: 0.5088 | IoU: 0.3146 | Tversky: 0.4782 | Hausdorff: 206.6279 | HD95: 36.6978 | val_loss: 0.3904 | LR: 0.001000
2025-08-21 08:15:54 INFO Epoch 031 | Train Loss: 0.4120 | Val Loss: 0.3904 | Dice: 0.4844 | softDice: 0.4115 | clDice: 0.5426 | softclDice: 0.5036 | IoU: 0.3200 | Tversky: 0.4844 | Hausdorff: 201.3809 | HD95: 38.7436 | val_loss: 0.3904 | LR: 0.001000
2025-08-21 08:17:42 INFO Epoch 032 | Train Loss: 0.4126 | Val Loss: 0.3852 | Dice: 0.4867 | softDice: 0.4273 | clDice: 0.5494 | softclDice: 0.4925 | IoU: 0.3219 | Tversky: 0.4867 | Hausdorff: 215.1279 | HD95: 36.5920 | val_loss: 0.3852 | LR: 0.000500
2025-08-21 08:19:30 INFO Epoch 033 | Train Loss: 0.4121 | Val Loss: 0.3894 | Dice: 0.4796 | softDice: 0.4212 | clDice: 0.5333 | softclDice: 0.5021 | IoU: 0.3158 | Tversky: 0.4796 | Hausdorff: 198.7639 | HD95: 32.5333 | val_loss: 0.3894 | LR: 0.000500
2025-08-21 08:21:22 INFO Epoch 034 | Train Loss: 0.4104 | Val Loss: 0.3805 | Dice: 0.4926 | softDice: 0.4339 | clDice: 0.5580 | softclDice: 0.4809 | IoU: 0.3272 | Tversky: 0.4926 | Hausdorff: 197.3016 | HD95: 32.1537 | val_loss: 0.3805 | LR: 0.000500
2025-08-21 08:23:11 INFO Epoch 035 | Train Loss: 0.4074 | Val Loss: 0.3824 | Dice: 0.4906 | softDice: 0.4257 | clDice: 0.5552 | softclDice: 0.4868 | IoU: 0.3254 | Tversky: 0.4906 | Hausdorff: 194.3378 | HD95: 32.8318 | val_loss: 0.3824 | LR: 0.000500
2025-08-21 08:24:55 INFO Epoch 036 | Train Loss: 0.4050 | Val Loss: 0.3810 | Dice: 0.4928 | softDice: 0.4310 | clDice: 0.5604 | softclDice: 0.4807 | IoU: 0.3273 | Tversky: 0.4928 | Hausdorff: 195.9412 | HD95: 34.2849 | val_loss: 0.3810 | LR: 0.000500
2025-08-21 08:26:41 INFO Epoch 037 | Train Loss: 0.4062 | Val Loss: 0.3853 | Dice: 0.4866 | softDice: 0.4326 | clDice: 0.5452 | softclDice: 0.4891 | IoU: 0.3219 | Tversky: 0.4866 | Hausdorff: 212.8202 | HD95: 33.8488 | val_loss: 0.3853 | LR: 0.000500
2025-08-21 08:28:24 INFO Epoch 038 | Train Loss: 0.4007 | Val Loss: 0.3849 | Dice: 0.4887 | softDice: 0.4270 | clDice: 0.5494 | softclDice: 0.4883 | IoU: 0.3237 | Tversky: 0.4887 | Hausdorff: 206.8237 | HD95: 31.8799 | val_loss: 0.3849 | LR: 0.000500
2025-08-21 08:30:10 INFO Epoch 039 | Train Loss: 0.4098 | Val Loss: 0.3846 | Dice: 0.4893 | softDice: 0.4280 | clDice: 0.5491 | softclDice: 0.4916 | IoU: 0.3244 | Tversky: 0.4893 | Hausdorff: 203.3350 | HD95: 31.1850 | val_loss: 0.3846 | LR: 0.000500
2025-08-21 08:31:56 INFO Epoch 040 | Train Loss: 0.4036 | Val Loss: 0.3848 | Dice: 0.4868 | softDice: 0.4312 | clDice: 0.5443 | softclDice: 0.4916 | IoU: 0.3220 | Tversky: 0.4868 | Hausdorff: 217.9557 | HD95: 32.8438 | val_loss: 0.3848 | LR: 0.000250
2025-08-21 08:33:45 INFO Epoch 041 | Train Loss: 0.4000 | Val Loss: 0.3817 | Dice: 0.4903 | softDice: 0.4281 | clDice: 0.5482 | softclDice: 0.4930 | IoU: 0.3251 | Tversky: 0.4903 | Hausdorff: 207.6266 | HD95: 32.9712 | val_loss: 0.3817 | LR: 0.000250
2025-08-21 08:35:30 INFO Epoch 042 | Train Loss: 0.3965 | Val Loss: 0.3849 | Dice: 0.4880 | softDice: 0.4331 | clDice: 0.5489 | softclDice: 0.4865 | IoU: 0.3231 | Tversky: 0.4880 | Hausdorff: 198.3558 | HD95: 36.2387 | val_loss: 0.3849 | LR: 0.000250
2025-08-21 08:37:13 INFO Epoch 043 | Train Loss: 0.3977 | Val Loss: 0.3898 | Dice: 0.4804 | softDice: 0.4247 | clDice: 0.5323 | softclDice: 0.5013 | IoU: 0.3165 | Tversky: 0.4804 | Hausdorff: 209.4024 | HD95: 35.1681 | val_loss: 0.3898 | LR: 0.000250
2025-08-21 08:38:57 INFO Epoch 044 | Train Loss: 0.3953 | Val Loss: 0.3851 | Dice: 0.4872 | softDice: 0.4307 | clDice: 0.5438 | softclDice: 0.4916 | IoU: 0.3225 | Tversky: 0.4872 | Hausdorff: 196.5199 | HD95: 36.8673 | val_loss: 0.3851 | LR: 0.000250
2025-08-21 08:40:38 INFO Epoch 045 | Train Loss: 0.3960 | Val Loss: 0.3865 | Dice: 0.4847 | softDice: 0.4314 | clDice: 0.5378 | softclDice: 0.4977 | IoU: 0.3202 | Tversky: 0.4847 | Hausdorff: 203.2599 | HD95: 32.2968 | val_loss: 0.3865 | LR: 0.000250
2025-08-21 08:42:21 INFO Epoch 046 | Train Loss: 0.3954 | Val Loss: 0.3887 | Dice: 0.4823 | softDice: 0.4275 | clDice: 0.5360 | softclDice: 0.4986 | IoU: 0.3181 | Tversky: 0.4823 | Hausdorff: 203.2798 | HD95: 32.4403 | val_loss: 0.3887 | LR: 0.000125
2025-08-21 08:44:00 INFO Epoch 047 | Train Loss: 0.3929 | Val Loss: 0.3859 | Dice: 0.4858 | softDice: 0.4317 | clDice: 0.5401 | softclDice: 0.4938 | IoU: 0.3212 | Tversky: 0.4858 | Hausdorff: 206.8689 | HD95: 33.6319 | val_loss: 0.3859 | LR: 0.000125
2025-08-21 08:45:39 INFO Epoch 048 | Train Loss: 0.3951 | Val Loss: 0.3905 | Dice: 0.4792 | softDice: 0.4266 | clDice: 0.5295 | softclDice: 0.5036 | IoU: 0.3154 | Tversky: 0.4792 | Hausdorff: 214.0736 | HD95: 37.1790 | val_loss: 0.3905 | LR: 0.000125
2025-08-21 08:47:21 INFO Epoch 049 | Train Loss: 0.3924 | Val Loss: 0.3877 | Dice: 0.4834 | softDice: 0.4281 | clDice: 0.5373 | softclDice: 0.4985 | IoU: 0.3191 | Tversky: 0.4834 | Hausdorff: 190.7237 | HD95: 34.6954 | val_loss: 0.3877 | LR: 0.000125
2025-08-21 08:48:59 INFO Epoch 050 | Train Loss: 0.3913 | Val Loss: 0.3903 | Dice: 0.4808 | softDice: 0.4288 | clDice: 0.5327 | softclDice: 0.4996 | IoU: 0.3168 | Tversky: 0.4808 | Hausdorff: 194.6925 | HD95: 33.8279 | val_loss: 0.3903 | LR: 0.000125
2025-08-21 08:50:39 INFO Epoch 051 | Train Loss: 0.3885 | Val Loss: 0.3906 | Dice: 0.4807 | softDice: 0.4300 | clDice: 0.5353 | softclDice: 0.4972 | IoU: 0.3168 | Tversky: 0.4807 | Hausdorff: 200.2065 | HD95: 33.8798 | val_loss: 0.3906 | LR: 0.000125
2025-08-21 08:52:19 INFO Epoch 052 | Train Loss: 0.3902 | Val Loss: 0.3890 | Dice: 0.4829 | softDice: 0.4328 | clDice: 0.5355 | softclDice: 0.4954 | IoU: 0.3187 | Tversky: 0.4829 | Hausdorff: 198.4920 | HD95: 32.8356 | val_loss: 0.3890 | LR: 0.000063
2025-08-21 08:53:55 INFO Epoch 053 | Train Loss: 0.3866 | Val Loss: 0.3903 | Dice: 0.4810 | softDice: 0.4295 | clDice: 0.5321 | softclDice: 0.5014 | IoU: 0.3171 | Tversky: 0.4810 | Hausdorff: 205.5509 | HD95: 32.5473 | val_loss: 0.3903 | LR: 0.000063
2025-08-21 08:55:37 INFO Epoch 054 | Train Loss: 0.3838 | Val Loss: 0.3922 | Dice: 0.4794 | softDice: 0.4295 | clDice: 0.5303 | softclDice: 0.5009 | IoU: 0.3157 | Tversky: 0.4794 | Hausdorff: 203.9842 | HD95: 32.8239 | val_loss: 0.3922 | LR: 0.000063
2025-08-21 08:57:20 INFO Early stopping at epoch 55 | Best Dice: 0.4928 at epoch 1
2025-08-21 08:58:05 INFO Fold 5 results: Dice: 0.4928 | softDice: 0.4310 | clDice: 0.5604 | softclDice: 0.4807 | IoU: 0.3273 | Tversky: 0.4928 | Hausdorff: 195.9412 | HD95: 34.2849 | val_loss: 0.3810
2025-08-21 08:58:05 INFO ===== Cross-validation results =====
2025-08-21 08:58:05 INFO Dice: 0.4945 | softDice: 0.4340 | clDice: 0.5560 | softclDice: 0.4838 | IoU: 0.3290 | Tversky: 0.4945 | Hausdorff: 260.3341 | HD95: 30.9802 | val_loss: 0.3866
