2025-08-21 01:09:25 INFO Starting training with configuration: {'model': {'name': 'unet', 'encoder_name': 'se_resnext50_32x4d', 'encoder_weights': 'imagenet', 'classes': 1, 'activation': None, 'dropout': 0.2}, 'dataset': {'root': '/data/smadper@alumno.upv.es/TFM/datasets/laticifers', 'patch_size': [512, 512], 'stride': [256, 256], 'num_patches': 50, 'num_workers': 4, 'feature_dirs': {'image': '/data/smadper@alumno.upv.es/TFM/datasets/laticifers/enhanced_images', 'mask': '/data/smadper@alumno.upv.es/TFM/datasets/laticifers/masks', 'distance': '/data/smadper@alumno.upv.es/TFM/datasets/laticifers/distance_maps_pt'}}, 'train': {'batch_size': 32, 'num_epochs': 70, 'learning_rate': 0.001, 'accumulation_steps': 1, 'save_dir': '/data/smadper@alumno.upv.es/TFM/checkpoints_cv2/unet/20250821_010925_unet_se_resnext50_32x4d_bce0.5_ftversky0.5_a0.3_b0.7_g0.75', 'log_interval': 1, 'patience': 20, 'mixed_precision': True, 'experiment_name': 'unet_se_resnext50_32x4d_bce0.5_ftversky0.5_a0.3_b0.7_g0.75', 'timestamp': '20250821_010925'}, 'test': {'batch_size': 1}, 'loss': {'name': 'bce', 'cldice_alpha': 0.2, 'tversky_alpha': 0.3, 'tversky_beta': 0.7, 'focal_tversky_gamma': 0.75, 'use_topographic': False, 'combine_with': 'focal_tversky', 'weights': {'main': 0.5, 'combined': 0.5}, 'topo': {'alpha': 2.0, 'beta': 1.0}}}
2025-08-21 01:09:25 INFO Experiment name: unet_se_resnext50_32x4d_bce0.5_ftversky0.5_a0.3_b0.7_g0.75
2025-08-21 01:09:25 INFO ===== Fold 1 / 5 =====
2025-08-21 01:09:25 INFO Loading model unet with settings {'name': 'unet', 'encoder_name': 'se_resnext50_32x4d', 'encoder_weights': 'imagenet', 'classes': 1, 'activation': None, 'dropout': 0.2}
2025-08-21 01:11:12 INFO Epoch 001 | Train Loss: 0.6490 | Val Loss: 7.0346 | Dice: 0.3270 | softDice: 0.1855 | clDice: 0.3407 | softclDice: 0.8383 | IoU: 0.1972 | Tversky: 0.3270 | Hausdorff: 845.4173 | HD95: 505.5449 | val_loss: 7.0346 | LR: 0.001000
2025-08-21 01:12:54 INFO Epoch 002 | Train Loss: 0.4632 | Val Loss: 0.4291 | Dice: 0.4285 | softDice: 0.3106 | clDice: 0.4748 | softclDice: 0.6698 | IoU: 0.2730 | Tversky: 0.4285 | Hausdorff: 238.2204 | HD95: 69.3386 | val_loss: 0.4291 | LR: 0.001000
2025-08-21 01:14:34 INFO Epoch 003 | Train Loss: 0.4236 | Val Loss: 0.3967 | Dice: 0.4552 | softDice: 0.3758 | clDice: 0.5085 | softclDice: 0.5947 | IoU: 0.2950 | Tversky: 0.4552 | Hausdorff: 236.3139 | HD95: 45.1061 | val_loss: 0.3967 | LR: 0.001000
2025-08-21 01:16:17 INFO Epoch 004 | Train Loss: 0.4147 | Val Loss: 0.3892 | Dice: 0.4570 | softDice: 0.3954 | clDice: 0.5198 | softclDice: 0.5593 | IoU: 0.2963 | Tversky: 0.4570 | Hausdorff: 286.1748 | HD95: 49.9684 | val_loss: 0.3892 | LR: 0.001000
2025-08-21 01:17:58 INFO Epoch 005 | Train Loss: 0.4076 | Val Loss: 0.3862 | Dice: 0.4639 | softDice: 0.3943 | clDice: 0.5329 | softclDice: 0.5526 | IoU: 0.3021 | Tversky: 0.4639 | Hausdorff: 421.4761 | HD95: 50.4002 | val_loss: 0.3862 | LR: 0.001000
2025-08-21 01:19:40 INFO Epoch 006 | Train Loss: 0.4022 | Val Loss: 0.3821 | Dice: 0.4652 | softDice: 0.4107 | clDice: 0.5395 | softclDice: 0.5277 | IoU: 0.3033 | Tversky: 0.4652 | Hausdorff: 256.5425 | HD95: 44.8057 | val_loss: 0.3821 | LR: 0.001000
2025-08-21 01:21:21 INFO Epoch 007 | Train Loss: 0.4007 | Val Loss: 0.3735 | Dice: 0.4788 | softDice: 0.4243 | clDice: 0.5452 | softclDice: 0.5164 | IoU: 0.3150 | Tversky: 0.4788 | Hausdorff: 390.5314 | HD95: 39.3543 | val_loss: 0.3735 | LR: 0.001000
2025-08-21 01:23:02 INFO Epoch 008 | Train Loss: 0.4001 | Val Loss: 0.3797 | Dice: 0.4657 | softDice: 0.4086 | clDice: 0.5323 | softclDice: 0.5291 | IoU: 0.3037 | Tversky: 0.4657 | Hausdorff: 375.7244 | HD95: 39.9428 | val_loss: 0.3797 | LR: 0.001000
2025-08-21 01:24:42 INFO Epoch 009 | Train Loss: 0.4000 | Val Loss: 0.3806 | Dice: 0.4760 | softDice: 0.4225 | clDice: 0.5324 | softclDice: 0.5168 | IoU: 0.3126 | Tversky: 0.4760 | Hausdorff: 311.7348 | HD95: 43.4122 | val_loss: 0.3806 | LR: 0.001000
2025-08-21 01:26:22 INFO Epoch 010 | Train Loss: 0.3970 | Val Loss: 0.3761 | Dice: 0.4711 | softDice: 0.4175 | clDice: 0.5359 | softclDice: 0.5180 | IoU: 0.3083 | Tversky: 0.4711 | Hausdorff: 385.8958 | HD95: 39.3036 | val_loss: 0.3761 | LR: 0.001000
2025-08-21 01:28:02 INFO Epoch 011 | Train Loss: 0.3958 | Val Loss: 0.3692 | Dice: 0.4809 | softDice: 0.4335 | clDice: 0.5513 | softclDice: 0.4973 | IoU: 0.3168 | Tversky: 0.4809 | Hausdorff: 282.0879 | HD95: 39.1041 | val_loss: 0.3692 | LR: 0.001000
2025-08-21 01:29:43 INFO Epoch 012 | Train Loss: 0.3928 | Val Loss: 0.3717 | Dice: 0.4775 | softDice: 0.4247 | clDice: 0.5453 | softclDice: 0.5062 | IoU: 0.3138 | Tversky: 0.4775 | Hausdorff: 252.6371 | HD95: 41.5267 | val_loss: 0.3717 | LR: 0.001000
2025-08-21 01:31:22 INFO Epoch 013 | Train Loss: 0.3954 | Val Loss: 0.3709 | Dice: 0.4779 | softDice: 0.4274 | clDice: 0.5461 | softclDice: 0.5068 | IoU: 0.3142 | Tversky: 0.4779 | Hausdorff: 237.4253 | HD95: 40.2154 | val_loss: 0.3709 | LR: 0.001000
2025-08-21 01:33:03 INFO Epoch 014 | Train Loss: 0.3908 | Val Loss: 0.3672 | Dice: 0.4825 | softDice: 0.4338 | clDice: 0.5525 | softclDice: 0.4938 | IoU: 0.3182 | Tversky: 0.4825 | Hausdorff: 283.3288 | HD95: 36.0869 | val_loss: 0.3672 | LR: 0.001000
2025-08-21 01:34:43 INFO Epoch 015 | Train Loss: 0.3932 | Val Loss: 0.3718 | Dice: 0.4772 | softDice: 0.4206 | clDice: 0.5413 | softclDice: 0.5122 | IoU: 0.3136 | Tversky: 0.4772 | Hausdorff: 430.9971 | HD95: 38.9529 | val_loss: 0.3718 | LR: 0.001000
2025-08-21 01:36:22 INFO Epoch 016 | Train Loss: 0.3915 | Val Loss: 0.3747 | Dice: 0.4715 | softDice: 0.4242 | clDice: 0.5289 | softclDice: 0.5134 | IoU: 0.3087 | Tversky: 0.4715 | Hausdorff: 246.2976 | HD95: 38.3279 | val_loss: 0.3747 | LR: 0.001000
2025-08-21 01:38:02 INFO Epoch 017 | Train Loss: 0.3901 | Val Loss: 0.3671 | Dice: 0.4840 | softDice: 0.4365 | clDice: 0.5546 | softclDice: 0.4897 | IoU: 0.3195 | Tversky: 0.4840 | Hausdorff: 239.7633 | HD95: 36.5545 | val_loss: 0.3671 | LR: 0.001000
2025-08-21 01:39:41 INFO Epoch 018 | Train Loss: 0.3923 | Val Loss: 0.3699 | Dice: 0.4796 | softDice: 0.4287 | clDice: 0.5482 | softclDice: 0.4987 | IoU: 0.3157 | Tversky: 0.4796 | Hausdorff: 277.6361 | HD95: 35.4921 | val_loss: 0.3699 | LR: 0.001000
2025-08-21 01:41:20 INFO Epoch 019 | Train Loss: 0.3899 | Val Loss: 0.3675 | Dice: 0.4859 | softDice: 0.4296 | clDice: 0.5471 | softclDice: 0.4974 | IoU: 0.3211 | Tversky: 0.4859 | Hausdorff: 243.6171 | HD95: 35.5524 | val_loss: 0.3675 | LR: 0.001000
2025-08-21 01:42:59 INFO Epoch 020 | Train Loss: 0.3901 | Val Loss: 0.3760 | Dice: 0.4657 | softDice: 0.4223 | clDice: 0.5314 | softclDice: 0.5176 | IoU: 0.3038 | Tversky: 0.4657 | Hausdorff: 244.0917 | HD95: 39.5985 | val_loss: 0.3760 | LR: 0.001000
2025-08-21 01:44:38 INFO Epoch 021 | Train Loss: 0.3909 | Val Loss: 0.3718 | Dice: 0.4770 | softDice: 0.4237 | clDice: 0.5386 | softclDice: 0.5119 | IoU: 0.3134 | Tversky: 0.4770 | Hausdorff: 249.0014 | HD95: 42.6788 | val_loss: 0.3718 | LR: 0.001000
2025-08-21 01:46:18 INFO Epoch 022 | Train Loss: 0.3916 | Val Loss: 0.3736 | Dice: 0.4721 | softDice: 0.4287 | clDice: 0.5342 | softclDice: 0.5057 | IoU: 0.3093 | Tversky: 0.4721 | Hausdorff: 235.2880 | HD95: 34.1840 | val_loss: 0.3736 | LR: 0.001000
2025-08-21 01:47:55 INFO Epoch 023 | Train Loss: 0.3875 | Val Loss: 0.3683 | Dice: 0.4793 | softDice: 0.4338 | clDice: 0.5533 | softclDice: 0.4914 | IoU: 0.3153 | Tversky: 0.4793 | Hausdorff: 243.5955 | HD95: 38.6710 | val_loss: 0.3683 | LR: 0.000500
2025-08-21 01:49:34 INFO Epoch 024 | Train Loss: 0.3866 | Val Loss: 0.3653 | Dice: 0.4857 | softDice: 0.4371 | clDice: 0.5529 | softclDice: 0.4903 | IoU: 0.3210 | Tversky: 0.4857 | Hausdorff: 247.9969 | HD95: 32.7607 | val_loss: 0.3653 | LR: 0.000500
2025-08-21 01:51:13 INFO Epoch 025 | Train Loss: 0.3841 | Val Loss: 0.3681 | Dice: 0.4817 | softDice: 0.4349 | clDice: 0.5480 | softclDice: 0.4951 | IoU: 0.3176 | Tversky: 0.4817 | Hausdorff: 247.2173 | HD95: 34.8066 | val_loss: 0.3681 | LR: 0.000500
2025-08-21 01:52:53 INFO Epoch 026 | Train Loss: 0.3841 | Val Loss: 0.3703 | Dice: 0.4771 | softDice: 0.4305 | clDice: 0.5387 | softclDice: 0.5010 | IoU: 0.3136 | Tversky: 0.4771 | Hausdorff: 238.8728 | HD95: 33.1505 | val_loss: 0.3703 | LR: 0.000500
2025-08-21 01:54:34 INFO Epoch 027 | Train Loss: 0.3849 | Val Loss: 0.3652 | Dice: 0.4865 | softDice: 0.4421 | clDice: 0.5488 | softclDice: 0.4905 | IoU: 0.3217 | Tversky: 0.4865 | Hausdorff: 239.3220 | HD95: 33.2600 | val_loss: 0.3652 | LR: 0.000500
2025-08-21 01:56:12 INFO Epoch 028 | Train Loss: 0.3834 | Val Loss: 0.3669 | Dice: 0.4829 | softDice: 0.4336 | clDice: 0.5500 | softclDice: 0.4938 | IoU: 0.3185 | Tversky: 0.4829 | Hausdorff: 228.2998 | HD95: 32.7710 | val_loss: 0.3669 | LR: 0.000500
2025-08-21 01:57:52 INFO Epoch 029 | Train Loss: 0.3823 | Val Loss: 0.3661 | Dice: 0.4862 | softDice: 0.4403 | clDice: 0.5523 | softclDice: 0.4873 | IoU: 0.3215 | Tversky: 0.4862 | Hausdorff: 234.0285 | HD95: 33.3817 | val_loss: 0.3661 | LR: 0.000500
2025-08-21 01:59:30 INFO Epoch 030 | Train Loss: 0.3841 | Val Loss: 0.3664 | Dice: 0.4839 | softDice: 0.4393 | clDice: 0.5496 | softclDice: 0.4874 | IoU: 0.3194 | Tversky: 0.4839 | Hausdorff: 238.2919 | HD95: 33.5539 | val_loss: 0.3664 | LR: 0.000500
2025-08-21 02:01:09 INFO Epoch 031 | Train Loss: 0.3814 | Val Loss: 0.3666 | Dice: 0.4864 | softDice: 0.4414 | clDice: 0.5507 | softclDice: 0.4870 | IoU: 0.3217 | Tversky: 0.4864 | Hausdorff: 231.6082 | HD95: 34.6917 | val_loss: 0.3666 | LR: 0.000500
2025-08-21 02:02:47 INFO Epoch 032 | Train Loss: 0.3793 | Val Loss: 0.3674 | Dice: 0.4843 | softDice: 0.4418 | clDice: 0.5448 | softclDice: 0.4900 | IoU: 0.3198 | Tversky: 0.4843 | Hausdorff: 232.9929 | HD95: 33.4951 | val_loss: 0.3674 | LR: 0.000500
2025-08-21 02:04:26 INFO Epoch 033 | Train Loss: 0.3848 | Val Loss: 0.3688 | Dice: 0.4809 | softDice: 0.4340 | clDice: 0.5399 | softclDice: 0.4987 | IoU: 0.3168 | Tversky: 0.4809 | Hausdorff: 242.0727 | HD95: 33.1960 | val_loss: 0.3688 | LR: 0.000250
2025-08-21 02:06:06 INFO Epoch 034 | Train Loss: 0.3784 | Val Loss: 0.3649 | Dice: 0.4862 | softDice: 0.4404 | clDice: 0.5490 | softclDice: 0.4911 | IoU: 0.3215 | Tversky: 0.4862 | Hausdorff: 227.6668 | HD95: 32.6405 | val_loss: 0.3649 | LR: 0.000250
2025-08-21 02:07:45 INFO Epoch 035 | Train Loss: 0.3794 | Val Loss: 0.3632 | Dice: 0.4901 | softDice: 0.4440 | clDice: 0.5542 | softclDice: 0.4850 | IoU: 0.3249 | Tversky: 0.4901 | Hausdorff: 233.8740 | HD95: 31.4981 | val_loss: 0.3632 | LR: 0.000250
2025-08-21 02:09:25 INFO Epoch 036 | Train Loss: 0.3775 | Val Loss: 0.3662 | Dice: 0.4873 | softDice: 0.4377 | clDice: 0.5467 | softclDice: 0.4954 | IoU: 0.3225 | Tversky: 0.4873 | Hausdorff: 239.4950 | HD95: 31.5697 | val_loss: 0.3662 | LR: 0.000250
2025-08-21 02:11:03 INFO Epoch 037 | Train Loss: 0.3785 | Val Loss: 0.3671 | Dice: 0.4820 | softDice: 0.4382 | clDice: 0.5466 | softclDice: 0.4924 | IoU: 0.3178 | Tversky: 0.4820 | Hausdorff: 225.1076 | HD95: 31.6437 | val_loss: 0.3671 | LR: 0.000250
2025-08-21 02:12:41 INFO Epoch 038 | Train Loss: 0.3777 | Val Loss: 0.3650 | Dice: 0.4869 | softDice: 0.4436 | clDice: 0.5443 | softclDice: 0.4904 | IoU: 0.3221 | Tversky: 0.4869 | Hausdorff: 229.0786 | HD95: 30.9138 | val_loss: 0.3650 | LR: 0.000250
2025-08-21 02:14:20 INFO Epoch 039 | Train Loss: 0.3754 | Val Loss: 0.3651 | Dice: 0.4871 | softDice: 0.4423 | clDice: 0.5488 | softclDice: 0.4879 | IoU: 0.3223 | Tversky: 0.4871 | Hausdorff: 233.3972 | HD95: 31.4272 | val_loss: 0.3651 | LR: 0.000250
2025-08-21 02:15:58 INFO Epoch 040 | Train Loss: 0.3768 | Val Loss: 0.3635 | Dice: 0.4895 | softDice: 0.4418 | clDice: 0.5572 | softclDice: 0.4858 | IoU: 0.3243 | Tversky: 0.4895 | Hausdorff: 223.4351 | HD95: 33.1024 | val_loss: 0.3635 | LR: 0.000250
2025-08-21 02:17:39 INFO Epoch 041 | Train Loss: 0.3748 | Val Loss: 0.3658 | Dice: 0.4854 | softDice: 0.4392 | clDice: 0.5528 | softclDice: 0.4870 | IoU: 0.3208 | Tversky: 0.4854 | Hausdorff: 228.9651 | HD95: 31.9881 | val_loss: 0.3658 | LR: 0.000125
2025-08-21 02:19:16 INFO Epoch 042 | Train Loss: 0.3763 | Val Loss: 0.3639 | Dice: 0.4892 | softDice: 0.4439 | clDice: 0.5539 | softclDice: 0.4857 | IoU: 0.3241 | Tversky: 0.4892 | Hausdorff: 229.5044 | HD95: 32.4128 | val_loss: 0.3639 | LR: 0.000125
2025-08-21 02:20:55 INFO Epoch 043 | Train Loss: 0.3741 | Val Loss: 0.3645 | Dice: 0.4882 | softDice: 0.4452 | clDice: 0.5503 | softclDice: 0.4864 | IoU: 0.3233 | Tversky: 0.4882 | Hausdorff: 226.5321 | HD95: 31.0683 | val_loss: 0.3645 | LR: 0.000125
2025-08-21 02:22:35 INFO Epoch 044 | Train Loss: 0.3754 | Val Loss: 0.3659 | Dice: 0.4868 | softDice: 0.4440 | clDice: 0.5467 | softclDice: 0.4904 | IoU: 0.3220 | Tversky: 0.4868 | Hausdorff: 227.2746 | HD95: 32.1024 | val_loss: 0.3659 | LR: 0.000125
2025-08-21 02:24:13 INFO Epoch 045 | Train Loss: 0.3753 | Val Loss: 0.3650 | Dice: 0.4872 | softDice: 0.4418 | clDice: 0.5505 | softclDice: 0.4890 | IoU: 0.3223 | Tversky: 0.4872 | Hausdorff: 223.0069 | HD95: 31.4270 | val_loss: 0.3650 | LR: 0.000125
2025-08-21 02:25:51 INFO Epoch 046 | Train Loss: 0.3728 | Val Loss: 0.3671 | Dice: 0.4845 | softDice: 0.4407 | clDice: 0.5434 | softclDice: 0.4944 | IoU: 0.3200 | Tversky: 0.4845 | Hausdorff: 224.7785 | HD95: 31.7296 | val_loss: 0.3671 | LR: 0.000125
2025-08-21 02:27:31 INFO Epoch 047 | Train Loss: 0.3725 | Val Loss: 0.3672 | Dice: 0.4838 | softDice: 0.4409 | clDice: 0.5453 | softclDice: 0.4908 | IoU: 0.3194 | Tversky: 0.4838 | Hausdorff: 217.4280 | HD95: 33.3453 | val_loss: 0.3672 | LR: 0.000063
2025-08-21 02:29:08 INFO Epoch 048 | Train Loss: 0.3703 | Val Loss: 0.3663 | Dice: 0.4850 | softDice: 0.4431 | clDice: 0.5457 | softclDice: 0.4892 | IoU: 0.3204 | Tversky: 0.4850 | Hausdorff: 233.0868 | HD95: 30.7509 | val_loss: 0.3663 | LR: 0.000063
2025-08-21 02:30:45 INFO Epoch 049 | Train Loss: 0.3694 | Val Loss: 0.3663 | Dice: 0.4857 | softDice: 0.4415 | clDice: 0.5477 | softclDice: 0.4897 | IoU: 0.3210 | Tversky: 0.4857 | Hausdorff: 235.4181 | HD95: 32.0068 | val_loss: 0.3663 | LR: 0.000063
2025-08-21 02:32:23 INFO Epoch 050 | Train Loss: 0.3723 | Val Loss: 0.3665 | Dice: 0.4852 | softDice: 0.4414 | clDice: 0.5473 | softclDice: 0.4901 | IoU: 0.3207 | Tversky: 0.4852 | Hausdorff: 223.5434 | HD95: 31.1000 | val_loss: 0.3665 | LR: 0.000063
2025-08-21 02:34:02 INFO Epoch 051 | Train Loss: 0.3708 | Val Loss: 0.3678 | Dice: 0.4825 | softDice: 0.4385 | clDice: 0.5427 | softclDice: 0.4949 | IoU: 0.3182 | Tversky: 0.4825 | Hausdorff: 232.1672 | HD95: 31.9427 | val_loss: 0.3678 | LR: 0.000063
2025-08-21 02:35:39 INFO Epoch 052 | Train Loss: 0.3720 | Val Loss: 0.3662 | Dice: 0.4861 | softDice: 0.4405 | clDice: 0.5498 | softclDice: 0.4895 | IoU: 0.3214 | Tversky: 0.4861 | Hausdorff: 230.6513 | HD95: 31.9727 | val_loss: 0.3662 | LR: 0.000063
2025-08-21 02:37:17 INFO Epoch 053 | Train Loss: 0.3671 | Val Loss: 0.3651 | Dice: 0.4884 | softDice: 0.4461 | clDice: 0.5498 | softclDice: 0.4888 | IoU: 0.3234 | Tversky: 0.4884 | Hausdorff: 221.6064 | HD95: 31.9955 | val_loss: 0.3651 | LR: 0.000031
2025-08-21 02:38:56 INFO Epoch 054 | Train Loss: 0.3708 | Val Loss: 0.3661 | Dice: 0.4865 | softDice: 0.4438 | clDice: 0.5478 | softclDice: 0.4899 | IoU: 0.3218 | Tversky: 0.4865 | Hausdorff: 222.0013 | HD95: 31.9598 | val_loss: 0.3661 | LR: 0.000031
2025-08-21 02:40:33 INFO Early stopping at epoch 55 | Best Dice: 0.4901 at epoch 1
2025-08-21 02:41:22 INFO Fold 1 results: Dice: 0.4901 | softDice: 0.4440 | clDice: 0.5542 | softclDice: 0.4850 | IoU: 0.3249 | Tversky: 0.4901 | Hausdorff: 233.8740 | HD95: 31.4981 | val_loss: 0.3632
2025-08-21 02:41:22 INFO ===== Fold 2 / 5 =====
2025-08-21 02:41:22 INFO Loading model unet with settings {'name': 'unet', 'encoder_name': 'se_resnext50_32x4d', 'encoder_weights': 'imagenet', 'classes': 1, 'activation': None, 'dropout': 0.2}
2025-08-21 02:43:02 INFO Epoch 001 | Train Loss: 0.5675 | Val Loss: 0.4651 | Dice: 0.4091 | softDice: 0.2660 | clDice: 0.4590 | softclDice: 0.6926 | IoU: 0.2578 | Tversky: 0.4091 | Hausdorff: 347.8328 | HD95: 95.9339 | val_loss: 0.4651 | LR: 0.001000
2025-08-21 02:44:44 INFO Epoch 002 | Train Loss: 0.4392 | Val Loss: 0.4099 | Dice: 0.4586 | softDice: 0.3723 | clDice: 0.5234 | softclDice: 0.5593 | IoU: 0.2979 | Tversky: 0.4586 | Hausdorff: 312.6212 | HD95: 45.3146 | val_loss: 0.4099 | LR: 0.001000
2025-08-21 02:46:26 INFO Epoch 003 | Train Loss: 0.4149 | Val Loss: 0.3933 | Dice: 0.4658 | softDice: 0.4011 | clDice: 0.5231 | softclDice: 0.5310 | IoU: 0.3040 | Tversky: 0.4658 | Hausdorff: 319.1767 | HD95: 46.4107 | val_loss: 0.3933 | LR: 0.001000
2025-08-21 02:48:05 INFO Epoch 004 | Train Loss: 0.4075 | Val Loss: 0.3868 | Dice: 0.4760 | softDice: 0.4103 | clDice: 0.5291 | softclDice: 0.5183 | IoU: 0.3128 | Tversky: 0.4760 | Hausdorff: 306.1486 | HD95: 32.4189 | val_loss: 0.3868 | LR: 0.001000
2025-08-21 02:49:46 INFO Epoch 005 | Train Loss: 0.4046 | Val Loss: 0.3843 | Dice: 0.4742 | softDice: 0.4153 | clDice: 0.5417 | softclDice: 0.5106 | IoU: 0.3111 | Tversky: 0.4742 | Hausdorff: 293.6441 | HD95: 34.7402 | val_loss: 0.3843 | LR: 0.001000
2025-08-21 02:51:26 INFO Epoch 006 | Train Loss: 0.4000 | Val Loss: 0.3785 | Dice: 0.4818 | softDice: 0.4291 | clDice: 0.5443 | softclDice: 0.4982 | IoU: 0.3178 | Tversky: 0.4818 | Hausdorff: 303.3407 | HD95: 33.3054 | val_loss: 0.3785 | LR: 0.001000
2025-08-21 02:53:06 INFO Epoch 007 | Train Loss: 0.4004 | Val Loss: 0.3812 | Dice: 0.4765 | softDice: 0.4264 | clDice: 0.5458 | softclDice: 0.4957 | IoU: 0.3129 | Tversky: 0.4765 | Hausdorff: 288.8939 | HD95: 37.1223 | val_loss: 0.3812 | LR: 0.001000
2025-08-21 02:54:46 INFO Epoch 008 | Train Loss: 0.4001 | Val Loss: 0.3746 | Dice: 0.4869 | softDice: 0.4312 | clDice: 0.5495 | softclDice: 0.4898 | IoU: 0.3222 | Tversky: 0.4869 | Hausdorff: 293.5258 | HD95: 30.7864 | val_loss: 0.3746 | LR: 0.001000
2025-08-21 02:56:24 INFO Epoch 009 | Train Loss: 0.3973 | Val Loss: 0.3780 | Dice: 0.4818 | softDice: 0.4343 | clDice: 0.5368 | softclDice: 0.4972 | IoU: 0.3178 | Tversky: 0.4818 | Hausdorff: 296.6100 | HD95: 34.3212 | val_loss: 0.3780 | LR: 0.001000
2025-08-21 02:58:05 INFO Epoch 010 | Train Loss: 0.3931 | Val Loss: 0.3760 | Dice: 0.4817 | softDice: 0.4294 | clDice: 0.5506 | softclDice: 0.4914 | IoU: 0.3176 | Tversky: 0.4817 | Hausdorff: 301.0461 | HD95: 34.5701 | val_loss: 0.3760 | LR: 0.001000
2025-08-21 02:59:46 INFO Epoch 011 | Train Loss: 0.3945 | Val Loss: 0.3785 | Dice: 0.4801 | softDice: 0.4259 | clDice: 0.5463 | softclDice: 0.4956 | IoU: 0.3162 | Tversky: 0.4801 | Hausdorff: 304.1168 | HD95: 32.1692 | val_loss: 0.3785 | LR: 0.001000
2025-08-21 03:01:27 INFO Epoch 012 | Train Loss: 0.3930 | Val Loss: 0.3762 | Dice: 0.4797 | softDice: 0.4345 | clDice: 0.5455 | softclDice: 0.4896 | IoU: 0.3159 | Tversky: 0.4797 | Hausdorff: 298.0906 | HD95: 30.1132 | val_loss: 0.3762 | LR: 0.001000
2025-08-21 03:03:08 INFO Epoch 013 | Train Loss: 0.3918 | Val Loss: 0.3733 | Dice: 0.4852 | softDice: 0.4343 | clDice: 0.5518 | softclDice: 0.4828 | IoU: 0.3207 | Tversky: 0.4852 | Hausdorff: 308.5666 | HD95: 28.6551 | val_loss: 0.3733 | LR: 0.001000
2025-08-21 03:04:48 INFO Epoch 014 | Train Loss: 0.3943 | Val Loss: 0.3753 | Dice: 0.4845 | softDice: 0.4350 | clDice: 0.5448 | softclDice: 0.4906 | IoU: 0.3200 | Tversky: 0.4845 | Hausdorff: 279.9201 | HD95: 33.2446 | val_loss: 0.3753 | LR: 0.001000
2025-08-21 03:06:28 INFO Epoch 015 | Train Loss: 0.3903 | Val Loss: 0.3759 | Dice: 0.4786 | softDice: 0.4349 | clDice: 0.5493 | softclDice: 0.4844 | IoU: 0.3149 | Tversky: 0.4786 | Hausdorff: 314.5265 | HD95: 32.3859 | val_loss: 0.3759 | LR: 0.001000
2025-08-21 03:08:08 INFO Epoch 016 | Train Loss: 0.3904 | Val Loss: 0.3712 | Dice: 0.4890 | softDice: 0.4427 | clDice: 0.5487 | softclDice: 0.4826 | IoU: 0.3241 | Tversky: 0.4890 | Hausdorff: 301.5769 | HD95: 30.6357 | val_loss: 0.3712 | LR: 0.001000
2025-08-21 03:09:50 INFO Epoch 017 | Train Loss: 0.3885 | Val Loss: 0.3752 | Dice: 0.4846 | softDice: 0.4396 | clDice: 0.5396 | softclDice: 0.4916 | IoU: 0.3203 | Tversky: 0.4846 | Hausdorff: 301.7483 | HD95: 30.6811 | val_loss: 0.3752 | LR: 0.001000
2025-08-21 03:11:30 INFO Epoch 018 | Train Loss: 0.3882 | Val Loss: 0.3724 | Dice: 0.4878 | softDice: 0.4413 | clDice: 0.5484 | softclDice: 0.4860 | IoU: 0.3230 | Tversky: 0.4878 | Hausdorff: 318.2604 | HD95: 28.8064 | val_loss: 0.3724 | LR: 0.001000
2025-08-21 03:13:10 INFO Epoch 019 | Train Loss: 0.3870 | Val Loss: 0.3724 | Dice: 0.4899 | softDice: 0.4412 | clDice: 0.5460 | softclDice: 0.4866 | IoU: 0.3249 | Tversky: 0.4899 | Hausdorff: 283.7018 | HD95: 33.6026 | val_loss: 0.3724 | LR: 0.001000
2025-08-21 03:14:52 INFO Epoch 020 | Train Loss: 0.3882 | Val Loss: 0.3742 | Dice: 0.4878 | softDice: 0.4404 | clDice: 0.5535 | softclDice: 0.4801 | IoU: 0.3229 | Tversky: 0.4878 | Hausdorff: 337.0204 | HD95: 31.8530 | val_loss: 0.3742 | LR: 0.001000
2025-08-21 03:16:29 INFO Epoch 021 | Train Loss: 0.3869 | Val Loss: 0.3741 | Dice: 0.4839 | softDice: 0.4421 | clDice: 0.5400 | softclDice: 0.4883 | IoU: 0.3197 | Tversky: 0.4839 | Hausdorff: 299.2348 | HD95: 33.8161 | val_loss: 0.3741 | LR: 0.001000
2025-08-21 03:18:08 INFO Epoch 022 | Train Loss: 0.3905 | Val Loss: 0.3710 | Dice: 0.4887 | softDice: 0.4411 | clDice: 0.5506 | softclDice: 0.4813 | IoU: 0.3237 | Tversky: 0.4887 | Hausdorff: 311.4151 | HD95: 28.2982 | val_loss: 0.3710 | LR: 0.001000
2025-08-21 03:19:47 INFO Epoch 023 | Train Loss: 0.3857 | Val Loss: 0.3734 | Dice: 0.4860 | softDice: 0.4400 | clDice: 0.5467 | softclDice: 0.4843 | IoU: 0.3214 | Tversky: 0.4860 | Hausdorff: 304.5759 | HD95: 31.6224 | val_loss: 0.3734 | LR: 0.001000
2025-08-21 03:21:26 INFO Epoch 024 | Train Loss: 0.3885 | Val Loss: 0.3748 | Dice: 0.4823 | softDice: 0.4354 | clDice: 0.5451 | softclDice: 0.4891 | IoU: 0.3182 | Tversky: 0.4823 | Hausdorff: 305.0228 | HD95: 33.6750 | val_loss: 0.3748 | LR: 0.001000
2025-08-21 03:23:06 INFO Epoch 025 | Train Loss: 0.3846 | Val Loss: 0.3736 | Dice: 0.4843 | softDice: 0.4409 | clDice: 0.5463 | softclDice: 0.4840 | IoU: 0.3199 | Tversky: 0.4843 | Hausdorff: 278.5942 | HD95: 33.5529 | val_loss: 0.3736 | LR: 0.001000
2025-08-21 03:24:45 INFO Epoch 026 | Train Loss: 0.3862 | Val Loss: 0.3732 | Dice: 0.4851 | softDice: 0.4447 | clDice: 0.5465 | softclDice: 0.4830 | IoU: 0.3206 | Tversky: 0.4851 | Hausdorff: 266.0359 | HD95: 35.3939 | val_loss: 0.3732 | LR: 0.001000
2025-08-21 03:26:25 INFO Epoch 027 | Train Loss: 0.3837 | Val Loss: 0.3768 | Dice: 0.4807 | softDice: 0.4374 | clDice: 0.5350 | softclDice: 0.4928 | IoU: 0.3169 | Tversky: 0.4807 | Hausdorff: 277.4894 | HD95: 41.7774 | val_loss: 0.3768 | LR: 0.001000
2025-08-21 03:28:06 INFO Epoch 028 | Train Loss: 0.3833 | Val Loss: 0.3711 | Dice: 0.4899 | softDice: 0.4524 | clDice: 0.5490 | softclDice: 0.4794 | IoU: 0.3248 | Tversky: 0.4899 | Hausdorff: 302.9272 | HD95: 30.2935 | val_loss: 0.3711 | LR: 0.000500
2025-08-21 03:29:46 INFO Epoch 029 | Train Loss: 0.3810 | Val Loss: 0.3702 | Dice: 0.4899 | softDice: 0.4458 | clDice: 0.5517 | softclDice: 0.4812 | IoU: 0.3248 | Tversky: 0.4899 | Hausdorff: 302.4926 | HD95: 30.3346 | val_loss: 0.3702 | LR: 0.000500
2025-08-21 03:31:26 INFO Epoch 030 | Train Loss: 0.3817 | Val Loss: 0.3669 | Dice: 0.4943 | softDice: 0.4488 | clDice: 0.5607 | softclDice: 0.4727 | IoU: 0.3286 | Tversky: 0.4943 | Hausdorff: 299.3350 | HD95: 28.6887 | val_loss: 0.3669 | LR: 0.000500
2025-08-21 03:33:06 INFO Epoch 031 | Train Loss: 0.3798 | Val Loss: 0.3685 | Dice: 0.4939 | softDice: 0.4523 | clDice: 0.5521 | softclDice: 0.4756 | IoU: 0.3284 | Tversky: 0.4939 | Hausdorff: 298.4835 | HD95: 30.8190 | val_loss: 0.3685 | LR: 0.000500
2025-08-21 03:34:47 INFO Epoch 032 | Train Loss: 0.3768 | Val Loss: 0.3673 | Dice: 0.4941 | softDice: 0.4492 | clDice: 0.5550 | softclDice: 0.4760 | IoU: 0.3284 | Tversky: 0.4941 | Hausdorff: 300.4218 | HD95: 29.0792 | val_loss: 0.3673 | LR: 0.000500
2025-08-21 03:36:27 INFO Epoch 033 | Train Loss: 0.3799 | Val Loss: 0.3679 | Dice: 0.4946 | softDice: 0.4488 | clDice: 0.5562 | softclDice: 0.4764 | IoU: 0.3290 | Tversky: 0.4946 | Hausdorff: 297.9300 | HD95: 28.2445 | val_loss: 0.3679 | LR: 0.000500
2025-08-21 03:38:08 INFO Epoch 034 | Train Loss: 0.3771 | Val Loss: 0.3668 | Dice: 0.4952 | softDice: 0.4496 | clDice: 0.5552 | softclDice: 0.4757 | IoU: 0.3294 | Tversky: 0.4952 | Hausdorff: 303.1412 | HD95: 28.4965 | val_loss: 0.3668 | LR: 0.000500
2025-08-21 03:39:49 INFO Epoch 035 | Train Loss: 0.3786 | Val Loss: 0.3692 | Dice: 0.4916 | softDice: 0.4486 | clDice: 0.5514 | softclDice: 0.4789 | IoU: 0.3263 | Tversky: 0.4916 | Hausdorff: 315.4593 | HD95: 29.6218 | val_loss: 0.3692 | LR: 0.000500
2025-08-21 03:41:28 INFO Epoch 036 | Train Loss: 0.3776 | Val Loss: 0.3686 | Dice: 0.4928 | softDice: 0.4525 | clDice: 0.5546 | softclDice: 0.4737 | IoU: 0.3274 | Tversky: 0.4928 | Hausdorff: 300.3219 | HD95: 29.7757 | val_loss: 0.3686 | LR: 0.000500
2025-08-21 03:43:10 INFO Epoch 037 | Train Loss: 0.3785 | Val Loss: 0.3684 | Dice: 0.4933 | softDice: 0.4498 | clDice: 0.5565 | softclDice: 0.4766 | IoU: 0.3277 | Tversky: 0.4933 | Hausdorff: 292.2253 | HD95: 27.2738 | val_loss: 0.3684 | LR: 0.000500
2025-08-21 03:44:49 INFO Epoch 038 | Train Loss: 0.3770 | Val Loss: 0.3691 | Dice: 0.4913 | softDice: 0.4480 | clDice: 0.5525 | softclDice: 0.4785 | IoU: 0.3260 | Tversky: 0.4913 | Hausdorff: 311.8752 | HD95: 29.3853 | val_loss: 0.3691 | LR: 0.000500
2025-08-21 03:46:28 INFO Epoch 039 | Train Loss: 0.3787 | Val Loss: 0.3702 | Dice: 0.4911 | softDice: 0.4491 | clDice: 0.5530 | softclDice: 0.4804 | IoU: 0.3259 | Tversky: 0.4911 | Hausdorff: 322.9374 | HD95: 30.0460 | val_loss: 0.3702 | LR: 0.000500
2025-08-21 03:48:08 INFO Epoch 040 | Train Loss: 0.3753 | Val Loss: 0.3686 | Dice: 0.4921 | softDice: 0.4450 | clDice: 0.5581 | softclDice: 0.4777 | IoU: 0.3267 | Tversky: 0.4921 | Hausdorff: 298.3848 | HD95: 28.0791 | val_loss: 0.3686 | LR: 0.000250
2025-08-21 03:49:47 INFO Epoch 041 | Train Loss: 0.3724 | Val Loss: 0.3687 | Dice: 0.4921 | softDice: 0.4497 | clDice: 0.5494 | softclDice: 0.4793 | IoU: 0.3268 | Tversky: 0.4921 | Hausdorff: 324.0803 | HD95: 29.8690 | val_loss: 0.3687 | LR: 0.000250
2025-08-21 03:51:27 INFO Epoch 042 | Train Loss: 0.3764 | Val Loss: 0.3702 | Dice: 0.4899 | softDice: 0.4478 | clDice: 0.5483 | softclDice: 0.4807 | IoU: 0.3248 | Tversky: 0.4899 | Hausdorff: 318.0850 | HD95: 31.7658 | val_loss: 0.3702 | LR: 0.000250
2025-08-21 03:53:06 INFO Epoch 043 | Train Loss: 0.3716 | Val Loss: 0.3699 | Dice: 0.4911 | softDice: 0.4487 | clDice: 0.5493 | softclDice: 0.4822 | IoU: 0.3259 | Tversky: 0.4911 | Hausdorff: 299.6198 | HD95: 29.0979 | val_loss: 0.3699 | LR: 0.000250
2025-08-21 03:54:45 INFO Epoch 044 | Train Loss: 0.3728 | Val Loss: 0.3700 | Dice: 0.4915 | softDice: 0.4478 | clDice: 0.5493 | softclDice: 0.4811 | IoU: 0.3262 | Tversky: 0.4915 | Hausdorff: 298.6827 | HD95: 29.7181 | val_loss: 0.3700 | LR: 0.000250
2025-08-21 03:56:25 INFO Epoch 045 | Train Loss: 0.3742 | Val Loss: 0.3704 | Dice: 0.4900 | softDice: 0.4458 | clDice: 0.5487 | softclDice: 0.4843 | IoU: 0.3249 | Tversky: 0.4900 | Hausdorff: 296.3075 | HD95: 27.8587 | val_loss: 0.3704 | LR: 0.000250
2025-08-21 03:58:03 INFO Epoch 046 | Train Loss: 0.3688 | Val Loss: 0.3703 | Dice: 0.4914 | softDice: 0.4512 | clDice: 0.5515 | softclDice: 0.4799 | IoU: 0.3261 | Tversky: 0.4914 | Hausdorff: 314.2018 | HD95: 29.4052 | val_loss: 0.3703 | LR: 0.000125
2025-08-21 03:59:42 INFO Epoch 047 | Train Loss: 0.3702 | Val Loss: 0.3702 | Dice: 0.4905 | softDice: 0.4492 | clDice: 0.5492 | softclDice: 0.4804 | IoU: 0.3253 | Tversky: 0.4905 | Hausdorff: 308.9902 | HD95: 27.9493 | val_loss: 0.3702 | LR: 0.000125
2025-08-21 04:01:21 INFO Epoch 048 | Train Loss: 0.3683 | Val Loss: 0.3705 | Dice: 0.4906 | softDice: 0.4505 | clDice: 0.5475 | softclDice: 0.4805 | IoU: 0.3254 | Tversky: 0.4906 | Hausdorff: 295.7039 | HD95: 28.8396 | val_loss: 0.3705 | LR: 0.000125
2025-08-21 04:03:01 INFO Epoch 049 | Train Loss: 0.3729 | Val Loss: 0.3698 | Dice: 0.4914 | softDice: 0.4492 | clDice: 0.5524 | softclDice: 0.4792 | IoU: 0.3261 | Tversky: 0.4914 | Hausdorff: 300.2513 | HD95: 27.7119 | val_loss: 0.3698 | LR: 0.000125
2025-08-21 04:04:41 INFO Epoch 050 | Train Loss: 0.3694 | Val Loss: 0.3712 | Dice: 0.4894 | softDice: 0.4481 | clDice: 0.5456 | softclDice: 0.4824 | IoU: 0.3244 | Tversky: 0.4894 | Hausdorff: 318.7305 | HD95: 29.8417 | val_loss: 0.3712 | LR: 0.000125
2025-08-21 04:06:20 INFO Epoch 051 | Train Loss: 0.3659 | Val Loss: 0.3719 | Dice: 0.4886 | softDice: 0.4486 | clDice: 0.5429 | softclDice: 0.4856 | IoU: 0.3237 | Tversky: 0.4886 | Hausdorff: 324.2122 | HD95: 28.4922 | val_loss: 0.3719 | LR: 0.000125
2025-08-21 04:07:59 INFO Epoch 052 | Train Loss: 0.3662 | Val Loss: 0.3693 | Dice: 0.4920 | softDice: 0.4518 | clDice: 0.5513 | softclDice: 0.4763 | IoU: 0.3266 | Tversky: 0.4920 | Hausdorff: 317.5359 | HD95: 27.9936 | val_loss: 0.3693 | LR: 0.000063
2025-08-21 04:09:40 INFO Early stopping at epoch 53 | Best Dice: 0.4952 at epoch 1
2025-08-21 04:10:28 INFO Fold 2 results: Dice: 0.4943 | softDice: 0.4488 | clDice: 0.5607 | softclDice: 0.4727 | IoU: 0.3286 | Tversky: 0.4943 | Hausdorff: 299.3350 | HD95: 28.6887 | val_loss: 0.3669
2025-08-21 04:10:28 INFO ===== Fold 3 / 5 =====
2025-08-21 04:10:28 INFO Loading model unet with settings {'name': 'unet', 'encoder_name': 'se_resnext50_32x4d', 'encoder_weights': 'imagenet', 'classes': 1, 'activation': None, 'dropout': 0.2}
2025-08-21 04:12:07 INFO Epoch 001 | Train Loss: 0.4862 | Val Loss: 0.4156 | Dice: 0.4325 | softDice: 0.3639 | clDice: 0.4794 | softclDice: 0.6212 | IoU: 0.2770 | Tversky: 0.4325 | Hausdorff: 348.8928 | HD95: 54.3618 | val_loss: 0.4156 | LR: 0.001000
2025-08-21 04:13:47 INFO Epoch 002 | Train Loss: 0.4166 | Val Loss: 0.3942 | Dice: 0.4579 | softDice: 0.4045 | clDice: 0.5246 | softclDice: 0.5472 | IoU: 0.2975 | Tversky: 0.4579 | Hausdorff: 428.1692 | HD95: 44.5174 | val_loss: 0.3942 | LR: 0.001000
2025-08-21 04:15:28 INFO Epoch 003 | Train Loss: 0.4115 | Val Loss: 0.3862 | Dice: 0.4729 | softDice: 0.4098 | clDice: 0.5287 | softclDice: 0.5317 | IoU: 0.3105 | Tversky: 0.4729 | Hausdorff: 273.0175 | HD95: 38.7353 | val_loss: 0.3862 | LR: 0.001000
2025-08-21 04:17:07 INFO Epoch 004 | Train Loss: 0.4033 | Val Loss: 0.3845 | Dice: 0.4710 | softDice: 0.4254 | clDice: 0.5427 | softclDice: 0.5007 | IoU: 0.3088 | Tversky: 0.4710 | Hausdorff: 255.0018 | HD95: 35.8800 | val_loss: 0.3845 | LR: 0.001000
2025-08-21 04:18:48 INFO Epoch 005 | Train Loss: 0.4031 | Val Loss: 0.3814 | Dice: 0.4789 | softDice: 0.4221 | clDice: 0.5387 | softclDice: 0.5102 | IoU: 0.3156 | Tversky: 0.4789 | Hausdorff: 260.1320 | HD95: 40.9554 | val_loss: 0.3814 | LR: 0.001000
2025-08-21 04:20:29 INFO Epoch 006 | Train Loss: 0.3954 | Val Loss: 0.3758 | Dice: 0.4854 | softDice: 0.4347 | clDice: 0.5543 | softclDice: 0.4883 | IoU: 0.3211 | Tversky: 0.4854 | Hausdorff: 257.6468 | HD95: 36.3459 | val_loss: 0.3758 | LR: 0.001000
2025-08-21 04:22:10 INFO Epoch 007 | Train Loss: 0.3948 | Val Loss: 0.3783 | Dice: 0.4795 | softDice: 0.4299 | clDice: 0.5432 | softclDice: 0.4958 | IoU: 0.3161 | Tversky: 0.4795 | Hausdorff: 256.7332 | HD95: 34.0325 | val_loss: 0.3783 | LR: 0.001000
2025-08-21 04:23:52 INFO Epoch 008 | Train Loss: 0.3933 | Val Loss: 0.3743 | Dice: 0.4848 | softDice: 0.4380 | clDice: 0.5531 | softclDice: 0.4838 | IoU: 0.3206 | Tversky: 0.4848 | Hausdorff: 256.1419 | HD95: 33.0268 | val_loss: 0.3743 | LR: 0.001000
2025-08-21 04:25:31 INFO Epoch 009 | Train Loss: 0.3937 | Val Loss: 0.3728 | Dice: 0.4891 | softDice: 0.4392 | clDice: 0.5626 | softclDice: 0.4735 | IoU: 0.3243 | Tversky: 0.4891 | Hausdorff: 248.5669 | HD95: 35.6780 | val_loss: 0.3728 | LR: 0.001000
2025-08-21 04:27:13 INFO Epoch 010 | Train Loss: 0.3921 | Val Loss: 0.3786 | Dice: 0.4790 | softDice: 0.4309 | clDice: 0.5549 | softclDice: 0.4903 | IoU: 0.3155 | Tversky: 0.4790 | Hausdorff: 248.8276 | HD95: 33.7385 | val_loss: 0.3786 | LR: 0.001000
2025-08-21 04:28:52 INFO Epoch 011 | Train Loss: 0.3903 | Val Loss: 0.3797 | Dice: 0.4794 | softDice: 0.4343 | clDice: 0.5434 | softclDice: 0.4944 | IoU: 0.3161 | Tversky: 0.4794 | Hausdorff: 246.1113 | HD95: 34.5101 | val_loss: 0.3797 | LR: 0.001000
2025-08-21 04:30:32 INFO Epoch 012 | Train Loss: 0.3900 | Val Loss: 0.3718 | Dice: 0.4882 | softDice: 0.4410 | clDice: 0.5587 | softclDice: 0.4750 | IoU: 0.3236 | Tversky: 0.4882 | Hausdorff: 247.5616 | HD95: 31.6160 | val_loss: 0.3718 | LR: 0.001000
2025-08-21 04:32:13 INFO Epoch 013 | Train Loss: 0.3883 | Val Loss: 0.3693 | Dice: 0.4946 | softDice: 0.4451 | clDice: 0.5640 | softclDice: 0.4730 | IoU: 0.3294 | Tversky: 0.4946 | Hausdorff: 249.9927 | HD95: 34.6516 | val_loss: 0.3693 | LR: 0.001000
2025-08-21 04:33:51 INFO Epoch 014 | Train Loss: 0.3887 | Val Loss: 0.3753 | Dice: 0.4875 | softDice: 0.4416 | clDice: 0.5543 | softclDice: 0.4773 | IoU: 0.3233 | Tversky: 0.4875 | Hausdorff: 240.8503 | HD95: 38.2662 | val_loss: 0.3753 | LR: 0.001000
2025-08-21 04:35:29 INFO Epoch 015 | Train Loss: 0.3894 | Val Loss: 0.3727 | Dice: 0.4886 | softDice: 0.4421 | clDice: 0.5543 | softclDice: 0.4820 | IoU: 0.3240 | Tversky: 0.4886 | Hausdorff: 235.0098 | HD95: 32.8539 | val_loss: 0.3727 | LR: 0.001000
2025-08-21 04:37:08 INFO Epoch 016 | Train Loss: 0.3898 | Val Loss: 0.3688 | Dice: 0.4943 | softDice: 0.4432 | clDice: 0.5637 | softclDice: 0.4737 | IoU: 0.3289 | Tversky: 0.4943 | Hausdorff: 254.2734 | HD95: 31.3309 | val_loss: 0.3688 | LR: 0.001000
2025-08-21 04:38:49 INFO Epoch 017 | Train Loss: 0.3865 | Val Loss: 0.3689 | Dice: 0.4957 | softDice: 0.4430 | clDice: 0.5662 | softclDice: 0.4691 | IoU: 0.3302 | Tversky: 0.4957 | Hausdorff: 237.0620 | HD95: 33.1768 | val_loss: 0.3689 | LR: 0.001000
2025-08-21 04:40:30 INFO Epoch 018 | Train Loss: 0.3884 | Val Loss: 0.3741 | Dice: 0.4875 | softDice: 0.4374 | clDice: 0.5615 | softclDice: 0.4798 | IoU: 0.3230 | Tversky: 0.4875 | Hausdorff: 241.0118 | HD95: 34.4188 | val_loss: 0.3741 | LR: 0.001000
2025-08-21 04:42:10 INFO Epoch 019 | Train Loss: 0.3871 | Val Loss: 0.3740 | Dice: 0.4875 | softDice: 0.4406 | clDice: 0.5511 | softclDice: 0.4778 | IoU: 0.3232 | Tversky: 0.4875 | Hausdorff: 234.6151 | HD95: 36.6685 | val_loss: 0.3740 | LR: 0.001000
2025-08-21 04:43:50 INFO Epoch 020 | Train Loss: 0.3863 | Val Loss: 0.3739 | Dice: 0.4880 | softDice: 0.4410 | clDice: 0.5539 | softclDice: 0.4799 | IoU: 0.3236 | Tversky: 0.4880 | Hausdorff: 234.6530 | HD95: 36.7953 | val_loss: 0.3739 | LR: 0.001000
2025-08-21 04:45:28 INFO Epoch 021 | Train Loss: 0.3858 | Val Loss: 0.3802 | Dice: 0.4817 | softDice: 0.4383 | clDice: 0.5419 | softclDice: 0.4849 | IoU: 0.3184 | Tversky: 0.4817 | Hausdorff: 255.4054 | HD95: 48.0633 | val_loss: 0.3802 | LR: 0.001000
2025-08-21 04:47:07 INFO Epoch 022 | Train Loss: 0.3831 | Val Loss: 0.3720 | Dice: 0.4905 | softDice: 0.4420 | clDice: 0.5509 | softclDice: 0.4787 | IoU: 0.3258 | Tversky: 0.4905 | Hausdorff: 249.4522 | HD95: 34.3890 | val_loss: 0.3720 | LR: 0.000500
2025-08-21 04:48:47 INFO Epoch 023 | Train Loss: 0.3814 | Val Loss: 0.3714 | Dice: 0.4916 | softDice: 0.4452 | clDice: 0.5600 | softclDice: 0.4727 | IoU: 0.3268 | Tversky: 0.4916 | Hausdorff: 248.6095 | HD95: 33.0083 | val_loss: 0.3714 | LR: 0.000500
2025-08-21 04:50:26 INFO Epoch 024 | Train Loss: 0.3776 | Val Loss: 0.3721 | Dice: 0.4904 | softDice: 0.4445 | clDice: 0.5598 | softclDice: 0.4703 | IoU: 0.3258 | Tversky: 0.4904 | Hausdorff: 248.6855 | HD95: 33.9740 | val_loss: 0.3721 | LR: 0.000500
2025-08-21 04:52:05 INFO Epoch 025 | Train Loss: 0.3814 | Val Loss: 0.3694 | Dice: 0.4953 | softDice: 0.4475 | clDice: 0.5619 | softclDice: 0.4663 | IoU: 0.3301 | Tversky: 0.4953 | Hausdorff: 261.1942 | HD95: 36.7451 | val_loss: 0.3694 | LR: 0.000500
2025-08-21 04:53:44 INFO Epoch 026 | Train Loss: 0.3807 | Val Loss: 0.3697 | Dice: 0.4939 | softDice: 0.4481 | clDice: 0.5632 | softclDice: 0.4634 | IoU: 0.3288 | Tversky: 0.4939 | Hausdorff: 245.1013 | HD95: 30.1101 | val_loss: 0.3697 | LR: 0.000500
2025-08-21 04:55:24 INFO Epoch 027 | Train Loss: 0.3792 | Val Loss: 0.3689 | Dice: 0.4957 | softDice: 0.4509 | clDice: 0.5608 | softclDice: 0.4684 | IoU: 0.3305 | Tversky: 0.4957 | Hausdorff: 247.6159 | HD95: 33.3821 | val_loss: 0.3689 | LR: 0.000500
2025-08-21 04:57:04 INFO Epoch 028 | Train Loss: 0.3782 | Val Loss: 0.3648 | Dice: 0.5017 | softDice: 0.4553 | clDice: 0.5710 | softclDice: 0.4549 | IoU: 0.3357 | Tversky: 0.5017 | Hausdorff: 234.8805 | HD95: 31.1501 | val_loss: 0.3648 | LR: 0.000500
2025-08-21 04:58:43 INFO Epoch 029 | Train Loss: 0.3795 | Val Loss: 0.3680 | Dice: 0.4968 | softDice: 0.4467 | clDice: 0.5668 | softclDice: 0.4628 | IoU: 0.3312 | Tversky: 0.4968 | Hausdorff: 248.1058 | HD95: 30.6912 | val_loss: 0.3680 | LR: 0.000500
2025-08-21 05:00:23 INFO Epoch 030 | Train Loss: 0.3787 | Val Loss: 0.3682 | Dice: 0.4954 | softDice: 0.4501 | clDice: 0.5632 | softclDice: 0.4662 | IoU: 0.3300 | Tversky: 0.4954 | Hausdorff: 217.8452 | HD95: 30.9607 | val_loss: 0.3682 | LR: 0.000500
2025-08-21 05:02:02 INFO Epoch 031 | Train Loss: 0.3790 | Val Loss: 0.3702 | Dice: 0.4932 | softDice: 0.4490 | clDice: 0.5561 | softclDice: 0.4693 | IoU: 0.3283 | Tversky: 0.4932 | Hausdorff: 213.1261 | HD95: 32.3640 | val_loss: 0.3702 | LR: 0.000500
2025-08-21 05:03:45 INFO Epoch 032 | Train Loss: 0.3771 | Val Loss: 0.3667 | Dice: 0.4974 | softDice: 0.4522 | clDice: 0.5700 | softclDice: 0.4548 | IoU: 0.3318 | Tversky: 0.4974 | Hausdorff: 244.1563 | HD95: 32.0540 | val_loss: 0.3667 | LR: 0.000500
2025-08-21 05:05:24 INFO Epoch 033 | Train Loss: 0.3757 | Val Loss: 0.3704 | Dice: 0.4949 | softDice: 0.4522 | clDice: 0.5586 | softclDice: 0.4680 | IoU: 0.3298 | Tversky: 0.4949 | Hausdorff: 210.9691 | HD95: 34.9366 | val_loss: 0.3704 | LR: 0.000500
2025-08-21 05:07:01 INFO Epoch 034 | Train Loss: 0.3796 | Val Loss: 0.3717 | Dice: 0.4917 | softDice: 0.4437 | clDice: 0.5507 | softclDice: 0.4823 | IoU: 0.3269 | Tversky: 0.4917 | Hausdorff: 249.6809 | HD95: 31.9032 | val_loss: 0.3717 | LR: 0.000250
2025-08-21 05:08:40 INFO Epoch 035 | Train Loss: 0.3752 | Val Loss: 0.3674 | Dice: 0.4970 | softDice: 0.4524 | clDice: 0.5677 | softclDice: 0.4594 | IoU: 0.3314 | Tversky: 0.4970 | Hausdorff: 245.7225 | HD95: 28.9662 | val_loss: 0.3674 | LR: 0.000250
2025-08-21 05:10:19 INFO Epoch 036 | Train Loss: 0.3740 | Val Loss: 0.3690 | Dice: 0.4964 | softDice: 0.4542 | clDice: 0.5608 | softclDice: 0.4648 | IoU: 0.3310 | Tversky: 0.4964 | Hausdorff: 233.9256 | HD95: 30.6529 | val_loss: 0.3690 | LR: 0.000250
2025-08-21 05:11:59 INFO Epoch 037 | Train Loss: 0.3738 | Val Loss: 0.3698 | Dice: 0.4939 | softDice: 0.4507 | clDice: 0.5584 | softclDice: 0.4670 | IoU: 0.3288 | Tversky: 0.4939 | Hausdorff: 218.4590 | HD95: 32.6420 | val_loss: 0.3698 | LR: 0.000250
2025-08-21 05:13:38 INFO Epoch 038 | Train Loss: 0.3710 | Val Loss: 0.3712 | Dice: 0.4931 | softDice: 0.4517 | clDice: 0.5571 | softclDice: 0.4679 | IoU: 0.3281 | Tversky: 0.4931 | Hausdorff: 213.2259 | HD95: 31.1051 | val_loss: 0.3712 | LR: 0.000250
2025-08-21 05:15:16 INFO Epoch 039 | Train Loss: 0.3709 | Val Loss: 0.3731 | Dice: 0.4898 | softDice: 0.4475 | clDice: 0.5537 | softclDice: 0.4727 | IoU: 0.3252 | Tversky: 0.4898 | Hausdorff: 219.5136 | HD95: 33.5908 | val_loss: 0.3731 | LR: 0.000250
2025-08-21 05:16:56 INFO Epoch 040 | Train Loss: 0.3697 | Val Loss: 0.3779 | Dice: 0.4829 | softDice: 0.4410 | clDice: 0.5414 | softclDice: 0.4832 | IoU: 0.3192 | Tversky: 0.4829 | Hausdorff: 214.0657 | HD95: 35.0574 | val_loss: 0.3779 | LR: 0.000125
2025-08-21 05:18:34 INFO Epoch 041 | Train Loss: 0.3681 | Val Loss: 0.3679 | Dice: 0.4983 | softDice: 0.4551 | clDice: 0.5616 | softclDice: 0.4633 | IoU: 0.3326 | Tversky: 0.4983 | Hausdorff: 239.1896 | HD95: 28.7158 | val_loss: 0.3679 | LR: 0.000125
2025-08-21 05:20:15 INFO Epoch 042 | Train Loss: 0.3694 | Val Loss: 0.3681 | Dice: 0.4982 | softDice: 0.4551 | clDice: 0.5619 | softclDice: 0.4648 | IoU: 0.3326 | Tversky: 0.4982 | Hausdorff: 211.8308 | HD95: 29.2370 | val_loss: 0.3681 | LR: 0.000125
2025-08-21 05:21:53 INFO Epoch 043 | Train Loss: 0.3695 | Val Loss: 0.3724 | Dice: 0.4907 | softDice: 0.4504 | clDice: 0.5531 | softclDice: 0.4716 | IoU: 0.3260 | Tversky: 0.4907 | Hausdorff: 216.2899 | HD95: 32.3568 | val_loss: 0.3724 | LR: 0.000125
2025-08-21 05:23:31 INFO Epoch 044 | Train Loss: 0.3690 | Val Loss: 0.3699 | Dice: 0.4946 | softDice: 0.4515 | clDice: 0.5568 | softclDice: 0.4683 | IoU: 0.3294 | Tversky: 0.4946 | Hausdorff: 211.2801 | HD95: 29.3523 | val_loss: 0.3699 | LR: 0.000125
2025-08-21 05:25:11 INFO Epoch 045 | Train Loss: 0.3651 | Val Loss: 0.3726 | Dice: 0.4912 | softDice: 0.4516 | clDice: 0.5556 | softclDice: 0.4685 | IoU: 0.3264 | Tversky: 0.4912 | Hausdorff: 263.8687 | HD95: 29.7336 | val_loss: 0.3726 | LR: 0.000125
2025-08-21 05:26:50 INFO Epoch 046 | Train Loss: 0.3634 | Val Loss: 0.3712 | Dice: 0.4934 | softDice: 0.4540 | clDice: 0.5565 | softclDice: 0.4662 | IoU: 0.3284 | Tversky: 0.4934 | Hausdorff: 213.1074 | HD95: 31.8307 | val_loss: 0.3712 | LR: 0.000063
2025-08-21 05:28:30 INFO Epoch 047 | Train Loss: 0.3645 | Val Loss: 0.3701 | Dice: 0.4961 | softDice: 0.4560 | clDice: 0.5572 | softclDice: 0.4660 | IoU: 0.3307 | Tversky: 0.4961 | Hausdorff: 214.7641 | HD95: 30.8557 | val_loss: 0.3701 | LR: 0.000063
2025-08-21 05:30:09 INFO Epoch 048 | Train Loss: 0.3650 | Val Loss: 0.3710 | Dice: 0.4941 | softDice: 0.4533 | clDice: 0.5590 | softclDice: 0.4667 | IoU: 0.3289 | Tversky: 0.4941 | Hausdorff: 212.3255 | HD95: 29.3603 | val_loss: 0.3710 | LR: 0.000063
2025-08-21 05:31:49 INFO Early stopping at epoch 49 | Best Dice: 0.5017 at epoch 1
2025-08-21 05:32:37 INFO Fold 3 results: Dice: 0.4974 | softDice: 0.4522 | clDice: 0.5700 | softclDice: 0.4548 | IoU: 0.3318 | Tversky: 0.4974 | Hausdorff: 244.1563 | HD95: 32.0540 | val_loss: 0.3667
2025-08-21 05:32:37 INFO ===== Fold 4 / 5 =====
2025-08-21 05:32:37 INFO Loading model unet with settings {'name': 'unet', 'encoder_name': 'se_resnext50_32x4d', 'encoder_weights': 'imagenet', 'classes': 1, 'activation': None, 'dropout': 0.2}
2025-08-21 05:34:18 INFO Epoch 001 | Train Loss: 0.5466 | Val Loss: 0.4503 | Dice: 0.4289 | softDice: 0.3134 | clDice: 0.4832 | softclDice: 0.6893 | IoU: 0.2734 | Tversky: 0.4289 | Hausdorff: 395.3857 | HD95: 74.7983 | val_loss: 0.4503 | LR: 0.001000
2025-08-21 05:35:59 INFO Epoch 002 | Train Loss: 0.4282 | Val Loss: 0.4081 | Dice: 0.4548 | softDice: 0.3760 | clDice: 0.5105 | softclDice: 0.5814 | IoU: 0.2945 | Tversky: 0.4548 | Hausdorff: 335.8227 | HD95: 43.3013 | val_loss: 0.4081 | LR: 0.001000
2025-08-21 05:37:39 INFO Epoch 003 | Train Loss: 0.4095 | Val Loss: 0.3986 | Dice: 0.4606 | softDice: 0.3928 | clDice: 0.5189 | softclDice: 0.5522 | IoU: 0.2994 | Tversky: 0.4606 | Hausdorff: 310.3900 | HD95: 47.9836 | val_loss: 0.3986 | LR: 0.001000
2025-08-21 05:39:20 INFO Epoch 004 | Train Loss: 0.4041 | Val Loss: 0.3927 | Dice: 0.4653 | softDice: 0.4099 | clDice: 0.5278 | softclDice: 0.5300 | IoU: 0.3035 | Tversky: 0.4653 | Hausdorff: 262.0089 | HD95: 43.7756 | val_loss: 0.3927 | LR: 0.001000
2025-08-21 05:41:01 INFO Epoch 005 | Train Loss: 0.3983 | Val Loss: 0.3811 | Dice: 0.4813 | softDice: 0.4329 | clDice: 0.5424 | softclDice: 0.5000 | IoU: 0.3171 | Tversky: 0.4813 | Hausdorff: 227.0542 | HD95: 34.6990 | val_loss: 0.3811 | LR: 0.001000
2025-08-21 05:42:40 INFO Epoch 006 | Train Loss: 0.3992 | Val Loss: 0.3850 | Dice: 0.4773 | softDice: 0.4244 | clDice: 0.5362 | softclDice: 0.5103 | IoU: 0.3138 | Tversky: 0.4773 | Hausdorff: 231.2831 | HD95: 36.4006 | val_loss: 0.3850 | LR: 0.001000
2025-08-21 05:44:23 INFO Epoch 007 | Train Loss: 0.3958 | Val Loss: 0.3806 | Dice: 0.4831 | softDice: 0.4301 | clDice: 0.5526 | softclDice: 0.4956 | IoU: 0.3188 | Tversky: 0.4831 | Hausdorff: 396.3898 | HD95: 35.9696 | val_loss: 0.3806 | LR: 0.001000
2025-08-21 05:46:03 INFO Epoch 008 | Train Loss: 0.3943 | Val Loss: 0.3744 | Dice: 0.4907 | softDice: 0.4392 | clDice: 0.5595 | softclDice: 0.4855 | IoU: 0.3254 | Tversky: 0.4907 | Hausdorff: 229.6125 | HD95: 31.3796 | val_loss: 0.3744 | LR: 0.001000
2025-08-21 05:47:43 INFO Epoch 009 | Train Loss: 0.3918 | Val Loss: 0.3856 | Dice: 0.4736 | softDice: 0.4314 | clDice: 0.5449 | softclDice: 0.4913 | IoU: 0.3105 | Tversky: 0.4736 | Hausdorff: 289.4889 | HD95: 36.1896 | val_loss: 0.3856 | LR: 0.001000
2025-08-21 05:49:24 INFO Epoch 010 | Train Loss: 0.3921 | Val Loss: 0.3874 | Dice: 0.4684 | softDice: 0.4204 | clDice: 0.5333 | softclDice: 0.5045 | IoU: 0.3061 | Tversky: 0.4684 | Hausdorff: 234.2735 | HD95: 36.4841 | val_loss: 0.3874 | LR: 0.001000
2025-08-21 05:51:04 INFO Epoch 011 | Train Loss: 0.3919 | Val Loss: 0.3819 | Dice: 0.4774 | softDice: 0.4343 | clDice: 0.5416 | softclDice: 0.4881 | IoU: 0.3138 | Tversky: 0.4774 | Hausdorff: 221.1976 | HD95: 37.9599 | val_loss: 0.3819 | LR: 0.001000
2025-08-21 05:52:45 INFO Epoch 012 | Train Loss: 0.3919 | Val Loss: 0.3799 | Dice: 0.4791 | softDice: 0.4360 | clDice: 0.5432 | softclDice: 0.4981 | IoU: 0.3153 | Tversky: 0.4791 | Hausdorff: 293.6088 | HD95: 36.1776 | val_loss: 0.3799 | LR: 0.001000
2025-08-21 05:54:24 INFO Epoch 013 | Train Loss: 0.3897 | Val Loss: 0.3746 | Dice: 0.4887 | softDice: 0.4397 | clDice: 0.5576 | softclDice: 0.4789 | IoU: 0.3235 | Tversky: 0.4887 | Hausdorff: 225.1185 | HD95: 32.4635 | val_loss: 0.3746 | LR: 0.001000
2025-08-21 05:56:05 INFO Epoch 014 | Train Loss: 0.3864 | Val Loss: 0.3750 | Dice: 0.4872 | softDice: 0.4444 | clDice: 0.5587 | softclDice: 0.4732 | IoU: 0.3223 | Tversky: 0.4872 | Hausdorff: 223.7805 | HD95: 33.6931 | val_loss: 0.3750 | LR: 0.000500
2025-08-21 05:57:45 INFO Epoch 015 | Train Loss: 0.3848 | Val Loss: 0.3711 | Dice: 0.4935 | softDice: 0.4475 | clDice: 0.5609 | softclDice: 0.4702 | IoU: 0.3278 | Tversky: 0.4935 | Hausdorff: 223.7239 | HD95: 29.4543 | val_loss: 0.3711 | LR: 0.000500
2025-08-21 05:59:26 INFO Epoch 016 | Train Loss: 0.3832 | Val Loss: 0.3717 | Dice: 0.4926 | softDice: 0.4478 | clDice: 0.5643 | softclDice: 0.4682 | IoU: 0.3270 | Tversky: 0.4926 | Hausdorff: 223.8526 | HD95: 30.4152 | val_loss: 0.3717 | LR: 0.000500
2025-08-21 06:01:09 INFO Epoch 017 | Train Loss: 0.3836 | Val Loss: 0.3760 | Dice: 0.4859 | softDice: 0.4437 | clDice: 0.5518 | softclDice: 0.4761 | IoU: 0.3211 | Tversky: 0.4859 | Hausdorff: 303.6089 | HD95: 30.9868 | val_loss: 0.3760 | LR: 0.000500
2025-08-21 06:02:49 INFO Epoch 018 | Train Loss: 0.3805 | Val Loss: 0.3776 | Dice: 0.4830 | softDice: 0.4390 | clDice: 0.5505 | softclDice: 0.4799 | IoU: 0.3186 | Tversky: 0.4830 | Hausdorff: 301.3736 | HD95: 31.3646 | val_loss: 0.3776 | LR: 0.000500
2025-08-21 06:04:28 INFO Epoch 019 | Train Loss: 0.3815 | Val Loss: 0.3723 | Dice: 0.4917 | softDice: 0.4430 | clDice: 0.5588 | softclDice: 0.4736 | IoU: 0.3263 | Tversky: 0.4917 | Hausdorff: 228.4476 | HD95: 29.1077 | val_loss: 0.3723 | LR: 0.000500
2025-08-21 06:06:09 INFO Epoch 020 | Train Loss: 0.3833 | Val Loss: 0.3721 | Dice: 0.4933 | softDice: 0.4454 | clDice: 0.5594 | softclDice: 0.4701 | IoU: 0.3276 | Tversky: 0.4933 | Hausdorff: 224.4532 | HD95: 30.9164 | val_loss: 0.3721 | LR: 0.000500
2025-08-21 06:07:48 INFO Epoch 021 | Train Loss: 0.3810 | Val Loss: 0.3718 | Dice: 0.4923 | softDice: 0.4488 | clDice: 0.5601 | softclDice: 0.4674 | IoU: 0.3268 | Tversky: 0.4923 | Hausdorff: 226.8496 | HD95: 28.5803 | val_loss: 0.3718 | LR: 0.000250
2025-08-21 06:09:28 INFO Epoch 022 | Train Loss: 0.3807 | Val Loss: 0.3714 | Dice: 0.4949 | softDice: 0.4477 | clDice: 0.5558 | softclDice: 0.4738 | IoU: 0.3291 | Tversky: 0.4949 | Hausdorff: 191.8746 | HD95: 28.9472 | val_loss: 0.3714 | LR: 0.000250
2025-08-21 06:11:08 INFO Epoch 023 | Train Loss: 0.3789 | Val Loss: 0.3724 | Dice: 0.4911 | softDice: 0.4452 | clDice: 0.5566 | softclDice: 0.4717 | IoU: 0.3257 | Tversky: 0.4911 | Hausdorff: 215.4354 | HD95: 29.0463 | val_loss: 0.3724 | LR: 0.000250
2025-08-21 06:12:48 INFO Epoch 024 | Train Loss: 0.3777 | Val Loss: 0.3712 | Dice: 0.4943 | softDice: 0.4509 | clDice: 0.5569 | softclDice: 0.4690 | IoU: 0.3285 | Tversky: 0.4943 | Hausdorff: 213.5127 | HD95: 27.2013 | val_loss: 0.3712 | LR: 0.000250
2025-08-21 06:14:30 INFO Epoch 025 | Train Loss: 0.3777 | Val Loss: 0.3728 | Dice: 0.4911 | softDice: 0.4450 | clDice: 0.5526 | softclDice: 0.4783 | IoU: 0.3257 | Tversky: 0.4911 | Hausdorff: 190.8344 | HD95: 27.6046 | val_loss: 0.3728 | LR: 0.000250
2025-08-21 06:16:11 INFO Epoch 026 | Train Loss: 0.3783 | Val Loss: 0.3731 | Dice: 0.4899 | softDice: 0.4453 | clDice: 0.5533 | softclDice: 0.4737 | IoU: 0.3246 | Tversky: 0.4899 | Hausdorff: 202.3020 | HD95: 28.1048 | val_loss: 0.3731 | LR: 0.000250
2025-08-21 06:17:51 INFO Epoch 027 | Train Loss: 0.3778 | Val Loss: 0.3699 | Dice: 0.4963 | softDice: 0.4482 | clDice: 0.5593 | softclDice: 0.4687 | IoU: 0.3303 | Tversky: 0.4963 | Hausdorff: 207.6168 | HD95: 27.2609 | val_loss: 0.3699 | LR: 0.000250
2025-08-21 06:19:32 INFO Epoch 028 | Train Loss: 0.3769 | Val Loss: 0.3696 | Dice: 0.4971 | softDice: 0.4527 | clDice: 0.5570 | softclDice: 0.4718 | IoU: 0.3310 | Tversky: 0.4971 | Hausdorff: 197.6322 | HD95: 25.4268 | val_loss: 0.3696 | LR: 0.000250
2025-08-21 06:21:12 INFO Epoch 029 | Train Loss: 0.3731 | Val Loss: 0.3706 | Dice: 0.4948 | softDice: 0.4507 | clDice: 0.5581 | softclDice: 0.4674 | IoU: 0.3290 | Tversky: 0.4948 | Hausdorff: 205.3192 | HD95: 27.0395 | val_loss: 0.3706 | LR: 0.000250
2025-08-21 06:22:53 INFO Epoch 030 | Train Loss: 0.3754 | Val Loss: 0.3709 | Dice: 0.4940 | softDice: 0.4487 | clDice: 0.5523 | softclDice: 0.4743 | IoU: 0.3283 | Tversky: 0.4940 | Hausdorff: 214.9307 | HD95: 26.6466 | val_loss: 0.3709 | LR: 0.000250
2025-08-21 06:24:33 INFO Epoch 031 | Train Loss: 0.3746 | Val Loss: 0.3710 | Dice: 0.4938 | softDice: 0.4517 | clDice: 0.5574 | softclDice: 0.4716 | IoU: 0.3280 | Tversky: 0.4938 | Hausdorff: 204.5197 | HD95: 25.7604 | val_loss: 0.3710 | LR: 0.000250
2025-08-21 06:26:12 INFO Epoch 032 | Train Loss: 0.3754 | Val Loss: 0.3710 | Dice: 0.4948 | softDice: 0.4509 | clDice: 0.5596 | softclDice: 0.4679 | IoU: 0.3290 | Tversky: 0.4948 | Hausdorff: 218.9864 | HD95: 28.9208 | val_loss: 0.3710 | LR: 0.000250
2025-08-21 06:27:52 INFO Epoch 033 | Train Loss: 0.3740 | Val Loss: 0.3765 | Dice: 0.4863 | softDice: 0.4440 | clDice: 0.5453 | softclDice: 0.4830 | IoU: 0.3216 | Tversky: 0.4863 | Hausdorff: 204.3588 | HD95: 28.0215 | val_loss: 0.3765 | LR: 0.000250
2025-08-21 06:29:32 INFO Epoch 034 | Train Loss: 0.3725 | Val Loss: 0.3705 | Dice: 0.4966 | softDice: 0.4517 | clDice: 0.5550 | softclDice: 0.4723 | IoU: 0.3305 | Tversky: 0.4966 | Hausdorff: 201.0755 | HD95: 28.6345 | val_loss: 0.3705 | LR: 0.000125
2025-08-21 06:31:12 INFO Epoch 035 | Train Loss: 0.3725 | Val Loss: 0.3718 | Dice: 0.4932 | softDice: 0.4508 | clDice: 0.5542 | softclDice: 0.4722 | IoU: 0.3276 | Tversky: 0.4932 | Hausdorff: 211.0805 | HD95: 26.4097 | val_loss: 0.3718 | LR: 0.000125
2025-08-21 06:32:52 INFO Epoch 036 | Train Loss: 0.3742 | Val Loss: 0.3734 | Dice: 0.4907 | softDice: 0.4445 | clDice: 0.5525 | softclDice: 0.4773 | IoU: 0.3254 | Tversky: 0.4907 | Hausdorff: 199.2238 | HD95: 26.6409 | val_loss: 0.3734 | LR: 0.000125
2025-08-21 06:34:32 INFO Epoch 037 | Train Loss: 0.3718 | Val Loss: 0.3729 | Dice: 0.4911 | softDice: 0.4474 | clDice: 0.5522 | softclDice: 0.4764 | IoU: 0.3257 | Tversky: 0.4911 | Hausdorff: 187.9712 | HD95: 26.6460 | val_loss: 0.3729 | LR: 0.000125
2025-08-21 06:36:13 INFO Epoch 038 | Train Loss: 0.3714 | Val Loss: 0.3710 | Dice: 0.4944 | softDice: 0.4515 | clDice: 0.5604 | softclDice: 0.4674 | IoU: 0.3286 | Tversky: 0.4944 | Hausdorff: 197.8238 | HD95: 27.6641 | val_loss: 0.3710 | LR: 0.000125
2025-08-21 06:37:52 INFO Epoch 039 | Train Loss: 0.3720 | Val Loss: 0.3726 | Dice: 0.4915 | softDice: 0.4484 | clDice: 0.5522 | softclDice: 0.4734 | IoU: 0.3261 | Tversky: 0.4915 | Hausdorff: 210.8510 | HD95: 25.8350 | val_loss: 0.3726 | LR: 0.000125
2025-08-21 06:39:33 INFO Epoch 040 | Train Loss: 0.3712 | Val Loss: 0.3713 | Dice: 0.4937 | softDice: 0.4511 | clDice: 0.5582 | softclDice: 0.4683 | IoU: 0.3281 | Tversky: 0.4937 | Hausdorff: 207.2415 | HD95: 26.8245 | val_loss: 0.3713 | LR: 0.000063
2025-08-21 06:41:13 INFO Epoch 041 | Train Loss: 0.3718 | Val Loss: 0.3711 | Dice: 0.4948 | softDice: 0.4513 | clDice: 0.5585 | softclDice: 0.4688 | IoU: 0.3290 | Tversky: 0.4948 | Hausdorff: 217.7384 | HD95: 25.6940 | val_loss: 0.3711 | LR: 0.000063
2025-08-21 06:42:53 INFO Epoch 042 | Train Loss: 0.3705 | Val Loss: 0.3724 | Dice: 0.4930 | softDice: 0.4497 | clDice: 0.5532 | softclDice: 0.4730 | IoU: 0.3275 | Tversky: 0.4930 | Hausdorff: 205.9871 | HD95: 25.7926 | val_loss: 0.3724 | LR: 0.000063
2025-08-21 06:44:32 INFO Epoch 043 | Train Loss: 0.3684 | Val Loss: 0.3733 | Dice: 0.4910 | softDice: 0.4495 | clDice: 0.5514 | softclDice: 0.4731 | IoU: 0.3257 | Tversky: 0.4910 | Hausdorff: 219.0830 | HD95: 26.3867 | val_loss: 0.3733 | LR: 0.000063
2025-08-21 06:46:13 INFO Epoch 044 | Train Loss: 0.3681 | Val Loss: 0.3726 | Dice: 0.4926 | softDice: 0.4491 | clDice: 0.5527 | softclDice: 0.4740 | IoU: 0.3271 | Tversky: 0.4926 | Hausdorff: 213.3190 | HD95: 25.9330 | val_loss: 0.3726 | LR: 0.000063
2025-08-21 06:47:55 INFO Epoch 045 | Train Loss: 0.3725 | Val Loss: 0.3708 | Dice: 0.4953 | softDice: 0.4527 | clDice: 0.5564 | softclDice: 0.4679 | IoU: 0.3295 | Tversky: 0.4953 | Hausdorff: 217.8162 | HD95: 26.6592 | val_loss: 0.3708 | LR: 0.000063
2025-08-21 06:49:35 INFO Epoch 046 | Train Loss: 0.3704 | Val Loss: 0.3728 | Dice: 0.4926 | softDice: 0.4489 | clDice: 0.5520 | softclDice: 0.4754 | IoU: 0.3271 | Tversky: 0.4926 | Hausdorff: 216.7011 | HD95: 26.3045 | val_loss: 0.3728 | LR: 0.000031
2025-08-21 06:51:17 INFO Epoch 047 | Train Loss: 0.3687 | Val Loss: 0.3720 | Dice: 0.4939 | softDice: 0.4510 | clDice: 0.5538 | softclDice: 0.4730 | IoU: 0.3283 | Tversky: 0.4939 | Hausdorff: 218.3450 | HD95: 25.7730 | val_loss: 0.3720 | LR: 0.000031
2025-08-21 06:52:57 INFO Early stopping at epoch 48 | Best Dice: 0.4971 at epoch 1
2025-08-21 06:53:47 INFO Fold 4 results: Dice: 0.4948 | softDice: 0.4507 | clDice: 0.5581 | softclDice: 0.4674 | IoU: 0.3290 | Tversky: 0.4948 | Hausdorff: 205.3192 | HD95: 27.0395 | val_loss: 0.3706
2025-08-21 06:53:47 INFO ===== Fold 5 / 5 =====
2025-08-21 06:53:47 INFO Loading model unet with settings {'name': 'unet', 'encoder_name': 'se_resnext50_32x4d', 'encoder_weights': 'imagenet', 'classes': 1, 'activation': None, 'dropout': 0.2}
2025-08-21 06:55:27 INFO Epoch 001 | Train Loss: 0.5468 | Val Loss: 0.4346 | Dice: 0.4403 | softDice: 0.3128 | clDice: 0.5093 | softclDice: 0.6964 | IoU: 0.2826 | Tversky: 0.4403 | Hausdorff: 515.7510 | HD95: 60.2851 | val_loss: 0.4346 | LR: 0.001000
2025-08-21 06:57:06 INFO Epoch 002 | Train Loss: 0.4276 | Val Loss: 0.3931 | Dice: 0.4626 | softDice: 0.3882 | clDice: 0.5401 | softclDice: 0.5613 | IoU: 0.3011 | Tversky: 0.4626 | Hausdorff: 429.0933 | HD95: 47.5874 | val_loss: 0.3931 | LR: 0.001000
2025-08-21 06:58:46 INFO Epoch 003 | Train Loss: 0.4139 | Val Loss: 0.3941 | Dice: 0.4509 | softDice: 0.4017 | clDice: 0.5179 | softclDice: 0.5320 | IoU: 0.2914 | Tversky: 0.4509 | Hausdorff: 235.2090 | HD95: 57.1757 | val_loss: 0.3941 | LR: 0.001000
2025-08-21 07:00:25 INFO Epoch 004 | Train Loss: 0.4044 | Val Loss: 0.3790 | Dice: 0.4737 | softDice: 0.4161 | clDice: 0.5437 | softclDice: 0.5108 | IoU: 0.3107 | Tversky: 0.4737 | Hausdorff: 219.7950 | HD95: 42.2014 | val_loss: 0.3790 | LR: 0.001000
2025-08-21 07:02:05 INFO Epoch 005 | Train Loss: 0.4007 | Val Loss: 0.3785 | Dice: 0.4701 | softDice: 0.4143 | clDice: 0.5415 | softclDice: 0.5065 | IoU: 0.3076 | Tversky: 0.4701 | Hausdorff: 253.4120 | HD95: 41.9251 | val_loss: 0.3785 | LR: 0.001000
2025-08-21 07:03:46 INFO Epoch 006 | Train Loss: 0.3991 | Val Loss: 0.3750 | Dice: 0.4744 | softDice: 0.4212 | clDice: 0.5513 | softclDice: 0.4934 | IoU: 0.3112 | Tversky: 0.4744 | Hausdorff: 355.7600 | HD95: 41.3580 | val_loss: 0.3750 | LR: 0.001000
2025-08-21 07:05:26 INFO Epoch 007 | Train Loss: 0.3956 | Val Loss: 0.3792 | Dice: 0.4669 | softDice: 0.4226 | clDice: 0.5430 | softclDice: 0.4945 | IoU: 0.3048 | Tversky: 0.4669 | Hausdorff: 233.5388 | HD95: 41.9790 | val_loss: 0.3792 | LR: 0.001000
2025-08-21 07:07:08 INFO Epoch 008 | Train Loss: 0.3960 | Val Loss: 0.3717 | Dice: 0.4810 | softDice: 0.4249 | clDice: 0.5617 | softclDice: 0.4848 | IoU: 0.3170 | Tversky: 0.4810 | Hausdorff: 208.7589 | HD95: 37.3925 | val_loss: 0.3717 | LR: 0.001000
2025-08-21 07:08:47 INFO Epoch 009 | Train Loss: 0.3972 | Val Loss: 0.3721 | Dice: 0.4796 | softDice: 0.4277 | clDice: 0.5502 | softclDice: 0.4857 | IoU: 0.3157 | Tversky: 0.4796 | Hausdorff: 212.0382 | HD95: 38.6779 | val_loss: 0.3721 | LR: 0.001000
2025-08-21 07:10:27 INFO Epoch 010 | Train Loss: 0.3949 | Val Loss: 0.3710 | Dice: 0.4799 | softDice: 0.4310 | clDice: 0.5506 | softclDice: 0.4880 | IoU: 0.3160 | Tversky: 0.4799 | Hausdorff: 194.6819 | HD95: 37.9228 | val_loss: 0.3710 | LR: 0.001000
2025-08-21 07:12:08 INFO Epoch 011 | Train Loss: 0.3926 | Val Loss: 0.3667 | Dice: 0.4870 | softDice: 0.4415 | clDice: 0.5603 | softclDice: 0.4736 | IoU: 0.3222 | Tversky: 0.4870 | Hausdorff: 222.8096 | HD95: 34.4561 | val_loss: 0.3667 | LR: 0.001000
2025-08-21 07:13:47 INFO Epoch 012 | Train Loss: 0.3949 | Val Loss: 0.3698 | Dice: 0.4814 | softDice: 0.4330 | clDice: 0.5665 | softclDice: 0.4712 | IoU: 0.3172 | Tversky: 0.4814 | Hausdorff: 374.9123 | HD95: 37.2959 | val_loss: 0.3698 | LR: 0.001000
2025-08-21 07:15:26 INFO Epoch 013 | Train Loss: 0.3915 | Val Loss: 0.3691 | Dice: 0.4849 | softDice: 0.4390 | clDice: 0.5556 | softclDice: 0.4777 | IoU: 0.3204 | Tversky: 0.4849 | Hausdorff: 214.7718 | HD95: 38.3253 | val_loss: 0.3691 | LR: 0.001000
2025-08-21 07:17:04 INFO Epoch 014 | Train Loss: 0.3931 | Val Loss: 0.3673 | Dice: 0.4880 | softDice: 0.4349 | clDice: 0.5548 | softclDice: 0.4842 | IoU: 0.3230 | Tversky: 0.4880 | Hausdorff: 211.7806 | HD95: 37.3395 | val_loss: 0.3673 | LR: 0.001000
2025-08-21 07:18:44 INFO Epoch 015 | Train Loss: 0.3889 | Val Loss: 0.3688 | Dice: 0.4833 | softDice: 0.4360 | clDice: 0.5480 | softclDice: 0.4818 | IoU: 0.3190 | Tversky: 0.4833 | Hausdorff: 213.5839 | HD95: 35.8660 | val_loss: 0.3688 | LR: 0.001000
2025-08-21 07:20:22 INFO Epoch 016 | Train Loss: 0.3884 | Val Loss: 0.3696 | Dice: 0.4822 | softDice: 0.4335 | clDice: 0.5528 | softclDice: 0.4864 | IoU: 0.3181 | Tversky: 0.4822 | Hausdorff: 194.4575 | HD95: 35.5018 | val_loss: 0.3696 | LR: 0.001000
2025-08-21 07:22:01 INFO Epoch 017 | Train Loss: 0.3892 | Val Loss: 0.3746 | Dice: 0.4761 | softDice: 0.4271 | clDice: 0.5508 | softclDice: 0.4875 | IoU: 0.3126 | Tversky: 0.4761 | Hausdorff: 211.1315 | HD95: 34.6869 | val_loss: 0.3746 | LR: 0.000500
2025-08-21 07:23:41 INFO Epoch 018 | Train Loss: 0.3858 | Val Loss: 0.3646 | Dice: 0.4894 | softDice: 0.4434 | clDice: 0.5575 | softclDice: 0.4716 | IoU: 0.3244 | Tversky: 0.4894 | Hausdorff: 217.5022 | HD95: 32.9138 | val_loss: 0.3646 | LR: 0.000500
2025-08-21 07:25:19 INFO Epoch 019 | Train Loss: 0.3830 | Val Loss: 0.3630 | Dice: 0.4920 | softDice: 0.4439 | clDice: 0.5647 | softclDice: 0.4667 | IoU: 0.3266 | Tversky: 0.4920 | Hausdorff: 206.6710 | HD95: 32.5087 | val_loss: 0.3630 | LR: 0.000500
2025-08-21 07:26:58 INFO Epoch 020 | Train Loss: 0.3822 | Val Loss: 0.3644 | Dice: 0.4906 | softDice: 0.4461 | clDice: 0.5556 | softclDice: 0.4756 | IoU: 0.3253 | Tversky: 0.4906 | Hausdorff: 197.7285 | HD95: 32.0362 | val_loss: 0.3644 | LR: 0.000500
2025-08-21 07:28:36 INFO Epoch 021 | Train Loss: 0.3808 | Val Loss: 0.3680 | Dice: 0.4853 | softDice: 0.4399 | clDice: 0.5530 | softclDice: 0.4749 | IoU: 0.3207 | Tversky: 0.4853 | Hausdorff: 209.8913 | HD95: 32.5555 | val_loss: 0.3680 | LR: 0.000500
2025-08-21 07:30:14 INFO Epoch 022 | Train Loss: 0.3825 | Val Loss: 0.3645 | Dice: 0.4898 | softDice: 0.4441 | clDice: 0.5606 | softclDice: 0.4702 | IoU: 0.3246 | Tversky: 0.4898 | Hausdorff: 198.3758 | HD95: 31.8634 | val_loss: 0.3645 | LR: 0.000500
2025-08-21 07:31:55 INFO Epoch 023 | Train Loss: 0.3814 | Val Loss: 0.3641 | Dice: 0.4904 | softDice: 0.4450 | clDice: 0.5604 | softclDice: 0.4715 | IoU: 0.3252 | Tversky: 0.4904 | Hausdorff: 221.1440 | HD95: 31.4792 | val_loss: 0.3641 | LR: 0.000500
2025-08-21 07:33:33 INFO Epoch 024 | Train Loss: 0.3831 | Val Loss: 0.3649 | Dice: 0.4880 | softDice: 0.4439 | clDice: 0.5598 | softclDice: 0.4698 | IoU: 0.3231 | Tversky: 0.4880 | Hausdorff: 193.9274 | HD95: 30.9758 | val_loss: 0.3649 | LR: 0.000500
2025-08-21 07:35:12 INFO Epoch 025 | Train Loss: 0.3805 | Val Loss: 0.3664 | Dice: 0.4877 | softDice: 0.4405 | clDice: 0.5519 | softclDice: 0.4787 | IoU: 0.3228 | Tversky: 0.4877 | Hausdorff: 216.0379 | HD95: 30.8884 | val_loss: 0.3664 | LR: 0.000250
2025-08-21 07:36:52 INFO Epoch 026 | Train Loss: 0.3793 | Val Loss: 0.3632 | Dice: 0.4909 | softDice: 0.4482 | clDice: 0.5606 | softclDice: 0.4667 | IoU: 0.3256 | Tversky: 0.4909 | Hausdorff: 214.6998 | HD95: 31.0951 | val_loss: 0.3632 | LR: 0.000250
2025-08-21 07:38:30 INFO Epoch 027 | Train Loss: 0.3791 | Val Loss: 0.3649 | Dice: 0.4884 | softDice: 0.4446 | clDice: 0.5567 | softclDice: 0.4723 | IoU: 0.3234 | Tversky: 0.4884 | Hausdorff: 206.2049 | HD95: 33.8268 | val_loss: 0.3649 | LR: 0.000250
2025-08-21 07:40:11 INFO Epoch 028 | Train Loss: 0.3767 | Val Loss: 0.3637 | Dice: 0.4913 | softDice: 0.4481 | clDice: 0.5591 | softclDice: 0.4691 | IoU: 0.3260 | Tversky: 0.4913 | Hausdorff: 196.6911 | HD95: 30.7508 | val_loss: 0.3637 | LR: 0.000250
2025-08-21 07:41:51 INFO Epoch 029 | Train Loss: 0.3794 | Val Loss: 0.3669 | Dice: 0.4845 | softDice: 0.4402 | clDice: 0.5527 | softclDice: 0.4778 | IoU: 0.3200 | Tversky: 0.4845 | Hausdorff: 202.2146 | HD95: 31.1301 | val_loss: 0.3669 | LR: 0.000250
2025-08-21 07:43:30 INFO Epoch 030 | Train Loss: 0.3798 | Val Loss: 0.3638 | Dice: 0.4901 | softDice: 0.4456 | clDice: 0.5621 | softclDice: 0.4664 | IoU: 0.3249 | Tversky: 0.4901 | Hausdorff: 215.7177 | HD95: 29.8447 | val_loss: 0.3638 | LR: 0.000250
2025-08-21 07:45:11 INFO Epoch 031 | Train Loss: 0.3733 | Val Loss: 0.3632 | Dice: 0.4903 | softDice: 0.4505 | clDice: 0.5585 | softclDice: 0.4652 | IoU: 0.3251 | Tversky: 0.4903 | Hausdorff: 207.7820 | HD95: 31.9290 | val_loss: 0.3632 | LR: 0.000125
2025-08-21 07:46:50 INFO Epoch 032 | Train Loss: 0.3774 | Val Loss: 0.3644 | Dice: 0.4885 | softDice: 0.4456 | clDice: 0.5563 | softclDice: 0.4699 | IoU: 0.3235 | Tversky: 0.4885 | Hausdorff: 212.4855 | HD95: 31.5761 | val_loss: 0.3644 | LR: 0.000125
2025-08-21 07:48:30 INFO Epoch 033 | Train Loss: 0.3739 | Val Loss: 0.3628 | Dice: 0.4911 | softDice: 0.4491 | clDice: 0.5634 | softclDice: 0.4638 | IoU: 0.3258 | Tversky: 0.4911 | Hausdorff: 204.5768 | HD95: 29.5268 | val_loss: 0.3628 | LR: 0.000125
2025-08-21 07:50:09 INFO Epoch 034 | Train Loss: 0.3737 | Val Loss: 0.3627 | Dice: 0.4920 | softDice: 0.4503 | clDice: 0.5584 | softclDice: 0.4674 | IoU: 0.3266 | Tversky: 0.4920 | Hausdorff: 222.3761 | HD95: 30.4950 | val_loss: 0.3627 | LR: 0.000125
2025-08-21 07:51:49 INFO Epoch 035 | Train Loss: 0.3743 | Val Loss: 0.3638 | Dice: 0.4898 | softDice: 0.4474 | clDice: 0.5595 | softclDice: 0.4663 | IoU: 0.3246 | Tversky: 0.4898 | Hausdorff: 208.0752 | HD95: 30.9057 | val_loss: 0.3638 | LR: 0.000125
2025-08-21 07:53:29 INFO Epoch 036 | Train Loss: 0.3724 | Val Loss: 0.3625 | Dice: 0.4917 | softDice: 0.4488 | clDice: 0.5619 | softclDice: 0.4650 | IoU: 0.3263 | Tversky: 0.4917 | Hausdorff: 219.9577 | HD95: 30.5152 | val_loss: 0.3625 | LR: 0.000125
2025-08-21 07:55:09 INFO Epoch 037 | Train Loss: 0.3725 | Val Loss: 0.3653 | Dice: 0.4873 | softDice: 0.4449 | clDice: 0.5544 | softclDice: 0.4721 | IoU: 0.3225 | Tversky: 0.4873 | Hausdorff: 222.2560 | HD95: 32.7364 | val_loss: 0.3653 | LR: 0.000125
2025-08-21 07:56:47 INFO Epoch 038 | Train Loss: 0.3726 | Val Loss: 0.3664 | Dice: 0.4861 | softDice: 0.4442 | clDice: 0.5561 | softclDice: 0.4695 | IoU: 0.3214 | Tversky: 0.4861 | Hausdorff: 223.1067 | HD95: 32.5870 | val_loss: 0.3664 | LR: 0.000125
2025-08-21 07:58:26 INFO Epoch 039 | Train Loss: 0.3729 | Val Loss: 0.3652 | Dice: 0.4884 | softDice: 0.4460 | clDice: 0.5560 | softclDice: 0.4696 | IoU: 0.3234 | Tversky: 0.4884 | Hausdorff: 217.8682 | HD95: 31.6496 | val_loss: 0.3652 | LR: 0.000125
2025-08-21 08:00:05 INFO Epoch 040 | Train Loss: 0.3748 | Val Loss: 0.3660 | Dice: 0.4875 | softDice: 0.4475 | clDice: 0.5537 | softclDice: 0.4709 | IoU: 0.3227 | Tversky: 0.4875 | Hausdorff: 215.7568 | HD95: 31.7465 | val_loss: 0.3660 | LR: 0.000125
2025-08-21 08:01:44 INFO Epoch 041 | Train Loss: 0.3722 | Val Loss: 0.3642 | Dice: 0.4897 | softDice: 0.4466 | clDice: 0.5572 | softclDice: 0.4699 | IoU: 0.3245 | Tversky: 0.4897 | Hausdorff: 216.2167 | HD95: 31.8465 | val_loss: 0.3642 | LR: 0.000125
2025-08-21 08:03:22 INFO Epoch 042 | Train Loss: 0.3715 | Val Loss: 0.3673 | Dice: 0.4854 | softDice: 0.4457 | clDice: 0.5549 | softclDice: 0.4714 | IoU: 0.3208 | Tversky: 0.4854 | Hausdorff: 216.9461 | HD95: 31.1030 | val_loss: 0.3673 | LR: 0.000063
2025-08-21 08:05:00 INFO Epoch 043 | Train Loss: 0.3717 | Val Loss: 0.3659 | Dice: 0.4882 | softDice: 0.4467 | clDice: 0.5553 | softclDice: 0.4718 | IoU: 0.3232 | Tversky: 0.4882 | Hausdorff: 209.1333 | HD95: 30.8400 | val_loss: 0.3659 | LR: 0.000063
2025-08-21 08:06:38 INFO Epoch 044 | Train Loss: 0.3684 | Val Loss: 0.3652 | Dice: 0.4890 | softDice: 0.4470 | clDice: 0.5574 | softclDice: 0.4706 | IoU: 0.3239 | Tversky: 0.4890 | Hausdorff: 202.4924 | HD95: 30.5596 | val_loss: 0.3652 | LR: 0.000063
2025-08-21 08:08:16 INFO Epoch 045 | Train Loss: 0.3740 | Val Loss: 0.3638 | Dice: 0.4908 | softDice: 0.4495 | clDice: 0.5586 | softclDice: 0.4683 | IoU: 0.3255 | Tversky: 0.4908 | Hausdorff: 228.8607 | HD95: 30.6020 | val_loss: 0.3638 | LR: 0.000063
2025-08-21 08:09:57 INFO Epoch 046 | Train Loss: 0.3701 | Val Loss: 0.3649 | Dice: 0.4887 | softDice: 0.4469 | clDice: 0.5565 | softclDice: 0.4701 | IoU: 0.3237 | Tversky: 0.4887 | Hausdorff: 228.6382 | HD95: 31.0823 | val_loss: 0.3649 | LR: 0.000063
2025-08-21 08:11:35 INFO Epoch 047 | Train Loss: 0.3682 | Val Loss: 0.3654 | Dice: 0.4880 | softDice: 0.4461 | clDice: 0.5558 | softclDice: 0.4720 | IoU: 0.3231 | Tversky: 0.4880 | Hausdorff: 219.0510 | HD95: 30.7659 | val_loss: 0.3654 | LR: 0.000063
2025-08-21 08:13:12 INFO Epoch 048 | Train Loss: 0.3681 | Val Loss: 0.3663 | Dice: 0.4867 | softDice: 0.4467 | clDice: 0.5516 | softclDice: 0.4727 | IoU: 0.3220 | Tversky: 0.4867 | Hausdorff: 228.8820 | HD95: 31.4627 | val_loss: 0.3663 | LR: 0.000031
2025-08-21 08:14:50 INFO Epoch 049 | Train Loss: 0.3690 | Val Loss: 0.3646 | Dice: 0.4900 | softDice: 0.4494 | clDice: 0.5583 | softclDice: 0.4682 | IoU: 0.3248 | Tversky: 0.4900 | Hausdorff: 225.7513 | HD95: 32.3117 | val_loss: 0.3646 | LR: 0.000031
2025-08-21 08:16:26 INFO Epoch 050 | Train Loss: 0.3665 | Val Loss: 0.3660 | Dice: 0.4881 | softDice: 0.4481 | clDice: 0.5546 | softclDice: 0.4707 | IoU: 0.3232 | Tversky: 0.4881 | Hausdorff: 219.3157 | HD95: 31.5917 | val_loss: 0.3660 | LR: 0.000031
2025-08-21 08:18:04 INFO Epoch 051 | Train Loss: 0.3687 | Val Loss: 0.3662 | Dice: 0.4876 | softDice: 0.4469 | clDice: 0.5524 | softclDice: 0.4739 | IoU: 0.3227 | Tversky: 0.4876 | Hausdorff: 226.1718 | HD95: 30.7811 | val_loss: 0.3662 | LR: 0.000031
2025-08-21 08:19:40 INFO Epoch 052 | Train Loss: 0.3686 | Val Loss: 0.3662 | Dice: 0.4877 | softDice: 0.4475 | clDice: 0.5522 | softclDice: 0.4731 | IoU: 0.3228 | Tversky: 0.4877 | Hausdorff: 218.7338 | HD95: 30.9131 | val_loss: 0.3662 | LR: 0.000031
2025-08-21 08:21:17 INFO Epoch 053 | Train Loss: 0.3684 | Val Loss: 0.3652 | Dice: 0.4890 | softDice: 0.4482 | clDice: 0.5541 | softclDice: 0.4713 | IoU: 0.3239 | Tversky: 0.4890 | Hausdorff: 219.9818 | HD95: 30.1507 | val_loss: 0.3652 | LR: 0.000031
2025-08-21 08:22:55 INFO Epoch 054 | Train Loss: 0.3712 | Val Loss: 0.3657 | Dice: 0.4883 | softDice: 0.4483 | clDice: 0.5534 | softclDice: 0.4714 | IoU: 0.3233 | Tversky: 0.4883 | Hausdorff: 218.8340 | HD95: 31.3913 | val_loss: 0.3657 | LR: 0.000016
2025-08-21 08:24:31 INFO Early stopping at epoch 55 | Best Dice: 0.4920 at epoch 1
2025-08-21 08:25:18 INFO Fold 5 results: Dice: 0.4911 | softDice: 0.4491 | clDice: 0.5634 | softclDice: 0.4638 | IoU: 0.3258 | Tversky: 0.4911 | Hausdorff: 204.5768 | HD95: 29.5268 | val_loss: 0.3628
2025-08-21 08:25:18 INFO ===== Cross-validation results =====
2025-08-21 08:25:18 INFO Dice: 0.4936 | softDice: 0.4490 | clDice: 0.5613 | softclDice: 0.4687 | IoU: 0.3280 | Tversky: 0.4936 | Hausdorff: 237.4522 | HD95: 29.7614 | val_loss: 0.3660
