2025-08-21 01:26:56 INFO Starting training with configuration: {'model': {'name': 'unet', 'encoder_name': 'se_resnext50_32x4d', 'encoder_weights': 'imagenet', 'classes': 1, 'activation': None, 'dropout': 0.2}, 'dataset': {'root': '/data/smadper@alumno.upv.es/TFM/datasets/laticifers', 'patch_size': [512, 512], 'stride': [256, 256], 'num_patches': 50, 'num_workers': 4, 'feature_dirs': {'image': '/data/smadper@alumno.upv.es/TFM/datasets/laticifers/enhanced_images', 'mask': '/data/smadper@alumno.upv.es/TFM/datasets/laticifers/masks', 'distance': '/data/smadper@alumno.upv.es/TFM/datasets/laticifers/distance_maps_pt'}}, 'train': {'batch_size': 32, 'num_epochs': 70, 'learning_rate': 0.001, 'accumulation_steps': 1, 'save_dir': '/data/smadper@alumno.upv.es/TFM/checkpoints_cv2/unet/20250821_012656_unet_se_resnext50_32x4d_wbce1.0_ftversky0.5_a0.3_b0.7_g0.75', 'log_interval': 1, 'patience': 20, 'mixed_precision': True, 'experiment_name': 'unet_se_resnext50_32x4d_wbce1.0_ftversky0.5_a0.3_b0.7_g0.75', 'timestamp': '20250821_012656'}, 'test': {'batch_size': 1}, 'loss': {'name': 'bce', 'cldice_alpha': 0.2, 'tversky_alpha': 0.3, 'tversky_beta': 0.7, 'focal_tversky_gamma': 0.75, 'use_topographic': True, 'combine_with': 'focal_tversky', 'weights': {'main': 1.0, 'combined': 0.5}, 'topo': {'alpha': 2.0, 'beta': 1.0}}}
2025-08-21 01:26:56 INFO Experiment name: unet_se_resnext50_32x4d_wbce1.0_ftversky0.5_a0.3_b0.7_g0.75
2025-08-21 01:26:56 INFO ===== Fold 1 / 5 =====
2025-08-21 01:26:56 INFO Loading model unet with settings {'name': 'unet', 'encoder_name': 'se_resnext50_32x4d', 'encoder_weights': 'imagenet', 'classes': 1, 'activation': None, 'dropout': 0.2}
2025-08-21 01:28:53 INFO Epoch 001 | Train Loss: 1.9046 | Val Loss: 1.7496 | Dice: 0.4196 | softDice: 0.2789 | clDice: 0.5043 | softclDice: 0.7507 | IoU: 0.2656 | Tversky: 0.4196 | Hausdorff: 396.6691 | HD95: 65.5582 | val_loss: 1.7496 | LR: 0.001000
2025-08-21 01:30:47 INFO Epoch 002 | Train Loss: 1.6519 | Val Loss: 1.6634 | Dice: 0.4237 | softDice: 0.3570 | clDice: 0.4745 | softclDice: 0.6098 | IoU: 0.2691 | Tversky: 0.4237 | Hausdorff: 384.3901 | HD95: 75.2216 | val_loss: 1.6634 | LR: 0.001000
2025-08-21 01:32:41 INFO Epoch 003 | Train Loss: 1.6098 | Val Loss: 1.6308 | Dice: 0.4433 | softDice: 0.4132 | clDice: 0.5024 | softclDice: 0.5507 | IoU: 0.2850 | Tversky: 0.4433 | Hausdorff: 390.8521 | HD95: 52.8082 | val_loss: 1.6308 | LR: 0.001000
2025-08-21 01:34:34 INFO Epoch 004 | Train Loss: 1.5909 | Val Loss: 1.6243 | Dice: 0.4444 | softDice: 0.4230 | clDice: 0.5013 | softclDice: 0.5301 | IoU: 0.2858 | Tversky: 0.4444 | Hausdorff: 387.8528 | HD95: 58.6565 | val_loss: 1.6243 | LR: 0.001000
2025-08-21 01:36:23 INFO Epoch 005 | Train Loss: 1.5907 | Val Loss: 1.6170 | Dice: 0.4552 | softDice: 0.4378 | clDice: 0.5036 | softclDice: 0.5138 | IoU: 0.2949 | Tversky: 0.4552 | Hausdorff: 394.4926 | HD95: 55.9220 | val_loss: 1.6170 | LR: 0.001000
2025-08-21 01:38:13 INFO Epoch 006 | Train Loss: 1.5794 | Val Loss: 1.6099 | Dice: 0.4584 | softDice: 0.4462 | clDice: 0.5270 | softclDice: 0.4928 | IoU: 0.2977 | Tversky: 0.4584 | Hausdorff: 407.0684 | HD95: 55.8074 | val_loss: 1.6099 | LR: 0.001000
2025-08-21 01:40:02 INFO Epoch 007 | Train Loss: 1.5860 | Val Loss: 1.6166 | Dice: 0.4462 | softDice: 0.4357 | clDice: 0.5027 | softclDice: 0.5149 | IoU: 0.2875 | Tversky: 0.4462 | Hausdorff: 236.0564 | HD95: 52.4327 | val_loss: 1.6166 | LR: 0.001000
2025-08-21 01:41:49 INFO Epoch 008 | Train Loss: 1.5862 | Val Loss: 1.6084 | Dice: 0.4556 | softDice: 0.4462 | clDice: 0.5402 | softclDice: 0.4783 | IoU: 0.2953 | Tversky: 0.4556 | Hausdorff: 234.5174 | HD95: 48.3344 | val_loss: 1.6084 | LR: 0.001000
2025-08-21 01:43:40 INFO Epoch 009 | Train Loss: 1.5737 | Val Loss: 1.6133 | Dice: 0.4555 | softDice: 0.4430 | clDice: 0.5197 | softclDice: 0.4973 | IoU: 0.2951 | Tversky: 0.4555 | Hausdorff: 449.8721 | HD95: 69.7838 | val_loss: 1.6133 | LR: 0.001000
2025-08-21 01:45:28 INFO Epoch 010 | Train Loss: 1.5680 | Val Loss: 1.6014 | Dice: 0.4703 | softDice: 0.4624 | clDice: 0.5355 | softclDice: 0.4737 | IoU: 0.3077 | Tversky: 0.4703 | Hausdorff: 241.1032 | HD95: 50.4526 | val_loss: 1.6014 | LR: 0.001000
2025-08-21 01:47:19 INFO Epoch 011 | Train Loss: 1.5752 | Val Loss: 1.5998 | Dice: 0.4723 | softDice: 0.4647 | clDice: 0.5382 | softclDice: 0.4698 | IoU: 0.3094 | Tversky: 0.4723 | Hausdorff: 236.7519 | HD95: 45.5858 | val_loss: 1.5998 | LR: 0.001000
2025-08-21 01:49:08 INFO Epoch 012 | Train Loss: 1.5650 | Val Loss: 1.6032 | Dice: 0.4677 | softDice: 0.4600 | clDice: 0.5262 | softclDice: 0.4797 | IoU: 0.3055 | Tversky: 0.4677 | Hausdorff: 410.1884 | HD95: 48.4583 | val_loss: 1.6032 | LR: 0.001000
2025-08-21 01:50:55 INFO Epoch 013 | Train Loss: 1.5747 | Val Loss: 1.6113 | Dice: 0.4576 | softDice: 0.4490 | clDice: 0.5149 | softclDice: 0.5009 | IoU: 0.2970 | Tversky: 0.4576 | Hausdorff: 504.4135 | HD95: 57.8224 | val_loss: 1.6113 | LR: 0.001000
2025-08-21 01:52:49 INFO Epoch 014 | Train Loss: 1.5690 | Val Loss: 1.5983 | Dice: 0.4701 | softDice: 0.4639 | clDice: 0.5486 | softclDice: 0.4552 | IoU: 0.3075 | Tversky: 0.4701 | Hausdorff: 240.9041 | HD95: 47.4672 | val_loss: 1.5983 | LR: 0.001000
2025-08-21 01:54:36 INFO Epoch 015 | Train Loss: 1.5697 | Val Loss: 1.6039 | Dice: 0.4645 | softDice: 0.4564 | clDice: 0.5265 | softclDice: 0.4851 | IoU: 0.3028 | Tversky: 0.4645 | Hausdorff: 256.8863 | HD95: 52.0482 | val_loss: 1.6039 | LR: 0.001000
2025-08-21 01:56:22 INFO Epoch 016 | Train Loss: 1.5673 | Val Loss: 1.6088 | Dice: 0.4580 | softDice: 0.4530 | clDice: 0.5091 | softclDice: 0.4940 | IoU: 0.2973 | Tversky: 0.4580 | Hausdorff: 227.2211 | HD95: 53.8599 | val_loss: 1.6088 | LR: 0.001000
2025-08-21 01:58:08 INFO Epoch 017 | Train Loss: 1.5698 | Val Loss: 1.6017 | Dice: 0.4672 | softDice: 0.4607 | clDice: 0.5265 | softclDice: 0.4785 | IoU: 0.3051 | Tversky: 0.4672 | Hausdorff: 242.0206 | HD95: 45.9179 | val_loss: 1.6017 | LR: 0.001000
2025-08-21 01:59:52 INFO Epoch 018 | Train Loss: 1.5589 | Val Loss: 1.5949 | Dice: 0.4785 | softDice: 0.4730 | clDice: 0.5442 | softclDice: 0.4617 | IoU: 0.3148 | Tversky: 0.4785 | Hausdorff: 233.7048 | HD95: 44.2694 | val_loss: 1.5949 | LR: 0.001000
2025-08-21 02:01:42 INFO Epoch 019 | Train Loss: 1.5663 | Val Loss: 1.5974 | Dice: 0.4739 | softDice: 0.4684 | clDice: 0.5356 | softclDice: 0.4691 | IoU: 0.3108 | Tversky: 0.4739 | Hausdorff: 245.2725 | HD95: 43.6057 | val_loss: 1.5974 | LR: 0.001000
2025-08-21 02:03:24 INFO Epoch 020 | Train Loss: 1.5598 | Val Loss: 1.6006 | Dice: 0.4691 | softDice: 0.4634 | clDice: 0.5221 | softclDice: 0.4843 | IoU: 0.3068 | Tversky: 0.4691 | Hausdorff: 265.0951 | HD95: 43.2209 | val_loss: 1.6006 | LR: 0.001000
2025-08-21 02:05:09 INFO Epoch 021 | Train Loss: 1.5701 | Val Loss: 1.5972 | Dice: 0.4722 | softDice: 0.4669 | clDice: 0.5403 | softclDice: 0.4626 | IoU: 0.3093 | Tversky: 0.4722 | Hausdorff: 230.1845 | HD95: 51.2706 | val_loss: 1.5972 | LR: 0.001000
2025-08-21 02:06:59 INFO Epoch 022 | Train Loss: 1.5744 | Val Loss: 1.5977 | Dice: 0.4761 | softDice: 0.4699 | clDice: 0.5338 | softclDice: 0.4763 | IoU: 0.3127 | Tversky: 0.4761 | Hausdorff: 244.0928 | HD95: 46.1240 | val_loss: 1.5977 | LR: 0.001000
2025-08-21 02:08:45 INFO Epoch 023 | Train Loss: 1.5618 | Val Loss: 1.6052 | Dice: 0.4604 | softDice: 0.4535 | clDice: 0.5227 | softclDice: 0.4857 | IoU: 0.2993 | Tversky: 0.4604 | Hausdorff: 239.6115 | HD95: 49.9404 | val_loss: 1.6052 | LR: 0.001000
2025-08-21 02:10:36 INFO Epoch 024 | Train Loss: 1.5678 | Val Loss: 1.5990 | Dice: 0.4701 | softDice: 0.4642 | clDice: 0.5321 | softclDice: 0.4742 | IoU: 0.3074 | Tversky: 0.4701 | Hausdorff: 252.9797 | HD95: 53.8286 | val_loss: 1.5990 | LR: 0.000500
2025-08-21 02:12:22 INFO Epoch 025 | Train Loss: 1.5642 | Val Loss: 1.5957 | Dice: 0.4749 | softDice: 0.4692 | clDice: 0.5395 | softclDice: 0.4642 | IoU: 0.3116 | Tversky: 0.4749 | Hausdorff: 246.7677 | HD95: 44.1410 | val_loss: 1.5957 | LR: 0.000500
2025-08-21 02:14:06 INFO Epoch 026 | Train Loss: 1.5663 | Val Loss: 1.5921 | Dice: 0.4802 | softDice: 0.4755 | clDice: 0.5450 | softclDice: 0.4573 | IoU: 0.3162 | Tversky: 0.4802 | Hausdorff: 243.4392 | HD95: 42.4757 | val_loss: 1.5921 | LR: 0.000500
2025-08-21 02:15:55 INFO Epoch 027 | Train Loss: 1.5597 | Val Loss: 1.5925 | Dice: 0.4806 | softDice: 0.4754 | clDice: 0.5447 | softclDice: 0.4561 | IoU: 0.3165 | Tversky: 0.4806 | Hausdorff: 253.6362 | HD95: 42.6454 | val_loss: 1.5925 | LR: 0.000500
2025-08-21 02:17:42 INFO Epoch 028 | Train Loss: 1.5579 | Val Loss: 1.5908 | Dice: 0.4841 | softDice: 0.4786 | clDice: 0.5498 | softclDice: 0.4519 | IoU: 0.3196 | Tversky: 0.4841 | Hausdorff: 242.4974 | HD95: 42.7508 | val_loss: 1.5908 | LR: 0.000500
2025-08-21 02:19:34 INFO Epoch 029 | Train Loss: 1.5616 | Val Loss: 1.5924 | Dice: 0.4834 | softDice: 0.4778 | clDice: 0.5429 | softclDice: 0.4606 | IoU: 0.3190 | Tversky: 0.4834 | Hausdorff: 240.6936 | HD95: 46.0562 | val_loss: 1.5924 | LR: 0.000500
2025-08-21 02:21:19 INFO Epoch 030 | Train Loss: 1.5565 | Val Loss: 1.5912 | Dice: 0.4827 | softDice: 0.4774 | clDice: 0.5507 | softclDice: 0.4533 | IoU: 0.3184 | Tversky: 0.4827 | Hausdorff: 238.1397 | HD95: 41.7341 | val_loss: 1.5912 | LR: 0.000500
2025-08-21 02:23:08 INFO Early stopping at epoch 31 | Best Dice: 0.4841 at epoch 1
2025-08-21 02:24:01 INFO Fold 1 results: Dice: 0.4841 | softDice: 0.4786 | clDice: 0.5498 | softclDice: 0.4519 | IoU: 0.3196 | Tversky: 0.4841 | Hausdorff: 242.4974 | HD95: 42.7508 | val_loss: 1.5908
2025-08-21 02:24:01 INFO ===== Fold 2 / 5 =====
2025-08-21 02:24:01 INFO Loading model unet with settings {'name': 'unet', 'encoder_name': 'se_resnext50_32x4d', 'encoder_weights': 'imagenet', 'classes': 1, 'activation': None, 'dropout': 0.2}
2025-08-21 02:25:49 INFO Epoch 001 | Train Loss: 1.8952 | Val Loss: 1.7029 | Dice: 0.4247 | softDice: 0.2995 | clDice: 0.5070 | softclDice: 0.7197 | IoU: 0.2699 | Tversky: 0.4247 | Hausdorff: 333.4043 | HD95: 50.1472 | val_loss: 1.7029 | LR: 0.001000
2025-08-21 02:27:41 INFO Epoch 002 | Train Loss: 1.6541 | Val Loss: 1.6156 | Dice: 0.4429 | softDice: 0.3882 | clDice: 0.5144 | softclDice: 0.5712 | IoU: 0.2848 | Tversky: 0.4429 | Hausdorff: 292.0271 | HD95: 46.9338 | val_loss: 1.6156 | LR: 0.001000
2025-08-21 02:29:29 INFO Epoch 003 | Train Loss: 1.6262 | Val Loss: 1.5928 | Dice: 0.4479 | softDice: 0.4183 | clDice: 0.5050 | softclDice: 0.5306 | IoU: 0.2888 | Tversky: 0.4479 | Hausdorff: 287.3478 | HD95: 43.7434 | val_loss: 1.5928 | LR: 0.001000
2025-08-21 02:31:19 INFO Epoch 004 | Train Loss: 1.6111 | Val Loss: 1.5757 | Dice: 0.4675 | softDice: 0.4456 | clDice: 0.5306 | softclDice: 0.4928 | IoU: 0.3055 | Tversky: 0.4675 | Hausdorff: 284.1823 | HD95: 44.4522 | val_loss: 1.5757 | LR: 0.001000
2025-08-21 02:33:08 INFO Epoch 005 | Train Loss: 1.6086 | Val Loss: 1.5678 | Dice: 0.4723 | softDice: 0.4573 | clDice: 0.5476 | softclDice: 0.4686 | IoU: 0.3094 | Tversky: 0.4723 | Hausdorff: 280.8537 | HD95: 41.4603 | val_loss: 1.5678 | LR: 0.001000
2025-08-21 02:34:58 INFO Epoch 006 | Train Loss: 1.5984 | Val Loss: 1.5729 | Dice: 0.4646 | softDice: 0.4498 | clDice: 0.5364 | softclDice: 0.4915 | IoU: 0.3029 | Tversky: 0.4646 | Hausdorff: 269.3838 | HD95: 41.5286 | val_loss: 1.5729 | LR: 0.001000
2025-08-21 02:36:51 INFO Epoch 007 | Train Loss: 1.5849 | Val Loss: 1.5633 | Dice: 0.4763 | softDice: 0.4661 | clDice: 0.5363 | softclDice: 0.4735 | IoU: 0.3130 | Tversky: 0.4763 | Hausdorff: 307.4550 | HD95: 39.4585 | val_loss: 1.5633 | LR: 0.001000
2025-08-21 02:38:40 INFO Epoch 008 | Train Loss: 1.5935 | Val Loss: 1.5621 | Dice: 0.4742 | softDice: 0.4660 | clDice: 0.5459 | softclDice: 0.4596 | IoU: 0.3112 | Tversky: 0.4742 | Hausdorff: 280.8692 | HD95: 44.3046 | val_loss: 1.5621 | LR: 0.001000
2025-08-21 02:40:32 INFO Epoch 009 | Train Loss: 1.5973 | Val Loss: 1.5709 | Dice: 0.4616 | softDice: 0.4540 | clDice: 0.5219 | softclDice: 0.4807 | IoU: 0.3006 | Tversky: 0.4616 | Hausdorff: 271.1808 | HD95: 52.4149 | val_loss: 1.5709 | LR: 0.001000
2025-08-21 02:42:23 INFO Epoch 010 | Train Loss: 1.5908 | Val Loss: 1.5678 | Dice: 0.4663 | softDice: 0.4587 | clDice: 0.5160 | softclDice: 0.4879 | IoU: 0.3045 | Tversky: 0.4663 | Hausdorff: 324.8544 | HD95: 43.8057 | val_loss: 1.5678 | LR: 0.001000
2025-08-21 02:44:11 INFO Epoch 011 | Train Loss: 1.5826 | Val Loss: 1.5609 | Dice: 0.4757 | softDice: 0.4684 | clDice: 0.5426 | softclDice: 0.4611 | IoU: 0.3124 | Tversky: 0.4757 | Hausdorff: 357.5724 | HD95: 37.9812 | val_loss: 1.5609 | LR: 0.001000
2025-08-21 02:46:02 INFO Epoch 012 | Train Loss: 1.5913 | Val Loss: 1.5610 | Dice: 0.4754 | softDice: 0.4691 | clDice: 0.5387 | softclDice: 0.4614 | IoU: 0.3122 | Tversky: 0.4754 | Hausdorff: 328.0123 | HD95: 38.7696 | val_loss: 1.5610 | LR: 0.001000
2025-08-21 02:47:47 INFO Epoch 013 | Train Loss: 1.5899 | Val Loss: 1.5626 | Dice: 0.4727 | softDice: 0.4671 | clDice: 0.5385 | softclDice: 0.4619 | IoU: 0.3102 | Tversky: 0.4727 | Hausdorff: 326.9300 | HD95: 51.3728 | val_loss: 1.5626 | LR: 0.001000
2025-08-21 02:49:34 INFO Epoch 014 | Train Loss: 1.5843 | Val Loss: 1.5627 | Dice: 0.4724 | softDice: 0.4659 | clDice: 0.5352 | softclDice: 0.4681 | IoU: 0.3097 | Tversky: 0.4724 | Hausdorff: 261.6955 | HD95: 43.4107 | val_loss: 1.5627 | LR: 0.001000
2025-08-21 02:51:28 INFO Epoch 015 | Train Loss: 1.5857 | Val Loss: 1.5644 | Dice: 0.4728 | softDice: 0.4671 | clDice: 0.5235 | softclDice: 0.4780 | IoU: 0.3102 | Tversky: 0.4728 | Hausdorff: 297.8667 | HD95: 47.8311 | val_loss: 1.5644 | LR: 0.001000
2025-08-21 02:53:16 INFO Epoch 016 | Train Loss: 1.5811 | Val Loss: 1.5575 | Dice: 0.4816 | softDice: 0.4764 | clDice: 0.5416 | softclDice: 0.4580 | IoU: 0.3176 | Tversky: 0.4816 | Hausdorff: 289.7313 | HD95: 41.7818 | val_loss: 1.5575 | LR: 0.001000
2025-08-21 02:55:07 INFO Epoch 017 | Train Loss: 1.5890 | Val Loss: 1.5576 | Dice: 0.4804 | softDice: 0.4751 | clDice: 0.5393 | softclDice: 0.4581 | IoU: 0.3166 | Tversky: 0.4804 | Hausdorff: 322.5448 | HD95: 40.5160 | val_loss: 1.5576 | LR: 0.001000
2025-08-21 02:56:55 INFO Epoch 018 | Train Loss: 1.5763 | Val Loss: 1.5586 | Dice: 0.4790 | softDice: 0.4741 | clDice: 0.5392 | softclDice: 0.4585 | IoU: 0.3153 | Tversky: 0.4790 | Hausdorff: 278.6457 | HD95: 40.8322 | val_loss: 1.5586 | LR: 0.001000
2025-08-21 02:58:41 INFO Epoch 019 | Train Loss: 1.5853 | Val Loss: 1.5613 | Dice: 0.4746 | softDice: 0.4691 | clDice: 0.5327 | softclDice: 0.4698 | IoU: 0.3116 | Tversky: 0.4746 | Hausdorff: 280.5286 | HD95: 38.0471 | val_loss: 1.5613 | LR: 0.001000
2025-08-21 03:00:33 INFO Epoch 020 | Train Loss: 1.5814 | Val Loss: 1.5557 | Dice: 0.4817 | softDice: 0.4770 | clDice: 0.5431 | softclDice: 0.4578 | IoU: 0.3176 | Tversky: 0.4817 | Hausdorff: 314.3114 | HD95: 36.8263 | val_loss: 1.5557 | LR: 0.001000
2025-08-21 03:02:21 INFO Epoch 021 | Train Loss: 1.5930 | Val Loss: 1.5564 | Dice: 0.4810 | softDice: 0.4760 | clDice: 0.5452 | softclDice: 0.4515 | IoU: 0.3170 | Tversky: 0.4810 | Hausdorff: 298.3481 | HD95: 40.2899 | val_loss: 1.5564 | LR: 0.001000
2025-08-21 03:04:11 INFO Epoch 022 | Train Loss: 1.5854 | Val Loss: 1.5574 | Dice: 0.4810 | softDice: 0.4764 | clDice: 0.5354 | softclDice: 0.4633 | IoU: 0.3171 | Tversky: 0.4810 | Hausdorff: 319.3835 | HD95: 38.0836 | val_loss: 1.5574 | LR: 0.001000
2025-08-21 03:06:00 INFO Epoch 023 | Train Loss: 1.5755 | Val Loss: 1.5588 | Dice: 0.4787 | softDice: 0.4734 | clDice: 0.5436 | softclDice: 0.4552 | IoU: 0.3152 | Tversky: 0.4787 | Hausdorff: 289.7816 | HD95: 48.5968 | val_loss: 1.5588 | LR: 0.001000
2025-08-21 03:07:47 INFO Epoch 024 | Train Loss: 1.5876 | Val Loss: 1.5550 | Dice: 0.4823 | softDice: 0.4776 | clDice: 0.5494 | softclDice: 0.4499 | IoU: 0.3180 | Tversky: 0.4823 | Hausdorff: 311.8396 | HD95: 36.6260 | val_loss: 1.5550 | LR: 0.001000
2025-08-21 03:09:39 INFO Epoch 025 | Train Loss: 1.5869 | Val Loss: 1.5598 | Dice: 0.4748 | softDice: 0.4699 | clDice: 0.5428 | softclDice: 0.4554 | IoU: 0.3117 | Tversky: 0.4748 | Hausdorff: 307.8098 | HD95: 43.9706 | val_loss: 1.5598 | LR: 0.001000
2025-08-21 03:11:28 INFO Epoch 026 | Train Loss: 1.5849 | Val Loss: 1.5563 | Dice: 0.4811 | softDice: 0.4756 | clDice: 0.5432 | softclDice: 0.4559 | IoU: 0.3170 | Tversky: 0.4811 | Hausdorff: 289.9058 | HD95: 33.6042 | val_loss: 1.5563 | LR: 0.001000
2025-08-21 03:13:17 INFO Epoch 027 | Train Loss: 1.5811 | Val Loss: 1.5577 | Dice: 0.4792 | softDice: 0.4748 | clDice: 0.5414 | softclDice: 0.4563 | IoU: 0.3155 | Tversky: 0.4792 | Hausdorff: 316.2939 | HD95: 41.0304 | val_loss: 1.5577 | LR: 0.001000
2025-08-21 03:15:05 INFO Epoch 028 | Train Loss: 1.5723 | Val Loss: 1.5600 | Dice: 0.4783 | softDice: 0.4728 | clDice: 0.5361 | softclDice: 0.4641 | IoU: 0.3147 | Tversky: 0.4783 | Hausdorff: 283.9018 | HD95: 41.7658 | val_loss: 1.5600 | LR: 0.001000
2025-08-21 03:16:52 INFO Epoch 029 | Train Loss: 1.5763 | Val Loss: 1.5570 | Dice: 0.4806 | softDice: 0.4761 | clDice: 0.5420 | softclDice: 0.4585 | IoU: 0.3167 | Tversky: 0.4806 | Hausdorff: 299.1497 | HD95: 35.7750 | val_loss: 1.5570 | LR: 0.001000
2025-08-21 03:18:44 INFO Early stopping at epoch 30 | Best Dice: 0.4823 at epoch 1
2025-08-21 03:19:37 INFO Fold 2 results: Dice: 0.4823 | softDice: 0.4776 | clDice: 0.5494 | softclDice: 0.4499 | IoU: 0.3180 | Tversky: 0.4823 | Hausdorff: 311.8396 | HD95: 36.6260 | val_loss: 1.5550
2025-08-21 03:19:37 INFO ===== Fold 3 / 5 =====
2025-08-21 03:19:37 INFO Loading model unet with settings {'name': 'unet', 'encoder_name': 'se_resnext50_32x4d', 'encoder_weights': 'imagenet', 'classes': 1, 'activation': None, 'dropout': 0.2}
2025-08-21 03:21:27 INFO Epoch 001 | Train Loss: 1.8156 | Val Loss: 1.6780 | Dice: 0.4147 | softDice: 0.3044 | clDice: 0.4558 | softclDice: 0.6843 | IoU: 0.2625 | Tversky: 0.4147 | Hausdorff: 338.0517 | HD95: 66.7324 | val_loss: 1.6780 | LR: 0.001000
2025-08-21 03:23:14 INFO Epoch 002 | Train Loss: 1.6342 | Val Loss: 1.6075 | Dice: 0.4600 | softDice: 0.4171 | clDice: 0.5178 | softclDice: 0.5295 | IoU: 0.2995 | Tversky: 0.4600 | Hausdorff: 267.8866 | HD95: 46.2920 | val_loss: 1.6075 | LR: 0.001000
2025-08-21 03:25:07 INFO Epoch 003 | Train Loss: 1.6035 | Val Loss: 1.5872 | Dice: 0.4697 | softDice: 0.4482 | clDice: 0.5315 | softclDice: 0.4940 | IoU: 0.3077 | Tversky: 0.4697 | Hausdorff: 305.6307 | HD95: 46.1433 | val_loss: 1.5872 | LR: 0.001000
2025-08-21 03:26:54 INFO Epoch 004 | Train Loss: 1.5976 | Val Loss: 1.5835 | Dice: 0.4730 | softDice: 0.4546 | clDice: 0.5327 | softclDice: 0.4853 | IoU: 0.3107 | Tversky: 0.4730 | Hausdorff: 264.6947 | HD95: 43.9882 | val_loss: 1.5835 | LR: 0.001000
2025-08-21 03:28:43 INFO Epoch 005 | Train Loss: 1.5875 | Val Loss: 1.5772 | Dice: 0.4757 | softDice: 0.4634 | clDice: 0.5469 | softclDice: 0.4634 | IoU: 0.3129 | Tversky: 0.4757 | Hausdorff: 239.8722 | HD95: 45.4287 | val_loss: 1.5772 | LR: 0.001000
2025-08-21 03:30:33 INFO Epoch 006 | Train Loss: 1.5923 | Val Loss: 1.5854 | Dice: 0.4584 | softDice: 0.4490 | clDice: 0.5232 | softclDice: 0.4912 | IoU: 0.2981 | Tversky: 0.4584 | Hausdorff: 249.9082 | HD95: 42.0063 | val_loss: 1.5854 | LR: 0.001000
2025-08-21 03:32:18 INFO Epoch 007 | Train Loss: 1.5883 | Val Loss: 1.5769 | Dice: 0.4728 | softDice: 0.4640 | clDice: 0.5431 | softclDice: 0.4631 | IoU: 0.3103 | Tversky: 0.4728 | Hausdorff: 252.9738 | HD95: 40.0960 | val_loss: 1.5769 | LR: 0.001000
2025-08-21 03:34:08 INFO Epoch 008 | Train Loss: 1.5922 | Val Loss: 1.5738 | Dice: 0.4777 | softDice: 0.4704 | clDice: 0.5404 | softclDice: 0.4614 | IoU: 0.3146 | Tversky: 0.4777 | Hausdorff: 251.9257 | HD95: 38.9572 | val_loss: 1.5738 | LR: 0.001000
2025-08-21 03:35:57 INFO Epoch 009 | Train Loss: 1.5856 | Val Loss: 1.5798 | Dice: 0.4660 | softDice: 0.4592 | clDice: 0.5337 | softclDice: 0.4691 | IoU: 0.3047 | Tversky: 0.4660 | Hausdorff: 245.7760 | HD95: 38.9510 | val_loss: 1.5798 | LR: 0.001000
2025-08-21 03:37:46 INFO Epoch 010 | Train Loss: 1.5828 | Val Loss: 1.5716 | Dice: 0.4811 | softDice: 0.4751 | clDice: 0.5405 | softclDice: 0.4593 | IoU: 0.3177 | Tversky: 0.4811 | Hausdorff: 269.3840 | HD95: 43.8174 | val_loss: 1.5716 | LR: 0.001000
2025-08-21 03:39:36 INFO Epoch 011 | Train Loss: 1.5789 | Val Loss: 1.5705 | Dice: 0.4794 | softDice: 0.4732 | clDice: 0.5577 | softclDice: 0.4459 | IoU: 0.3160 | Tversky: 0.4794 | Hausdorff: 248.8862 | HD95: 39.8129 | val_loss: 1.5705 | LR: 0.001000
2025-08-21 03:41:21 INFO Epoch 012 | Train Loss: 1.5803 | Val Loss: 1.5712 | Dice: 0.4796 | softDice: 0.4726 | clDice: 0.5519 | softclDice: 0.4492 | IoU: 0.3162 | Tversky: 0.4796 | Hausdorff: 246.7205 | HD95: 37.0214 | val_loss: 1.5712 | LR: 0.001000
2025-08-21 03:43:11 INFO Epoch 013 | Train Loss: 1.5895 | Val Loss: 1.5738 | Dice: 0.4786 | softDice: 0.4713 | clDice: 0.5385 | softclDice: 0.4647 | IoU: 0.3155 | Tversky: 0.4786 | Hausdorff: 265.5425 | HD95: 37.4357 | val_loss: 1.5738 | LR: 0.001000
2025-08-21 03:44:58 INFO Epoch 014 | Train Loss: 1.5787 | Val Loss: 1.5704 | Dice: 0.4787 | softDice: 0.4735 | clDice: 0.5464 | softclDice: 0.4469 | IoU: 0.3155 | Tversky: 0.4787 | Hausdorff: 252.5662 | HD95: 44.1783 | val_loss: 1.5704 | LR: 0.001000
2025-08-21 03:46:48 INFO Epoch 015 | Train Loss: 1.5787 | Val Loss: 1.5678 | Dice: 0.4880 | softDice: 0.4818 | clDice: 0.5493 | softclDice: 0.4498 | IoU: 0.3236 | Tversky: 0.4880 | Hausdorff: 240.4112 | HD95: 41.2910 | val_loss: 1.5678 | LR: 0.001000
2025-08-21 03:48:34 INFO Epoch 016 | Train Loss: 1.5776 | Val Loss: 1.5681 | Dice: 0.4844 | softDice: 0.4781 | clDice: 0.5501 | softclDice: 0.4513 | IoU: 0.3204 | Tversky: 0.4844 | Hausdorff: 233.4575 | HD95: 35.7946 | val_loss: 1.5681 | LR: 0.001000
2025-08-21 03:50:22 INFO Epoch 017 | Train Loss: 1.5655 | Val Loss: 1.5681 | Dice: 0.4842 | softDice: 0.4790 | clDice: 0.5521 | softclDice: 0.4450 | IoU: 0.3202 | Tversky: 0.4842 | Hausdorff: 220.4177 | HD95: 45.1847 | val_loss: 1.5681 | LR: 0.001000
2025-08-21 03:52:16 INFO Epoch 018 | Train Loss: 1.5778 | Val Loss: 1.5641 | Dice: 0.4896 | softDice: 0.4829 | clDice: 0.5668 | softclDice: 0.4339 | IoU: 0.3248 | Tversky: 0.4896 | Hausdorff: 349.2264 | HD95: 33.4089 | val_loss: 1.5641 | LR: 0.001000
2025-08-21 03:54:03 INFO Epoch 019 | Train Loss: 1.5791 | Val Loss: 1.5709 | Dice: 0.4792 | softDice: 0.4749 | clDice: 0.5479 | softclDice: 0.4498 | IoU: 0.3160 | Tversky: 0.4792 | Hausdorff: 239.5681 | HD95: 42.9062 | val_loss: 1.5709 | LR: 0.001000
2025-08-21 03:55:51 INFO Epoch 020 | Train Loss: 1.5766 | Val Loss: 1.5643 | Dice: 0.4910 | softDice: 0.4856 | clDice: 0.5588 | softclDice: 0.4399 | IoU: 0.3263 | Tversky: 0.4910 | Hausdorff: 246.5668 | HD95: 34.0866 | val_loss: 1.5643 | LR: 0.001000
2025-08-21 03:57:38 INFO Epoch 021 | Train Loss: 1.5857 | Val Loss: 1.5695 | Dice: 0.4820 | softDice: 0.4760 | clDice: 0.5480 | softclDice: 0.4483 | IoU: 0.3184 | Tversky: 0.4820 | Hausdorff: 291.0457 | HD95: 44.2299 | val_loss: 1.5695 | LR: 0.001000
2025-08-21 03:59:24 INFO Epoch 022 | Train Loss: 1.5775 | Val Loss: 1.5679 | Dice: 0.4837 | softDice: 0.4778 | clDice: 0.5584 | softclDice: 0.4361 | IoU: 0.3198 | Tversky: 0.4837 | Hausdorff: 239.4535 | HD95: 44.0965 | val_loss: 1.5679 | LR: 0.001000
2025-08-21 04:01:16 INFO Epoch 023 | Train Loss: 1.5684 | Val Loss: 1.5671 | Dice: 0.4848 | softDice: 0.4780 | clDice: 0.5617 | softclDice: 0.4374 | IoU: 0.3207 | Tversky: 0.4848 | Hausdorff: 243.5664 | HD95: 38.7204 | val_loss: 1.5671 | LR: 0.001000
2025-08-21 04:03:02 INFO Epoch 024 | Train Loss: 1.5790 | Val Loss: 1.5650 | Dice: 0.4885 | softDice: 0.4821 | clDice: 0.5660 | softclDice: 0.4338 | IoU: 0.3239 | Tversky: 0.4885 | Hausdorff: 252.7331 | HD95: 36.0336 | val_loss: 1.5650 | LR: 0.000500
2025-08-21 04:04:51 INFO Epoch 025 | Train Loss: 1.5704 | Val Loss: 1.5630 | Dice: 0.4927 | softDice: 0.4874 | clDice: 0.5607 | softclDice: 0.4343 | IoU: 0.3277 | Tversky: 0.4927 | Hausdorff: 243.3276 | HD95: 35.7887 | val_loss: 1.5630 | LR: 0.000500
2025-08-21 04:06:37 INFO Epoch 026 | Train Loss: 1.5762 | Val Loss: 1.5592 | Dice: 0.4979 | softDice: 0.4930 | clDice: 0.5699 | softclDice: 0.4286 | IoU: 0.3323 | Tversky: 0.4979 | Hausdorff: 255.2515 | HD95: 35.1023 | val_loss: 1.5592 | LR: 0.000500
2025-08-21 04:08:25 INFO Epoch 027 | Train Loss: 1.5700 | Val Loss: 1.5625 | Dice: 0.4932 | softDice: 0.4885 | clDice: 0.5565 | softclDice: 0.4414 | IoU: 0.3282 | Tversky: 0.4932 | Hausdorff: 257.3388 | HD95: 33.5619 | val_loss: 1.5625 | LR: 0.000500
2025-08-21 04:10:18 INFO Epoch 028 | Train Loss: 1.5668 | Val Loss: 1.5612 | Dice: 0.4948 | softDice: 0.4892 | clDice: 0.5621 | softclDice: 0.4355 | IoU: 0.3295 | Tversky: 0.4948 | Hausdorff: 243.3097 | HD95: 33.8479 | val_loss: 1.5612 | LR: 0.000500
2025-08-21 04:12:06 INFO Epoch 029 | Train Loss: 1.5755 | Val Loss: 1.5624 | Dice: 0.4922 | softDice: 0.4869 | clDice: 0.5653 | softclDice: 0.4322 | IoU: 0.3271 | Tversky: 0.4922 | Hausdorff: 240.1713 | HD95: 31.6863 | val_loss: 1.5624 | LR: 0.000500
2025-08-21 04:13:56 INFO Epoch 030 | Train Loss: 1.5734 | Val Loss: 1.5605 | Dice: 0.4955 | softDice: 0.4905 | clDice: 0.5652 | softclDice: 0.4312 | IoU: 0.3301 | Tversky: 0.4955 | Hausdorff: 251.3120 | HD95: 31.6742 | val_loss: 1.5605 | LR: 0.000500
2025-08-21 04:15:43 INFO Epoch 031 | Train Loss: 1.5752 | Val Loss: 1.5599 | Dice: 0.4970 | softDice: 0.4914 | clDice: 0.5698 | softclDice: 0.4275 | IoU: 0.3314 | Tversky: 0.4970 | Hausdorff: 248.3629 | HD95: 31.7165 | val_loss: 1.5599 | LR: 0.000500
2025-08-21 04:17:31 INFO Epoch 032 | Train Loss: 1.5770 | Val Loss: 1.5629 | Dice: 0.4926 | softDice: 0.4869 | clDice: 0.5666 | softclDice: 0.4323 | IoU: 0.3276 | Tversky: 0.4926 | Hausdorff: 245.1751 | HD95: 36.9376 | val_loss: 1.5629 | LR: 0.000250
2025-08-21 04:19:23 INFO Epoch 033 | Train Loss: 1.5725 | Val Loss: 1.5614 | Dice: 0.4949 | softDice: 0.4897 | clDice: 0.5639 | softclDice: 0.4329 | IoU: 0.3296 | Tversky: 0.4949 | Hausdorff: 242.1651 | HD95: 33.0761 | val_loss: 1.5614 | LR: 0.000250
2025-08-21 04:21:09 INFO Early stopping at epoch 34 | Best Dice: 0.4979 at epoch 1
2025-08-21 04:22:00 INFO Fold 3 results: Dice: 0.4970 | softDice: 0.4914 | clDice: 0.5698 | softclDice: 0.4275 | IoU: 0.3314 | Tversky: 0.4970 | Hausdorff: 248.3629 | HD95: 31.7165 | val_loss: 1.5599
2025-08-21 04:22:00 INFO ===== Fold 4 / 5 =====
2025-08-21 04:22:00 INFO Loading model unet with settings {'name': 'unet', 'encoder_name': 'se_resnext50_32x4d', 'encoder_weights': 'imagenet', 'classes': 1, 'activation': None, 'dropout': 0.2}
2025-08-21 04:23:49 INFO Epoch 001 | Train Loss: 1.8082 | Val Loss: 1.6504 | Dice: 0.4319 | softDice: 0.3408 | clDice: 0.4925 | softclDice: 0.6423 | IoU: 0.2755 | Tversky: 0.4319 | Hausdorff: 596.5226 | HD95: 49.9001 | val_loss: 1.6504 | LR: 0.001000
2025-08-21 04:25:38 INFO Epoch 002 | Train Loss: 1.6409 | Val Loss: 1.5842 | Dice: 0.4569 | softDice: 0.4254 | clDice: 0.5235 | softclDice: 0.5261 | IoU: 0.2962 | Tversky: 0.4569 | Hausdorff: 283.7997 | HD95: 54.6331 | val_loss: 1.5842 | LR: 0.001000
2025-08-21 04:27:28 INFO Epoch 003 | Train Loss: 1.6117 | Val Loss: 1.5967 | Dice: 0.4331 | softDice: 0.4148 | clDice: 0.5014 | softclDice: 0.5566 | IoU: 0.2770 | Tversky: 0.4331 | Hausdorff: 359.2144 | HD95: 66.2275 | val_loss: 1.5967 | LR: 0.001000
2025-08-21 04:29:20 INFO Epoch 004 | Train Loss: 1.6055 | Val Loss: 1.5650 | Dice: 0.4731 | softDice: 0.4593 | clDice: 0.5283 | softclDice: 0.4833 | IoU: 0.3101 | Tversky: 0.4731 | Hausdorff: 274.8866 | HD95: 43.0102 | val_loss: 1.5650 | LR: 0.001000
2025-08-21 04:31:09 INFO Epoch 005 | Train Loss: 1.5995 | Val Loss: 1.5666 | Dice: 0.4689 | softDice: 0.4573 | clDice: 0.5242 | softclDice: 0.4846 | IoU: 0.3064 | Tversky: 0.4689 | Hausdorff: 292.4955 | HD95: 46.4127 | val_loss: 1.5666 | LR: 0.001000
2025-08-21 04:32:59 INFO Epoch 006 | Train Loss: 1.5996 | Val Loss: 1.5601 | Dice: 0.4754 | softDice: 0.4656 | clDice: 0.5431 | softclDice: 0.4631 | IoU: 0.3120 | Tversky: 0.4754 | Hausdorff: 246.2136 | HD95: 42.0461 | val_loss: 1.5601 | LR: 0.001000
2025-08-21 04:34:50 INFO Epoch 007 | Train Loss: 1.5979 | Val Loss: 1.5642 | Dice: 0.4682 | softDice: 0.4588 | clDice: 0.5373 | softclDice: 0.4719 | IoU: 0.3059 | Tversky: 0.4682 | Hausdorff: 281.4170 | HD95: 47.1156 | val_loss: 1.5642 | LR: 0.001000
2025-08-21 04:36:39 INFO Epoch 008 | Train Loss: 1.5996 | Val Loss: 1.5573 | Dice: 0.4783 | softDice: 0.4707 | clDice: 0.5469 | softclDice: 0.4586 | IoU: 0.3145 | Tversky: 0.4783 | Hausdorff: 315.7676 | HD95: 41.4631 | val_loss: 1.5573 | LR: 0.001000
2025-08-21 04:38:29 INFO Epoch 009 | Train Loss: 1.5940 | Val Loss: 1.5587 | Dice: 0.4740 | softDice: 0.4673 | clDice: 0.5479 | softclDice: 0.4486 | IoU: 0.3108 | Tversky: 0.4740 | Hausdorff: 265.7232 | HD95: 41.3128 | val_loss: 1.5587 | LR: 0.001000
2025-08-21 04:40:19 INFO Epoch 010 | Train Loss: 1.5853 | Val Loss: 1.5573 | Dice: 0.4791 | softDice: 0.4725 | clDice: 0.5489 | softclDice: 0.4513 | IoU: 0.3153 | Tversky: 0.4791 | Hausdorff: 314.0659 | HD95: 39.4972 | val_loss: 1.5573 | LR: 0.001000
2025-08-21 04:42:05 INFO Epoch 011 | Train Loss: 1.5887 | Val Loss: 1.5611 | Dice: 0.4699 | softDice: 0.4650 | clDice: 0.5361 | softclDice: 0.4597 | IoU: 0.3073 | Tversky: 0.4699 | Hausdorff: 247.0629 | HD95: 55.0366 | val_loss: 1.5611 | LR: 0.001000
2025-08-21 04:43:57 INFO Epoch 012 | Train Loss: 1.5903 | Val Loss: 1.5622 | Dice: 0.4706 | softDice: 0.4632 | clDice: 0.5288 | softclDice: 0.4774 | IoU: 0.3081 | Tversky: 0.4706 | Hausdorff: 226.7193 | HD95: 46.5530 | val_loss: 1.5622 | LR: 0.001000
2025-08-21 04:45:44 INFO Epoch 013 | Train Loss: 1.5902 | Val Loss: 1.5586 | Dice: 0.4748 | softDice: 0.4684 | clDice: 0.5386 | softclDice: 0.4630 | IoU: 0.3115 | Tversky: 0.4748 | Hausdorff: 319.8910 | HD95: 39.2490 | val_loss: 1.5586 | LR: 0.001000
2025-08-21 04:47:32 INFO Epoch 014 | Train Loss: 1.5899 | Val Loss: 1.5534 | Dice: 0.4836 | softDice: 0.4775 | clDice: 0.5483 | softclDice: 0.4470 | IoU: 0.3190 | Tversky: 0.4836 | Hausdorff: 261.0177 | HD95: 39.5131 | val_loss: 1.5534 | LR: 0.001000
2025-08-21 04:49:26 INFO Epoch 015 | Train Loss: 1.5885 | Val Loss: 1.5547 | Dice: 0.4811 | softDice: 0.4773 | clDice: 0.5380 | softclDice: 0.4579 | IoU: 0.3170 | Tversky: 0.4811 | Hausdorff: 225.9833 | HD95: 43.6146 | val_loss: 1.5547 | LR: 0.001000
2025-08-21 04:51:17 INFO Epoch 016 | Train Loss: 1.5930 | Val Loss: 1.5534 | Dice: 0.4805 | softDice: 0.4754 | clDice: 0.5522 | softclDice: 0.4462 | IoU: 0.3165 | Tversky: 0.4805 | Hausdorff: 279.9611 | HD95: 40.0151 | val_loss: 1.5534 | LR: 0.001000
2025-08-21 04:53:07 INFO Epoch 017 | Train Loss: 1.5876 | Val Loss: 1.5529 | Dice: 0.4840 | softDice: 0.4798 | clDice: 0.5482 | softclDice: 0.4467 | IoU: 0.3195 | Tversky: 0.4840 | Hausdorff: 230.6842 | HD95: 41.8156 | val_loss: 1.5529 | LR: 0.001000
2025-08-21 04:54:55 INFO Epoch 018 | Train Loss: 1.5950 | Val Loss: 1.5620 | Dice: 0.4675 | softDice: 0.4623 | clDice: 0.5400 | softclDice: 0.4666 | IoU: 0.3052 | Tversky: 0.4675 | Hausdorff: 278.8147 | HD95: 40.4164 | val_loss: 1.5620 | LR: 0.001000
2025-08-21 04:56:44 INFO Epoch 019 | Train Loss: 1.5900 | Val Loss: 1.5573 | Dice: 0.4747 | softDice: 0.4694 | clDice: 0.5491 | softclDice: 0.4502 | IoU: 0.3114 | Tversky: 0.4747 | Hausdorff: 302.7445 | HD95: 38.7680 | val_loss: 1.5573 | LR: 0.001000
2025-08-21 04:58:31 INFO Epoch 020 | Train Loss: 1.5827 | Val Loss: 1.5552 | Dice: 0.4774 | softDice: 0.4727 | clDice: 0.5568 | softclDice: 0.4424 | IoU: 0.3138 | Tversky: 0.4774 | Hausdorff: 276.6065 | HD95: 36.5621 | val_loss: 1.5552 | LR: 0.001000
2025-08-21 05:00:18 INFO Epoch 021 | Train Loss: 1.5864 | Val Loss: 1.5560 | Dice: 0.4778 | softDice: 0.4728 | clDice: 0.5429 | softclDice: 0.4553 | IoU: 0.3141 | Tversky: 0.4778 | Hausdorff: 238.2536 | HD95: 39.6149 | val_loss: 1.5560 | LR: 0.001000
2025-08-21 05:02:08 INFO Epoch 022 | Train Loss: 1.5814 | Val Loss: 1.5512 | Dice: 0.4864 | softDice: 0.4809 | clDice: 0.5511 | softclDice: 0.4476 | IoU: 0.3216 | Tversky: 0.4864 | Hausdorff: 244.9219 | HD95: 37.0458 | val_loss: 1.5512 | LR: 0.001000
2025-08-21 05:03:56 INFO Epoch 023 | Train Loss: 1.5761 | Val Loss: 1.5542 | Dice: 0.4804 | softDice: 0.4754 | clDice: 0.5486 | softclDice: 0.4466 | IoU: 0.3164 | Tversky: 0.4804 | Hausdorff: 237.8650 | HD95: 40.9683 | val_loss: 1.5542 | LR: 0.001000
2025-08-21 05:05:45 INFO Epoch 024 | Train Loss: 1.5873 | Val Loss: 1.5538 | Dice: 0.4807 | softDice: 0.4750 | clDice: 0.5600 | softclDice: 0.4412 | IoU: 0.3166 | Tversky: 0.4807 | Hausdorff: 285.7936 | HD95: 35.9471 | val_loss: 1.5538 | LR: 0.001000
2025-08-21 05:07:31 INFO Epoch 025 | Train Loss: 1.5822 | Val Loss: 1.5525 | Dice: 0.4850 | softDice: 0.4788 | clDice: 0.5534 | softclDice: 0.4415 | IoU: 0.3203 | Tversky: 0.4850 | Hausdorff: 234.6786 | HD95: 41.6876 | val_loss: 1.5525 | LR: 0.001000
2025-08-21 05:09:17 INFO Epoch 026 | Train Loss: 1.5829 | Val Loss: 1.5524 | Dice: 0.4846 | softDice: 0.4803 | clDice: 0.5395 | softclDice: 0.4566 | IoU: 0.3200 | Tversky: 0.4846 | Hausdorff: 259.4915 | HD95: 36.8401 | val_loss: 1.5524 | LR: 0.001000
2025-08-21 05:11:07 INFO Epoch 027 | Train Loss: 1.5803 | Val Loss: 1.5615 | Dice: 0.4723 | softDice: 0.4646 | clDice: 0.5414 | softclDice: 0.4657 | IoU: 0.3095 | Tversky: 0.4723 | Hausdorff: 227.9830 | HD95: 42.4029 | val_loss: 1.5615 | LR: 0.001000
2025-08-21 05:12:55 INFO Epoch 028 | Train Loss: 1.5816 | Val Loss: 1.5490 | Dice: 0.4916 | softDice: 0.4863 | clDice: 0.5537 | softclDice: 0.4436 | IoU: 0.3261 | Tversky: 0.4916 | Hausdorff: 276.2593 | HD95: 34.1890 | val_loss: 1.5490 | LR: 0.001000
2025-08-21 05:14:48 INFO Epoch 029 | Train Loss: 1.5889 | Val Loss: 1.5515 | Dice: 0.4855 | softDice: 0.4803 | clDice: 0.5499 | softclDice: 0.4404 | IoU: 0.3208 | Tversky: 0.4855 | Hausdorff: 257.3357 | HD95: 37.0499 | val_loss: 1.5515 | LR: 0.001000
2025-08-21 05:16:34 INFO Epoch 030 | Train Loss: 1.5815 | Val Loss: 1.5642 | Dice: 0.4673 | softDice: 0.4623 | clDice: 0.5341 | softclDice: 0.4640 | IoU: 0.3052 | Tversky: 0.4673 | Hausdorff: 304.7590 | HD95: 46.2623 | val_loss: 1.5642 | LR: 0.001000
2025-08-21 05:18:21 INFO Early stopping at epoch 31 | Best Dice: 0.4916 at epoch 1
2025-08-21 05:19:13 INFO Fold 4 results: Dice: 0.4855 | softDice: 0.4803 | clDice: 0.5499 | softclDice: 0.4404 | IoU: 0.3208 | Tversky: 0.4855 | Hausdorff: 257.3357 | HD95: 37.0499 | val_loss: 1.5515
2025-08-21 05:19:13 INFO ===== Fold 5 / 5 =====
2025-08-21 05:19:13 INFO Loading model unet with settings {'name': 'unet', 'encoder_name': 'se_resnext50_32x4d', 'encoder_weights': 'imagenet', 'classes': 1, 'activation': None, 'dropout': 0.2}
2025-08-21 05:21:00 INFO Epoch 001 | Train Loss: 1.7631 | Val Loss: 1.6869 | Dice: 0.3930 | softDice: 0.2968 | clDice: 0.4319 | softclDice: 0.6807 | IoU: 0.2450 | Tversky: 0.3930 | Hausdorff: 244.9392 | HD95: 85.5677 | val_loss: 1.6869 | LR: 0.001000
2025-08-21 05:22:49 INFO Epoch 002 | Train Loss: 1.6160 | Val Loss: 1.6151 | Dice: 0.4536 | softDice: 0.4224 | clDice: 0.5263 | softclDice: 0.5195 | IoU: 0.2936 | Tversky: 0.4536 | Hausdorff: 233.3962 | HD95: 56.1912 | val_loss: 1.6151 | LR: 0.001000
2025-08-21 05:24:36 INFO Epoch 003 | Train Loss: 1.6014 | Val Loss: 1.6050 | Dice: 0.4565 | softDice: 0.4381 | clDice: 0.5293 | softclDice: 0.4983 | IoU: 0.2960 | Tversky: 0.4565 | Hausdorff: 255.0657 | HD95: 48.8003 | val_loss: 1.6050 | LR: 0.001000
2025-08-21 05:26:22 INFO Epoch 004 | Train Loss: 1.5953 | Val Loss: 1.6128 | Dice: 0.4355 | softDice: 0.4271 | clDice: 0.4942 | softclDice: 0.5198 | IoU: 0.2786 | Tversky: 0.4355 | Hausdorff: 230.2476 | HD95: 75.5569 | val_loss: 1.6128 | LR: 0.001000
2025-08-21 05:28:15 INFO Epoch 005 | Train Loss: 1.5962 | Val Loss: 1.5952 | Dice: 0.4633 | softDice: 0.4533 | clDice: 0.5525 | softclDice: 0.4753 | IoU: 0.3017 | Tversky: 0.4633 | Hausdorff: 227.5987 | HD95: 47.3125 | val_loss: 1.5952 | LR: 0.001000
2025-08-21 05:30:01 INFO Epoch 006 | Train Loss: 1.5798 | Val Loss: 1.5888 | Dice: 0.4714 | softDice: 0.4652 | clDice: 0.5524 | softclDice: 0.4518 | IoU: 0.3086 | Tversky: 0.4714 | Hausdorff: 208.4007 | HD95: 44.0385 | val_loss: 1.5888 | LR: 0.001000
2025-08-21 05:31:52 INFO Epoch 007 | Train Loss: 1.5858 | Val Loss: 1.5974 | Dice: 0.4596 | softDice: 0.4519 | clDice: 0.5230 | softclDice: 0.4814 | IoU: 0.2987 | Tversky: 0.4596 | Hausdorff: 259.4839 | HD95: 50.1274 | val_loss: 1.5974 | LR: 0.001000
2025-08-21 05:33:37 INFO Epoch 008 | Train Loss: 1.5847 | Val Loss: 1.5854 | Dice: 0.4755 | softDice: 0.4697 | clDice: 0.5628 | softclDice: 0.4420 | IoU: 0.3122 | Tversky: 0.4755 | Hausdorff: 200.1114 | HD95: 45.6013 | val_loss: 1.5854 | LR: 0.001000
2025-08-21 05:35:25 INFO Epoch 009 | Train Loss: 1.5879 | Val Loss: 1.5922 | Dice: 0.4659 | softDice: 0.4637 | clDice: 0.5294 | softclDice: 0.4645 | IoU: 0.3039 | Tversky: 0.4659 | Hausdorff: 234.2669 | HD95: 66.6973 | val_loss: 1.5922 | LR: 0.001000
2025-08-21 05:37:15 INFO Epoch 010 | Train Loss: 1.5769 | Val Loss: 1.5852 | Dice: 0.4765 | softDice: 0.4707 | clDice: 0.5553 | softclDice: 0.4412 | IoU: 0.3130 | Tversky: 0.4765 | Hausdorff: 229.4068 | HD95: 40.7081 | val_loss: 1.5852 | LR: 0.001000
2025-08-21 05:39:03 INFO Epoch 011 | Train Loss: 1.5757 | Val Loss: 1.5866 | Dice: 0.4732 | softDice: 0.4690 | clDice: 0.5495 | softclDice: 0.4481 | IoU: 0.3102 | Tversky: 0.4732 | Hausdorff: 221.9197 | HD95: 45.8111 | val_loss: 1.5866 | LR: 0.001000
2025-08-21 05:40:54 INFO Epoch 012 | Train Loss: 1.5711 | Val Loss: 1.5902 | Dice: 0.4697 | softDice: 0.4626 | clDice: 0.5410 | softclDice: 0.4650 | IoU: 0.3072 | Tversky: 0.4697 | Hausdorff: 240.1885 | HD95: 43.1203 | val_loss: 1.5902 | LR: 0.001000
2025-08-21 05:42:40 INFO Epoch 013 | Train Loss: 1.5711 | Val Loss: 1.5875 | Dice: 0.4712 | softDice: 0.4682 | clDice: 0.5412 | softclDice: 0.4510 | IoU: 0.3085 | Tversky: 0.4712 | Hausdorff: 289.1936 | HD95: 50.3143 | val_loss: 1.5875 | LR: 0.001000
2025-08-21 05:44:26 INFO Epoch 014 | Train Loss: 1.5819 | Val Loss: 1.5916 | Dice: 0.4661 | softDice: 0.4615 | clDice: 0.5362 | softclDice: 0.4659 | IoU: 0.3041 | Tversky: 0.4661 | Hausdorff: 220.6286 | HD95: 49.4617 | val_loss: 1.5916 | LR: 0.001000
2025-08-21 05:46:14 INFO Epoch 015 | Train Loss: 1.5668 | Val Loss: 1.5882 | Dice: 0.4739 | softDice: 0.4706 | clDice: 0.5381 | softclDice: 0.4592 | IoU: 0.3108 | Tversky: 0.4739 | Hausdorff: 318.5459 | HD95: 53.4255 | val_loss: 1.5882 | LR: 0.001000
2025-08-21 05:47:59 INFO Epoch 016 | Train Loss: 1.5800 | Val Loss: 1.5875 | Dice: 0.4789 | softDice: 0.4729 | clDice: 0.5433 | softclDice: 0.4603 | IoU: 0.3151 | Tversky: 0.4789 | Hausdorff: 230.0890 | HD95: 43.9572 | val_loss: 1.5875 | LR: 0.000500
2025-08-21 05:49:49 INFO Epoch 017 | Train Loss: 1.5747 | Val Loss: 1.5819 | Dice: 0.4832 | softDice: 0.4798 | clDice: 0.5555 | softclDice: 0.4409 | IoU: 0.3188 | Tversky: 0.4832 | Hausdorff: 236.5331 | HD95: 45.9326 | val_loss: 1.5819 | LR: 0.000500
2025-08-21 05:51:35 INFO Epoch 018 | Train Loss: 1.5692 | Val Loss: 1.5827 | Dice: 0.4804 | softDice: 0.4785 | clDice: 0.5468 | softclDice: 0.4484 | IoU: 0.3164 | Tversky: 0.4804 | Hausdorff: 212.9716 | HD95: 50.1263 | val_loss: 1.5827 | LR: 0.000500
2025-08-21 05:53:22 INFO Epoch 019 | Train Loss: 1.5733 | Val Loss: 1.5800 | Dice: 0.4845 | softDice: 0.4806 | clDice: 0.5576 | softclDice: 0.4383 | IoU: 0.3199 | Tversky: 0.4845 | Hausdorff: 203.5230 | HD95: 42.4363 | val_loss: 1.5800 | LR: 0.000500
2025-08-21 05:55:06 INFO Epoch 020 | Train Loss: 1.5686 | Val Loss: 1.5817 | Dice: 0.4841 | softDice: 0.4786 | clDice: 0.5530 | softclDice: 0.4440 | IoU: 0.3197 | Tversky: 0.4841 | Hausdorff: 210.8087 | HD95: 39.3974 | val_loss: 1.5817 | LR: 0.000500
2025-08-21 05:56:53 INFO Epoch 021 | Train Loss: 1.5625 | Val Loss: 1.5788 | Dice: 0.4855 | softDice: 0.4825 | clDice: 0.5576 | softclDice: 0.4381 | IoU: 0.3208 | Tversky: 0.4855 | Hausdorff: 212.6633 | HD95: 40.2125 | val_loss: 1.5788 | LR: 0.000500
2025-08-21 05:58:42 INFO Epoch 022 | Train Loss: 1.5691 | Val Loss: 1.5803 | Dice: 0.4840 | softDice: 0.4790 | clDice: 0.5600 | softclDice: 0.4373 | IoU: 0.3195 | Tversky: 0.4840 | Hausdorff: 207.2213 | HD95: 42.2057 | val_loss: 1.5803 | LR: 0.000500
2025-08-21 06:00:30 INFO Epoch 023 | Train Loss: 1.5726 | Val Loss: 1.5784 | Dice: 0.4870 | softDice: 0.4824 | clDice: 0.5646 | softclDice: 0.4298 | IoU: 0.3223 | Tversky: 0.4870 | Hausdorff: 231.9572 | HD95: 39.6208 | val_loss: 1.5784 | LR: 0.000500
2025-08-21 06:02:16 INFO Epoch 024 | Train Loss: 1.5679 | Val Loss: 1.5821 | Dice: 0.4813 | softDice: 0.4770 | clDice: 0.5511 | softclDice: 0.4441 | IoU: 0.3173 | Tversky: 0.4813 | Hausdorff: 214.2784 | HD95: 38.3878 | val_loss: 1.5821 | LR: 0.000500
2025-08-21 06:04:00 INFO Epoch 025 | Train Loss: 1.5675 | Val Loss: 1.5782 | Dice: 0.4884 | softDice: 0.4831 | clDice: 0.5615 | softclDice: 0.4366 | IoU: 0.3234 | Tversky: 0.4884 | Hausdorff: 196.7565 | HD95: 38.7245 | val_loss: 1.5782 | LR: 0.000500
2025-08-21 06:05:45 INFO Epoch 026 | Train Loss: 1.5768 | Val Loss: 1.5783 | Dice: 0.4866 | softDice: 0.4840 | clDice: 0.5547 | softclDice: 0.4365 | IoU: 0.3218 | Tversky: 0.4866 | Hausdorff: 213.2772 | HD95: 38.4782 | val_loss: 1.5783 | LR: 0.000500
2025-08-21 06:07:36 INFO Epoch 027 | Train Loss: 1.5768 | Val Loss: 1.5805 | Dice: 0.4824 | softDice: 0.4786 | clDice: 0.5597 | softclDice: 0.4340 | IoU: 0.3182 | Tversky: 0.4824 | Hausdorff: 212.3289 | HD95: 43.5484 | val_loss: 1.5805 | LR: 0.000500
2025-08-21 06:09:24 INFO Epoch 028 | Train Loss: 1.5697 | Val Loss: 1.5805 | Dice: 0.4827 | softDice: 0.4802 | clDice: 0.5577 | softclDice: 0.4337 | IoU: 0.3183 | Tversky: 0.4827 | Hausdorff: 214.3599 | HD95: 44.6657 | val_loss: 1.5805 | LR: 0.000500
2025-08-21 06:11:13 INFO Epoch 029 | Train Loss: 1.5614 | Val Loss: 1.5780 | Dice: 0.4876 | softDice: 0.4838 | clDice: 0.5642 | softclDice: 0.4285 | IoU: 0.3227 | Tversky: 0.4876 | Hausdorff: 230.1638 | HD95: 41.1440 | val_loss: 1.5780 | LR: 0.000500
2025-08-21 06:12:59 INFO Epoch 030 | Train Loss: 1.5688 | Val Loss: 1.5776 | Dice: 0.4901 | softDice: 0.4850 | clDice: 0.5608 | softclDice: 0.4328 | IoU: 0.3249 | Tversky: 0.4901 | Hausdorff: 207.9092 | HD95: 36.8864 | val_loss: 1.5776 | LR: 0.000500
2025-08-21 06:14:46 INFO Epoch 031 | Train Loss: 1.5647 | Val Loss: 1.5794 | Dice: 0.4884 | softDice: 0.4825 | clDice: 0.5574 | softclDice: 0.4368 | IoU: 0.3233 | Tversky: 0.4884 | Hausdorff: 209.9044 | HD95: 37.4152 | val_loss: 1.5794 | LR: 0.000500
2025-08-21 06:16:35 INFO Epoch 032 | Train Loss: 1.5679 | Val Loss: 1.5798 | Dice: 0.4868 | softDice: 0.4821 | clDice: 0.5583 | softclDice: 0.4362 | IoU: 0.3220 | Tversky: 0.4868 | Hausdorff: 209.3585 | HD95: 39.0381 | val_loss: 1.5798 | LR: 0.000500
2025-08-21 06:18:24 INFO Early stopping at epoch 33 | Best Dice: 0.4901 at epoch 1
2025-08-21 06:19:15 INFO Fold 5 results: Dice: 0.4876 | softDice: 0.4838 | clDice: 0.5642 | softclDice: 0.4285 | IoU: 0.3227 | Tversky: 0.4876 | Hausdorff: 230.1638 | HD95: 41.1440 | val_loss: 1.5780
2025-08-21 06:19:15 INFO ===== Cross-validation results =====
2025-08-21 06:19:15 INFO Dice: 0.4873 | softDice: 0.4823 | clDice: 0.5566 | softclDice: 0.4397 | IoU: 0.3225 | Tversky: 0.4873 | Hausdorff: 258.0399 | HD95: 37.8575 | val_loss: 1.5671
