2025-08-21 01:15:57 INFO Starting training with configuration: {'model': {'name': 'unet', 'encoder_name': 'se_resnext50_32x4d', 'encoder_weights': 'imagenet', 'classes': 1, 'activation': None, 'dropout': 0.2}, 'dataset': {'root': '/data/smadper@alumno.upv.es/TFM/datasets/laticifers', 'patch_size': [512, 512], 'stride': [256, 256], 'num_patches': 50, 'num_workers': 4, 'feature_dirs': {'image': '/data/smadper@alumno.upv.es/TFM/datasets/laticifers/enhanced_images', 'mask': '/data/smadper@alumno.upv.es/TFM/datasets/laticifers/masks', 'distance': '/data/smadper@alumno.upv.es/TFM/datasets/laticifers/distance_maps_pt'}}, 'train': {'batch_size': 32, 'num_epochs': 70, 'learning_rate': 0.001, 'accumulation_steps': 1, 'save_dir': '/data/smadper@alumno.upv.es/TFM/checkpoints_cv2/unet/20250821_011557_unet_se_resnext50_32x4d_wbce1.0_dice0.5', 'log_interval': 1, 'patience': 20, 'mixed_precision': True, 'experiment_name': 'unet_se_resnext50_32x4d_wbce1.0_dice0.5', 'timestamp': '20250821_011557'}, 'test': {'batch_size': 1}, 'loss': {'name': 'bce', 'cldice_alpha': 0.2, 'tversky_alpha': 0.3, 'tversky_beta': 0.7, 'focal_tversky_gamma': 0.75, 'use_topographic': True, 'combine_with': 'dice', 'weights': {'main': 1.0, 'combined': 0.5}, 'topo': {'alpha': 2.0, 'beta': 1.0}}}
2025-08-21 01:15:57 INFO Experiment name: unet_se_resnext50_32x4d_wbce1.0_dice0.5
2025-08-21 01:15:57 INFO ===== Fold 1 / 5 =====
2025-08-21 01:15:57 INFO Loading model unet with settings {'name': 'unet', 'encoder_name': 'se_resnext50_32x4d', 'encoder_weights': 'imagenet', 'classes': 1, 'activation': None, 'dropout': 0.2}
2025-08-21 01:18:33 INFO Epoch 001 | Train Loss: 1.9069 | Val Loss: 1.9028 | Dice: 0.4132 | softDice: 0.2563 | clDice: 0.5006 | softclDice: 0.7933 | IoU: 0.2605 | Tversky: 0.4132 | Hausdorff: 428.5754 | HD95: 81.9672 | val_loss: 1.9028 | LR: 0.001000
2025-08-21 01:20:44 INFO Epoch 002 | Train Loss: 1.6430 | Val Loss: 1.8279 | Dice: 0.4443 | softDice: 0.3675 | clDice: 0.4915 | softclDice: 0.5999 | IoU: 0.2858 | Tversky: 0.4443 | Hausdorff: 256.8004 | HD95: 57.0878 | val_loss: 1.8279 | LR: 0.001000
2025-08-21 01:23:21 INFO Epoch 003 | Train Loss: 1.5849 | Val Loss: 1.8178 | Dice: 0.4599 | softDice: 0.4261 | clDice: 0.5214 | softclDice: 0.5273 | IoU: 0.2988 | Tversky: 0.4599 | Hausdorff: 252.6564 | HD95: 58.6846 | val_loss: 1.8178 | LR: 0.001000
2025-08-21 01:26:00 INFO Epoch 004 | Train Loss: 1.5664 | Val Loss: 1.8176 | Dice: 0.4615 | softDice: 0.4400 | clDice: 0.5215 | softclDice: 0.5096 | IoU: 0.3002 | Tversky: 0.4615 | Hausdorff: 524.4494 | HD95: 66.3125 | val_loss: 1.8176 | LR: 0.001000
2025-08-21 01:28:37 INFO Epoch 005 | Train Loss: 1.5638 | Val Loss: 1.8119 | Dice: 0.4580 | softDice: 0.4390 | clDice: 0.5038 | softclDice: 0.5142 | IoU: 0.2972 | Tversky: 0.4580 | Hausdorff: 415.0125 | HD95: 63.3521 | val_loss: 1.8119 | LR: 0.001000
2025-08-21 01:31:09 INFO Epoch 006 | Train Loss: 1.5490 | Val Loss: 1.8098 | Dice: 0.4643 | softDice: 0.4517 | clDice: 0.5133 | softclDice: 0.5023 | IoU: 0.3026 | Tversky: 0.4643 | Hausdorff: 422.4998 | HD95: 53.2750 | val_loss: 1.8098 | LR: 0.001000
2025-08-21 01:33:41 INFO Epoch 007 | Train Loss: 1.5597 | Val Loss: 1.8043 | Dice: 0.4476 | softDice: 0.4384 | clDice: 0.4910 | softclDice: 0.5201 | IoU: 0.2888 | Tversky: 0.4476 | Hausdorff: 257.2350 | HD95: 71.0927 | val_loss: 1.8043 | LR: 0.001000
2025-08-21 01:36:22 INFO Epoch 008 | Train Loss: 1.5589 | Val Loss: 1.8184 | Dice: 0.4636 | softDice: 0.4536 | clDice: 0.5224 | softclDice: 0.4934 | IoU: 0.3019 | Tversky: 0.4636 | Hausdorff: 399.3638 | HD95: 60.7582 | val_loss: 1.8184 | LR: 0.001000
2025-08-21 01:38:53 INFO Epoch 009 | Train Loss: 1.5495 | Val Loss: 1.8126 | Dice: 0.4652 | softDice: 0.4569 | clDice: 0.5196 | softclDice: 0.4908 | IoU: 0.3034 | Tversky: 0.4652 | Hausdorff: 380.5076 | HD95: 54.7494 | val_loss: 1.8126 | LR: 0.001000
2025-08-21 01:41:27 INFO Epoch 010 | Train Loss: 1.5424 | Val Loss: 1.8065 | Dice: 0.4625 | softDice: 0.4566 | clDice: 0.5124 | softclDice: 0.4922 | IoU: 0.3011 | Tversky: 0.4625 | Hausdorff: 245.2466 | HD95: 60.0277 | val_loss: 1.8065 | LR: 0.001000
2025-08-21 01:44:01 INFO Epoch 011 | Train Loss: 1.5498 | Val Loss: 1.8143 | Dice: 0.4663 | softDice: 0.4593 | clDice: 0.5135 | softclDice: 0.4923 | IoU: 0.3043 | Tversky: 0.4663 | Hausdorff: 383.1299 | HD95: 48.5985 | val_loss: 1.8143 | LR: 0.001000
2025-08-21 01:46:30 INFO Epoch 012 | Train Loss: 1.5393 | Val Loss: 1.8086 | Dice: 0.4633 | softDice: 0.4580 | clDice: 0.5131 | softclDice: 0.4923 | IoU: 0.3019 | Tversky: 0.4633 | Hausdorff: 245.6440 | HD95: 52.7366 | val_loss: 1.8086 | LR: 0.001000
2025-08-21 01:49:03 INFO Epoch 013 | Train Loss: 1.5499 | Val Loss: 1.8127 | Dice: 0.4567 | softDice: 0.4492 | clDice: 0.5000 | softclDice: 0.5093 | IoU: 0.2963 | Tversky: 0.4567 | Hausdorff: 260.2795 | HD95: 51.0335 | val_loss: 1.8127 | LR: 0.000500
2025-08-21 01:51:35 INFO Epoch 014 | Train Loss: 1.5415 | Val Loss: 1.8062 | Dice: 0.4759 | softDice: 0.4705 | clDice: 0.5282 | softclDice: 0.4759 | IoU: 0.3126 | Tversky: 0.4759 | Hausdorff: 242.4488 | HD95: 53.1949 | val_loss: 1.8062 | LR: 0.000500
2025-08-21 01:53:59 INFO Epoch 015 | Train Loss: 1.5386 | Val Loss: 1.8080 | Dice: 0.4802 | softDice: 0.4737 | clDice: 0.5353 | softclDice: 0.4702 | IoU: 0.3163 | Tversky: 0.4802 | Hausdorff: 248.1669 | HD95: 50.3149 | val_loss: 1.8080 | LR: 0.000500
2025-08-21 01:56:32 INFO Epoch 016 | Train Loss: 1.5388 | Val Loss: 1.8044 | Dice: 0.4653 | softDice: 0.4608 | clDice: 0.5088 | softclDice: 0.4949 | IoU: 0.3036 | Tversky: 0.4653 | Hausdorff: 252.1266 | HD95: 54.9624 | val_loss: 1.8044 | LR: 0.000500
2025-08-21 01:59:03 INFO Epoch 017 | Train Loss: 1.5384 | Val Loss: 1.8062 | Dice: 0.4756 | softDice: 0.4700 | clDice: 0.5255 | softclDice: 0.4784 | IoU: 0.3124 | Tversky: 0.4756 | Hausdorff: 239.9904 | HD95: 48.8443 | val_loss: 1.8062 | LR: 0.000500
2025-08-21 02:01:30 INFO Epoch 018 | Train Loss: 1.5310 | Val Loss: 1.8050 | Dice: 0.4638 | softDice: 0.4582 | clDice: 0.5093 | softclDice: 0.4960 | IoU: 0.3023 | Tversky: 0.4638 | Hausdorff: 250.9396 | HD95: 55.6289 | val_loss: 1.8050 | LR: 0.000500
2025-08-21 02:04:05 INFO Epoch 019 | Train Loss: 1.5397 | Val Loss: 1.8052 | Dice: 0.4762 | softDice: 0.4721 | clDice: 0.5275 | softclDice: 0.4769 | IoU: 0.3129 | Tversky: 0.4762 | Hausdorff: 246.7946 | HD95: 55.3690 | val_loss: 1.8052 | LR: 0.000250
2025-08-21 02:06:31 INFO Epoch 020 | Train Loss: 1.5301 | Val Loss: 1.8072 | Dice: 0.4817 | softDice: 0.4759 | clDice: 0.5322 | softclDice: 0.4738 | IoU: 0.3176 | Tversky: 0.4817 | Hausdorff: 231.1052 | HD95: 45.1235 | val_loss: 1.8072 | LR: 0.000250
2025-08-21 02:09:04 INFO Epoch 021 | Train Loss: 1.5400 | Val Loss: 1.8065 | Dice: 0.4804 | softDice: 0.4751 | clDice: 0.5305 | softclDice: 0.4735 | IoU: 0.3165 | Tversky: 0.4804 | Hausdorff: 235.4186 | HD95: 47.9114 | val_loss: 1.8065 | LR: 0.000250
2025-08-21 02:11:38 INFO Epoch 022 | Train Loss: 1.5434 | Val Loss: 1.8074 | Dice: 0.4792 | softDice: 0.4732 | clDice: 0.5315 | softclDice: 0.4730 | IoU: 0.3155 | Tversky: 0.4792 | Hausdorff: 241.4410 | HD95: 49.4395 | val_loss: 1.8074 | LR: 0.000250
2025-08-21 02:14:15 INFO Epoch 023 | Train Loss: 1.5301 | Val Loss: 1.8074 | Dice: 0.4805 | softDice: 0.4749 | clDice: 0.5292 | softclDice: 0.4748 | IoU: 0.3166 | Tversky: 0.4805 | Hausdorff: 229.2476 | HD95: 44.3797 | val_loss: 1.8074 | LR: 0.000250
2025-08-21 02:16:46 INFO Epoch 024 | Train Loss: 1.5361 | Val Loss: 1.8063 | Dice: 0.4796 | softDice: 0.4752 | clDice: 0.5278 | softclDice: 0.4759 | IoU: 0.3159 | Tversky: 0.4796 | Hausdorff: 235.2054 | HD95: 47.0007 | val_loss: 1.8063 | LR: 0.000250
2025-08-21 02:19:12 INFO Epoch 025 | Train Loss: 1.5337 | Val Loss: 1.8061 | Dice: 0.4782 | softDice: 0.4735 | clDice: 0.5261 | softclDice: 0.4783 | IoU: 0.3147 | Tversky: 0.4782 | Hausdorff: 227.1034 | HD95: 45.6184 | val_loss: 1.8061 | LR: 0.000125
2025-08-21 02:21:38 INFO Epoch 026 | Train Loss: 1.5369 | Val Loss: 1.8057 | Dice: 0.4797 | softDice: 0.4748 | clDice: 0.5301 | softclDice: 0.4740 | IoU: 0.3160 | Tversky: 0.4797 | Hausdorff: 228.9176 | HD95: 46.9379 | val_loss: 1.8057 | LR: 0.000125
2025-08-21 02:24:13 INFO Epoch 027 | Train Loss: 1.5323 | Val Loss: 1.8062 | Dice: 0.4771 | softDice: 0.4723 | clDice: 0.5268 | softclDice: 0.4772 | IoU: 0.3138 | Tversky: 0.4771 | Hausdorff: 260.9340 | HD95: 45.7167 | val_loss: 1.8062 | LR: 0.000125
2025-08-21 02:26:42 INFO Epoch 028 | Train Loss: 1.5290 | Val Loss: 1.8044 | Dice: 0.4800 | softDice: 0.4753 | clDice: 0.5285 | softclDice: 0.4764 | IoU: 0.3162 | Tversky: 0.4800 | Hausdorff: 261.2700 | HD95: 49.2372 | val_loss: 1.8044 | LR: 0.000125
2025-08-21 02:29:07 INFO Epoch 029 | Train Loss: 1.5340 | Val Loss: 1.8056 | Dice: 0.4790 | softDice: 0.4740 | clDice: 0.5259 | softclDice: 0.4780 | IoU: 0.3154 | Tversky: 0.4790 | Hausdorff: 227.4892 | HD95: 45.9769 | val_loss: 1.8056 | LR: 0.000125
2025-08-21 02:31:35 INFO Epoch 030 | Train Loss: 1.5288 | Val Loss: 1.8068 | Dice: 0.4822 | softDice: 0.4773 | clDice: 0.5340 | softclDice: 0.4688 | IoU: 0.3181 | Tversky: 0.4822 | Hausdorff: 230.5821 | HD95: 44.7647 | val_loss: 1.8068 | LR: 0.000125
2025-08-21 02:33:51 INFO Early stopping at epoch 31 | Best Dice: 0.4822 at epoch 1
2025-08-21 02:34:45 INFO Fold 1 results: Dice: 0.4822 | softDice: 0.4773 | clDice: 0.5340 | softclDice: 0.4688 | IoU: 0.3181 | Tversky: 0.4822 | Hausdorff: 230.5821 | HD95: 44.7647 | val_loss: 1.8068
2025-08-21 02:34:45 INFO ===== Fold 2 / 5 =====
2025-08-21 02:34:45 INFO Loading model unet with settings {'name': 'unet', 'encoder_name': 'se_resnext50_32x4d', 'encoder_weights': 'imagenet', 'classes': 1, 'activation': None, 'dropout': 0.2}
2025-08-21 02:37:20 INFO Epoch 001 | Train Loss: 1.8944 | Val Loss: 1.8222 | Dice: 0.4262 | softDice: 0.2977 | clDice: 0.4824 | softclDice: 0.6662 | IoU: 0.2713 | Tversky: 0.4262 | Hausdorff: 306.7215 | HD95: 65.6793 | val_loss: 1.8222 | LR: 0.001000
2025-08-21 02:39:58 INFO Epoch 002 | Train Loss: 1.6330 | Val Loss: 1.7840 | Dice: 0.4503 | softDice: 0.3925 | clDice: 0.4957 | softclDice: 0.5480 | IoU: 0.2911 | Tversky: 0.4503 | Hausdorff: 285.9653 | HD95: 47.2181 | val_loss: 1.7840 | LR: 0.001000
2025-08-21 02:42:21 INFO Epoch 003 | Train Loss: 1.5966 | Val Loss: 1.7739 | Dice: 0.4406 | softDice: 0.4135 | clDice: 0.4890 | softclDice: 0.5294 | IoU: 0.2834 | Tversky: 0.4406 | Hausdorff: 315.2024 | HD95: 71.9162 | val_loss: 1.7739 | LR: 0.001000
2025-08-21 02:44:54 INFO Epoch 004 | Train Loss: 1.5862 | Val Loss: 1.7725 | Dice: 0.4547 | softDice: 0.4355 | clDice: 0.4993 | softclDice: 0.5170 | IoU: 0.2947 | Tversky: 0.4547 | Hausdorff: 303.0112 | HD95: 53.5611 | val_loss: 1.7725 | LR: 0.001000
2025-08-21 02:47:23 INFO Epoch 005 | Train Loss: 1.5812 | Val Loss: 1.7728 | Dice: 0.4551 | softDice: 0.4412 | clDice: 0.5001 | softclDice: 0.5075 | IoU: 0.2952 | Tversky: 0.4551 | Hausdorff: 307.6466 | HD95: 52.8795 | val_loss: 1.7728 | LR: 0.001000
2025-08-21 02:49:50 INFO Epoch 006 | Train Loss: 1.5707 | Val Loss: 1.7708 | Dice: 0.4514 | softDice: 0.4399 | clDice: 0.4900 | softclDice: 0.5175 | IoU: 0.2921 | Tversky: 0.4514 | Hausdorff: 294.8380 | HD95: 48.2715 | val_loss: 1.7708 | LR: 0.001000
2025-08-21 02:52:18 INFO Epoch 007 | Train Loss: 1.5600 | Val Loss: 1.7700 | Dice: 0.4659 | softDice: 0.4575 | clDice: 0.5091 | softclDice: 0.4961 | IoU: 0.3044 | Tversky: 0.4659 | Hausdorff: 279.4009 | HD95: 48.5729 | val_loss: 1.7700 | LR: 0.001000
2025-08-21 02:54:31 INFO Epoch 008 | Train Loss: 1.5657 | Val Loss: 1.7745 | Dice: 0.4719 | softDice: 0.4636 | clDice: 0.5257 | softclDice: 0.4759 | IoU: 0.3094 | Tversky: 0.4719 | Hausdorff: 315.9975 | HD95: 42.0556 | val_loss: 1.7745 | LR: 0.001000
2025-08-21 02:57:02 INFO Epoch 009 | Train Loss: 1.5669 | Val Loss: 1.7760 | Dice: 0.4703 | softDice: 0.4600 | clDice: 0.5214 | softclDice: 0.4840 | IoU: 0.3079 | Tversky: 0.4703 | Hausdorff: 309.2761 | HD95: 38.1756 | val_loss: 1.7760 | LR: 0.001000
2025-08-21 02:59:24 INFO Epoch 010 | Train Loss: 1.5664 | Val Loss: 1.7734 | Dice: 0.4616 | softDice: 0.4550 | clDice: 0.5066 | softclDice: 0.4971 | IoU: 0.3006 | Tversky: 0.4616 | Hausdorff: 314.9137 | HD95: 52.5378 | val_loss: 1.7734 | LR: 0.001000
2025-08-21 03:01:56 INFO Epoch 011 | Train Loss: 1.5538 | Val Loss: 1.7690 | Dice: 0.4647 | softDice: 0.4588 | clDice: 0.5102 | softclDice: 0.4880 | IoU: 0.3033 | Tversky: 0.4647 | Hausdorff: 314.4330 | HD95: 59.8852 | val_loss: 1.7690 | LR: 0.001000
2025-08-21 03:04:26 INFO Epoch 012 | Train Loss: 1.5658 | Val Loss: 1.7678 | Dice: 0.4545 | softDice: 0.4500 | clDice: 0.4960 | softclDice: 0.5031 | IoU: 0.2949 | Tversky: 0.4545 | Hausdorff: 331.0266 | HD95: 57.8005 | val_loss: 1.7678 | LR: 0.001000
2025-08-21 03:06:46 INFO Epoch 013 | Train Loss: 1.5619 | Val Loss: 1.7708 | Dice: 0.4760 | softDice: 0.4704 | clDice: 0.5282 | softclDice: 0.4706 | IoU: 0.3129 | Tversky: 0.4760 | Hausdorff: 295.7718 | HD95: 50.0583 | val_loss: 1.7708 | LR: 0.001000
2025-08-21 03:09:21 INFO Epoch 014 | Train Loss: 1.5571 | Val Loss: 1.7681 | Dice: 0.4654 | softDice: 0.4610 | clDice: 0.5072 | softclDice: 0.4918 | IoU: 0.3040 | Tversky: 0.4654 | Hausdorff: 276.7623 | HD95: 45.1691 | val_loss: 1.7681 | LR: 0.001000
2025-08-21 03:11:52 INFO Epoch 015 | Train Loss: 1.5580 | Val Loss: 1.7703 | Dice: 0.4794 | softDice: 0.4743 | clDice: 0.5287 | softclDice: 0.4679 | IoU: 0.3158 | Tversky: 0.4794 | Hausdorff: 267.4957 | HD95: 43.3187 | val_loss: 1.7703 | LR: 0.001000
2025-08-21 03:14:20 INFO Epoch 016 | Train Loss: 1.5535 | Val Loss: 1.7704 | Dice: 0.4640 | softDice: 0.4596 | clDice: 0.5098 | softclDice: 0.4891 | IoU: 0.3027 | Tversky: 0.4640 | Hausdorff: 283.2020 | HD95: 47.9556 | val_loss: 1.7704 | LR: 0.001000
2025-08-21 03:16:52 INFO Epoch 017 | Train Loss: 1.5610 | Val Loss: 1.7687 | Dice: 0.4658 | softDice: 0.4615 | clDice: 0.5109 | softclDice: 0.4883 | IoU: 0.3044 | Tversky: 0.4658 | Hausdorff: 281.6543 | HD95: 54.7580 | val_loss: 1.7687 | LR: 0.001000
2025-08-21 03:19:17 INFO Epoch 018 | Train Loss: 1.5502 | Val Loss: 1.7724 | Dice: 0.4763 | softDice: 0.4721 | clDice: 0.5273 | softclDice: 0.4670 | IoU: 0.3131 | Tversky: 0.4763 | Hausdorff: 299.7447 | HD95: 44.5123 | val_loss: 1.7724 | LR: 0.000500
2025-08-21 03:21:34 INFO Epoch 019 | Train Loss: 1.5545 | Val Loss: 1.7712 | Dice: 0.4853 | softDice: 0.4809 | clDice: 0.5343 | softclDice: 0.4631 | IoU: 0.3209 | Tversky: 0.4853 | Hausdorff: 275.3902 | HD95: 40.0372 | val_loss: 1.7712 | LR: 0.000500
2025-08-21 03:23:56 INFO Epoch 020 | Train Loss: 1.5468 | Val Loss: 1.7705 | Dice: 0.4828 | softDice: 0.4784 | clDice: 0.5281 | softclDice: 0.4701 | IoU: 0.3189 | Tversky: 0.4828 | Hausdorff: 281.1067 | HD95: 35.4282 | val_loss: 1.7705 | LR: 0.000500
2025-08-21 03:26:24 INFO Epoch 021 | Train Loss: 1.5587 | Val Loss: 1.7682 | Dice: 0.4771 | softDice: 0.4726 | clDice: 0.5221 | softclDice: 0.4773 | IoU: 0.3139 | Tversky: 0.4771 | Hausdorff: 290.3963 | HD95: 44.4846 | val_loss: 1.7682 | LR: 0.000500
2025-08-21 03:28:50 INFO Epoch 022 | Train Loss: 1.5549 | Val Loss: 1.7711 | Dice: 0.4853 | softDice: 0.4801 | clDice: 0.5351 | softclDice: 0.4652 | IoU: 0.3209 | Tversky: 0.4853 | Hausdorff: 317.9494 | HD95: 35.0974 | val_loss: 1.7711 | LR: 0.000500
2025-08-21 03:31:11 INFO Epoch 023 | Train Loss: 1.5450 | Val Loss: 1.7700 | Dice: 0.4828 | softDice: 0.4780 | clDice: 0.5311 | softclDice: 0.4657 | IoU: 0.3188 | Tversky: 0.4828 | Hausdorff: 283.4092 | HD95: 44.8495 | val_loss: 1.7700 | LR: 0.000500
2025-08-21 03:33:39 INFO Epoch 024 | Train Loss: 1.5562 | Val Loss: 1.7681 | Dice: 0.4791 | softDice: 0.4742 | clDice: 0.5225 | softclDice: 0.4772 | IoU: 0.3157 | Tversky: 0.4791 | Hausdorff: 287.8868 | HD95: 40.7673 | val_loss: 1.7681 | LR: 0.000250
2025-08-21 03:35:51 INFO Epoch 025 | Train Loss: 1.5547 | Val Loss: 1.7700 | Dice: 0.4878 | softDice: 0.4828 | clDice: 0.5349 | softclDice: 0.4637 | IoU: 0.3232 | Tversky: 0.4878 | Hausdorff: 290.3934 | HD95: 36.9809 | val_loss: 1.7700 | LR: 0.000250
2025-08-21 03:38:13 INFO Epoch 026 | Train Loss: 1.5513 | Val Loss: 1.7694 | Dice: 0.4821 | softDice: 0.4779 | clDice: 0.5275 | softclDice: 0.4700 | IoU: 0.3183 | Tversky: 0.4821 | Hausdorff: 279.0921 | HD95: 35.7395 | val_loss: 1.7694 | LR: 0.000250
2025-08-21 03:40:47 INFO Epoch 027 | Train Loss: 1.5476 | Val Loss: 1.7702 | Dice: 0.4863 | softDice: 0.4825 | clDice: 0.5349 | softclDice: 0.4619 | IoU: 0.3219 | Tversky: 0.4863 | Hausdorff: 289.6507 | HD95: 36.1208 | val_loss: 1.7702 | LR: 0.000250
2025-08-21 03:43:13 INFO Epoch 028 | Train Loss: 1.5390 | Val Loss: 1.7700 | Dice: 0.4872 | softDice: 0.4831 | clDice: 0.5345 | softclDice: 0.4633 | IoU: 0.3227 | Tversky: 0.4872 | Hausdorff: 300.4316 | HD95: 34.9874 | val_loss: 1.7700 | LR: 0.000250
2025-08-21 03:45:39 INFO Epoch 029 | Train Loss: 1.5433 | Val Loss: 1.7707 | Dice: 0.4875 | softDice: 0.4830 | clDice: 0.5367 | softclDice: 0.4610 | IoU: 0.3229 | Tversky: 0.4875 | Hausdorff: 265.1677 | HD95: 34.2782 | val_loss: 1.7707 | LR: 0.000250
2025-08-21 03:48:05 INFO Epoch 030 | Train Loss: 1.5473 | Val Loss: 1.7691 | Dice: 0.4869 | softDice: 0.4825 | clDice: 0.5337 | softclDice: 0.4650 | IoU: 0.3224 | Tversky: 0.4869 | Hausdorff: 263.9494 | HD95: 34.9754 | val_loss: 1.7691 | LR: 0.000125
2025-08-21 03:50:32 INFO Epoch 031 | Train Loss: 1.5403 | Val Loss: 1.7701 | Dice: 0.4875 | softDice: 0.4834 | clDice: 0.5366 | softclDice: 0.4620 | IoU: 0.3228 | Tversky: 0.4875 | Hausdorff: 280.8064 | HD95: 35.3622 | val_loss: 1.7701 | LR: 0.000125
2025-08-21 03:53:08 INFO Epoch 032 | Train Loss: 1.5442 | Val Loss: 1.7703 | Dice: 0.4845 | softDice: 0.4804 | clDice: 0.5328 | softclDice: 0.4661 | IoU: 0.3202 | Tversky: 0.4845 | Hausdorff: 283.0890 | HD95: 36.0688 | val_loss: 1.7703 | LR: 0.000125
2025-08-21 03:55:30 INFO Epoch 033 | Train Loss: 1.5452 | Val Loss: 1.7693 | Dice: 0.4865 | softDice: 0.4823 | clDice: 0.5354 | softclDice: 0.4636 | IoU: 0.3220 | Tversky: 0.4865 | Hausdorff: 275.4896 | HD95: 37.3600 | val_loss: 1.7693 | LR: 0.000125
2025-08-21 03:57:56 INFO Epoch 034 | Train Loss: 1.5407 | Val Loss: 1.7691 | Dice: 0.4848 | softDice: 0.4808 | clDice: 0.5313 | softclDice: 0.4676 | IoU: 0.3206 | Tversky: 0.4848 | Hausdorff: 271.0759 | HD95: 35.4445 | val_loss: 1.7691 | LR: 0.000125
2025-08-21 04:00:22 INFO Epoch 035 | Train Loss: 1.5424 | Val Loss: 1.7705 | Dice: 0.4843 | softDice: 0.4800 | clDice: 0.5323 | softclDice: 0.4673 | IoU: 0.3201 | Tversky: 0.4843 | Hausdorff: 270.4982 | HD95: 34.5194 | val_loss: 1.7705 | LR: 0.000125
2025-08-21 04:02:49 INFO Epoch 036 | Train Loss: 1.5463 | Val Loss: 1.7695 | Dice: 0.4831 | softDice: 0.4785 | clDice: 0.5278 | softclDice: 0.4710 | IoU: 0.3190 | Tversky: 0.4831 | Hausdorff: 287.0246 | HD95: 37.0706 | val_loss: 1.7695 | LR: 0.000063
2025-08-21 04:05:25 INFO Early stopping at epoch 37 | Best Dice: 0.4878 at epoch 1
2025-08-21 04:06:19 INFO Fold 2 results: Dice: 0.4875 | softDice: 0.4830 | clDice: 0.5367 | softclDice: 0.4610 | IoU: 0.3229 | Tversky: 0.4875 | Hausdorff: 265.1677 | HD95: 34.2782 | val_loss: 1.7707
2025-08-21 04:06:19 INFO ===== Fold 3 / 5 =====
2025-08-21 04:06:19 INFO Loading model unet with settings {'name': 'unet', 'encoder_name': 'se_resnext50_32x4d', 'encoder_weights': 'imagenet', 'classes': 1, 'activation': None, 'dropout': 0.2}
2025-08-21 04:08:51 INFO Epoch 001 | Train Loss: 1.7991 | Val Loss: 1.8076 | Dice: 0.4079 | softDice: 0.3340 | clDice: 0.4637 | softclDice: 0.6726 | IoU: 0.2571 | Tversky: 0.4079 | Hausdorff: 262.2431 | HD95: 61.2143 | val_loss: 1.8076 | LR: 0.001000
2025-08-21 04:11:13 INFO Epoch 002 | Train Loss: 1.6047 | Val Loss: 1.7878 | Dice: 0.4428 | softDice: 0.4149 | clDice: 0.4937 | softclDice: 0.5440 | IoU: 0.2855 | Tversky: 0.4428 | Hausdorff: 237.1021 | HD95: 64.9638 | val_loss: 1.7878 | LR: 0.001000
2025-08-21 04:13:35 INFO Epoch 003 | Train Loss: 1.5769 | Val Loss: 1.7849 | Dice: 0.4411 | softDice: 0.4274 | clDice: 0.4875 | softclDice: 0.5247 | IoU: 0.2840 | Tversky: 0.4411 | Hausdorff: 244.7652 | HD95: 62.2473 | val_loss: 1.7849 | LR: 0.001000
2025-08-21 04:16:04 INFO Epoch 004 | Train Loss: 1.5680 | Val Loss: 1.7826 | Dice: 0.4498 | softDice: 0.4415 | clDice: 0.5029 | softclDice: 0.5043 | IoU: 0.2910 | Tversky: 0.4498 | Hausdorff: 265.9841 | HD95: 66.1280 | val_loss: 1.7826 | LR: 0.001000
2025-08-21 04:18:25 INFO Epoch 005 | Train Loss: 1.5616 | Val Loss: 1.7860 | Dice: 0.4749 | softDice: 0.4664 | clDice: 0.5318 | softclDice: 0.4725 | IoU: 0.3124 | Tversky: 0.4749 | Hausdorff: 265.1570 | HD95: 44.7224 | val_loss: 1.7860 | LR: 0.001000
2025-08-21 04:20:43 INFO Epoch 006 | Train Loss: 1.5696 | Val Loss: 1.7791 | Dice: 0.4422 | softDice: 0.4375 | clDice: 0.4797 | softclDice: 0.5254 | IoU: 0.2852 | Tversky: 0.4422 | Hausdorff: 240.3402 | HD95: 63.3829 | val_loss: 1.7791 | LR: 0.001000
2025-08-21 04:22:56 INFO Epoch 007 | Train Loss: 1.5591 | Val Loss: 1.7870 | Dice: 0.4674 | softDice: 0.4610 | clDice: 0.5232 | softclDice: 0.4829 | IoU: 0.3058 | Tversky: 0.4674 | Hausdorff: 255.5999 | HD95: 43.4632 | val_loss: 1.7870 | LR: 0.001000
2025-08-21 04:25:24 INFO Epoch 008 | Train Loss: 1.5600 | Val Loss: 1.7815 | Dice: 0.4644 | softDice: 0.4608 | clDice: 0.5111 | softclDice: 0.4874 | IoU: 0.3034 | Tversky: 0.4644 | Hausdorff: 252.7229 | HD95: 47.9610 | val_loss: 1.7815 | LR: 0.001000
2025-08-21 04:27:55 INFO Epoch 009 | Train Loss: 1.5589 | Val Loss: 1.7810 | Dice: 0.4463 | softDice: 0.4452 | clDice: 0.4962 | softclDice: 0.5009 | IoU: 0.2886 | Tversky: 0.4463 | Hausdorff: 245.1510 | HD95: 62.2273 | val_loss: 1.7810 | LR: 0.001000
2025-08-21 04:30:22 INFO Epoch 010 | Train Loss: 1.5475 | Val Loss: 1.7864 | Dice: 0.4776 | softDice: 0.4737 | clDice: 0.5364 | softclDice: 0.4655 | IoU: 0.3146 | Tversky: 0.4776 | Hausdorff: 229.2656 | HD95: 46.8371 | val_loss: 1.7864 | LR: 0.001000
2025-08-21 04:32:58 INFO Epoch 011 | Train Loss: 1.5547 | Val Loss: 1.7817 | Dice: 0.4648 | softDice: 0.4635 | clDice: 0.5156 | softclDice: 0.4805 | IoU: 0.3039 | Tversky: 0.4648 | Hausdorff: 229.2896 | HD95: 50.6364 | val_loss: 1.7817 | LR: 0.001000
2025-08-21 04:35:21 INFO Epoch 012 | Train Loss: 1.5564 | Val Loss: 1.7812 | Dice: 0.4719 | softDice: 0.4703 | clDice: 0.5264 | softclDice: 0.4687 | IoU: 0.3099 | Tversky: 0.4719 | Hausdorff: 248.0173 | HD95: 52.7879 | val_loss: 1.7812 | LR: 0.000500
2025-08-21 04:37:47 INFO Epoch 013 | Train Loss: 1.5508 | Val Loss: 1.7827 | Dice: 0.4802 | softDice: 0.4774 | clDice: 0.5345 | softclDice: 0.4641 | IoU: 0.3170 | Tversky: 0.4802 | Hausdorff: 239.1228 | HD95: 43.6026 | val_loss: 1.7827 | LR: 0.000500
2025-08-21 04:40:17 INFO Epoch 014 | Train Loss: 1.5598 | Val Loss: 1.7820 | Dice: 0.4812 | softDice: 0.4790 | clDice: 0.5359 | softclDice: 0.4590 | IoU: 0.3180 | Tversky: 0.4812 | Hausdorff: 243.6016 | HD95: 46.5975 | val_loss: 1.7820 | LR: 0.000500
2025-08-21 04:42:36 INFO Epoch 015 | Train Loss: 1.5511 | Val Loss: 1.7829 | Dice: 0.4831 | softDice: 0.4788 | clDice: 0.5378 | softclDice: 0.4633 | IoU: 0.3195 | Tversky: 0.4831 | Hausdorff: 251.1706 | HD95: 41.1130 | val_loss: 1.7829 | LR: 0.000500
2025-08-21 04:45:00 INFO Epoch 016 | Train Loss: 1.5402 | Val Loss: 1.7835 | Dice: 0.4820 | softDice: 0.4797 | clDice: 0.5378 | softclDice: 0.4562 | IoU: 0.3186 | Tversky: 0.4820 | Hausdorff: 236.1253 | HD95: 42.4693 | val_loss: 1.7835 | LR: 0.000500
2025-08-21 04:47:23 INFO Epoch 017 | Train Loss: 1.5515 | Val Loss: 1.7810 | Dice: 0.4793 | softDice: 0.4773 | clDice: 0.5309 | softclDice: 0.4669 | IoU: 0.3163 | Tversky: 0.4793 | Hausdorff: 224.7895 | HD95: 42.2352 | val_loss: 1.7810 | LR: 0.000500
2025-08-21 04:49:44 INFO Epoch 018 | Train Loss: 1.5451 | Val Loss: 1.7809 | Dice: 0.4817 | softDice: 0.4798 | clDice: 0.5320 | softclDice: 0.4653 | IoU: 0.3184 | Tversky: 0.4817 | Hausdorff: 240.1078 | HD95: 41.2766 | val_loss: 1.7809 | LR: 0.000250
2025-08-21 04:52:12 INFO Epoch 019 | Train Loss: 1.5533 | Val Loss: 1.7810 | Dice: 0.4795 | softDice: 0.4777 | clDice: 0.5311 | softclDice: 0.4647 | IoU: 0.3166 | Tversky: 0.4795 | Hausdorff: 240.3699 | HD95: 44.2825 | val_loss: 1.7810 | LR: 0.000250
2025-08-21 04:54:22 INFO Epoch 020 | Train Loss: 1.5440 | Val Loss: 1.7799 | Dice: 0.4803 | softDice: 0.4787 | clDice: 0.5313 | softclDice: 0.4645 | IoU: 0.3174 | Tversky: 0.4803 | Hausdorff: 233.4279 | HD95: 47.5139 | val_loss: 1.7799 | LR: 0.000250
2025-08-21 04:56:38 INFO Epoch 021 | Train Loss: 1.5399 | Val Loss: 1.7814 | Dice: 0.4816 | softDice: 0.4799 | clDice: 0.5338 | softclDice: 0.4613 | IoU: 0.3183 | Tversky: 0.4816 | Hausdorff: 237.4662 | HD95: 40.1693 | val_loss: 1.7814 | LR: 0.000250
2025-08-21 04:59:00 INFO Epoch 022 | Train Loss: 1.5458 | Val Loss: 1.7820 | Dice: 0.4844 | softDice: 0.4825 | clDice: 0.5407 | softclDice: 0.4553 | IoU: 0.3208 | Tversky: 0.4844 | Hausdorff: 233.7225 | HD95: 41.6496 | val_loss: 1.7820 | LR: 0.000250
2025-08-21 05:01:26 INFO Epoch 023 | Train Loss: 1.5483 | Val Loss: 1.7808 | Dice: 0.4824 | softDice: 0.4813 | clDice: 0.5326 | softclDice: 0.4618 | IoU: 0.3190 | Tversky: 0.4824 | Hausdorff: 234.2702 | HD95: 42.0309 | val_loss: 1.7808 | LR: 0.000250
2025-08-21 05:03:54 INFO Epoch 024 | Train Loss: 1.5491 | Val Loss: 1.7816 | Dice: 0.4811 | softDice: 0.4792 | clDice: 0.5308 | softclDice: 0.4621 | IoU: 0.3180 | Tversky: 0.4811 | Hausdorff: 230.2424 | HD95: 42.2322 | val_loss: 1.7816 | LR: 0.000125
2025-08-21 05:06:15 INFO Epoch 025 | Train Loss: 1.5507 | Val Loss: 1.7818 | Dice: 0.4834 | softDice: 0.4813 | clDice: 0.5363 | softclDice: 0.4597 | IoU: 0.3200 | Tversky: 0.4834 | Hausdorff: 241.6637 | HD95: 39.5638 | val_loss: 1.7818 | LR: 0.000125
2025-08-21 05:08:40 INFO Epoch 026 | Train Loss: 1.5478 | Val Loss: 1.7821 | Dice: 0.4796 | softDice: 0.4775 | clDice: 0.5308 | softclDice: 0.4653 | IoU: 0.3166 | Tversky: 0.4796 | Hausdorff: 242.2476 | HD95: 41.2248 | val_loss: 1.7821 | LR: 0.000125
2025-08-21 05:10:50 INFO Epoch 027 | Train Loss: 1.5400 | Val Loss: 1.7808 | Dice: 0.4867 | softDice: 0.4844 | clDice: 0.5406 | softclDice: 0.4553 | IoU: 0.3228 | Tversky: 0.4867 | Hausdorff: 239.2035 | HD95: 40.0499 | val_loss: 1.7808 | LR: 0.000125
2025-08-21 05:13:20 INFO Epoch 028 | Train Loss: 1.5474 | Val Loss: 1.7809 | Dice: 0.4858 | softDice: 0.4836 | clDice: 0.5376 | softclDice: 0.4589 | IoU: 0.3221 | Tversky: 0.4858 | Hausdorff: 243.6489 | HD95: 39.6102 | val_loss: 1.7809 | LR: 0.000125
2025-08-21 05:15:37 INFO Epoch 029 | Train Loss: 1.5404 | Val Loss: 1.7809 | Dice: 0.4896 | softDice: 0.4875 | clDice: 0.5443 | softclDice: 0.4525 | IoU: 0.3254 | Tversky: 0.4896 | Hausdorff: 239.4945 | HD95: 39.0971 | val_loss: 1.7809 | LR: 0.000125
2025-08-21 05:18:01 INFO Epoch 030 | Train Loss: 1.5455 | Val Loss: 1.7808 | Dice: 0.4857 | softDice: 0.4838 | clDice: 0.5356 | softclDice: 0.4596 | IoU: 0.3219 | Tversky: 0.4857 | Hausdorff: 240.4637 | HD95: 39.3660 | val_loss: 1.7808 | LR: 0.000063
2025-08-21 05:20:11 INFO Epoch 031 | Train Loss: 1.5452 | Val Loss: 1.7812 | Dice: 0.4896 | softDice: 0.4877 | clDice: 0.5443 | softclDice: 0.4514 | IoU: 0.3253 | Tversky: 0.4896 | Hausdorff: 232.9585 | HD95: 38.8501 | val_loss: 1.7812 | LR: 0.000063
2025-08-21 05:22:26 INFO Early stopping at epoch 32 | Best Dice: 0.4896 at epoch 1
2025-08-21 05:23:20 INFO Fold 3 results: Dice: 0.4896 | softDice: 0.4877 | clDice: 0.5443 | softclDice: 0.4514 | IoU: 0.3253 | Tversky: 0.4896 | Hausdorff: 232.9585 | HD95: 38.8501 | val_loss: 1.7812
2025-08-21 05:23:20 INFO ===== Fold 4 / 5 =====
2025-08-21 05:23:20 INFO Loading model unet with settings {'name': 'unet', 'encoder_name': 'se_resnext50_32x4d', 'encoder_weights': 'imagenet', 'classes': 1, 'activation': None, 'dropout': 0.2}
2025-08-21 05:25:42 INFO Epoch 001 | Train Loss: 1.9129 | Val Loss: 1.8257 | Dice: 0.4371 | softDice: 0.3102 | clDice: 0.4950 | softclDice: 0.6849 | IoU: 0.2799 | Tversky: 0.4371 | Hausdorff: 285.1339 | HD95: 53.9177 | val_loss: 1.8257 | LR: 0.001000
2025-08-21 05:28:02 INFO Epoch 002 | Train Loss: 1.6391 | Val Loss: 1.7846 | Dice: 0.4535 | softDice: 0.4030 | clDice: 0.5071 | softclDice: 0.5388 | IoU: 0.2934 | Tversky: 0.4535 | Hausdorff: 205.9265 | HD95: 50.9806 | val_loss: 1.7846 | LR: 0.001000
2025-08-21 05:30:28 INFO Epoch 003 | Train Loss: 1.5996 | Val Loss: 1.7769 | Dice: 0.4548 | softDice: 0.4313 | clDice: 0.5018 | softclDice: 0.5175 | IoU: 0.2945 | Tversky: 0.4548 | Hausdorff: 312.6063 | HD95: 49.4031 | val_loss: 1.7769 | LR: 0.001000
2025-08-21 05:32:51 INFO Epoch 004 | Train Loss: 1.5846 | Val Loss: 1.7731 | Dice: 0.4559 | softDice: 0.4399 | clDice: 0.5006 | softclDice: 0.5088 | IoU: 0.2954 | Tversky: 0.4559 | Hausdorff: 468.3516 | HD95: 60.4791 | val_loss: 1.7731 | LR: 0.001000
2025-08-21 05:35:14 INFO Epoch 005 | Train Loss: 1.5730 | Val Loss: 1.7676 | Dice: 0.4580 | softDice: 0.4472 | clDice: 0.4995 | softclDice: 0.5042 | IoU: 0.2972 | Tversky: 0.4580 | Hausdorff: 230.1185 | HD95: 56.0984 | val_loss: 1.7676 | LR: 0.001000
2025-08-21 05:37:40 INFO Epoch 006 | Train Loss: 1.5743 | Val Loss: 1.7763 | Dice: 0.4453 | softDice: 0.4365 | clDice: 0.4888 | softclDice: 0.5189 | IoU: 0.2866 | Tversky: 0.4453 | Hausdorff: 221.1179 | HD95: 47.2465 | val_loss: 1.7763 | LR: 0.001000
2025-08-21 05:40:10 INFO Epoch 007 | Train Loss: 1.5730 | Val Loss: 1.7773 | Dice: 0.4649 | softDice: 0.4556 | clDice: 0.5180 | softclDice: 0.4929 | IoU: 0.3031 | Tversky: 0.4649 | Hausdorff: 245.0300 | HD95: 42.3849 | val_loss: 1.7773 | LR: 0.001000
2025-08-21 05:42:43 INFO Epoch 008 | Train Loss: 1.5703 | Val Loss: 1.7749 | Dice: 0.4714 | softDice: 0.4637 | clDice: 0.5281 | softclDice: 0.4768 | IoU: 0.3086 | Tversky: 0.4714 | Hausdorff: 425.6000 | HD95: 52.0394 | val_loss: 1.7749 | LR: 0.001000
2025-08-21 05:45:09 INFO Epoch 009 | Train Loss: 1.5689 | Val Loss: 1.7669 | Dice: 0.4461 | softDice: 0.4413 | clDice: 0.4879 | softclDice: 0.5102 | IoU: 0.2873 | Tversky: 0.4461 | Hausdorff: 241.4869 | HD95: 64.1841 | val_loss: 1.7669 | LR: 0.001000
2025-08-21 05:47:37 INFO Epoch 010 | Train Loss: 1.5673 | Val Loss: 1.7684 | Dice: 0.4736 | softDice: 0.4675 | clDice: 0.5219 | softclDice: 0.4763 | IoU: 0.3106 | Tversky: 0.4736 | Hausdorff: 289.1770 | HD95: 47.4830 | val_loss: 1.7684 | LR: 0.001000
2025-08-21 05:50:00 INFO Epoch 011 | Train Loss: 1.5708 | Val Loss: 1.7703 | Dice: 0.4628 | softDice: 0.4552 | clDice: 0.5044 | softclDice: 0.4996 | IoU: 0.3013 | Tversky: 0.4628 | Hausdorff: 289.4268 | HD95: 48.0501 | val_loss: 1.7703 | LR: 0.001000
2025-08-21 05:52:28 INFO Epoch 012 | Train Loss: 1.5635 | Val Loss: 1.7725 | Dice: 0.4762 | softDice: 0.4699 | clDice: 0.5321 | softclDice: 0.4686 | IoU: 0.3127 | Tversky: 0.4762 | Hausdorff: 225.3067 | HD95: 41.7641 | val_loss: 1.7725 | LR: 0.001000
2025-08-21 05:54:51 INFO Epoch 013 | Train Loss: 1.5730 | Val Loss: 1.7661 | Dice: 0.4685 | softDice: 0.4641 | clDice: 0.5144 | softclDice: 0.4802 | IoU: 0.3060 | Tversky: 0.4685 | Hausdorff: 225.6891 | HD95: 55.6525 | val_loss: 1.7661 | LR: 0.001000
2025-08-21 05:57:09 INFO Epoch 014 | Train Loss: 1.5682 | Val Loss: 1.7681 | Dice: 0.4594 | softDice: 0.4545 | clDice: 0.4989 | softclDice: 0.5015 | IoU: 0.2983 | Tversky: 0.4594 | Hausdorff: 209.7270 | HD95: 47.2837 | val_loss: 1.7681 | LR: 0.001000
2025-08-21 05:59:28 INFO Epoch 015 | Train Loss: 1.5628 | Val Loss: 1.7759 | Dice: 0.4732 | softDice: 0.4673 | clDice: 0.5199 | softclDice: 0.4842 | IoU: 0.3102 | Tversky: 0.4732 | Hausdorff: 294.8464 | HD95: 39.6461 | val_loss: 1.7759 | LR: 0.001000
2025-08-21 06:01:55 INFO Epoch 016 | Train Loss: 1.5635 | Val Loss: 1.7693 | Dice: 0.4752 | softDice: 0.4704 | clDice: 0.5283 | softclDice: 0.4689 | IoU: 0.3119 | Tversky: 0.4752 | Hausdorff: 218.3438 | HD95: 45.1844 | val_loss: 1.7693 | LR: 0.001000
2025-08-21 06:04:20 INFO Epoch 017 | Train Loss: 1.5594 | Val Loss: 1.7668 | Dice: 0.4681 | softDice: 0.4633 | clDice: 0.5048 | softclDice: 0.4967 | IoU: 0.3058 | Tversky: 0.4681 | Hausdorff: 235.5067 | HD95: 35.5893 | val_loss: 1.7668 | LR: 0.001000
2025-08-21 06:06:43 INFO Epoch 018 | Train Loss: 1.5526 | Val Loss: 1.7717 | Dice: 0.4583 | softDice: 0.4525 | clDice: 0.5022 | softclDice: 0.4989 | IoU: 0.2975 | Tversky: 0.4583 | Hausdorff: 288.9790 | HD95: 42.6349 | val_loss: 1.7717 | LR: 0.001000
2025-08-21 06:08:51 INFO Epoch 019 | Train Loss: 1.5642 | Val Loss: 1.7693 | Dice: 0.4801 | softDice: 0.4757 | clDice: 0.5342 | softclDice: 0.4616 | IoU: 0.3161 | Tversky: 0.4801 | Hausdorff: 207.4295 | HD95: 40.5421 | val_loss: 1.7693 | LR: 0.000500
2025-08-21 06:11:22 INFO Epoch 020 | Train Loss: 1.5549 | Val Loss: 1.7674 | Dice: 0.4762 | softDice: 0.4723 | clDice: 0.5169 | softclDice: 0.4801 | IoU: 0.3127 | Tversky: 0.4762 | Hausdorff: 204.8357 | HD95: 38.7725 | val_loss: 1.7674 | LR: 0.000500
2025-08-21 06:13:39 INFO Epoch 021 | Train Loss: 1.5550 | Val Loss: 1.7666 | Dice: 0.4849 | softDice: 0.4806 | clDice: 0.5321 | softclDice: 0.4657 | IoU: 0.3203 | Tversky: 0.4849 | Hausdorff: 209.6489 | HD95: 36.0420 | val_loss: 1.7666 | LR: 0.000500
2025-08-21 06:15:56 INFO Epoch 022 | Train Loss: 1.5512 | Val Loss: 1.7663 | Dice: 0.4848 | softDice: 0.4802 | clDice: 0.5327 | softclDice: 0.4648 | IoU: 0.3202 | Tversky: 0.4848 | Hausdorff: 232.9924 | HD95: 42.3513 | val_loss: 1.7663 | LR: 0.000500
2025-08-21 06:18:16 INFO Epoch 023 | Train Loss: 1.5534 | Val Loss: 1.7647 | Dice: 0.4725 | softDice: 0.4682 | clDice: 0.5133 | softclDice: 0.4861 | IoU: 0.3096 | Tversky: 0.4725 | Hausdorff: 237.9745 | HD95: 38.8801 | val_loss: 1.7647 | LR: 0.000500
2025-08-21 06:20:33 INFO Epoch 024 | Train Loss: 1.5608 | Val Loss: 1.7660 | Dice: 0.4759 | softDice: 0.4716 | clDice: 0.5169 | softclDice: 0.4821 | IoU: 0.3125 | Tversky: 0.4759 | Hausdorff: 223.5597 | HD95: 37.1193 | val_loss: 1.7660 | LR: 0.000500
2025-08-21 06:22:47 INFO Epoch 025 | Train Loss: 1.5532 | Val Loss: 1.7687 | Dice: 0.4916 | softDice: 0.4867 | clDice: 0.5463 | softclDice: 0.4516 | IoU: 0.3262 | Tversky: 0.4916 | Hausdorff: 207.8241 | HD95: 34.5681 | val_loss: 1.7687 | LR: 0.000500
2025-08-21 06:24:56 INFO Epoch 026 | Train Loss: 1.5519 | Val Loss: 1.7685 | Dice: 0.4827 | softDice: 0.4779 | clDice: 0.5339 | softclDice: 0.4649 | IoU: 0.3184 | Tversky: 0.4827 | Hausdorff: 186.4035 | HD95: 41.2799 | val_loss: 1.7685 | LR: 0.000500
2025-08-21 06:27:18 INFO Epoch 027 | Train Loss: 1.5583 | Val Loss: 1.7668 | Dice: 0.4836 | softDice: 0.4788 | clDice: 0.5292 | softclDice: 0.4696 | IoU: 0.3193 | Tversky: 0.4836 | Hausdorff: 230.4014 | HD95: 36.0461 | val_loss: 1.7668 | LR: 0.000500
2025-08-21 06:29:27 INFO Epoch 028 | Train Loss: 1.5664 | Val Loss: 1.7648 | Dice: 0.4828 | softDice: 0.4791 | clDice: 0.5315 | softclDice: 0.4632 | IoU: 0.3185 | Tversky: 0.4828 | Hausdorff: 205.1274 | HD95: 43.1994 | val_loss: 1.7648 | LR: 0.000500
2025-08-21 06:31:36 INFO Epoch 029 | Train Loss: 1.5528 | Val Loss: 1.7680 | Dice: 0.4861 | softDice: 0.4815 | clDice: 0.5387 | softclDice: 0.4580 | IoU: 0.3214 | Tversky: 0.4861 | Hausdorff: 206.1536 | HD95: 37.2310 | val_loss: 1.7680 | LR: 0.000250
2025-08-21 06:33:51 INFO Epoch 030 | Train Loss: 1.5516 | Val Loss: 1.7662 | Dice: 0.4872 | softDice: 0.4829 | clDice: 0.5339 | softclDice: 0.4625 | IoU: 0.3223 | Tversky: 0.4872 | Hausdorff: 213.4766 | HD95: 36.4980 | val_loss: 1.7662 | LR: 0.000250
2025-08-21 06:36:14 INFO Epoch 031 | Train Loss: 1.5567 | Val Loss: 1.7663 | Dice: 0.4915 | softDice: 0.4868 | clDice: 0.5425 | softclDice: 0.4550 | IoU: 0.3261 | Tversky: 0.4915 | Hausdorff: 204.7417 | HD95: 35.1141 | val_loss: 1.7663 | LR: 0.000250
2025-08-21 06:38:37 INFO Epoch 032 | Train Loss: 1.5549 | Val Loss: 1.7663 | Dice: 0.4888 | softDice: 0.4843 | clDice: 0.5376 | softclDice: 0.4593 | IoU: 0.3237 | Tversky: 0.4888 | Hausdorff: 208.7589 | HD95: 37.2563 | val_loss: 1.7663 | LR: 0.000250
2025-08-21 06:40:46 INFO Epoch 033 | Train Loss: 1.5389 | Val Loss: 1.7667 | Dice: 0.4848 | softDice: 0.4799 | clDice: 0.5292 | softclDice: 0.4685 | IoU: 0.3203 | Tversky: 0.4848 | Hausdorff: 222.4118 | HD95: 36.4398 | val_loss: 1.7667 | LR: 0.000250
2025-08-21 06:42:55 INFO Epoch 034 | Train Loss: 1.5570 | Val Loss: 1.7664 | Dice: 0.4865 | softDice: 0.4819 | clDice: 0.5328 | softclDice: 0.4637 | IoU: 0.3217 | Tversky: 0.4865 | Hausdorff: 200.9764 | HD95: 35.1988 | val_loss: 1.7664 | LR: 0.000250
2025-08-21 06:45:19 INFO Epoch 035 | Train Loss: 1.5398 | Val Loss: 1.7649 | Dice: 0.4884 | softDice: 0.4833 | clDice: 0.5356 | softclDice: 0.4620 | IoU: 0.3234 | Tversky: 0.4884 | Hausdorff: 223.2723 | HD95: 37.2896 | val_loss: 1.7649 | LR: 0.000125
2025-08-21 06:47:35 INFO Epoch 036 | Train Loss: 1.5528 | Val Loss: 1.7659 | Dice: 0.4911 | softDice: 0.4864 | clDice: 0.5371 | softclDice: 0.4604 | IoU: 0.3258 | Tversky: 0.4911 | Hausdorff: 221.6438 | HD95: 33.7873 | val_loss: 1.7659 | LR: 0.000125
2025-08-21 06:49:57 INFO Epoch 037 | Train Loss: 1.5491 | Val Loss: 1.7665 | Dice: 0.4918 | softDice: 0.4868 | clDice: 0.5393 | softclDice: 0.4585 | IoU: 0.3264 | Tversky: 0.4918 | Hausdorff: 216.6600 | HD95: 33.3213 | val_loss: 1.7665 | LR: 0.000125
2025-08-21 06:52:24 INFO Epoch 038 | Train Loss: 1.5381 | Val Loss: 1.7667 | Dice: 0.4920 | softDice: 0.4873 | clDice: 0.5400 | softclDice: 0.4581 | IoU: 0.3266 | Tversky: 0.4920 | Hausdorff: 208.7809 | HD95: 33.9630 | val_loss: 1.7667 | LR: 0.000125
2025-08-21 06:54:40 INFO Epoch 039 | Train Loss: 1.5445 | Val Loss: 1.7655 | Dice: 0.4909 | softDice: 0.4859 | clDice: 0.5385 | softclDice: 0.4613 | IoU: 0.3256 | Tversky: 0.4909 | Hausdorff: 215.8890 | HD95: 35.6832 | val_loss: 1.7655 | LR: 0.000125
2025-08-21 06:57:06 INFO Epoch 040 | Train Loss: 1.5518 | Val Loss: 1.7666 | Dice: 0.4919 | softDice: 0.4870 | clDice: 0.5407 | softclDice: 0.4568 | IoU: 0.3265 | Tversky: 0.4919 | Hausdorff: 222.6343 | HD95: 34.8792 | val_loss: 1.7666 | LR: 0.000125
2025-08-21 06:59:17 INFO Epoch 041 | Train Loss: 1.5409 | Val Loss: 1.7676 | Dice: 0.4931 | softDice: 0.4878 | clDice: 0.5443 | softclDice: 0.4540 | IoU: 0.3275 | Tversky: 0.4931 | Hausdorff: 189.4278 | HD95: 32.6767 | val_loss: 1.7676 | LR: 0.000063
2025-08-21 07:01:29 INFO Epoch 042 | Train Loss: 1.5419 | Val Loss: 1.7659 | Dice: 0.4932 | softDice: 0.4882 | clDice: 0.5406 | softclDice: 0.4574 | IoU: 0.3276 | Tversky: 0.4932 | Hausdorff: 204.5282 | HD95: 32.6132 | val_loss: 1.7659 | LR: 0.000063
2025-08-21 07:03:43 INFO Early stopping at epoch 43 | Best Dice: 0.4932 at epoch 1
2025-08-21 07:04:37 INFO Fold 4 results: Dice: 0.4916 | softDice: 0.4867 | clDice: 0.5463 | softclDice: 0.4516 | IoU: 0.3262 | Tversky: 0.4916 | Hausdorff: 207.8241 | HD95: 34.5681 | val_loss: 1.7687
2025-08-21 07:04:37 INFO ===== Fold 5 / 5 =====
2025-08-21 07:04:37 INFO Loading model unet with settings {'name': 'unet', 'encoder_name': 'se_resnext50_32x4d', 'encoder_weights': 'imagenet', 'classes': 1, 'activation': None, 'dropout': 0.2}
2025-08-21 07:07:00 INFO Epoch 001 | Train Loss: 1.7594 | Val Loss: 1.8208 | Dice: 0.4156 | softDice: 0.3383 | clDice: 0.4743 | softclDice: 0.6503 | IoU: 0.2626 | Tversky: 0.4156 | Hausdorff: 307.6263 | HD95: 83.1188 | val_loss: 1.8208 | LR: 0.001000
2025-08-21 07:09:12 INFO Epoch 002 | Train Loss: 1.6051 | Val Loss: 1.8050 | Dice: 0.4472 | softDice: 0.4190 | clDice: 0.4949 | softclDice: 0.5346 | IoU: 0.2883 | Tversky: 0.4472 | Hausdorff: 254.8194 | HD95: 49.6815 | val_loss: 1.8050 | LR: 0.001000
2025-08-21 07:11:19 INFO Epoch 003 | Train Loss: 1.5791 | Val Loss: 1.7971 | Dice: 0.4128 | softDice: 0.3993 | clDice: 0.4587 | softclDice: 0.5536 | IoU: 0.2603 | Tversky: 0.4128 | Hausdorff: 285.1069 | HD95: 100.4296 | val_loss: 1.7971 | LR: 0.001000
2025-08-21 07:13:22 INFO Epoch 004 | Train Loss: 1.5627 | Val Loss: 1.8034 | Dice: 0.4542 | softDice: 0.4433 | clDice: 0.5126 | softclDice: 0.4945 | IoU: 0.2941 | Tversky: 0.4542 | Hausdorff: 307.8029 | HD95: 54.7284 | val_loss: 1.8034 | LR: 0.001000
2025-08-21 07:15:33 INFO Epoch 005 | Train Loss: 1.5654 | Val Loss: 1.8022 | Dice: 0.4719 | softDice: 0.4630 | clDice: 0.5345 | softclDice: 0.4670 | IoU: 0.3091 | Tversky: 0.4719 | Hausdorff: 221.1680 | HD95: 49.1083 | val_loss: 1.8022 | LR: 0.001000
2025-08-21 07:17:53 INFO Epoch 006 | Train Loss: 1.5623 | Val Loss: 1.8015 | Dice: 0.4549 | softDice: 0.4485 | clDice: 0.5078 | softclDice: 0.4891 | IoU: 0.2946 | Tversky: 0.4549 | Hausdorff: 229.1847 | HD95: 51.1662 | val_loss: 1.8015 | LR: 0.001000
2025-08-21 07:20:07 INFO Epoch 007 | Train Loss: 1.5592 | Val Loss: 1.7989 | Dice: 0.4647 | softDice: 0.4591 | clDice: 0.5190 | softclDice: 0.4791 | IoU: 0.3029 | Tversky: 0.4647 | Hausdorff: 214.6724 | HD95: 51.5961 | val_loss: 1.7989 | LR: 0.001000
2025-08-21 07:22:21 INFO Epoch 008 | Train Loss: 1.5564 | Val Loss: 1.8002 | Dice: 0.4649 | softDice: 0.4584 | clDice: 0.5173 | softclDice: 0.4814 | IoU: 0.3031 | Tversky: 0.4649 | Hausdorff: 233.0236 | HD95: 46.2097 | val_loss: 1.8002 | LR: 0.001000
2025-08-21 07:24:29 INFO Epoch 009 | Train Loss: 1.5679 | Val Loss: 1.8016 | Dice: 0.4711 | softDice: 0.4655 | clDice: 0.5356 | softclDice: 0.4576 | IoU: 0.3084 | Tversky: 0.4711 | Hausdorff: 193.5957 | HD95: 52.4635 | val_loss: 1.8016 | LR: 0.000500
2025-08-21 07:26:51 INFO Epoch 010 | Train Loss: 1.5620 | Val Loss: 1.7991 | Dice: 0.4786 | softDice: 0.4747 | clDice: 0.5389 | softclDice: 0.4539 | IoU: 0.3149 | Tversky: 0.4786 | Hausdorff: 221.8041 | HD95: 51.8315 | val_loss: 1.7991 | LR: 0.000500
2025-08-21 07:29:03 INFO Epoch 011 | Train Loss: 1.5540 | Val Loss: 1.7961 | Dice: 0.4796 | softDice: 0.4760 | clDice: 0.5347 | softclDice: 0.4615 | IoU: 0.3157 | Tversky: 0.4796 | Hausdorff: 204.3351 | HD95: 49.1501 | val_loss: 1.7961 | LR: 0.000500
2025-08-21 07:31:09 INFO Epoch 012 | Train Loss: 1.5443 | Val Loss: 1.7978 | Dice: 0.4787 | softDice: 0.4752 | clDice: 0.5372 | softclDice: 0.4600 | IoU: 0.3149 | Tversky: 0.4787 | Hausdorff: 206.6110 | HD95: 47.8837 | val_loss: 1.7978 | LR: 0.000500
2025-08-21 07:33:22 INFO Epoch 013 | Train Loss: 1.5495 | Val Loss: 1.7987 | Dice: 0.4814 | softDice: 0.4770 | clDice: 0.5378 | softclDice: 0.4565 | IoU: 0.3174 | Tversky: 0.4814 | Hausdorff: 203.8459 | HD95: 42.5588 | val_loss: 1.7987 | LR: 0.000500
2025-08-21 07:35:42 INFO Epoch 014 | Train Loss: 1.5485 | Val Loss: 1.7975 | Dice: 0.4797 | softDice: 0.4756 | clDice: 0.5336 | softclDice: 0.4625 | IoU: 0.3159 | Tversky: 0.4797 | Hausdorff: 204.3751 | HD95: 42.7072 | val_loss: 1.7975 | LR: 0.000500
2025-08-21 07:38:01 INFO Epoch 015 | Train Loss: 1.5469 | Val Loss: 1.7971 | Dice: 0.4803 | softDice: 0.4771 | clDice: 0.5373 | softclDice: 0.4590 | IoU: 0.3164 | Tversky: 0.4803 | Hausdorff: 199.2490 | HD95: 45.1778 | val_loss: 1.7971 | LR: 0.000500
2025-08-21 07:40:12 INFO Epoch 016 | Train Loss: 1.5498 | Val Loss: 1.7995 | Dice: 0.4824 | softDice: 0.4779 | clDice: 0.5389 | softclDice: 0.4577 | IoU: 0.3182 | Tversky: 0.4824 | Hausdorff: 196.8451 | HD95: 38.4796 | val_loss: 1.7995 | LR: 0.000500
2025-08-21 07:42:42 INFO Epoch 017 | Train Loss: 1.5496 | Val Loss: 1.7979 | Dice: 0.4820 | softDice: 0.4789 | clDice: 0.5399 | softclDice: 0.4567 | IoU: 0.3179 | Tversky: 0.4820 | Hausdorff: 215.2565 | HD95: 42.3831 | val_loss: 1.7979 | LR: 0.000250
2025-08-21 07:45:13 INFO Epoch 018 | Train Loss: 1.5435 | Val Loss: 1.7975 | Dice: 0.4807 | softDice: 0.4772 | clDice: 0.5351 | softclDice: 0.4608 | IoU: 0.3168 | Tversky: 0.4807 | Hausdorff: 204.1543 | HD95: 42.0730 | val_loss: 1.7975 | LR: 0.000250
2025-08-21 07:47:40 INFO Epoch 019 | Train Loss: 1.5436 | Val Loss: 1.7987 | Dice: 0.4868 | softDice: 0.4828 | clDice: 0.5463 | softclDice: 0.4495 | IoU: 0.3222 | Tversky: 0.4868 | Hausdorff: 197.1053 | HD95: 41.6995 | val_loss: 1.7987 | LR: 0.000250
2025-08-21 07:50:13 INFO Epoch 020 | Train Loss: 1.5548 | Val Loss: 1.7975 | Dice: 0.4832 | softDice: 0.4795 | clDice: 0.5371 | softclDice: 0.4579 | IoU: 0.3190 | Tversky: 0.4832 | Hausdorff: 204.9580 | HD95: 42.3118 | val_loss: 1.7975 | LR: 0.000250
2025-08-21 07:52:38 INFO Epoch 021 | Train Loss: 1.5452 | Val Loss: 1.7970 | Dice: 0.4848 | softDice: 0.4813 | clDice: 0.5383 | softclDice: 0.4568 | IoU: 0.3204 | Tversky: 0.4848 | Hausdorff: 207.3405 | HD95: 39.9344 | val_loss: 1.7970 | LR: 0.000250
2025-08-21 07:55:08 INFO Epoch 022 | Train Loss: 1.5462 | Val Loss: 1.7990 | Dice: 0.4795 | softDice: 0.4745 | clDice: 0.5343 | softclDice: 0.4615 | IoU: 0.3157 | Tversky: 0.4795 | Hausdorff: 200.4355 | HD95: 41.0475 | val_loss: 1.7990 | LR: 0.000250
2025-08-21 07:57:34 INFO Epoch 023 | Train Loss: 1.5479 | Val Loss: 1.7954 | Dice: 0.4796 | softDice: 0.4759 | clDice: 0.5303 | softclDice: 0.4675 | IoU: 0.3158 | Tversky: 0.4796 | Hausdorff: 200.5385 | HD95: 46.7747 | val_loss: 1.7954 | LR: 0.000250
2025-08-21 08:00:00 INFO Epoch 024 | Train Loss: 1.5433 | Val Loss: 1.7974 | Dice: 0.4853 | softDice: 0.4815 | clDice: 0.5403 | softclDice: 0.4545 | IoU: 0.3208 | Tversky: 0.4853 | Hausdorff: 196.7491 | HD95: 41.9649 | val_loss: 1.7974 | LR: 0.000250
2025-08-21 08:02:31 INFO Epoch 025 | Train Loss: 1.5435 | Val Loss: 1.7966 | Dice: 0.4836 | softDice: 0.4800 | clDice: 0.5354 | softclDice: 0.4618 | IoU: 0.3194 | Tversky: 0.4836 | Hausdorff: 199.7614 | HD95: 40.3623 | val_loss: 1.7966 | LR: 0.000250
2025-08-21 08:04:57 INFO Epoch 026 | Train Loss: 1.5366 | Val Loss: 1.7963 | Dice: 0.4860 | softDice: 0.4818 | clDice: 0.5391 | softclDice: 0.4576 | IoU: 0.3214 | Tversky: 0.4860 | Hausdorff: 203.4586 | HD95: 41.5593 | val_loss: 1.7963 | LR: 0.000250
2025-08-21 08:07:25 INFO Epoch 027 | Train Loss: 1.5376 | Val Loss: 1.7958 | Dice: 0.4842 | softDice: 0.4799 | clDice: 0.5377 | softclDice: 0.4614 | IoU: 0.3197 | Tversky: 0.4842 | Hausdorff: 199.9485 | HD95: 44.5206 | val_loss: 1.7958 | LR: 0.000250
2025-08-21 08:09:50 INFO Epoch 028 | Train Loss: 1.5380 | Val Loss: 1.7974 | Dice: 0.4880 | softDice: 0.4833 | clDice: 0.5461 | softclDice: 0.4503 | IoU: 0.3232 | Tversky: 0.4880 | Hausdorff: 199.3128 | HD95: 40.3204 | val_loss: 1.7974 | LR: 0.000250
2025-08-21 08:12:16 INFO Epoch 029 | Train Loss: 1.5369 | Val Loss: 1.7973 | Dice: 0.4893 | softDice: 0.4850 | clDice: 0.5452 | softclDice: 0.4512 | IoU: 0.3243 | Tversky: 0.4893 | Hausdorff: 190.7984 | HD95: 37.5946 | val_loss: 1.7973 | LR: 0.000125
2025-08-21 08:14:49 INFO Epoch 030 | Train Loss: 1.5487 | Val Loss: 1.7970 | Dice: 0.4835 | softDice: 0.4790 | clDice: 0.5379 | softclDice: 0.4573 | IoU: 0.3193 | Tversky: 0.4835 | Hausdorff: 210.2940 | HD95: 40.4271 | val_loss: 1.7970 | LR: 0.000125
2025-08-21 08:17:14 INFO Epoch 031 | Train Loss: 1.5403 | Val Loss: 1.7971 | Dice: 0.4898 | softDice: 0.4849 | clDice: 0.5433 | softclDice: 0.4531 | IoU: 0.3248 | Tversky: 0.4898 | Hausdorff: 200.1829 | HD95: 35.8359 | val_loss: 1.7971 | LR: 0.000125
2025-08-21 08:19:46 INFO Epoch 032 | Train Loss: 1.5334 | Val Loss: 1.7971 | Dice: 0.4865 | softDice: 0.4817 | clDice: 0.5380 | softclDice: 0.4579 | IoU: 0.3218 | Tversky: 0.4865 | Hausdorff: 201.8061 | HD95: 36.9269 | val_loss: 1.7971 | LR: 0.000125
2025-08-21 08:22:10 INFO Epoch 033 | Train Loss: 1.5299 | Val Loss: 1.7972 | Dice: 0.4867 | softDice: 0.4817 | clDice: 0.5405 | softclDice: 0.4575 | IoU: 0.3221 | Tversky: 0.4867 | Hausdorff: 199.1474 | HD95: 37.6200 | val_loss: 1.7972 | LR: 0.000125
2025-08-21 08:24:35 INFO Epoch 034 | Train Loss: 1.5375 | Val Loss: 1.7974 | Dice: 0.4886 | softDice: 0.4836 | clDice: 0.5430 | softclDice: 0.4538 | IoU: 0.3238 | Tversky: 0.4886 | Hausdorff: 199.9338 | HD95: 36.6483 | val_loss: 1.7974 | LR: 0.000125
2025-08-21 08:26:43 INFO Epoch 035 | Train Loss: 1.5405 | Val Loss: 1.7969 | Dice: 0.4889 | softDice: 0.4840 | clDice: 0.5437 | softclDice: 0.4518 | IoU: 0.3240 | Tversky: 0.4889 | Hausdorff: 200.0437 | HD95: 38.5112 | val_loss: 1.7969 | LR: 0.000063
2025-08-21 08:29:09 INFO Epoch 036 | Train Loss: 1.5421 | Val Loss: 1.7976 | Dice: 0.4895 | softDice: 0.4844 | clDice: 0.5440 | softclDice: 0.4522 | IoU: 0.3246 | Tversky: 0.4895 | Hausdorff: 200.2928 | HD95: 35.8188 | val_loss: 1.7976 | LR: 0.000063
2025-08-21 08:31:35 INFO Epoch 037 | Train Loss: 1.5364 | Val Loss: 1.7970 | Dice: 0.4886 | softDice: 0.4839 | clDice: 0.5423 | softclDice: 0.4544 | IoU: 0.3237 | Tversky: 0.4886 | Hausdorff: 199.8462 | HD95: 35.4000 | val_loss: 1.7970 | LR: 0.000063
2025-08-21 08:34:06 INFO Epoch 038 | Train Loss: 1.5364 | Val Loss: 1.7980 | Dice: 0.4900 | softDice: 0.4848 | clDice: 0.5452 | softclDice: 0.4519 | IoU: 0.3250 | Tversky: 0.4900 | Hausdorff: 200.2471 | HD95: 34.6072 | val_loss: 1.7980 | LR: 0.000063
2025-08-21 08:36:32 INFO Epoch 039 | Train Loss: 1.5390 | Val Loss: 1.7966 | Dice: 0.4914 | softDice: 0.4865 | clDice: 0.5465 | softclDice: 0.4509 | IoU: 0.3261 | Tversky: 0.4914 | Hausdorff: 199.3982 | HD95: 36.9614 | val_loss: 1.7966 | LR: 0.000063
2025-08-21 08:39:06 INFO Epoch 040 | Train Loss: 1.5427 | Val Loss: 1.7974 | Dice: 0.4918 | softDice: 0.4865 | clDice: 0.5502 | softclDice: 0.4474 | IoU: 0.3265 | Tversky: 0.4918 | Hausdorff: 201.3871 | HD95: 35.9118 | val_loss: 1.7974 | LR: 0.000063
2025-08-21 08:41:31 INFO Epoch 041 | Train Loss: 1.5310 | Val Loss: 1.7974 | Dice: 0.4878 | softDice: 0.4826 | clDice: 0.5416 | softclDice: 0.4558 | IoU: 0.3230 | Tversky: 0.4878 | Hausdorff: 200.3206 | HD95: 35.1781 | val_loss: 1.7974 | LR: 0.000031
2025-08-21 08:44:00 INFO Epoch 042 | Train Loss: 1.5429 | Val Loss: 1.7975 | Dice: 0.4903 | softDice: 0.4851 | clDice: 0.5443 | softclDice: 0.4519 | IoU: 0.3252 | Tversky: 0.4903 | Hausdorff: 200.1385 | HD95: 35.3010 | val_loss: 1.7975 | LR: 0.000031
2025-08-21 08:46:25 INFO Early stopping at epoch 43 | Best Dice: 0.4918 at epoch 1
2025-08-21 08:47:12 INFO Fold 5 results: Dice: 0.4918 | softDice: 0.4865 | clDice: 0.5502 | softclDice: 0.4474 | IoU: 0.3265 | Tversky: 0.4918 | Hausdorff: 201.3871 | HD95: 35.9118 | val_loss: 1.7974
2025-08-21 08:47:12 INFO ===== Cross-validation results =====
2025-08-21 08:47:12 INFO Dice: 0.4886 | softDice: 0.4842 | clDice: 0.5423 | softclDice: 0.4560 | IoU: 0.3238 | Tversky: 0.4886 | Hausdorff: 227.5839 | HD95: 37.6746 | val_loss: 1.7850
