2025-08-21 01:17:19 INFO Starting training with configuration: {'model': {'name': 'unet', 'encoder_name': 'se_resnext50_32x4d', 'encoder_weights': 'imagenet', 'classes': 1, 'activation': None, 'dropout': 0.2}, 'dataset': {'root': '/data/smadper@alumno.upv.es/TFM/datasets/laticifers', 'patch_size': [512, 512], 'stride': [256, 256], 'num_patches': 50, 'num_workers': 4, 'feature_dirs': {'image': '/data/smadper@alumno.upv.es/TFM/datasets/laticifers/enhanced_images', 'mask': '/data/smadper@alumno.upv.es/TFM/datasets/laticifers/masks', 'distance': '/data/smadper@alumno.upv.es/TFM/datasets/laticifers/distance_maps_pt'}}, 'train': {'batch_size': 32, 'num_epochs': 70, 'learning_rate': 0.001, 'accumulation_steps': 1, 'save_dir': '/data/smadper@alumno.upv.es/TFM/checkpoints_cv2/unet/20250821_011719_unet_se_resnext50_32x4d_bce0.5_wdice0.5', 'log_interval': 1, 'patience': 20, 'mixed_precision': True, 'experiment_name': 'unet_se_resnext50_32x4d_bce0.5_wdice0.5', 'timestamp': '20250821_011719'}, 'test': {'batch_size': 1}, 'loss': {'name': 'dice', 'cldice_alpha': 0.2, 'tversky_alpha': 0.3, 'tversky_beta': 0.7, 'focal_tversky_gamma': 0.75, 'use_topographic': True, 'combine_with': 'bce', 'weights': {'main': 1.0, 'combined': 0.5}, 'topo': {'alpha': 2.0, 'beta': 1.0}}}
2025-08-21 01:17:19 INFO Experiment name: unet_se_resnext50_32x4d_bce0.5_wdice0.5
2025-08-21 01:17:19 INFO ===== Fold 1 / 5 =====
2025-08-21 01:17:19 INFO Loading model unet with settings {'name': 'unet', 'encoder_name': 'se_resnext50_32x4d', 'encoder_weights': 'imagenet', 'classes': 1, 'activation': None, 'dropout': 0.2}
2025-08-21 01:19:17 INFO Epoch 001 | Train Loss: 1.1300 | Val Loss: 1.0165 | Dice: 0.4146 | softDice: 0.2166 | clDice: 0.4770 | softclDice: 0.8080 | IoU: 0.2615 | Tversky: 0.4146 | Hausdorff: 688.0212 | HD95: 74.3772 | val_loss: 1.0165 | LR: 0.001000
2025-08-21 01:21:10 INFO Epoch 002 | Train Loss: 0.8399 | Val Loss: 0.7961 | Dice: 0.3875 | softDice: 0.3160 | clDice: 0.4178 | softclDice: 0.6512 | IoU: 0.2405 | Tversky: 0.3875 | Hausdorff: 311.6826 | HD95: 90.6685 | val_loss: 0.7961 | LR: 0.001000
2025-08-21 01:23:08 INFO Epoch 003 | Train Loss: 0.7370 | Val Loss: 0.7064 | Dice: 0.4492 | softDice: 0.4027 | clDice: 0.4996 | softclDice: 0.5516 | IoU: 0.2899 | Tversky: 0.4492 | Hausdorff: 265.9287 | HD95: 54.0539 | val_loss: 0.7064 | LR: 0.001000
2025-08-21 01:25:02 INFO Epoch 004 | Train Loss: 0.7140 | Val Loss: 0.6795 | Dice: 0.4609 | softDice: 0.4258 | clDice: 0.5214 | softclDice: 0.5177 | IoU: 0.2996 | Tversky: 0.4609 | Hausdorff: 244.3994 | HD95: 53.4488 | val_loss: 0.6795 | LR: 0.001000
2025-08-21 01:26:50 INFO Epoch 005 | Train Loss: 0.7014 | Val Loss: 0.6675 | Dice: 0.4557 | softDice: 0.4259 | clDice: 0.5052 | softclDice: 0.5243 | IoU: 0.2953 | Tversky: 0.4557 | Hausdorff: 258.5046 | HD95: 58.9154 | val_loss: 0.6675 | LR: 0.001000
2025-08-21 01:28:45 INFO Epoch 006 | Train Loss: 0.6890 | Val Loss: 0.6641 | Dice: 0.4688 | softDice: 0.4352 | clDice: 0.5208 | softclDice: 0.5127 | IoU: 0.3063 | Tversky: 0.4688 | Hausdorff: 232.8426 | HD95: 45.0201 | val_loss: 0.6641 | LR: 0.001000
2025-08-21 01:30:36 INFO Epoch 007 | Train Loss: 0.6906 | Val Loss: 0.6693 | Dice: 0.4582 | softDice: 0.4313 | clDice: 0.5141 | softclDice: 0.5145 | IoU: 0.2976 | Tversky: 0.4582 | Hausdorff: 221.0573 | HD95: 50.4703 | val_loss: 0.6693 | LR: 0.001000
2025-08-21 01:32:25 INFO Epoch 008 | Train Loss: 0.6862 | Val Loss: 0.6582 | Dice: 0.4771 | softDice: 0.4430 | clDice: 0.5407 | softclDice: 0.4913 | IoU: 0.3135 | Tversky: 0.4771 | Hausdorff: 240.5421 | HD95: 46.6665 | val_loss: 0.6582 | LR: 0.001000
2025-08-21 01:34:16 INFO Epoch 009 | Train Loss: 0.6848 | Val Loss: 0.6644 | Dice: 0.4528 | softDice: 0.4269 | clDice: 0.4979 | softclDice: 0.5267 | IoU: 0.2929 | Tversky: 0.4528 | Hausdorff: 236.2181 | HD95: 57.8453 | val_loss: 0.6644 | LR: 0.001000
2025-08-21 01:36:04 INFO Epoch 010 | Train Loss: 0.6807 | Val Loss: 0.6578 | Dice: 0.4718 | softDice: 0.4422 | clDice: 0.5345 | softclDice: 0.4937 | IoU: 0.3090 | Tversky: 0.4718 | Hausdorff: 232.9392 | HD95: 47.4989 | val_loss: 0.6578 | LR: 0.001000
2025-08-21 01:37:56 INFO Epoch 011 | Train Loss: 0.6813 | Val Loss: 0.6577 | Dice: 0.4683 | softDice: 0.4432 | clDice: 0.5271 | softclDice: 0.4980 | IoU: 0.3061 | Tversky: 0.4683 | Hausdorff: 231.0999 | HD95: 44.9316 | val_loss: 0.6577 | LR: 0.001000
2025-08-21 01:39:47 INFO Epoch 012 | Train Loss: 0.6719 | Val Loss: 0.6571 | Dice: 0.4619 | softDice: 0.4354 | clDice: 0.5081 | softclDice: 0.5144 | IoU: 0.3007 | Tversky: 0.4619 | Hausdorff: 226.0866 | HD95: 47.8639 | val_loss: 0.6571 | LR: 0.001000
2025-08-21 01:41:35 INFO Epoch 013 | Train Loss: 0.6781 | Val Loss: 0.6568 | Dice: 0.4717 | softDice: 0.4404 | clDice: 0.5254 | softclDice: 0.5058 | IoU: 0.3090 | Tversky: 0.4717 | Hausdorff: 226.3900 | HD95: 46.1272 | val_loss: 0.6568 | LR: 0.001000
2025-08-21 01:43:27 INFO Epoch 014 | Train Loss: 0.6721 | Val Loss: 0.6715 | Dice: 0.4667 | softDice: 0.4396 | clDice: 0.5369 | softclDice: 0.4869 | IoU: 0.3047 | Tversky: 0.4667 | Hausdorff: 229.9615 | HD95: 41.5833 | val_loss: 0.6715 | LR: 0.001000
2025-08-21 01:45:15 INFO Epoch 015 | Train Loss: 0.6729 | Val Loss: 0.6599 | Dice: 0.4761 | softDice: 0.4400 | clDice: 0.5354 | softclDice: 0.4949 | IoU: 0.3128 | Tversky: 0.4761 | Hausdorff: 242.2683 | HD95: 42.0706 | val_loss: 0.6599 | LR: 0.001000
2025-08-21 01:47:05 INFO Epoch 016 | Train Loss: 0.6706 | Val Loss: 0.6552 | Dice: 0.4657 | softDice: 0.4409 | clDice: 0.5191 | softclDice: 0.5016 | IoU: 0.3039 | Tversky: 0.4657 | Hausdorff: 234.4332 | HD95: 52.3867 | val_loss: 0.6552 | LR: 0.001000
2025-08-21 01:48:57 INFO Epoch 017 | Train Loss: 0.6681 | Val Loss: 0.6471 | Dice: 0.4676 | softDice: 0.4448 | clDice: 0.5218 | softclDice: 0.4972 | IoU: 0.3055 | Tversky: 0.4676 | Hausdorff: 231.8381 | HD95: 62.8746 | val_loss: 0.6471 | LR: 0.001000
2025-08-21 01:50:43 INFO Epoch 018 | Train Loss: 0.6721 | Val Loss: 0.6482 | Dice: 0.4688 | softDice: 0.4418 | clDice: 0.5219 | softclDice: 0.4999 | IoU: 0.3065 | Tversky: 0.4688 | Hausdorff: 224.7566 | HD95: 51.1091 | val_loss: 0.6482 | LR: 0.001000
2025-08-21 01:52:34 INFO Epoch 019 | Train Loss: 0.6703 | Val Loss: 0.6526 | Dice: 0.4736 | softDice: 0.4436 | clDice: 0.5330 | softclDice: 0.4897 | IoU: 0.3106 | Tversky: 0.4736 | Hausdorff: 239.4968 | HD95: 47.5550 | val_loss: 0.6526 | LR: 0.001000
2025-08-21 01:54:22 INFO Epoch 020 | Train Loss: 0.6671 | Val Loss: 0.6565 | Dice: 0.4738 | softDice: 0.4438 | clDice: 0.5292 | softclDice: 0.4958 | IoU: 0.3108 | Tversky: 0.4738 | Hausdorff: 231.7503 | HD95: 37.3419 | val_loss: 0.6565 | LR: 0.001000
2025-08-21 01:56:11 INFO Epoch 021 | Train Loss: 0.6719 | Val Loss: 0.6646 | Dice: 0.4735 | softDice: 0.4429 | clDice: 0.5314 | softclDice: 0.5016 | IoU: 0.3105 | Tversky: 0.4735 | Hausdorff: 238.5563 | HD95: 41.2830 | val_loss: 0.6646 | LR: 0.001000
2025-08-21 01:58:02 INFO Epoch 022 | Train Loss: 0.6709 | Val Loss: 0.6533 | Dice: 0.4706 | softDice: 0.4438 | clDice: 0.5239 | softclDice: 0.4980 | IoU: 0.3080 | Tversky: 0.4706 | Hausdorff: 224.1194 | HD95: 45.5453 | val_loss: 0.6533 | LR: 0.001000
2025-08-21 01:59:50 INFO Epoch 023 | Train Loss: 0.6631 | Val Loss: 0.6465 | Dice: 0.4751 | softDice: 0.4465 | clDice: 0.5332 | softclDice: 0.4907 | IoU: 0.3118 | Tversky: 0.4751 | Hausdorff: 223.8648 | HD95: 45.4099 | val_loss: 0.6465 | LR: 0.001000
2025-08-21 02:01:39 INFO Epoch 024 | Train Loss: 0.6632 | Val Loss: 0.6513 | Dice: 0.4741 | softDice: 0.4487 | clDice: 0.5281 | softclDice: 0.4924 | IoU: 0.3110 | Tversky: 0.4741 | Hausdorff: 227.4774 | HD95: 41.6473 | val_loss: 0.6513 | LR: 0.001000
2025-08-21 02:03:26 INFO Epoch 025 | Train Loss: 0.6616 | Val Loss: 0.6493 | Dice: 0.4751 | softDice: 0.4499 | clDice: 0.5353 | softclDice: 0.4880 | IoU: 0.3119 | Tversky: 0.4751 | Hausdorff: 224.5942 | HD95: 41.1480 | val_loss: 0.6493 | LR: 0.001000
2025-08-21 02:05:19 INFO Epoch 026 | Train Loss: 0.6650 | Val Loss: 0.6503 | Dice: 0.4792 | softDice: 0.4516 | clDice: 0.5383 | softclDice: 0.4847 | IoU: 0.3154 | Tversky: 0.4792 | Hausdorff: 383.0173 | HD95: 39.7137 | val_loss: 0.6503 | LR: 0.001000
2025-08-21 02:07:11 INFO Epoch 027 | Train Loss: 0.6645 | Val Loss: 0.6485 | Dice: 0.4762 | softDice: 0.4537 | clDice: 0.5340 | softclDice: 0.4826 | IoU: 0.3128 | Tversky: 0.4762 | Hausdorff: 225.3569 | HD95: 41.4480 | val_loss: 0.6485 | LR: 0.001000
2025-08-21 02:09:00 INFO Epoch 028 | Train Loss: 0.6628 | Val Loss: 0.6561 | Dice: 0.4574 | softDice: 0.4335 | clDice: 0.5019 | softclDice: 0.5179 | IoU: 0.2968 | Tversky: 0.4574 | Hausdorff: 239.2060 | HD95: 56.4733 | val_loss: 0.6561 | LR: 0.001000
2025-08-21 02:10:51 INFO Epoch 029 | Train Loss: 0.6607 | Val Loss: 0.6531 | Dice: 0.4765 | softDice: 0.4474 | clDice: 0.5305 | softclDice: 0.4952 | IoU: 0.3130 | Tversky: 0.4765 | Hausdorff: 377.4345 | HD95: 44.3714 | val_loss: 0.6531 | LR: 0.000500
2025-08-21 02:12:38 INFO Epoch 030 | Train Loss: 0.6591 | Val Loss: 0.6326 | Dice: 0.4825 | softDice: 0.4563 | clDice: 0.5403 | softclDice: 0.4827 | IoU: 0.3183 | Tversky: 0.4825 | Hausdorff: 230.0305 | HD95: 44.6330 | val_loss: 0.6326 | LR: 0.000500
2025-08-21 02:14:28 INFO Epoch 031 | Train Loss: 0.6522 | Val Loss: 0.6339 | Dice: 0.4851 | softDice: 0.4575 | clDice: 0.5424 | softclDice: 0.4803 | IoU: 0.3205 | Tversky: 0.4851 | Hausdorff: 233.3309 | HD95: 39.8117 | val_loss: 0.6339 | LR: 0.000500
2025-08-21 02:16:20 INFO Epoch 032 | Train Loss: 0.6487 | Val Loss: 0.6372 | Dice: 0.4795 | softDice: 0.4555 | clDice: 0.5353 | softclDice: 0.4842 | IoU: 0.3157 | Tversky: 0.4795 | Hausdorff: 230.5882 | HD95: 41.5204 | val_loss: 0.6372 | LR: 0.000500
2025-08-21 02:18:07 INFO Epoch 033 | Train Loss: 0.6545 | Val Loss: 0.6345 | Dice: 0.4828 | softDice: 0.4559 | clDice: 0.5357 | softclDice: 0.4865 | IoU: 0.3186 | Tversky: 0.4828 | Hausdorff: 235.2808 | HD95: 41.5897 | val_loss: 0.6345 | LR: 0.000500
2025-08-21 02:19:57 INFO Epoch 034 | Train Loss: 0.6505 | Val Loss: 0.6373 | Dice: 0.4829 | softDice: 0.4557 | clDice: 0.5393 | softclDice: 0.4833 | IoU: 0.3186 | Tversky: 0.4829 | Hausdorff: 229.8672 | HD95: 38.6006 | val_loss: 0.6373 | LR: 0.000500
2025-08-21 02:21:42 INFO Epoch 035 | Train Loss: 0.6545 | Val Loss: 0.6382 | Dice: 0.4784 | softDice: 0.4523 | clDice: 0.5298 | softclDice: 0.4899 | IoU: 0.3147 | Tversky: 0.4784 | Hausdorff: 227.7568 | HD95: 42.1542 | val_loss: 0.6382 | LR: 0.000500
2025-08-21 02:23:27 INFO Epoch 036 | Train Loss: 0.6524 | Val Loss: 0.6453 | Dice: 0.4727 | softDice: 0.4477 | clDice: 0.5217 | softclDice: 0.4993 | IoU: 0.3099 | Tversky: 0.4727 | Hausdorff: 233.1113 | HD95: 39.1489 | val_loss: 0.6453 | LR: 0.000250
2025-08-21 02:25:19 INFO Epoch 037 | Train Loss: 0.6491 | Val Loss: 0.6355 | Dice: 0.4859 | softDice: 0.4598 | clDice: 0.5406 | softclDice: 0.4801 | IoU: 0.3212 | Tversky: 0.4859 | Hausdorff: 234.3796 | HD95: 36.1559 | val_loss: 0.6355 | LR: 0.000250
2025-08-21 02:27:07 INFO Epoch 038 | Train Loss: 0.6441 | Val Loss: 0.6330 | Dice: 0.4836 | softDice: 0.4592 | clDice: 0.5351 | softclDice: 0.4832 | IoU: 0.3193 | Tversky: 0.4836 | Hausdorff: 229.2420 | HD95: 37.9947 | val_loss: 0.6330 | LR: 0.000250
2025-08-21 02:28:58 INFO Epoch 039 | Train Loss: 0.6427 | Val Loss: 0.6307 | Dice: 0.4870 | softDice: 0.4608 | clDice: 0.5421 | softclDice: 0.4785 | IoU: 0.3222 | Tversky: 0.4870 | Hausdorff: 233.1252 | HD95: 37.0853 | val_loss: 0.6307 | LR: 0.000250
2025-08-21 02:30:44 INFO Epoch 040 | Train Loss: 0.6426 | Val Loss: 0.6352 | Dice: 0.4838 | softDice: 0.4574 | clDice: 0.5392 | softclDice: 0.4809 | IoU: 0.3195 | Tversky: 0.4838 | Hausdorff: 232.7341 | HD95: 36.8685 | val_loss: 0.6352 | LR: 0.000250
2025-08-21 02:32:33 INFO Epoch 041 | Train Loss: 0.6410 | Val Loss: 0.6352 | Dice: 0.4860 | softDice: 0.4605 | clDice: 0.5435 | softclDice: 0.4762 | IoU: 0.3214 | Tversky: 0.4860 | Hausdorff: 232.6678 | HD95: 37.2335 | val_loss: 0.6352 | LR: 0.000250
2025-08-21 02:34:24 INFO Epoch 042 | Train Loss: 0.6450 | Val Loss: 0.6376 | Dice: 0.4813 | softDice: 0.4564 | clDice: 0.5357 | softclDice: 0.4838 | IoU: 0.3173 | Tversky: 0.4813 | Hausdorff: 230.8264 | HD95: 39.6762 | val_loss: 0.6376 | LR: 0.000250
2025-08-21 02:36:11 INFO Epoch 043 | Train Loss: 0.6415 | Val Loss: 0.6317 | Dice: 0.4856 | softDice: 0.4609 | clDice: 0.5383 | softclDice: 0.4813 | IoU: 0.3210 | Tversky: 0.4856 | Hausdorff: 232.7790 | HD95: 36.5046 | val_loss: 0.6317 | LR: 0.000250
2025-08-21 02:38:02 INFO Epoch 044 | Train Loss: 0.6456 | Val Loss: 0.6309 | Dice: 0.4849 | softDice: 0.4600 | clDice: 0.5361 | softclDice: 0.4831 | IoU: 0.3203 | Tversky: 0.4849 | Hausdorff: 228.9655 | HD95: 38.1026 | val_loss: 0.6309 | LR: 0.000250
2025-08-21 02:39:47 INFO Epoch 045 | Train Loss: 0.6434 | Val Loss: 0.6363 | Dice: 0.4788 | softDice: 0.4552 | clDice: 0.5280 | softclDice: 0.4901 | IoU: 0.3150 | Tversky: 0.4788 | Hausdorff: 244.9370 | HD95: 38.1805 | val_loss: 0.6363 | LR: 0.000125
2025-08-21 02:41:34 INFO Epoch 046 | Train Loss: 0.6402 | Val Loss: 0.6329 | Dice: 0.4821 | softDice: 0.4590 | clDice: 0.5334 | softclDice: 0.4852 | IoU: 0.3180 | Tversky: 0.4821 | Hausdorff: 234.1019 | HD95: 38.7817 | val_loss: 0.6329 | LR: 0.000125
2025-08-21 02:43:26 INFO Epoch 047 | Train Loss: 0.6375 | Val Loss: 0.6350 | Dice: 0.4796 | softDice: 0.4554 | clDice: 0.5316 | softclDice: 0.4879 | IoU: 0.3158 | Tversky: 0.4796 | Hausdorff: 231.5361 | HD95: 39.8510 | val_loss: 0.6350 | LR: 0.000125
2025-08-21 02:45:11 INFO Epoch 048 | Train Loss: 0.6357 | Val Loss: 0.6358 | Dice: 0.4817 | softDice: 0.4582 | clDice: 0.5336 | softclDice: 0.4849 | IoU: 0.3176 | Tversky: 0.4817 | Hausdorff: 231.1865 | HD95: 37.5690 | val_loss: 0.6358 | LR: 0.000125
2025-08-21 02:47:02 INFO Epoch 049 | Train Loss: 0.6324 | Val Loss: 0.6347 | Dice: 0.4836 | softDice: 0.4596 | clDice: 0.5353 | softclDice: 0.4842 | IoU: 0.3193 | Tversky: 0.4836 | Hausdorff: 231.0058 | HD95: 38.6095 | val_loss: 0.6347 | LR: 0.000125
2025-08-21 02:48:47 INFO Epoch 050 | Train Loss: 0.6376 | Val Loss: 0.6359 | Dice: 0.4808 | softDice: 0.4571 | clDice: 0.5328 | softclDice: 0.4867 | IoU: 0.3168 | Tversky: 0.4808 | Hausdorff: 229.7824 | HD95: 40.2587 | val_loss: 0.6359 | LR: 0.000125
2025-08-21 02:50:33 INFO Epoch 051 | Train Loss: 0.6342 | Val Loss: 0.6373 | Dice: 0.4813 | softDice: 0.4562 | clDice: 0.5329 | softclDice: 0.4878 | IoU: 0.3172 | Tversky: 0.4813 | Hausdorff: 231.6392 | HD95: 38.0704 | val_loss: 0.6373 | LR: 0.000063
2025-08-21 02:52:27 INFO Epoch 052 | Train Loss: 0.6388 | Val Loss: 0.6347 | Dice: 0.4837 | softDice: 0.4587 | clDice: 0.5353 | softclDice: 0.4841 | IoU: 0.3193 | Tversky: 0.4837 | Hausdorff: 229.7599 | HD95: 38.7689 | val_loss: 0.6347 | LR: 0.000063
2025-08-21 02:54:13 INFO Epoch 053 | Train Loss: 0.6304 | Val Loss: 0.6384 | Dice: 0.4794 | softDice: 0.4566 | clDice: 0.5303 | softclDice: 0.4885 | IoU: 0.3157 | Tversky: 0.4794 | Hausdorff: 231.4321 | HD95: 37.9291 | val_loss: 0.6384 | LR: 0.000063
2025-08-21 02:56:04 INFO Epoch 054 | Train Loss: 0.6347 | Val Loss: 0.6361 | Dice: 0.4812 | softDice: 0.4574 | clDice: 0.5319 | softclDice: 0.4871 | IoU: 0.3171 | Tversky: 0.4812 | Hausdorff: 231.5087 | HD95: 38.2278 | val_loss: 0.6361 | LR: 0.000063
2025-08-21 02:57:51 INFO Epoch 055 | Train Loss: 0.6355 | Val Loss: 0.6333 | Dice: 0.4825 | softDice: 0.4583 | clDice: 0.5322 | softclDice: 0.4868 | IoU: 0.3183 | Tversky: 0.4825 | Hausdorff: 231.7794 | HD95: 39.4032 | val_loss: 0.6333 | LR: 0.000063
2025-08-21 02:59:37 INFO Epoch 056 | Train Loss: 0.6357 | Val Loss: 0.6348 | Dice: 0.4829 | softDice: 0.4593 | clDice: 0.5342 | softclDice: 0.4852 | IoU: 0.3186 | Tversky: 0.4829 | Hausdorff: 232.8564 | HD95: 38.1269 | val_loss: 0.6348 | LR: 0.000063
2025-08-21 03:01:26 INFO Epoch 057 | Train Loss: 0.6359 | Val Loss: 0.6360 | Dice: 0.4819 | softDice: 0.4574 | clDice: 0.5322 | softclDice: 0.4873 | IoU: 0.3178 | Tversky: 0.4819 | Hausdorff: 231.7422 | HD95: 38.2335 | val_loss: 0.6360 | LR: 0.000031
2025-08-21 03:03:13 INFO Epoch 058 | Train Loss: 0.6323 | Val Loss: 0.6354 | Dice: 0.4820 | softDice: 0.4580 | clDice: 0.5327 | softclDice: 0.4864 | IoU: 0.3179 | Tversky: 0.4820 | Hausdorff: 231.7179 | HD95: 38.5125 | val_loss: 0.6354 | LR: 0.000031
2025-08-21 03:05:04 INFO Epoch 059 | Train Loss: 0.6356 | Val Loss: 0.6358 | Dice: 0.4814 | softDice: 0.4575 | clDice: 0.5325 | softclDice: 0.4870 | IoU: 0.3173 | Tversky: 0.4814 | Hausdorff: 231.7342 | HD95: 38.9103 | val_loss: 0.6358 | LR: 0.000031
2025-08-21 03:06:53 INFO Early stopping at epoch 60 | Best Dice: 0.4870 at epoch 1
2025-08-21 03:07:44 INFO Fold 1 results: Dice: 0.4860 | softDice: 0.4605 | clDice: 0.5435 | softclDice: 0.4762 | IoU: 0.3214 | Tversky: 0.4860 | Hausdorff: 232.6678 | HD95: 37.2335 | val_loss: 0.6352
2025-08-21 03:07:44 INFO ===== Fold 2 / 5 =====
2025-08-21 03:07:44 INFO Loading model unet with settings {'name': 'unet', 'encoder_name': 'se_resnext50_32x4d', 'encoder_weights': 'imagenet', 'classes': 1, 'activation': None, 'dropout': 0.2}
2025-08-21 03:09:38 INFO Epoch 001 | Train Loss: 1.0232 | Val Loss: 0.8891 | Dice: 0.4302 | softDice: 0.2862 | clDice: 0.4773 | softclDice: 0.6831 | IoU: 0.2744 | Tversky: 0.4302 | Hausdorff: 429.7907 | HD95: 64.4783 | val_loss: 0.8891 | LR: 0.001000
2025-08-21 03:11:25 INFO Epoch 002 | Train Loss: 0.7659 | Val Loss: 0.7288 | Dice: 0.4094 | softDice: 0.3733 | clDice: 0.4413 | softclDice: 0.5904 | IoU: 0.2584 | Tversky: 0.4094 | Hausdorff: 339.4692 | HD95: 81.5255 | val_loss: 0.7288 | LR: 0.001000
2025-08-21 03:13:18 INFO Epoch 003 | Train Loss: 0.7209 | Val Loss: 0.6805 | Dice: 0.4439 | softDice: 0.4150 | clDice: 0.4881 | softclDice: 0.5324 | IoU: 0.2857 | Tversky: 0.4439 | Hausdorff: 316.4415 | HD95: 63.0224 | val_loss: 0.6805 | LR: 0.001000
2025-08-21 03:15:04 INFO Epoch 004 | Train Loss: 0.7055 | Val Loss: 0.6903 | Dice: 0.4489 | softDice: 0.4095 | clDice: 0.4877 | softclDice: 0.5426 | IoU: 0.2901 | Tversky: 0.4489 | Hausdorff: 292.7109 | HD95: 57.5734 | val_loss: 0.6903 | LR: 0.001000
2025-08-21 03:16:54 INFO Epoch 005 | Train Loss: 0.6956 | Val Loss: 0.6645 | Dice: 0.4707 | softDice: 0.4434 | clDice: 0.5338 | softclDice: 0.4881 | IoU: 0.3081 | Tversky: 0.4707 | Hausdorff: 290.9245 | HD95: 40.1865 | val_loss: 0.6645 | LR: 0.001000
2025-08-21 03:18:43 INFO Epoch 006 | Train Loss: 0.6913 | Val Loss: 0.6598 | Dice: 0.4747 | softDice: 0.4424 | clDice: 0.5297 | softclDice: 0.4918 | IoU: 0.3117 | Tversky: 0.4747 | Hausdorff: 280.5502 | HD95: 41.7161 | val_loss: 0.6598 | LR: 0.001000
2025-08-21 03:20:32 INFO Epoch 007 | Train Loss: 0.6897 | Val Loss: 0.6538 | Dice: 0.4739 | softDice: 0.4461 | clDice: 0.5225 | softclDice: 0.4946 | IoU: 0.3111 | Tversky: 0.4739 | Hausdorff: 248.2291 | HD95: 35.9030 | val_loss: 0.6538 | LR: 0.001000
2025-08-21 03:22:25 INFO Epoch 008 | Train Loss: 0.6822 | Val Loss: 0.6626 | Dice: 0.4767 | softDice: 0.4458 | clDice: 0.5292 | softclDice: 0.4936 | IoU: 0.3133 | Tversky: 0.4767 | Hausdorff: 286.9218 | HD95: 33.6579 | val_loss: 0.6626 | LR: 0.001000
2025-08-21 03:24:13 INFO Epoch 009 | Train Loss: 0.6805 | Val Loss: 0.6481 | Dice: 0.4874 | softDice: 0.4600 | clDice: 0.5435 | softclDice: 0.4743 | IoU: 0.3226 | Tversky: 0.4874 | Hausdorff: 273.0116 | HD95: 31.3892 | val_loss: 0.6481 | LR: 0.001000
2025-08-21 03:26:04 INFO Epoch 010 | Train Loss: 0.6815 | Val Loss: 0.6476 | Dice: 0.4820 | softDice: 0.4542 | clDice: 0.5411 | softclDice: 0.4761 | IoU: 0.3180 | Tversky: 0.4820 | Hausdorff: 299.7645 | HD95: 36.8281 | val_loss: 0.6476 | LR: 0.001000
2025-08-21 03:27:52 INFO Epoch 011 | Train Loss: 0.6797 | Val Loss: 0.6578 | Dice: 0.4788 | softDice: 0.4469 | clDice: 0.5339 | softclDice: 0.4843 | IoU: 0.3153 | Tversky: 0.4788 | Hausdorff: 297.1939 | HD95: 34.9860 | val_loss: 0.6578 | LR: 0.001000
2025-08-21 03:29:38 INFO Epoch 012 | Train Loss: 0.6729 | Val Loss: 0.6646 | Dice: 0.4570 | softDice: 0.4325 | clDice: 0.4989 | softclDice: 0.5159 | IoU: 0.2969 | Tversky: 0.4570 | Hausdorff: 301.4344 | HD95: 50.1502 | val_loss: 0.6646 | LR: 0.001000
2025-08-21 03:31:32 INFO Epoch 013 | Train Loss: 0.6750 | Val Loss: 0.6562 | Dice: 0.4734 | softDice: 0.4498 | clDice: 0.5260 | softclDice: 0.4915 | IoU: 0.3106 | Tversky: 0.4734 | Hausdorff: 323.5257 | HD95: 36.9255 | val_loss: 0.6562 | LR: 0.001000
2025-08-21 03:33:20 INFO Epoch 014 | Train Loss: 0.6739 | Val Loss: 0.6510 | Dice: 0.4721 | softDice: 0.4449 | clDice: 0.5199 | softclDice: 0.4960 | IoU: 0.3094 | Tversky: 0.4721 | Hausdorff: 279.8882 | HD95: 44.5506 | val_loss: 0.6510 | LR: 0.001000
2025-08-21 03:35:10 INFO Epoch 015 | Train Loss: 0.6715 | Val Loss: 0.6477 | Dice: 0.4802 | softDice: 0.4524 | clDice: 0.5359 | softclDice: 0.4832 | IoU: 0.3164 | Tversky: 0.4802 | Hausdorff: 269.8556 | HD95: 42.0230 | val_loss: 0.6477 | LR: 0.001000
2025-08-21 03:36:57 INFO Epoch 016 | Train Loss: 0.6677 | Val Loss: 0.6594 | Dice: 0.4754 | softDice: 0.4469 | clDice: 0.5266 | softclDice: 0.4923 | IoU: 0.3124 | Tversky: 0.4754 | Hausdorff: 291.6508 | HD95: 38.0114 | val_loss: 0.6594 | LR: 0.000500
2025-08-21 03:38:45 INFO Epoch 017 | Train Loss: 0.6677 | Val Loss: 0.6416 | Dice: 0.4843 | softDice: 0.4576 | clDice: 0.5392 | softclDice: 0.4786 | IoU: 0.3200 | Tversky: 0.4843 | Hausdorff: 269.0862 | HD95: 38.0263 | val_loss: 0.6416 | LR: 0.000500
2025-08-21 03:40:36 INFO Epoch 018 | Train Loss: 0.6585 | Val Loss: 0.6474 | Dice: 0.4764 | softDice: 0.4514 | clDice: 0.5252 | softclDice: 0.4896 | IoU: 0.3134 | Tversky: 0.4764 | Hausdorff: 283.4948 | HD95: 41.5249 | val_loss: 0.6474 | LR: 0.000500
2025-08-21 03:42:24 INFO Epoch 019 | Train Loss: 0.6608 | Val Loss: 0.6400 | Dice: 0.4867 | softDice: 0.4615 | clDice: 0.5402 | softclDice: 0.4744 | IoU: 0.3222 | Tversky: 0.4867 | Hausdorff: 295.0122 | HD95: 39.7833 | val_loss: 0.6400 | LR: 0.000500
2025-08-21 03:44:18 INFO Epoch 020 | Train Loss: 0.6561 | Val Loss: 0.6391 | Dice: 0.4826 | softDice: 0.4582 | clDice: 0.5324 | softclDice: 0.4833 | IoU: 0.3186 | Tversky: 0.4826 | Hausdorff: 266.5527 | HD95: 36.5017 | val_loss: 0.6391 | LR: 0.000500
2025-08-21 03:46:07 INFO Epoch 021 | Train Loss: 0.6587 | Val Loss: 0.6356 | Dice: 0.4876 | softDice: 0.4636 | clDice: 0.5377 | softclDice: 0.4776 | IoU: 0.3230 | Tversky: 0.4876 | Hausdorff: 309.5560 | HD95: 32.5602 | val_loss: 0.6356 | LR: 0.000500
2025-08-21 03:47:56 INFO Epoch 022 | Train Loss: 0.6541 | Val Loss: 0.6411 | Dice: 0.4796 | softDice: 0.4550 | clDice: 0.5258 | softclDice: 0.4899 | IoU: 0.3161 | Tversky: 0.4796 | Hausdorff: 282.1360 | HD95: 39.5823 | val_loss: 0.6411 | LR: 0.000500
2025-08-21 03:49:49 INFO Epoch 023 | Train Loss: 0.6517 | Val Loss: 0.6417 | Dice: 0.4806 | softDice: 0.4582 | clDice: 0.5284 | softclDice: 0.4866 | IoU: 0.3169 | Tversky: 0.4806 | Hausdorff: 264.6777 | HD95: 33.8406 | val_loss: 0.6417 | LR: 0.000500
2025-08-21 03:51:36 INFO Epoch 024 | Train Loss: 0.6543 | Val Loss: 0.6498 | Dice: 0.4762 | softDice: 0.4491 | clDice: 0.5226 | softclDice: 0.4963 | IoU: 0.3131 | Tversky: 0.4762 | Hausdorff: 291.5241 | HD95: 30.9448 | val_loss: 0.6498 | LR: 0.000500
2025-08-21 03:53:30 INFO Epoch 025 | Train Loss: 0.6558 | Val Loss: 0.6367 | Dice: 0.4834 | softDice: 0.4572 | clDice: 0.5336 | softclDice: 0.4827 | IoU: 0.3193 | Tversky: 0.4834 | Hausdorff: 276.3763 | HD95: 42.6938 | val_loss: 0.6367 | LR: 0.000500
2025-08-21 03:55:17 INFO Epoch 026 | Train Loss: 0.6514 | Val Loss: 0.6366 | Dice: 0.4896 | softDice: 0.4657 | clDice: 0.5415 | softclDice: 0.4752 | IoU: 0.3247 | Tversky: 0.4896 | Hausdorff: 301.4066 | HD95: 32.8167 | val_loss: 0.6366 | LR: 0.000500
2025-08-21 03:57:05 INFO Epoch 027 | Train Loss: 0.6506 | Val Loss: 0.6369 | Dice: 0.4878 | softDice: 0.4617 | clDice: 0.5435 | softclDice: 0.4745 | IoU: 0.3231 | Tversky: 0.4878 | Hausdorff: 302.2620 | HD95: 34.3970 | val_loss: 0.6369 | LR: 0.000250
2025-08-21 03:59:01 INFO Epoch 028 | Train Loss: 0.6504 | Val Loss: 0.6327 | Dice: 0.4888 | softDice: 0.4644 | clDice: 0.5423 | softclDice: 0.4735 | IoU: 0.3240 | Tversky: 0.4888 | Hausdorff: 260.6627 | HD95: 35.2755 | val_loss: 0.6327 | LR: 0.000250
2025-08-21 04:00:50 INFO Epoch 029 | Train Loss: 0.6443 | Val Loss: 0.6355 | Dice: 0.4861 | softDice: 0.4614 | clDice: 0.5384 | softclDice: 0.4806 | IoU: 0.3216 | Tversky: 0.4861 | Hausdorff: 257.7493 | HD95: 34.9056 | val_loss: 0.6355 | LR: 0.000250
2025-08-21 04:02:44 INFO Epoch 030 | Train Loss: 0.6466 | Val Loss: 0.6312 | Dice: 0.4892 | softDice: 0.4641 | clDice: 0.5407 | softclDice: 0.4773 | IoU: 0.3244 | Tversky: 0.4892 | Hausdorff: 293.9269 | HD95: 34.0350 | val_loss: 0.6312 | LR: 0.000250
2025-08-21 04:04:31 INFO Epoch 031 | Train Loss: 0.6426 | Val Loss: 0.6335 | Dice: 0.4893 | softDice: 0.4663 | clDice: 0.5422 | softclDice: 0.4739 | IoU: 0.3244 | Tversky: 0.4893 | Hausdorff: 314.2144 | HD95: 30.8406 | val_loss: 0.6335 | LR: 0.000250
2025-08-21 04:06:23 INFO Epoch 032 | Train Loss: 0.6471 | Val Loss: 0.6310 | Dice: 0.4886 | softDice: 0.4641 | clDice: 0.5394 | softclDice: 0.4786 | IoU: 0.3238 | Tversky: 0.4886 | Hausdorff: 284.1390 | HD95: 32.4430 | val_loss: 0.6310 | LR: 0.000250
2025-08-21 04:08:13 INFO Epoch 033 | Train Loss: 0.6440 | Val Loss: 0.6349 | Dice: 0.4887 | softDice: 0.4643 | clDice: 0.5438 | softclDice: 0.4732 | IoU: 0.3239 | Tversky: 0.4887 | Hausdorff: 295.0978 | HD95: 31.2087 | val_loss: 0.6349 | LR: 0.000250
2025-08-21 04:09:59 INFO Epoch 034 | Train Loss: 0.6468 | Val Loss: 0.6324 | Dice: 0.4866 | softDice: 0.4613 | clDice: 0.5362 | softclDice: 0.4836 | IoU: 0.3222 | Tversky: 0.4866 | Hausdorff: 310.4872 | HD95: 34.5771 | val_loss: 0.6324 | LR: 0.000250
2025-08-21 04:11:53 INFO Epoch 035 | Train Loss: 0.6430 | Val Loss: 0.6367 | Dice: 0.4863 | softDice: 0.4622 | clDice: 0.5387 | softclDice: 0.4797 | IoU: 0.3218 | Tversky: 0.4863 | Hausdorff: 289.4164 | HD95: 30.6700 | val_loss: 0.6367 | LR: 0.000250
2025-08-21 04:13:40 INFO Epoch 036 | Train Loss: 0.6398 | Val Loss: 0.6352 | Dice: 0.4861 | softDice: 0.4629 | clDice: 0.5372 | softclDice: 0.4785 | IoU: 0.3216 | Tversky: 0.4861 | Hausdorff: 300.1543 | HD95: 33.4469 | val_loss: 0.6352 | LR: 0.000250
2025-08-21 04:15:32 INFO Epoch 037 | Train Loss: 0.6444 | Val Loss: 0.6357 | Dice: 0.4885 | softDice: 0.4641 | clDice: 0.5417 | softclDice: 0.4760 | IoU: 0.3237 | Tversky: 0.4885 | Hausdorff: 272.3994 | HD95: 31.4667 | val_loss: 0.6357 | LR: 0.000250
2025-08-21 04:17:20 INFO Epoch 038 | Train Loss: 0.6397 | Val Loss: 0.6390 | Dice: 0.4848 | softDice: 0.4616 | clDice: 0.5351 | softclDice: 0.4824 | IoU: 0.3205 | Tversky: 0.4848 | Hausdorff: 290.8947 | HD95: 28.0547 | val_loss: 0.6390 | LR: 0.000125
2025-08-21 04:19:08 INFO Epoch 039 | Train Loss: 0.6401 | Val Loss: 0.6384 | Dice: 0.4844 | softDice: 0.4599 | clDice: 0.5361 | softclDice: 0.4814 | IoU: 0.3201 | Tversky: 0.4844 | Hausdorff: 297.4248 | HD95: 31.0761 | val_loss: 0.6384 | LR: 0.000125
2025-08-21 04:20:59 INFO Epoch 040 | Train Loss: 0.6416 | Val Loss: 0.6375 | Dice: 0.4865 | softDice: 0.4621 | clDice: 0.5368 | softclDice: 0.4793 | IoU: 0.3220 | Tversky: 0.4865 | Hausdorff: 298.3321 | HD95: 30.1613 | val_loss: 0.6375 | LR: 0.000125
2025-08-21 04:22:46 INFO Epoch 041 | Train Loss: 0.6352 | Val Loss: 0.6385 | Dice: 0.4840 | softDice: 0.4613 | clDice: 0.5333 | softclDice: 0.4819 | IoU: 0.3198 | Tversky: 0.4840 | Hausdorff: 297.8878 | HD95: 31.8289 | val_loss: 0.6385 | LR: 0.000125
2025-08-21 04:24:40 INFO Epoch 042 | Train Loss: 0.6359 | Val Loss: 0.6376 | Dice: 0.4873 | softDice: 0.4633 | clDice: 0.5386 | softclDice: 0.4785 | IoU: 0.3227 | Tversky: 0.4873 | Hausdorff: 291.3313 | HD95: 28.6430 | val_loss: 0.6376 | LR: 0.000125
2025-08-21 04:26:27 INFO Epoch 043 | Train Loss: 0.6342 | Val Loss: 0.6392 | Dice: 0.4845 | softDice: 0.4616 | clDice: 0.5352 | softclDice: 0.4799 | IoU: 0.3202 | Tversky: 0.4845 | Hausdorff: 305.2260 | HD95: 32.7876 | val_loss: 0.6392 | LR: 0.000125
2025-08-21 04:28:17 INFO Epoch 044 | Train Loss: 0.6412 | Val Loss: 0.6409 | Dice: 0.4842 | softDice: 0.4597 | clDice: 0.5360 | softclDice: 0.4816 | IoU: 0.3200 | Tversky: 0.4842 | Hausdorff: 306.0616 | HD95: 30.3352 | val_loss: 0.6409 | LR: 0.000063
2025-08-21 04:30:08 INFO Epoch 045 | Train Loss: 0.6354 | Val Loss: 0.6377 | Dice: 0.4831 | softDice: 0.4601 | clDice: 0.5316 | softclDice: 0.4840 | IoU: 0.3190 | Tversky: 0.4831 | Hausdorff: 305.3319 | HD95: 32.9950 | val_loss: 0.6377 | LR: 0.000063
2025-08-21 04:31:55 INFO Epoch 046 | Train Loss: 0.6281 | Val Loss: 0.6373 | Dice: 0.4841 | softDice: 0.4617 | clDice: 0.5336 | softclDice: 0.4823 | IoU: 0.3200 | Tversky: 0.4841 | Hausdorff: 313.2924 | HD95: 32.6486 | val_loss: 0.6373 | LR: 0.000063
2025-08-21 04:33:48 INFO Epoch 047 | Train Loss: 0.6305 | Val Loss: 0.6359 | Dice: 0.4856 | softDice: 0.4627 | clDice: 0.5352 | softclDice: 0.4803 | IoU: 0.3212 | Tversky: 0.4856 | Hausdorff: 315.9937 | HD95: 33.2993 | val_loss: 0.6359 | LR: 0.000063
2025-08-21 04:35:35 INFO Epoch 048 | Train Loss: 0.6364 | Val Loss: 0.6382 | Dice: 0.4855 | softDice: 0.4620 | clDice: 0.5363 | softclDice: 0.4795 | IoU: 0.3211 | Tversky: 0.4855 | Hausdorff: 297.9695 | HD95: 30.4991 | val_loss: 0.6382 | LR: 0.000063
2025-08-21 04:37:23 INFO Epoch 049 | Train Loss: 0.6289 | Val Loss: 0.6397 | Dice: 0.4829 | softDice: 0.4594 | clDice: 0.5315 | softclDice: 0.4852 | IoU: 0.3188 | Tversky: 0.4829 | Hausdorff: 298.0157 | HD95: 30.7568 | val_loss: 0.6397 | LR: 0.000063
2025-08-21 04:39:16 INFO Epoch 050 | Train Loss: 0.6324 | Val Loss: 0.6405 | Dice: 0.4813 | softDice: 0.4582 | clDice: 0.5294 | softclDice: 0.4870 | IoU: 0.3174 | Tversky: 0.4813 | Hausdorff: 306.3657 | HD95: 32.3641 | val_loss: 0.6405 | LR: 0.000031
2025-08-21 04:41:03 INFO Epoch 051 | Train Loss: 0.6290 | Val Loss: 0.6367 | Dice: 0.4853 | softDice: 0.4622 | clDice: 0.5348 | softclDice: 0.4816 | IoU: 0.3209 | Tversky: 0.4853 | Hausdorff: 314.5359 | HD95: 32.6650 | val_loss: 0.6367 | LR: 0.000031
2025-08-21 04:42:56 INFO Early stopping at epoch 52 | Best Dice: 0.4896 at epoch 1
2025-08-21 04:43:47 INFO Fold 2 results: Dice: 0.4887 | softDice: 0.4643 | clDice: 0.5438 | softclDice: 0.4732 | IoU: 0.3239 | Tversky: 0.4887 | Hausdorff: 295.0978 | HD95: 31.2087 | val_loss: 0.6349
2025-08-21 04:43:47 INFO ===== Fold 3 / 5 =====
2025-08-21 04:43:47 INFO Loading model unet with settings {'name': 'unet', 'encoder_name': 'se_resnext50_32x4d', 'encoder_weights': 'imagenet', 'classes': 1, 'activation': None, 'dropout': 0.2}
2025-08-21 04:45:40 INFO Epoch 001 | Train Loss: 0.9327 | Val Loss: 0.8662 | Dice: 0.3914 | softDice: 0.3310 | clDice: 0.4606 | softclDice: 0.6684 | IoU: 0.2439 | Tversky: 0.3914 | Hausdorff: 255.4527 | HD95: 79.4399 | val_loss: 0.8662 | LR: 0.001000
2025-08-21 04:47:28 INFO Epoch 002 | Train Loss: 0.7444 | Val Loss: 0.7050 | Dice: 0.4520 | softDice: 0.4213 | clDice: 0.5223 | softclDice: 0.5138 | IoU: 0.2928 | Tversky: 0.4520 | Hausdorff: 310.8147 | HD95: 52.1431 | val_loss: 0.7050 | LR: 0.001000
2025-08-21 04:49:16 INFO Epoch 003 | Train Loss: 0.7045 | Val Loss: 0.6788 | Dice: 0.4602 | softDice: 0.4356 | clDice: 0.5303 | softclDice: 0.4875 | IoU: 0.2999 | Tversky: 0.4602 | Hausdorff: 244.6970 | HD95: 56.1694 | val_loss: 0.6788 | LR: 0.001000
2025-08-21 04:51:09 INFO Epoch 004 | Train Loss: 0.6959 | Val Loss: 0.6643 | Dice: 0.4706 | softDice: 0.4429 | clDice: 0.5300 | softclDice: 0.4913 | IoU: 0.3087 | Tversky: 0.4706 | Hausdorff: 245.2672 | HD95: 39.9163 | val_loss: 0.6643 | LR: 0.001000
2025-08-21 04:52:56 INFO Epoch 005 | Train Loss: 0.6889 | Val Loss: 0.6811 | Dice: 0.4679 | softDice: 0.4396 | clDice: 0.5342 | softclDice: 0.4970 | IoU: 0.3062 | Tversky: 0.4679 | Hausdorff: 264.2437 | HD95: 44.6543 | val_loss: 0.6811 | LR: 0.001000
2025-08-21 04:54:46 INFO Epoch 006 | Train Loss: 0.6878 | Val Loss: 0.6481 | Dice: 0.4824 | softDice: 0.4548 | clDice: 0.5449 | softclDice: 0.4728 | IoU: 0.3188 | Tversky: 0.4824 | Hausdorff: 263.6937 | HD95: 44.7745 | val_loss: 0.6481 | LR: 0.001000
2025-08-21 04:56:38 INFO Epoch 007 | Train Loss: 0.6808 | Val Loss: 0.6520 | Dice: 0.4814 | softDice: 0.4510 | clDice: 0.5423 | softclDice: 0.4765 | IoU: 0.3180 | Tversky: 0.4814 | Hausdorff: 242.7468 | HD95: 42.7867 | val_loss: 0.6520 | LR: 0.001000
2025-08-21 04:58:25 INFO Epoch 008 | Train Loss: 0.6849 | Val Loss: 0.6681 | Dice: 0.4671 | softDice: 0.4395 | clDice: 0.5224 | softclDice: 0.5005 | IoU: 0.3058 | Tversky: 0.4671 | Hausdorff: 252.1756 | HD95: 41.6042 | val_loss: 0.6681 | LR: 0.001000
2025-08-21 05:00:18 INFO Epoch 009 | Train Loss: 0.6785 | Val Loss: 0.6644 | Dice: 0.4779 | softDice: 0.4533 | clDice: 0.5429 | softclDice: 0.4776 | IoU: 0.3149 | Tversky: 0.4779 | Hausdorff: 230.9317 | HD95: 42.2402 | val_loss: 0.6644 | LR: 0.001000
2025-08-21 05:02:06 INFO Epoch 010 | Train Loss: 0.6799 | Val Loss: 0.6456 | Dice: 0.4854 | softDice: 0.4568 | clDice: 0.5474 | softclDice: 0.4692 | IoU: 0.3214 | Tversky: 0.4854 | Hausdorff: 260.0875 | HD95: 39.6527 | val_loss: 0.6456 | LR: 0.001000
2025-08-21 05:03:56 INFO Epoch 011 | Train Loss: 0.6785 | Val Loss: 0.6383 | Dice: 0.4860 | softDice: 0.4576 | clDice: 0.5406 | softclDice: 0.4784 | IoU: 0.3221 | Tversky: 0.4860 | Hausdorff: 202.1844 | HD95: 42.1264 | val_loss: 0.6383 | LR: 0.001000
2025-08-21 05:05:48 INFO Epoch 012 | Train Loss: 0.6788 | Val Loss: 0.6434 | Dice: 0.4840 | softDice: 0.4587 | clDice: 0.5380 | softclDice: 0.4801 | IoU: 0.3202 | Tversky: 0.4840 | Hausdorff: 245.9742 | HD95: 38.2208 | val_loss: 0.6434 | LR: 0.001000
2025-08-21 05:07:36 INFO Epoch 013 | Train Loss: 0.6679 | Val Loss: 0.6434 | Dice: 0.4926 | softDice: 0.4631 | clDice: 0.5646 | softclDice: 0.4548 | IoU: 0.3276 | Tversky: 0.4926 | Hausdorff: 249.1970 | HD95: 35.5398 | val_loss: 0.6434 | LR: 0.001000
2025-08-21 05:09:28 INFO Epoch 014 | Train Loss: 0.6746 | Val Loss: 0.6407 | Dice: 0.4905 | softDice: 0.4621 | clDice: 0.5595 | softclDice: 0.4585 | IoU: 0.3258 | Tversky: 0.4905 | Hausdorff: 248.8191 | HD95: 38.3081 | val_loss: 0.6407 | LR: 0.001000
2025-08-21 05:11:16 INFO Epoch 015 | Train Loss: 0.6718 | Val Loss: 0.6419 | Dice: 0.4811 | softDice: 0.4571 | clDice: 0.5408 | softclDice: 0.4739 | IoU: 0.3178 | Tversky: 0.4811 | Hausdorff: 245.5787 | HD95: 44.6925 | val_loss: 0.6419 | LR: 0.001000
2025-08-21 05:13:06 INFO Epoch 016 | Train Loss: 0.6687 | Val Loss: 0.6451 | Dice: 0.4898 | softDice: 0.4618 | clDice: 0.5512 | softclDice: 0.4691 | IoU: 0.3252 | Tversky: 0.4898 | Hausdorff: 250.8543 | HD95: 37.5895 | val_loss: 0.6451 | LR: 0.001000
2025-08-21 05:14:56 INFO Epoch 017 | Train Loss: 0.6641 | Val Loss: 0.6439 | Dice: 0.4840 | softDice: 0.4534 | clDice: 0.5421 | softclDice: 0.4784 | IoU: 0.3203 | Tversky: 0.4840 | Hausdorff: 242.6910 | HD95: 43.3518 | val_loss: 0.6439 | LR: 0.000500
2025-08-21 05:16:40 INFO Epoch 018 | Train Loss: 0.6601 | Val Loss: 0.6394 | Dice: 0.4836 | softDice: 0.4599 | clDice: 0.5392 | softclDice: 0.4726 | IoU: 0.3200 | Tversky: 0.4836 | Hausdorff: 231.1386 | HD95: 43.3148 | val_loss: 0.6394 | LR: 0.000500
2025-08-21 05:18:34 INFO Epoch 019 | Train Loss: 0.6605 | Val Loss: 0.6398 | Dice: 0.4870 | softDice: 0.4584 | clDice: 0.5435 | softclDice: 0.4753 | IoU: 0.3228 | Tversky: 0.4870 | Hausdorff: 227.2791 | HD95: 37.8725 | val_loss: 0.6398 | LR: 0.000500
2025-08-21 05:20:22 INFO Epoch 020 | Train Loss: 0.6532 | Val Loss: 0.6418 | Dice: 0.4847 | softDice: 0.4574 | clDice: 0.5391 | softclDice: 0.4769 | IoU: 0.3209 | Tversky: 0.4847 | Hausdorff: 219.0940 | HD95: 37.6805 | val_loss: 0.6418 | LR: 0.000500
2025-08-21 05:22:13 INFO Epoch 021 | Train Loss: 0.6606 | Val Loss: 0.6356 | Dice: 0.4910 | softDice: 0.4636 | clDice: 0.5521 | softclDice: 0.4642 | IoU: 0.3264 | Tversky: 0.4910 | Hausdorff: 223.8924 | HD95: 37.0336 | val_loss: 0.6356 | LR: 0.000500
2025-08-21 05:24:00 INFO Epoch 022 | Train Loss: 0.6577 | Val Loss: 0.6359 | Dice: 0.4873 | softDice: 0.4622 | clDice: 0.5455 | softclDice: 0.4692 | IoU: 0.3232 | Tversky: 0.4873 | Hausdorff: 228.2864 | HD95: 40.6371 | val_loss: 0.6359 | LR: 0.000500
2025-08-21 05:25:49 INFO Epoch 023 | Train Loss: 0.6530 | Val Loss: 0.6465 | Dice: 0.4760 | softDice: 0.4487 | clDice: 0.5271 | softclDice: 0.4901 | IoU: 0.3136 | Tversky: 0.4760 | Hausdorff: 232.3630 | HD95: 49.2617 | val_loss: 0.6465 | LR: 0.000500
2025-08-21 05:27:41 INFO Epoch 024 | Train Loss: 0.6535 | Val Loss: 0.6391 | Dice: 0.4848 | softDice: 0.4592 | clDice: 0.5377 | softclDice: 0.4752 | IoU: 0.3211 | Tversky: 0.4848 | Hausdorff: 225.9021 | HD95: 41.6303 | val_loss: 0.6391 | LR: 0.000500
2025-08-21 05:29:30 INFO Epoch 025 | Train Loss: 0.6560 | Val Loss: 0.6338 | Dice: 0.4927 | softDice: 0.4683 | clDice: 0.5531 | softclDice: 0.4595 | IoU: 0.3278 | Tversky: 0.4927 | Hausdorff: 223.6923 | HD95: 37.9565 | val_loss: 0.6338 | LR: 0.000500
2025-08-21 05:31:21 INFO Epoch 026 | Train Loss: 0.6564 | Val Loss: 0.6350 | Dice: 0.4871 | softDice: 0.4635 | clDice: 0.5420 | softclDice: 0.4720 | IoU: 0.3231 | Tversky: 0.4871 | Hausdorff: 211.3326 | HD95: 43.3160 | val_loss: 0.6350 | LR: 0.000500
2025-08-21 05:33:08 INFO Epoch 027 | Train Loss: 0.6550 | Val Loss: 0.6368 | Dice: 0.4863 | softDice: 0.4629 | clDice: 0.5411 | softclDice: 0.4733 | IoU: 0.3224 | Tversky: 0.4863 | Hausdorff: 203.2478 | HD95: 36.2946 | val_loss: 0.6368 | LR: 0.000500
2025-08-21 05:34:55 INFO Epoch 028 | Train Loss: 0.6515 | Val Loss: 0.6398 | Dice: 0.4850 | softDice: 0.4604 | clDice: 0.5422 | softclDice: 0.4689 | IoU: 0.3212 | Tversky: 0.4850 | Hausdorff: 214.0120 | HD95: 42.4617 | val_loss: 0.6398 | LR: 0.000500
2025-08-21 05:36:45 INFO Epoch 029 | Train Loss: 0.6490 | Val Loss: 0.6365 | Dice: 0.4873 | softDice: 0.4586 | clDice: 0.5419 | softclDice: 0.4789 | IoU: 0.3233 | Tversky: 0.4873 | Hausdorff: 210.8675 | HD95: 40.0090 | val_loss: 0.6365 | LR: 0.000500
2025-08-21 05:38:31 INFO Epoch 030 | Train Loss: 0.6555 | Val Loss: 0.6453 | Dice: 0.4791 | softDice: 0.4502 | clDice: 0.5307 | softclDice: 0.4885 | IoU: 0.3162 | Tversky: 0.4791 | Hausdorff: 228.3303 | HD95: 42.3321 | val_loss: 0.6453 | LR: 0.000500
2025-08-21 05:40:19 INFO Epoch 031 | Train Loss: 0.6528 | Val Loss: 0.6453 | Dice: 0.4799 | softDice: 0.4550 | clDice: 0.5366 | softclDice: 0.4794 | IoU: 0.3168 | Tversky: 0.4799 | Hausdorff: 207.5893 | HD95: 43.4858 | val_loss: 0.6453 | LR: 0.000250
2025-08-21 05:42:12 INFO Epoch 032 | Train Loss: 0.6479 | Val Loss: 0.6299 | Dice: 0.4943 | softDice: 0.4699 | clDice: 0.5496 | softclDice: 0.4619 | IoU: 0.3292 | Tversky: 0.4943 | Hausdorff: 219.6922 | HD95: 35.6783 | val_loss: 0.6299 | LR: 0.000250
2025-08-21 05:44:01 INFO Epoch 033 | Train Loss: 0.6429 | Val Loss: 0.6331 | Dice: 0.4899 | softDice: 0.4638 | clDice: 0.5432 | softclDice: 0.4704 | IoU: 0.3255 | Tversky: 0.4899 | Hausdorff: 214.9705 | HD95: 35.9401 | val_loss: 0.6331 | LR: 0.000250
2025-08-21 05:45:51 INFO Epoch 034 | Train Loss: 0.6455 | Val Loss: 0.6273 | Dice: 0.4971 | softDice: 0.4740 | clDice: 0.5535 | softclDice: 0.4565 | IoU: 0.3317 | Tversky: 0.4971 | Hausdorff: 239.5366 | HD95: 34.9808 | val_loss: 0.6273 | LR: 0.000250
2025-08-21 05:47:38 INFO Epoch 035 | Train Loss: 0.6433 | Val Loss: 0.6290 | Dice: 0.4950 | softDice: 0.4676 | clDice: 0.5508 | softclDice: 0.4657 | IoU: 0.3299 | Tversky: 0.4950 | Hausdorff: 231.4906 | HD95: 34.7846 | val_loss: 0.6290 | LR: 0.000250
2025-08-21 05:49:29 INFO Epoch 036 | Train Loss: 0.6435 | Val Loss: 0.6396 | Dice: 0.4842 | softDice: 0.4593 | clDice: 0.5366 | softclDice: 0.4792 | IoU: 0.3206 | Tversky: 0.4842 | Hausdorff: 208.9027 | HD95: 39.6671 | val_loss: 0.6396 | LR: 0.000250
2025-08-21 05:51:13 INFO Epoch 037 | Train Loss: 0.6372 | Val Loss: 0.6332 | Dice: 0.4916 | softDice: 0.4690 | clDice: 0.5465 | softclDice: 0.4648 | IoU: 0.3269 | Tversky: 0.4916 | Hausdorff: 239.6320 | HD95: 34.3219 | val_loss: 0.6332 | LR: 0.000250
2025-08-21 05:53:02 INFO Epoch 038 | Train Loss: 0.6421 | Val Loss: 0.6336 | Dice: 0.4910 | softDice: 0.4654 | clDice: 0.5459 | softclDice: 0.4671 | IoU: 0.3266 | Tversky: 0.4910 | Hausdorff: 232.5746 | HD95: 36.0412 | val_loss: 0.6336 | LR: 0.000250
2025-08-21 05:54:55 INFO Epoch 039 | Train Loss: 0.6412 | Val Loss: 0.6297 | Dice: 0.4948 | softDice: 0.4700 | clDice: 0.5509 | softclDice: 0.4623 | IoU: 0.3298 | Tversky: 0.4948 | Hausdorff: 230.2362 | HD95: 38.4511 | val_loss: 0.6297 | LR: 0.000250
2025-08-21 05:56:42 INFO Epoch 040 | Train Loss: 0.6420 | Val Loss: 0.6370 | Dice: 0.4844 | softDice: 0.4577 | clDice: 0.5357 | softclDice: 0.4785 | IoU: 0.3208 | Tversky: 0.4844 | Hausdorff: 204.8606 | HD95: 40.8012 | val_loss: 0.6370 | LR: 0.000125
2025-08-21 05:58:29 INFO Epoch 041 | Train Loss: 0.6346 | Val Loss: 0.6381 | Dice: 0.4883 | softDice: 0.4655 | clDice: 0.5419 | softclDice: 0.4692 | IoU: 0.3241 | Tversky: 0.4883 | Hausdorff: 233.4002 | HD95: 34.4799 | val_loss: 0.6381 | LR: 0.000125
2025-08-21 06:00:21 INFO Epoch 042 | Train Loss: 0.6325 | Val Loss: 0.6323 | Dice: 0.4917 | softDice: 0.4668 | clDice: 0.5474 | softclDice: 0.4685 | IoU: 0.3270 | Tversky: 0.4917 | Hausdorff: 236.3461 | HD95: 37.9856 | val_loss: 0.6323 | LR: 0.000125
2025-08-21 06:02:09 INFO Epoch 043 | Train Loss: 0.6334 | Val Loss: 0.6350 | Dice: 0.4882 | softDice: 0.4643 | clDice: 0.5410 | softclDice: 0.4728 | IoU: 0.3241 | Tversky: 0.4882 | Hausdorff: 233.5753 | HD95: 37.1221 | val_loss: 0.6350 | LR: 0.000125
2025-08-21 06:04:02 INFO Epoch 044 | Train Loss: 0.6376 | Val Loss: 0.6312 | Dice: 0.4943 | softDice: 0.4689 | clDice: 0.5492 | softclDice: 0.4652 | IoU: 0.3293 | Tversky: 0.4943 | Hausdorff: 233.3158 | HD95: 34.0449 | val_loss: 0.6312 | LR: 0.000125
2025-08-21 06:05:48 INFO Epoch 045 | Train Loss: 0.6381 | Val Loss: 0.6365 | Dice: 0.4855 | softDice: 0.4614 | clDice: 0.5358 | softclDice: 0.4792 | IoU: 0.3217 | Tversky: 0.4855 | Hausdorff: 230.9139 | HD95: 37.9850 | val_loss: 0.6365 | LR: 0.000125
2025-08-21 06:07:36 INFO Epoch 046 | Train Loss: 0.6295 | Val Loss: 0.6350 | Dice: 0.4878 | softDice: 0.4647 | clDice: 0.5389 | softclDice: 0.4736 | IoU: 0.3236 | Tversky: 0.4878 | Hausdorff: 227.9854 | HD95: 38.4725 | val_loss: 0.6350 | LR: 0.000063
2025-08-21 06:09:30 INFO Epoch 047 | Train Loss: 0.6287 | Val Loss: 0.6376 | Dice: 0.4878 | softDice: 0.4642 | clDice: 0.5388 | softclDice: 0.4732 | IoU: 0.3236 | Tversky: 0.4878 | Hausdorff: 228.8443 | HD95: 35.0050 | val_loss: 0.6376 | LR: 0.000063
2025-08-21 06:11:17 INFO Epoch 048 | Train Loss: 0.6271 | Val Loss: 0.6369 | Dice: 0.4865 | softDice: 0.4638 | clDice: 0.5376 | softclDice: 0.4761 | IoU: 0.3226 | Tversky: 0.4865 | Hausdorff: 231.4090 | HD95: 35.8667 | val_loss: 0.6369 | LR: 0.000063
2025-08-21 06:13:06 INFO Epoch 049 | Train Loss: 0.6304 | Val Loss: 0.6366 | Dice: 0.4870 | softDice: 0.4645 | clDice: 0.5390 | softclDice: 0.4738 | IoU: 0.3230 | Tversky: 0.4870 | Hausdorff: 232.4224 | HD95: 36.1846 | val_loss: 0.6366 | LR: 0.000063
2025-08-21 06:15:00 INFO Epoch 050 | Train Loss: 0.6289 | Val Loss: 0.6355 | Dice: 0.4893 | softDice: 0.4659 | clDice: 0.5419 | softclDice: 0.4711 | IoU: 0.3249 | Tversky: 0.4893 | Hausdorff: 236.8749 | HD95: 34.9626 | val_loss: 0.6355 | LR: 0.000063
2025-08-21 06:16:48 INFO Epoch 051 | Train Loss: 0.6283 | Val Loss: 0.6396 | Dice: 0.4852 | softDice: 0.4624 | clDice: 0.5353 | softclDice: 0.4778 | IoU: 0.3214 | Tversky: 0.4852 | Hausdorff: 244.0461 | HD95: 33.9867 | val_loss: 0.6396 | LR: 0.000063
2025-08-21 06:18:38 INFO Epoch 052 | Train Loss: 0.6280 | Val Loss: 0.6353 | Dice: 0.4878 | softDice: 0.4654 | clDice: 0.5390 | softclDice: 0.4746 | IoU: 0.3236 | Tversky: 0.4878 | Hausdorff: 244.2854 | HD95: 35.0758 | val_loss: 0.6353 | LR: 0.000031
2025-08-21 06:20:24 INFO Early stopping at epoch 53 | Best Dice: 0.4971 at epoch 1
2025-08-21 06:21:17 INFO Fold 3 results: Dice: 0.4926 | softDice: 0.4631 | clDice: 0.5646 | softclDice: 0.4548 | IoU: 0.3276 | Tversky: 0.4926 | Hausdorff: 249.1970 | HD95: 35.5398 | val_loss: 0.6434
2025-08-21 06:21:17 INFO ===== Fold 4 / 5 =====
2025-08-21 06:21:17 INFO Loading model unet with settings {'name': 'unet', 'encoder_name': 'se_resnext50_32x4d', 'encoder_weights': 'imagenet', 'classes': 1, 'activation': None, 'dropout': 0.2}
2025-08-21 06:23:03 INFO Epoch 001 | Train Loss: 0.9992 | Val Loss: 0.8183 | Dice: 0.4320 | softDice: 0.3318 | clDice: 0.4857 | softclDice: 0.6697 | IoU: 0.2757 | Tversky: 0.4320 | Hausdorff: 407.3027 | HD95: 65.3228 | val_loss: 0.8183 | LR: 0.001000
2025-08-21 06:24:48 INFO Epoch 002 | Train Loss: 0.7523 | Val Loss: 0.7080 | Dice: 0.4589 | softDice: 0.4117 | clDice: 0.5100 | softclDice: 0.5353 | IoU: 0.2979 | Tversky: 0.4589 | Hausdorff: 308.4296 | HD95: 44.4155 | val_loss: 0.7080 | LR: 0.001000
2025-08-21 06:26:36 INFO Epoch 003 | Train Loss: 0.7123 | Val Loss: 0.6786 | Dice: 0.4626 | softDice: 0.4333 | clDice: 0.5151 | softclDice: 0.5107 | IoU: 0.3011 | Tversky: 0.4626 | Hausdorff: 321.6819 | HD95: 50.5644 | val_loss: 0.6786 | LR: 0.001000
2025-08-21 06:28:22 INFO Epoch 004 | Train Loss: 0.7014 | Val Loss: 0.6816 | Dice: 0.4677 | softDice: 0.4290 | clDice: 0.5169 | softclDice: 0.5156 | IoU: 0.3054 | Tversky: 0.4677 | Hausdorff: 269.0095 | HD95: 43.7973 | val_loss: 0.6816 | LR: 0.001000
2025-08-21 06:30:13 INFO Epoch 005 | Train Loss: 0.6946 | Val Loss: 0.6781 | Dice: 0.4655 | softDice: 0.4367 | clDice: 0.5155 | softclDice: 0.5091 | IoU: 0.3036 | Tversky: 0.4655 | Hausdorff: 229.4234 | HD95: 38.7344 | val_loss: 0.6781 | LR: 0.001000
2025-08-21 06:31:58 INFO Epoch 006 | Train Loss: 0.6907 | Val Loss: 0.6557 | Dice: 0.4737 | softDice: 0.4474 | clDice: 0.5236 | softclDice: 0.4930 | IoU: 0.3105 | Tversky: 0.4737 | Hausdorff: 240.3439 | HD95: 46.8617 | val_loss: 0.6557 | LR: 0.001000
2025-08-21 06:33:44 INFO Epoch 007 | Train Loss: 0.6834 | Val Loss: 0.6564 | Dice: 0.4832 | softDice: 0.4532 | clDice: 0.5468 | softclDice: 0.4734 | IoU: 0.3188 | Tversky: 0.4832 | Hausdorff: 221.0620 | HD95: 37.8995 | val_loss: 0.6564 | LR: 0.001000
2025-08-21 06:35:33 INFO Epoch 008 | Train Loss: 0.6822 | Val Loss: 0.6611 | Dice: 0.4779 | softDice: 0.4532 | clDice: 0.5403 | softclDice: 0.4782 | IoU: 0.3142 | Tversky: 0.4779 | Hausdorff: 220.9187 | HD95: 43.9949 | val_loss: 0.6611 | LR: 0.001000
2025-08-21 06:37:19 INFO Epoch 009 | Train Loss: 0.6807 | Val Loss: 0.6517 | Dice: 0.4822 | softDice: 0.4529 | clDice: 0.5387 | softclDice: 0.4824 | IoU: 0.3179 | Tversky: 0.4822 | Hausdorff: 224.5134 | HD95: 38.0850 | val_loss: 0.6517 | LR: 0.001000
2025-08-21 06:39:09 INFO Epoch 010 | Train Loss: 0.6720 | Val Loss: 0.6589 | Dice: 0.4848 | softDice: 0.4520 | clDice: 0.5593 | softclDice: 0.4652 | IoU: 0.3201 | Tversky: 0.4848 | Hausdorff: 227.3498 | HD95: 36.8301 | val_loss: 0.6589 | LR: 0.001000
2025-08-21 06:40:56 INFO Epoch 011 | Train Loss: 0.6762 | Val Loss: 0.6526 | Dice: 0.4841 | softDice: 0.4553 | clDice: 0.5431 | softclDice: 0.4804 | IoU: 0.3196 | Tversky: 0.4841 | Hausdorff: 189.5184 | HD95: 38.6495 | val_loss: 0.6526 | LR: 0.001000
2025-08-21 06:42:46 INFO Epoch 012 | Train Loss: 0.6746 | Val Loss: 0.6532 | Dice: 0.4776 | softDice: 0.4501 | clDice: 0.5320 | softclDice: 0.4846 | IoU: 0.3140 | Tversky: 0.4776 | Hausdorff: 205.7108 | HD95: 44.8855 | val_loss: 0.6532 | LR: 0.001000
2025-08-21 06:44:38 INFO Epoch 013 | Train Loss: 0.6707 | Val Loss: 0.6515 | Dice: 0.4858 | softDice: 0.4592 | clDice: 0.5435 | softclDice: 0.4742 | IoU: 0.3211 | Tversky: 0.4858 | Hausdorff: 234.3280 | HD95: 40.3354 | val_loss: 0.6515 | LR: 0.001000
2025-08-21 06:46:25 INFO Epoch 014 | Train Loss: 0.6715 | Val Loss: 0.6544 | Dice: 0.4846 | softDice: 0.4550 | clDice: 0.5447 | softclDice: 0.4775 | IoU: 0.3200 | Tversky: 0.4846 | Hausdorff: 216.0391 | HD95: 38.8691 | val_loss: 0.6544 | LR: 0.001000
2025-08-21 06:48:18 INFO Epoch 015 | Train Loss: 0.6686 | Val Loss: 0.6574 | Dice: 0.4826 | softDice: 0.4532 | clDice: 0.5422 | softclDice: 0.4802 | IoU: 0.3184 | Tversky: 0.4826 | Hausdorff: 222.7598 | HD95: 37.4090 | val_loss: 0.6574 | LR: 0.001000
2025-08-21 06:50:05 INFO Epoch 016 | Train Loss: 0.6674 | Val Loss: 0.6458 | Dice: 0.4862 | softDice: 0.4593 | clDice: 0.5469 | softclDice: 0.4683 | IoU: 0.3214 | Tversky: 0.4862 | Hausdorff: 215.8292 | HD95: 35.8031 | val_loss: 0.6458 | LR: 0.001000
2025-08-21 06:51:56 INFO Epoch 017 | Train Loss: 0.6665 | Val Loss: 0.6455 | Dice: 0.4838 | softDice: 0.4509 | clDice: 0.5328 | softclDice: 0.4871 | IoU: 0.3193 | Tversky: 0.4838 | Hausdorff: 187.3600 | HD95: 37.3703 | val_loss: 0.6455 | LR: 0.001000
2025-08-21 06:53:42 INFO Epoch 018 | Train Loss: 0.6667 | Val Loss: 0.6530 | Dice: 0.4757 | softDice: 0.4496 | clDice: 0.5263 | softclDice: 0.4890 | IoU: 0.3123 | Tversky: 0.4757 | Hausdorff: 212.4211 | HD95: 36.9142 | val_loss: 0.6530 | LR: 0.001000
2025-08-21 06:55:30 INFO Epoch 019 | Train Loss: 0.6647 | Val Loss: 0.6386 | Dice: 0.4868 | softDice: 0.4610 | clDice: 0.5369 | softclDice: 0.4794 | IoU: 0.3220 | Tversky: 0.4868 | Hausdorff: 205.7204 | HD95: 35.6967 | val_loss: 0.6386 | LR: 0.001000
2025-08-21 06:57:20 INFO Epoch 020 | Train Loss: 0.6637 | Val Loss: 0.6470 | Dice: 0.4894 | softDice: 0.4638 | clDice: 0.5455 | softclDice: 0.4738 | IoU: 0.3243 | Tversky: 0.4894 | Hausdorff: 222.6846 | HD95: 34.1356 | val_loss: 0.6470 | LR: 0.001000
2025-08-21 06:59:05 INFO Epoch 021 | Train Loss: 0.6601 | Val Loss: 0.6466 | Dice: 0.4813 | softDice: 0.4529 | clDice: 0.5331 | softclDice: 0.4868 | IoU: 0.3171 | Tversky: 0.4813 | Hausdorff: 217.8334 | HD95: 36.0214 | val_loss: 0.6466 | LR: 0.001000
2025-08-21 07:00:55 INFO Epoch 022 | Train Loss: 0.6629 | Val Loss: 0.6446 | Dice: 0.4836 | softDice: 0.4559 | clDice: 0.5370 | softclDice: 0.4777 | IoU: 0.3192 | Tversky: 0.4836 | Hausdorff: 212.1151 | HD95: 44.7556 | val_loss: 0.6446 | LR: 0.001000
2025-08-21 07:02:39 INFO Epoch 023 | Train Loss: 0.6604 | Val Loss: 0.6497 | Dice: 0.4849 | softDice: 0.4599 | clDice: 0.5431 | softclDice: 0.4696 | IoU: 0.3203 | Tversky: 0.4849 | Hausdorff: 187.6444 | HD95: 38.0869 | val_loss: 0.6497 | LR: 0.001000
2025-08-21 07:04:25 INFO Epoch 024 | Train Loss: 0.6618 | Val Loss: 0.6487 | Dice: 0.4831 | softDice: 0.4538 | clDice: 0.5326 | softclDice: 0.4842 | IoU: 0.3187 | Tversky: 0.4831 | Hausdorff: 201.5691 | HD95: 30.9795 | val_loss: 0.6487 | LR: 0.001000
2025-08-21 07:06:14 INFO Epoch 025 | Train Loss: 0.6599 | Val Loss: 0.6500 | Dice: 0.4740 | softDice: 0.4517 | clDice: 0.5220 | softclDice: 0.4889 | IoU: 0.3109 | Tversky: 0.4740 | Hausdorff: 216.9576 | HD95: 42.6402 | val_loss: 0.6500 | LR: 0.000500
2025-08-21 07:07:59 INFO Epoch 026 | Train Loss: 0.6494 | Val Loss: 0.6439 | Dice: 0.4819 | softDice: 0.4566 | clDice: 0.5332 | softclDice: 0.4828 | IoU: 0.3177 | Tversky: 0.4819 | Hausdorff: 200.7326 | HD95: 39.5266 | val_loss: 0.6439 | LR: 0.000500
2025-08-21 07:09:49 INFO Epoch 027 | Train Loss: 0.6502 | Val Loss: 0.6367 | Dice: 0.4871 | softDice: 0.4634 | clDice: 0.5366 | softclDice: 0.4751 | IoU: 0.3222 | Tversky: 0.4871 | Hausdorff: 212.0773 | HD95: 35.2826 | val_loss: 0.6367 | LR: 0.000500
2025-08-21 07:11:32 INFO Epoch 028 | Train Loss: 0.6542 | Val Loss: 0.6409 | Dice: 0.4878 | softDice: 0.4632 | clDice: 0.5435 | softclDice: 0.4721 | IoU: 0.3229 | Tversky: 0.4878 | Hausdorff: 220.7743 | HD95: 32.6669 | val_loss: 0.6409 | LR: 0.000500
2025-08-21 07:13:17 INFO Epoch 029 | Train Loss: 0.6477 | Val Loss: 0.6413 | Dice: 0.4820 | softDice: 0.4554 | clDice: 0.5300 | softclDice: 0.4860 | IoU: 0.3178 | Tversky: 0.4820 | Hausdorff: 220.6411 | HD95: 37.4322 | val_loss: 0.6413 | LR: 0.000500
2025-08-21 07:15:05 INFO Epoch 030 | Train Loss: 0.6458 | Val Loss: 0.6413 | Dice: 0.4882 | softDice: 0.4604 | clDice: 0.5413 | softclDice: 0.4765 | IoU: 0.3232 | Tversky: 0.4882 | Hausdorff: 219.7972 | HD95: 32.0570 | val_loss: 0.6413 | LR: 0.000500
2025-08-21 07:16:52 INFO Epoch 031 | Train Loss: 0.6466 | Val Loss: 0.6395 | Dice: 0.4901 | softDice: 0.4613 | clDice: 0.5432 | softclDice: 0.4736 | IoU: 0.3249 | Tversky: 0.4901 | Hausdorff: 176.7749 | HD95: 32.1458 | val_loss: 0.6395 | LR: 0.000500
2025-08-21 07:18:43 INFO Epoch 032 | Train Loss: 0.6499 | Val Loss: 0.6467 | Dice: 0.4819 | softDice: 0.4559 | clDice: 0.5329 | softclDice: 0.4833 | IoU: 0.3177 | Tversky: 0.4819 | Hausdorff: 185.6675 | HD95: 33.2055 | val_loss: 0.6467 | LR: 0.000500
2025-08-21 07:20:27 INFO Epoch 033 | Train Loss: 0.6486 | Val Loss: 0.6464 | Dice: 0.4817 | softDice: 0.4540 | clDice: 0.5328 | softclDice: 0.4852 | IoU: 0.3176 | Tversky: 0.4817 | Hausdorff: 190.6744 | HD95: 31.9947 | val_loss: 0.6464 | LR: 0.000250
2025-08-21 07:22:13 INFO Epoch 034 | Train Loss: 0.6434 | Val Loss: 0.6429 | Dice: 0.4883 | softDice: 0.4618 | clDice: 0.5425 | softclDice: 0.4732 | IoU: 0.3233 | Tversky: 0.4883 | Hausdorff: 219.2477 | HD95: 31.8561 | val_loss: 0.6429 | LR: 0.000250
2025-08-21 07:24:00 INFO Epoch 035 | Train Loss: 0.6393 | Val Loss: 0.6369 | Dice: 0.4923 | softDice: 0.4669 | clDice: 0.5493 | softclDice: 0.4661 | IoU: 0.3269 | Tversky: 0.4923 | Hausdorff: 204.0493 | HD95: 29.9202 | val_loss: 0.6369 | LR: 0.000250
2025-08-21 07:25:45 INFO Epoch 036 | Train Loss: 0.6390 | Val Loss: 0.6337 | Dice: 0.4884 | softDice: 0.4645 | clDice: 0.5412 | softclDice: 0.4728 | IoU: 0.3234 | Tversky: 0.4884 | Hausdorff: 205.5451 | HD95: 35.9281 | val_loss: 0.6337 | LR: 0.000250
2025-08-21 07:27:34 INFO Epoch 037 | Train Loss: 0.6445 | Val Loss: 0.6372 | Dice: 0.4902 | softDice: 0.4665 | clDice: 0.5446 | softclDice: 0.4666 | IoU: 0.3249 | Tversky: 0.4902 | Hausdorff: 198.6097 | HD95: 33.2352 | val_loss: 0.6372 | LR: 0.000250
2025-08-21 07:29:19 INFO Epoch 038 | Train Loss: 0.6384 | Val Loss: 0.6433 | Dice: 0.4837 | softDice: 0.4582 | clDice: 0.5351 | softclDice: 0.4797 | IoU: 0.3192 | Tversky: 0.4837 | Hausdorff: 219.6357 | HD95: 36.9581 | val_loss: 0.6433 | LR: 0.000250
2025-08-21 07:31:05 INFO Epoch 039 | Train Loss: 0.6372 | Val Loss: 0.6424 | Dice: 0.4884 | softDice: 0.4627 | clDice: 0.5427 | softclDice: 0.4752 | IoU: 0.3234 | Tversky: 0.4884 | Hausdorff: 186.3632 | HD95: 31.5922 | val_loss: 0.6424 | LR: 0.000250
2025-08-21 07:32:55 INFO Epoch 040 | Train Loss: 0.6403 | Val Loss: 0.6397 | Dice: 0.4853 | softDice: 0.4607 | clDice: 0.5338 | softclDice: 0.4816 | IoU: 0.3207 | Tversky: 0.4853 | Hausdorff: 201.1092 | HD95: 34.0959 | val_loss: 0.6397 | LR: 0.000250
2025-08-21 07:34:41 INFO Epoch 041 | Train Loss: 0.6405 | Val Loss: 0.6371 | Dice: 0.4923 | softDice: 0.4676 | clDice: 0.5481 | softclDice: 0.4666 | IoU: 0.3268 | Tversky: 0.4923 | Hausdorff: 196.0545 | HD95: 29.5880 | val_loss: 0.6371 | LR: 0.000250
2025-08-21 07:36:30 INFO Epoch 042 | Train Loss: 0.6345 | Val Loss: 0.6392 | Dice: 0.4874 | softDice: 0.4629 | clDice: 0.5404 | softclDice: 0.4744 | IoU: 0.3226 | Tversky: 0.4874 | Hausdorff: 196.4073 | HD95: 35.2659 | val_loss: 0.6392 | LR: 0.000125
2025-08-21 07:38:15 INFO Epoch 043 | Train Loss: 0.6344 | Val Loss: 0.6379 | Dice: 0.4873 | softDice: 0.4623 | clDice: 0.5384 | softclDice: 0.4767 | IoU: 0.3224 | Tversky: 0.4873 | Hausdorff: 193.2308 | HD95: 34.4975 | val_loss: 0.6379 | LR: 0.000125
2025-08-21 07:40:01 INFO Epoch 044 | Train Loss: 0.6320 | Val Loss: 0.6350 | Dice: 0.4906 | softDice: 0.4649 | clDice: 0.5425 | softclDice: 0.4719 | IoU: 0.3253 | Tversky: 0.4906 | Hausdorff: 192.2327 | HD95: 31.7117 | val_loss: 0.6350 | LR: 0.000125
2025-08-21 07:41:45 INFO Epoch 045 | Train Loss: 0.6302 | Val Loss: 0.6385 | Dice: 0.4891 | softDice: 0.4640 | clDice: 0.5400 | softclDice: 0.4751 | IoU: 0.3240 | Tversky: 0.4891 | Hausdorff: 188.2359 | HD95: 30.9326 | val_loss: 0.6385 | LR: 0.000125
2025-08-21 07:43:31 INFO Epoch 046 | Train Loss: 0.6320 | Val Loss: 0.6363 | Dice: 0.4903 | softDice: 0.4660 | clDice: 0.5433 | softclDice: 0.4702 | IoU: 0.3251 | Tversky: 0.4903 | Hausdorff: 186.0622 | HD95: 33.4202 | val_loss: 0.6363 | LR: 0.000125
2025-08-21 07:45:21 INFO Epoch 047 | Train Loss: 0.6322 | Val Loss: 0.6413 | Dice: 0.4872 | softDice: 0.4627 | clDice: 0.5387 | softclDice: 0.4769 | IoU: 0.3224 | Tversky: 0.4872 | Hausdorff: 181.0784 | HD95: 31.7324 | val_loss: 0.6413 | LR: 0.000125
2025-08-21 07:47:06 INFO Epoch 048 | Train Loss: 0.6313 | Val Loss: 0.6386 | Dice: 0.4880 | softDice: 0.4627 | clDice: 0.5379 | softclDice: 0.4769 | IoU: 0.3231 | Tversky: 0.4880 | Hausdorff: 207.2447 | HD95: 32.9401 | val_loss: 0.6386 | LR: 0.000063
2025-08-21 07:48:55 INFO Epoch 049 | Train Loss: 0.6303 | Val Loss: 0.6359 | Dice: 0.4906 | softDice: 0.4653 | clDice: 0.5405 | softclDice: 0.4743 | IoU: 0.3254 | Tversky: 0.4906 | Hausdorff: 188.6129 | HD95: 30.6897 | val_loss: 0.6359 | LR: 0.000063
2025-08-21 07:50:40 INFO Epoch 050 | Train Loss: 0.6290 | Val Loss: 0.6375 | Dice: 0.4895 | softDice: 0.4649 | clDice: 0.5391 | softclDice: 0.4740 | IoU: 0.3244 | Tversky: 0.4895 | Hausdorff: 193.3535 | HD95: 30.6133 | val_loss: 0.6375 | LR: 0.000063
2025-08-21 07:52:27 INFO Epoch 051 | Train Loss: 0.6276 | Val Loss: 0.6386 | Dice: 0.4903 | softDice: 0.4650 | clDice: 0.5417 | softclDice: 0.4724 | IoU: 0.3251 | Tversky: 0.4903 | Hausdorff: 189.2331 | HD95: 29.0718 | val_loss: 0.6386 | LR: 0.000063
2025-08-21 07:54:16 INFO Epoch 052 | Train Loss: 0.6262 | Val Loss: 0.6389 | Dice: 0.4881 | softDice: 0.4628 | clDice: 0.5373 | softclDice: 0.4776 | IoU: 0.3232 | Tversky: 0.4881 | Hausdorff: 202.8901 | HD95: 30.8065 | val_loss: 0.6389 | LR: 0.000063
2025-08-21 07:56:00 INFO Epoch 053 | Train Loss: 0.6285 | Val Loss: 0.6409 | Dice: 0.4876 | softDice: 0.4627 | clDice: 0.5381 | softclDice: 0.4768 | IoU: 0.3227 | Tversky: 0.4876 | Hausdorff: 196.6987 | HD95: 29.4160 | val_loss: 0.6409 | LR: 0.000063
2025-08-21 07:57:50 INFO Epoch 054 | Train Loss: 0.6314 | Val Loss: 0.6409 | Dice: 0.4878 | softDice: 0.4628 | clDice: 0.5390 | softclDice: 0.4754 | IoU: 0.3228 | Tversky: 0.4878 | Hausdorff: 192.5821 | HD95: 30.9572 | val_loss: 0.6409 | LR: 0.000031
2025-08-21 07:59:34 INFO Early stopping at epoch 55 | Best Dice: 0.4923 at epoch 1
2025-08-21 08:00:23 INFO Fold 4 results: Dice: 0.4848 | softDice: 0.4520 | clDice: 0.5593 | softclDice: 0.4652 | IoU: 0.3201 | Tversky: 0.4848 | Hausdorff: 227.3498 | HD95: 36.8301 | val_loss: 0.6589
2025-08-21 08:00:23 INFO ===== Fold 5 / 5 =====
2025-08-21 08:00:23 INFO Loading model unet with settings {'name': 'unet', 'encoder_name': 'se_resnext50_32x4d', 'encoder_weights': 'imagenet', 'classes': 1, 'activation': None, 'dropout': 0.2}
2025-08-21 08:02:14 INFO Epoch 001 | Train Loss: 1.0964 | Val Loss: 0.9154 | Dice: 0.4088 | softDice: 0.2397 | clDice: 0.4571 | softclDice: 0.7600 | IoU: 0.2572 | Tversky: 0.4088 | Hausdorff: 495.3513 | HD95: 75.6791 | val_loss: 0.9154 | LR: 0.001000
2025-08-21 08:04:00 INFO Epoch 002 | Train Loss: 0.8242 | Val Loss: 0.7372 | Dice: 0.4482 | softDice: 0.3847 | clDice: 0.5165 | softclDice: 0.5690 | IoU: 0.2890 | Tversky: 0.4482 | Hausdorff: 339.1522 | HD95: 63.3629 | val_loss: 0.7372 | LR: 0.001000
2025-08-21 08:05:50 INFO Epoch 003 | Train Loss: 0.7277 | Val Loss: 0.6982 | Dice: 0.4558 | softDice: 0.4179 | clDice: 0.5161 | softclDice: 0.5150 | IoU: 0.2955 | Tversky: 0.4558 | Hausdorff: 222.9350 | HD95: 47.9021 | val_loss: 0.6982 | LR: 0.001000
2025-08-21 08:07:32 INFO Epoch 004 | Train Loss: 0.7066 | Val Loss: 0.6846 | Dice: 0.4411 | softDice: 0.4107 | clDice: 0.4927 | softclDice: 0.5311 | IoU: 0.2834 | Tversky: 0.4411 | Hausdorff: 223.7014 | HD95: 63.7921 | val_loss: 0.6846 | LR: 0.001000
2025-08-21 08:09:22 INFO Epoch 005 | Train Loss: 0.6966 | Val Loss: 0.6665 | Dice: 0.4681 | softDice: 0.4406 | clDice: 0.5313 | softclDice: 0.4906 | IoU: 0.3059 | Tversky: 0.4681 | Hausdorff: 213.1808 | HD95: 46.2676 | val_loss: 0.6665 | LR: 0.001000
2025-08-21 08:11:07 INFO Epoch 006 | Train Loss: 0.6937 | Val Loss: 0.6578 | Dice: 0.4754 | softDice: 0.4466 | clDice: 0.5451 | softclDice: 0.4748 | IoU: 0.3121 | Tversky: 0.4754 | Hausdorff: 219.3750 | HD95: 39.7449 | val_loss: 0.6578 | LR: 0.001000
2025-08-21 08:12:52 INFO Epoch 007 | Train Loss: 0.6879 | Val Loss: 0.6541 | Dice: 0.4664 | softDice: 0.4405 | clDice: 0.5217 | softclDice: 0.4960 | IoU: 0.3044 | Tversky: 0.4664 | Hausdorff: 229.5641 | HD95: 51.6815 | val_loss: 0.6541 | LR: 0.001000
2025-08-21 08:14:40 INFO Epoch 008 | Train Loss: 0.6849 | Val Loss: 0.6523 | Dice: 0.4760 | softDice: 0.4529 | clDice: 0.5369 | softclDice: 0.4788 | IoU: 0.3127 | Tversky: 0.4760 | Hausdorff: 199.2505 | HD95: 40.2359 | val_loss: 0.6523 | LR: 0.001000
2025-08-21 08:16:24 INFO Epoch 009 | Train Loss: 0.6860 | Val Loss: 0.6550 | Dice: 0.4701 | softDice: 0.4437 | clDice: 0.5314 | softclDice: 0.4851 | IoU: 0.3075 | Tversky: 0.4701 | Hausdorff: 204.8452 | HD95: 52.9366 | val_loss: 0.6550 | LR: 0.001000
2025-08-21 08:18:14 INFO Epoch 010 | Train Loss: 0.6786 | Val Loss: 0.6565 | Dice: 0.4674 | softDice: 0.4405 | clDice: 0.5239 | softclDice: 0.4933 | IoU: 0.3054 | Tversky: 0.4674 | Hausdorff: 222.8654 | HD95: 49.0194 | val_loss: 0.6565 | LR: 0.001000
2025-08-21 08:19:56 INFO Epoch 011 | Train Loss: 0.6756 | Val Loss: 0.6468 | Dice: 0.4742 | softDice: 0.4465 | clDice: 0.5315 | softclDice: 0.4848 | IoU: 0.3112 | Tversky: 0.4742 | Hausdorff: 203.4966 | HD95: 48.6846 | val_loss: 0.6468 | LR: 0.001000
2025-08-21 08:21:41 INFO Epoch 012 | Train Loss: 0.6817 | Val Loss: 0.6513 | Dice: 0.4814 | softDice: 0.4533 | clDice: 0.5516 | softclDice: 0.4673 | IoU: 0.3173 | Tversky: 0.4814 | Hausdorff: 270.6585 | HD95: 39.0381 | val_loss: 0.6513 | LR: 0.001000
2025-08-21 08:23:30 INFO Epoch 013 | Train Loss: 0.6700 | Val Loss: 0.6428 | Dice: 0.4713 | softDice: 0.4467 | clDice: 0.5279 | softclDice: 0.4882 | IoU: 0.3086 | Tversky: 0.4713 | Hausdorff: 221.6972 | HD95: 56.0993 | val_loss: 0.6428 | LR: 0.001000
2025-08-21 08:25:14 INFO Epoch 014 | Train Loss: 0.6749 | Val Loss: 0.6687 | Dice: 0.4608 | softDice: 0.4387 | clDice: 0.5188 | softclDice: 0.4943 | IoU: 0.2997 | Tversky: 0.4608 | Hausdorff: 243.0750 | HD95: 46.9230 | val_loss: 0.6687 | LR: 0.001000
2025-08-21 08:27:02 INFO Epoch 015 | Train Loss: 0.6761 | Val Loss: 0.6515 | Dice: 0.4680 | softDice: 0.4409 | clDice: 0.5208 | softclDice: 0.4980 | IoU: 0.3058 | Tversky: 0.4680 | Hausdorff: 203.3781 | HD95: 43.3735 | val_loss: 0.6515 | LR: 0.001000
2025-08-21 08:28:46 INFO Epoch 016 | Train Loss: 0.6665 | Val Loss: 0.6416 | Dice: 0.4765 | softDice: 0.4533 | clDice: 0.5380 | softclDice: 0.4749 | IoU: 0.3130 | Tversky: 0.4765 | Hausdorff: 234.9888 | HD95: 48.1113 | val_loss: 0.6416 | LR: 0.001000
2025-08-21 08:30:33 INFO Epoch 017 | Train Loss: 0.6708 | Val Loss: 0.6531 | Dice: 0.4711 | softDice: 0.4444 | clDice: 0.5260 | softclDice: 0.4886 | IoU: 0.3084 | Tversky: 0.4711 | Hausdorff: 214.3020 | HD95: 42.4288 | val_loss: 0.6531 | LR: 0.001000
2025-08-21 08:32:20 INFO Epoch 018 | Train Loss: 0.6658 | Val Loss: 0.6506 | Dice: 0.4710 | softDice: 0.4444 | clDice: 0.5276 | softclDice: 0.4887 | IoU: 0.3085 | Tversky: 0.4710 | Hausdorff: 216.3967 | HD95: 46.6033 | val_loss: 0.6506 | LR: 0.001000
2025-08-21 08:34:03 INFO Epoch 019 | Train Loss: 0.6690 | Val Loss: 0.6431 | Dice: 0.4829 | softDice: 0.4550 | clDice: 0.5497 | softclDice: 0.4674 | IoU: 0.3186 | Tversky: 0.4829 | Hausdorff: 213.9238 | HD95: 42.2381 | val_loss: 0.6431 | LR: 0.001000
2025-08-21 08:35:52 INFO Epoch 020 | Train Loss: 0.6674 | Val Loss: 0.6484 | Dice: 0.4770 | softDice: 0.4489 | clDice: 0.5419 | softclDice: 0.4755 | IoU: 0.3135 | Tversky: 0.4770 | Hausdorff: 199.5287 | HD95: 41.1678 | val_loss: 0.6484 | LR: 0.001000
2025-08-21 08:37:36 INFO Epoch 021 | Train Loss: 0.6619 | Val Loss: 0.6425 | Dice: 0.4739 | softDice: 0.4509 | clDice: 0.5289 | softclDice: 0.4858 | IoU: 0.3109 | Tversky: 0.4739 | Hausdorff: 214.7724 | HD95: 49.6426 | val_loss: 0.6425 | LR: 0.001000
2025-08-21 08:39:21 INFO Epoch 022 | Train Loss: 0.6651 | Val Loss: 0.6502 | Dice: 0.4799 | softDice: 0.4470 | clDice: 0.5394 | softclDice: 0.4851 | IoU: 0.3161 | Tversky: 0.4799 | Hausdorff: 206.7230 | HD95: 40.7779 | val_loss: 0.6502 | LR: 0.000500
2025-08-21 08:41:11 INFO Epoch 023 | Train Loss: 0.6596 | Val Loss: 0.6367 | Dice: 0.4825 | softDice: 0.4549 | clDice: 0.5407 | softclDice: 0.4787 | IoU: 0.3183 | Tversky: 0.4825 | Hausdorff: 205.2711 | HD95: 43.7403 | val_loss: 0.6367 | LR: 0.000500
2025-08-21 08:42:54 INFO Epoch 024 | Train Loss: 0.6572 | Val Loss: 0.6325 | Dice: 0.4812 | softDice: 0.4554 | clDice: 0.5378 | softclDice: 0.4784 | IoU: 0.3171 | Tversky: 0.4812 | Hausdorff: 217.7421 | HD95: 45.9412 | val_loss: 0.6325 | LR: 0.000500
2025-08-21 08:44:42 INFO Epoch 025 | Train Loss: 0.6590 | Val Loss: 0.6373 | Dice: 0.4860 | softDice: 0.4606 | clDice: 0.5474 | softclDice: 0.4672 | IoU: 0.3214 | Tversky: 0.4860 | Hausdorff: 200.8482 | HD95: 34.5030 | val_loss: 0.6373 | LR: 0.000500
2025-08-21 08:46:25 INFO Epoch 026 | Train Loss: 0.6530 | Val Loss: 0.6351 | Dice: 0.4830 | softDice: 0.4575 | clDice: 0.5459 | softclDice: 0.4693 | IoU: 0.3187 | Tversky: 0.4830 | Hausdorff: 208.2582 | HD95: 36.0261 | val_loss: 0.6351 | LR: 0.000500
2025-08-21 08:48:13 INFO Epoch 027 | Train Loss: 0.6534 | Val Loss: 0.6273 | Dice: 0.4877 | softDice: 0.4635 | clDice: 0.5479 | softclDice: 0.4665 | IoU: 0.3228 | Tversky: 0.4877 | Hausdorff: 197.5417 | HD95: 40.7805 | val_loss: 0.6273 | LR: 0.000500
2025-08-21 08:50:01 INFO Epoch 028 | Train Loss: 0.6526 | Val Loss: 0.6320 | Dice: 0.4762 | softDice: 0.4547 | clDice: 0.5302 | softclDice: 0.4835 | IoU: 0.3129 | Tversky: 0.4762 | Hausdorff: 220.3678 | HD95: 56.3658 | val_loss: 0.6320 | LR: 0.000500
2025-08-21 08:51:44 INFO Epoch 029 | Train Loss: 0.6481 | Val Loss: 0.6364 | Dice: 0.4882 | softDice: 0.4607 | clDice: 0.5563 | softclDice: 0.4611 | IoU: 0.3232 | Tversky: 0.4882 | Hausdorff: 197.1697 | HD95: 36.8896 | val_loss: 0.6364 | LR: 0.000500
2025-08-21 08:53:33 INFO Epoch 030 | Train Loss: 0.6569 | Val Loss: 0.6369 | Dice: 0.4836 | softDice: 0.4570 | clDice: 0.5454 | softclDice: 0.4713 | IoU: 0.3192 | Tversky: 0.4836 | Hausdorff: 204.0486 | HD95: 37.4420 | val_loss: 0.6369 | LR: 0.000500
2025-08-21 08:55:15 INFO Epoch 031 | Train Loss: 0.6534 | Val Loss: 0.6302 | Dice: 0.4871 | softDice: 0.4626 | clDice: 0.5501 | softclDice: 0.4643 | IoU: 0.3223 | Tversky: 0.4871 | Hausdorff: 212.5845 | HD95: 42.6808 | val_loss: 0.6302 | LR: 0.000500
2025-08-21 08:56:59 INFO Epoch 032 | Train Loss: 0.6507 | Val Loss: 0.6309 | Dice: 0.4849 | softDice: 0.4599 | clDice: 0.5442 | softclDice: 0.4697 | IoU: 0.3204 | Tversky: 0.4849 | Hausdorff: 214.3437 | HD95: 43.6808 | val_loss: 0.6309 | LR: 0.000500
2025-08-21 08:58:46 INFO Epoch 033 | Train Loss: 0.6493 | Val Loss: 0.6339 | Dice: 0.4837 | softDice: 0.4587 | clDice: 0.5422 | softclDice: 0.4716 | IoU: 0.3194 | Tversky: 0.4837 | Hausdorff: 202.7713 | HD95: 44.6620 | val_loss: 0.6339 | LR: 0.000250
2025-08-21 09:00:30 INFO Epoch 034 | Train Loss: 0.6474 | Val Loss: 0.6311 | Dice: 0.4847 | softDice: 0.4591 | clDice: 0.5429 | softclDice: 0.4705 | IoU: 0.3202 | Tversky: 0.4847 | Hausdorff: 203.2738 | HD95: 39.7792 | val_loss: 0.6311 | LR: 0.000250
2025-08-21 09:02:18 INFO Epoch 035 | Train Loss: 0.6428 | Val Loss: 0.6285 | Dice: 0.4892 | softDice: 0.4623 | clDice: 0.5487 | softclDice: 0.4673 | IoU: 0.3241 | Tversky: 0.4892 | Hausdorff: 207.4015 | HD95: 40.5672 | val_loss: 0.6285 | LR: 0.000250
2025-08-21 09:04:00 INFO Epoch 036 | Train Loss: 0.6461 | Val Loss: 0.6278 | Dice: 0.4885 | softDice: 0.4640 | clDice: 0.5483 | softclDice: 0.4669 | IoU: 0.3236 | Tversky: 0.4885 | Hausdorff: 208.7179 | HD95: 38.2214 | val_loss: 0.6278 | LR: 0.000250
2025-08-21 09:05:46 INFO Epoch 037 | Train Loss: 0.6422 | Val Loss: 0.6287 | Dice: 0.4877 | softDice: 0.4625 | clDice: 0.5450 | softclDice: 0.4690 | IoU: 0.3229 | Tversky: 0.4877 | Hausdorff: 198.4113 | HD95: 38.5244 | val_loss: 0.6287 | LR: 0.000250
2025-08-21 09:07:33 INFO Epoch 038 | Train Loss: 0.6395 | Val Loss: 0.6330 | Dice: 0.4838 | softDice: 0.4604 | clDice: 0.5385 | softclDice: 0.4733 | IoU: 0.3194 | Tversky: 0.4838 | Hausdorff: 223.7635 | HD95: 35.9635 | val_loss: 0.6330 | LR: 0.000250
2025-08-21 09:09:16 INFO Epoch 039 | Train Loss: 0.6477 | Val Loss: 0.6315 | Dice: 0.4830 | softDice: 0.4592 | clDice: 0.5386 | softclDice: 0.4738 | IoU: 0.3188 | Tversky: 0.4830 | Hausdorff: 218.4611 | HD95: 41.3382 | val_loss: 0.6315 | LR: 0.000125
2025-08-21 09:11:06 INFO Epoch 040 | Train Loss: 0.6398 | Val Loss: 0.6289 | Dice: 0.4870 | softDice: 0.4628 | clDice: 0.5448 | softclDice: 0.4679 | IoU: 0.3222 | Tversky: 0.4870 | Hausdorff: 216.1210 | HD95: 39.9232 | val_loss: 0.6289 | LR: 0.000125
2025-08-21 09:12:49 INFO Epoch 041 | Train Loss: 0.6414 | Val Loss: 0.6255 | Dice: 0.4882 | softDice: 0.4643 | clDice: 0.5446 | softclDice: 0.4679 | IoU: 0.3233 | Tversky: 0.4882 | Hausdorff: 216.9805 | HD95: 38.0091 | val_loss: 0.6255 | LR: 0.000125
2025-08-21 09:14:33 INFO Epoch 042 | Train Loss: 0.6351 | Val Loss: 0.6291 | Dice: 0.4869 | softDice: 0.4638 | clDice: 0.5445 | softclDice: 0.4667 | IoU: 0.3221 | Tversky: 0.4869 | Hausdorff: 209.9016 | HD95: 38.9313 | val_loss: 0.6291 | LR: 0.000125
2025-08-21 09:16:21 INFO Epoch 043 | Train Loss: 0.6405 | Val Loss: 0.6236 | Dice: 0.4914 | softDice: 0.4681 | clDice: 0.5500 | softclDice: 0.4636 | IoU: 0.3261 | Tversky: 0.4914 | Hausdorff: 212.5593 | HD95: 36.2203 | val_loss: 0.6236 | LR: 0.000125
2025-08-21 09:18:06 INFO Epoch 044 | Train Loss: 0.6380 | Val Loss: 0.6280 | Dice: 0.4879 | softDice: 0.4637 | clDice: 0.5457 | softclDice: 0.4673 | IoU: 0.3231 | Tversky: 0.4879 | Hausdorff: 212.2386 | HD95: 37.2238 | val_loss: 0.6280 | LR: 0.000125
2025-08-21 09:19:54 INFO Epoch 045 | Train Loss: 0.6374 | Val Loss: 0.6280 | Dice: 0.4882 | softDice: 0.4640 | clDice: 0.5480 | softclDice: 0.4658 | IoU: 0.3234 | Tversky: 0.4882 | Hausdorff: 214.9735 | HD95: 36.8582 | val_loss: 0.6280 | LR: 0.000125
2025-08-21 09:21:37 INFO Epoch 046 | Train Loss: 0.6369 | Val Loss: 0.6305 | Dice: 0.4856 | softDice: 0.4616 | clDice: 0.5437 | softclDice: 0.4699 | IoU: 0.3210 | Tversky: 0.4856 | Hausdorff: 222.1120 | HD95: 36.4662 | val_loss: 0.6305 | LR: 0.000125
2025-08-21 09:23:22 INFO Epoch 047 | Train Loss: 0.6393 | Val Loss: 0.6284 | Dice: 0.4878 | softDice: 0.4628 | clDice: 0.5460 | softclDice: 0.4676 | IoU: 0.3230 | Tversky: 0.4878 | Hausdorff: 192.2287 | HD95: 35.8848 | val_loss: 0.6284 | LR: 0.000125
2025-08-21 09:25:11 INFO Epoch 048 | Train Loss: 0.6370 | Val Loss: 0.6305 | Dice: 0.4856 | softDice: 0.4627 | clDice: 0.5438 | softclDice: 0.4682 | IoU: 0.3210 | Tversky: 0.4856 | Hausdorff: 213.3661 | HD95: 38.0076 | val_loss: 0.6305 | LR: 0.000125
2025-08-21 09:26:55 INFO Epoch 049 | Train Loss: 0.6420 | Val Loss: 0.6273 | Dice: 0.4882 | softDice: 0.4627 | clDice: 0.5473 | softclDice: 0.4681 | IoU: 0.3233 | Tversky: 0.4882 | Hausdorff: 215.2719 | HD95: 38.3521 | val_loss: 0.6273 | LR: 0.000063
2025-08-21 09:28:44 INFO Epoch 050 | Train Loss: 0.6378 | Val Loss: 0.6258 | Dice: 0.4892 | softDice: 0.4652 | clDice: 0.5491 | softclDice: 0.4640 | IoU: 0.3242 | Tversky: 0.4892 | Hausdorff: 226.6019 | HD95: 37.7230 | val_loss: 0.6258 | LR: 0.000063
2025-08-21 09:30:26 INFO Epoch 051 | Train Loss: 0.6339 | Val Loss: 0.6273 | Dice: 0.4894 | softDice: 0.4651 | clDice: 0.5476 | softclDice: 0.4660 | IoU: 0.3244 | Tversky: 0.4894 | Hausdorff: 196.2399 | HD95: 34.7005 | val_loss: 0.6273 | LR: 0.000063
2025-08-21 09:32:11 INFO Epoch 052 | Train Loss: 0.6300 | Val Loss: 0.6277 | Dice: 0.4874 | softDice: 0.4642 | clDice: 0.5439 | softclDice: 0.4696 | IoU: 0.3226 | Tversky: 0.4874 | Hausdorff: 206.0745 | HD95: 36.9877 | val_loss: 0.6277 | LR: 0.000063
2025-08-21 09:34:01 INFO Epoch 053 | Train Loss: 0.6327 | Val Loss: 0.6289 | Dice: 0.4878 | softDice: 0.4640 | clDice: 0.5482 | softclDice: 0.4654 | IoU: 0.3229 | Tversky: 0.4878 | Hausdorff: 207.1520 | HD95: 38.0414 | val_loss: 0.6289 | LR: 0.000063
2025-08-21 09:35:45 INFO Epoch 054 | Train Loss: 0.6336 | Val Loss: 0.6266 | Dice: 0.4888 | softDice: 0.4653 | clDice: 0.5482 | softclDice: 0.4660 | IoU: 0.3238 | Tversky: 0.4888 | Hausdorff: 207.3934 | HD95: 38.1341 | val_loss: 0.6266 | LR: 0.000063
2025-08-21 09:37:33 INFO Epoch 055 | Train Loss: 0.6357 | Val Loss: 0.6278 | Dice: 0.4874 | softDice: 0.4632 | clDice: 0.5453 | softclDice: 0.4692 | IoU: 0.3226 | Tversky: 0.4874 | Hausdorff: 211.2573 | HD95: 37.1846 | val_loss: 0.6278 | LR: 0.000031
2025-08-21 09:39:16 INFO Epoch 056 | Train Loss: 0.6324 | Val Loss: 0.6300 | Dice: 0.4868 | softDice: 0.4631 | clDice: 0.5453 | softclDice: 0.4679 | IoU: 0.3221 | Tversky: 0.4868 | Hausdorff: 206.7088 | HD95: 36.7661 | val_loss: 0.6300 | LR: 0.000031
2025-08-21 09:41:01 INFO Epoch 057 | Train Loss: 0.6269 | Val Loss: 0.6284 | Dice: 0.4872 | softDice: 0.4645 | clDice: 0.5448 | softclDice: 0.4679 | IoU: 0.3224 | Tversky: 0.4872 | Hausdorff: 211.4409 | HD95: 38.4350 | val_loss: 0.6284 | LR: 0.000031
2025-08-21 09:42:51 INFO Epoch 058 | Train Loss: 0.6346 | Val Loss: 0.6300 | Dice: 0.4867 | softDice: 0.4629 | clDice: 0.5445 | softclDice: 0.4689 | IoU: 0.3219 | Tversky: 0.4867 | Hausdorff: 206.2968 | HD95: 37.1244 | val_loss: 0.6300 | LR: 0.000031
2025-08-21 09:44:34 INFO Epoch 059 | Train Loss: 0.6286 | Val Loss: 0.6286 | Dice: 0.4868 | softDice: 0.4637 | clDice: 0.5427 | softclDice: 0.4700 | IoU: 0.3221 | Tversky: 0.4868 | Hausdorff: 205.1636 | HD95: 37.4868 | val_loss: 0.6286 | LR: 0.000031
2025-08-21 09:46:21 INFO Epoch 060 | Train Loss: 0.6362 | Val Loss: 0.6311 | Dice: 0.4842 | softDice: 0.4600 | clDice: 0.5400 | softclDice: 0.4738 | IoU: 0.3198 | Tversky: 0.4842 | Hausdorff: 212.0728 | HD95: 38.6212 | val_loss: 0.6311 | LR: 0.000031
2025-08-21 09:48:04 INFO Epoch 061 | Train Loss: 0.6314 | Val Loss: 0.6293 | Dice: 0.4853 | softDice: 0.4619 | clDice: 0.5415 | softclDice: 0.4720 | IoU: 0.3208 | Tversky: 0.4853 | Hausdorff: 211.6963 | HD95: 38.8414 | val_loss: 0.6293 | LR: 0.000016
2025-08-21 09:49:50 INFO Early stopping at epoch 62 | Best Dice: 0.4914 at epoch 1
2025-08-21 09:50:38 INFO Fold 5 results: Dice: 0.4882 | softDice: 0.4607 | clDice: 0.5563 | softclDice: 0.4611 | IoU: 0.3232 | Tversky: 0.4882 | Hausdorff: 197.1697 | HD95: 36.8896 | val_loss: 0.6364
2025-08-21 09:50:38 INFO ===== Cross-validation results =====
2025-08-21 09:50:38 INFO Dice: 0.4881 | softDice: 0.4601 | clDice: 0.5535 | softclDice: 0.4661 | IoU: 0.3232 | Tversky: 0.4881 | Hausdorff: 240.2964 | HD95: 35.5404 | val_loss: 0.6418
