2025-08-21 01:27:19 INFO Starting training with configuration: {'model': {'name': 'unet', 'encoder_name': 'se_resnext50_32x4d', 'encoder_weights': 'imagenet', 'classes': 1, 'activation': None, 'dropout': 0.2}, 'dataset': {'root': '/data/smadper@alumno.upv.es/TFM/datasets/laticifers', 'patch_size': [512, 512], 'stride': [256, 256], 'num_patches': 50, 'num_workers': 4, 'feature_dirs': {'image': '/data/smadper@alumno.upv.es/TFM/datasets/laticifers/enhanced_images', 'mask': '/data/smadper@alumno.upv.es/TFM/datasets/laticifers/masks', 'distance': '/data/smadper@alumno.upv.es/TFM/datasets/laticifers/distance_maps_pt'}}, 'train': {'batch_size': 32, 'num_epochs': 70, 'learning_rate': 0.001, 'accumulation_steps': 1, 'save_dir': '/data/smadper@alumno.upv.es/TFM/checkpoints_cv2/unet/20250821_012719_unet_se_resnext50_32x4d_wbce0.5_ftversky0.5_a0.3_b0.7_g0.75', 'log_interval': 1, 'patience': 20, 'mixed_precision': True, 'experiment_name': 'unet_se_resnext50_32x4d_wbce0.5_ftversky0.5_a0.3_b0.7_g0.75', 'timestamp': '20250821_012719'}, 'test': {'batch_size': 1}, 'loss': {'name': 'bce', 'cldice_alpha': 0.2, 'tversky_alpha': 0.3, 'tversky_beta': 0.7, 'focal_tversky_gamma': 0.75, 'use_topographic': True, 'combine_with': 'focal_tversky', 'weights': {'main': 0.5, 'combined': 0.5}, 'topo': {'alpha': 2.0, 'beta': 1.0}}}
2025-08-21 01:27:19 INFO Experiment name: unet_se_resnext50_32x4d_wbce0.5_ftversky0.5_a0.3_b0.7_g0.75
2025-08-21 01:27:19 INFO ===== Fold 1 / 5 =====
2025-08-21 01:27:19 INFO Loading model unet with settings {'name': 'unet', 'encoder_name': 'se_resnext50_32x4d', 'encoder_weights': 'imagenet', 'classes': 1, 'activation': None, 'dropout': 0.2}
2025-08-21 01:29:20 INFO Epoch 001 | Train Loss: 1.1347 | Val Loss: 1.0498 | Dice: 0.4215 | softDice: 0.2855 | clDice: 0.4918 | softclDice: 0.7165 | IoU: 0.2670 | Tversky: 0.4215 | Hausdorff: 427.0906 | HD95: 75.5129 | val_loss: 1.0498 | LR: 0.001000
2025-08-21 01:31:16 INFO Epoch 002 | Train Loss: 0.9808 | Val Loss: 0.9808 | Dice: 0.4520 | softDice: 0.3864 | clDice: 0.5227 | softclDice: 0.5765 | IoU: 0.2921 | Tversky: 0.4520 | Hausdorff: 238.4302 | HD95: 55.0435 | val_loss: 0.9808 | LR: 0.001000
2025-08-21 01:33:12 INFO Epoch 003 | Train Loss: 0.9524 | Val Loss: 0.9685 | Dice: 0.4349 | softDice: 0.4059 | clDice: 0.5204 | softclDice: 0.5828 | IoU: 0.2780 | Tversky: 0.4349 | Hausdorff: 345.3385 | HD95: 55.7556 | val_loss: 0.9685 | LR: 0.001000
2025-08-21 01:35:19 INFO Epoch 004 | Train Loss: 0.9454 | Val Loss: 0.9526 | Dice: 0.4566 | softDice: 0.4376 | clDice: 0.5347 | softclDice: 0.5017 | IoU: 0.2960 | Tversky: 0.4566 | Hausdorff: 408.2884 | HD95: 49.7535 | val_loss: 0.9526 | LR: 0.001000
2025-08-21 01:37:24 INFO Epoch 005 | Train Loss: 0.9409 | Val Loss: 0.9624 | Dice: 0.4378 | softDice: 0.4249 | clDice: 0.5234 | softclDice: 0.5486 | IoU: 0.2804 | Tversky: 0.4378 | Hausdorff: 627.5987 | HD95: 64.2838 | val_loss: 0.9624 | LR: 0.001000
2025-08-21 01:39:31 INFO Epoch 006 | Train Loss: 0.9320 | Val Loss: 0.9472 | Dice: 0.4622 | softDice: 0.4504 | clDice: 0.5302 | softclDice: 0.4884 | IoU: 0.3007 | Tversky: 0.4622 | Hausdorff: 349.1044 | HD95: 50.2338 | val_loss: 0.9472 | LR: 0.001000
2025-08-21 01:41:32 INFO Epoch 007 | Train Loss: 0.9336 | Val Loss: 0.9472 | Dice: 0.4586 | softDice: 0.4489 | clDice: 0.5391 | softclDice: 0.4825 | IoU: 0.2977 | Tversky: 0.4586 | Hausdorff: 280.4785 | HD95: 46.7012 | val_loss: 0.9472 | LR: 0.001000
2025-08-21 01:43:38 INFO Epoch 008 | Train Loss: 0.9375 | Val Loss: 0.9505 | Dice: 0.4448 | softDice: 0.4372 | clDice: 0.5308 | softclDice: 0.4993 | IoU: 0.2861 | Tversky: 0.4448 | Hausdorff: 421.8772 | HD95: 58.7458 | val_loss: 0.9505 | LR: 0.001000
2025-08-21 01:45:52 INFO Epoch 009 | Train Loss: 0.9296 | Val Loss: 0.9731 | Dice: 0.4076 | softDice: 0.3999 | clDice: 0.4575 | softclDice: 0.5666 | IoU: 0.2561 | Tversky: 0.4076 | Hausdorff: 562.9695 | HD95: 93.9614 | val_loss: 0.9731 | LR: 0.001000
2025-08-21 01:48:02 INFO Epoch 010 | Train Loss: 0.9261 | Val Loss: 0.9456 | Dice: 0.4631 | softDice: 0.4557 | clDice: 0.5344 | softclDice: 0.4774 | IoU: 0.3016 | Tversky: 0.4631 | Hausdorff: 235.7335 | HD95: 47.0684 | val_loss: 0.9456 | LR: 0.001000
2025-08-21 01:50:08 INFO Epoch 011 | Train Loss: 0.9308 | Val Loss: 0.9440 | Dice: 0.4584 | softDice: 0.4516 | clDice: 0.5360 | softclDice: 0.4790 | IoU: 0.2976 | Tversky: 0.4584 | Hausdorff: 237.6301 | HD95: 43.2788 | val_loss: 0.9440 | LR: 0.001000
2025-08-21 01:52:13 INFO Epoch 012 | Train Loss: 0.9222 | Val Loss: 0.9449 | Dice: 0.4609 | softDice: 0.4549 | clDice: 0.5224 | softclDice: 0.4864 | IoU: 0.2997 | Tversky: 0.4609 | Hausdorff: 245.3720 | HD95: 43.5910 | val_loss: 0.9449 | LR: 0.001000
2025-08-21 01:54:08 INFO Epoch 013 | Train Loss: 0.9279 | Val Loss: 0.9487 | Dice: 0.4539 | softDice: 0.4476 | clDice: 0.5200 | softclDice: 0.4914 | IoU: 0.2940 | Tversky: 0.4539 | Hausdorff: 430.7696 | HD95: 52.1214 | val_loss: 0.9487 | LR: 0.001000
2025-08-21 01:56:17 INFO Epoch 014 | Train Loss: 0.9232 | Val Loss: 0.9444 | Dice: 0.4557 | softDice: 0.4509 | clDice: 0.5358 | softclDice: 0.4754 | IoU: 0.2954 | Tversky: 0.4557 | Hausdorff: 245.8333 | HD95: 43.4950 | val_loss: 0.9444 | LR: 0.001000
2025-08-21 01:58:21 INFO Epoch 015 | Train Loss: 0.9258 | Val Loss: 0.9403 | Dice: 0.4695 | softDice: 0.4633 | clDice: 0.5407 | softclDice: 0.4646 | IoU: 0.3070 | Tversky: 0.4695 | Hausdorff: 275.0265 | HD95: 46.4762 | val_loss: 0.9403 | LR: 0.001000
2025-08-21 02:00:37 INFO Epoch 016 | Train Loss: 0.9243 | Val Loss: 0.9443 | Dice: 0.4624 | softDice: 0.4570 | clDice: 0.5350 | softclDice: 0.4730 | IoU: 0.3011 | Tversky: 0.4624 | Hausdorff: 229.8116 | HD95: 45.2283 | val_loss: 0.9443 | LR: 0.001000
2025-08-21 02:02:44 INFO Epoch 017 | Train Loss: 0.9246 | Val Loss: 0.9448 | Dice: 0.4639 | softDice: 0.4585 | clDice: 0.5274 | softclDice: 0.4840 | IoU: 0.3023 | Tversky: 0.4639 | Hausdorff: 386.5522 | HD95: 43.2707 | val_loss: 0.9448 | LR: 0.001000
2025-08-21 02:04:54 INFO Epoch 018 | Train Loss: 0.9199 | Val Loss: 0.9392 | Dice: 0.4669 | softDice: 0.4626 | clDice: 0.5449 | softclDice: 0.4592 | IoU: 0.3047 | Tversky: 0.4669 | Hausdorff: 399.2793 | HD95: 46.0028 | val_loss: 0.9392 | LR: 0.001000
2025-08-21 02:07:06 INFO Epoch 019 | Train Loss: 0.9229 | Val Loss: 0.9390 | Dice: 0.4711 | softDice: 0.4667 | clDice: 0.5467 | softclDice: 0.4593 | IoU: 0.3084 | Tversky: 0.4711 | Hausdorff: 234.7601 | HD95: 43.7103 | val_loss: 0.9390 | LR: 0.001000
2025-08-21 02:09:09 INFO Epoch 020 | Train Loss: 0.9203 | Val Loss: 0.9358 | Dice: 0.4750 | softDice: 0.4704 | clDice: 0.5468 | softclDice: 0.4579 | IoU: 0.3117 | Tversky: 0.4750 | Hausdorff: 389.8540 | HD95: 44.6561 | val_loss: 0.9358 | LR: 0.001000
2025-08-21 02:11:28 INFO Epoch 021 | Train Loss: 0.9242 | Val Loss: 0.9369 | Dice: 0.4713 | softDice: 0.4668 | clDice: 0.5510 | softclDice: 0.4558 | IoU: 0.3085 | Tversky: 0.4713 | Hausdorff: 240.7250 | HD95: 40.8456 | val_loss: 0.9369 | LR: 0.001000
2025-08-21 02:13:40 INFO Epoch 022 | Train Loss: 0.9276 | Val Loss: 0.9388 | Dice: 0.4704 | softDice: 0.4654 | clDice: 0.5442 | softclDice: 0.4637 | IoU: 0.3078 | Tversky: 0.4704 | Hausdorff: 407.3990 | HD95: 44.5075 | val_loss: 0.9388 | LR: 0.001000
2025-08-21 02:15:49 INFO Epoch 023 | Train Loss: 0.9191 | Val Loss: 0.9389 | Dice: 0.4680 | softDice: 0.4639 | clDice: 0.5408 | softclDice: 0.4645 | IoU: 0.3058 | Tversky: 0.4680 | Hausdorff: 238.1368 | HD95: 42.1172 | val_loss: 0.9389 | LR: 0.001000
2025-08-21 02:18:04 INFO Epoch 024 | Train Loss: 0.9224 | Val Loss: 0.9385 | Dice: 0.4667 | softDice: 0.4627 | clDice: 0.5457 | softclDice: 0.4633 | IoU: 0.3047 | Tversky: 0.4667 | Hausdorff: 244.9079 | HD95: 46.6184 | val_loss: 0.9385 | LR: 0.001000
2025-08-21 02:20:12 INFO Epoch 025 | Train Loss: 0.9226 | Val Loss: 0.9493 | Dice: 0.4470 | softDice: 0.4435 | clDice: 0.5086 | softclDice: 0.5041 | IoU: 0.2881 | Tversky: 0.4470 | Hausdorff: 388.5318 | HD95: 51.6530 | val_loss: 0.9493 | LR: 0.001000
2025-08-21 02:22:37 INFO Epoch 026 | Train Loss: 0.9238 | Val Loss: 0.9393 | Dice: 0.4649 | softDice: 0.4612 | clDice: 0.5398 | softclDice: 0.4633 | IoU: 0.3031 | Tversky: 0.4649 | Hausdorff: 269.3002 | HD95: 45.4150 | val_loss: 0.9393 | LR: 0.000500
2025-08-21 02:24:53 INFO Epoch 027 | Train Loss: 0.9189 | Val Loss: 0.9355 | Dice: 0.4716 | softDice: 0.4684 | clDice: 0.5457 | softclDice: 0.4624 | IoU: 0.3088 | Tversky: 0.4716 | Hausdorff: 253.7486 | HD95: 39.5400 | val_loss: 0.9355 | LR: 0.000500
2025-08-21 02:27:05 INFO Epoch 028 | Train Loss: 0.9161 | Val Loss: 0.9365 | Dice: 0.4710 | softDice: 0.4662 | clDice: 0.5504 | softclDice: 0.4556 | IoU: 0.3084 | Tversky: 0.4710 | Hausdorff: 241.6467 | HD95: 39.4595 | val_loss: 0.9365 | LR: 0.000500
2025-08-21 02:29:14 INFO Epoch 029 | Train Loss: 0.9176 | Val Loss: 0.9362 | Dice: 0.4738 | softDice: 0.4696 | clDice: 0.5411 | softclDice: 0.4632 | IoU: 0.3106 | Tversky: 0.4738 | Hausdorff: 403.4676 | HD95: 42.0129 | val_loss: 0.9362 | LR: 0.000500
2025-08-21 02:31:15 INFO Epoch 030 | Train Loss: 0.9154 | Val Loss: 0.9350 | Dice: 0.4742 | softDice: 0.4700 | clDice: 0.5486 | softclDice: 0.4594 | IoU: 0.3111 | Tversky: 0.4742 | Hausdorff: 245.6055 | HD95: 36.1711 | val_loss: 0.9350 | LR: 0.000500
2025-08-21 02:33:06 INFO Epoch 031 | Train Loss: 0.9198 | Val Loss: 0.9331 | Dice: 0.4772 | softDice: 0.4734 | clDice: 0.5516 | softclDice: 0.4527 | IoU: 0.3136 | Tversky: 0.4772 | Hausdorff: 394.8690 | HD95: 38.7897 | val_loss: 0.9331 | LR: 0.000500
2025-08-21 02:35:18 INFO Epoch 032 | Train Loss: 0.9142 | Val Loss: 0.9329 | Dice: 0.4827 | softDice: 0.4788 | clDice: 0.5504 | softclDice: 0.4554 | IoU: 0.3184 | Tversky: 0.4827 | Hausdorff: 375.2177 | HD95: 36.2567 | val_loss: 0.9329 | LR: 0.000500
2025-08-21 02:37:27 INFO Early stopping at epoch 33 | Best Dice: 0.4827 at epoch 1
2025-08-21 02:38:20 INFO Fold 1 results: Dice: 0.4772 | softDice: 0.4734 | clDice: 0.5516 | softclDice: 0.4527 | IoU: 0.3136 | Tversky: 0.4772 | Hausdorff: 394.8690 | HD95: 38.7897 | val_loss: 0.9331
2025-08-21 02:38:20 INFO ===== Fold 2 / 5 =====
2025-08-21 02:38:20 INFO Loading model unet with settings {'name': 'unet', 'encoder_name': 'se_resnext50_32x4d', 'encoder_weights': 'imagenet', 'classes': 1, 'activation': None, 'dropout': 0.2}
2025-08-21 02:40:47 INFO Epoch 001 | Train Loss: 1.1563 | Val Loss: 1.0107 | Dice: 0.4268 | softDice: 0.3159 | clDice: 0.5211 | softclDice: 0.7459 | IoU: 0.2715 | Tversky: 0.4268 | Hausdorff: 547.0598 | HD95: 70.9731 | val_loss: 1.0107 | LR: 0.001000
2025-08-21 02:42:54 INFO Epoch 002 | Train Loss: 0.9920 | Val Loss: 0.9579 | Dice: 0.4359 | softDice: 0.3952 | clDice: 0.5180 | softclDice: 0.6011 | IoU: 0.2789 | Tversky: 0.4359 | Hausdorff: 299.3543 | HD95: 44.7500 | val_loss: 0.9579 | LR: 0.001000
2025-08-21 02:45:01 INFO Epoch 003 | Train Loss: 0.9646 | Val Loss: 0.9385 | Dice: 0.4523 | softDice: 0.4318 | clDice: 0.5457 | softclDice: 0.5169 | IoU: 0.2926 | Tversky: 0.4523 | Hausdorff: 301.2012 | HD95: 42.8818 | val_loss: 0.9385 | LR: 0.001000
2025-08-21 02:47:10 INFO Epoch 004 | Train Loss: 0.9497 | Val Loss: 0.9330 | Dice: 0.4660 | softDice: 0.4470 | clDice: 0.5176 | softclDice: 0.5053 | IoU: 0.3041 | Tversky: 0.4660 | Hausdorff: 401.5742 | HD95: 44.8590 | val_loss: 0.9330 | LR: 0.001000
2025-08-21 02:49:30 INFO Epoch 005 | Train Loss: 0.9407 | Val Loss: 0.9281 | Dice: 0.4643 | softDice: 0.4532 | clDice: 0.5343 | softclDice: 0.4820 | IoU: 0.3028 | Tversky: 0.4643 | Hausdorff: 315.7957 | HD95: 38.7944 | val_loss: 0.9281 | LR: 0.001000
2025-08-21 02:51:38 INFO Epoch 006 | Train Loss: 0.9440 | Val Loss: 0.9226 | Dice: 0.4671 | softDice: 0.4587 | clDice: 0.5500 | softclDice: 0.4644 | IoU: 0.3050 | Tversky: 0.4671 | Hausdorff: 307.9484 | HD95: 38.6229 | val_loss: 0.9226 | LR: 0.001000
2025-08-21 02:53:53 INFO Epoch 007 | Train Loss: 0.9417 | Val Loss: 0.9252 | Dice: 0.4722 | softDice: 0.4641 | clDice: 0.5515 | softclDice: 0.4614 | IoU: 0.3094 | Tversky: 0.4722 | Hausdorff: 422.6185 | HD95: 38.1581 | val_loss: 0.9252 | LR: 0.001000
2025-08-21 02:56:01 INFO Epoch 008 | Train Loss: 0.9414 | Val Loss: 0.9225 | Dice: 0.4730 | softDice: 0.4655 | clDice: 0.5354 | softclDice: 0.4740 | IoU: 0.3101 | Tversky: 0.4730 | Hausdorff: 278.0577 | HD95: 40.1997 | val_loss: 0.9225 | LR: 0.001000
2025-08-21 02:58:12 INFO Epoch 009 | Train Loss: 0.9352 | Val Loss: 0.9198 | Dice: 0.4740 | softDice: 0.4680 | clDice: 0.5431 | softclDice: 0.4627 | IoU: 0.3110 | Tversky: 0.4740 | Hausdorff: 296.4119 | HD95: 39.6936 | val_loss: 0.9198 | LR: 0.001000
2025-08-21 03:00:27 INFO Epoch 010 | Train Loss: 0.9395 | Val Loss: 0.9178 | Dice: 0.4735 | softDice: 0.4681 | clDice: 0.5514 | softclDice: 0.4534 | IoU: 0.3104 | Tversky: 0.4735 | Hausdorff: 307.9376 | HD95: 36.0469 | val_loss: 0.9178 | LR: 0.001000
2025-08-21 03:02:40 INFO Epoch 011 | Train Loss: 0.9365 | Val Loss: 0.9175 | Dice: 0.4796 | softDice: 0.4736 | clDice: 0.5541 | softclDice: 0.4456 | IoU: 0.3157 | Tversky: 0.4796 | Hausdorff: 306.3462 | HD95: 38.6673 | val_loss: 0.9175 | LR: 0.001000
2025-08-21 03:04:53 INFO Epoch 012 | Train Loss: 0.9347 | Val Loss: 0.9193 | Dice: 0.4772 | softDice: 0.4720 | clDice: 0.5423 | softclDice: 0.4551 | IoU: 0.3137 | Tversky: 0.4772 | Hausdorff: 290.5342 | HD95: 36.6496 | val_loss: 0.9193 | LR: 0.001000
2025-08-21 03:06:59 INFO Epoch 013 | Train Loss: 0.9357 | Val Loss: 0.9183 | Dice: 0.4762 | softDice: 0.4705 | clDice: 0.5490 | softclDice: 0.4524 | IoU: 0.3128 | Tversky: 0.4762 | Hausdorff: 309.7847 | HD95: 32.2086 | val_loss: 0.9183 | LR: 0.001000
2025-08-21 03:09:02 INFO Epoch 014 | Train Loss: 0.9342 | Val Loss: 0.9171 | Dice: 0.4800 | softDice: 0.4742 | clDice: 0.5512 | softclDice: 0.4502 | IoU: 0.3161 | Tversky: 0.4800 | Hausdorff: 290.9659 | HD95: 40.0963 | val_loss: 0.9171 | LR: 0.001000
2025-08-21 03:11:25 INFO Epoch 015 | Train Loss: 0.9376 | Val Loss: 0.9207 | Dice: 0.4674 | softDice: 0.4631 | clDice: 0.5392 | softclDice: 0.4679 | IoU: 0.3052 | Tversky: 0.4674 | Hausdorff: 296.2415 | HD95: 41.2676 | val_loss: 0.9207 | LR: 0.001000
2025-08-21 03:13:31 INFO Epoch 016 | Train Loss: 0.9297 | Val Loss: 0.9158 | Dice: 0.4816 | softDice: 0.4771 | clDice: 0.5522 | softclDice: 0.4436 | IoU: 0.3175 | Tversky: 0.4816 | Hausdorff: 289.2698 | HD95: 35.5298 | val_loss: 0.9158 | LR: 0.001000
2025-08-21 03:15:46 INFO Epoch 017 | Train Loss: 0.9349 | Val Loss: 0.9175 | Dice: 0.4728 | softDice: 0.4687 | clDice: 0.5400 | softclDice: 0.4634 | IoU: 0.3098 | Tversky: 0.4728 | Hausdorff: 306.2442 | HD95: 42.3361 | val_loss: 0.9175 | LR: 0.001000
2025-08-21 03:17:55 INFO Epoch 018 | Train Loss: 0.9319 | Val Loss: 0.9162 | Dice: 0.4736 | softDice: 0.4693 | clDice: 0.5555 | softclDice: 0.4523 | IoU: 0.3105 | Tversky: 0.4736 | Hausdorff: 274.9203 | HD95: 39.0811 | val_loss: 0.9162 | LR: 0.001000
2025-08-21 03:20:04 INFO Epoch 019 | Train Loss: 0.9358 | Val Loss: 0.9170 | Dice: 0.4830 | softDice: 0.4786 | clDice: 0.5478 | softclDice: 0.4477 | IoU: 0.3187 | Tversky: 0.4830 | Hausdorff: 328.5008 | HD95: 38.9510 | val_loss: 0.9170 | LR: 0.001000
2025-08-21 03:22:09 INFO Epoch 020 | Train Loss: 0.9309 | Val Loss: 0.9146 | Dice: 0.4815 | softDice: 0.4770 | clDice: 0.5492 | softclDice: 0.4505 | IoU: 0.3174 | Tversky: 0.4815 | Hausdorff: 317.7796 | HD95: 31.2938 | val_loss: 0.9146 | LR: 0.001000
2025-08-21 03:24:17 INFO Epoch 021 | Train Loss: 0.9277 | Val Loss: 0.9152 | Dice: 0.4815 | softDice: 0.4771 | clDice: 0.5471 | softclDice: 0.4503 | IoU: 0.3174 | Tversky: 0.4815 | Hausdorff: 282.1933 | HD95: 30.3511 | val_loss: 0.9152 | LR: 0.001000
2025-08-21 03:26:13 INFO Epoch 022 | Train Loss: 0.9344 | Val Loss: 0.9171 | Dice: 0.4724 | softDice: 0.4694 | clDice: 0.5426 | softclDice: 0.4601 | IoU: 0.3095 | Tversky: 0.4724 | Hausdorff: 318.9113 | HD95: 36.8694 | val_loss: 0.9171 | LR: 0.001000
2025-08-21 03:28:18 INFO Epoch 023 | Train Loss: 0.9325 | Val Loss: 0.9165 | Dice: 0.4792 | softDice: 0.4752 | clDice: 0.5503 | softclDice: 0.4516 | IoU: 0.3155 | Tversky: 0.4792 | Hausdorff: 300.4013 | HD95: 35.3689 | val_loss: 0.9165 | LR: 0.001000
2025-08-21 03:30:25 INFO Epoch 024 | Train Loss: 0.9315 | Val Loss: 0.9150 | Dice: 0.4809 | softDice: 0.4767 | clDice: 0.5503 | softclDice: 0.4464 | IoU: 0.3169 | Tversky: 0.4809 | Hausdorff: 266.4424 | HD95: 33.1965 | val_loss: 0.9150 | LR: 0.001000
2025-08-21 03:32:31 INFO Epoch 025 | Train Loss: 0.9269 | Val Loss: 0.9174 | Dice: 0.4720 | softDice: 0.4686 | clDice: 0.5454 | softclDice: 0.4535 | IoU: 0.3092 | Tversky: 0.4720 | Hausdorff: 266.2170 | HD95: 34.5084 | val_loss: 0.9174 | LR: 0.001000
2025-08-21 03:34:41 INFO Epoch 026 | Train Loss: 0.9264 | Val Loss: 0.9111 | Dice: 0.4835 | softDice: 0.4803 | clDice: 0.5593 | softclDice: 0.4402 | IoU: 0.3191 | Tversky: 0.4835 | Hausdorff: 276.3546 | HD95: 30.8262 | val_loss: 0.9111 | LR: 0.001000
2025-08-21 03:37:02 INFO Epoch 027 | Train Loss: 0.9280 | Val Loss: 0.9177 | Dice: 0.4774 | softDice: 0.4740 | clDice: 0.5459 | softclDice: 0.4488 | IoU: 0.3139 | Tversky: 0.4774 | Hausdorff: 290.2925 | HD95: 38.5625 | val_loss: 0.9177 | LR: 0.001000
2025-08-21 03:39:11 INFO Epoch 028 | Train Loss: 0.9290 | Val Loss: 0.9178 | Dice: 0.4754 | softDice: 0.4721 | clDice: 0.5444 | softclDice: 0.4546 | IoU: 0.3121 | Tversky: 0.4754 | Hausdorff: 297.9005 | HD95: 32.7896 | val_loss: 0.9178 | LR: 0.001000
2025-08-21 03:41:30 INFO Epoch 029 | Train Loss: 0.9287 | Val Loss: 0.9139 | Dice: 0.4853 | softDice: 0.4810 | clDice: 0.5516 | softclDice: 0.4449 | IoU: 0.3208 | Tversky: 0.4853 | Hausdorff: 279.1214 | HD95: 36.7975 | val_loss: 0.9139 | LR: 0.001000
2025-08-21 03:43:41 INFO Epoch 030 | Train Loss: 0.9295 | Val Loss: 0.9188 | Dice: 0.4709 | softDice: 0.4679 | clDice: 0.5391 | softclDice: 0.4621 | IoU: 0.3082 | Tversky: 0.4709 | Hausdorff: 313.1084 | HD95: 42.2326 | val_loss: 0.9188 | LR: 0.001000
2025-08-21 03:45:52 INFO Early stopping at epoch 31 | Best Dice: 0.4853 at epoch 1
2025-08-21 03:46:44 INFO Fold 2 results: Dice: 0.4835 | softDice: 0.4803 | clDice: 0.5593 | softclDice: 0.4402 | IoU: 0.3191 | Tversky: 0.4835 | Hausdorff: 276.3546 | HD95: 30.8262 | val_loss: 0.9111
2025-08-21 03:46:44 INFO ===== Fold 3 / 5 =====
2025-08-21 03:46:44 INFO Loading model unet with settings {'name': 'unet', 'encoder_name': 'se_resnext50_32x4d', 'encoder_weights': 'imagenet', 'classes': 1, 'activation': None, 'dropout': 0.2}
2025-08-21 03:48:53 INFO Epoch 001 | Train Loss: 1.0877 | Val Loss: 0.9863 | Dice: 0.4464 | softDice: 0.3647 | clDice: 0.5130 | softclDice: 0.6203 | IoU: 0.2879 | Tversky: 0.4464 | Hausdorff: 364.3299 | HD95: 53.5167 | val_loss: 0.9863 | LR: 0.001000
2025-08-21 03:51:02 INFO Epoch 002 | Train Loss: 0.9657 | Val Loss: 0.9618 | Dice: 0.4376 | softDice: 0.4106 | clDice: 0.4964 | softclDice: 0.5428 | IoU: 0.2811 | Tversky: 0.4376 | Hausdorff: 230.6334 | HD95: 58.3015 | val_loss: 0.9618 | LR: 0.001000
2025-08-21 03:53:09 INFO Epoch 003 | Train Loss: 0.9534 | Val Loss: 0.9465 | Dice: 0.4473 | softDice: 0.4315 | clDice: 0.5176 | softclDice: 0.5188 | IoU: 0.2888 | Tversky: 0.4473 | Hausdorff: 438.2709 | HD95: 52.3579 | val_loss: 0.9465 | LR: 0.001000
2025-08-21 03:55:16 INFO Epoch 004 | Train Loss: 0.9461 | Val Loss: 0.9406 | Dice: 0.4542 | softDice: 0.4408 | clDice: 0.5088 | softclDice: 0.5210 | IoU: 0.2943 | Tversky: 0.4542 | Hausdorff: 253.9174 | HD95: 61.4315 | val_loss: 0.9406 | LR: 0.001000
2025-08-21 03:57:32 INFO Epoch 005 | Train Loss: 0.9450 | Val Loss: 0.9327 | Dice: 0.4618 | softDice: 0.4533 | clDice: 0.5415 | softclDice: 0.4691 | IoU: 0.3007 | Tversky: 0.4618 | Hausdorff: 364.0949 | HD95: 49.7459 | val_loss: 0.9327 | LR: 0.001000
2025-08-21 03:59:44 INFO Epoch 006 | Train Loss: 0.9400 | Val Loss: 0.9277 | Dice: 0.4738 | softDice: 0.4653 | clDice: 0.5475 | softclDice: 0.4618 | IoU: 0.3111 | Tversky: 0.4738 | Hausdorff: 243.6093 | HD95: 41.3429 | val_loss: 0.9277 | LR: 0.001000
2025-08-21 04:01:59 INFO Epoch 007 | Train Loss: 0.9374 | Val Loss: 0.9382 | Dice: 0.4566 | softDice: 0.4495 | clDice: 0.5206 | softclDice: 0.4868 | IoU: 0.2966 | Tversky: 0.4566 | Hausdorff: 249.7804 | HD95: 48.6172 | val_loss: 0.9382 | LR: 0.001000
2025-08-21 04:04:06 INFO Epoch 008 | Train Loss: 0.9349 | Val Loss: 0.9310 | Dice: 0.4685 | softDice: 0.4629 | clDice: 0.5350 | softclDice: 0.4596 | IoU: 0.3067 | Tversky: 0.4685 | Hausdorff: 247.8048 | HD95: 47.9224 | val_loss: 0.9310 | LR: 0.001000
2025-08-21 04:06:27 INFO Epoch 009 | Train Loss: 0.9352 | Val Loss: 0.9334 | Dice: 0.4592 | softDice: 0.4526 | clDice: 0.5391 | softclDice: 0.4806 | IoU: 0.2988 | Tversky: 0.4592 | Hausdorff: 241.3618 | HD95: 48.8152 | val_loss: 0.9334 | LR: 0.001000
2025-08-21 04:08:49 INFO Epoch 010 | Train Loss: 0.9372 | Val Loss: 0.9225 | Dice: 0.4784 | softDice: 0.4730 | clDice: 0.5532 | softclDice: 0.4490 | IoU: 0.3151 | Tversky: 0.4784 | Hausdorff: 332.6355 | HD95: 39.4465 | val_loss: 0.9225 | LR: 0.001000
2025-08-21 04:11:03 INFO Epoch 011 | Train Loss: 0.9321 | Val Loss: 0.9249 | Dice: 0.4768 | softDice: 0.4709 | clDice: 0.5503 | softclDice: 0.4513 | IoU: 0.3137 | Tversky: 0.4768 | Hausdorff: 249.8853 | HD95: 41.0369 | val_loss: 0.9249 | LR: 0.001000
2025-08-21 04:13:16 INFO Epoch 012 | Train Loss: 0.9350 | Val Loss: 0.9281 | Dice: 0.4725 | softDice: 0.4659 | clDice: 0.5455 | softclDice: 0.4566 | IoU: 0.3100 | Tversky: 0.4725 | Hausdorff: 248.5125 | HD95: 38.8227 | val_loss: 0.9281 | LR: 0.001000
2025-08-21 04:15:26 INFO Epoch 013 | Train Loss: 0.9311 | Val Loss: 0.9227 | Dice: 0.4751 | softDice: 0.4688 | clDice: 0.5660 | softclDice: 0.4427 | IoU: 0.3122 | Tversky: 0.4751 | Hausdorff: 258.1872 | HD95: 37.2715 | val_loss: 0.9227 | LR: 0.001000
2025-08-21 04:17:37 INFO Epoch 014 | Train Loss: 0.9246 | Val Loss: 0.9214 | Dice: 0.4816 | softDice: 0.4760 | clDice: 0.5538 | softclDice: 0.4469 | IoU: 0.3178 | Tversky: 0.4816 | Hausdorff: 262.1696 | HD95: 40.3592 | val_loss: 0.9214 | LR: 0.001000
2025-08-21 04:19:37 INFO Epoch 015 | Train Loss: 0.9312 | Val Loss: 0.9222 | Dice: 0.4816 | softDice: 0.4760 | clDice: 0.5631 | softclDice: 0.4360 | IoU: 0.3178 | Tversky: 0.4816 | Hausdorff: 233.5070 | HD95: 37.1706 | val_loss: 0.9222 | LR: 0.001000
2025-08-21 04:21:44 INFO Epoch 016 | Train Loss: 0.9292 | Val Loss: 0.9200 | Dice: 0.4799 | softDice: 0.4755 | clDice: 0.5619 | softclDice: 0.4362 | IoU: 0.3163 | Tversky: 0.4799 | Hausdorff: 254.5017 | HD95: 35.8419 | val_loss: 0.9200 | LR: 0.001000
2025-08-21 04:24:00 INFO Epoch 017 | Train Loss: 0.9303 | Val Loss: 0.9239 | Dice: 0.4746 | softDice: 0.4697 | clDice: 0.5556 | softclDice: 0.4414 | IoU: 0.3117 | Tversky: 0.4746 | Hausdorff: 265.8463 | HD95: 37.7832 | val_loss: 0.9239 | LR: 0.001000
2025-08-21 04:26:11 INFO Epoch 018 | Train Loss: 0.9349 | Val Loss: 0.9192 | Dice: 0.4867 | softDice: 0.4817 | clDice: 0.5668 | softclDice: 0.4285 | IoU: 0.3223 | Tversky: 0.4867 | Hausdorff: 262.9841 | HD95: 33.4404 | val_loss: 0.9192 | LR: 0.001000
2025-08-21 04:28:21 INFO Epoch 019 | Train Loss: 0.9311 | Val Loss: 0.9213 | Dice: 0.4764 | softDice: 0.4720 | clDice: 0.5605 | softclDice: 0.4391 | IoU: 0.3132 | Tversky: 0.4764 | Hausdorff: 231.9018 | HD95: 38.4488 | val_loss: 0.9213 | LR: 0.001000
2025-08-21 04:30:26 INFO Epoch 020 | Train Loss: 0.9245 | Val Loss: 0.9253 | Dice: 0.4711 | softDice: 0.4672 | clDice: 0.5448 | softclDice: 0.4564 | IoU: 0.3087 | Tversky: 0.4711 | Hausdorff: 253.3308 | HD95: 35.9350 | val_loss: 0.9253 | LR: 0.001000
2025-08-21 04:32:28 INFO Epoch 021 | Train Loss: 0.9282 | Val Loss: 0.9206 | Dice: 0.4832 | softDice: 0.4789 | clDice: 0.5608 | softclDice: 0.4333 | IoU: 0.3193 | Tversky: 0.4832 | Hausdorff: 255.7522 | HD95: 39.5083 | val_loss: 0.9206 | LR: 0.001000
2025-08-21 04:34:30 INFO Epoch 022 | Train Loss: 0.9261 | Val Loss: 0.9172 | Dice: 0.4889 | softDice: 0.4838 | clDice: 0.5689 | softclDice: 0.4280 | IoU: 0.3241 | Tversky: 0.4889 | Hausdorff: 249.2750 | HD95: 35.9854 | val_loss: 0.9172 | LR: 0.001000
2025-08-21 04:36:23 INFO Epoch 023 | Train Loss: 0.9291 | Val Loss: 0.9216 | Dice: 0.4806 | softDice: 0.4764 | clDice: 0.5608 | softclDice: 0.4382 | IoU: 0.3169 | Tversky: 0.4806 | Hausdorff: 271.5975 | HD95: 35.8811 | val_loss: 0.9216 | LR: 0.001000
2025-08-21 04:38:25 INFO Epoch 024 | Train Loss: 0.9266 | Val Loss: 0.9216 | Dice: 0.4804 | softDice: 0.4757 | clDice: 0.5537 | softclDice: 0.4415 | IoU: 0.3168 | Tversky: 0.4804 | Hausdorff: 248.3034 | HD95: 38.6262 | val_loss: 0.9216 | LR: 0.001000
2025-08-21 04:40:26 INFO Epoch 025 | Train Loss: 0.9241 | Val Loss: 0.9258 | Dice: 0.4663 | softDice: 0.4629 | clDice: 0.5506 | softclDice: 0.4485 | IoU: 0.3045 | Tversky: 0.4663 | Hausdorff: 298.1232 | HD95: 42.6639 | val_loss: 0.9258 | LR: 0.001000
2025-08-21 04:42:33 INFO Epoch 026 | Train Loss: 0.9280 | Val Loss: 0.9209 | Dice: 0.4757 | softDice: 0.4723 | clDice: 0.5677 | softclDice: 0.4288 | IoU: 0.3125 | Tversky: 0.4757 | Hausdorff: 264.8149 | HD95: 35.1972 | val_loss: 0.9209 | LR: 0.001000
2025-08-21 04:44:44 INFO Epoch 027 | Train Loss: 0.9272 | Val Loss: 0.9224 | Dice: 0.4836 | softDice: 0.4795 | clDice: 0.5556 | softclDice: 0.4404 | IoU: 0.3196 | Tversky: 0.4836 | Hausdorff: 268.0735 | HD95: 36.5257 | val_loss: 0.9224 | LR: 0.001000
2025-08-21 04:46:51 INFO Epoch 028 | Train Loss: 0.9290 | Val Loss: 0.9187 | Dice: 0.4828 | softDice: 0.4793 | clDice: 0.5598 | softclDice: 0.4379 | IoU: 0.3188 | Tversky: 0.4828 | Hausdorff: 260.7804 | HD95: 35.0996 | val_loss: 0.9187 | LR: 0.000500
2025-08-21 04:49:06 INFO Epoch 029 | Train Loss: 0.9289 | Val Loss: 0.9161 | Dice: 0.4898 | softDice: 0.4858 | clDice: 0.5717 | softclDice: 0.4225 | IoU: 0.3249 | Tversky: 0.4898 | Hausdorff: 293.4672 | HD95: 34.3539 | val_loss: 0.9161 | LR: 0.000500
2025-08-21 04:51:17 INFO Epoch 030 | Train Loss: 0.9238 | Val Loss: 0.9163 | Dice: 0.4896 | softDice: 0.4858 | clDice: 0.5703 | softclDice: 0.4251 | IoU: 0.3248 | Tversky: 0.4896 | Hausdorff: 238.8009 | HD95: 35.1472 | val_loss: 0.9163 | LR: 0.000500
2025-08-21 04:53:27 INFO Epoch 031 | Train Loss: 0.9224 | Val Loss: 0.9154 | Dice: 0.4909 | softDice: 0.4873 | clDice: 0.5657 | softclDice: 0.4297 | IoU: 0.3258 | Tversky: 0.4909 | Hausdorff: 255.4256 | HD95: 32.9239 | val_loss: 0.9154 | LR: 0.000500
2025-08-21 04:55:54 INFO Early stopping at epoch 32 | Best Dice: 0.4912 at epoch 1
2025-08-21 04:56:46 INFO Fold 3 results: Dice: 0.4898 | softDice: 0.4858 | clDice: 0.5717 | softclDice: 0.4225 | IoU: 0.3249 | Tversky: 0.4898 | Hausdorff: 293.4672 | HD95: 34.3539 | val_loss: 0.9161
2025-08-21 04:56:46 INFO ===== Fold 4 / 5 =====
2025-08-21 04:56:46 INFO Loading model unet with settings {'name': 'unet', 'encoder_name': 'se_resnext50_32x4d', 'encoder_weights': 'imagenet', 'classes': 1, 'activation': None, 'dropout': 0.2}
2025-08-21 04:58:54 INFO Epoch 001 | Train Loss: 1.0973 | Val Loss: 0.9979 | Dice: 0.3953 | softDice: 0.3328 | clDice: 0.4747 | softclDice: 0.7047 | IoU: 0.2467 | Tversky: 0.3953 | Hausdorff: 309.5202 | HD95: 79.1414 | val_loss: 0.9979 | LR: 0.001000
2025-08-21 05:00:59 INFO Epoch 002 | Train Loss: 0.9736 | Val Loss: 0.9481 | Dice: 0.4489 | softDice: 0.4154 | clDice: 0.5126 | softclDice: 0.5425 | IoU: 0.2895 | Tversky: 0.4489 | Hausdorff: 203.0402 | HD95: 47.4328 | val_loss: 0.9481 | LR: 0.001000
2025-08-21 05:03:05 INFO Epoch 003 | Train Loss: 0.9557 | Val Loss: 0.9420 | Dice: 0.4455 | softDice: 0.4274 | clDice: 0.5087 | softclDice: 0.5182 | IoU: 0.2867 | Tversky: 0.4455 | Hausdorff: 419.5036 | HD95: 57.7549 | val_loss: 0.9420 | LR: 0.001000
2025-08-21 05:05:12 INFO Epoch 004 | Train Loss: 0.9534 | Val Loss: 0.9402 | Dice: 0.4417 | softDice: 0.4265 | clDice: 0.4963 | softclDice: 0.5297 | IoU: 0.2841 | Tversky: 0.4417 | Hausdorff: 365.8513 | HD95: 72.1551 | val_loss: 0.9402 | LR: 0.001000
2025-08-21 05:07:21 INFO Epoch 005 | Train Loss: 0.9523 | Val Loss: 0.9304 | Dice: 0.4576 | softDice: 0.4470 | clDice: 0.5230 | softclDice: 0.4940 | IoU: 0.2968 | Tversky: 0.4576 | Hausdorff: 321.4051 | HD95: 42.2493 | val_loss: 0.9304 | LR: 0.001000
2025-08-21 05:09:35 INFO Epoch 006 | Train Loss: 0.9463 | Val Loss: 0.9350 | Dice: 0.4450 | softDice: 0.4366 | clDice: 0.5246 | softclDice: 0.4960 | IoU: 0.2863 | Tversky: 0.4450 | Hausdorff: 217.7168 | HD95: 45.9604 | val_loss: 0.9350 | LR: 0.001000
2025-08-21 05:11:41 INFO Epoch 007 | Train Loss: 0.9448 | Val Loss: 0.9211 | Dice: 0.4672 | softDice: 0.4600 | clDice: 0.5432 | softclDice: 0.4663 | IoU: 0.3049 | Tversky: 0.4672 | Hausdorff: 271.6074 | HD95: 35.1508 | val_loss: 0.9211 | LR: 0.001000
2025-08-21 05:13:38 INFO Epoch 008 | Train Loss: 0.9418 | Val Loss: 0.9191 | Dice: 0.4745 | softDice: 0.4679 | clDice: 0.5449 | softclDice: 0.4542 | IoU: 0.3112 | Tversky: 0.4745 | Hausdorff: 296.6774 | HD95: 39.9321 | val_loss: 0.9191 | LR: 0.001000
2025-08-21 05:15:48 INFO Epoch 009 | Train Loss: 0.9396 | Val Loss: 0.9250 | Dice: 0.4607 | softDice: 0.4545 | clDice: 0.5303 | softclDice: 0.4719 | IoU: 0.2995 | Tversky: 0.4607 | Hausdorff: 232.1139 | HD95: 38.5585 | val_loss: 0.9250 | LR: 0.001000
2025-08-21 05:18:05 INFO Epoch 010 | Train Loss: 0.9411 | Val Loss: 0.9295 | Dice: 0.4517 | softDice: 0.4458 | clDice: 0.5132 | softclDice: 0.5017 | IoU: 0.2920 | Tversky: 0.4517 | Hausdorff: 228.2699 | HD95: 39.5299 | val_loss: 0.9295 | LR: 0.001000
2025-08-21 05:20:11 INFO Epoch 011 | Train Loss: 0.9385 | Val Loss: 0.9198 | Dice: 0.4765 | softDice: 0.4701 | clDice: 0.5412 | softclDice: 0.4606 | IoU: 0.3130 | Tversky: 0.4765 | Hausdorff: 208.5984 | HD95: 33.7982 | val_loss: 0.9198 | LR: 0.001000
2025-08-21 05:22:02 INFO Epoch 012 | Train Loss: 0.9384 | Val Loss: 0.9191 | Dice: 0.4785 | softDice: 0.4721 | clDice: 0.5410 | softclDice: 0.4566 | IoU: 0.3146 | Tversky: 0.4785 | Hausdorff: 309.2629 | HD95: 38.1464 | val_loss: 0.9191 | LR: 0.001000
2025-08-21 05:24:16 INFO Epoch 013 | Train Loss: 0.9386 | Val Loss: 0.9167 | Dice: 0.4743 | softDice: 0.4689 | clDice: 0.5520 | softclDice: 0.4507 | IoU: 0.3110 | Tversky: 0.4743 | Hausdorff: 214.7585 | HD95: 34.8782 | val_loss: 0.9167 | LR: 0.001000
2025-08-21 05:26:25 INFO Epoch 014 | Train Loss: 0.9356 | Val Loss: 0.9207 | Dice: 0.4683 | softDice: 0.4626 | clDice: 0.5323 | softclDice: 0.4706 | IoU: 0.3060 | Tversky: 0.4683 | Hausdorff: 262.9175 | HD95: 36.6265 | val_loss: 0.9207 | LR: 0.001000
2025-08-21 05:28:32 INFO Epoch 015 | Train Loss: 0.9382 | Val Loss: 0.9207 | Dice: 0.4663 | softDice: 0.4618 | clDice: 0.5384 | softclDice: 0.4670 | IoU: 0.3042 | Tversky: 0.4663 | Hausdorff: 236.2568 | HD95: 38.3740 | val_loss: 0.9207 | LR: 0.001000
2025-08-21 05:30:43 INFO Epoch 016 | Train Loss: 0.9346 | Val Loss: 0.9224 | Dice: 0.4673 | softDice: 0.4612 | clDice: 0.5275 | softclDice: 0.4748 | IoU: 0.3052 | Tversky: 0.4673 | Hausdorff: 363.0615 | HD95: 46.1352 | val_loss: 0.9224 | LR: 0.001000
2025-08-21 05:32:52 INFO Epoch 017 | Train Loss: 0.9397 | Val Loss: 0.9154 | Dice: 0.4766 | softDice: 0.4718 | clDice: 0.5549 | softclDice: 0.4435 | IoU: 0.3131 | Tversky: 0.4766 | Hausdorff: 262.8818 | HD95: 39.6604 | val_loss: 0.9154 | LR: 0.001000
2025-08-21 05:35:19 INFO Epoch 018 | Train Loss: 0.9372 | Val Loss: 0.9165 | Dice: 0.4736 | softDice: 0.4690 | clDice: 0.5488 | softclDice: 0.4543 | IoU: 0.3105 | Tversky: 0.4736 | Hausdorff: 215.5086 | HD95: 31.9057 | val_loss: 0.9165 | LR: 0.001000
2025-08-21 05:37:28 INFO Epoch 019 | Train Loss: 0.9318 | Val Loss: 0.9150 | Dice: 0.4782 | softDice: 0.4737 | clDice: 0.5494 | softclDice: 0.4480 | IoU: 0.3144 | Tversky: 0.4782 | Hausdorff: 237.6207 | HD95: 32.5883 | val_loss: 0.9150 | LR: 0.001000
2025-08-21 05:39:37 INFO Epoch 020 | Train Loss: 0.9343 | Val Loss: 0.9143 | Dice: 0.4779 | softDice: 0.4738 | clDice: 0.5567 | softclDice: 0.4418 | IoU: 0.3141 | Tversky: 0.4779 | Hausdorff: 210.7387 | HD95: 32.4486 | val_loss: 0.9143 | LR: 0.001000
2025-08-21 05:41:53 INFO Epoch 021 | Train Loss: 0.9329 | Val Loss: 0.9110 | Dice: 0.4827 | softDice: 0.4785 | clDice: 0.5624 | softclDice: 0.4388 | IoU: 0.3183 | Tversky: 0.4827 | Hausdorff: 292.9059 | HD95: 34.7367 | val_loss: 0.9110 | LR: 0.001000
2025-08-21 05:44:00 INFO Epoch 022 | Train Loss: 0.9294 | Val Loss: 0.9147 | Dice: 0.4765 | softDice: 0.4722 | clDice: 0.5513 | softclDice: 0.4458 | IoU: 0.3130 | Tversky: 0.4765 | Hausdorff: 280.6204 | HD95: 34.2367 | val_loss: 0.9147 | LR: 0.001000
2025-08-21 05:46:35 INFO Epoch 023 | Train Loss: 0.9362 | Val Loss: 0.9150 | Dice: 0.4726 | softDice: 0.4688 | clDice: 0.5555 | softclDice: 0.4501 | IoU: 0.3096 | Tversky: 0.4726 | Hausdorff: 225.3674 | HD95: 31.6492 | val_loss: 0.9150 | LR: 0.001000
2025-08-21 05:48:32 INFO Epoch 024 | Train Loss: 0.9298 | Val Loss: 0.9161 | Dice: 0.4769 | softDice: 0.4726 | clDice: 0.5498 | softclDice: 0.4487 | IoU: 0.3133 | Tversky: 0.4769 | Hausdorff: 235.2088 | HD95: 34.2556 | val_loss: 0.9161 | LR: 0.001000
2025-08-21 05:50:37 INFO Epoch 025 | Train Loss: 0.9302 | Val Loss: 0.9127 | Dice: 0.4886 | softDice: 0.4833 | clDice: 0.5571 | softclDice: 0.4418 | IoU: 0.3235 | Tversky: 0.4886 | Hausdorff: 217.4845 | HD95: 32.5678 | val_loss: 0.9127 | LR: 0.001000
2025-08-21 05:53:00 INFO Epoch 026 | Train Loss: 0.9291 | Val Loss: 0.9168 | Dice: 0.4714 | softDice: 0.4677 | clDice: 0.5444 | softclDice: 0.4545 | IoU: 0.3086 | Tversky: 0.4714 | Hausdorff: 225.8462 | HD95: 33.1473 | val_loss: 0.9168 | LR: 0.001000
2025-08-21 05:55:12 INFO Epoch 027 | Train Loss: 0.9312 | Val Loss: 0.9147 | Dice: 0.4781 | softDice: 0.4736 | clDice: 0.5526 | softclDice: 0.4442 | IoU: 0.3143 | Tversky: 0.4781 | Hausdorff: 278.3090 | HD95: 34.3770 | val_loss: 0.9147 | LR: 0.000500
2025-08-21 05:57:17 INFO Epoch 028 | Train Loss: 0.9325 | Val Loss: 0.9116 | Dice: 0.4792 | softDice: 0.4769 | clDice: 0.5567 | softclDice: 0.4400 | IoU: 0.3153 | Tversky: 0.4792 | Hausdorff: 246.5814 | HD95: 31.4392 | val_loss: 0.9116 | LR: 0.000500
2025-08-21 05:59:22 INFO Epoch 029 | Train Loss: 0.9278 | Val Loss: 0.9134 | Dice: 0.4789 | softDice: 0.4753 | clDice: 0.5478 | softclDice: 0.4515 | IoU: 0.3150 | Tversky: 0.4789 | Hausdorff: 245.6045 | HD95: 31.8697 | val_loss: 0.9134 | LR: 0.000500
2025-08-21 06:01:16 INFO Early stopping at epoch 30 | Best Dice: 0.4886 at epoch 1
2025-08-21 06:02:08 INFO Fold 4 results: Dice: 0.4827 | softDice: 0.4785 | clDice: 0.5624 | softclDice: 0.4388 | IoU: 0.3183 | Tversky: 0.4827 | Hausdorff: 292.9059 | HD95: 34.7367 | val_loss: 0.9110
2025-08-21 06:02:08 INFO ===== Fold 5 / 5 =====
2025-08-21 06:02:08 INFO Loading model unet with settings {'name': 'unet', 'encoder_name': 'se_resnext50_32x4d', 'encoder_weights': 'imagenet', 'classes': 1, 'activation': None, 'dropout': 0.2}
2025-08-21 06:04:17 INFO Epoch 001 | Train Loss: 1.0655 | Val Loss: 0.9956 | Dice: 0.4351 | softDice: 0.3568 | clDice: 0.5038 | softclDice: 0.6520 | IoU: 0.2781 | Tversky: 0.4351 | Hausdorff: 219.8699 | HD95: 68.8780 | val_loss: 0.9956 | LR: 0.001000
2025-08-21 06:06:29 INFO Epoch 002 | Train Loss: 0.9584 | Val Loss: 0.9541 | Dice: 0.4498 | softDice: 0.4295 | clDice: 0.5321 | softclDice: 0.5088 | IoU: 0.2903 | Tversky: 0.4498 | Hausdorff: 269.4317 | HD95: 56.8642 | val_loss: 0.9541 | LR: 0.001000
2025-08-21 06:08:24 INFO Epoch 003 | Train Loss: 0.9494 | Val Loss: 0.9481 | Dice: 0.4516 | softDice: 0.4374 | clDice: 0.5250 | softclDice: 0.4978 | IoU: 0.2919 | Tversky: 0.4516 | Hausdorff: 308.2736 | HD95: 49.5592 | val_loss: 0.9481 | LR: 0.001000
2025-08-21 06:10:29 INFO Epoch 004 | Train Loss: 0.9446 | Val Loss: 0.9408 | Dice: 0.4636 | softDice: 0.4546 | clDice: 0.5412 | softclDice: 0.4658 | IoU: 0.3020 | Tversky: 0.4636 | Hausdorff: 211.3684 | HD95: 44.8299 | val_loss: 0.9408 | LR: 0.001000
2025-08-21 06:12:30 INFO Epoch 005 | Train Loss: 0.9440 | Val Loss: 0.9450 | Dice: 0.4538 | softDice: 0.4464 | clDice: 0.5367 | softclDice: 0.4690 | IoU: 0.2937 | Tversky: 0.4538 | Hausdorff: 204.8158 | HD95: 53.4170 | val_loss: 0.9450 | LR: 0.001000
2025-08-21 06:14:23 INFO Epoch 006 | Train Loss: 0.9366 | Val Loss: 0.9365 | Dice: 0.4628 | softDice: 0.4579 | clDice: 0.5551 | softclDice: 0.4585 | IoU: 0.3013 | Tversky: 0.4628 | Hausdorff: 340.8646 | HD95: 48.9604 | val_loss: 0.9365 | LR: 0.001000
2025-08-21 06:16:32 INFO Epoch 007 | Train Loss: 0.9359 | Val Loss: 0.9351 | Dice: 0.4736 | softDice: 0.4677 | clDice: 0.5473 | softclDice: 0.4534 | IoU: 0.3105 | Tversky: 0.4736 | Hausdorff: 213.6381 | HD95: 52.6333 | val_loss: 0.9351 | LR: 0.001000
2025-08-21 06:18:42 INFO Epoch 008 | Train Loss: 0.9367 | Val Loss: 0.9347 | Dice: 0.4643 | softDice: 0.4579 | clDice: 0.5597 | softclDice: 0.4413 | IoU: 0.3025 | Tversky: 0.4643 | Hausdorff: 274.3524 | HD95: 45.8316 | val_loss: 0.9347 | LR: 0.001000
2025-08-21 06:20:45 INFO Epoch 009 | Train Loss: 0.9383 | Val Loss: 0.9389 | Dice: 0.4643 | softDice: 0.4583 | clDice: 0.5344 | softclDice: 0.4696 | IoU: 0.3026 | Tversky: 0.4643 | Hausdorff: 212.0549 | HD95: 49.8127 | val_loss: 0.9389 | LR: 0.001000
2025-08-21 06:22:35 INFO Epoch 010 | Train Loss: 0.9311 | Val Loss: 0.9329 | Dice: 0.4716 | softDice: 0.4669 | clDice: 0.5577 | softclDice: 0.4435 | IoU: 0.3088 | Tversky: 0.4716 | Hausdorff: 209.5771 | HD95: 41.5005 | val_loss: 0.9329 | LR: 0.001000
2025-08-21 06:24:22 INFO Epoch 011 | Train Loss: 0.9320 | Val Loss: 0.9353 | Dice: 0.4675 | softDice: 0.4625 | clDice: 0.5500 | softclDice: 0.4513 | IoU: 0.3053 | Tversky: 0.4675 | Hausdorff: 229.5337 | HD95: 46.0262 | val_loss: 0.9353 | LR: 0.001000
2025-08-21 06:26:20 INFO Epoch 012 | Train Loss: 0.9261 | Val Loss: 0.9339 | Dice: 0.4694 | softDice: 0.4634 | clDice: 0.5504 | softclDice: 0.4523 | IoU: 0.3070 | Tversky: 0.4694 | Hausdorff: 239.9489 | HD95: 45.6731 | val_loss: 0.9339 | LR: 0.001000
2025-08-21 06:28:09 INFO Epoch 013 | Train Loss: 0.9286 | Val Loss: 0.9332 | Dice: 0.4749 | softDice: 0.4683 | clDice: 0.5513 | softclDice: 0.4472 | IoU: 0.3116 | Tversky: 0.4749 | Hausdorff: 271.4527 | HD95: 44.8965 | val_loss: 0.9332 | LR: 0.001000
2025-08-21 06:30:02 INFO Epoch 014 | Train Loss: 0.9330 | Val Loss: 0.9326 | Dice: 0.4733 | softDice: 0.4661 | clDice: 0.5564 | softclDice: 0.4398 | IoU: 0.3102 | Tversky: 0.4733 | Hausdorff: 219.3114 | HD95: 45.2848 | val_loss: 0.9326 | LR: 0.001000
2025-08-21 06:31:55 INFO Epoch 015 | Train Loss: 0.9248 | Val Loss: 0.9322 | Dice: 0.4684 | softDice: 0.4622 | clDice: 0.5515 | softclDice: 0.4466 | IoU: 0.3061 | Tversky: 0.4684 | Hausdorff: 240.0588 | HD95: 46.7818 | val_loss: 0.9322 | LR: 0.001000
2025-08-21 06:33:40 INFO Epoch 016 | Train Loss: 0.9314 | Val Loss: 0.9348 | Dice: 0.4657 | softDice: 0.4598 | clDice: 0.5478 | softclDice: 0.4532 | IoU: 0.3038 | Tversky: 0.4657 | Hausdorff: 231.3335 | HD95: 42.9326 | val_loss: 0.9348 | LR: 0.001000
2025-08-21 06:35:40 INFO Epoch 017 | Train Loss: 0.9287 | Val Loss: 0.9285 | Dice: 0.4812 | softDice: 0.4760 | clDice: 0.5590 | softclDice: 0.4290 | IoU: 0.3171 | Tversky: 0.4812 | Hausdorff: 214.6655 | HD95: 38.6839 | val_loss: 0.9285 | LR: 0.001000
2025-08-21 06:37:38 INFO Epoch 018 | Train Loss: 0.9284 | Val Loss: 0.9306 | Dice: 0.4782 | softDice: 0.4731 | clDice: 0.5555 | softclDice: 0.4412 | IoU: 0.3145 | Tversky: 0.4782 | Hausdorff: 226.7094 | HD95: 38.8329 | val_loss: 0.9306 | LR: 0.001000
2025-08-21 06:39:35 INFO Epoch 019 | Train Loss: 0.9317 | Val Loss: 0.9314 | Dice: 0.4762 | softDice: 0.4701 | clDice: 0.5427 | softclDice: 0.4510 | IoU: 0.3129 | Tversky: 0.4762 | Hausdorff: 225.9883 | HD95: 48.2147 | val_loss: 0.9314 | LR: 0.001000
2025-08-21 06:41:24 INFO Epoch 020 | Train Loss: 0.9272 | Val Loss: 0.9346 | Dice: 0.4638 | softDice: 0.4583 | clDice: 0.5417 | softclDice: 0.4581 | IoU: 0.3023 | Tversky: 0.4638 | Hausdorff: 231.8215 | HD95: 52.1517 | val_loss: 0.9346 | LR: 0.001000
2025-08-21 06:43:12 INFO Epoch 021 | Train Loss: 0.9236 | Val Loss: 0.9332 | Dice: 0.4662 | softDice: 0.4618 | clDice: 0.5391 | softclDice: 0.4528 | IoU: 0.3043 | Tversky: 0.4662 | Hausdorff: 288.0979 | HD95: 51.7625 | val_loss: 0.9332 | LR: 0.001000
2025-08-21 06:45:13 INFO Epoch 022 | Train Loss: 0.9279 | Val Loss: 0.9360 | Dice: 0.4618 | softDice: 0.4573 | clDice: 0.5489 | softclDice: 0.4499 | IoU: 0.3005 | Tversky: 0.4618 | Hausdorff: 236.1918 | HD95: 44.5055 | val_loss: 0.9360 | LR: 0.001000
2025-08-21 06:47:01 INFO Epoch 023 | Train Loss: 0.9288 | Val Loss: 0.9321 | Dice: 0.4700 | softDice: 0.4660 | clDice: 0.5444 | softclDice: 0.4483 | IoU: 0.3075 | Tversky: 0.4700 | Hausdorff: 232.0946 | HD95: 48.7335 | val_loss: 0.9321 | LR: 0.000500
2025-08-21 06:48:57 INFO Epoch 024 | Train Loss: 0.9239 | Val Loss: 0.9253 | Dice: 0.4846 | softDice: 0.4797 | clDice: 0.5681 | softclDice: 0.4292 | IoU: 0.3201 | Tversky: 0.4846 | Hausdorff: 224.0254 | HD95: 36.2689 | val_loss: 0.9253 | LR: 0.000500
2025-08-21 06:50:49 INFO Epoch 025 | Train Loss: 0.9230 | Val Loss: 0.9298 | Dice: 0.4748 | softDice: 0.4707 | clDice: 0.5543 | softclDice: 0.4396 | IoU: 0.3116 | Tversky: 0.4748 | Hausdorff: 224.1320 | HD95: 35.3471 | val_loss: 0.9298 | LR: 0.000500
2025-08-21 06:52:39 INFO Epoch 026 | Train Loss: 0.9284 | Val Loss: 0.9283 | Dice: 0.4811 | softDice: 0.4765 | clDice: 0.5626 | softclDice: 0.4298 | IoU: 0.3170 | Tversky: 0.4811 | Hausdorff: 220.5044 | HD95: 37.3235 | val_loss: 0.9283 | LR: 0.000500
2025-08-21 06:54:35 INFO Epoch 027 | Train Loss: 0.9269 | Val Loss: 0.9260 | Dice: 0.4803 | softDice: 0.4759 | clDice: 0.5701 | softclDice: 0.4211 | IoU: 0.3163 | Tversky: 0.4803 | Hausdorff: 228.7264 | HD95: 36.1515 | val_loss: 0.9260 | LR: 0.000500
2025-08-21 06:56:21 INFO Epoch 028 | Train Loss: 0.9220 | Val Loss: 0.9259 | Dice: 0.4862 | softDice: 0.4808 | clDice: 0.5660 | softclDice: 0.4301 | IoU: 0.3214 | Tversky: 0.4862 | Hausdorff: 215.2230 | HD95: 34.3332 | val_loss: 0.9259 | LR: 0.000500
2025-08-21 06:58:20 INFO Epoch 029 | Train Loss: 0.9185 | Val Loss: 0.9261 | Dice: 0.4801 | softDice: 0.4756 | clDice: 0.5669 | softclDice: 0.4257 | IoU: 0.3161 | Tversky: 0.4801 | Hausdorff: 231.9287 | HD95: 35.0181 | val_loss: 0.9261 | LR: 0.000500
2025-08-21 07:00:11 INFO Early stopping at epoch 30 | Best Dice: 0.4862 at epoch 1
2025-08-21 07:01:02 INFO Fold 5 results: Dice: 0.4803 | softDice: 0.4759 | clDice: 0.5701 | softclDice: 0.4211 | IoU: 0.3163 | Tversky: 0.4803 | Hausdorff: 228.7264 | HD95: 36.1515 | val_loss: 0.9260
2025-08-21 07:01:02 INFO ===== Cross-validation results =====
2025-08-21 07:01:02 INFO Dice: 0.4827 | softDice: 0.4788 | clDice: 0.5630 | softclDice: 0.4350 | IoU: 0.3185 | Tversky: 0.4827 | Hausdorff: 297.2646 | HD95: 34.9716 | val_loss: 0.9195
