2025-08-21 01:16:37 INFO Starting training with configuration: {'model': {'name': 'unet', 'encoder_name': 'se_resnext50_32x4d', 'encoder_weights': 'imagenet', 'classes': 1, 'activation': None, 'dropout': 0.2}, 'dataset': {'root': '/data/smadper@alumno.upv.es/TFM/datasets/laticifers', 'patch_size': [512, 512], 'stride': [256, 256], 'num_patches': 50, 'num_workers': 4, 'feature_dirs': {'image': '/data/smadper@alumno.upv.es/TFM/datasets/laticifers/enhanced_images', 'mask': '/data/smadper@alumno.upv.es/TFM/datasets/laticifers/masks', 'distance': '/data/smadper@alumno.upv.es/TFM/datasets/laticifers/distance_maps_pt'}}, 'train': {'batch_size': 32, 'num_epochs': 70, 'learning_rate': 0.001, 'accumulation_steps': 1, 'save_dir': '/data/smadper@alumno.upv.es/TFM/checkpoints_cv2/unet/20250821_011637_unet_se_resnext50_32x4d_wbce0.5_dice1.0', 'log_interval': 1, 'patience': 20, 'mixed_precision': True, 'experiment_name': 'unet_se_resnext50_32x4d_wbce0.5_dice1.0', 'timestamp': '20250821_011637'}, 'test': {'batch_size': 1}, 'loss': {'name': 'bce', 'cldice_alpha': 0.2, 'tversky_alpha': 0.3, 'tversky_beta': 0.7, 'focal_tversky_gamma': 0.75, 'use_topographic': True, 'combine_with': 'dice', 'weights': {'main': 0.5, 'combined': 1.0}, 'topo': {'alpha': 2.0, 'beta': 1.0}}}
2025-08-21 01:16:37 INFO Experiment name: unet_se_resnext50_32x4d_wbce0.5_dice1.0
2025-08-21 01:16:37 INFO ===== Fold 1 / 5 =====
2025-08-21 01:16:37 INFO Loading model unet with settings {'name': 'unet', 'encoder_name': 'se_resnext50_32x4d', 'encoder_weights': 'imagenet', 'classes': 1, 'activation': None, 'dropout': 0.2}
2025-08-21 01:18:57 INFO Epoch 001 | Train Loss: 1.5255 | Val Loss: 1.6971 | Dice: 0.4028 | softDice: 0.2818 | clDice: 0.4602 | softclDice: 0.6880 | IoU: 0.2523 | Tversky: 0.4028 | Hausdorff: 553.2928 | HD95: 97.7928 | val_loss: 1.6971 | LR: 0.001000
2025-08-21 01:21:04 INFO Epoch 002 | Train Loss: 1.2809 | Val Loss: 1.6622 | Dice: 0.4519 | softDice: 0.4025 | clDice: 0.5114 | softclDice: 0.5477 | IoU: 0.2921 | Tversky: 0.4519 | Hausdorff: 235.2976 | HD95: 51.9205 | val_loss: 1.6622 | LR: 0.001000
2025-08-21 01:23:11 INFO Epoch 003 | Train Loss: 1.2217 | Val Loss: 1.6596 | Dice: 0.4513 | softDice: 0.4269 | clDice: 0.5135 | softclDice: 0.5195 | IoU: 0.2916 | Tversky: 0.4513 | Hausdorff: 296.5280 | HD95: 57.3336 | val_loss: 1.6596 | LR: 0.001000
2025-08-21 01:25:14 INFO Epoch 004 | Train Loss: 1.2067 | Val Loss: 1.6567 | Dice: 0.4538 | softDice: 0.4384 | clDice: 0.5151 | softclDice: 0.5013 | IoU: 0.2937 | Tversky: 0.4538 | Hausdorff: 292.2214 | HD95: 61.8111 | val_loss: 1.6567 | LR: 0.001000
2025-08-21 01:27:14 INFO Epoch 005 | Train Loss: 1.1989 | Val Loss: 1.6542 | Dice: 0.4605 | softDice: 0.4486 | clDice: 0.5113 | softclDice: 0.4997 | IoU: 0.2994 | Tversky: 0.4605 | Hausdorff: 250.5611 | HD95: 58.0593 | val_loss: 1.6542 | LR: 0.001000
2025-08-21 01:29:10 INFO Epoch 006 | Train Loss: 1.1824 | Val Loss: 1.6591 | Dice: 0.4600 | softDice: 0.4509 | clDice: 0.5222 | softclDice: 0.4885 | IoU: 0.2989 | Tversky: 0.4600 | Hausdorff: 303.3780 | HD95: 51.3548 | val_loss: 1.6591 | LR: 0.001000
2025-08-21 01:31:08 INFO Epoch 007 | Train Loss: 1.1872 | Val Loss: 1.6553 | Dice: 0.4712 | softDice: 0.4628 | clDice: 0.5322 | softclDice: 0.4745 | IoU: 0.3085 | Tversky: 0.4712 | Hausdorff: 246.5433 | HD95: 51.4377 | val_loss: 1.6553 | LR: 0.001000
2025-08-21 01:33:01 INFO Epoch 008 | Train Loss: 1.1849 | Val Loss: 1.6570 | Dice: 0.4648 | softDice: 0.4571 | clDice: 0.5259 | softclDice: 0.4792 | IoU: 0.3031 | Tversky: 0.4648 | Hausdorff: 250.3003 | HD95: 53.9575 | val_loss: 1.6570 | LR: 0.001000
2025-08-21 01:34:54 INFO Epoch 009 | Train Loss: 1.1786 | Val Loss: 1.6554 | Dice: 0.4561 | softDice: 0.4491 | clDice: 0.5067 | softclDice: 0.4992 | IoU: 0.2958 | Tversky: 0.4561 | Hausdorff: 401.1629 | HD95: 58.3006 | val_loss: 1.6554 | LR: 0.001000
2025-08-21 01:36:46 INFO Epoch 010 | Train Loss: 1.1724 | Val Loss: 1.6591 | Dice: 0.4619 | softDice: 0.4563 | clDice: 0.5249 | softclDice: 0.4822 | IoU: 0.3004 | Tversky: 0.4619 | Hausdorff: 402.2213 | HD95: 53.6844 | val_loss: 1.6591 | LR: 0.001000
2025-08-21 01:38:40 INFO Epoch 011 | Train Loss: 1.1777 | Val Loss: 1.6556 | Dice: 0.4743 | softDice: 0.4679 | clDice: 0.5357 | softclDice: 0.4673 | IoU: 0.3111 | Tversky: 0.4743 | Hausdorff: 242.3176 | HD95: 53.0534 | val_loss: 1.6556 | LR: 0.000500
2025-08-21 01:40:35 INFO Epoch 012 | Train Loss: 1.1643 | Val Loss: 1.6555 | Dice: 0.4774 | softDice: 0.4720 | clDice: 0.5274 | softclDice: 0.4744 | IoU: 0.3138 | Tversky: 0.4774 | Hausdorff: 252.4590 | HD95: 48.5458 | val_loss: 1.6555 | LR: 0.000500
2025-08-21 01:42:24 INFO Epoch 013 | Train Loss: 1.1671 | Val Loss: 1.6566 | Dice: 0.4775 | softDice: 0.4720 | clDice: 0.5422 | softclDice: 0.4609 | IoU: 0.3138 | Tversky: 0.4775 | Hausdorff: 391.6691 | HD95: 48.6438 | val_loss: 1.6566 | LR: 0.000500
2025-08-21 01:44:20 INFO Epoch 014 | Train Loss: 1.1627 | Val Loss: 1.6546 | Dice: 0.4762 | softDice: 0.4714 | clDice: 0.5332 | softclDice: 0.4677 | IoU: 0.3128 | Tversky: 0.4762 | Hausdorff: 231.5257 | HD95: 47.0832 | val_loss: 1.6546 | LR: 0.000500
2025-08-21 01:46:09 INFO Epoch 015 | Train Loss: 1.1624 | Val Loss: 1.6568 | Dice: 0.4722 | softDice: 0.4676 | clDice: 0.5280 | softclDice: 0.4728 | IoU: 0.3094 | Tversky: 0.4722 | Hausdorff: 277.9935 | HD95: 47.1692 | val_loss: 1.6568 | LR: 0.000500
2025-08-21 01:48:01 INFO Epoch 016 | Train Loss: 1.1609 | Val Loss: 1.6550 | Dice: 0.4767 | softDice: 0.4711 | clDice: 0.5267 | softclDice: 0.4756 | IoU: 0.3132 | Tversky: 0.4767 | Hausdorff: 241.8745 | HD95: 46.1785 | val_loss: 1.6550 | LR: 0.000500
2025-08-21 01:49:53 INFO Epoch 017 | Train Loss: 1.1614 | Val Loss: 1.6536 | Dice: 0.4783 | softDice: 0.4738 | clDice: 0.5294 | softclDice: 0.4722 | IoU: 0.3148 | Tversky: 0.4783 | Hausdorff: 230.1859 | HD95: 47.7007 | val_loss: 1.6536 | LR: 0.000500
2025-08-21 01:51:43 INFO Epoch 018 | Train Loss: 1.1578 | Val Loss: 1.6561 | Dice: 0.4724 | softDice: 0.4679 | clDice: 0.5305 | softclDice: 0.4703 | IoU: 0.3096 | Tversky: 0.4724 | Hausdorff: 237.4129 | HD95: 43.0562 | val_loss: 1.6561 | LR: 0.000500
2025-08-21 01:53:36 INFO Epoch 019 | Train Loss: 1.1625 | Val Loss: 1.6545 | Dice: 0.4790 | softDice: 0.4731 | clDice: 0.5339 | softclDice: 0.4667 | IoU: 0.3153 | Tversky: 0.4790 | Hausdorff: 239.5267 | HD95: 42.8485 | val_loss: 1.6545 | LR: 0.000500
2025-08-21 01:55:25 INFO Epoch 020 | Train Loss: 1.1542 | Val Loss: 1.6562 | Dice: 0.4796 | softDice: 0.4746 | clDice: 0.5377 | softclDice: 0.4635 | IoU: 0.3157 | Tversky: 0.4796 | Hausdorff: 390.4949 | HD95: 42.7081 | val_loss: 1.6562 | LR: 0.000500
2025-08-21 01:57:15 INFO Epoch 021 | Train Loss: 1.1643 | Val Loss: 1.6555 | Dice: 0.4821 | softDice: 0.4770 | clDice: 0.5400 | softclDice: 0.4651 | IoU: 0.3179 | Tversky: 0.4821 | Hausdorff: 378.5427 | HD95: 39.0650 | val_loss: 1.6555 | LR: 0.000500
2025-08-21 01:59:09 INFO Epoch 022 | Train Loss: 1.1680 | Val Loss: 1.6549 | Dice: 0.4760 | softDice: 0.4713 | clDice: 0.5326 | softclDice: 0.4687 | IoU: 0.3127 | Tversky: 0.4760 | Hausdorff: 375.6823 | HD95: 45.2783 | val_loss: 1.6549 | LR: 0.000500
2025-08-21 02:00:58 INFO Epoch 023 | Train Loss: 1.1557 | Val Loss: 1.6561 | Dice: 0.4780 | softDice: 0.4734 | clDice: 0.5296 | softclDice: 0.4736 | IoU: 0.3143 | Tversky: 0.4780 | Hausdorff: 241.9267 | HD95: 48.8385 | val_loss: 1.6561 | LR: 0.000250
2025-08-21 02:02:49 INFO Epoch 024 | Train Loss: 1.1571 | Val Loss: 1.6549 | Dice: 0.4853 | softDice: 0.4807 | clDice: 0.5433 | softclDice: 0.4588 | IoU: 0.3207 | Tversky: 0.4853 | Hausdorff: 230.0971 | HD95: 42.3374 | val_loss: 1.6549 | LR: 0.000250
2025-08-21 02:04:41 INFO Epoch 025 | Train Loss: 1.1542 | Val Loss: 1.6551 | Dice: 0.4836 | softDice: 0.4793 | clDice: 0.5410 | softclDice: 0.4606 | IoU: 0.3193 | Tversky: 0.4836 | Hausdorff: 233.7003 | HD95: 41.1016 | val_loss: 1.6551 | LR: 0.000250
2025-08-21 02:06:34 INFO Epoch 026 | Train Loss: 1.1567 | Val Loss: 1.6557 | Dice: 0.4824 | softDice: 0.4783 | clDice: 0.5425 | softclDice: 0.4573 | IoU: 0.3182 | Tversky: 0.4824 | Hausdorff: 246.6602 | HD95: 39.6164 | val_loss: 1.6557 | LR: 0.000250
2025-08-21 02:08:25 INFO Epoch 027 | Train Loss: 1.1541 | Val Loss: 1.6547 | Dice: 0.4830 | softDice: 0.4788 | clDice: 0.5374 | softclDice: 0.4629 | IoU: 0.3188 | Tversky: 0.4830 | Hausdorff: 231.6384 | HD95: 40.5544 | val_loss: 1.6547 | LR: 0.000250
2025-08-21 02:10:12 INFO Epoch 028 | Train Loss: 1.1514 | Val Loss: 1.6552 | Dice: 0.4817 | softDice: 0.4775 | clDice: 0.5414 | softclDice: 0.4591 | IoU: 0.3176 | Tversky: 0.4817 | Hausdorff: 236.2042 | HD95: 40.6345 | val_loss: 1.6552 | LR: 0.000250
2025-08-21 02:12:04 INFO Epoch 029 | Train Loss: 1.1525 | Val Loss: 1.6542 | Dice: 0.4812 | softDice: 0.4767 | clDice: 0.5316 | softclDice: 0.4713 | IoU: 0.3172 | Tversky: 0.4812 | Hausdorff: 241.5861 | HD95: 44.5064 | val_loss: 1.6542 | LR: 0.000125
2025-08-21 02:13:58 INFO Epoch 030 | Train Loss: 1.1501 | Val Loss: 1.6557 | Dice: 0.4809 | softDice: 0.4764 | clDice: 0.5376 | softclDice: 0.4625 | IoU: 0.3169 | Tversky: 0.4809 | Hausdorff: 241.5818 | HD95: 43.0629 | val_loss: 1.6557 | LR: 0.000125
2025-08-21 02:15:46 INFO Epoch 031 | Train Loss: 1.1536 | Val Loss: 1.6548 | Dice: 0.4824 | softDice: 0.4779 | clDice: 0.5380 | softclDice: 0.4653 | IoU: 0.3183 | Tversky: 0.4824 | Hausdorff: 235.2272 | HD95: 39.6662 | val_loss: 1.6548 | LR: 0.000125
2025-08-21 02:17:38 INFO Epoch 032 | Train Loss: 1.1431 | Val Loss: 1.6551 | Dice: 0.4825 | softDice: 0.4778 | clDice: 0.5389 | softclDice: 0.4639 | IoU: 0.3183 | Tversky: 0.4825 | Hausdorff: 237.1709 | HD95: 37.6351 | val_loss: 1.6551 | LR: 0.000125
2025-08-21 02:19:27 INFO Epoch 033 | Train Loss: 1.1479 | Val Loss: 1.6551 | Dice: 0.4833 | softDice: 0.4789 | clDice: 0.5405 | softclDice: 0.4622 | IoU: 0.3190 | Tversky: 0.4833 | Hausdorff: 243.7157 | HD95: 37.9165 | val_loss: 1.6551 | LR: 0.000125
2025-08-21 02:21:21 INFO Epoch 034 | Train Loss: 1.1486 | Val Loss: 1.6549 | Dice: 0.4859 | softDice: 0.4815 | clDice: 0.5432 | softclDice: 0.4587 | IoU: 0.3213 | Tversky: 0.4859 | Hausdorff: 232.4787 | HD95: 37.9325 | val_loss: 1.6549 | LR: 0.000125
2025-08-21 02:23:09 INFO Epoch 035 | Train Loss: 1.1449 | Val Loss: 1.6538 | Dice: 0.4872 | softDice: 0.4819 | clDice: 0.5448 | softclDice: 0.4591 | IoU: 0.3225 | Tversky: 0.4872 | Hausdorff: 226.5239 | HD95: 38.4889 | val_loss: 1.6538 | LR: 0.000063
2025-08-21 02:24:59 INFO Epoch 036 | Train Loss: 1.1420 | Val Loss: 1.6548 | Dice: 0.4863 | softDice: 0.4819 | clDice: 0.5430 | softclDice: 0.4593 | IoU: 0.3216 | Tversky: 0.4863 | Hausdorff: 230.4432 | HD95: 37.0906 | val_loss: 1.6548 | LR: 0.000063
2025-08-21 02:26:51 INFO Epoch 037 | Train Loss: 1.1483 | Val Loss: 1.6548 | Dice: 0.4872 | softDice: 0.4830 | clDice: 0.5445 | softclDice: 0.4566 | IoU: 0.3225 | Tversky: 0.4872 | Hausdorff: 226.9249 | HD95: 36.1178 | val_loss: 1.6548 | LR: 0.000063
2025-08-21 02:28:40 INFO Epoch 038 | Train Loss: 1.1460 | Val Loss: 1.6547 | Dice: 0.4874 | softDice: 0.4830 | clDice: 0.5448 | softclDice: 0.4560 | IoU: 0.3226 | Tversky: 0.4874 | Hausdorff: 227.0599 | HD95: 35.9247 | val_loss: 1.6547 | LR: 0.000063
2025-08-21 02:30:33 INFO Epoch 039 | Train Loss: 1.1499 | Val Loss: 1.6554 | Dice: 0.4855 | softDice: 0.4815 | clDice: 0.5445 | softclDice: 0.4553 | IoU: 0.3210 | Tversky: 0.4855 | Hausdorff: 240.7721 | HD95: 37.2446 | val_loss: 1.6554 | LR: 0.000063
2025-08-21 02:32:21 INFO Epoch 040 | Train Loss: 1.1430 | Val Loss: 1.6546 | Dice: 0.4876 | softDice: 0.4831 | clDice: 0.5457 | softclDice: 0.4544 | IoU: 0.3228 | Tversky: 0.4876 | Hausdorff: 229.1425 | HD95: 36.9621 | val_loss: 1.6546 | LR: 0.000063
2025-08-21 02:34:11 INFO Epoch 041 | Train Loss: 1.1479 | Val Loss: 1.6550 | Dice: 0.4879 | softDice: 0.4834 | clDice: 0.5469 | softclDice: 0.4536 | IoU: 0.3230 | Tversky: 0.4879 | Hausdorff: 239.9134 | HD95: 36.6259 | val_loss: 1.6550 | LR: 0.000031
2025-08-21 02:36:02 INFO Epoch 042 | Train Loss: 1.1462 | Val Loss: 1.6543 | Dice: 0.4871 | softDice: 0.4823 | clDice: 0.5433 | softclDice: 0.4583 | IoU: 0.3223 | Tversky: 0.4871 | Hausdorff: 226.9432 | HD95: 36.5768 | val_loss: 1.6543 | LR: 0.000031
2025-08-21 02:37:50 INFO Early stopping at epoch 43 | Best Dice: 0.4887 at epoch 1
2025-08-21 02:38:41 INFO Fold 1 results: Dice: 0.4879 | softDice: 0.4834 | clDice: 0.5469 | softclDice: 0.4536 | IoU: 0.3230 | Tversky: 0.4879 | Hausdorff: 239.9134 | HD95: 36.6259 | val_loss: 1.6550
2025-08-21 02:38:41 INFO ===== Fold 2 / 5 =====
2025-08-21 02:38:41 INFO Loading model unet with settings {'name': 'unet', 'encoder_name': 'se_resnext50_32x4d', 'encoder_weights': 'imagenet', 'classes': 1, 'activation': None, 'dropout': 0.2}
2025-08-21 02:40:32 INFO Epoch 001 | Train Loss: 1.6104 | Val Loss: 1.7029 | Dice: 0.4225 | softDice: 0.2566 | clDice: 0.5098 | softclDice: 0.7476 | IoU: 0.2680 | Tversky: 0.4225 | Hausdorff: 447.0115 | HD95: 60.5799 | val_loss: 1.7029 | LR: 0.001000
2025-08-21 02:42:25 INFO Epoch 002 | Train Loss: 1.3345 | Val Loss: 1.6477 | Dice: 0.4512 | softDice: 0.3802 | clDice: 0.5135 | softclDice: 0.5439 | IoU: 0.2917 | Tversky: 0.4512 | Hausdorff: 329.1858 | HD95: 60.6768 | val_loss: 1.6477 | LR: 0.001000
2025-08-21 02:44:16 INFO Epoch 003 | Train Loss: 1.2431 | Val Loss: 1.6442 | Dice: 0.4708 | softDice: 0.4413 | clDice: 0.5320 | softclDice: 0.4978 | IoU: 0.3081 | Tversky: 0.4708 | Hausdorff: 320.6371 | HD95: 39.9680 | val_loss: 1.6442 | LR: 0.001000
2025-08-21 02:46:06 INFO Epoch 004 | Train Loss: 1.2151 | Val Loss: 1.6378 | Dice: 0.4591 | softDice: 0.4410 | clDice: 0.5078 | softclDice: 0.5042 | IoU: 0.2985 | Tversky: 0.4591 | Hausdorff: 341.7944 | HD95: 47.3796 | val_loss: 1.6378 | LR: 0.001000
2025-08-21 02:48:00 INFO Epoch 005 | Train Loss: 1.2104 | Val Loss: 1.6375 | Dice: 0.4547 | softDice: 0.4420 | clDice: 0.5042 | softclDice: 0.5058 | IoU: 0.2947 | Tversky: 0.4547 | Hausdorff: 300.5778 | HD95: 58.4497 | val_loss: 1.6375 | LR: 0.001000
2025-08-21 02:49:50 INFO Epoch 006 | Train Loss: 1.1953 | Val Loss: 1.6397 | Dice: 0.4759 | softDice: 0.4663 | clDice: 0.5441 | softclDice: 0.4646 | IoU: 0.3125 | Tversky: 0.4759 | Hausdorff: 323.9083 | HD95: 39.1054 | val_loss: 1.6397 | LR: 0.001000
2025-08-21 02:51:46 INFO Epoch 007 | Train Loss: 1.1961 | Val Loss: 1.6361 | Dice: 0.4602 | softDice: 0.4500 | clDice: 0.5097 | softclDice: 0.4989 | IoU: 0.2994 | Tversky: 0.4602 | Hausdorff: 307.1098 | HD95: 51.7851 | val_loss: 1.6361 | LR: 0.001000
2025-08-21 02:53:35 INFO Epoch 008 | Train Loss: 1.1924 | Val Loss: 1.6387 | Dice: 0.4754 | softDice: 0.4678 | clDice: 0.5375 | softclDice: 0.4626 | IoU: 0.3122 | Tversky: 0.4754 | Hausdorff: 306.5775 | HD95: 38.1753 | val_loss: 1.6387 | LR: 0.001000
2025-08-21 02:55:24 INFO Epoch 009 | Train Loss: 1.1910 | Val Loss: 1.6384 | Dice: 0.4673 | softDice: 0.4609 | clDice: 0.5170 | softclDice: 0.4823 | IoU: 0.3054 | Tversky: 0.4673 | Hausdorff: 315.0096 | HD95: 39.3640 | val_loss: 1.6384 | LR: 0.001000
2025-08-21 02:57:20 INFO Epoch 010 | Train Loss: 1.1934 | Val Loss: 1.6382 | Dice: 0.4707 | softDice: 0.4647 | clDice: 0.5229 | softclDice: 0.4758 | IoU: 0.3081 | Tversky: 0.4707 | Hausdorff: 403.8093 | HD95: 43.1425 | val_loss: 1.6382 | LR: 0.001000
2025-08-21 02:59:11 INFO Epoch 011 | Train Loss: 1.1799 | Val Loss: 1.6368 | Dice: 0.4808 | softDice: 0.4747 | clDice: 0.5338 | softclDice: 0.4641 | IoU: 0.3169 | Tversky: 0.4808 | Hausdorff: 293.0464 | HD95: 40.1377 | val_loss: 1.6368 | LR: 0.001000
2025-08-21 03:01:03 INFO Epoch 012 | Train Loss: 1.1883 | Val Loss: 1.6360 | Dice: 0.4638 | softDice: 0.4592 | clDice: 0.5153 | softclDice: 0.4842 | IoU: 0.3025 | Tversky: 0.4638 | Hausdorff: 401.6143 | HD95: 54.2781 | val_loss: 1.6360 | LR: 0.001000
2025-08-21 03:02:51 INFO Epoch 013 | Train Loss: 1.1870 | Val Loss: 1.6357 | Dice: 0.4727 | softDice: 0.4660 | clDice: 0.5276 | softclDice: 0.4717 | IoU: 0.3100 | Tversky: 0.4727 | Hausdorff: 302.2868 | HD95: 44.8750 | val_loss: 1.6357 | LR: 0.001000
2025-08-21 03:04:40 INFO Epoch 014 | Train Loss: 1.1813 | Val Loss: 1.6379 | Dice: 0.4780 | softDice: 0.4729 | clDice: 0.5305 | softclDice: 0.4687 | IoU: 0.3145 | Tversky: 0.4780 | Hausdorff: 326.3003 | HD95: 38.3466 | val_loss: 1.6379 | LR: 0.001000
2025-08-21 03:06:33 INFO Epoch 015 | Train Loss: 1.1789 | Val Loss: 1.6371 | Dice: 0.4852 | softDice: 0.4807 | clDice: 0.5417 | softclDice: 0.4538 | IoU: 0.3207 | Tversky: 0.4852 | Hausdorff: 313.0717 | HD95: 35.1352 | val_loss: 1.6371 | LR: 0.001000
2025-08-21 03:08:22 INFO Epoch 016 | Train Loss: 1.1767 | Val Loss: 1.6379 | Dice: 0.4788 | softDice: 0.4731 | clDice: 0.5321 | softclDice: 0.4674 | IoU: 0.3152 | Tversky: 0.4788 | Hausdorff: 260.3531 | HD95: 38.2053 | val_loss: 1.6379 | LR: 0.001000
2025-08-21 03:10:16 INFO Epoch 017 | Train Loss: 1.1772 | Val Loss: 1.6355 | Dice: 0.4777 | softDice: 0.4715 | clDice: 0.5340 | softclDice: 0.4655 | IoU: 0.3143 | Tversky: 0.4777 | Hausdorff: 324.6266 | HD95: 54.0355 | val_loss: 1.6355 | LR: 0.001000
2025-08-21 03:12:06 INFO Epoch 018 | Train Loss: 1.1776 | Val Loss: 1.6378 | Dice: 0.4832 | softDice: 0.4790 | clDice: 0.5407 | softclDice: 0.4560 | IoU: 0.3190 | Tversky: 0.4832 | Hausdorff: 301.5160 | HD95: 35.8349 | val_loss: 1.6378 | LR: 0.001000
2025-08-21 03:13:55 INFO Epoch 019 | Train Loss: 1.1788 | Val Loss: 1.6367 | Dice: 0.4721 | softDice: 0.4672 | clDice: 0.5247 | softclDice: 0.4730 | IoU: 0.3095 | Tversky: 0.4721 | Hausdorff: 263.4463 | HD95: 38.5288 | val_loss: 1.6367 | LR: 0.001000
2025-08-21 03:15:49 INFO Epoch 020 | Train Loss: 1.1789 | Val Loss: 1.6370 | Dice: 0.4780 | softDice: 0.4738 | clDice: 0.5274 | softclDice: 0.4690 | IoU: 0.3145 | Tversky: 0.4780 | Hausdorff: 273.7776 | HD95: 38.0839 | val_loss: 1.6370 | LR: 0.001000
2025-08-21 03:17:39 INFO Epoch 021 | Train Loss: 1.1765 | Val Loss: 1.6386 | Dice: 0.4786 | softDice: 0.4744 | clDice: 0.5391 | softclDice: 0.4607 | IoU: 0.3150 | Tversky: 0.4786 | Hausdorff: 269.9876 | HD95: 35.9740 | val_loss: 1.6386 | LR: 0.001000
2025-08-21 03:19:30 INFO Epoch 022 | Train Loss: 1.1718 | Val Loss: 1.6363 | Dice: 0.4733 | softDice: 0.4684 | clDice: 0.5244 | softclDice: 0.4756 | IoU: 0.3105 | Tversky: 0.4733 | Hausdorff: 282.6873 | HD95: 34.8471 | val_loss: 1.6363 | LR: 0.001000
2025-08-21 03:21:25 INFO Epoch 023 | Train Loss: 1.1734 | Val Loss: 1.6372 | Dice: 0.4806 | softDice: 0.4761 | clDice: 0.5368 | softclDice: 0.4592 | IoU: 0.3167 | Tversky: 0.4806 | Hausdorff: 264.7016 | HD95: 36.6653 | val_loss: 1.6372 | LR: 0.000500
2025-08-21 03:23:17 INFO Epoch 024 | Train Loss: 1.1698 | Val Loss: 1.6369 | Dice: 0.4869 | softDice: 0.4828 | clDice: 0.5409 | softclDice: 0.4548 | IoU: 0.3223 | Tversky: 0.4869 | Hausdorff: 272.4126 | HD95: 33.1265 | val_loss: 1.6369 | LR: 0.000500
2025-08-21 03:25:09 INFO Epoch 025 | Train Loss: 1.1703 | Val Loss: 1.6372 | Dice: 0.4792 | softDice: 0.4753 | clDice: 0.5284 | softclDice: 0.4669 | IoU: 0.3156 | Tversky: 0.4792 | Hausdorff: 303.5895 | HD95: 37.9783 | val_loss: 1.6372 | LR: 0.000500
2025-08-21 03:26:57 INFO Epoch 026 | Train Loss: 1.1627 | Val Loss: 1.6359 | Dice: 0.4864 | softDice: 0.4823 | clDice: 0.5375 | softclDice: 0.4582 | IoU: 0.3219 | Tversky: 0.4864 | Hausdorff: 272.8770 | HD95: 33.1915 | val_loss: 1.6359 | LR: 0.000500
2025-08-21 03:28:51 INFO Epoch 027 | Train Loss: 1.1676 | Val Loss: 1.6374 | Dice: 0.4849 | softDice: 0.4814 | clDice: 0.5429 | softclDice: 0.4530 | IoU: 0.3206 | Tversky: 0.4849 | Hausdorff: 276.3423 | HD95: 35.8497 | val_loss: 1.6374 | LR: 0.000500
2025-08-21 03:30:43 INFO Epoch 028 | Train Loss: 1.1654 | Val Loss: 1.6373 | Dice: 0.4864 | softDice: 0.4829 | clDice: 0.5427 | softclDice: 0.4538 | IoU: 0.3218 | Tversky: 0.4864 | Hausdorff: 260.3693 | HD95: 35.6958 | val_loss: 1.6373 | LR: 0.000500
2025-08-21 03:32:32 INFO Epoch 029 | Train Loss: 1.1623 | Val Loss: 1.6373 | Dice: 0.4822 | softDice: 0.4790 | clDice: 0.5339 | softclDice: 0.4629 | IoU: 0.3182 | Tversky: 0.4822 | Hausdorff: 292.1438 | HD95: 33.7514 | val_loss: 1.6373 | LR: 0.000250
2025-08-21 03:34:23 INFO Epoch 030 | Train Loss: 1.1674 | Val Loss: 1.6357 | Dice: 0.4897 | softDice: 0.4857 | clDice: 0.5416 | softclDice: 0.4566 | IoU: 0.3248 | Tversky: 0.4897 | Hausdorff: 300.7499 | HD95: 32.1511 | val_loss: 1.6357 | LR: 0.000250
2025-08-21 03:36:10 INFO Epoch 031 | Train Loss: 1.1672 | Val Loss: 1.6368 | Dice: 0.4873 | softDice: 0.4837 | clDice: 0.5389 | softclDice: 0.4572 | IoU: 0.3226 | Tversky: 0.4873 | Hausdorff: 291.4043 | HD95: 31.7252 | val_loss: 1.6368 | LR: 0.000250
2025-08-21 03:38:06 INFO Epoch 032 | Train Loss: 1.1595 | Val Loss: 1.6364 | Dice: 0.4866 | softDice: 0.4829 | clDice: 0.5396 | softclDice: 0.4569 | IoU: 0.3220 | Tversky: 0.4866 | Hausdorff: 268.8161 | HD95: 33.2548 | val_loss: 1.6364 | LR: 0.000250
2025-08-21 03:39:56 INFO Epoch 033 | Train Loss: 1.1576 | Val Loss: 1.6363 | Dice: 0.4912 | softDice: 0.4874 | clDice: 0.5416 | softclDice: 0.4526 | IoU: 0.3260 | Tversky: 0.4912 | Hausdorff: 269.9160 | HD95: 33.6809 | val_loss: 1.6363 | LR: 0.000250
2025-08-21 03:41:46 INFO Epoch 034 | Train Loss: 1.1619 | Val Loss: 1.6369 | Dice: 0.4919 | softDice: 0.4880 | clDice: 0.5478 | softclDice: 0.4491 | IoU: 0.3266 | Tversky: 0.4919 | Hausdorff: 301.4007 | HD95: 32.3171 | val_loss: 1.6369 | LR: 0.000250
2025-08-21 03:43:42 INFO Epoch 035 | Train Loss: 1.1562 | Val Loss: 1.6368 | Dice: 0.4913 | softDice: 0.4876 | clDice: 0.5455 | softclDice: 0.4501 | IoU: 0.3261 | Tversky: 0.4913 | Hausdorff: 263.8603 | HD95: 29.9987 | val_loss: 1.6368 | LR: 0.000125
2025-08-21 03:45:34 INFO Epoch 036 | Train Loss: 1.1532 | Val Loss: 1.6366 | Dice: 0.4901 | softDice: 0.4867 | clDice: 0.5428 | softclDice: 0.4532 | IoU: 0.3250 | Tversky: 0.4901 | Hausdorff: 290.2805 | HD95: 31.8208 | val_loss: 1.6366 | LR: 0.000125
2025-08-21 03:47:25 INFO Epoch 037 | Train Loss: 1.1577 | Val Loss: 1.6364 | Dice: 0.4920 | softDice: 0.4883 | clDice: 0.5457 | softclDice: 0.4501 | IoU: 0.3268 | Tversky: 0.4920 | Hausdorff: 301.2312 | HD95: 30.9077 | val_loss: 1.6364 | LR: 0.000125
2025-08-21 03:49:13 INFO Epoch 038 | Train Loss: 1.1577 | Val Loss: 1.6365 | Dice: 0.4907 | softDice: 0.4873 | clDice: 0.5428 | softclDice: 0.4536 | IoU: 0.3256 | Tversky: 0.4907 | Hausdorff: 275.5679 | HD95: 30.6658 | val_loss: 1.6365 | LR: 0.000125
2025-08-21 03:51:02 INFO Epoch 039 | Train Loss: 1.1510 | Val Loss: 1.6370 | Dice: 0.4926 | softDice: 0.4892 | clDice: 0.5473 | softclDice: 0.4484 | IoU: 0.3272 | Tversky: 0.4926 | Hausdorff: 299.2016 | HD95: 28.9068 | val_loss: 1.6370 | LR: 0.000125
2025-08-21 03:52:58 INFO Early stopping at epoch 40 | Best Dice: 0.4926 at epoch 1
2025-08-21 03:53:51 INFO Fold 2 results: Dice: 0.4926 | softDice: 0.4892 | clDice: 0.5473 | softclDice: 0.4484 | IoU: 0.3272 | Tversky: 0.4926 | Hausdorff: 299.2016 | HD95: 28.9068 | val_loss: 1.6370
2025-08-21 03:53:51 INFO ===== Fold 3 / 5 =====
2025-08-21 03:53:51 INFO Loading model unet with settings {'name': 'unet', 'encoder_name': 'se_resnext50_32x4d', 'encoder_weights': 'imagenet', 'classes': 1, 'activation': None, 'dropout': 0.2}
2025-08-21 03:55:45 INFO Epoch 001 | Train Loss: 1.3939 | Val Loss: 1.6487 | Dice: 0.4444 | softDice: 0.3963 | clDice: 0.4927 | softclDice: 0.5798 | IoU: 0.2866 | Tversky: 0.4444 | Hausdorff: 380.1236 | HD95: 50.9391 | val_loss: 1.6487 | LR: 0.001000
2025-08-21 03:57:41 INFO Epoch 002 | Train Loss: 1.2343 | Val Loss: 1.6547 | Dice: 0.4348 | softDice: 0.4186 | clDice: 0.5025 | softclDice: 0.5346 | IoU: 0.2785 | Tversky: 0.4348 | Hausdorff: 657.8405 | HD95: 59.4176 | val_loss: 1.6547 | LR: 0.001000
2025-08-21 03:59:34 INFO Epoch 003 | Train Loss: 1.2098 | Val Loss: 1.6485 | Dice: 0.4506 | softDice: 0.4414 | clDice: 0.5065 | softclDice: 0.5143 | IoU: 0.2917 | Tversky: 0.4506 | Hausdorff: 693.2913 | HD95: 47.5987 | val_loss: 1.6485 | LR: 0.001000
2025-08-21 04:01:25 INFO Epoch 004 | Train Loss: 1.2068 | Val Loss: 1.6425 | Dice: 0.4608 | softDice: 0.4565 | clDice: 0.5163 | softclDice: 0.4885 | IoU: 0.3006 | Tversky: 0.4608 | Hausdorff: 405.5257 | HD95: 48.7505 | val_loss: 1.6425 | LR: 0.001000
2025-08-21 04:03:15 INFO Epoch 005 | Train Loss: 1.1952 | Val Loss: 1.6456 | Dice: 0.4534 | softDice: 0.4483 | clDice: 0.5099 | softclDice: 0.4976 | IoU: 0.2940 | Tversky: 0.4534 | Hausdorff: 263.2161 | HD95: 46.3853 | val_loss: 1.6456 | LR: 0.001000
2025-08-21 04:05:09 INFO Epoch 006 | Train Loss: 1.1899 | Val Loss: 1.6458 | Dice: 0.4724 | softDice: 0.4651 | clDice: 0.5393 | softclDice: 0.4677 | IoU: 0.3100 | Tversky: 0.4724 | Hausdorff: 357.5427 | HD95: 39.5170 | val_loss: 1.6458 | LR: 0.001000
2025-08-21 04:07:01 INFO Epoch 007 | Train Loss: 1.1893 | Val Loss: 1.6454 | Dice: 0.4749 | softDice: 0.4711 | clDice: 0.5454 | softclDice: 0.4560 | IoU: 0.3119 | Tversky: 0.4749 | Hausdorff: 242.3744 | HD95: 50.2815 | val_loss: 1.6454 | LR: 0.001000
2025-08-21 04:08:59 INFO Epoch 008 | Train Loss: 1.1898 | Val Loss: 1.6445 | Dice: 0.4598 | softDice: 0.4533 | clDice: 0.5117 | softclDice: 0.4940 | IoU: 0.2994 | Tversky: 0.4598 | Hausdorff: 317.7608 | HD95: 44.1599 | val_loss: 1.6445 | LR: 0.001000
2025-08-21 04:10:57 INFO Epoch 009 | Train Loss: 1.1893 | Val Loss: 1.6431 | Dice: 0.4803 | softDice: 0.4788 | clDice: 0.5517 | softclDice: 0.4445 | IoU: 0.3170 | Tversky: 0.4803 | Hausdorff: 227.5098 | HD95: 44.8061 | val_loss: 1.6431 | LR: 0.001000
2025-08-21 04:12:47 INFO Epoch 010 | Train Loss: 1.1929 | Val Loss: 1.6443 | Dice: 0.4681 | softDice: 0.4635 | clDice: 0.5207 | softclDice: 0.4836 | IoU: 0.3064 | Tversky: 0.4681 | Hausdorff: 255.6871 | HD95: 44.4266 | val_loss: 1.6443 | LR: 0.000500
2025-08-21 04:14:41 INFO Epoch 011 | Train Loss: 1.1796 | Val Loss: 1.6428 | Dice: 0.4811 | softDice: 0.4758 | clDice: 0.5439 | softclDice: 0.4533 | IoU: 0.3177 | Tversky: 0.4811 | Hausdorff: 265.1617 | HD95: 46.8911 | val_loss: 1.6428 | LR: 0.000500
2025-08-21 04:16:31 INFO Epoch 012 | Train Loss: 1.1742 | Val Loss: 1.6416 | Dice: 0.4868 | softDice: 0.4833 | clDice: 0.5457 | softclDice: 0.4490 | IoU: 0.3228 | Tversky: 0.4868 | Hausdorff: 261.5756 | HD95: 43.9000 | val_loss: 1.6416 | LR: 0.000500
2025-08-21 04:18:27 INFO Epoch 013 | Train Loss: 1.1748 | Val Loss: 1.6444 | Dice: 0.4909 | softDice: 0.4854 | clDice: 0.5528 | softclDice: 0.4443 | IoU: 0.3260 | Tversky: 0.4909 | Hausdorff: 241.3490 | HD95: 34.5019 | val_loss: 1.6444 | LR: 0.000500
2025-08-21 04:20:17 INFO Epoch 014 | Train Loss: 1.1698 | Val Loss: 1.6416 | Dice: 0.4899 | softDice: 0.4864 | clDice: 0.5484 | softclDice: 0.4427 | IoU: 0.3253 | Tversky: 0.4899 | Hausdorff: 227.5505 | HD95: 40.7474 | val_loss: 1.6416 | LR: 0.000500
2025-08-21 04:22:08 INFO Epoch 015 | Train Loss: 1.1725 | Val Loss: 1.6424 | Dice: 0.4904 | softDice: 0.4865 | clDice: 0.5505 | softclDice: 0.4430 | IoU: 0.3258 | Tversky: 0.4904 | Hausdorff: 217.4898 | HD95: 36.8615 | val_loss: 1.6424 | LR: 0.000500
2025-08-21 04:24:01 INFO Epoch 016 | Train Loss: 1.1726 | Val Loss: 1.6423 | Dice: 0.4844 | softDice: 0.4809 | clDice: 0.5379 | softclDice: 0.4543 | IoU: 0.3205 | Tversky: 0.4844 | Hausdorff: 202.5007 | HD95: 37.0083 | val_loss: 1.6423 | LR: 0.000500
2025-08-21 04:25:51 INFO Epoch 017 | Train Loss: 1.1687 | Val Loss: 1.6430 | Dice: 0.4930 | softDice: 0.4883 | clDice: 0.5532 | softclDice: 0.4404 | IoU: 0.3281 | Tversky: 0.4930 | Hausdorff: 263.9247 | HD95: 33.3212 | val_loss: 1.6430 | LR: 0.000500
2025-08-21 04:27:41 INFO Epoch 018 | Train Loss: 1.1663 | Val Loss: 1.6415 | Dice: 0.4841 | softDice: 0.4791 | clDice: 0.5414 | softclDice: 0.4533 | IoU: 0.3205 | Tversky: 0.4841 | Hausdorff: 263.3327 | HD95: 42.5938 | val_loss: 1.6415 | LR: 0.000250
2025-08-21 04:29:33 INFO Epoch 019 | Train Loss: 1.1717 | Val Loss: 1.6433 | Dice: 0.4892 | softDice: 0.4855 | clDice: 0.5471 | softclDice: 0.4436 | IoU: 0.3247 | Tversky: 0.4892 | Hausdorff: 293.8325 | HD95: 33.2573 | val_loss: 1.6433 | LR: 0.000250
2025-08-21 04:31:22 INFO Epoch 020 | Train Loss: 1.1638 | Val Loss: 1.6423 | Dice: 0.4884 | softDice: 0.4836 | clDice: 0.5440 | softclDice: 0.4497 | IoU: 0.3240 | Tversky: 0.4884 | Hausdorff: 224.7557 | HD95: 34.8995 | val_loss: 1.6423 | LR: 0.000250
2025-08-21 04:33:19 INFO Epoch 021 | Train Loss: 1.1675 | Val Loss: 1.6421 | Dice: 0.4905 | softDice: 0.4866 | clDice: 0.5458 | softclDice: 0.4477 | IoU: 0.3260 | Tversky: 0.4905 | Hausdorff: 267.4468 | HD95: 34.7133 | val_loss: 1.6421 | LR: 0.000250
2025-08-21 04:35:09 INFO Epoch 022 | Train Loss: 1.1594 | Val Loss: 1.6427 | Dice: 0.4934 | softDice: 0.4887 | clDice: 0.5549 | softclDice: 0.4398 | IoU: 0.3285 | Tversky: 0.4934 | Hausdorff: 261.6384 | HD95: 35.2132 | val_loss: 1.6427 | LR: 0.000250
2025-08-21 04:37:00 INFO Epoch 023 | Train Loss: 1.1606 | Val Loss: 1.6417 | Dice: 0.4965 | softDice: 0.4921 | clDice: 0.5526 | softclDice: 0.4417 | IoU: 0.3312 | Tversky: 0.4965 | Hausdorff: 215.2843 | HD95: 33.0384 | val_loss: 1.6417 | LR: 0.000250
2025-08-21 04:38:49 INFO Epoch 024 | Train Loss: 1.1666 | Val Loss: 1.6425 | Dice: 0.4948 | softDice: 0.4904 | clDice: 0.5588 | softclDice: 0.4346 | IoU: 0.3297 | Tversky: 0.4948 | Hausdorff: 209.3488 | HD95: 36.6037 | val_loss: 1.6425 | LR: 0.000125
2025-08-21 04:40:40 INFO Epoch 025 | Train Loss: 1.1636 | Val Loss: 1.6419 | Dice: 0.4983 | softDice: 0.4939 | clDice: 0.5581 | softclDice: 0.4349 | IoU: 0.3328 | Tversky: 0.4983 | Hausdorff: 217.4459 | HD95: 35.2316 | val_loss: 1.6419 | LR: 0.000125
2025-08-21 04:42:31 INFO Epoch 026 | Train Loss: 1.1576 | Val Loss: 1.6423 | Dice: 0.4949 | softDice: 0.4908 | clDice: 0.5550 | softclDice: 0.4376 | IoU: 0.3298 | Tversky: 0.4949 | Hausdorff: 220.9822 | HD95: 33.7122 | val_loss: 1.6423 | LR: 0.000125
2025-08-21 04:44:22 INFO Epoch 027 | Train Loss: 1.1634 | Val Loss: 1.6421 | Dice: 0.4976 | softDice: 0.4930 | clDice: 0.5593 | softclDice: 0.4332 | IoU: 0.3321 | Tversky: 0.4976 | Hausdorff: 208.5093 | HD95: 34.1371 | val_loss: 1.6421 | LR: 0.000125
2025-08-21 04:46:14 INFO Epoch 028 | Train Loss: 1.1557 | Val Loss: 1.6423 | Dice: 0.4963 | softDice: 0.4916 | clDice: 0.5587 | softclDice: 0.4344 | IoU: 0.3309 | Tversky: 0.4963 | Hausdorff: 215.1101 | HD95: 35.2238 | val_loss: 1.6423 | LR: 0.000125
2025-08-21 04:48:03 INFO Epoch 029 | Train Loss: 1.1564 | Val Loss: 1.6425 | Dice: 0.4975 | softDice: 0.4933 | clDice: 0.5585 | softclDice: 0.4332 | IoU: 0.3320 | Tversky: 0.4975 | Hausdorff: 242.2613 | HD95: 32.4342 | val_loss: 1.6425 | LR: 0.000125
2025-08-21 04:49:59 INFO Epoch 030 | Train Loss: 1.1558 | Val Loss: 1.6430 | Dice: 0.4987 | softDice: 0.4941 | clDice: 0.5607 | softclDice: 0.4311 | IoU: 0.3330 | Tversky: 0.4987 | Hausdorff: 238.7616 | HD95: 32.1013 | val_loss: 1.6430 | LR: 0.000063
2025-08-21 04:51:50 INFO Epoch 031 | Train Loss: 1.1532 | Val Loss: 1.6423 | Dice: 0.4966 | softDice: 0.4923 | clDice: 0.5564 | softclDice: 0.4370 | IoU: 0.3313 | Tversky: 0.4966 | Hausdorff: 243.4565 | HD95: 34.3345 | val_loss: 1.6423 | LR: 0.000063
2025-08-21 04:53:39 INFO Epoch 032 | Train Loss: 1.1583 | Val Loss: 1.6423 | Dice: 0.4964 | softDice: 0.4922 | clDice: 0.5548 | softclDice: 0.4390 | IoU: 0.3311 | Tversky: 0.4964 | Hausdorff: 237.3409 | HD95: 32.7678 | val_loss: 1.6423 | LR: 0.000063
2025-08-21 04:55:32 INFO Epoch 033 | Train Loss: 1.1539 | Val Loss: 1.6424 | Dice: 0.4958 | softDice: 0.4918 | clDice: 0.5539 | softclDice: 0.4388 | IoU: 0.3306 | Tversky: 0.4958 | Hausdorff: 238.0243 | HD95: 33.1587 | val_loss: 1.6424 | LR: 0.000063
2025-08-21 04:57:20 INFO Epoch 034 | Train Loss: 1.1521 | Val Loss: 1.6425 | Dice: 0.4936 | softDice: 0.4892 | clDice: 0.5525 | softclDice: 0.4408 | IoU: 0.3286 | Tversky: 0.4936 | Hausdorff: 208.5690 | HD95: 32.4503 | val_loss: 1.6425 | LR: 0.000063
2025-08-21 04:59:10 INFO Epoch 035 | Train Loss: 1.1525 | Val Loss: 1.6426 | Dice: 0.4970 | softDice: 0.4930 | clDice: 0.5563 | softclDice: 0.4350 | IoU: 0.3316 | Tversky: 0.4970 | Hausdorff: 232.5909 | HD95: 31.6771 | val_loss: 1.6426 | LR: 0.000063
2025-08-21 05:01:03 INFO Epoch 036 | Train Loss: 1.1527 | Val Loss: 1.6420 | Dice: 0.4987 | softDice: 0.4941 | clDice: 0.5561 | softclDice: 0.4359 | IoU: 0.3331 | Tversky: 0.4987 | Hausdorff: 230.5190 | HD95: 31.2713 | val_loss: 1.6420 | LR: 0.000031
2025-08-21 05:02:51 INFO Epoch 037 | Train Loss: 1.1575 | Val Loss: 1.6425 | Dice: 0.4976 | softDice: 0.4930 | clDice: 0.5569 | softclDice: 0.4353 | IoU: 0.3321 | Tversky: 0.4976 | Hausdorff: 234.1341 | HD95: 32.3187 | val_loss: 1.6425 | LR: 0.000031
2025-08-21 05:04:40 INFO Epoch 038 | Train Loss: 1.1553 | Val Loss: 1.6424 | Dice: 0.4986 | softDice: 0.4939 | clDice: 0.5588 | softclDice: 0.4333 | IoU: 0.3330 | Tversky: 0.4986 | Hausdorff: 241.0789 | HD95: 32.2906 | val_loss: 1.6424 | LR: 0.000031
2025-08-21 05:06:30 INFO Epoch 039 | Train Loss: 1.1590 | Val Loss: 1.6423 | Dice: 0.5000 | softDice: 0.4956 | clDice: 0.5598 | softclDice: 0.4322 | IoU: 0.3342 | Tversky: 0.5000 | Hausdorff: 240.9137 | HD95: 31.8701 | val_loss: 1.6423 | LR: 0.000031
2025-08-21 05:08:20 INFO Epoch 040 | Train Loss: 1.1567 | Val Loss: 1.6426 | Dice: 0.4990 | softDice: 0.4946 | clDice: 0.5593 | softclDice: 0.4327 | IoU: 0.3333 | Tversky: 0.4990 | Hausdorff: 240.9509 | HD95: 32.0572 | val_loss: 1.6426 | LR: 0.000031
2025-08-21 05:10:10 INFO Epoch 041 | Train Loss: 1.1521 | Val Loss: 1.6422 | Dice: 0.4984 | softDice: 0.4939 | clDice: 0.5575 | softclDice: 0.4355 | IoU: 0.3328 | Tversky: 0.4984 | Hausdorff: 240.8992 | HD95: 32.1990 | val_loss: 1.6422 | LR: 0.000031
2025-08-21 05:11:58 INFO Early stopping at epoch 42 | Best Dice: 0.5000 at epoch 1
2025-08-21 05:12:51 INFO Fold 3 results: Dice: 0.4987 | softDice: 0.4941 | clDice: 0.5607 | softclDice: 0.4311 | IoU: 0.3330 | Tversky: 0.4987 | Hausdorff: 238.7616 | HD95: 32.1013 | val_loss: 1.6430
2025-08-21 05:12:51 INFO ===== Fold 4 / 5 =====
2025-08-21 05:12:51 INFO Loading model unet with settings {'name': 'unet', 'encoder_name': 'se_resnext50_32x4d', 'encoder_weights': 'imagenet', 'classes': 1, 'activation': None, 'dropout': 0.2}
2025-08-21 05:14:41 INFO Epoch 001 | Train Loss: 1.5197 | Val Loss: 1.6645 | Dice: 0.4058 | softDice: 0.2720 | clDice: 0.4683 | softclDice: 0.7839 | IoU: 0.2547 | Tversky: 0.4058 | Hausdorff: 535.0976 | HD95: 94.7642 | val_loss: 1.6645 | LR: 0.001000
2025-08-21 05:16:33 INFO Epoch 002 | Train Loss: 1.2738 | Val Loss: 1.6430 | Dice: 0.4441 | softDice: 0.4137 | clDice: 0.4943 | softclDice: 0.5480 | IoU: 0.2856 | Tversky: 0.4441 | Hausdorff: 310.9379 | HD95: 54.1066 | val_loss: 1.6430 | LR: 0.001000
2025-08-21 05:18:25 INFO Epoch 003 | Train Loss: 1.2282 | Val Loss: 1.6419 | Dice: 0.4549 | softDice: 0.4421 | clDice: 0.5126 | softclDice: 0.5111 | IoU: 0.2946 | Tversky: 0.4549 | Hausdorff: 357.5671 | HD95: 50.5118 | val_loss: 1.6419 | LR: 0.001000
2025-08-21 05:20:17 INFO Epoch 004 | Train Loss: 1.2050 | Val Loss: 1.6359 | Dice: 0.4576 | softDice: 0.4491 | clDice: 0.5117 | softclDice: 0.4902 | IoU: 0.2968 | Tversky: 0.4576 | Hausdorff: 234.2283 | HD95: 52.3462 | val_loss: 1.6359 | LR: 0.001000
2025-08-21 05:22:08 INFO Epoch 005 | Train Loss: 1.2055 | Val Loss: 1.6417 | Dice: 0.4642 | softDice: 0.4560 | clDice: 0.5137 | softclDice: 0.4966 | IoU: 0.3025 | Tversky: 0.4642 | Hausdorff: 247.0416 | HD95: 52.6318 | val_loss: 1.6417 | LR: 0.001000
2025-08-21 05:23:58 INFO Epoch 006 | Train Loss: 1.2042 | Val Loss: 1.6389 | Dice: 0.4631 | softDice: 0.4554 | clDice: 0.5163 | softclDice: 0.4867 | IoU: 0.3016 | Tversky: 0.4631 | Hausdorff: 336.0443 | HD95: 50.5165 | val_loss: 1.6389 | LR: 0.001000
2025-08-21 05:25:51 INFO Epoch 007 | Train Loss: 1.1980 | Val Loss: 1.6379 | Dice: 0.4734 | softDice: 0.4672 | clDice: 0.5338 | softclDice: 0.4673 | IoU: 0.3103 | Tversky: 0.4734 | Hausdorff: 229.7144 | HD95: 39.1440 | val_loss: 1.6379 | LR: 0.001000
2025-08-21 05:27:43 INFO Epoch 008 | Train Loss: 1.1880 | Val Loss: 1.6390 | Dice: 0.4687 | softDice: 0.4621 | clDice: 0.5355 | softclDice: 0.4652 | IoU: 0.3063 | Tversky: 0.4687 | Hausdorff: 242.9048 | HD95: 41.9222 | val_loss: 1.6390 | LR: 0.001000
2025-08-21 05:29:31 INFO Epoch 009 | Train Loss: 1.1979 | Val Loss: 1.6337 | Dice: 0.4724 | softDice: 0.4674 | clDice: 0.5230 | softclDice: 0.4758 | IoU: 0.3095 | Tversky: 0.4724 | Hausdorff: 214.1561 | HD95: 50.6318 | val_loss: 1.6337 | LR: 0.001000
2025-08-21 05:31:21 INFO Epoch 010 | Train Loss: 1.1817 | Val Loss: 1.6361 | Dice: 0.4756 | softDice: 0.4696 | clDice: 0.5264 | softclDice: 0.4709 | IoU: 0.3123 | Tversky: 0.4756 | Hausdorff: 229.0568 | HD95: 40.7062 | val_loss: 1.6361 | LR: 0.001000
2025-08-21 05:33:12 INFO Epoch 011 | Train Loss: 1.1884 | Val Loss: 1.6373 | Dice: 0.4843 | softDice: 0.4784 | clDice: 0.5489 | softclDice: 0.4445 | IoU: 0.3197 | Tversky: 0.4843 | Hausdorff: 228.0064 | HD95: 36.7859 | val_loss: 1.6373 | LR: 0.001000
2025-08-21 05:35:05 INFO Epoch 012 | Train Loss: 1.1877 | Val Loss: 1.6344 | Dice: 0.4786 | softDice: 0.4728 | clDice: 0.5284 | softclDice: 0.4701 | IoU: 0.3148 | Tversky: 0.4786 | Hausdorff: 212.3806 | HD95: 37.8388 | val_loss: 1.6344 | LR: 0.001000
2025-08-21 05:36:53 INFO Epoch 013 | Train Loss: 1.1816 | Val Loss: 1.6366 | Dice: 0.4811 | softDice: 0.4758 | clDice: 0.5322 | softclDice: 0.4650 | IoU: 0.3170 | Tversky: 0.4811 | Hausdorff: 251.8109 | HD95: 39.6895 | val_loss: 1.6366 | LR: 0.001000
2025-08-21 05:38:45 INFO Epoch 014 | Train Loss: 1.1831 | Val Loss: 1.6390 | Dice: 0.4670 | softDice: 0.4610 | clDice: 0.5094 | softclDice: 0.4930 | IoU: 0.3050 | Tversky: 0.4670 | Hausdorff: 247.0319 | HD95: 54.1382 | val_loss: 1.6390 | LR: 0.001000
2025-08-21 05:40:33 INFO Epoch 015 | Train Loss: 1.1863 | Val Loss: 1.6384 | Dice: 0.4743 | softDice: 0.4697 | clDice: 0.5325 | softclDice: 0.4672 | IoU: 0.3111 | Tversky: 0.4743 | Hausdorff: 220.6329 | HD95: 41.1905 | val_loss: 1.6384 | LR: 0.000500
2025-08-21 05:42:24 INFO Epoch 016 | Train Loss: 1.1772 | Val Loss: 1.6368 | Dice: 0.4907 | softDice: 0.4854 | clDice: 0.5528 | softclDice: 0.4434 | IoU: 0.3253 | Tversky: 0.4907 | Hausdorff: 230.4704 | HD95: 34.8812 | val_loss: 1.6368 | LR: 0.000500
2025-08-21 05:44:19 INFO Epoch 017 | Train Loss: 1.1694 | Val Loss: 1.6355 | Dice: 0.4925 | softDice: 0.4876 | clDice: 0.5512 | softclDice: 0.4425 | IoU: 0.3270 | Tversky: 0.4925 | Hausdorff: 210.3993 | HD95: 34.3296 | val_loss: 1.6355 | LR: 0.000500
2025-08-21 05:46:09 INFO Epoch 018 | Train Loss: 1.1741 | Val Loss: 1.6366 | Dice: 0.4921 | softDice: 0.4874 | clDice: 0.5517 | softclDice: 0.4442 | IoU: 0.3266 | Tversky: 0.4921 | Hausdorff: 218.2408 | HD95: 31.3801 | val_loss: 1.6366 | LR: 0.000500
2025-08-21 05:48:01 INFO Epoch 019 | Train Loss: 1.1708 | Val Loss: 1.6353 | Dice: 0.4943 | softDice: 0.4890 | clDice: 0.5540 | softclDice: 0.4410 | IoU: 0.3285 | Tversky: 0.4943 | Hausdorff: 209.6597 | HD95: 31.4655 | val_loss: 1.6353 | LR: 0.000500
2025-08-21 05:49:50 INFO Epoch 020 | Train Loss: 1.1677 | Val Loss: 1.6364 | Dice: 0.4894 | softDice: 0.4845 | clDice: 0.5468 | softclDice: 0.4505 | IoU: 0.3242 | Tversky: 0.4894 | Hausdorff: 243.3799 | HD95: 33.7994 | val_loss: 1.6364 | LR: 0.000500
2025-08-21 05:51:39 INFO Epoch 021 | Train Loss: 1.1678 | Val Loss: 1.6360 | Dice: 0.4963 | softDice: 0.4920 | clDice: 0.5542 | softclDice: 0.4384 | IoU: 0.3303 | Tversky: 0.4963 | Hausdorff: 209.7467 | HD95: 30.9887 | val_loss: 1.6360 | LR: 0.000250
2025-08-21 05:53:30 INFO Epoch 022 | Train Loss: 1.1728 | Val Loss: 1.6353 | Dice: 0.4959 | softDice: 0.4906 | clDice: 0.5522 | softclDice: 0.4426 | IoU: 0.3299 | Tversky: 0.4959 | Hausdorff: 209.2217 | HD95: 31.5520 | val_loss: 1.6353 | LR: 0.000250
2025-08-21 05:55:20 INFO Epoch 023 | Train Loss: 1.1678 | Val Loss: 1.6347 | Dice: 0.4938 | softDice: 0.4884 | clDice: 0.5500 | softclDice: 0.4444 | IoU: 0.3281 | Tversky: 0.4938 | Hausdorff: 203.4288 | HD95: 31.9750 | val_loss: 1.6347 | LR: 0.000250
2025-08-21 05:57:12 INFO Epoch 024 | Train Loss: 1.1649 | Val Loss: 1.6347 | Dice: 0.4933 | softDice: 0.4878 | clDice: 0.5474 | softclDice: 0.4516 | IoU: 0.3277 | Tversky: 0.4933 | Hausdorff: 215.0986 | HD95: 31.2564 | val_loss: 1.6347 | LR: 0.000250
2025-08-21 05:59:02 INFO Epoch 025 | Train Loss: 1.1679 | Val Loss: 1.6355 | Dice: 0.4960 | softDice: 0.4915 | clDice: 0.5543 | softclDice: 0.4390 | IoU: 0.3300 | Tversky: 0.4960 | Hausdorff: 203.7649 | HD95: 29.5844 | val_loss: 1.6355 | LR: 0.000250
2025-08-21 06:00:52 INFO Epoch 026 | Train Loss: 1.1625 | Val Loss: 1.6345 | Dice: 0.4974 | softDice: 0.4925 | clDice: 0.5517 | softclDice: 0.4446 | IoU: 0.3313 | Tversky: 0.4974 | Hausdorff: 211.1418 | HD95: 29.9906 | val_loss: 1.6345 | LR: 0.000250
2025-08-21 06:02:45 INFO Epoch 027 | Train Loss: 1.1623 | Val Loss: 1.6345 | Dice: 0.4949 | softDice: 0.4901 | clDice: 0.5473 | softclDice: 0.4495 | IoU: 0.3291 | Tversky: 0.4949 | Hausdorff: 203.6153 | HD95: 29.5323 | val_loss: 1.6345 | LR: 0.000125
2025-08-21 06:04:34 INFO Epoch 028 | Train Loss: 1.1619 | Val Loss: 1.6352 | Dice: 0.4974 | softDice: 0.4924 | clDice: 0.5558 | softclDice: 0.4384 | IoU: 0.3312 | Tversky: 0.4974 | Hausdorff: 204.6496 | HD95: 29.7173 | val_loss: 1.6352 | LR: 0.000125
2025-08-21 06:06:25 INFO Epoch 029 | Train Loss: 1.1617 | Val Loss: 1.6355 | Dice: 0.4954 | softDice: 0.4907 | clDice: 0.5494 | softclDice: 0.4460 | IoU: 0.3295 | Tversky: 0.4954 | Hausdorff: 207.2002 | HD95: 28.3650 | val_loss: 1.6355 | LR: 0.000125
2025-08-21 06:08:14 INFO Epoch 030 | Train Loss: 1.1619 | Val Loss: 1.6350 | Dice: 0.4983 | softDice: 0.4939 | clDice: 0.5545 | softclDice: 0.4410 | IoU: 0.3321 | Tversky: 0.4983 | Hausdorff: 202.8608 | HD95: 29.0904 | val_loss: 1.6350 | LR: 0.000125
2025-08-21 06:10:05 INFO Epoch 031 | Train Loss: 1.1601 | Val Loss: 1.6353 | Dice: 0.4960 | softDice: 0.4915 | clDice: 0.5525 | softclDice: 0.4419 | IoU: 0.3300 | Tversky: 0.4960 | Hausdorff: 199.1129 | HD95: 29.2734 | val_loss: 1.6353 | LR: 0.000125
2025-08-21 06:11:57 INFO Epoch 032 | Train Loss: 1.1602 | Val Loss: 1.6347 | Dice: 0.5015 | softDice: 0.4965 | clDice: 0.5582 | softclDice: 0.4359 | IoU: 0.3350 | Tversky: 0.5015 | Hausdorff: 205.4054 | HD95: 29.0089 | val_loss: 1.6347 | LR: 0.000125
2025-08-21 06:13:46 INFO Epoch 033 | Train Loss: 1.1620 | Val Loss: 1.6353 | Dice: 0.4973 | softDice: 0.4927 | clDice: 0.5548 | softclDice: 0.4399 | IoU: 0.3313 | Tversky: 0.4973 | Hausdorff: 208.4322 | HD95: 29.0705 | val_loss: 1.6353 | LR: 0.000063
2025-08-21 06:15:37 INFO Early stopping at epoch 34 | Best Dice: 0.5015 at epoch 1
2025-08-21 06:16:29 INFO Fold 4 results: Dice: 0.5015 | softDice: 0.4965 | clDice: 0.5582 | softclDice: 0.4359 | IoU: 0.3350 | Tversky: 0.5015 | Hausdorff: 205.4054 | HD95: 29.0089 | val_loss: 1.6347
2025-08-21 06:16:29 INFO ===== Fold 5 / 5 =====
2025-08-21 06:16:29 INFO Loading model unet with settings {'name': 'unet', 'encoder_name': 'se_resnext50_32x4d', 'encoder_weights': 'imagenet', 'classes': 1, 'activation': None, 'dropout': 0.2}
2025-08-21 06:18:22 INFO Epoch 001 | Train Loss: 1.4992 | Val Loss: 1.6728 | Dice: 0.4380 | softDice: 0.3304 | clDice: 0.5043 | softclDice: 0.6760 | IoU: 0.2807 | Tversky: 0.4380 | Hausdorff: 678.2350 | HD95: 61.4435 | val_loss: 1.6728 | LR: 0.001000
2025-08-21 06:20:13 INFO Epoch 002 | Train Loss: 1.2742 | Val Loss: 1.6581 | Dice: 0.4436 | softDice: 0.4027 | clDice: 0.5096 | softclDice: 0.5535 | IoU: 0.2852 | Tversky: 0.4436 | Hausdorff: 409.0519 | HD95: 54.2925 | val_loss: 1.6581 | LR: 0.001000
2025-08-21 06:22:04 INFO Epoch 003 | Train Loss: 1.2239 | Val Loss: 1.6541 | Dice: 0.4652 | softDice: 0.4457 | clDice: 0.5334 | softclDice: 0.4813 | IoU: 0.3033 | Tversky: 0.4652 | Hausdorff: 282.7809 | HD95: 51.6200 | val_loss: 1.6541 | LR: 0.001000
2025-08-21 06:23:57 INFO Epoch 004 | Train Loss: 1.2180 | Val Loss: 1.6533 | Dice: 0.4671 | softDice: 0.4542 | clDice: 0.5336 | softclDice: 0.4691 | IoU: 0.3051 | Tversky: 0.4671 | Hausdorff: 285.0772 | HD95: 49.4033 | val_loss: 1.6533 | LR: 0.001000
2025-08-21 06:25:46 INFO Epoch 005 | Train Loss: 1.1953 | Val Loss: 1.6527 | Dice: 0.4740 | softDice: 0.4628 | clDice: 0.5471 | softclDice: 0.4594 | IoU: 0.3109 | Tversky: 0.4740 | Hausdorff: 228.9537 | HD95: 47.5666 | val_loss: 1.6527 | LR: 0.001000
2025-08-21 06:27:38 INFO Epoch 006 | Train Loss: 1.1956 | Val Loss: 1.6563 | Dice: 0.4598 | softDice: 0.4522 | clDice: 0.5360 | softclDice: 0.4656 | IoU: 0.2988 | Tversky: 0.4598 | Hausdorff: 214.7381 | HD95: 50.4689 | val_loss: 1.6563 | LR: 0.001000
2025-08-21 06:29:26 INFO Epoch 007 | Train Loss: 1.1902 | Val Loss: 1.6524 | Dice: 0.4751 | softDice: 0.4689 | clDice: 0.5361 | softclDice: 0.4582 | IoU: 0.3119 | Tversky: 0.4751 | Hausdorff: 217.0319 | HD95: 50.9084 | val_loss: 1.6524 | LR: 0.001000
2025-08-21 06:31:14 INFO Epoch 008 | Train Loss: 1.1853 | Val Loss: 1.6516 | Dice: 0.4657 | softDice: 0.4580 | clDice: 0.5255 | softclDice: 0.4727 | IoU: 0.3038 | Tversky: 0.4657 | Hausdorff: 222.9590 | HD95: 52.0830 | val_loss: 1.6516 | LR: 0.001000
2025-08-21 06:33:04 INFO Epoch 009 | Train Loss: 1.1826 | Val Loss: 1.6530 | Dice: 0.4670 | softDice: 0.4602 | clDice: 0.5291 | softclDice: 0.4696 | IoU: 0.3049 | Tversky: 0.4670 | Hausdorff: 230.4536 | HD95: 45.0945 | val_loss: 1.6530 | LR: 0.001000
2025-08-21 06:34:51 INFO Epoch 010 | Train Loss: 1.1799 | Val Loss: 1.6502 | Dice: 0.4639 | softDice: 0.4576 | clDice: 0.5145 | softclDice: 0.4834 | IoU: 0.3023 | Tversky: 0.4639 | Hausdorff: 209.4250 | HD95: 52.8073 | val_loss: 1.6502 | LR: 0.001000
2025-08-21 06:36:42 INFO Epoch 011 | Train Loss: 1.1827 | Val Loss: 1.6534 | Dice: 0.4781 | softDice: 0.4729 | clDice: 0.5410 | softclDice: 0.4539 | IoU: 0.3145 | Tversky: 0.4781 | Hausdorff: 320.1737 | HD95: 49.3020 | val_loss: 1.6534 | LR: 0.001000
2025-08-21 06:38:30 INFO Epoch 012 | Train Loss: 1.1732 | Val Loss: 1.6520 | Dice: 0.4696 | softDice: 0.4638 | clDice: 0.5156 | softclDice: 0.4802 | IoU: 0.3072 | Tversky: 0.4696 | Hausdorff: 203.2020 | HD95: 50.1330 | val_loss: 1.6520 | LR: 0.001000
2025-08-21 06:40:19 INFO Epoch 013 | Train Loss: 1.1762 | Val Loss: 1.6511 | Dice: 0.4784 | softDice: 0.4724 | clDice: 0.5399 | softclDice: 0.4544 | IoU: 0.3148 | Tversky: 0.4784 | Hausdorff: 219.3753 | HD95: 40.7774 | val_loss: 1.6511 | LR: 0.001000
2025-08-21 06:42:11 INFO Epoch 014 | Train Loss: 1.1812 | Val Loss: 1.6513 | Dice: 0.4788 | softDice: 0.4735 | clDice: 0.5399 | softclDice: 0.4556 | IoU: 0.3151 | Tversky: 0.4788 | Hausdorff: 241.7341 | HD95: 47.6587 | val_loss: 1.6513 | LR: 0.001000
2025-08-21 06:43:58 INFO Epoch 015 | Train Loss: 1.1793 | Val Loss: 1.6513 | Dice: 0.4782 | softDice: 0.4735 | clDice: 0.5415 | softclDice: 0.4522 | IoU: 0.3145 | Tversky: 0.4782 | Hausdorff: 303.0058 | HD95: 42.8068 | val_loss: 1.6513 | LR: 0.001000
2025-08-21 06:45:47 INFO Epoch 016 | Train Loss: 1.1716 | Val Loss: 1.6497 | Dice: 0.4869 | softDice: 0.4806 | clDice: 0.5512 | softclDice: 0.4443 | IoU: 0.3221 | Tversky: 0.4869 | Hausdorff: 291.6032 | HD95: 40.8852 | val_loss: 1.6497 | LR: 0.001000
2025-08-21 06:47:35 INFO Epoch 017 | Train Loss: 1.1701 | Val Loss: 1.6518 | Dice: 0.4779 | softDice: 0.4736 | clDice: 0.5400 | softclDice: 0.4543 | IoU: 0.3143 | Tversky: 0.4779 | Hausdorff: 239.4475 | HD95: 43.0078 | val_loss: 1.6518 | LR: 0.001000
2025-08-21 06:49:25 INFO Epoch 018 | Train Loss: 1.1731 | Val Loss: 1.6536 | Dice: 0.4791 | softDice: 0.4749 | clDice: 0.5559 | softclDice: 0.4397 | IoU: 0.3154 | Tversky: 0.4791 | Hausdorff: 208.3407 | HD95: 41.2625 | val_loss: 1.6536 | LR: 0.001000
2025-08-21 06:51:16 INFO Epoch 019 | Train Loss: 1.1728 | Val Loss: 1.6529 | Dice: 0.4813 | softDice: 0.4772 | clDice: 0.5552 | softclDice: 0.4392 | IoU: 0.3172 | Tversky: 0.4813 | Hausdorff: 210.1435 | HD95: 39.5469 | val_loss: 1.6529 | LR: 0.001000
2025-08-21 06:53:01 INFO Epoch 020 | Train Loss: 1.1752 | Val Loss: 1.6522 | Dice: 0.4854 | softDice: 0.4814 | clDice: 0.5545 | softclDice: 0.4403 | IoU: 0.3209 | Tversky: 0.4854 | Hausdorff: 215.0289 | HD95: 41.0195 | val_loss: 1.6522 | LR: 0.001000
2025-08-21 06:54:50 INFO Epoch 021 | Train Loss: 1.1727 | Val Loss: 1.6543 | Dice: 0.4738 | softDice: 0.4695 | clDice: 0.5465 | softclDice: 0.4527 | IoU: 0.3108 | Tversky: 0.4738 | Hausdorff: 218.8895 | HD95: 40.8671 | val_loss: 1.6543 | LR: 0.001000
2025-08-21 06:56:38 INFO Epoch 022 | Train Loss: 1.1690 | Val Loss: 1.6497 | Dice: 0.4868 | softDice: 0.4818 | clDice: 0.5507 | softclDice: 0.4465 | IoU: 0.3220 | Tversky: 0.4868 | Hausdorff: 216.2980 | HD95: 42.7684 | val_loss: 1.6497 | LR: 0.000500
2025-08-21 06:58:26 INFO Epoch 023 | Train Loss: 1.1658 | Val Loss: 1.6504 | Dice: 0.4884 | softDice: 0.4841 | clDice: 0.5501 | softclDice: 0.4432 | IoU: 0.3235 | Tversky: 0.4884 | Hausdorff: 215.1552 | HD95: 38.8868 | val_loss: 1.6504 | LR: 0.000500
2025-08-21 07:00:17 INFO Epoch 024 | Train Loss: 1.1626 | Val Loss: 1.6504 | Dice: 0.4878 | softDice: 0.4835 | clDice: 0.5502 | softclDice: 0.4435 | IoU: 0.3230 | Tversky: 0.4878 | Hausdorff: 200.8808 | HD95: 37.8158 | val_loss: 1.6504 | LR: 0.000500
2025-08-21 07:02:04 INFO Epoch 025 | Train Loss: 1.1586 | Val Loss: 1.6488 | Dice: 0.4871 | softDice: 0.4815 | clDice: 0.5448 | softclDice: 0.4532 | IoU: 0.3223 | Tversky: 0.4871 | Hausdorff: 212.3794 | HD95: 40.8116 | val_loss: 1.6488 | LR: 0.000500
2025-08-21 07:03:54 INFO Epoch 026 | Train Loss: 1.1632 | Val Loss: 1.6500 | Dice: 0.4869 | softDice: 0.4821 | clDice: 0.5471 | softclDice: 0.4500 | IoU: 0.3222 | Tversky: 0.4869 | Hausdorff: 215.9302 | HD95: 38.3673 | val_loss: 1.6500 | LR: 0.000500
2025-08-21 07:05:40 INFO Epoch 027 | Train Loss: 1.1628 | Val Loss: 1.6505 | Dice: 0.4891 | softDice: 0.4843 | clDice: 0.5523 | softclDice: 0.4408 | IoU: 0.3241 | Tversky: 0.4891 | Hausdorff: 206.0758 | HD95: 39.0031 | val_loss: 1.6505 | LR: 0.000500
2025-08-21 07:07:29 INFO Epoch 028 | Train Loss: 1.1601 | Val Loss: 1.6504 | Dice: 0.4912 | softDice: 0.4863 | clDice: 0.5557 | softclDice: 0.4401 | IoU: 0.3259 | Tversky: 0.4912 | Hausdorff: 198.5410 | HD95: 37.6925 | val_loss: 1.6504 | LR: 0.000500
2025-08-21 07:09:18 INFO Epoch 029 | Train Loss: 1.1576 | Val Loss: 1.6501 | Dice: 0.4868 | softDice: 0.4829 | clDice: 0.5422 | softclDice: 0.4523 | IoU: 0.3221 | Tversky: 0.4868 | Hausdorff: 214.2534 | HD95: 38.7518 | val_loss: 1.6501 | LR: 0.000500
2025-08-21 07:11:05 INFO Epoch 030 | Train Loss: 1.1629 | Val Loss: 1.6503 | Dice: 0.4856 | softDice: 0.4815 | clDice: 0.5437 | softclDice: 0.4508 | IoU: 0.3211 | Tversky: 0.4856 | Hausdorff: 205.3837 | HD95: 36.2137 | val_loss: 1.6503 | LR: 0.000500
2025-08-21 07:12:57 INFO Epoch 031 | Train Loss: 1.1604 | Val Loss: 1.6511 | Dice: 0.4906 | softDice: 0.4870 | clDice: 0.5567 | softclDice: 0.4355 | IoU: 0.3254 | Tversky: 0.4906 | Hausdorff: 205.7957 | HD95: 36.7134 | val_loss: 1.6511 | LR: 0.000250
2025-08-21 07:14:45 INFO Epoch 032 | Train Loss: 1.1568 | Val Loss: 1.6499 | Dice: 0.4922 | softDice: 0.4870 | clDice: 0.5529 | softclDice: 0.4417 | IoU: 0.3268 | Tversky: 0.4922 | Hausdorff: 212.1354 | HD95: 36.5126 | val_loss: 1.6499 | LR: 0.000250
2025-08-21 07:16:34 INFO Epoch 033 | Train Loss: 1.1548 | Val Loss: 1.6512 | Dice: 0.4943 | softDice: 0.4902 | clDice: 0.5651 | softclDice: 0.4285 | IoU: 0.3286 | Tversky: 0.4943 | Hausdorff: 204.5288 | HD95: 34.5559 | val_loss: 1.6512 | LR: 0.000250
2025-08-21 07:18:22 INFO Epoch 034 | Train Loss: 1.1506 | Val Loss: 1.6500 | Dice: 0.4929 | softDice: 0.4886 | clDice: 0.5565 | softclDice: 0.4368 | IoU: 0.3274 | Tversky: 0.4929 | Hausdorff: 212.7022 | HD95: 35.8924 | val_loss: 1.6500 | LR: 0.000250
2025-08-21 07:20:11 INFO Epoch 035 | Train Loss: 1.1601 | Val Loss: 1.6510 | Dice: 0.4892 | softDice: 0.4848 | clDice: 0.5522 | softclDice: 0.4427 | IoU: 0.3241 | Tversky: 0.4892 | Hausdorff: 200.2282 | HD95: 33.3670 | val_loss: 1.6510 | LR: 0.000250
2025-08-21 07:21:59 INFO Epoch 036 | Train Loss: 1.1524 | Val Loss: 1.6504 | Dice: 0.4945 | softDice: 0.4894 | clDice: 0.5598 | softclDice: 0.4366 | IoU: 0.3289 | Tversky: 0.4945 | Hausdorff: 202.8574 | HD95: 34.2113 | val_loss: 1.6504 | LR: 0.000250
2025-08-21 07:23:46 INFO Epoch 037 | Train Loss: 1.1551 | Val Loss: 1.6506 | Dice: 0.4944 | softDice: 0.4897 | clDice: 0.5599 | softclDice: 0.4342 | IoU: 0.3288 | Tversky: 0.4944 | Hausdorff: 229.9202 | HD95: 33.3514 | val_loss: 1.6506 | LR: 0.000125
2025-08-21 07:25:34 INFO Epoch 038 | Train Loss: 1.1451 | Val Loss: 1.6503 | Dice: 0.4931 | softDice: 0.4886 | clDice: 0.5542 | softclDice: 0.4420 | IoU: 0.3276 | Tversky: 0.4931 | Hausdorff: 210.6254 | HD95: 32.5784 | val_loss: 1.6503 | LR: 0.000125
2025-08-21 07:27:23 INFO Epoch 039 | Train Loss: 1.1489 | Val Loss: 1.6504 | Dice: 0.4936 | softDice: 0.4887 | clDice: 0.5588 | softclDice: 0.4367 | IoU: 0.3281 | Tversky: 0.4936 | Hausdorff: 204.1020 | HD95: 33.7099 | val_loss: 1.6504 | LR: 0.000125
2025-08-21 07:29:10 INFO Epoch 040 | Train Loss: 1.1502 | Val Loss: 1.6500 | Dice: 0.4937 | softDice: 0.4889 | clDice: 0.5555 | softclDice: 0.4402 | IoU: 0.3281 | Tversky: 0.4937 | Hausdorff: 209.4868 | HD95: 34.3949 | val_loss: 1.6500 | LR: 0.000125
2025-08-21 07:31:02 INFO Epoch 041 | Train Loss: 1.1469 | Val Loss: 1.6509 | Dice: 0.4948 | softDice: 0.4902 | clDice: 0.5600 | softclDice: 0.4340 | IoU: 0.3291 | Tversky: 0.4948 | Hausdorff: 207.4776 | HD95: 34.6072 | val_loss: 1.6509 | LR: 0.000125
2025-08-21 07:32:49 INFO Epoch 042 | Train Loss: 1.1511 | Val Loss: 1.6502 | Dice: 0.4959 | softDice: 0.4908 | clDice: 0.5602 | softclDice: 0.4349 | IoU: 0.3300 | Tversky: 0.4959 | Hausdorff: 214.2727 | HD95: 35.0234 | val_loss: 1.6502 | LR: 0.000125
2025-08-21 07:34:39 INFO Epoch 043 | Train Loss: 1.1506 | Val Loss: 1.6501 | Dice: 0.4933 | softDice: 0.4884 | clDice: 0.5553 | softclDice: 0.4410 | IoU: 0.3278 | Tversky: 0.4933 | Hausdorff: 212.5247 | HD95: 33.9881 | val_loss: 1.6501 | LR: 0.000063
2025-08-21 07:36:27 INFO Epoch 044 | Train Loss: 1.1431 | Val Loss: 1.6506 | Dice: 0.4913 | softDice: 0.4865 | clDice: 0.5526 | softclDice: 0.4440 | IoU: 0.3261 | Tversky: 0.4913 | Hausdorff: 208.5227 | HD95: 33.8480 | val_loss: 1.6506 | LR: 0.000063
2025-08-21 07:38:14 INFO Epoch 045 | Train Loss: 1.1427 | Val Loss: 1.6504 | Dice: 0.4931 | softDice: 0.4880 | clDice: 0.5557 | softclDice: 0.4417 | IoU: 0.3276 | Tversky: 0.4931 | Hausdorff: 210.8867 | HD95: 33.1821 | val_loss: 1.6504 | LR: 0.000063
2025-08-21 07:40:08 INFO Early stopping at epoch 46 | Best Dice: 0.4959 at epoch 1
2025-08-21 07:41:00 INFO Fold 5 results: Dice: 0.4943 | softDice: 0.4902 | clDice: 0.5651 | softclDice: 0.4285 | IoU: 0.3286 | Tversky: 0.4943 | Hausdorff: 204.5288 | HD95: 34.5559 | val_loss: 1.6512
2025-08-21 07:41:00 INFO ===== Cross-validation results =====
2025-08-21 07:41:00 INFO Dice: 0.4950 | softDice: 0.4907 | clDice: 0.5556 | softclDice: 0.4395 | IoU: 0.3294 | Tversky: 0.4950 | Hausdorff: 237.5622 | HD95: 32.2398 | val_loss: 1.6442
