2025-08-21 01:17:30 INFO Starting training with configuration: {'model': {'name': 'unet', 'encoder_name': 'se_resnext50_32x4d', 'encoder_weights': 'imagenet', 'classes': 1, 'activation': None, 'dropout': 0.2}, 'dataset': {'root': '/data/smadper@alumno.upv.es/TFM/datasets/laticifers', 'patch_size': [512, 512], 'stride': [256, 256], 'num_patches': 50, 'num_workers': 4, 'feature_dirs': {'image': '/data/smadper@alumno.upv.es/TFM/datasets/laticifers/enhanced_images', 'mask': '/data/smadper@alumno.upv.es/TFM/datasets/laticifers/masks', 'distance': '/data/smadper@alumno.upv.es/TFM/datasets/laticifers/distance_maps_pt'}}, 'train': {'batch_size': 32, 'num_epochs': 70, 'learning_rate': 0.001, 'accumulation_steps': 1, 'save_dir': '/data/smadper@alumno.upv.es/TFM/checkpoints_cv2/unet/20250821_011730_unet_se_resnext50_32x4d_bce0.5_wdice1.0', 'log_interval': 1, 'patience': 20, 'mixed_precision': True, 'experiment_name': 'unet_se_resnext50_32x4d_bce0.5_wdice1.0', 'timestamp': '20250821_011730'}, 'test': {'batch_size': 1}, 'loss': {'name': 'dice', 'cldice_alpha': 0.2, 'tversky_alpha': 0.3, 'tversky_beta': 0.7, 'focal_tversky_gamma': 0.75, 'use_topographic': True, 'combine_with': 'bce', 'weights': {'main': 1.0, 'combined': 0.5}, 'topo': {'alpha': 2.0, 'beta': 1.0}}}
2025-08-21 01:17:30 INFO Experiment name: unet_se_resnext50_32x4d_bce0.5_wdice1.0
2025-08-21 01:17:30 INFO ===== Fold 1 / 5 =====
2025-08-21 01:17:30 INFO Loading model unet with settings {'name': 'unet', 'encoder_name': 'se_resnext50_32x4d', 'encoder_weights': 'imagenet', 'classes': 1, 'activation': None, 'dropout': 0.2}
2025-08-21 01:20:00 INFO Epoch 001 | Train Loss: 1.1333 | Val Loss: 0.9906 | Dice: 0.3638 | softDice: 0.2214 | clDice: 0.4329 | softclDice: 0.8181 | IoU: 0.2226 | Tversky: 0.3638 | Hausdorff: 485.2042 | HD95: 107.9672 | val_loss: 0.9906 | LR: 0.001000
2025-08-21 01:22:10 INFO Epoch 002 | Train Loss: 0.8447 | Val Loss: 0.7815 | Dice: 0.4156 | softDice: 0.3496 | clDice: 0.4587 | softclDice: 0.6198 | IoU: 0.2624 | Tversky: 0.4156 | Hausdorff: 249.2450 | HD95: 77.8310 | val_loss: 0.7815 | LR: 0.001000
2025-08-21 01:24:18 INFO Epoch 003 | Train Loss: 0.7397 | Val Loss: 0.6964 | Dice: 0.4557 | softDice: 0.4108 | clDice: 0.5081 | softclDice: 0.5454 | IoU: 0.2954 | Tversky: 0.4557 | Hausdorff: 220.3186 | HD95: 53.2073 | val_loss: 0.6964 | LR: 0.001000
2025-08-21 01:26:42 INFO Epoch 004 | Train Loss: 0.7151 | Val Loss: 0.7063 | Dice: 0.4176 | softDice: 0.3914 | clDice: 0.4614 | softclDice: 0.5662 | IoU: 0.2643 | Tversky: 0.4176 | Hausdorff: 397.3058 | HD95: 93.9907 | val_loss: 0.7063 | LR: 0.001000
2025-08-21 01:28:44 INFO Epoch 005 | Train Loss: 0.7035 | Val Loss: 0.6780 | Dice: 0.4636 | softDice: 0.4314 | clDice: 0.5296 | softclDice: 0.5077 | IoU: 0.3020 | Tversky: 0.4636 | Hausdorff: 237.8224 | HD95: 47.2323 | val_loss: 0.6780 | LR: 0.001000
2025-08-21 01:30:41 INFO Epoch 006 | Train Loss: 0.6877 | Val Loss: 0.6783 | Dice: 0.4623 | softDice: 0.4250 | clDice: 0.5160 | softclDice: 0.5190 | IoU: 0.3009 | Tversky: 0.4623 | Hausdorff: 371.8073 | HD95: 45.4059 | val_loss: 0.6783 | LR: 0.001000
2025-08-21 01:32:34 INFO Epoch 007 | Train Loss: 0.6888 | Val Loss: 0.6565 | Dice: 0.4684 | softDice: 0.4391 | clDice: 0.5273 | softclDice: 0.5001 | IoU: 0.3061 | Tversky: 0.4684 | Hausdorff: 229.4148 | HD95: 50.9271 | val_loss: 0.6565 | LR: 0.001000
2025-08-21 01:34:24 INFO Epoch 008 | Train Loss: 0.6905 | Val Loss: 0.6742 | Dice: 0.4553 | softDice: 0.4257 | clDice: 0.5061 | softclDice: 0.5204 | IoU: 0.2951 | Tversky: 0.4553 | Hausdorff: 237.6398 | HD95: 49.1427 | val_loss: 0.6742 | LR: 0.001000
2025-08-21 01:36:21 INFO Epoch 009 | Train Loss: 0.6866 | Val Loss: 0.6546 | Dice: 0.4651 | softDice: 0.4377 | clDice: 0.5169 | softclDice: 0.5084 | IoU: 0.3034 | Tversky: 0.4651 | Hausdorff: 237.4590 | HD95: 51.6748 | val_loss: 0.6546 | LR: 0.001000
2025-08-21 01:38:10 INFO Epoch 010 | Train Loss: 0.6779 | Val Loss: 0.6584 | Dice: 0.4671 | softDice: 0.4349 | clDice: 0.5165 | softclDice: 0.5134 | IoU: 0.3052 | Tversky: 0.4671 | Hausdorff: 232.7779 | HD95: 45.0925 | val_loss: 0.6584 | LR: 0.001000
2025-08-21 01:40:03 INFO Epoch 011 | Train Loss: 0.6810 | Val Loss: 0.6681 | Dice: 0.4574 | softDice: 0.4307 | clDice: 0.5049 | softclDice: 0.5159 | IoU: 0.2969 | Tversky: 0.4574 | Hausdorff: 223.8064 | HD95: 45.6313 | val_loss: 0.6681 | LR: 0.001000
2025-08-21 01:41:57 INFO Epoch 012 | Train Loss: 0.6721 | Val Loss: 0.6502 | Dice: 0.4693 | softDice: 0.4448 | clDice: 0.5203 | softclDice: 0.5028 | IoU: 0.3070 | Tversky: 0.4693 | Hausdorff: 233.2637 | HD95: 48.3965 | val_loss: 0.6502 | LR: 0.001000
2025-08-21 01:43:47 INFO Epoch 013 | Train Loss: 0.6799 | Val Loss: 0.6635 | Dice: 0.4573 | softDice: 0.4301 | clDice: 0.5071 | softclDice: 0.5150 | IoU: 0.2968 | Tversky: 0.4573 | Hausdorff: 230.4906 | HD95: 55.0453 | val_loss: 0.6635 | LR: 0.001000
2025-08-21 01:45:42 INFO Epoch 014 | Train Loss: 0.6701 | Val Loss: 0.6608 | Dice: 0.4735 | softDice: 0.4467 | clDice: 0.5347 | softclDice: 0.4887 | IoU: 0.3104 | Tversky: 0.4735 | Hausdorff: 245.0390 | HD95: 43.2284 | val_loss: 0.6608 | LR: 0.001000
2025-08-21 01:47:31 INFO Epoch 015 | Train Loss: 0.6723 | Val Loss: 0.6649 | Dice: 0.4743 | softDice: 0.4389 | clDice: 0.5375 | softclDice: 0.4972 | IoU: 0.3113 | Tversky: 0.4743 | Hausdorff: 251.2138 | HD95: 42.3557 | val_loss: 0.6649 | LR: 0.001000
2025-08-21 01:49:23 INFO Epoch 016 | Train Loss: 0.6688 | Val Loss: 0.6482 | Dice: 0.4694 | softDice: 0.4433 | clDice: 0.5194 | softclDice: 0.5012 | IoU: 0.3070 | Tversky: 0.4694 | Hausdorff: 223.6728 | HD95: 50.3216 | val_loss: 0.6482 | LR: 0.001000
2025-08-21 01:51:16 INFO Epoch 017 | Train Loss: 0.6698 | Val Loss: 0.6474 | Dice: 0.4696 | softDice: 0.4445 | clDice: 0.5202 | softclDice: 0.5008 | IoU: 0.3073 | Tversky: 0.4696 | Hausdorff: 230.8857 | HD95: 50.9735 | val_loss: 0.6474 | LR: 0.001000
2025-08-21 01:53:06 INFO Epoch 018 | Train Loss: 0.6686 | Val Loss: 0.6489 | Dice: 0.4724 | softDice: 0.4460 | clDice: 0.5264 | softclDice: 0.4942 | IoU: 0.3096 | Tversky: 0.4724 | Hausdorff: 231.1030 | HD95: 47.9621 | val_loss: 0.6489 | LR: 0.001000
2025-08-21 01:54:59 INFO Epoch 019 | Train Loss: 0.6679 | Val Loss: 0.6475 | Dice: 0.4748 | softDice: 0.4479 | clDice: 0.5296 | softclDice: 0.4930 | IoU: 0.3117 | Tversky: 0.4748 | Hausdorff: 236.3294 | HD95: 42.0797 | val_loss: 0.6475 | LR: 0.001000
2025-08-21 01:56:50 INFO Epoch 020 | Train Loss: 0.6671 | Val Loss: 0.6579 | Dice: 0.4714 | softDice: 0.4396 | clDice: 0.5208 | softclDice: 0.5064 | IoU: 0.3088 | Tversky: 0.4714 | Hausdorff: 373.6071 | HD95: 40.6550 | val_loss: 0.6579 | LR: 0.001000
2025-08-21 01:58:41 INFO Epoch 021 | Train Loss: 0.6701 | Val Loss: 0.6518 | Dice: 0.4748 | softDice: 0.4443 | clDice: 0.5253 | softclDice: 0.5012 | IoU: 0.3117 | Tversky: 0.4748 | Hausdorff: 380.9869 | HD95: 42.1291 | val_loss: 0.6518 | LR: 0.001000
2025-08-21 02:00:34 INFO Epoch 022 | Train Loss: 0.6702 | Val Loss: 0.6608 | Dice: 0.4749 | softDice: 0.4460 | clDice: 0.5324 | softclDice: 0.4953 | IoU: 0.3117 | Tversky: 0.4749 | Hausdorff: 246.2429 | HD95: 40.6867 | val_loss: 0.6608 | LR: 0.001000
2025-08-21 02:02:24 INFO Epoch 023 | Train Loss: 0.6644 | Val Loss: 0.6501 | Dice: 0.4728 | softDice: 0.4441 | clDice: 0.5265 | softclDice: 0.4985 | IoU: 0.3099 | Tversky: 0.4728 | Hausdorff: 236.8735 | HD95: 44.2331 | val_loss: 0.6501 | LR: 0.000500
2025-08-21 02:04:18 INFO Epoch 024 | Train Loss: 0.6601 | Val Loss: 0.6400 | Dice: 0.4778 | softDice: 0.4505 | clDice: 0.5296 | softclDice: 0.4936 | IoU: 0.3143 | Tversky: 0.4778 | Hausdorff: 221.1490 | HD95: 40.4355 | val_loss: 0.6400 | LR: 0.000500
2025-08-21 02:06:06 INFO Epoch 025 | Train Loss: 0.6567 | Val Loss: 0.6390 | Dice: 0.4846 | softDice: 0.4567 | clDice: 0.5445 | softclDice: 0.4796 | IoU: 0.3201 | Tversky: 0.4846 | Hausdorff: 225.3930 | HD95: 39.5371 | val_loss: 0.6390 | LR: 0.000500
2025-08-21 02:07:55 INFO Epoch 026 | Train Loss: 0.6535 | Val Loss: 0.6428 | Dice: 0.4818 | softDice: 0.4545 | clDice: 0.5348 | softclDice: 0.4894 | IoU: 0.3177 | Tversky: 0.4818 | Hausdorff: 234.9433 | HD95: 35.5731 | val_loss: 0.6428 | LR: 0.000500
2025-08-21 02:09:47 INFO Epoch 027 | Train Loss: 0.6552 | Val Loss: 0.6400 | Dice: 0.4794 | softDice: 0.4535 | clDice: 0.5342 | softclDice: 0.4873 | IoU: 0.3156 | Tversky: 0.4794 | Hausdorff: 379.1741 | HD95: 39.9113 | val_loss: 0.6400 | LR: 0.000500
2025-08-21 02:11:36 INFO Epoch 028 | Train Loss: 0.6538 | Val Loss: 0.6413 | Dice: 0.4825 | softDice: 0.4551 | clDice: 0.5400 | softclDice: 0.4819 | IoU: 0.3182 | Tversky: 0.4825 | Hausdorff: 374.6052 | HD95: 36.4767 | val_loss: 0.6413 | LR: 0.000500
2025-08-21 02:13:29 INFO Epoch 029 | Train Loss: 0.6493 | Val Loss: 0.6451 | Dice: 0.4737 | softDice: 0.4492 | clDice: 0.5220 | softclDice: 0.4980 | IoU: 0.3107 | Tversky: 0.4737 | Hausdorff: 225.1513 | HD95: 39.4826 | val_loss: 0.6451 | LR: 0.000500
2025-08-21 02:15:23 INFO Epoch 030 | Train Loss: 0.6538 | Val Loss: 0.6464 | Dice: 0.4752 | softDice: 0.4504 | clDice: 0.5290 | softclDice: 0.4950 | IoU: 0.3121 | Tversky: 0.4752 | Hausdorff: 229.4751 | HD95: 38.4849 | val_loss: 0.6464 | LR: 0.000500
2025-08-21 02:17:14 INFO Epoch 031 | Train Loss: 0.6530 | Val Loss: 0.6390 | Dice: 0.4785 | softDice: 0.4505 | clDice: 0.5300 | softclDice: 0.4935 | IoU: 0.3149 | Tversky: 0.4785 | Hausdorff: 222.3310 | HD95: 39.5900 | val_loss: 0.6390 | LR: 0.000250
2025-08-21 02:19:09 INFO Epoch 032 | Train Loss: 0.6423 | Val Loss: 0.6394 | Dice: 0.4782 | softDice: 0.4538 | clDice: 0.5277 | softclDice: 0.4935 | IoU: 0.3147 | Tversky: 0.4782 | Hausdorff: 229.1294 | HD95: 35.6932 | val_loss: 0.6394 | LR: 0.000250
2025-08-21 02:20:56 INFO Epoch 033 | Train Loss: 0.6506 | Val Loss: 0.6458 | Dice: 0.4759 | softDice: 0.4498 | clDice: 0.5272 | softclDice: 0.4950 | IoU: 0.3127 | Tversky: 0.4759 | Hausdorff: 230.0502 | HD95: 37.0047 | val_loss: 0.6458 | LR: 0.000250
2025-08-21 02:22:52 INFO Epoch 034 | Train Loss: 0.6450 | Val Loss: 0.6367 | Dice: 0.4798 | softDice: 0.4551 | clDice: 0.5321 | softclDice: 0.4890 | IoU: 0.3160 | Tversky: 0.4798 | Hausdorff: 221.7451 | HD95: 38.0423 | val_loss: 0.6367 | LR: 0.000250
2025-08-21 02:24:50 INFO Epoch 035 | Train Loss: 0.6458 | Val Loss: 0.6379 | Dice: 0.4782 | softDice: 0.4529 | clDice: 0.5271 | softclDice: 0.4931 | IoU: 0.3146 | Tversky: 0.4782 | Hausdorff: 228.8139 | HD95: 39.2988 | val_loss: 0.6379 | LR: 0.000250
2025-08-21 02:26:39 INFO Epoch 036 | Train Loss: 0.6453 | Val Loss: 0.6378 | Dice: 0.4794 | softDice: 0.4521 | clDice: 0.5274 | softclDice: 0.4957 | IoU: 0.3157 | Tversky: 0.4794 | Hausdorff: 230.3000 | HD95: 36.3734 | val_loss: 0.6378 | LR: 0.000250
2025-08-21 02:28:32 INFO Epoch 037 | Train Loss: 0.6445 | Val Loss: 0.6346 | Dice: 0.4861 | softDice: 0.4609 | clDice: 0.5424 | softclDice: 0.4787 | IoU: 0.3215 | Tversky: 0.4861 | Hausdorff: 230.7875 | HD95: 35.1957 | val_loss: 0.6346 | LR: 0.000250
2025-08-21 02:30:20 INFO Epoch 038 | Train Loss: 0.6428 | Val Loss: 0.6408 | Dice: 0.4774 | softDice: 0.4520 | clDice: 0.5256 | softclDice: 0.4951 | IoU: 0.3140 | Tversky: 0.4774 | Hausdorff: 234.6626 | HD95: 36.0085 | val_loss: 0.6408 | LR: 0.000250
2025-08-21 02:32:11 INFO Epoch 039 | Train Loss: 0.6400 | Val Loss: 0.6391 | Dice: 0.4786 | softDice: 0.4533 | clDice: 0.5308 | softclDice: 0.4915 | IoU: 0.3150 | Tversky: 0.4786 | Hausdorff: 228.7861 | HD95: 37.1388 | val_loss: 0.6391 | LR: 0.000250
2025-08-21 02:33:58 INFO Epoch 040 | Train Loss: 0.6403 | Val Loss: 0.6370 | Dice: 0.4848 | softDice: 0.4578 | clDice: 0.5390 | softclDice: 0.4858 | IoU: 0.3203 | Tversky: 0.4848 | Hausdorff: 229.1230 | HD95: 33.2028 | val_loss: 0.6370 | LR: 0.000250
2025-08-21 02:35:48 INFO Epoch 041 | Train Loss: 0.6397 | Val Loss: 0.6347 | Dice: 0.4836 | softDice: 0.4577 | clDice: 0.5379 | softclDice: 0.4840 | IoU: 0.3192 | Tversky: 0.4836 | Hausdorff: 229.5942 | HD95: 38.8570 | val_loss: 0.6347 | LR: 0.000250
2025-08-21 02:37:43 INFO Epoch 042 | Train Loss: 0.6419 | Val Loss: 0.6400 | Dice: 0.4776 | softDice: 0.4527 | clDice: 0.5284 | softclDice: 0.4925 | IoU: 0.3141 | Tversky: 0.4776 | Hausdorff: 229.6378 | HD95: 40.6083 | val_loss: 0.6400 | LR: 0.000250
2025-08-21 02:39:35 INFO Epoch 043 | Train Loss: 0.6386 | Val Loss: 0.6374 | Dice: 0.4817 | softDice: 0.4575 | clDice: 0.5342 | softclDice: 0.4867 | IoU: 0.3176 | Tversky: 0.4817 | Hausdorff: 228.5869 | HD95: 36.6825 | val_loss: 0.6374 | LR: 0.000125
2025-08-21 02:41:28 INFO Epoch 044 | Train Loss: 0.6415 | Val Loss: 0.6308 | Dice: 0.4836 | softDice: 0.4585 | clDice: 0.5314 | softclDice: 0.4892 | IoU: 0.3193 | Tversky: 0.4836 | Hausdorff: 230.0004 | HD95: 37.4936 | val_loss: 0.6308 | LR: 0.000125
2025-08-21 02:43:16 INFO Epoch 045 | Train Loss: 0.6385 | Val Loss: 0.6363 | Dice: 0.4817 | softDice: 0.4566 | clDice: 0.5320 | softclDice: 0.4887 | IoU: 0.3177 | Tversky: 0.4817 | Hausdorff: 228.0544 | HD95: 35.9848 | val_loss: 0.6363 | LR: 0.000125
2025-08-21 02:45:04 INFO Epoch 046 | Train Loss: 0.6372 | Val Loss: 0.6345 | Dice: 0.4819 | softDice: 0.4565 | clDice: 0.5324 | softclDice: 0.4890 | IoU: 0.3179 | Tversky: 0.4819 | Hausdorff: 228.6156 | HD95: 38.9310 | val_loss: 0.6345 | LR: 0.000125
2025-08-21 02:46:54 INFO Epoch 047 | Train Loss: 0.6343 | Val Loss: 0.6342 | Dice: 0.4810 | softDice: 0.4563 | clDice: 0.5294 | softclDice: 0.4904 | IoU: 0.3171 | Tversky: 0.4810 | Hausdorff: 228.7789 | HD95: 37.5128 | val_loss: 0.6342 | LR: 0.000125
2025-08-21 02:48:40 INFO Epoch 048 | Train Loss: 0.6318 | Val Loss: 0.6369 | Dice: 0.4824 | softDice: 0.4579 | clDice: 0.5334 | softclDice: 0.4875 | IoU: 0.3183 | Tversky: 0.4824 | Hausdorff: 368.7379 | HD95: 34.6075 | val_loss: 0.6369 | LR: 0.000125
2025-08-21 02:50:33 INFO Epoch 049 | Train Loss: 0.6299 | Val Loss: 0.6355 | Dice: 0.4810 | softDice: 0.4567 | clDice: 0.5303 | softclDice: 0.4894 | IoU: 0.3171 | Tversky: 0.4810 | Hausdorff: 367.3974 | HD95: 36.0175 | val_loss: 0.6355 | LR: 0.000125
2025-08-21 02:52:19 INFO Epoch 050 | Train Loss: 0.6345 | Val Loss: 0.6367 | Dice: 0.4778 | softDice: 0.4552 | clDice: 0.5257 | softclDice: 0.4915 | IoU: 0.3143 | Tversky: 0.4778 | Hausdorff: 228.8363 | HD95: 41.6846 | val_loss: 0.6367 | LR: 0.000063
2025-08-21 02:54:06 INFO Epoch 051 | Train Loss: 0.6326 | Val Loss: 0.6353 | Dice: 0.4821 | softDice: 0.4574 | clDice: 0.5323 | softclDice: 0.4875 | IoU: 0.3180 | Tversky: 0.4821 | Hausdorff: 228.4126 | HD95: 36.2096 | val_loss: 0.6353 | LR: 0.000063
2025-08-21 02:55:58 INFO Epoch 052 | Train Loss: 0.6333 | Val Loss: 0.6363 | Dice: 0.4831 | softDice: 0.4573 | clDice: 0.5350 | softclDice: 0.4865 | IoU: 0.3189 | Tversky: 0.4831 | Hausdorff: 229.0206 | HD95: 34.7554 | val_loss: 0.6363 | LR: 0.000063
2025-08-21 02:57:45 INFO Epoch 053 | Train Loss: 0.6271 | Val Loss: 0.6376 | Dice: 0.4819 | softDice: 0.4571 | clDice: 0.5312 | softclDice: 0.4893 | IoU: 0.3178 | Tversky: 0.4819 | Hausdorff: 229.0784 | HD95: 34.0971 | val_loss: 0.6376 | LR: 0.000063
2025-08-21 02:59:36 INFO Epoch 054 | Train Loss: 0.6299 | Val Loss: 0.6342 | Dice: 0.4826 | softDice: 0.4584 | clDice: 0.5335 | softclDice: 0.4863 | IoU: 0.3184 | Tversky: 0.4826 | Hausdorff: 228.4699 | HD95: 35.0253 | val_loss: 0.6342 | LR: 0.000063
2025-08-21 03:01:23 INFO Epoch 055 | Train Loss: 0.6326 | Val Loss: 0.6307 | Dice: 0.4862 | softDice: 0.4610 | clDice: 0.5363 | softclDice: 0.4847 | IoU: 0.3216 | Tversky: 0.4862 | Hausdorff: 228.6268 | HD95: 34.5082 | val_loss: 0.6307 | LR: 0.000063
2025-08-21 03:03:13 INFO Epoch 056 | Train Loss: 0.6326 | Val Loss: 0.6333 | Dice: 0.4828 | softDice: 0.4590 | clDice: 0.5319 | softclDice: 0.4863 | IoU: 0.3186 | Tversky: 0.4828 | Hausdorff: 228.9602 | HD95: 35.5195 | val_loss: 0.6333 | LR: 0.000063
2025-08-21 03:05:04 INFO Epoch 057 | Train Loss: 0.6321 | Val Loss: 0.6375 | Dice: 0.4802 | softDice: 0.4559 | clDice: 0.5269 | softclDice: 0.4913 | IoU: 0.3163 | Tversky: 0.4802 | Hausdorff: 229.1059 | HD95: 35.9197 | val_loss: 0.6375 | LR: 0.000063
2025-08-21 03:06:52 INFO Epoch 058 | Train Loss: 0.6291 | Val Loss: 0.6350 | Dice: 0.4809 | softDice: 0.4570 | clDice: 0.5288 | softclDice: 0.4898 | IoU: 0.3170 | Tversky: 0.4809 | Hausdorff: 229.9539 | HD95: 36.6771 | val_loss: 0.6350 | LR: 0.000063
2025-08-21 03:08:45 INFO Epoch 059 | Train Loss: 0.6319 | Val Loss: 0.6337 | Dice: 0.4841 | softDice: 0.4586 | clDice: 0.5333 | softclDice: 0.4872 | IoU: 0.3198 | Tversky: 0.4841 | Hausdorff: 230.1497 | HD95: 34.7025 | val_loss: 0.6337 | LR: 0.000063
2025-08-21 03:10:32 INFO Epoch 060 | Train Loss: 0.6329 | Val Loss: 0.6382 | Dice: 0.4806 | softDice: 0.4553 | clDice: 0.5282 | softclDice: 0.4917 | IoU: 0.3167 | Tversky: 0.4806 | Hausdorff: 368.4747 | HD95: 35.1144 | val_loss: 0.6382 | LR: 0.000063
2025-08-21 03:12:22 INFO Epoch 061 | Train Loss: 0.6313 | Val Loss: 0.6347 | Dice: 0.4831 | softDice: 0.4582 | clDice: 0.5325 | softclDice: 0.4872 | IoU: 0.3189 | Tversky: 0.4831 | Hausdorff: 228.9789 | HD95: 35.9515 | val_loss: 0.6347 | LR: 0.000031
2025-08-21 03:14:13 INFO Epoch 062 | Train Loss: 0.6305 | Val Loss: 0.6353 | Dice: 0.4816 | softDice: 0.4569 | clDice: 0.5303 | softclDice: 0.4897 | IoU: 0.3176 | Tversky: 0.4816 | Hausdorff: 230.0695 | HD95: 35.3845 | val_loss: 0.6353 | LR: 0.000031
2025-08-21 03:16:03 INFO Epoch 063 | Train Loss: 0.6287 | Val Loss: 0.6358 | Dice: 0.4806 | softDice: 0.4567 | clDice: 0.5292 | softclDice: 0.4902 | IoU: 0.3167 | Tversky: 0.4806 | Hausdorff: 228.7808 | HD95: 36.5919 | val_loss: 0.6358 | LR: 0.000031
2025-08-21 03:17:55 INFO Epoch 064 | Train Loss: 0.6299 | Val Loss: 0.6373 | Dice: 0.4807 | softDice: 0.4567 | clDice: 0.5297 | softclDice: 0.4901 | IoU: 0.3168 | Tversky: 0.4807 | Hausdorff: 229.1245 | HD95: 35.9645 | val_loss: 0.6373 | LR: 0.000031
2025-08-21 03:19:43 INFO Epoch 065 | Train Loss: 0.6264 | Val Loss: 0.6367 | Dice: 0.4796 | softDice: 0.4560 | clDice: 0.5269 | softclDice: 0.4918 | IoU: 0.3159 | Tversky: 0.4796 | Hausdorff: 227.3739 | HD95: 36.4443 | val_loss: 0.6367 | LR: 0.000031
2025-08-21 03:21:37 INFO Epoch 066 | Train Loss: 0.6266 | Val Loss: 0.6358 | Dice: 0.4802 | softDice: 0.4566 | clDice: 0.5282 | softclDice: 0.4909 | IoU: 0.3164 | Tversky: 0.4802 | Hausdorff: 227.4184 | HD95: 36.6914 | val_loss: 0.6358 | LR: 0.000031
2025-08-21 03:23:30 INFO Epoch 067 | Train Loss: 0.6262 | Val Loss: 0.6356 | Dice: 0.4806 | softDice: 0.4568 | clDice: 0.5265 | softclDice: 0.4922 | IoU: 0.3168 | Tversky: 0.4806 | Hausdorff: 230.1735 | HD95: 35.6690 | val_loss: 0.6356 | LR: 0.000016
2025-08-21 03:25:17 INFO Epoch 068 | Train Loss: 0.6218 | Val Loss: 0.6355 | Dice: 0.4830 | softDice: 0.4592 | clDice: 0.5321 | softclDice: 0.4870 | IoU: 0.3188 | Tversky: 0.4830 | Hausdorff: 230.2815 | HD95: 35.5509 | val_loss: 0.6355 | LR: 0.000016
2025-08-21 03:27:07 INFO Epoch 069 | Train Loss: 0.6259 | Val Loss: 0.6342 | Dice: 0.4827 | softDice: 0.4587 | clDice: 0.5312 | softclDice: 0.4883 | IoU: 0.3185 | Tversky: 0.4827 | Hausdorff: 229.2639 | HD95: 35.8263 | val_loss: 0.6342 | LR: 0.000016
2025-08-21 03:28:55 INFO Epoch 070 | Train Loss: 0.6264 | Val Loss: 0.6364 | Dice: 0.4815 | softDice: 0.4570 | clDice: 0.5297 | softclDice: 0.4903 | IoU: 0.3175 | Tversky: 0.4815 | Hausdorff: 229.9682 | HD95: 35.7725 | val_loss: 0.6364 | LR: 0.000016
2025-08-21 03:28:55 INFO Training completed.
2025-08-21 03:29:46 INFO Fold 1 results: Dice: 0.4861 | softDice: 0.4609 | clDice: 0.5424 | softclDice: 0.4787 | IoU: 0.3215 | Tversky: 0.4861 | Hausdorff: 230.7875 | HD95: 35.1957 | val_loss: 0.6346
2025-08-21 03:29:46 INFO ===== Fold 2 / 5 =====
2025-08-21 03:29:47 INFO Loading model unet with settings {'name': 'unet', 'encoder_name': 'se_resnext50_32x4d', 'encoder_weights': 'imagenet', 'classes': 1, 'activation': None, 'dropout': 0.2}
2025-08-21 03:31:41 INFO Epoch 001 | Train Loss: 0.9835 | Val Loss: 0.7802 | Dice: 0.4492 | softDice: 0.3600 | clDice: 0.5068 | softclDice: 0.5902 | IoU: 0.2900 | Tversky: 0.4492 | Hausdorff: 388.7333 | HD95: 44.5528 | val_loss: 0.7802 | LR: 0.001000
2025-08-21 03:33:33 INFO Epoch 002 | Train Loss: 0.7460 | Val Loss: 0.7219 | Dice: 0.4457 | softDice: 0.4073 | clDice: 0.5067 | softclDice: 0.5320 | IoU: 0.2871 | Tversky: 0.4457 | Hausdorff: 470.1749 | HD95: 57.3285 | val_loss: 0.7219 | LR: 0.001000
2025-08-21 03:35:34 INFO Epoch 003 | Train Loss: 0.7133 | Val Loss: 0.7583 | Dice: 0.4366 | softDice: 0.4065 | clDice: 0.5000 | softclDice: 0.5455 | IoU: 0.2796 | Tversky: 0.4366 | Hausdorff: 394.9520 | HD95: 57.2125 | val_loss: 0.7583 | LR: 0.001000
2025-08-21 03:37:25 INFO Epoch 004 | Train Loss: 0.7056 | Val Loss: 0.6624 | Dice: 0.4621 | softDice: 0.4356 | clDice: 0.5109 | softclDice: 0.5086 | IoU: 0.3012 | Tversky: 0.4621 | Hausdorff: 321.7035 | HD95: 58.2784 | val_loss: 0.6624 | LR: 0.001000
2025-08-21 03:39:17 INFO Epoch 005 | Train Loss: 0.6963 | Val Loss: 0.6675 | Dice: 0.4631 | softDice: 0.4316 | clDice: 0.5123 | softclDice: 0.5072 | IoU: 0.3019 | Tversky: 0.4631 | Hausdorff: 277.6462 | HD95: 47.0013 | val_loss: 0.6675 | LR: 0.001000
2025-08-21 03:41:09 INFO Epoch 006 | Train Loss: 0.6862 | Val Loss: 0.6625 | Dice: 0.4626 | softDice: 0.4396 | clDice: 0.5103 | softclDice: 0.5039 | IoU: 0.3015 | Tversky: 0.4626 | Hausdorff: 284.2425 | HD95: 54.3544 | val_loss: 0.6625 | LR: 0.001000
2025-08-21 03:42:59 INFO Epoch 007 | Train Loss: 0.6914 | Val Loss: 0.6570 | Dice: 0.4698 | softDice: 0.4428 | clDice: 0.5224 | softclDice: 0.4967 | IoU: 0.3076 | Tversky: 0.4698 | Hausdorff: 449.3553 | HD95: 48.9300 | val_loss: 0.6570 | LR: 0.001000
2025-08-21 03:44:53 INFO Epoch 008 | Train Loss: 0.6779 | Val Loss: 0.6497 | Dice: 0.4795 | softDice: 0.4546 | clDice: 0.5380 | softclDice: 0.4769 | IoU: 0.3160 | Tversky: 0.4795 | Hausdorff: 296.6660 | HD95: 47.7844 | val_loss: 0.6497 | LR: 0.001000
2025-08-21 03:46:44 INFO Epoch 009 | Train Loss: 0.6802 | Val Loss: 0.6479 | Dice: 0.4809 | softDice: 0.4538 | clDice: 0.5368 | softclDice: 0.4825 | IoU: 0.3169 | Tversky: 0.4809 | Hausdorff: 268.0480 | HD95: 37.9749 | val_loss: 0.6479 | LR: 0.001000
2025-08-21 03:48:40 INFO Epoch 010 | Train Loss: 0.6783 | Val Loss: 0.6509 | Dice: 0.4714 | softDice: 0.4487 | clDice: 0.5201 | softclDice: 0.4945 | IoU: 0.3090 | Tversky: 0.4714 | Hausdorff: 282.3242 | HD95: 52.0457 | val_loss: 0.6509 | LR: 0.001000
2025-08-21 03:50:29 INFO Epoch 011 | Train Loss: 0.6757 | Val Loss: 0.6472 | Dice: 0.4786 | softDice: 0.4527 | clDice: 0.5259 | softclDice: 0.4899 | IoU: 0.3153 | Tversky: 0.4786 | Hausdorff: 297.2665 | HD95: 35.8945 | val_loss: 0.6472 | LR: 0.001000
2025-08-21 03:52:22 INFO Epoch 012 | Train Loss: 0.6728 | Val Loss: 0.6505 | Dice: 0.4772 | softDice: 0.4475 | clDice: 0.5222 | softclDice: 0.5003 | IoU: 0.3140 | Tversky: 0.4772 | Hausdorff: 305.9810 | HD95: 35.7262 | val_loss: 0.6505 | LR: 0.001000
2025-08-21 03:54:18 INFO Epoch 013 | Train Loss: 0.6720 | Val Loss: 0.6526 | Dice: 0.4738 | softDice: 0.4485 | clDice: 0.5216 | softclDice: 0.4978 | IoU: 0.3109 | Tversky: 0.4738 | Hausdorff: 261.9605 | HD95: 35.1218 | val_loss: 0.6526 | LR: 0.001000
2025-08-21 03:56:10 INFO Epoch 014 | Train Loss: 0.6730 | Val Loss: 0.6547 | Dice: 0.4806 | softDice: 0.4589 | clDice: 0.5431 | softclDice: 0.4733 | IoU: 0.3167 | Tversky: 0.4806 | Hausdorff: 254.1699 | HD95: 34.6631 | val_loss: 0.6547 | LR: 0.001000
2025-08-21 03:58:05 INFO Epoch 015 | Train Loss: 0.6730 | Val Loss: 0.6478 | Dice: 0.4726 | softDice: 0.4494 | clDice: 0.5199 | softclDice: 0.4960 | IoU: 0.3101 | Tversky: 0.4726 | Hausdorff: 247.7865 | HD95: 45.1569 | val_loss: 0.6478 | LR: 0.001000
2025-08-21 03:59:56 INFO Epoch 016 | Train Loss: 0.6711 | Val Loss: 0.6555 | Dice: 0.4829 | softDice: 0.4577 | clDice: 0.5413 | softclDice: 0.4762 | IoU: 0.3188 | Tversky: 0.4829 | Hausdorff: 282.6158 | HD95: 35.7840 | val_loss: 0.6555 | LR: 0.001000
2025-08-21 04:01:47 INFO Epoch 017 | Train Loss: 0.6656 | Val Loss: 0.6401 | Dice: 0.4842 | softDice: 0.4557 | clDice: 0.5387 | softclDice: 0.4802 | IoU: 0.3200 | Tversky: 0.4842 | Hausdorff: 280.8646 | HD95: 34.1516 | val_loss: 0.6401 | LR: 0.001000
2025-08-21 04:03:43 INFO Epoch 018 | Train Loss: 0.6684 | Val Loss: 0.6473 | Dice: 0.4760 | softDice: 0.4503 | clDice: 0.5296 | softclDice: 0.4872 | IoU: 0.3128 | Tversky: 0.4760 | Hausdorff: 279.3953 | HD95: 46.3947 | val_loss: 0.6473 | LR: 0.001000
2025-08-21 04:05:33 INFO Epoch 019 | Train Loss: 0.6665 | Val Loss: 0.6530 | Dice: 0.4663 | softDice: 0.4415 | clDice: 0.5138 | softclDice: 0.5035 | IoU: 0.3048 | Tversky: 0.4663 | Hausdorff: 291.2406 | HD95: 51.2008 | val_loss: 0.6530 | LR: 0.001000
2025-08-21 04:07:27 INFO Epoch 020 | Train Loss: 0.6643 | Val Loss: 0.6558 | Dice: 0.4740 | softDice: 0.4496 | clDice: 0.5186 | softclDice: 0.4983 | IoU: 0.3112 | Tversky: 0.4740 | Hausdorff: 266.3778 | HD95: 35.2806 | val_loss: 0.6558 | LR: 0.001000
2025-08-21 04:09:17 INFO Epoch 021 | Train Loss: 0.6623 | Val Loss: 0.6403 | Dice: 0.4838 | softDice: 0.4588 | clDice: 0.5355 | softclDice: 0.4808 | IoU: 0.3196 | Tversky: 0.4838 | Hausdorff: 271.4303 | HD95: 40.4270 | val_loss: 0.6403 | LR: 0.001000
2025-08-21 04:11:09 INFO Epoch 022 | Train Loss: 0.6657 | Val Loss: 0.6508 | Dice: 0.4846 | softDice: 0.4532 | clDice: 0.5352 | softclDice: 0.4879 | IoU: 0.3203 | Tversky: 0.4846 | Hausdorff: 299.7434 | HD95: 37.5325 | val_loss: 0.6508 | LR: 0.001000
2025-08-21 04:13:03 INFO Epoch 023 | Train Loss: 0.6646 | Val Loss: 0.6438 | Dice: 0.4781 | softDice: 0.4518 | clDice: 0.5287 | softclDice: 0.4861 | IoU: 0.3147 | Tversky: 0.4781 | Hausdorff: 287.2056 | HD95: 39.9589 | val_loss: 0.6438 | LR: 0.000500
2025-08-21 04:14:52 INFO Epoch 024 | Train Loss: 0.6583 | Val Loss: 0.6320 | Dice: 0.4872 | softDice: 0.4628 | clDice: 0.5377 | softclDice: 0.4762 | IoU: 0.3226 | Tversky: 0.4872 | Hausdorff: 250.8556 | HD95: 37.0399 | val_loss: 0.6320 | LR: 0.000500
2025-08-21 04:16:45 INFO Epoch 025 | Train Loss: 0.6571 | Val Loss: 0.6346 | Dice: 0.4901 | softDice: 0.4632 | clDice: 0.5430 | softclDice: 0.4743 | IoU: 0.3251 | Tversky: 0.4901 | Hausdorff: 277.7402 | HD95: 31.6042 | val_loss: 0.6346 | LR: 0.000500
2025-08-21 04:18:35 INFO Epoch 026 | Train Loss: 0.6513 | Val Loss: 0.6360 | Dice: 0.4868 | softDice: 0.4613 | clDice: 0.5360 | softclDice: 0.4775 | IoU: 0.3223 | Tversky: 0.4868 | Hausdorff: 282.3309 | HD95: 33.9855 | val_loss: 0.6360 | LR: 0.000500
2025-08-21 04:20:27 INFO Epoch 027 | Train Loss: 0.6571 | Val Loss: 0.6422 | Dice: 0.4868 | softDice: 0.4592 | clDice: 0.5453 | softclDice: 0.4735 | IoU: 0.3221 | Tversky: 0.4868 | Hausdorff: 275.1652 | HD95: 31.1594 | val_loss: 0.6422 | LR: 0.000500
2025-08-21 04:22:21 INFO Epoch 028 | Train Loss: 0.6513 | Val Loss: 0.6379 | Dice: 0.4890 | softDice: 0.4635 | clDice: 0.5424 | softclDice: 0.4741 | IoU: 0.3241 | Tversky: 0.4890 | Hausdorff: 286.6348 | HD95: 30.5764 | val_loss: 0.6379 | LR: 0.000500
2025-08-21 04:24:11 INFO Epoch 029 | Train Loss: 0.6533 | Val Loss: 0.6334 | Dice: 0.4885 | softDice: 0.4626 | clDice: 0.5418 | softclDice: 0.4763 | IoU: 0.3237 | Tversky: 0.4885 | Hausdorff: 264.4327 | HD95: 34.4219 | val_loss: 0.6334 | LR: 0.000500
2025-08-21 04:26:05 INFO Epoch 030 | Train Loss: 0.6561 | Val Loss: 0.6464 | Dice: 0.4783 | softDice: 0.4542 | clDice: 0.5264 | softclDice: 0.4889 | IoU: 0.3148 | Tversky: 0.4783 | Hausdorff: 286.4515 | HD95: 32.6905 | val_loss: 0.6464 | LR: 0.000250
2025-08-21 04:27:57 INFO Epoch 031 | Train Loss: 0.6452 | Val Loss: 0.6329 | Dice: 0.4898 | softDice: 0.4664 | clDice: 0.5418 | softclDice: 0.4744 | IoU: 0.3248 | Tversky: 0.4898 | Hausdorff: 258.3376 | HD95: 31.4216 | val_loss: 0.6329 | LR: 0.000250
2025-08-21 04:29:46 INFO Epoch 032 | Train Loss: 0.6449 | Val Loss: 0.6360 | Dice: 0.4890 | softDice: 0.4634 | clDice: 0.5404 | softclDice: 0.4771 | IoU: 0.3240 | Tversky: 0.4890 | Hausdorff: 278.6163 | HD95: 30.5195 | val_loss: 0.6360 | LR: 0.000250
2025-08-21 04:31:41 INFO Epoch 033 | Train Loss: 0.6411 | Val Loss: 0.6344 | Dice: 0.4893 | softDice: 0.4630 | clDice: 0.5393 | softclDice: 0.4785 | IoU: 0.3243 | Tversky: 0.4893 | Hausdorff: 285.5843 | HD95: 29.8701 | val_loss: 0.6344 | LR: 0.000250
2025-08-21 04:33:33 INFO Epoch 034 | Train Loss: 0.6468 | Val Loss: 0.6401 | Dice: 0.4866 | softDice: 0.4612 | clDice: 0.5426 | softclDice: 0.4779 | IoU: 0.3220 | Tversky: 0.4866 | Hausdorff: 277.2598 | HD95: 31.3553 | val_loss: 0.6401 | LR: 0.000250
2025-08-21 04:35:23 INFO Epoch 035 | Train Loss: 0.6454 | Val Loss: 0.6327 | Dice: 0.4882 | softDice: 0.4632 | clDice: 0.5391 | softclDice: 0.4779 | IoU: 0.3236 | Tversky: 0.4882 | Hausdorff: 264.8917 | HD95: 34.2438 | val_loss: 0.6327 | LR: 0.000250
2025-08-21 04:37:12 INFO Epoch 036 | Train Loss: 0.6385 | Val Loss: 0.6329 | Dice: 0.4897 | softDice: 0.4665 | clDice: 0.5437 | softclDice: 0.4727 | IoU: 0.3247 | Tversky: 0.4897 | Hausdorff: 275.7953 | HD95: 30.2449 | val_loss: 0.6329 | LR: 0.000125
2025-08-21 04:39:01 INFO Epoch 037 | Train Loss: 0.6400 | Val Loss: 0.6293 | Dice: 0.4911 | softDice: 0.4666 | clDice: 0.5449 | softclDice: 0.4725 | IoU: 0.3260 | Tversky: 0.4911 | Hausdorff: 288.1820 | HD95: 33.8124 | val_loss: 0.6293 | LR: 0.000125
2025-08-21 04:40:55 INFO Epoch 038 | Train Loss: 0.6428 | Val Loss: 0.6304 | Dice: 0.4916 | softDice: 0.4657 | clDice: 0.5442 | softclDice: 0.4740 | IoU: 0.3264 | Tversky: 0.4916 | Hausdorff: 275.3563 | HD95: 31.2435 | val_loss: 0.6304 | LR: 0.000125
2025-08-21 04:42:45 INFO Epoch 039 | Train Loss: 0.6396 | Val Loss: 0.6325 | Dice: 0.4896 | softDice: 0.4643 | clDice: 0.5418 | softclDice: 0.4766 | IoU: 0.3246 | Tversky: 0.4896 | Hausdorff: 273.5453 | HD95: 30.5909 | val_loss: 0.6325 | LR: 0.000125
2025-08-21 04:44:36 INFO Epoch 040 | Train Loss: 0.6385 | Val Loss: 0.6305 | Dice: 0.4920 | softDice: 0.4669 | clDice: 0.5447 | softclDice: 0.4730 | IoU: 0.3268 | Tversky: 0.4920 | Hausdorff: 275.4786 | HD95: 28.9378 | val_loss: 0.6305 | LR: 0.000125
2025-08-21 04:46:32 INFO Epoch 041 | Train Loss: 0.6373 | Val Loss: 0.6311 | Dice: 0.4922 | softDice: 0.4666 | clDice: 0.5459 | softclDice: 0.4705 | IoU: 0.3270 | Tversky: 0.4922 | Hausdorff: 276.3793 | HD95: 29.2606 | val_loss: 0.6311 | LR: 0.000125
2025-08-21 04:48:23 INFO Epoch 042 | Train Loss: 0.6386 | Val Loss: 0.6356 | Dice: 0.4879 | softDice: 0.4642 | clDice: 0.5401 | softclDice: 0.4770 | IoU: 0.3232 | Tversky: 0.4879 | Hausdorff: 275.7294 | HD95: 29.0091 | val_loss: 0.6356 | LR: 0.000125
2025-08-21 04:50:17 INFO Epoch 043 | Train Loss: 0.6402 | Val Loss: 0.6365 | Dice: 0.4879 | softDice: 0.4614 | clDice: 0.5392 | softclDice: 0.4797 | IoU: 0.3231 | Tversky: 0.4879 | Hausdorff: 276.4666 | HD95: 29.8899 | val_loss: 0.6365 | LR: 0.000063
2025-08-21 04:52:08 INFO Epoch 044 | Train Loss: 0.6398 | Val Loss: 0.6323 | Dice: 0.4902 | softDice: 0.4647 | clDice: 0.5419 | softclDice: 0.4758 | IoU: 0.3252 | Tversky: 0.4902 | Hausdorff: 274.6733 | HD95: 32.0678 | val_loss: 0.6323 | LR: 0.000063
2025-08-21 04:54:02 INFO Epoch 045 | Train Loss: 0.6370 | Val Loss: 0.6305 | Dice: 0.4934 | softDice: 0.4679 | clDice: 0.5466 | softclDice: 0.4709 | IoU: 0.3280 | Tversky: 0.4934 | Hausdorff: 273.3725 | HD95: 29.0784 | val_loss: 0.6305 | LR: 0.000063
2025-08-21 04:55:57 INFO Epoch 046 | Train Loss: 0.6345 | Val Loss: 0.6342 | Dice: 0.4880 | softDice: 0.4632 | clDice: 0.5392 | softclDice: 0.4775 | IoU: 0.3232 | Tversky: 0.4880 | Hausdorff: 273.8044 | HD95: 32.0499 | val_loss: 0.6342 | LR: 0.000063
2025-08-21 04:57:48 INFO Epoch 047 | Train Loss: 0.6376 | Val Loss: 0.6315 | Dice: 0.4914 | softDice: 0.4666 | clDice: 0.5435 | softclDice: 0.4736 | IoU: 0.3262 | Tversky: 0.4914 | Hausdorff: 273.1870 | HD95: 30.7556 | val_loss: 0.6315 | LR: 0.000063
2025-08-21 04:59:43 INFO Epoch 048 | Train Loss: 0.6365 | Val Loss: 0.6339 | Dice: 0.4891 | softDice: 0.4642 | clDice: 0.5389 | softclDice: 0.4780 | IoU: 0.3242 | Tversky: 0.4891 | Hausdorff: 273.0399 | HD95: 30.5953 | val_loss: 0.6339 | LR: 0.000063
2025-08-21 05:01:32 INFO Epoch 049 | Train Loss: 0.6343 | Val Loss: 0.6309 | Dice: 0.4912 | softDice: 0.4671 | clDice: 0.5433 | softclDice: 0.4735 | IoU: 0.3261 | Tversky: 0.4912 | Hausdorff: 273.0779 | HD95: 30.9445 | val_loss: 0.6309 | LR: 0.000031
2025-08-21 05:03:24 INFO Epoch 050 | Train Loss: 0.6355 | Val Loss: 0.6339 | Dice: 0.4895 | softDice: 0.4655 | clDice: 0.5414 | softclDice: 0.4755 | IoU: 0.3246 | Tversky: 0.4895 | Hausdorff: 274.9909 | HD95: 30.8580 | val_loss: 0.6339 | LR: 0.000031
2025-08-21 05:05:14 INFO Epoch 051 | Train Loss: 0.6297 | Val Loss: 0.6322 | Dice: 0.4902 | softDice: 0.4667 | clDice: 0.5422 | softclDice: 0.4744 | IoU: 0.3252 | Tversky: 0.4902 | Hausdorff: 274.9764 | HD95: 32.0476 | val_loss: 0.6322 | LR: 0.000031
2025-08-21 05:07:04 INFO Epoch 052 | Train Loss: 0.6344 | Val Loss: 0.6323 | Dice: 0.4886 | softDice: 0.4645 | clDice: 0.5386 | softclDice: 0.4780 | IoU: 0.3238 | Tversky: 0.4886 | Hausdorff: 279.8528 | HD95: 32.9380 | val_loss: 0.6323 | LR: 0.000031
2025-08-21 05:08:59 INFO Epoch 053 | Train Loss: 0.6318 | Val Loss: 0.6342 | Dice: 0.4898 | softDice: 0.4661 | clDice: 0.5412 | softclDice: 0.4751 | IoU: 0.3248 | Tversky: 0.4898 | Hausdorff: 273.3069 | HD95: 30.8474 | val_loss: 0.6342 | LR: 0.000031
2025-08-21 05:10:49 INFO Epoch 054 | Train Loss: 0.6333 | Val Loss: 0.6330 | Dice: 0.4895 | softDice: 0.4655 | clDice: 0.5405 | softclDice: 0.4760 | IoU: 0.3246 | Tversky: 0.4895 | Hausdorff: 273.6802 | HD95: 30.4777 | val_loss: 0.6330 | LR: 0.000031
2025-08-21 05:12:39 INFO Epoch 055 | Train Loss: 0.6349 | Val Loss: 0.6320 | Dice: 0.4889 | softDice: 0.4649 | clDice: 0.5397 | softclDice: 0.4773 | IoU: 0.3241 | Tversky: 0.4889 | Hausdorff: 281.9710 | HD95: 32.4737 | val_loss: 0.6320 | LR: 0.000016
2025-08-21 05:14:34 INFO Epoch 056 | Train Loss: 0.6344 | Val Loss: 0.6316 | Dice: 0.4900 | softDice: 0.4661 | clDice: 0.5410 | softclDice: 0.4757 | IoU: 0.3251 | Tversky: 0.4900 | Hausdorff: 282.5367 | HD95: 32.2233 | val_loss: 0.6316 | LR: 0.000016
2025-08-21 05:16:26 INFO Epoch 057 | Train Loss: 0.6307 | Val Loss: 0.6316 | Dice: 0.4899 | softDice: 0.4657 | clDice: 0.5407 | softclDice: 0.4765 | IoU: 0.3249 | Tversky: 0.4899 | Hausdorff: 277.0690 | HD95: 31.1449 | val_loss: 0.6316 | LR: 0.000016
2025-08-21 05:18:22 INFO Early stopping at epoch 58 | Best Dice: 0.4934 at epoch 1
2025-08-21 05:19:15 INFO Fold 2 results: Dice: 0.4922 | softDice: 0.4666 | clDice: 0.5459 | softclDice: 0.4705 | IoU: 0.3270 | Tversky: 0.4922 | Hausdorff: 276.3793 | HD95: 29.2606 | val_loss: 0.6311
2025-08-21 05:19:15 INFO ===== Fold 3 / 5 =====
2025-08-21 05:19:15 INFO Loading model unet with settings {'name': 'unet', 'encoder_name': 'se_resnext50_32x4d', 'encoder_weights': 'imagenet', 'classes': 1, 'activation': None, 'dropout': 0.2}
2025-08-21 05:21:14 WARNING /data/smadper@alumno.upv.es/TFM/src/train_cv.py:122: RuntimeWarning: Mean of empty slice
  avg_metrics = {k: np.nanmean(v) for k, v in all_metrics.items()}

2025-08-21 05:21:14 INFO Epoch 001 | Train Loss: 1.1606 | Val Loss: nan | Dice: 0.3031 | softDice: nan | clDice: 0.2511 | softclDice: nan | IoU: 0.1810 | Tversky: 0.3031 | Hausdorff: 730.5334 | HD95: 284.5037 | val_loss: nan | LR: 0.001000
2025-08-21 05:23:05 INFO Epoch 002 | Train Loss: 0.8400 | Val Loss: 0.7470 | Dice: 0.4502 | softDice: 0.3792 | clDice: 0.5177 | softclDice: 0.5731 | IoU: 0.2912 | Tversky: 0.4502 | Hausdorff: 259.5358 | HD95: 58.8198 | val_loss: 0.7470 | LR: 0.001000
2025-08-21 05:24:55 INFO Epoch 003 | Train Loss: 0.7297 | Val Loss: 0.7058 | Dice: 0.4326 | softDice: 0.3971 | clDice: 0.4720 | softclDice: 0.5600 | IoU: 0.2774 | Tversky: 0.4326 | Hausdorff: 269.9436 | HD95: 56.1795 | val_loss: 0.7058 | LR: 0.001000
2025-08-21 05:26:52 INFO Epoch 004 | Train Loss: 0.7126 | Val Loss: 0.7186 | Dice: 0.4484 | softDice: 0.4158 | clDice: 0.5035 | softclDice: 0.5362 | IoU: 0.2898 | Tversky: 0.4484 | Hausdorff: 299.3014 | HD95: 45.2721 | val_loss: 0.7186 | LR: 0.001000
2025-08-21 05:28:41 INFO Epoch 005 | Train Loss: 0.7005 | Val Loss: 0.6536 | Dice: 0.4803 | softDice: 0.4477 | clDice: 0.5418 | softclDice: 0.4848 | IoU: 0.3169 | Tversky: 0.4803 | Hausdorff: 259.6945 | HD95: 45.8415 | val_loss: 0.6536 | LR: 0.001000
2025-08-21 05:30:32 INFO Epoch 006 | Train Loss: 0.6944 | Val Loss: 0.6750 | Dice: 0.4751 | softDice: 0.4467 | clDice: 0.5415 | softclDice: 0.4857 | IoU: 0.3123 | Tversky: 0.4751 | Hausdorff: 259.7841 | HD95: 39.5801 | val_loss: 0.6750 | LR: 0.001000
2025-08-21 05:32:24 INFO Epoch 007 | Train Loss: 0.6888 | Val Loss: 0.6755 | Dice: 0.4763 | softDice: 0.4428 | clDice: 0.5458 | softclDice: 0.4824 | IoU: 0.3134 | Tversky: 0.4763 | Hausdorff: 260.6575 | HD95: 39.8924 | val_loss: 0.6755 | LR: 0.001000
2025-08-21 05:34:14 INFO Epoch 008 | Train Loss: 0.6854 | Val Loss: 0.6576 | Dice: 0.4792 | softDice: 0.4514 | clDice: 0.5394 | softclDice: 0.4807 | IoU: 0.3160 | Tversky: 0.4792 | Hausdorff: 249.6549 | HD95: 44.1792 | val_loss: 0.6576 | LR: 0.001000
2025-08-21 05:36:11 INFO Epoch 009 | Train Loss: 0.6846 | Val Loss: 0.6559 | Dice: 0.4786 | softDice: 0.4458 | clDice: 0.5368 | softclDice: 0.4912 | IoU: 0.3155 | Tversky: 0.4786 | Hausdorff: 244.5988 | HD95: 43.3951 | val_loss: 0.6559 | LR: 0.001000
2025-08-21 05:38:00 INFO Epoch 010 | Train Loss: 0.6809 | Val Loss: 0.6863 | Dice: 0.4495 | softDice: 0.4218 | clDice: 0.4973 | softclDice: 0.5228 | IoU: 0.2912 | Tversky: 0.4495 | Hausdorff: 265.8896 | HD95: 53.6586 | val_loss: 0.6863 | LR: 0.001000
2025-08-21 05:39:53 INFO Epoch 011 | Train Loss: 0.6802 | Val Loss: 0.6488 | Dice: 0.4795 | softDice: 0.4543 | clDice: 0.5359 | softclDice: 0.4803 | IoU: 0.3163 | Tversky: 0.4795 | Hausdorff: 260.5047 | HD95: 40.9082 | val_loss: 0.6488 | LR: 0.001000
2025-08-21 05:41:45 INFO Epoch 012 | Train Loss: 0.6748 | Val Loss: 0.6669 | Dice: 0.4700 | softDice: 0.4392 | clDice: 0.5269 | softclDice: 0.4970 | IoU: 0.3081 | Tversky: 0.4700 | Hausdorff: 255.3249 | HD95: 39.4833 | val_loss: 0.6669 | LR: 0.001000
2025-08-21 05:43:34 INFO Epoch 013 | Train Loss: 0.6758 | Val Loss: 0.6508 | Dice: 0.4735 | softDice: 0.4467 | clDice: 0.5252 | softclDice: 0.4949 | IoU: 0.3113 | Tversky: 0.4735 | Hausdorff: 263.0121 | HD95: 49.2719 | val_loss: 0.6508 | LR: 0.001000
2025-08-21 05:45:29 INFO Epoch 014 | Train Loss: 0.6798 | Val Loss: 0.6493 | Dice: 0.4830 | softDice: 0.4558 | clDice: 0.5404 | softclDice: 0.4783 | IoU: 0.3194 | Tversky: 0.4830 | Hausdorff: 253.0219 | HD95: 38.5324 | val_loss: 0.6493 | LR: 0.001000
2025-08-21 05:47:20 INFO Epoch 015 | Train Loss: 0.6748 | Val Loss: 0.6609 | Dice: 0.4603 | softDice: 0.4359 | clDice: 0.5092 | softclDice: 0.5068 | IoU: 0.3005 | Tversky: 0.4603 | Hausdorff: 249.9940 | HD95: 62.9381 | val_loss: 0.6609 | LR: 0.001000
2025-08-21 05:49:11 INFO Epoch 016 | Train Loss: 0.6753 | Val Loss: 0.6480 | Dice: 0.4866 | softDice: 0.4636 | clDice: 0.5569 | softclDice: 0.4572 | IoU: 0.3224 | Tversky: 0.4866 | Hausdorff: 240.3002 | HD95: 43.9240 | val_loss: 0.6480 | LR: 0.001000
2025-08-21 05:51:06 INFO Epoch 017 | Train Loss: 0.6721 | Val Loss: 0.6605 | Dice: 0.4711 | softDice: 0.4476 | clDice: 0.5220 | softclDice: 0.4984 | IoU: 0.3092 | Tversky: 0.4711 | Hausdorff: 260.4854 | HD95: 40.2695 | val_loss: 0.6605 | LR: 0.001000
2025-08-21 05:52:56 INFO Epoch 018 | Train Loss: 0.6724 | Val Loss: 0.6650 | Dice: 0.4685 | softDice: 0.4428 | clDice: 0.5221 | softclDice: 0.4944 | IoU: 0.3069 | Tversky: 0.4685 | Hausdorff: 253.5611 | HD95: 51.6962 | val_loss: 0.6650 | LR: 0.001000
2025-08-21 05:54:50 INFO Epoch 019 | Train Loss: 0.6718 | Val Loss: 0.6545 | Dice: 0.4740 | softDice: 0.4430 | clDice: 0.5286 | softclDice: 0.4893 | IoU: 0.3119 | Tversky: 0.4740 | Hausdorff: 225.2694 | HD95: 47.0799 | val_loss: 0.6545 | LR: 0.001000
2025-08-21 05:56:39 INFO Epoch 020 | Train Loss: 0.6695 | Val Loss: 0.6569 | Dice: 0.4657 | softDice: 0.4422 | clDice: 0.5123 | softclDice: 0.5017 | IoU: 0.3049 | Tversky: 0.4657 | Hausdorff: 245.6758 | HD95: 54.6786 | val_loss: 0.6569 | LR: 0.001000
2025-08-21 05:58:29 INFO Epoch 021 | Train Loss: 0.6673 | Val Loss: 0.6445 | Dice: 0.4837 | softDice: 0.4551 | clDice: 0.5422 | softclDice: 0.4776 | IoU: 0.3200 | Tversky: 0.4837 | Hausdorff: 235.7319 | HD95: 37.3561 | val_loss: 0.6445 | LR: 0.001000
2025-08-21 06:00:22 INFO Epoch 022 | Train Loss: 0.6668 | Val Loss: 0.6447 | Dice: 0.4785 | softDice: 0.4529 | clDice: 0.5308 | softclDice: 0.4847 | IoU: 0.3158 | Tversky: 0.4785 | Hausdorff: 238.5482 | HD95: 51.1774 | val_loss: 0.6447 | LR: 0.001000
2025-08-21 06:02:09 INFO Epoch 023 | Train Loss: 0.6669 | Val Loss: 0.6541 | Dice: 0.4742 | softDice: 0.4488 | clDice: 0.5289 | softclDice: 0.4855 | IoU: 0.3120 | Tversky: 0.4742 | Hausdorff: 250.8778 | HD95: 46.4274 | val_loss: 0.6541 | LR: 0.001000
2025-08-21 06:04:00 INFO Epoch 024 | Train Loss: 0.6663 | Val Loss: 0.6337 | Dice: 0.4940 | softDice: 0.4642 | clDice: 0.5546 | softclDice: 0.4632 | IoU: 0.3290 | Tversky: 0.4940 | Hausdorff: 298.3837 | HD95: 39.4215 | val_loss: 0.6337 | LR: 0.001000
2025-08-21 06:05:48 INFO Epoch 025 | Train Loss: 0.6666 | Val Loss: 0.6347 | Dice: 0.4932 | softDice: 0.4674 | clDice: 0.5554 | softclDice: 0.4557 | IoU: 0.3282 | Tversky: 0.4932 | Hausdorff: 249.0927 | HD95: 38.5218 | val_loss: 0.6347 | LR: 0.001000
2025-08-21 06:07:37 INFO Epoch 026 | Train Loss: 0.6639 | Val Loss: 0.6532 | Dice: 0.4775 | softDice: 0.4513 | clDice: 0.5373 | softclDice: 0.4793 | IoU: 0.3146 | Tversky: 0.4775 | Hausdorff: 241.8610 | HD95: 42.1003 | val_loss: 0.6532 | LR: 0.001000
2025-08-21 06:09:24 INFO Epoch 027 | Train Loss: 0.6602 | Val Loss: 0.6520 | Dice: 0.4790 | softDice: 0.4506 | clDice: 0.5362 | softclDice: 0.4825 | IoU: 0.3160 | Tversky: 0.4790 | Hausdorff: 235.5379 | HD95: 40.2916 | val_loss: 0.6520 | LR: 0.001000
2025-08-21 06:11:14 INFO Epoch 028 | Train Loss: 0.6623 | Val Loss: 0.6387 | Dice: 0.4869 | softDice: 0.4595 | clDice: 0.5426 | softclDice: 0.4741 | IoU: 0.3229 | Tversky: 0.4869 | Hausdorff: 233.3608 | HD95: 36.9855 | val_loss: 0.6387 | LR: 0.001000
2025-08-21 06:13:07 INFO Epoch 029 | Train Loss: 0.6663 | Val Loss: 0.6394 | Dice: 0.4966 | softDice: 0.4646 | clDice: 0.5666 | softclDice: 0.4515 | IoU: 0.3311 | Tversky: 0.4966 | Hausdorff: 300.5947 | HD95: 35.2630 | val_loss: 0.6394 | LR: 0.001000
2025-08-21 06:14:57 INFO Epoch 030 | Train Loss: 0.6598 | Val Loss: 0.6437 | Dice: 0.4890 | softDice: 0.4606 | clDice: 0.5500 | softclDice: 0.4702 | IoU: 0.3247 | Tversky: 0.4890 | Hausdorff: 257.1423 | HD95: 33.9781 | val_loss: 0.6437 | LR: 0.000500
2025-08-21 06:16:47 INFO Epoch 031 | Train Loss: 0.6538 | Val Loss: 0.6308 | Dice: 0.4931 | softDice: 0.4665 | clDice: 0.5521 | softclDice: 0.4634 | IoU: 0.3283 | Tversky: 0.4931 | Hausdorff: 260.6985 | HD95: 39.2603 | val_loss: 0.6308 | LR: 0.000500
2025-08-21 06:18:38 INFO Epoch 032 | Train Loss: 0.6495 | Val Loss: 0.6319 | Dice: 0.4918 | softDice: 0.4665 | clDice: 0.5477 | softclDice: 0.4671 | IoU: 0.3273 | Tversky: 0.4918 | Hausdorff: 254.6992 | HD95: 38.4971 | val_loss: 0.6319 | LR: 0.000500
2025-08-21 06:20:25 INFO Epoch 033 | Train Loss: 0.6532 | Val Loss: 0.6356 | Dice: 0.4918 | softDice: 0.4656 | clDice: 0.5528 | softclDice: 0.4635 | IoU: 0.3270 | Tversky: 0.4918 | Hausdorff: 248.0239 | HD95: 34.1932 | val_loss: 0.6356 | LR: 0.000500
2025-08-21 06:22:28 INFO Epoch 034 | Train Loss: 0.6486 | Val Loss: 0.6364 | Dice: 0.4879 | softDice: 0.4602 | clDice: 0.5436 | softclDice: 0.4713 | IoU: 0.3239 | Tversky: 0.4879 | Hausdorff: 243.3698 | HD95: 39.3843 | val_loss: 0.6364 | LR: 0.000500
2025-08-21 06:24:35 INFO Epoch 035 | Train Loss: 0.6509 | Val Loss: 0.6271 | Dice: 0.4984 | softDice: 0.4714 | clDice: 0.5595 | softclDice: 0.4551 | IoU: 0.3329 | Tversky: 0.4984 | Hausdorff: 242.3762 | HD95: 35.8575 | val_loss: 0.6271 | LR: 0.000500
2025-08-21 06:26:36 INFO Epoch 036 | Train Loss: 0.6475 | Val Loss: 0.6305 | Dice: 0.4941 | softDice: 0.4688 | clDice: 0.5551 | softclDice: 0.4583 | IoU: 0.3291 | Tversky: 0.4941 | Hausdorff: 244.6203 | HD95: 36.3508 | val_loss: 0.6305 | LR: 0.000500
2025-08-21 06:28:27 INFO Epoch 037 | Train Loss: 0.6485 | Val Loss: 0.6329 | Dice: 0.4907 | softDice: 0.4675 | clDice: 0.5517 | softclDice: 0.4616 | IoU: 0.3261 | Tversky: 0.4907 | Hausdorff: 233.1786 | HD95: 37.0547 | val_loss: 0.6329 | LR: 0.000500
2025-08-21 06:30:33 INFO Epoch 038 | Train Loss: 0.6491 | Val Loss: 0.6329 | Dice: 0.4942 | softDice: 0.4675 | clDice: 0.5516 | softclDice: 0.4647 | IoU: 0.3292 | Tversky: 0.4942 | Hausdorff: 240.3694 | HD95: 33.4321 | val_loss: 0.6329 | LR: 0.000500
2025-08-21 06:32:52 INFO Epoch 039 | Train Loss: 0.6510 | Val Loss: 0.6277 | Dice: 0.4942 | softDice: 0.4693 | clDice: 0.5541 | softclDice: 0.4573 | IoU: 0.3292 | Tversky: 0.4942 | Hausdorff: 218.4935 | HD95: 40.8696 | val_loss: 0.6277 | LR: 0.000500
2025-08-21 06:34:59 INFO Epoch 040 | Train Loss: 0.6461 | Val Loss: 0.6337 | Dice: 0.4882 | softDice: 0.4638 | clDice: 0.5458 | softclDice: 0.4706 | IoU: 0.3241 | Tversky: 0.4882 | Hausdorff: 243.1513 | HD95: 38.5172 | val_loss: 0.6337 | LR: 0.000500
2025-08-21 06:37:20 INFO Epoch 041 | Train Loss: 0.6472 | Val Loss: 0.6344 | Dice: 0.4905 | softDice: 0.4640 | clDice: 0.5477 | softclDice: 0.4671 | IoU: 0.3260 | Tversky: 0.4905 | Hausdorff: 247.2308 | HD95: 38.3984 | val_loss: 0.6344 | LR: 0.000250
2025-08-21 06:39:33 INFO Epoch 042 | Train Loss: 0.6451 | Val Loss: 0.6356 | Dice: 0.4900 | softDice: 0.4657 | clDice: 0.5476 | softclDice: 0.4661 | IoU: 0.3255 | Tversky: 0.4900 | Hausdorff: 264.4078 | HD95: 34.4518 | val_loss: 0.6356 | LR: 0.000250
2025-08-21 06:41:29 INFO Epoch 043 | Train Loss: 0.6478 | Val Loss: 0.6414 | Dice: 0.4833 | softDice: 0.4586 | clDice: 0.5377 | softclDice: 0.4761 | IoU: 0.3199 | Tversky: 0.4833 | Hausdorff: 265.2597 | HD95: 36.9935 | val_loss: 0.6414 | LR: 0.000250
2025-08-21 06:43:26 INFO Epoch 044 | Train Loss: 0.6406 | Val Loss: 0.6339 | Dice: 0.4922 | softDice: 0.4683 | clDice: 0.5479 | softclDice: 0.4632 | IoU: 0.3275 | Tversky: 0.4922 | Hausdorff: 245.4873 | HD95: 36.2300 | val_loss: 0.6339 | LR: 0.000250
2025-08-21 06:45:24 INFO Epoch 045 | Train Loss: 0.6429 | Val Loss: 0.6411 | Dice: 0.4847 | softDice: 0.4600 | clDice: 0.5407 | softclDice: 0.4734 | IoU: 0.3211 | Tversky: 0.4847 | Hausdorff: 264.2686 | HD95: 36.6210 | val_loss: 0.6411 | LR: 0.000250
2025-08-21 06:47:22 INFO Epoch 046 | Train Loss: 0.6414 | Val Loss: 0.6411 | Dice: 0.4860 | softDice: 0.4610 | clDice: 0.5413 | softclDice: 0.4716 | IoU: 0.3220 | Tversky: 0.4860 | Hausdorff: 240.6633 | HD95: 34.1653 | val_loss: 0.6411 | LR: 0.000250
2025-08-21 06:49:15 INFO Epoch 047 | Train Loss: 0.6417 | Val Loss: 0.6406 | Dice: 0.4817 | softDice: 0.4591 | clDice: 0.5338 | softclDice: 0.4782 | IoU: 0.3185 | Tversky: 0.4817 | Hausdorff: 229.0456 | HD95: 41.5605 | val_loss: 0.6406 | LR: 0.000125
2025-08-21 06:51:06 INFO Epoch 048 | Train Loss: 0.6396 | Val Loss: 0.6317 | Dice: 0.4913 | softDice: 0.4656 | clDice: 0.5468 | softclDice: 0.4668 | IoU: 0.3268 | Tversky: 0.4913 | Hausdorff: 224.4607 | HD95: 36.3575 | val_loss: 0.6317 | LR: 0.000125
2025-08-21 06:53:01 INFO Epoch 049 | Train Loss: 0.6389 | Val Loss: 0.6323 | Dice: 0.4892 | softDice: 0.4656 | clDice: 0.5428 | softclDice: 0.4702 | IoU: 0.3250 | Tversky: 0.4892 | Hausdorff: 230.4556 | HD95: 38.5565 | val_loss: 0.6323 | LR: 0.000125
2025-08-21 06:54:51 INFO Epoch 050 | Train Loss: 0.6369 | Val Loss: 0.6350 | Dice: 0.4885 | softDice: 0.4649 | clDice: 0.5430 | softclDice: 0.4697 | IoU: 0.3243 | Tversky: 0.4885 | Hausdorff: 220.6392 | HD95: 35.8559 | val_loss: 0.6350 | LR: 0.000125
2025-08-21 06:56:47 INFO Epoch 051 | Train Loss: 0.6375 | Val Loss: 0.6391 | Dice: 0.4842 | softDice: 0.4601 | clDice: 0.5367 | softclDice: 0.4780 | IoU: 0.3206 | Tversky: 0.4842 | Hausdorff: 224.5782 | HD95: 36.8863 | val_loss: 0.6391 | LR: 0.000125
2025-08-21 06:58:41 INFO Epoch 052 | Train Loss: 0.6346 | Val Loss: 0.6343 | Dice: 0.4874 | softDice: 0.4635 | clDice: 0.5408 | softclDice: 0.4724 | IoU: 0.3234 | Tversky: 0.4874 | Hausdorff: 226.1412 | HD95: 37.5488 | val_loss: 0.6343 | LR: 0.000125
2025-08-21 07:00:29 INFO Epoch 053 | Train Loss: 0.6343 | Val Loss: 0.6342 | Dice: 0.4917 | softDice: 0.4671 | clDice: 0.5460 | softclDice: 0.4664 | IoU: 0.3270 | Tversky: 0.4917 | Hausdorff: 244.2235 | HD95: 34.6709 | val_loss: 0.6342 | LR: 0.000063
2025-08-21 07:02:44 INFO Early stopping at epoch 54 | Best Dice: 0.4984 at epoch 2
2025-08-21 07:03:31 INFO Fold 3 results: Dice: 0.4966 | softDice: 0.4646 | clDice: 0.5666 | softclDice: 0.4515 | IoU: 0.3311 | Tversky: 0.4966 | Hausdorff: 300.5947 | HD95: 35.2630 | val_loss: 0.6394
2025-08-21 07:03:31 INFO ===== Fold 4 / 5 =====
2025-08-21 07:03:31 INFO Loading model unet with settings {'name': 'unet', 'encoder_name': 'se_resnext50_32x4d', 'encoder_weights': 'imagenet', 'classes': 1, 'activation': None, 'dropout': 0.2}
2025-08-21 07:05:52 INFO Epoch 001 | Train Loss: 1.0663 | Val Loss: nan | Dice: 0.4268 | softDice: 0.2475 | clDice: 0.4763 | softclDice: 0.8110 | IoU: 0.2713 | Tversky: 0.4268 | Hausdorff: 507.0431 | HD95: 72.8656 | val_loss: nan | LR: 0.001000
2025-08-21 07:08:12 INFO Epoch 002 | Train Loss: 0.8146 | Val Loss: nan | Dice: 0.4493 | softDice: 0.3777 | clDice: 0.5059 | softclDice: 0.5965 | IoU: 0.2900 | Tversky: 0.4493 | Hausdorff: 464.4167 | HD95: 55.6067 | val_loss: nan | LR: 0.001000
2025-08-21 07:10:35 INFO Epoch 003 | Train Loss: 0.7308 | Val Loss: nan | Dice: 0.4655 | softDice: 0.4190 | clDice: 0.5172 | softclDice: 0.5334 | IoU: 0.3035 | Tversky: 0.4655 | Hausdorff: 413.0668 | HD95: 53.6274 | val_loss: nan | LR: 0.001000
2025-08-21 07:13:08 INFO Epoch 004 | Train Loss: 0.7042 | Val Loss: 0.6782 | Dice: 0.4597 | softDice: 0.4283 | clDice: 0.5109 | softclDice: 0.5127 | IoU: 0.2986 | Tversky: 0.4597 | Hausdorff: 247.9621 | HD95: 54.3855 | val_loss: 0.6782 | LR: 0.001000
2025-08-21 07:15:30 INFO Epoch 005 | Train Loss: 0.7028 | Val Loss: 0.6599 | Dice: 0.4754 | softDice: 0.4460 | clDice: 0.5325 | softclDice: 0.4908 | IoU: 0.3120 | Tversky: 0.4754 | Hausdorff: 221.8070 | HD95: 41.9295 | val_loss: 0.6599 | LR: 0.001000
2025-08-21 07:18:01 INFO Epoch 006 | Train Loss: 0.6934 | Val Loss: nan | Dice: 0.4732 | softDice: 0.4407 | clDice: 0.5306 | softclDice: 0.4970 | IoU: 0.3102 | Tversky: 0.4732 | Hausdorff: 271.8302 | HD95: 39.4727 | val_loss: nan | LR: 0.001000
2025-08-21 07:20:19 INFO Epoch 007 | Train Loss: 0.6912 | Val Loss: 0.6611 | Dice: 0.4807 | softDice: 0.4514 | clDice: 0.5341 | softclDice: 0.4908 | IoU: 0.3167 | Tversky: 0.4807 | Hausdorff: 274.3497 | HD95: 35.8124 | val_loss: 0.6611 | LR: 0.001000
2025-08-21 07:22:25 INFO Epoch 008 | Train Loss: 0.6833 | Val Loss: nan | Dice: 0.4636 | softDice: 0.4353 | clDice: 0.5088 | softclDice: 0.5072 | IoU: 0.3020 | Tversky: 0.4636 | Hausdorff: 238.4624 | HD95: 57.1350 | val_loss: nan | LR: 0.001000
2025-08-21 07:25:01 INFO Epoch 009 | Train Loss: 0.6757 | Val Loss: 0.6569 | Dice: 0.4743 | softDice: 0.4482 | clDice: 0.5208 | softclDice: 0.4988 | IoU: 0.3111 | Tversky: 0.4743 | Hausdorff: 221.8135 | HD95: 37.3464 | val_loss: 0.6569 | LR: 0.001000
2025-08-21 07:27:29 INFO Epoch 010 | Train Loss: 0.6745 | Val Loss: 0.6452 | Dice: 0.4808 | softDice: 0.4534 | clDice: 0.5302 | softclDice: 0.4863 | IoU: 0.3167 | Tversky: 0.4808 | Hausdorff: 250.3334 | HD95: 44.1124 | val_loss: 0.6452 | LR: 0.001000
2025-08-21 07:29:52 INFO Epoch 011 | Train Loss: 0.6800 | Val Loss: 0.6557 | Dice: 0.4724 | softDice: 0.4468 | clDice: 0.5221 | softclDice: 0.4958 | IoU: 0.3095 | Tversky: 0.4724 | Hausdorff: 228.2870 | HD95: 43.6004 | val_loss: 0.6557 | LR: 0.001000
2025-08-21 07:32:10 INFO Epoch 012 | Train Loss: 0.6730 | Val Loss: 0.6531 | Dice: 0.4798 | softDice: 0.4497 | clDice: 0.5339 | softclDice: 0.4855 | IoU: 0.3158 | Tversky: 0.4798 | Hausdorff: 208.4225 | HD95: 44.0102 | val_loss: 0.6531 | LR: 0.001000
2025-08-21 07:34:08 INFO Epoch 013 | Train Loss: 0.6715 | Val Loss: 0.6437 | Dice: 0.4870 | softDice: 0.4616 | clDice: 0.5425 | softclDice: 0.4757 | IoU: 0.3222 | Tversky: 0.4870 | Hausdorff: 193.8851 | HD95: 38.5784 | val_loss: 0.6437 | LR: 0.001000
2025-08-21 07:36:44 INFO Epoch 014 | Train Loss: 0.6710 | Val Loss: 0.6608 | Dice: 0.4835 | softDice: 0.4510 | clDice: 0.5351 | softclDice: 0.4871 | IoU: 0.3191 | Tversky: 0.4835 | Hausdorff: 213.0552 | HD95: 35.9341 | val_loss: 0.6608 | LR: 0.001000
2025-08-21 07:39:09 INFO Epoch 015 | Train Loss: 0.6724 | Val Loss: 0.6428 | Dice: 0.4881 | softDice: 0.4614 | clDice: 0.5452 | softclDice: 0.4712 | IoU: 0.3230 | Tversky: 0.4881 | Hausdorff: 203.3526 | HD95: 39.7887 | val_loss: 0.6428 | LR: 0.001000
2025-08-21 07:41:44 INFO Epoch 016 | Train Loss: 0.6683 | Val Loss: 0.6495 | Dice: 0.4701 | softDice: 0.4460 | clDice: 0.5163 | softclDice: 0.4975 | IoU: 0.3075 | Tversky: 0.4701 | Hausdorff: 219.7424 | HD95: 57.7399 | val_loss: 0.6495 | LR: 0.001000
2025-08-21 07:44:10 INFO Epoch 017 | Train Loss: 0.6681 | Val Loss: 0.6476 | Dice: 0.4856 | softDice: 0.4588 | clDice: 0.5404 | softclDice: 0.4778 | IoU: 0.3209 | Tversky: 0.4856 | Hausdorff: 193.9300 | HD95: 35.3539 | val_loss: 0.6476 | LR: 0.001000
2025-08-21 07:46:35 INFO Epoch 018 | Train Loss: 0.6643 | Val Loss: 0.6467 | Dice: 0.4865 | softDice: 0.4603 | clDice: 0.5481 | softclDice: 0.4685 | IoU: 0.3217 | Tversky: 0.4865 | Hausdorff: 198.1093 | HD95: 34.3344 | val_loss: 0.6467 | LR: 0.001000
2025-08-21 07:48:59 INFO Epoch 019 | Train Loss: 0.6635 | Val Loss: 0.6380 | Dice: 0.4852 | softDice: 0.4605 | clDice: 0.5392 | softclDice: 0.4725 | IoU: 0.3205 | Tversky: 0.4852 | Hausdorff: 221.8278 | HD95: 48.8959 | val_loss: 0.6380 | LR: 0.001000
2025-08-21 07:51:05 INFO Epoch 020 | Train Loss: 0.6661 | Val Loss: 0.6467 | Dice: 0.4824 | softDice: 0.4560 | clDice: 0.5314 | softclDice: 0.4836 | IoU: 0.3180 | Tversky: 0.4824 | Hausdorff: 207.5030 | HD95: 37.3790 | val_loss: 0.6467 | LR: 0.001000
2025-08-21 07:53:28 INFO Epoch 021 | Train Loss: 0.6632 | Val Loss: 0.6436 | Dice: 0.4842 | softDice: 0.4567 | clDice: 0.5343 | softclDice: 0.4802 | IoU: 0.3197 | Tversky: 0.4842 | Hausdorff: 230.5755 | HD95: 44.0518 | val_loss: 0.6436 | LR: 0.001000
2025-08-21 07:56:00 INFO Epoch 022 | Train Loss: 0.6644 | Val Loss: 0.6456 | Dice: 0.4801 | softDice: 0.4542 | clDice: 0.5279 | softclDice: 0.4862 | IoU: 0.3162 | Tversky: 0.4801 | Hausdorff: 216.5576 | HD95: 37.3569 | val_loss: 0.6456 | LR: 0.001000
2025-08-21 07:58:30 INFO Epoch 023 | Train Loss: 0.6637 | Val Loss: 0.6349 | Dice: 0.4941 | softDice: 0.4710 | clDice: 0.5574 | softclDice: 0.4570 | IoU: 0.3283 | Tversky: 0.4941 | Hausdorff: 216.4160 | HD95: 34.3785 | val_loss: 0.6349 | LR: 0.001000
2025-08-21 08:00:55 INFO Epoch 024 | Train Loss: 0.6613 | Val Loss: 0.6512 | Dice: 0.4708 | softDice: 0.4451 | clDice: 0.5127 | softclDice: 0.5020 | IoU: 0.3080 | Tversky: 0.4708 | Hausdorff: 246.6789 | HD95: 49.1513 | val_loss: 0.6512 | LR: 0.001000
2025-08-21 08:03:01 INFO Epoch 025 | Train Loss: 0.6596 | Val Loss: 0.6399 | Dice: 0.4849 | softDice: 0.4585 | clDice: 0.5365 | softclDice: 0.4821 | IoU: 0.3203 | Tversky: 0.4849 | Hausdorff: 224.4945 | HD95: 41.0326 | val_loss: 0.6399 | LR: 0.001000
2025-08-21 08:05:34 INFO Epoch 026 | Train Loss: 0.6606 | Val Loss: 0.6437 | Dice: 0.4812 | softDice: 0.4523 | clDice: 0.5294 | softclDice: 0.4873 | IoU: 0.3171 | Tversky: 0.4812 | Hausdorff: 226.7556 | HD95: 37.6802 | val_loss: 0.6437 | LR: 0.001000
2025-08-21 08:08:00 INFO Epoch 027 | Train Loss: 0.6604 | Val Loss: 0.6662 | Dice: 0.4832 | softDice: 0.4522 | clDice: 0.5448 | softclDice: 0.4818 | IoU: 0.3189 | Tversky: 0.4832 | Hausdorff: 217.8618 | HD95: 38.2782 | val_loss: 0.6662 | LR: 0.001000
2025-08-21 08:10:15 INFO Epoch 028 | Train Loss: 0.6584 | Val Loss: 0.6446 | Dice: 0.4877 | softDice: 0.4621 | clDice: 0.5427 | softclDice: 0.4732 | IoU: 0.3228 | Tversky: 0.4877 | Hausdorff: 210.7407 | HD95: 32.3160 | val_loss: 0.6446 | LR: 0.001000
2025-08-21 08:12:27 INFO Epoch 029 | Train Loss: 0.6587 | Val Loss: 0.6459 | Dice: 0.4862 | softDice: 0.4556 | clDice: 0.5383 | softclDice: 0.4821 | IoU: 0.3214 | Tversky: 0.4862 | Hausdorff: 207.6315 | HD95: 36.6224 | val_loss: 0.6459 | LR: 0.000500
2025-08-21 08:14:59 INFO Epoch 030 | Train Loss: 0.6511 | Val Loss: 0.6392 | Dice: 0.4878 | softDice: 0.4604 | clDice: 0.5418 | softclDice: 0.4727 | IoU: 0.3228 | Tversky: 0.4878 | Hausdorff: 208.6972 | HD95: 34.2911 | val_loss: 0.6392 | LR: 0.000500
2025-08-21 08:17:30 INFO Epoch 031 | Train Loss: 0.6508 | Val Loss: 0.6373 | Dice: 0.4881 | softDice: 0.4623 | clDice: 0.5396 | softclDice: 0.4745 | IoU: 0.3230 | Tversky: 0.4881 | Hausdorff: 224.5577 | HD95: 33.9194 | val_loss: 0.6373 | LR: 0.000500
2025-08-21 08:19:56 INFO Epoch 032 | Train Loss: 0.6452 | Val Loss: 0.6350 | Dice: 0.4935 | softDice: 0.4659 | clDice: 0.5517 | softclDice: 0.4664 | IoU: 0.3279 | Tversky: 0.4935 | Hausdorff: 198.0853 | HD95: 31.8349 | val_loss: 0.6350 | LR: 0.000500
2025-08-21 08:22:19 INFO Epoch 033 | Train Loss: 0.6466 | Val Loss: 0.6388 | Dice: 0.4912 | softDice: 0.4624 | clDice: 0.5456 | softclDice: 0.4726 | IoU: 0.3258 | Tversky: 0.4912 | Hausdorff: 239.1409 | HD95: 32.8196 | val_loss: 0.6388 | LR: 0.000500
2025-08-21 08:24:52 INFO Epoch 034 | Train Loss: 0.6466 | Val Loss: 0.6342 | Dice: 0.4915 | softDice: 0.4651 | clDice: 0.5438 | softclDice: 0.4706 | IoU: 0.3261 | Tversky: 0.4915 | Hausdorff: 196.8546 | HD95: 31.7418 | val_loss: 0.6342 | LR: 0.000500
2025-08-21 08:27:20 INFO Epoch 035 | Train Loss: 0.6448 | Val Loss: 0.6396 | Dice: 0.4878 | softDice: 0.4624 | clDice: 0.5404 | softclDice: 0.4734 | IoU: 0.3228 | Tversky: 0.4878 | Hausdorff: 202.3357 | HD95: 33.5566 | val_loss: 0.6396 | LR: 0.000500
2025-08-21 08:29:47 INFO Epoch 036 | Train Loss: 0.6490 | Val Loss: 0.6437 | Dice: 0.4799 | softDice: 0.4553 | clDice: 0.5269 | softclDice: 0.4883 | IoU: 0.3158 | Tversky: 0.4799 | Hausdorff: 202.4952 | HD95: 40.3467 | val_loss: 0.6437 | LR: 0.000500
2025-08-21 08:32:18 INFO Epoch 037 | Train Loss: 0.6480 | Val Loss: 0.6435 | Dice: 0.4824 | softDice: 0.4566 | clDice: 0.5307 | softclDice: 0.4872 | IoU: 0.3180 | Tversky: 0.4824 | Hausdorff: 252.1446 | HD95: 35.2020 | val_loss: 0.6435 | LR: 0.000500
2025-08-21 08:34:47 INFO Epoch 038 | Train Loss: 0.6402 | Val Loss: 0.6393 | Dice: 0.4861 | softDice: 0.4612 | clDice: 0.5352 | softclDice: 0.4802 | IoU: 0.3213 | Tversky: 0.4861 | Hausdorff: 314.7329 | HD95: 34.0634 | val_loss: 0.6393 | LR: 0.000500
2025-08-21 08:37:10 INFO Epoch 039 | Train Loss: 0.6403 | Val Loss: 0.6400 | Dice: 0.4881 | softDice: 0.4624 | clDice: 0.5404 | softclDice: 0.4747 | IoU: 0.3230 | Tversky: 0.4881 | Hausdorff: 282.6739 | HD95: 34.2572 | val_loss: 0.6400 | LR: 0.000500
2025-08-21 08:39:29 INFO Epoch 040 | Train Loss: 0.6422 | Val Loss: 0.6352 | Dice: 0.4932 | softDice: 0.4681 | clDice: 0.5478 | softclDice: 0.4676 | IoU: 0.3275 | Tversky: 0.4932 | Hausdorff: 218.0643 | HD95: 32.4233 | val_loss: 0.6352 | LR: 0.000250
2025-08-21 08:42:05 INFO Epoch 041 | Train Loss: 0.6424 | Val Loss: 0.6328 | Dice: 0.4936 | softDice: 0.4678 | clDice: 0.5503 | softclDice: 0.4648 | IoU: 0.3279 | Tversky: 0.4936 | Hausdorff: 257.9043 | HD95: 32.6255 | val_loss: 0.6328 | LR: 0.000250
2025-08-21 08:44:28 INFO Epoch 042 | Train Loss: 0.6410 | Val Loss: 0.6372 | Dice: 0.4885 | softDice: 0.4649 | clDice: 0.5384 | softclDice: 0.4741 | IoU: 0.3234 | Tversky: 0.4885 | Hausdorff: 293.8229 | HD95: 33.7054 | val_loss: 0.6372 | LR: 0.000250
2025-08-21 08:46:57 INFO Epoch 043 | Train Loss: 0.6383 | Val Loss: 0.6388 | Dice: 0.4866 | softDice: 0.4624 | clDice: 0.5377 | softclDice: 0.4753 | IoU: 0.3217 | Tversky: 0.4866 | Hausdorff: 213.4746 | HD95: 30.9947 | val_loss: 0.6388 | LR: 0.000250
2025-08-21 08:49:27 INFO Epoch 044 | Train Loss: 0.6336 | Val Loss: 0.6354 | Dice: 0.4911 | softDice: 0.4652 | clDice: 0.5418 | softclDice: 0.4721 | IoU: 0.3257 | Tversky: 0.4911 | Hausdorff: 367.6458 | HD95: 30.7491 | val_loss: 0.6354 | LR: 0.000250
2025-08-21 08:51:55 INFO Epoch 045 | Train Loss: 0.6425 | Val Loss: 0.6411 | Dice: 0.4855 | softDice: 0.4613 | clDice: 0.5347 | softclDice: 0.4768 | IoU: 0.3208 | Tversky: 0.4855 | Hausdorff: 190.4287 | HD95: 30.7401 | val_loss: 0.6411 | LR: 0.000250
2025-08-21 08:54:31 INFO Epoch 046 | Train Loss: 0.6357 | Val Loss: 0.6393 | Dice: 0.4892 | softDice: 0.4669 | clDice: 0.5429 | softclDice: 0.4694 | IoU: 0.3240 | Tversky: 0.4892 | Hausdorff: 191.9321 | HD95: 31.1806 | val_loss: 0.6393 | LR: 0.000250
2025-08-21 08:56:51 INFO Epoch 047 | Train Loss: 0.6334 | Val Loss: 0.6403 | Dice: 0.4877 | softDice: 0.4624 | clDice: 0.5376 | softclDice: 0.4764 | IoU: 0.3227 | Tversky: 0.4877 | Hausdorff: 210.2288 | HD95: 30.1789 | val_loss: 0.6403 | LR: 0.000125
2025-08-21 08:59:19 INFO Epoch 048 | Train Loss: 0.6294 | Val Loss: 0.6423 | Dice: 0.4846 | softDice: 0.4605 | clDice: 0.5346 | softclDice: 0.4787 | IoU: 0.3201 | Tversky: 0.4846 | Hausdorff: 189.8573 | HD95: 31.4046 | val_loss: 0.6423 | LR: 0.000125
2025-08-21 09:01:58 INFO Epoch 049 | Train Loss: 0.6325 | Val Loss: 0.6359 | Dice: 0.4911 | softDice: 0.4657 | clDice: 0.5440 | softclDice: 0.4719 | IoU: 0.3258 | Tversky: 0.4911 | Hausdorff: 190.9273 | HD95: 29.1268 | val_loss: 0.6359 | LR: 0.000125
2025-08-21 09:04:28 INFO Epoch 050 | Train Loss: 0.6293 | Val Loss: 0.6378 | Dice: 0.4924 | softDice: 0.4671 | clDice: 0.5470 | softclDice: 0.4678 | IoU: 0.3269 | Tversky: 0.4924 | Hausdorff: 237.7374 | HD95: 29.2999 | val_loss: 0.6378 | LR: 0.000125
2025-08-21 09:07:07 INFO Epoch 051 | Train Loss: 0.6319 | Val Loss: 0.6372 | Dice: 0.4905 | softDice: 0.4658 | clDice: 0.5424 | softclDice: 0.4720 | IoU: 0.3252 | Tversky: 0.4905 | Hausdorff: 207.0030 | HD95: 29.1560 | val_loss: 0.6372 | LR: 0.000125
2025-08-21 09:09:35 INFO Epoch 052 | Train Loss: 0.6313 | Val Loss: 0.6419 | Dice: 0.4859 | softDice: 0.4618 | clDice: 0.5363 | softclDice: 0.4767 | IoU: 0.3212 | Tversky: 0.4859 | Hausdorff: 191.9484 | HD95: 31.2358 | val_loss: 0.6419 | LR: 0.000125
2025-08-21 09:12:08 INFO Epoch 053 | Train Loss: 0.6289 | Val Loss: 0.6416 | Dice: 0.4858 | softDice: 0.4632 | clDice: 0.5353 | softclDice: 0.4768 | IoU: 0.3210 | Tversky: 0.4858 | Hausdorff: 190.2360 | HD95: 30.5086 | val_loss: 0.6416 | LR: 0.000063
2025-08-21 09:14:40 INFO Epoch 054 | Train Loss: 0.6217 | Val Loss: 0.6410 | Dice: 0.4852 | softDice: 0.4621 | clDice: 0.5336 | softclDice: 0.4795 | IoU: 0.3205 | Tversky: 0.4852 | Hausdorff: 206.1843 | HD95: 32.1954 | val_loss: 0.6410 | LR: 0.000063
2025-08-21 09:16:55 INFO Epoch 055 | Train Loss: 0.6268 | Val Loss: 0.6419 | Dice: 0.4864 | softDice: 0.4630 | clDice: 0.5364 | softclDice: 0.4772 | IoU: 0.3216 | Tversky: 0.4864 | Hausdorff: 199.2425 | HD95: 29.8014 | val_loss: 0.6419 | LR: 0.000063
2025-08-21 09:19:42 INFO Epoch 056 | Train Loss: 0.6239 | Val Loss: 0.6399 | Dice: 0.4880 | softDice: 0.4646 | clDice: 0.5376 | softclDice: 0.4758 | IoU: 0.3230 | Tversky: 0.4880 | Hausdorff: 190.8001 | HD95: 29.1753 | val_loss: 0.6399 | LR: 0.000063
2025-08-21 09:22:07 INFO Epoch 057 | Train Loss: 0.6232 | Val Loss: 0.6398 | Dice: 0.4885 | softDice: 0.4651 | clDice: 0.5390 | softclDice: 0.4744 | IoU: 0.3234 | Tversky: 0.4885 | Hausdorff: 203.8062 | HD95: 29.0949 | val_loss: 0.6398 | LR: 0.000063
2025-08-21 09:24:32 INFO Epoch 058 | Train Loss: 0.6241 | Val Loss: 0.6396 | Dice: 0.4885 | softDice: 0.4648 | clDice: 0.5388 | softclDice: 0.4743 | IoU: 0.3234 | Tversky: 0.4885 | Hausdorff: 200.4550 | HD95: 29.3530 | val_loss: 0.6396 | LR: 0.000063
2025-08-21 09:27:05 INFO Epoch 059 | Train Loss: 0.6266 | Val Loss: 0.6401 | Dice: 0.4868 | softDice: 0.4633 | clDice: 0.5348 | softclDice: 0.4779 | IoU: 0.3219 | Tversky: 0.4868 | Hausdorff: 198.1665 | HD95: 30.3199 | val_loss: 0.6401 | LR: 0.000031
2025-08-21 09:29:35 INFO Early stopping at epoch 60 | Best Dice: 0.4941 at epoch 1
2025-08-21 09:30:24 INFO Fold 4 results: Dice: 0.4941 | softDice: 0.4710 | clDice: 0.5574 | softclDice: 0.4570 | IoU: 0.3283 | Tversky: 0.4941 | Hausdorff: 216.4160 | HD95: 34.3785 | val_loss: 0.6349
2025-08-21 09:30:24 INFO ===== Fold 5 / 5 =====
2025-08-21 09:30:24 INFO Loading model unet with settings {'name': 'unet', 'encoder_name': 'se_resnext50_32x4d', 'encoder_weights': 'imagenet', 'classes': 1, 'activation': None, 'dropout': 0.2}
2025-08-21 09:32:57 INFO Epoch 001 | Train Loss: 1.1102 | Val Loss: 0.9603 | Dice: 0.3903 | softDice: 0.2324 | clDice: 0.4426 | softclDice: 0.7909 | IoU: 0.2429 | Tversky: 0.3903 | Hausdorff: 663.4456 | HD95: 77.8797 | val_loss: 0.9603 | LR: 0.001000
2025-08-21 09:35:18 INFO Epoch 002 | Train Loss: 0.8245 | Val Loss: nan | Dice: 0.4383 | softDice: nan | clDice: 0.5025 | softclDice: nan | IoU: 0.2809 | Tversky: 0.4383 | Hausdorff: 279.2338 | HD95: 55.1308 | val_loss: nan | LR: 0.001000
2025-08-21 09:37:53 INFO Epoch 003 | Train Loss: 0.7370 | Val Loss: 0.6947 | Dice: 0.4464 | softDice: 0.4063 | clDice: 0.4988 | softclDice: 0.5372 | IoU: 0.2875 | Tversky: 0.4464 | Hausdorff: 328.4983 | HD95: 54.8471 | val_loss: 0.6947 | LR: 0.001000
2025-08-21 09:40:23 INFO Epoch 004 | Train Loss: 0.7057 | Val Loss: 0.6729 | Dice: 0.4605 | softDice: 0.4300 | clDice: 0.5208 | softclDice: 0.5085 | IoU: 0.2994 | Tversky: 0.4605 | Hausdorff: 211.3299 | HD95: 47.7963 | val_loss: 0.6729 | LR: 0.001000
2025-08-21 09:42:53 INFO Epoch 005 | Train Loss: 0.7020 | Val Loss: 0.6618 | Dice: 0.4688 | softDice: 0.4361 | clDice: 0.5228 | softclDice: 0.5012 | IoU: 0.3064 | Tversky: 0.4688 | Hausdorff: 207.5166 | HD95: 50.4844 | val_loss: 0.6618 | LR: 0.001000
2025-08-21 09:45:22 INFO Epoch 006 | Train Loss: 0.6916 | Val Loss: 0.6754 | Dice: 0.4614 | softDice: 0.4317 | clDice: 0.5162 | softclDice: 0.5079 | IoU: 0.3002 | Tversky: 0.4614 | Hausdorff: 231.6030 | HD95: 48.3332 | val_loss: 0.6754 | LR: 0.001000
2025-08-21 09:48:04 INFO Epoch 007 | Train Loss: 0.6858 | Val Loss: 0.6670 | Dice: 0.4651 | softDice: 0.4391 | clDice: 0.5229 | softclDice: 0.4976 | IoU: 0.3034 | Tversky: 0.4651 | Hausdorff: 229.9547 | HD95: 46.2532 | val_loss: 0.6670 | LR: 0.001000
2025-08-21 09:50:34 INFO Epoch 008 | Train Loss: 0.6899 | Val Loss: 0.6703 | Dice: 0.4509 | softDice: 0.4217 | clDice: 0.4983 | softclDice: 0.5190 | IoU: 0.2915 | Tversky: 0.4509 | Hausdorff: 221.1835 | HD95: 59.6601 | val_loss: 0.6703 | LR: 0.001000
2025-08-21 09:52:32 INFO Epoch 009 | Train Loss: 0.6802 | Val Loss: 0.6501 | Dice: 0.4775 | softDice: 0.4481 | clDice: 0.5437 | softclDice: 0.4745 | IoU: 0.3139 | Tversky: 0.4775 | Hausdorff: 202.6965 | HD95: 40.5381 | val_loss: 0.6501 | LR: 0.001000
2025-08-21 09:54:26 INFO Epoch 010 | Train Loss: 0.6763 | Val Loss: 0.6456 | Dice: 0.4749 | softDice: 0.4468 | clDice: 0.5291 | softclDice: 0.4913 | IoU: 0.3118 | Tversky: 0.4749 | Hausdorff: 206.2312 | HD95: 47.7334 | val_loss: 0.6456 | LR: 0.001000
2025-08-21 09:56:15 INFO Epoch 011 | Train Loss: 0.6814 | Val Loss: 0.6667 | Dice: 0.4722 | softDice: 0.4432 | clDice: 0.5462 | softclDice: 0.4727 | IoU: 0.3093 | Tversky: 0.4722 | Hausdorff: 215.4586 | HD95: 42.2761 | val_loss: 0.6667 | LR: 0.001000
2025-08-21 09:58:06 INFO Epoch 012 | Train Loss: 0.6783 | Val Loss: 0.6535 | Dice: 0.4641 | softDice: 0.4413 | clDice: 0.5185 | softclDice: 0.4966 | IoU: 0.3025 | Tversky: 0.4641 | Hausdorff: 224.6296 | HD95: 55.1017 | val_loss: 0.6535 | LR: 0.001000
2025-08-21 09:59:51 INFO Epoch 013 | Train Loss: 0.6755 | Val Loss: 0.6542 | Dice: 0.4698 | softDice: 0.4413 | clDice: 0.5271 | softclDice: 0.4877 | IoU: 0.3073 | Tversky: 0.4698 | Hausdorff: 221.6023 | HD95: 51.5699 | val_loss: 0.6542 | LR: 0.001000
2025-08-21 10:01:38 INFO Epoch 014 | Train Loss: 0.6792 | Val Loss: 0.6607 | Dice: 0.4726 | softDice: 0.4449 | clDice: 0.5365 | softclDice: 0.4802 | IoU: 0.3097 | Tversky: 0.4726 | Hausdorff: 207.5763 | HD95: 43.6816 | val_loss: 0.6607 | LR: 0.001000
2025-08-21 10:03:27 INFO Epoch 015 | Train Loss: 0.6750 | Val Loss: 0.6421 | Dice: 0.4772 | softDice: 0.4524 | clDice: 0.5376 | softclDice: 0.4763 | IoU: 0.3137 | Tversky: 0.4772 | Hausdorff: 211.7482 | HD95: 42.7466 | val_loss: 0.6421 | LR: 0.001000
2025-08-21 10:05:14 INFO Epoch 016 | Train Loss: 0.6665 | Val Loss: 0.6525 | Dice: 0.4747 | softDice: 0.4501 | clDice: 0.5358 | softclDice: 0.4781 | IoU: 0.3115 | Tversky: 0.4747 | Hausdorff: 234.5986 | HD95: 41.3835 | val_loss: 0.6525 | LR: 0.001000
2025-08-21 10:07:05 INFO Epoch 017 | Train Loss: 0.6742 | Val Loss: 0.6438 | Dice: 0.4728 | softDice: 0.4479 | clDice: 0.5273 | softclDice: 0.4838 | IoU: 0.3099 | Tversky: 0.4728 | Hausdorff: 215.2406 | HD95: 41.8221 | val_loss: 0.6438 | LR: 0.001000
2025-08-21 10:08:54 INFO Epoch 018 | Train Loss: 0.6701 | Val Loss: 0.6400 | Dice: 0.4759 | softDice: 0.4480 | clDice: 0.5300 | softclDice: 0.4853 | IoU: 0.3125 | Tversky: 0.4759 | Hausdorff: 229.2890 | HD95: 50.5772 | val_loss: 0.6400 | LR: 0.001000
2025-08-21 10:10:44 INFO Epoch 019 | Train Loss: 0.6694 | Val Loss: 0.6599 | Dice: 0.4570 | softDice: 0.4330 | clDice: 0.5023 | softclDice: 0.5168 | IoU: 0.2965 | Tversky: 0.4570 | Hausdorff: 225.6074 | HD95: 50.0498 | val_loss: 0.6599 | LR: 0.001000
2025-08-21 10:12:33 INFO Epoch 020 | Train Loss: 0.6633 | Val Loss: 0.6545 | Dice: 0.4740 | softDice: 0.4521 | clDice: 0.5372 | softclDice: 0.4749 | IoU: 0.3110 | Tversky: 0.4740 | Hausdorff: 206.0262 | HD95: 44.0349 | val_loss: 0.6545 | LR: 0.001000
2025-08-21 10:14:20 INFO Epoch 021 | Train Loss: 0.6690 | Val Loss: 0.6513 | Dice: 0.4693 | softDice: 0.4475 | clDice: 0.5244 | softclDice: 0.4886 | IoU: 0.3070 | Tversky: 0.4693 | Hausdorff: 206.9316 | HD95: 42.0221 | val_loss: 0.6513 | LR: 0.001000
2025-08-21 10:16:11 INFO Epoch 022 | Train Loss: 0.6752 | Val Loss: 0.6638 | Dice: 0.4671 | softDice: 0.4392 | clDice: 0.5205 | softclDice: 0.4992 | IoU: 0.3051 | Tversky: 0.4671 | Hausdorff: 216.6496 | HD95: 39.6184 | val_loss: 0.6638 | LR: 0.001000
2025-08-21 10:17:55 INFO Epoch 023 | Train Loss: 0.6653 | Val Loss: 0.6404 | Dice: 0.4795 | softDice: 0.4540 | clDice: 0.5394 | softclDice: 0.4733 | IoU: 0.3157 | Tversky: 0.4795 | Hausdorff: 209.9754 | HD95: 48.6030 | val_loss: 0.6404 | LR: 0.001000
2025-08-21 10:19:40 INFO Epoch 024 | Train Loss: 0.6647 | Val Loss: 0.6462 | Dice: 0.4743 | softDice: 0.4491 | clDice: 0.5341 | softclDice: 0.4795 | IoU: 0.3113 | Tversky: 0.4743 | Hausdorff: 214.0685 | HD95: 40.2518 | val_loss: 0.6462 | LR: 0.000500
2025-08-21 10:21:31 INFO Epoch 025 | Train Loss: 0.6577 | Val Loss: 0.6361 | Dice: 0.4834 | softDice: 0.4568 | clDice: 0.5417 | softclDice: 0.4729 | IoU: 0.3191 | Tversky: 0.4834 | Hausdorff: 220.1248 | HD95: 39.6968 | val_loss: 0.6361 | LR: 0.000500
2025-08-21 10:23:17 INFO Epoch 026 | Train Loss: 0.6561 | Val Loss: 0.6356 | Dice: 0.4778 | softDice: 0.4530 | clDice: 0.5325 | softclDice: 0.4807 | IoU: 0.3142 | Tversky: 0.4778 | Hausdorff: 219.3693 | HD95: 44.9712 | val_loss: 0.6356 | LR: 0.000500
2025-08-21 10:25:12 INFO Epoch 027 | Train Loss: 0.6601 | Val Loss: 0.6291 | Dice: 0.4891 | softDice: 0.4596 | clDice: 0.5493 | softclDice: 0.4695 | IoU: 0.3240 | Tversky: 0.4891 | Hausdorff: 205.2730 | HD95: 41.1007 | val_loss: 0.6291 | LR: 0.000500
2025-08-21 10:27:00 INFO Epoch 028 | Train Loss: 0.6553 | Val Loss: 0.6361 | Dice: 0.4816 | softDice: 0.4562 | clDice: 0.5362 | softclDice: 0.4780 | IoU: 0.3175 | Tversky: 0.4816 | Hausdorff: 205.6989 | HD95: 39.7412 | val_loss: 0.6361 | LR: 0.000500
2025-08-21 10:28:46 INFO Epoch 029 | Train Loss: 0.6521 | Val Loss: 0.6383 | Dice: 0.4776 | softDice: 0.4504 | clDice: 0.5294 | softclDice: 0.4892 | IoU: 0.3141 | Tversky: 0.4776 | Hausdorff: 208.2698 | HD95: 38.9600 | val_loss: 0.6383 | LR: 0.000500
2025-08-21 10:30:41 INFO Epoch 030 | Train Loss: 0.6465 | Val Loss: 0.6316 | Dice: 0.4867 | softDice: 0.4636 | clDice: 0.5424 | softclDice: 0.4716 | IoU: 0.3219 | Tversky: 0.4867 | Hausdorff: 203.2088 | HD95: 39.7102 | val_loss: 0.6316 | LR: 0.000500
2025-08-21 10:32:26 INFO Epoch 031 | Train Loss: 0.6504 | Val Loss: 0.6344 | Dice: 0.4830 | softDice: 0.4582 | clDice: 0.5407 | softclDice: 0.4714 | IoU: 0.3188 | Tversky: 0.4830 | Hausdorff: 223.3982 | HD95: 41.8016 | val_loss: 0.6344 | LR: 0.000500
2025-08-21 10:34:18 INFO Epoch 032 | Train Loss: 0.6501 | Val Loss: 0.6357 | Dice: 0.4847 | softDice: 0.4576 | clDice: 0.5433 | softclDice: 0.4731 | IoU: 0.3203 | Tversky: 0.4847 | Hausdorff: 201.5375 | HD95: 37.5399 | val_loss: 0.6357 | LR: 0.000500
2025-08-21 10:36:05 INFO Epoch 033 | Train Loss: 0.6495 | Val Loss: 0.6337 | Dice: 0.4791 | softDice: 0.4546 | clDice: 0.5357 | softclDice: 0.4772 | IoU: 0.3153 | Tversky: 0.4791 | Hausdorff: 213.0010 | HD95: 49.9981 | val_loss: 0.6337 | LR: 0.000250
2025-08-21 10:37:51 INFO Epoch 034 | Train Loss: 0.6441 | Val Loss: 0.6324 | Dice: 0.4825 | softDice: 0.4587 | clDice: 0.5394 | softclDice: 0.4755 | IoU: 0.3183 | Tversky: 0.4825 | Hausdorff: 205.0872 | HD95: 41.9061 | val_loss: 0.6324 | LR: 0.000250
2025-08-21 10:39:40 INFO Epoch 035 | Train Loss: 0.6409 | Val Loss: 0.6311 | Dice: 0.4857 | softDice: 0.4624 | clDice: 0.5408 | softclDice: 0.4738 | IoU: 0.3211 | Tversky: 0.4857 | Hausdorff: 207.6444 | HD95: 37.1936 | val_loss: 0.6311 | LR: 0.000250
2025-08-21 10:41:29 INFO Epoch 036 | Train Loss: 0.6488 | Val Loss: 0.6328 | Dice: 0.4811 | softDice: 0.4571 | clDice: 0.5344 | softclDice: 0.4809 | IoU: 0.3172 | Tversky: 0.4811 | Hausdorff: 205.7462 | HD95: 40.9367 | val_loss: 0.6328 | LR: 0.000250
2025-08-21 10:43:17 INFO Epoch 037 | Train Loss: 0.6405 | Val Loss: 0.6337 | Dice: 0.4834 | softDice: 0.4607 | clDice: 0.5383 | softclDice: 0.4760 | IoU: 0.3192 | Tversky: 0.4834 | Hausdorff: 205.0268 | HD95: 38.2275 | val_loss: 0.6337 | LR: 0.000250
2025-08-21 10:45:04 INFO Epoch 038 | Train Loss: 0.6477 | Val Loss: 0.6345 | Dice: 0.4820 | softDice: 0.4578 | clDice: 0.5369 | softclDice: 0.4789 | IoU: 0.3180 | Tversky: 0.4820 | Hausdorff: 207.7528 | HD95: 39.1368 | val_loss: 0.6345 | LR: 0.000250
2025-08-21 10:46:51 INFO Epoch 039 | Train Loss: 0.6427 | Val Loss: 0.6300 | Dice: 0.4849 | softDice: 0.4612 | clDice: 0.5436 | softclDice: 0.4700 | IoU: 0.3204 | Tversky: 0.4849 | Hausdorff: 230.5665 | HD95: 43.2633 | val_loss: 0.6300 | LR: 0.000125
2025-08-21 10:48:45 INFO Epoch 040 | Train Loss: 0.6353 | Val Loss: 0.6283 | Dice: 0.4880 | softDice: 0.4631 | clDice: 0.5459 | softclDice: 0.4701 | IoU: 0.3231 | Tversky: 0.4880 | Hausdorff: 202.6594 | HD95: 38.6424 | val_loss: 0.6283 | LR: 0.000125
2025-08-21 10:50:30 INFO Epoch 041 | Train Loss: 0.6391 | Val Loss: 0.6297 | Dice: 0.4846 | softDice: 0.4611 | clDice: 0.5401 | softclDice: 0.4742 | IoU: 0.3202 | Tversky: 0.4846 | Hausdorff: 202.6559 | HD95: 39.8488 | val_loss: 0.6297 | LR: 0.000125
2025-08-21 10:52:22 INFO Epoch 042 | Train Loss: 0.6368 | Val Loss: 0.6268 | Dice: 0.4893 | softDice: 0.4659 | clDice: 0.5487 | softclDice: 0.4653 | IoU: 0.3243 | Tversky: 0.4893 | Hausdorff: 204.2916 | HD95: 35.9831 | val_loss: 0.6268 | LR: 0.000125
2025-08-21 10:54:09 INFO Epoch 043 | Train Loss: 0.6364 | Val Loss: 0.6272 | Dice: 0.4869 | softDice: 0.4634 | clDice: 0.5426 | softclDice: 0.4712 | IoU: 0.3221 | Tversky: 0.4869 | Hausdorff: 221.0732 | HD95: 39.0007 | val_loss: 0.6272 | LR: 0.000125
2025-08-21 10:55:59 INFO Epoch 044 | Train Loss: 0.6384 | Val Loss: 0.6301 | Dice: 0.4865 | softDice: 0.4613 | clDice: 0.5429 | softclDice: 0.4734 | IoU: 0.3218 | Tversky: 0.4865 | Hausdorff: 209.1603 | HD95: 36.9547 | val_loss: 0.6301 | LR: 0.000125
2025-08-21 10:57:52 INFO Epoch 045 | Train Loss: 0.6394 | Val Loss: 0.6226 | Dice: 0.4918 | softDice: 0.4670 | clDice: 0.5514 | softclDice: 0.4647 | IoU: 0.3265 | Tversky: 0.4918 | Hausdorff: 214.6490 | HD95: 37.6252 | val_loss: 0.6226 | LR: 0.000125
2025-08-21 10:59:37 INFO Epoch 046 | Train Loss: 0.6309 | Val Loss: 0.6339 | Dice: 0.4834 | softDice: 0.4596 | clDice: 0.5387 | softclDice: 0.4761 | IoU: 0.3191 | Tversky: 0.4834 | Hausdorff: 202.4924 | HD95: 37.4622 | val_loss: 0.6339 | LR: 0.000125
2025-08-21 11:01:25 INFO Epoch 047 | Train Loss: 0.6343 | Val Loss: 0.6320 | Dice: 0.4863 | softDice: 0.4618 | clDice: 0.5445 | softclDice: 0.4711 | IoU: 0.3216 | Tversky: 0.4863 | Hausdorff: 207.6675 | HD95: 36.9139 | val_loss: 0.6320 | LR: 0.000125
2025-08-21 11:03:14 INFO Epoch 048 | Train Loss: 0.6395 | Val Loss: 0.6303 | Dice: 0.4854 | softDice: 0.4606 | clDice: 0.5430 | softclDice: 0.4728 | IoU: 0.3209 | Tversky: 0.4854 | Hausdorff: 204.1184 | HD95: 39.0362 | val_loss: 0.6303 | LR: 0.000125
2025-08-21 11:05:02 INFO Epoch 049 | Train Loss: 0.6311 | Val Loss: 0.6257 | Dice: 0.4910 | softDice: 0.4659 | clDice: 0.5516 | softclDice: 0.4654 | IoU: 0.3257 | Tversky: 0.4910 | Hausdorff: 206.6260 | HD95: 37.1168 | val_loss: 0.6257 | LR: 0.000125
2025-08-21 11:06:57 INFO Epoch 050 | Train Loss: 0.6326 | Val Loss: 0.6368 | Dice: 0.4813 | softDice: 0.4577 | clDice: 0.5350 | softclDice: 0.4792 | IoU: 0.3174 | Tversky: 0.4813 | Hausdorff: 201.6118 | HD95: 37.5276 | val_loss: 0.6368 | LR: 0.000125
2025-08-21 11:08:46 INFO Epoch 051 | Train Loss: 0.6298 | Val Loss: 0.6317 | Dice: 0.4869 | softDice: 0.4624 | clDice: 0.5434 | softclDice: 0.4723 | IoU: 0.3222 | Tversky: 0.4869 | Hausdorff: 209.0148 | HD95: 34.3330 | val_loss: 0.6317 | LR: 0.000063
2025-08-21 11:10:34 INFO Epoch 052 | Train Loss: 0.6317 | Val Loss: 0.6306 | Dice: 0.4849 | softDice: 0.4616 | clDice: 0.5392 | softclDice: 0.4745 | IoU: 0.3204 | Tversky: 0.4849 | Hausdorff: 224.1685 | HD95: 38.7966 | val_loss: 0.6306 | LR: 0.000063
2025-08-21 11:12:23 INFO Epoch 053 | Train Loss: 0.6333 | Val Loss: 0.6336 | Dice: 0.4836 | softDice: 0.4592 | clDice: 0.5379 | softclDice: 0.4765 | IoU: 0.3193 | Tversky: 0.4836 | Hausdorff: 199.4523 | HD95: 38.8797 | val_loss: 0.6336 | LR: 0.000063
2025-08-21 11:14:08 INFO Epoch 054 | Train Loss: 0.6323 | Val Loss: 0.6297 | Dice: 0.4874 | softDice: 0.4632 | clDice: 0.5430 | softclDice: 0.4714 | IoU: 0.3226 | Tversky: 0.4874 | Hausdorff: 208.9008 | HD95: 38.0194 | val_loss: 0.6297 | LR: 0.000063
2025-08-21 11:15:59 INFO Epoch 055 | Train Loss: 0.6338 | Val Loss: 0.6312 | Dice: 0.4853 | softDice: 0.4617 | clDice: 0.5394 | softclDice: 0.4749 | IoU: 0.3208 | Tversky: 0.4853 | Hausdorff: 220.0816 | HD95: 37.2976 | val_loss: 0.6312 | LR: 0.000063
2025-08-21 11:17:49 INFO Epoch 056 | Train Loss: 0.6337 | Val Loss: 0.6280 | Dice: 0.4880 | softDice: 0.4637 | clDice: 0.5451 | softclDice: 0.4703 | IoU: 0.3232 | Tversky: 0.4880 | Hausdorff: 209.9040 | HD95: 37.2234 | val_loss: 0.6280 | LR: 0.000063
2025-08-21 11:19:36 INFO Epoch 057 | Train Loss: 0.6296 | Val Loss: 0.6318 | Dice: 0.4844 | softDice: 0.4602 | clDice: 0.5385 | softclDice: 0.4771 | IoU: 0.3200 | Tversky: 0.4844 | Hausdorff: 207.0475 | HD95: 38.6804 | val_loss: 0.6318 | LR: 0.000031
2025-08-21 11:21:26 INFO Epoch 058 | Train Loss: 0.6249 | Val Loss: 0.6284 | Dice: 0.4871 | softDice: 0.4640 | clDice: 0.5420 | softclDice: 0.4722 | IoU: 0.3224 | Tversky: 0.4871 | Hausdorff: 207.0379 | HD95: 37.0978 | val_loss: 0.6284 | LR: 0.000031
2025-08-21 11:23:11 INFO Epoch 059 | Train Loss: 0.6313 | Val Loss: 0.6286 | Dice: 0.4869 | softDice: 0.4627 | clDice: 0.5420 | softclDice: 0.4731 | IoU: 0.3222 | Tversky: 0.4869 | Hausdorff: 211.0073 | HD95: 36.1127 | val_loss: 0.6286 | LR: 0.000031
2025-08-21 11:25:02 INFO Epoch 060 | Train Loss: 0.6280 | Val Loss: 0.6313 | Dice: 0.4850 | softDice: 0.4613 | clDice: 0.5392 | softclDice: 0.4752 | IoU: 0.3206 | Tversky: 0.4850 | Hausdorff: 207.5889 | HD95: 36.4144 | val_loss: 0.6313 | LR: 0.000031
2025-08-21 11:26:52 INFO Epoch 061 | Train Loss: 0.6288 | Val Loss: 0.6279 | Dice: 0.4878 | softDice: 0.4641 | clDice: 0.5439 | softclDice: 0.4709 | IoU: 0.3229 | Tversky: 0.4878 | Hausdorff: 207.8813 | HD95: 37.4658 | val_loss: 0.6279 | LR: 0.000031
2025-08-21 11:28:38 INFO Epoch 062 | Train Loss: 0.6298 | Val Loss: 0.6287 | Dice: 0.4878 | softDice: 0.4633 | clDice: 0.5445 | softclDice: 0.4712 | IoU: 0.3229 | Tversky: 0.4878 | Hausdorff: 207.1484 | HD95: 36.1149 | val_loss: 0.6287 | LR: 0.000031
2025-08-21 11:30:28 INFO Epoch 063 | Train Loss: 0.6254 | Val Loss: 0.6294 | Dice: 0.4855 | softDice: 0.4623 | clDice: 0.5400 | softclDice: 0.4744 | IoU: 0.3210 | Tversky: 0.4855 | Hausdorff: 222.9399 | HD95: 38.0576 | val_loss: 0.6294 | LR: 0.000016
2025-08-21 11:32:16 INFO Epoch 064 | Train Loss: 0.6304 | Val Loss: 0.6294 | Dice: 0.4879 | softDice: 0.4635 | clDice: 0.5440 | softclDice: 0.4717 | IoU: 0.3231 | Tversky: 0.4879 | Hausdorff: 219.5253 | HD95: 34.6160 | val_loss: 0.6294 | LR: 0.000016
2025-08-21 11:34:11 INFO Early stopping at epoch 65 | Best Dice: 0.4918 at epoch 1
2025-08-21 11:34:58 INFO Fold 5 results: Dice: 0.4918 | softDice: 0.4670 | clDice: 0.5514 | softclDice: 0.4647 | IoU: 0.3265 | Tversky: 0.4918 | Hausdorff: 214.6490 | HD95: 37.6252 | val_loss: 0.6226
2025-08-21 11:34:58 INFO ===== Cross-validation results =====
2025-08-21 11:34:58 INFO Dice: 0.4922 | softDice: 0.4660 | clDice: 0.5528 | softclDice: 0.4645 | IoU: 0.3269 | Tversky: 0.4922 | Hausdorff: 247.7653 | HD95: 34.3446 | val_loss: 0.6325
